2022-10-24 11:26:47.026 | INFO     | sc2.protocol:_execute:72 - Client status changed to Status.launched (was None)
2022-10-24 11:26:47.028 | INFO     | sc2.controller:create_game:37 - Creating new game
2022-10-24 11:26:47.030 | INFO     | sc2.controller:create_game:38 - Map:     LightshadeAIE
2022-10-24 11:26:47.031 | INFO     | sc2.controller:create_game:39 - Players: Bot Turtles(Terran), Computer VeryHard(Random, RandomBuild)
2022-10-24 11:26:47.033 | INFO     | sc2.protocol:_execute:72 - Client status changed to Status.init_game (was Status.launched)
2022-10-24 11:26:54.596 | INFO     | sc2.protocol:_execute:72 - Client status changed to Status.in_game (was None)
2022-10-24 11:26:54.599 | INFO     | sc2.main:_play_game:221 - Player 1 - Bot Turtles(Terran)
2022-10-24 11:26:55.429 | 00:00    0ms    0M    0G  12/ 15U [Version] 5.0.10.88500
2022-10-24 11:26:55.430 | 00:00    0ms    0M    0G  12/ 15U [Version] 5.0.6 Balance mod recognized.
2022-10-24 11:26:55.507 | 00:00    0ms    0M    0G  12/ 15U [ZoneManager] Map set to: MapName.Lightshade from name: Lightshade AIE and hash: 3553876.
2022-10-24 11:26:56.144 | [Start] My race: Terran
2022-10-24 11:26:56.145 | [Start] Opponent race: Random
2022-10-24 11:26:56.146 | [Start] OpponentId: None
2022-10-24 11:26:56.361 | 00:00    5ms    0M    0G  13/ 15U [GameAnalyzer] Income advantage is now SlightDisadvantage
2022-10-24 11:26:56.445 | 00:01    7ms    0M    0G  13/ 15U [GameAnalyzer] Income advantage is now Even
2022-10-24 11:26:56.502 | 00:01    7ms    0M    0G  13/ 15U [GameAnalyzer] Income advantage is now SlightDisadvantage
2022-10-24 11:26:56.519 | 00:01    7ms    0M    0G  13/ 15U [GameAnalyzer] Income advantage is now Even
2022-10-24 11:26:57.573 | 00:12    6ms   60M    0G  13/ 15U [ActUnit] SCV from COMMANDCENTER at (143.5, 32.5)
2022-10-24 11:26:58.907 | 00:24    7ms   65M    0G  14/ 15U [ActUnit] SCV from COMMANDCENTER at (143.5, 32.5)
2022-10-24 11:27:01.023 | 00:42    6ms  265M    0G  15/ 23U [ActUnit] SCV from COMMANDCENTER at (143.5, 32.5)
2022-10-24 11:27:02.627 | 00:54    8ms  125M    0G  16/ 23U [ActUnit] SCV from COMMANDCENTER at (143.5, 32.5)
2022-10-24 11:27:04.289 | 01:06    9ms  235M    0G  17/ 23U [ActUnit] SCV from COMMANDCENTER at (143.5, 32.5)
2022-10-24 11:27:06.363 | 01:18   19ms  400M    0G  18/ 31U [GameAnalyzer] Income advantage is now SlightDisadvantage
2022-10-24 11:27:06.415 | 01:18   25ms  405M    0G  18/ 31U [GameAnalyzer] Income advantage is now SlightAdvantage
2022-10-24 11:27:06.466 | 01:18   19ms  355M    0G  18/ 31U [ActUnit] SCV from COMMANDCENTER at (143.5, 32.5)
2022-10-24 11:27:06.569 | 01:18   24ms  365M    0G  19/ 31U [GameAnalyzer] Income advantage is now SmallAdvantage
2022-10-24 11:27:06.628 | 01:19   21ms  365M    0G  19/ 31U [GameAnalyzer] Income advantage is now SlightAdvantage
2022-10-24 11:27:06.680 | 01:19   22ms  370M    0G  19/ 31U [GameAnalyzer] Income advantage is now Even
2022-10-24 11:27:07.152 | 01:22   11ms  425M    0G  19/ 31U [EnemyArmyPredicter] Predicting negative free minerals for enemy: -300
2022-10-24 11:27:07.668 | 01:26    9ms  470M    0G  19/ 31U [GameAnalyzer] Income advantage is now SlightDisadvantage
2022-10-24 11:27:07.699 | 01:26   12ms  475M    0G  19/ 31U [GameAnalyzer] Income advantage is now Even
2022-10-24 11:27:07.759 | 01:26    9ms  490M    0G  19/ 31U [GameAnalyzer] Income advantage is now SlightDisadvantage
2022-10-24 11:27:07.783 | 01:26   15ms  490M    0G  19/ 31U [GameAnalyzer] Income advantage is now Even
2022-10-24 11:27:07.917 | 01:27    9ms  500M    0G  19/ 31U [GameAnalyzer] Income advantage is now SlightDisadvantage
2022-10-24 11:27:07.918 | 01:27    9ms  500M    0G  19/ 31U [GameAnalyzer] Predicted army advantage is now SlightDisadvantage
2022-10-24 11:27:08.000 | 01:28   10ms  510M    0G  19/ 31U [GameAnalyzer] Income advantage is now Even
2022-10-24 11:27:08.112 | 01:29   10ms  510M    0G  19/ 31U [GameAnalyzer] Income advantage is now SlightDisadvantage
2022-10-24 11:27:08.296 | 01:30   11ms  535M    0G  19/ 31U [GameAnalyzer] Income advantage is now Even
2022-10-24 11:27:08.328 | 01:30   11ms  540M    0G  19/ 31U [GameAnalyzer] Income advantage is now SlightDisadvantage
2022-10-24 11:27:08.385 | 01:30   11ms  495M    0G  19/ 31U [ActUnit] SCV from COMMANDCENTER at (143.5, 32.5)
2022-10-24 11:27:08.411 | 01:30   11ms  495M    0G  20/ 31U [GameAnalyzer] Income advantage is now Even
2022-10-24 11:27:08.506 | 01:31   11ms  500M    0G  20/ 31U [GameAnalyzer] Income advantage is now SlightDisadvantage
2022-10-24 11:27:08.589 | 01:31   10ms  515M    0G  20/ 31U [GameAnalyzer] Income advantage is now Even
2022-10-24 11:27:08.695 | 01:32    9ms  525M    0G  20/ 31U [GameAnalyzer] Income advantage is now SlightDisadvantage
2022-10-24 11:27:08.725 | 01:32   13ms  530M    0G  20/ 31U [GameAnalyzer] Income advantage is now Even
2022-10-24 11:27:08.749 | 01:33   11ms  530M    0G  20/ 31U [GameAnalyzer] Predicted army advantage is now Even
2022-10-24 11:27:08.886 | 01:33   12ms  535M    0G  20/ 31U [GameAnalyzer] Income advantage is now SlightDisadvantage
2022-10-24 11:27:08.943 | 01:34   10ms  550M    0G  20/ 31U [GameAnalyzer] Income advantage is now Even
2022-10-24 11:27:08.974 | 01:34   12ms  550M    0G  20/ 31U [GameAnalyzer] Income advantage is now SlightDisadvantage
2022-10-24 11:27:08.999 | 01:34   11ms  560M    0G  20/ 31U [GameAnalyzer] Income advantage is now Even
2022-10-24 11:27:09.078 | 01:35   10ms  565M    0G  20/ 31U [GameAnalyzer] Income advantage is now SlightDisadvantage
2022-10-24 11:27:09.136 | 01:35   11ms  570M    0G  20/ 31U [GameAnalyzer] Income advantage is now Even
2022-10-24 11:27:09.255 | 01:36    9ms  580M    0G  20/ 31U [GameAnalyzer] Income advantage is now SlightDisadvantage
2022-10-24 11:27:09.353 | 01:36    9ms  600M    0G  20/ 31U [GameAnalyzer] Income advantage is now Even
2022-10-24 11:27:09.669 | 01:38   11ms  620M    0G  20/ 31U [GameAnalyzer] Income advantage is now SlightDisadvantage
2022-10-24 11:27:09.751 | 01:39   11ms  640M    0G  20/ 31U [GameAnalyzer] Income advantage is now Even
2022-10-24 11:27:09.853 | 01:40    9ms  645M    0G  20/ 31U [GameAnalyzer] Income advantage is now SlightDisadvantage
2022-10-24 11:27:09.909 | 01:40   11ms  650M    0G  20/ 31U [GameAnalyzer] Income advantage is now Even
2022-10-24 11:27:09.935 | 01:40   11ms  650M    0G  20/ 31U [GameAnalyzer] Income advantage is now SlightDisadvantage
2022-10-24 11:27:10.136 | 01:41   10ms  675M    0G  20/ 31U [GameAnalyzer] Income advantage is now Even
2022-10-24 11:27:10.308 | 01:42   10ms  685M    0G  20/ 31U [GameAnalyzer] Income advantage is now SlightDisadvantage
2022-10-24 11:27:10.331 | 01:42   13ms  685M    0G  20/ 31U [GameAnalyzer] Income advantage is now Even
2022-10-24 11:27:10.470 | 01:43   10ms  555M    0G  20/ 31U [GameAnalyzer] Predicted army advantage is now SlightDisadvantage
2022-10-24 11:27:10.501 | 01:43   13ms  555M    0G  20/ 31U [GameAnalyzer] Income advantage is now SlightDisadvantage
2022-10-24 11:27:10.549 | 01:43   10ms  560M    0G  20/ 31U [GameAnalyzer] Income advantage is now Even
2022-10-24 11:27:10.640 | INFO     | sc2.protocol:_execute:72 - Client status changed to Status.ended (was Status.in_game)
2022-10-24 11:27:10.643 | Result: Defeat
2022-10-24 11:27:10.643 | Duration: 01:44
2022-10-24 11:27:10.644 | Step time min: 5
2022-10-24 11:27:10.645 | Step time avg: 9
2022-10-24 11:27:10.646 | Step time max: 126
2022-10-24 11:27:10.646 | [LostUnitsContents] My lost units minerals and gas: (0, 0)
2022-10-24 11:27:10.647 | [LostUnitsContents] My lost units minerals by score: 0.0
2022-10-24 11:27:10.647 | [LostUnitsContents] Enemy lost units minerals and gas: (0, 0)
2022-10-24 11:27:10.648 | [LostUnitsContents] Enemy lost units minerals by score: 0.0
2022-10-24 11:27:10.649 | [GameAnalyzerEnd] Own units:
2022-10-24 11:27:10.649 | [GameAnalyzerEnd] SCV               total:  20 alive:  20 dead:   0 
2022-10-24 11:27:10.650 | [GameAnalyzerEnd] SUPPLYDEPOT       total:   2 alive:   2 dead:   0 
2022-10-24 11:27:10.651 | [GameAnalyzerEnd] COMMANDCENTER     total:   1 alive:   1 dead:   0 
2022-10-24 11:27:10.652 | [GameAnalyzerEnd] BARRACKS          total:   1 alive:   1 dead:   0 
2022-10-24 11:27:10.653 | [GameAnalyzerEnd] Enemy units:
2022-10-24 11:27:10.653 | [GameAnalyzerEnd] SCV               total:  19 alive:  19 dead:   0 
2022-10-24 11:27:10.654 | [GameAnalyzerEnd] SUPPLYDEPOT       total:   2 alive:   2 dead:   0 
2022-10-24 11:27:10.655 | [GameAnalyzerEnd] BARRACKS          total:   1 alive:   1 dead:   0 
2022-10-24 11:27:10.655 | [GameAnalyzerEnd] COMMANDCENTER     total:   1 alive:   1 dead:   0 
2022-10-24 11:27:10.659 | [GameAnalyzerEnd] REFINERY          total:   1 alive:   1 dead:   0 
2022-10-24 11:27:10.660 | [GameAnalyzerEnd] Minerals max 700 Average 245
2022-10-24 11:27:10.661 | [GameAnalyzerEnd] Vespene max 0 Average 0
2022-10-24 11:27:10.661 | INFO     | sc2.main:_play_game:228 - Result for player 1 - Bot Turtles(Terran): Defeat
2022-10-24 11:27:11.747 | INFO     | sc2.protocol:__request:48 - Cannot receive: Game has already ended.
2022-10-24 11:27:11.749 | INFO     | sc2.sc2process:_close_connection:231 - Closing connection at 65338...
2022-10-24 11:27:11.751 | INFO     | sc2.sc2process:kill_all:33 - kill_switch: Process cleanup for 1 processes
