2022-11-04 11:34:05.658 | INFO     | sc2.protocol:_execute:72 - Client status changed to Status.launched (was None)
2022-11-04 11:34:05.660 | INFO     | sc2.controller:create_game:37 - Creating new game
2022-11-04 11:34:05.662 | INFO     | sc2.controller:create_game:38 - Map:     2000AtmospheresAIE
2022-11-04 11:34:05.664 | INFO     | sc2.controller:create_game:39 - Players: Bot Turtles(Terran), Computer VeryHard(Random, RandomBuild)
2022-11-04 11:34:09.186 | INFO     | sc2.protocol:_execute:72 - Client status changed to Status.init_game (was Status.launched)
2022-11-04 11:34:23.394 | INFO     | sc2.protocol:_execute:72 - Client status changed to Status.in_game (was None)
2022-11-04 11:34:23.396 | INFO     | sc2.main:_play_game:221 - Player 1 - Bot Turtles(Terran)
2022-11-04 11:34:24.208 | 00:00    0ms    0M    0G  12/ 15U [Version] 5.0.10.88500
2022-11-04 11:34:24.209 | 00:00    0ms    0M    0G  12/ 15U [Version] 5.0.6 Balance mod recognized.
2022-11-04 11:34:24.291 | 00:00    0ms    0M    0G  12/ 15U [ZoneManager] Map set to: MapName.Atmospheres2000 from name: 2000 Atmospheres AIE and hash: 3307847.
2022-11-04 11:34:25.291 | [Start] My race: Terran
2022-11-04 11:34:25.292 | [Start] Opponent race: Random
2022-11-04 11:34:25.293 | [Start] OpponentId: None
2022-11-04 11:34:25.510 | 00:00    9ms    0M    0G  13/ 15U [GameAnalyzer] Income advantage is now SlightDisadvantage
2022-11-04 11:34:25.600 | 00:01    8ms    0M    0G  13/ 15U [GameAnalyzer] Income advantage is now Even
2022-11-04 11:34:26.598 | 00:09    7ms   85M    0G  13/ 15U [GameAnalyzer] Income advantage is now SlightDisadvantage
2022-11-04 11:34:26.616 | 00:09   10ms   90M    0G  13/ 15U [GameAnalyzer] Income advantage is now Even
2022-11-04 11:34:26.843 | 00:11    6ms   10M    0G  13/ 15U [GameAnalyzer] Income advantage is now SlightDisadvantage
2022-11-04 11:34:26.860 | 00:11   10ms   10M    0G  13/ 15U [GameAnalyzer] Income advantage is now Even
2022-11-04 11:34:27.231 | 00:15    6ms    0M    0G  13/ 15U [ActUnit] SCV from COMMANDCENTER at (57.5, 60.5)
2022-11-04 11:34:28.691 | 00:27    7ms  110M    0G  14/ 15U [ActUnit] SCV from COMMANDCENTER at (57.5, 60.5)
2022-11-04 11:34:30.013 | 00:37    7ms    5M    0G  15/ 23U [BuildGas] Building REFINERY to (61.5, 53.5)
2022-11-04 11:34:30.463 | 00:41    7ms    0M    0G  15/ 23U [ActUnit] SCV from COMMANDCENTER at (57.5, 60.5)
2022-11-04 11:34:31.974 | 00:53    9ms   90M    0G  16/ 23U [ActUnit] SCV from COMMANDCENTER at (57.5, 60.5)
2022-11-04 11:34:33.490 | 01:05    7ms  195M    4G  17/ 23U [ActUnit] SCV from COMMANDCENTER at (57.5, 60.5)
2022-11-04 11:34:34.206 | 01:10    7ms  240M   12G  18/ 23U [GameAnalyzer] Income advantage is now SmallDisadvantage
2022-11-04 11:34:34.444 | 01:11   19ms  265M   16G  18/ 23U [GameAnalyzer] Income advantage is now SlightDisadvantage
2022-11-04 11:34:34.648 | 01:11   19ms  270M   16G  18/ 23U [GameAnalyzer] Income advantage is now SmallDisadvantage
2022-11-04 11:34:34.806 | 01:12   20ms  270M   20G  18/ 23U [GameAnalyzer] Income advantage is now SlightDisadvantage
2022-11-04 11:34:34.862 | 01:12   26ms  270M   20G  18/ 23U [GameAnalyzer] Income advantage is now SmallDisadvantage
2022-11-04 11:34:35.023 | 01:13   24ms  280M   20G  18/ 23U [GameAnalyzer] Income advantage is now SlightDisadvantage
2022-11-04 11:34:35.133 | 01:13   19ms  290M   20G  18/ 23U [GameAnalyzer] Income advantage is now SmallDisadvantage
2022-11-04 11:34:35.186 | 01:13   26ms  290M   24G  18/ 23U [GameAnalyzer] Income advantage is now SlightDisadvantage
2022-11-04 11:34:35.296 | 01:13   19ms  295M   24G  18/ 23U [GameAnalyzer] Income advantage is now SmallDisadvantage
2022-11-04 11:34:35.461 | 01:14   20ms  300M   24G  18/ 23U [GameAnalyzer] Income advantage is now SlightDisadvantage
2022-11-04 11:34:35.689 | 01:15   26ms  305M   28G  18/ 23U [GameAnalyzer] Income advantage is now SmallDisadvantage
2022-11-04 11:34:35.749 | 01:15   22ms  305M   28G  18/ 23U [GameAnalyzer] Income advantage is now Even
2022-11-04 11:34:36.033 | 01:16   26ms  325M   28G  18/ 23U [GameAnalyzer] Income advantage is now SlightDisadvantage
2022-11-04 11:34:36.059 | 01:16   11ms  325M   32G  18/ 23U [GameAnalyzer] Income advantage is now SmallDisadvantage
2022-11-04 11:34:36.092 | 01:16   11ms  330M   32G  18/ 23U [GameAnalyzer] Income advantage is now SlightDisadvantage
2022-11-04 11:34:36.237 | 01:17   10ms  335M   32G  18/ 23U [GameAnalyzer] Income advantage is now SmallDisadvantage
2022-11-04 11:34:36.239 | 01:17   10ms  335M   32G  18/ 23U [GameAnalyzer] Predicted army advantage is now SlightDisadvantage
2022-11-04 11:34:36.240 | 01:17   10ms  285M   32G  18/ 23U [ActUnit] SCV from COMMANDCENTER at (57.5, 60.5)
2022-11-04 11:34:36.302 | 01:17   12ms  300M   36G  19/ 23U [GameAnalyzer] Income advantage is now SlightDisadvantage
2022-11-04 11:34:36.417 | 01:18   10ms  305M   36G  19/ 23U [GameAnalyzer] Income advantage is now SmallDisadvantage
2022-11-04 11:34:36.480 | 01:18   12ms  305M   36G  19/ 23U [GameAnalyzer] Income advantage is now SlightDisadvantage
2022-11-04 11:34:36.512 | 01:18   41ms  305M   36G  19/ 23U [GameAnalyzer] Income advantage is now SmallDisadvantage
2022-11-04 11:34:36.537 | 01:19   11ms  310M   36G  19/ 23U [GameAnalyzer] Income advantage is now SlightDisadvantage
2022-11-04 11:34:36.985 | 01:21   11ms  345M   44G  19/ 23U [GameAnalyzer] Income advantage is now SmallDisadvantage
2022-11-04 11:34:37.047 | 01:22   14ms  355M   44G  19/ 23U [GameAnalyzer] Income advantage is now SlightDisadvantage
2022-11-04 11:34:37.076 | 01:22   12ms  355M   48G  19/ 23U [GameAnalyzer] Income advantage is now SmallDisadvantage
2022-11-04 11:34:37.169 | 01:22   10ms  370M   48G  19/ 23U [GameAnalyzer] Income advantage is now SlightDisadvantage
2022-11-04 11:34:37.199 | 01:23   12ms  370M   48G  19/ 23U [GameAnalyzer] Income advantage is now SmallDisadvantage
2022-11-04 11:34:37.318 | 01:23   12ms  175M   48G  19/ 23U [TerranUnit] MARINE from BARRACKS at (63.5, 61.5)
2022-11-04 11:34:37.438 | 01:24   11ms  335M   52G  20/ 23U [GameAnalyzer] Income advantage is now SlightDisadvantage
2022-11-04 11:34:37.558 | 01:25   13ms  340M   52G  20/ 23U [GameAnalyzer] Income advantage is now SmallDisadvantage
2022-11-04 11:34:37.681 | 01:25   11ms  355M   56G  20/ 23U [GameAnalyzer] Income advantage is now SlightDisadvantage
2022-11-04 11:34:37.741 | 01:26   10ms  355M   56G  20/ 23U [GameAnalyzer] Income advantage is now SmallDisadvantage
2022-11-04 11:34:38.008 | 01:27   10ms  390M   60G  20/ 23U [GameAnalyzer] Income advantage is now SlightDisadvantage
2022-11-04 11:34:38.069 | 01:28   13ms  390M   60G  20/ 23U [GameAnalyzer] Income advantage is now SmallDisadvantage
2022-11-04 11:34:38.365 | 01:29   13ms  405M   64G  20/ 23U [GameAnalyzer] Income advantage is now SlightDisadvantage
2022-11-04 11:34:38.396 | 01:29   13ms  255M   68G  20/ 23U [GameAnalyzer] Income advantage is now SmallDisadvantage
2022-11-04 11:34:38.433 | 01:30   13ms  260M   68G  20/ 23U [GameAnalyzer] Income advantage is now SlightDisadvantage
2022-11-04 11:34:38.504 | 01:30   11ms  265M   68G  20/ 23U [GameAnalyzer] Income advantage is now SmallDisadvantage
2022-11-04 11:34:38.606 | 01:30   11ms  275M   68G  20/ 23U [GameAnalyzer] Income advantage is now SlightDisadvantage
2022-11-04 11:34:38.642 | 01:31   12ms  280M   68G  20/ 23U [GameAnalyzer] Income advantage is now SmallDisadvantage
2022-11-04 11:34:39.187 | 01:34   10ms  325M   80G  20/ 23U [GameAnalyzer] Income advantage is now SlightDisadvantage
2022-11-04 11:34:39.245 | 01:34   11ms  325M   80G  20/ 23U [GameAnalyzer] Income advantage is now SmallDisadvantage
2022-11-04 11:34:39.541 | 01:36   12ms  365M   84G  20/ 23U [GameAnalyzer] Income advantage is now SlightDisadvantage
2022-11-04 11:34:39.574 | 01:36   11ms  365M   84G  20/ 23U [GameAnalyzer] Income advantage is now SmallDisadvantage
2022-11-04 11:34:39.713 | 01:37   12ms  380M   88G  20/ 23U [GameAnalyzer] Income advantage is now SlightDisadvantage
2022-11-04 11:34:39.744 | 01:37   11ms  380M   88G  20/ 23U [GameAnalyzer] Income advantage is now SmallDisadvantage
2022-11-04 11:34:39.851 | 01:38   10ms  390M   92G  20/ 23U [GameAnalyzer] Income advantage is now SlightDisadvantage
2022-11-04 11:34:39.882 | 01:38   14ms  390M   92G  20/ 23U [GameAnalyzer] Income advantage is now SmallDisadvantage
2022-11-04 11:34:40.237 | 01:41   11ms  425M   96G  20/ 23U [GameAnalyzer] Income advantage is now SlightDisadvantage
2022-11-04 11:34:40.273 | 01:41   12ms  425M   96G  20/ 23U [GameAnalyzer] Income advantage is now SmallDisadvantage
2022-11-04 11:34:40.338 | 01:41   10ms  430M  100G  20/ 23U [GameAnalyzer] Known army advantage is now SlightAdvantage
2022-11-04 11:34:40.340 | 01:41   10ms  380M   50G  20/ 23U [TerranUnit] REAPER from BARRACKS at (63.5, 61.5)
2022-11-04 11:34:42.054 | 01:52   11ms  450M   78G  21/ 23U [GameAnalyzer] Income advantage is now SlightDisadvantage
2022-11-04 11:34:42.111 | 01:52   11ms  450M   78G  21/ 23U [GameAnalyzer] Income advantage is now SmallDisadvantage
2022-11-04 11:34:42.403 | 01:54   11ms  430M   82G  21/ 23U [ActUnit] SCV from COMMANDCENTER at (57.5, 60.5)
2022-11-04 11:34:42.551 | 01:55   12ms  440M   86G  22/ 23U [GameAnalyzer] Income advantage is now SlightDisadvantage
2022-11-04 11:34:42.916 | 01:57   11ms  470M   94G  22/ 23U [GameAnalyzer] Income advantage is now SmallDisadvantage
2022-11-04 11:34:43.007 | 01:58   11ms  490M   94G  22/ 23U [GameAnalyzer] Income advantage is now SlightDisadvantage
2022-11-04 11:34:43.033 | 01:58   15ms  490M   94G  22/ 23U [GameAnalyzer] Income advantage is now SmallDisadvantage
2022-11-04 11:34:43.178 | 01:59   11ms  500M   98G  22/ 23U [GameAnalyzer] Income advantage is now SlightDisadvantage
2022-11-04 11:34:43.235 | 01:59   11ms  505M   98G  22/ 23U [GameAnalyzer] Income advantage is now SmallDisadvantage
2022-11-04 11:34:43.373 | 02:00   13ms  525M  102G  22/ 23U [GameAnalyzer] Income advantage is now SlightDisadvantage
2022-11-04 11:34:43.399 | 02:00   12ms  525M  102G  22/ 23U [GameAnalyzer] Income advantage is now SmallDisadvantage
2022-11-04 11:34:43.949 | 02:04   11ms  595M  110G  22/ 23U [GameAnalyzer] Income advantage is now SlightDisadvantage
2022-11-04 11:34:44.015 | 02:04   13ms  600M  110G  22/ 23U [GameAnalyzer] Income advantage is now SmallDisadvantage
2022-11-04 11:34:44.160 | 02:05   11ms  620M  114G  22/ 23U [GameAnalyzer] Income advantage is now SlightDisadvantage
2022-11-04 11:34:44.191 | 02:05   14ms  620M  114G  22/ 23U [GameAnalyzer] Income advantage is now SmallDisadvantage
2022-11-04 11:34:44.396 | 02:06   11ms  575M  118G  22/ 23U [ActUnit] SCV from COMMANDCENTER at (57.5, 60.5)
2022-11-04 11:34:44.430 | 02:06   12ms  590M  118G  23/ 23U [GameAnalyzer] Income advantage is now SlightDisadvantage
2022-11-04 11:34:44.565 | 02:07   13ms  600M  118G  23/ 31U [GameAnalyzer] Income advantage is now SmallDisadvantage
2022-11-04 11:34:44.662 | 02:08   14ms  600M  122G  23/ 31U [GameAnalyzer] Income advantage is now SlightDisadvantage
2022-11-04 11:34:44.724 | 02:08   12ms  600M  122G  23/ 31U [GameAnalyzer] Income advantage is now SmallDisadvantage
2022-11-04 11:34:44.760 | 02:08   14ms  610M  122G  23/ 31U [GameAnalyzer] Income advantage is now SlightDisadvantage
2022-11-04 11:34:44.824 | 02:09   12ms  620M  122G  23/ 31U [GameAnalyzer] Income advantage is now SmallDisadvantage
2022-11-04 11:34:44.849 | 02:09   14ms  625M  122G  23/ 31U [GameAnalyzer] Income advantage is now SlightDisadvantage
2022-11-04 11:34:44.880 | 02:09   13ms  625M  122G  23/ 31U [GameAnalyzer] Income advantage is now SmallDisadvantage
2022-11-04 11:34:44.908 | 02:09   13ms  635M  126G  23/ 31U [GameAnalyzer] Income advantage is now SlightDisadvantage
2022-11-04 11:34:44.943 | 02:09   14ms  635M  126G  23/ 31U [GameAnalyzer] Income advantage is now SmallDisadvantage
2022-11-04 11:34:45.005 | 02:10   11ms  640M  126G  23/ 31U [GameAnalyzer] Income advantage is now SlightDisadvantage
2022-11-04 11:34:45.178 | 02:11   12ms  670M  130G  23/ 31U [GameAnalyzer] Income advantage is now SmallDisadvantage
2022-11-04 11:34:45.266 | 02:11   12ms  695M  130G  23/ 31U [GameAnalyzer] Income advantage is now SlightDisadvantage
2022-11-04 11:34:45.322 | 02:12   11ms  695M  130G  23/ 31U [GameAnalyzer] Income advantage is now SmallDisadvantage
2022-11-04 11:34:45.358 | 02:12   13ms  695M  130G  23/ 31U [GameAnalyzer] Income advantage is now SlightDisadvantage
2022-11-04 11:34:45.386 | 02:12   16ms  695M  134G  23/ 31U [GameAnalyzer] Income advantage is now SmallDisadvantage
2022-11-04 11:34:45.475 | 02:13   13ms  695M  134G  23/ 31U [GameAnalyzer] Income advantage is now SlightDisadvantage
2022-11-04 11:34:45.536 | 02:13   11ms  700M  134G  23/ 31U [GameAnalyzer] Income advantage is now SmallDisadvantage
2022-11-04 11:34:45.602 | 02:13   11ms  710M  134G  23/ 31U [BuildAddon] UnitTypeId.BARRACKSREACTOR to (66.0, 61.0)
2022-11-04 11:34:45.641 | 02:13   19ms  670M   88G  23/ 31U [GameAnalyzer] Income advantage is now SlightDisadvantage
2022-11-04 11:34:45.644 | 02:13   19ms  670M   88G  23/ 31U [Expand] Expanding to (79.5, 51.5)
2022-11-04 11:34:45.758 | 02:14   15ms  130M   88G  23/ 31U [GameAnalyzer] Income advantage is now SmallDisadvantage
2022-11-04 11:34:45.891 | 02:15   17ms  135M   88G  23/ 31U [GameAnalyzer] Income advantage is now SlightDisadvantage
2022-11-04 11:34:45.987 | 02:15   17ms  140M   92G  23/ 31U [GameAnalyzer] Income advantage is now SmallDisadvantage
2022-11-04 11:34:46.184 | 02:16   17ms  165M   92G  23/ 31U [GameAnalyzer] Income advantage is now SlightDisadvantage
2022-11-04 11:34:46.288 | 02:17   17ms  165M   96G  23/ 31U [GameAnalyzer] Income advantage is now SmallDisadvantage
2022-11-04 11:34:46.628 | 02:18   17ms   25M    0G  23/ 31U [ActUnit] SCV from COMMANDCENTER at (57.5, 60.5)
2022-11-04 11:34:46.869 | 02:20   15ms   30M    4G  24/ 31U [GameAnalyzer] Income advantage is now SlightDisadvantage
2022-11-04 11:34:47.003 | 02:20   14ms   35M    4G  24/ 31U [GameAnalyzer] Income advantage is now Even
2022-11-04 11:34:47.327 | 02:22   14ms   55M    8G  24/ 31U [GameAnalyzer] Income advantage is now SlightDisadvantage
2022-11-04 11:34:47.362 | 02:22   18ms   55M    8G  24/ 31U [GameAnalyzer] Income advantage is now Even
2022-11-04 11:34:47.502 | 02:23   14ms    0M   12G  24/ 31U [BuildGas] Building REFINERY to (50.5, 63.5)
2022-11-04 11:34:48.937 | 02:31   14ms   70M   32G  24/ 31U [ActUnit] SCV from COMMANDCENTER at (57.5, 60.5)
2022-11-04 11:34:51.249 | 02:43   14ms  255M   64G  25/ 31U [ActUnit] SCV from COMMANDCENTER at (57.5, 60.5)
