2022-10-25 22:11:33.867 | INFO     | sc2.protocol:_execute:72 - Client status changed to Status.launched (was None)
2022-10-25 22:11:33.869 | INFO     | sc2.controller:create_game:37 - Creating new game
2022-10-25 22:11:33.871 | INFO     | sc2.controller:create_game:38 - Map:     StargazersAIE
2022-10-25 22:11:33.872 | INFO     | sc2.controller:create_game:39 - Players: Bot Turtles(Terran), Computer VeryHard(Random, RandomBuild)
2022-10-25 22:11:33.875 | INFO     | sc2.protocol:_execute:72 - Client status changed to Status.init_game (was Status.launched)
2022-10-25 22:11:41.522 | INFO     | sc2.protocol:_execute:72 - Client status changed to Status.in_game (was None)
2022-10-25 22:11:41.524 | INFO     | sc2.main:_play_game:221 - Player 1 - Bot Turtles(Terran)
2022-10-25 22:11:42.113 | 00:00    0ms    0M    0G  12/ 15U [Version] 5.0.10.88500
2022-10-25 22:11:42.114 | 00:00    0ms    0M    0G  12/ 15U [Version] 5.0.6 Balance mod recognized.
2022-10-25 22:11:42.202 | 00:00    0ms    0M    0G  12/ 15U [ZoneManager] Map set to: MapName.Unknown from name: StargazersAIE and hash: 3330616.
2022-10-25 22:11:42.870 | ERROR    | sc2.main:initialize_first_step:140 - Caught unknown exception in AI on_start: 'FiveRax' object has no attribute 'rush_bunker'
Traceback (most recent call last):

  File "C:\Users\sword\OneDrive\Desktop\27turtles\run.py", line 18, in <module>
    main()
    └ <function main at 0x0000020C3AB5C8B0>

  File "C:\Users\sword\OneDrive\Desktop\27turtles\run.py", line 13, in main
    result, opponentid = run_ladder_game(bot)
                         │               └ <sc2.player.Bot object at 0x0000020C3AB80280>
                         └ <function run_ladder_game at 0x0000020C184C9360>

  File "C:\Users\sword\OneDrive\Desktop\27turtles\ladder.py", line 39, in run_ladder_game
    return stand_alone_game(bot), None
           │                └ <sc2.player.Bot object at 0x0000020C3AB80280>
           └ <function stand_alone_game at 0x0000020C384395A0>

  File "C:\Users\sword\OneDrive\Desktop\27turtles\ladder.py", line 169, in stand_alone_game
    return sc2.main.run_game(sc2.maps.get(map_name), [bot, Computer(Race.Random, Difficulty.VeryHard)], realtime=False,)
           │   │    │        │   │    │   │           │    │        │    │       │          └ <Difficulty.VeryHard: 7>
           │   │    │        │   │    │   │           │    │        │    │       └ <enum 'Difficulty'>
           │   │    │        │   │    │   │           │    │        │    └ <Race.Random: 4>
           │   │    │        │   │    │   │           │    │        └ <enum 'Race'>
           │   │    │        │   │    │   │           │    └ <class 'sc2.player.Computer'>
           │   │    │        │   │    │   │           └ <sc2.player.Bot object at 0x0000020C3AB80280>
           │   │    │        │   │    │   └ 'StargazersAIE'
           │   │    │        │   │    └ <function get at 0x0000020C384E84C0>
           │   │    │        │   └ <module 'sc2.maps' from 'C:\\Users\\sword\\OneDrive\\Desktop\\27turtles\\sc2\\maps.py'>
           │   │    │        └ <module 'sc2' from 'C:\\Users\\sword\\OneDrive\\Desktop\\27turtles\\sc2\\__init__.py'>
           │   │    └ <function run_game at 0x0000020C385C8DC0>
           │   └ <module 'sc2.main' from 'C:\\Users\\sword\\OneDrive\\Desktop\\27turtles\\sc2\\main.py'>
           └ <module 'sc2' from 'C:\\Users\\sword\\OneDrive\\Desktop\\27turtles\\sc2\\__init__.py'>

  File "C:\Users\sword\OneDrive\Desktop\27turtles\sc2\main.py", line 496, in run_game
    result: Result = asyncio.run(_host_game(map_settings, players, **kwargs))
                     │       │   │          │             │          └ {'realtime': False}
                     │       │   │          │             └ [<sc2.player.Bot object at 0x0000020C3AB80280>, <sc2.player.Computer object at 0x0000020C3AB80AF0>]
                     │       │   │          └ Map(C:\Program Files (x86)\StarCraft II\maps\StargazersAIE.SC2Map)
                     │       │   └ <function _host_game at 0x0000020C385C89D0>
                     │       └ <function run at 0x0000020C1A17D7E0>
                     └ <module 'asyncio' from 'C:\\Users\\sword\\AppData\\Local\\Programs\\Python\\Python310\\lib\\asyncio\\__init__.py'>

  File "C:\Users\sword\AppData\Local\Programs\Python\Python310\lib\asyncio\runners.py", line 44, in run
    return loop.run_until_complete(main)
           │    │                  └ <coroutine object _host_game at 0x0000020C3AB0F060>
           │    └ <function BaseEventLoop.run_until_complete at 0x0000020C1A17F1C0>
           └ <ProactorEventLoop running=True closed=False debug=False>

  File "C:\Users\sword\AppData\Local\Programs\Python\Python310\lib\asyncio\base_events.py", line 633, in run_until_complete
    self.run_forever()
    │    └ <function ProactorEventLoop.run_forever at 0x0000020C1A22BBE0>
    └ <ProactorEventLoop running=True closed=False debug=False>

  File "C:\Users\sword\AppData\Local\Programs\Python\Python310\lib\asyncio\windows_events.py", line 321, in run_forever
    super().run_forever()

  File "C:\Users\sword\AppData\Local\Programs\Python\Python310\lib\asyncio\base_events.py", line 600, in run_forever
    self._run_once()
    │    └ <function BaseEventLoop._run_once at 0x0000020C1A180CA0>
    └ <ProactorEventLoop running=True closed=False debug=False>

  File "C:\Users\sword\AppData\Local\Programs\Python\Python310\lib\asyncio\base_events.py", line 1896, in _run_once
    handle._run()
    │      └ <function Handle._run at 0x0000020C1A0EC280>
    └ <Handle Task.task_wakeup(<Future finished result=None>)>

  File "C:\Users\sword\AppData\Local\Programs\Python\Python310\lib\asyncio\events.py", line 80, in _run
    self._context.run(self._callback, *self._args)
    │    │            │    │           │    └ <member '_args' of 'Handle' objects>
    │    │            │    │           └ <Handle Task.task_wakeup(<Future finished result=None>)>
    │    │            │    └ <member '_callback' of 'Handle' objects>
    │    │            └ <Handle Task.task_wakeup(<Future finished result=None>)>
    │    └ <member '_context' of 'Handle' objects>
    └ <Handle Task.task_wakeup(<Future finished result=None>)>

  File "C:\Users\sword\OneDrive\Desktop\27turtles\sc2\main.py", line 369, in _host_game
    result = await _play_game(players[0], client, realtime, portconfig, game_time_limit, rgb_render_config)
                   │          │           │       │         │           │                └ None
                   │          │           │       │         │           └ None
                   │          │           │       │         └ None
                   │          │           │       └ False
                   │          │           └ <sc2.client.Client object at 0x0000020C3AB81C30>
                   │          └ [<sc2.player.Bot object at 0x0000020C3AB80280>, <sc2.player.Computer object at 0x0000020C3AB80AF0>]
                   └ <function _play_game at 0x0000020C385C8820>

  File "C:\Users\sword\OneDrive\Desktop\27turtles\sc2\main.py", line 226, in _play_game
    result = await _play_game_ai(client, player_id, player.ai, realtime, game_time_limit)
                   │             │       │          │      │   │         └ None
                   │             │       │          │      │   └ False
                   │             │       │          │      └ <turtles.bot.Turtles object at 0x0000020C1A176C80>
                   │             │       │          └ <sc2.player.Bot object at 0x0000020C3AB80280>
                   │             │       └ 1
                   │             └ <sc2.client.Client object at 0x0000020C3AB81C30>
                   └ <function _play_game_ai at 0x0000020C385C8670>

  File "C:\Users\sword\OneDrive\Desktop\27turtles\sc2\main.py", line 145, in _play_game_ai
    result = await initialize_first_step()
                   └ <function _play_game_ai.<locals>.initialize_first_step at 0x0000020C3AB5D000>

> File "C:\Users\sword\OneDrive\Desktop\27turtles\sc2\main.py", line 136, in initialize_first_step
    await ai.on_start()
          │  └ <function KnowledgeBot.on_start at 0x0000020C3AA488B0>
          └ <turtles.bot.Turtles object at 0x0000020C1A176C80>

  File "C:\Users\sword\OneDrive\Desktop\27turtles\sharpy\knowledges\knowledge_bot.py", line 71, in on_start
    await self.knowledge.start()
          │    │         └ <function Knowledge.start at 0x0000020C3864AF80>
          │    └ <sharpy.knowledges.knowledge.Knowledge object at 0x0000020C18156590>
          └ <turtles.bot.Turtles object at 0x0000020C1A176C80>

  File "C:\Users\sword\OneDrive\Desktop\27turtles\sharpy\knowledges\knowledge.py", line 151, in start
    await manager.post_start()
          │       └ <function ActManager.post_start at 0x0000020C384B0F70>
          └ <sharpy.managers.core.act_manager.ActManager object at 0x0000020C3AC839D0>

  File "C:\Users\sword\OneDrive\Desktop\27turtles\sharpy\managers\core\act_manager.py", line 29, in post_start
    await self.start_component(self._act, self.knowledge)
          │    │               │    │     │    └ <sharpy.knowledges.knowledge.Knowledge object at 0x0000020C18156590>
          │    │               │    │     └ <sharpy.managers.core.act_manager.ActManager object at 0x0000020C3AC839D0>
          │    │               │    └ <sharpy.plans.build_order.BuildOrder object at 0x0000020C3AC95BD0>
          │    │               └ <sharpy.managers.core.act_manager.ActManager object at 0x0000020C3AC839D0>
          │    └ <function Component.start_component at 0x0000020C3843A050>
          └ <sharpy.managers.core.act_manager.ActManager object at 0x0000020C3AC839D0>

  File "C:\Users\sword\OneDrive\Desktop\27turtles\sharpy\general\component.py", line 77, in start_component
    await component.start(knowledge)
          │         │     └ <sharpy.knowledges.knowledge.Knowledge object at 0x0000020C18156590>
          │         └ <function BuildOrder.start at 0x0000020C3AA67400>
          └ <sharpy.plans.build_order.BuildOrder object at 0x0000020C3AC95BD0>

  File "C:\Users\sword\OneDrive\Desktop\27turtles\sharpy\plans\build_order.py", line 285, in start
    await self.start_component(order, knowledge)
          │    │               │      └ <sharpy.knowledges.knowledge.Knowledge object at 0x0000020C18156590>
          │    │               └ <turtles.fiverax.FiveRax object at 0x0000020C3C401BA0>
          │    └ <function Component.start_component at 0x0000020C3843A050>
          └ <sharpy.plans.build_order.BuildOrder object at 0x0000020C3AC95BD0>

  File "C:\Users\sword\OneDrive\Desktop\27turtles\sharpy\general\component.py", line 77, in start_component
    await component.start(knowledge)
          │         │     └ <sharpy.knowledges.knowledge.Knowledge object at 0x0000020C18156590>
          │         └ <function FiveRax.start at 0x0000020C3AB3B9A0>
          └ <turtles.fiverax.FiveRax object at 0x0000020C3C401BA0>

  File "C:\Users\sword\OneDrive\Desktop\27turtles\turtles\fiverax.py", line 91, in start
    self.rush_bunker.position = self.zone_manager.expansion_zones[0].ramp.ramp.barracks_in_middle
    │                           │    │            └ <property object at 0x0000020C385CEB60>
    │                           │    └ <sharpy.managers.core.zone_manager.ZoneManager object at 0x0000020C3AB4EA10>
    │                           └ <turtles.fiverax.FiveRax object at 0x0000020C3C401BA0>
    └ <turtles.fiverax.FiveRax object at 0x0000020C3C401BA0>

AttributeError: 'FiveRax' object has no attribute 'rush_bunker'
2022-10-25 22:11:43.011 | ERROR    | sc2.main:initialize_first_step:141 - Resigning due to previous error
2022-10-25 22:11:43.012 | Result: Defeat
2022-10-25 22:11:43.015 | Duration: 00:00
2022-10-25 22:11:43.016 | Step time avg: 0
2022-10-25 22:11:43.017 | Step time max: 0
2022-10-25 22:11:43.018 | [LostUnitsContents] My lost units minerals and gas: (0, 0)
2022-10-25 22:11:43.019 | [LostUnitsContents] My lost units minerals by score: 0.0
2022-10-25 22:11:43.019 | [LostUnitsContents] Enemy lost units minerals and gas: (0, 0)
2022-10-25 22:11:43.020 | [LostUnitsContents] Enemy lost units minerals by score: 0.0
2022-10-25 22:11:43.021 | [GameAnalyzerEnd] Own units:
2022-10-25 22:11:43.021 | [GameAnalyzerEnd] Enemy units:
2022-10-25 22:11:43.022 | [GameAnalyzerEnd] Minerals max 0 Average 0
2022-10-25 22:11:43.023 | [GameAnalyzerEnd] Vespene max 0 Average 0
2022-10-25 22:11:43.024 | INFO     | sc2.main:_play_game:228 - Result for player 1 - Bot Turtles(Terran): Defeat
2022-10-25 22:11:43.992 | INFO     | sc2.protocol:_execute:72 - Client status changed to Status.launched (was Status.in_game)
2022-10-25 22:11:43.995 | INFO     | sc2.protocol:_execute:72 - Client status changed to Status.quit (was Status.launched)
2022-10-25 22:11:43.997 | INFO     | sc2.sc2process:_close_connection:231 - Closing connection at 62850...
2022-10-25 22:11:43.998 | INFO     | sc2.sc2process:kill_all:33 - kill_switch: Process cleanup for 1 processes
