2022-11-15 11:37:24.409 | INFO     | sc2.protocol:_execute:72 - Client status changed to Status.launched (was None)
2022-11-15 11:37:24.410 | INFO     | sc2.controller:create_game:37 - Creating new game
2022-11-15 11:37:24.411 | INFO     | sc2.controller:create_game:38 - Map:     RomanticideAIE
2022-11-15 11:37:24.412 | INFO     | sc2.controller:create_game:39 - Players: Bot Turtles(Terran), Computer VeryHard(Random, RandomBuild)
2022-11-15 11:37:24.414 | INFO     | sc2.protocol:_execute:72 - Client status changed to Status.init_game (was Status.launched)
2022-11-15 11:37:35.112 | INFO     | sc2.protocol:_execute:72 - Client status changed to Status.in_game (was None)
2022-11-15 11:37:35.114 | INFO     | sc2.main:_play_game:221 - Player 1 - Bot Turtles(Terran)
2022-11-15 11:37:35.755 | 00:00    0ms    0M    0G  12/ 15U [Version] 5.0.10.88500
2022-11-15 11:37:35.756 | 00:00    0ms    0M    0G  12/ 15U [Version] 5.0.6 Balance mod recognized.
2022-11-15 11:37:35.827 | 00:00    0ms    0M    0G  12/ 15U [ZoneManager] Map set to: MapName.RomanticideLE from name: Romanticide AIE and hash: 3756032.
2022-11-15 11:37:36.645 | [Start] My race: Terran
2022-11-15 11:37:36.646 | [Start] Opponent race: Random
2022-11-15 11:37:36.648 | [Start] OpponentId: None
2022-11-15 11:37:36.904 | 00:00    8ms    0M    0G  13/ 15U [GameAnalyzer] Income advantage is now SlightDisadvantage
2022-11-15 11:37:36.977 | 00:01    8ms    0M    0G  13/ 15U [GameAnalyzer] Income advantage is now Even
2022-11-15 11:37:37.335 | 00:04    7ms    0M    0G  13/ 15U [GameAnalyzer] Income advantage is now SlightDisadvantage
2022-11-15 11:37:37.382 | 00:04   11ms   15M    0G  13/ 15U [GameAnalyzer] Income advantage is now Even
2022-11-15 11:37:38.582 | 00:15    7ms    0M    0G  13/ 15U [ActUnit] SCV from COMMANDCENTER at (41.5, 135.5)
2022-11-15 11:37:40.224 | 00:26    7ms  150M    0G  14/ 15U [GameAnalyzer] Income advantage is now SlightDisadvantage
2022-11-15 11:37:40.250 | 00:26    9ms  155M    0G  14/ 15U [GameAnalyzer] Income advantage is now Even
2022-11-15 11:37:40.277 | 00:27    9ms  115M    0G  14/ 15U [ActUnit] SCV from COMMANDCENTER at (41.5, 135.5)
2022-11-15 11:37:41.471 | 00:35   12ms  220M    0G  15/ 15U [GameAnalyzer] Income advantage is now SlightDisadvantage
2022-11-15 11:37:41.495 | 00:35    9ms  225M    0G  15/ 15U [GameAnalyzer] Income advantage is now Even
2022-11-15 11:37:41.874 | 00:37   11ms   15M    0G  15/ 23U [BuildGas] Building REFINERY to (45.5, 142.5)
2022-11-15 11:37:42.284 | 00:40    9ms    5M    0G  15/ 23U [ActUnit] SCV from COMMANDCENTER at (41.5, 135.5)
2022-11-15 11:37:43.782 | 00:52    7ms   95M    0G  16/ 23U [ActUnit] SCV from COMMANDCENTER at (41.5, 135.5)
2022-11-15 11:37:45.324 | 01:04    7ms  200M    0G  17/ 23U [ActUnit] SCV from COMMANDCENTER at (41.5, 135.5)
2022-11-15 11:37:46.300 | 01:11    8ms  270M   16G  18/ 23U [GameAnalyzer] Income advantage is now SmallDisadvantage
2022-11-15 11:37:46.492 | 01:12   20ms  290M   16G  18/ 23U [GameAnalyzer] Income advantage is now SlightDisadvantage
2022-11-15 11:37:46.543 | 01:12   20ms  290M   16G  18/ 23U [GameAnalyzer] Income advantage is now SmallDisadvantage
2022-11-15 11:37:46.592 | 01:12   24ms  295M   16G  18/ 23U [GameAnalyzer] Income advantage is now SlightDisadvantage
2022-11-15 11:37:46.761 | 01:13   22ms  295M   20G  18/ 23U [GameAnalyzer] Income advantage is now SmallDisadvantage
2022-11-15 11:37:46.907 | 01:13   22ms  305M   20G  18/ 23U [GameAnalyzer] Income advantage is now SlightDisadvantage
2022-11-15 11:37:47.020 | 01:13   19ms  310M   20G  18/ 23U [GameAnalyzer] Income advantage is now SmallDisadvantage
2022-11-15 11:37:47.342 | 01:15   19ms  330M   24G  18/ 23U [GameAnalyzer] Income advantage is now SlightDisadvantage
2022-11-15 11:37:47.507 | 01:15   18ms  330M   24G  18/ 23U [GameAnalyzer] Income advantage is now SmallDisadvantage
2022-11-15 11:37:47.672 | 01:16   20ms  335M   28G  18/ 23U [GameAnalyzer] Income advantage is now SlightDisadvantage
2022-11-15 11:37:47.736 | 01:16   26ms  335M   28G  18/ 23U [GameAnalyzer] Income advantage is now SmallDisadvantage
2022-11-15 11:37:47.927 | 01:16   24ms  340M   28G  18/ 23U [GameAnalyzer] Income advantage is now Even
2022-11-15 11:37:47.929 | 01:16   24ms  290M   28G  18/ 23U [ActUnit] SCV from COMMANDCENTER at (41.5, 135.5)
2022-11-15 11:37:48.161 | 01:17   22ms  305M   32G  19/ 23U [GameAnalyzer] Predicted army advantage is now SlightDisadvantage
2022-11-15 11:37:48.240 | 01:17   12ms  305M   32G  19/ 23U [GameAnalyzer] Income advantage is now SlightDisadvantage
2022-11-15 11:37:48.352 | 01:18   11ms  325M   36G  19/ 23U [GameAnalyzer] Income advantage is now Even
2022-11-15 11:37:48.386 | 01:18   10ms  325M   36G  19/ 23U [GameAnalyzer] Income advantage is now SlightDisadvantage
2022-11-15 11:37:48.502 | 01:19   11ms  335M   36G  19/ 23U [GameAnalyzer] Income advantage is now Even
2022-11-15 11:37:48.675 | 01:20   12ms  345M   40G  19/ 23U [GameAnalyzer] Income advantage is now SlightDisadvantage
2022-11-15 11:37:48.761 | 01:21   12ms  350M   40G  19/ 23U [GameAnalyzer] Income advantage is now Even
2022-11-15 11:37:48.830 | 01:21   12ms  355M   40G  19/ 23U [GameAnalyzer] Income advantage is now SlightDisadvantage
2022-11-15 11:37:49.034 | 01:22   11ms  375M   44G  19/ 23U [GameAnalyzer] Income advantage is now SmallDisadvantage
2022-11-15 11:37:49.094 | 01:23   10ms  385M   48G  19/ 23U [GameAnalyzer] Income advantage is now SlightDisadvantage
2022-11-15 11:37:49.300 | 01:24   13ms  200M   48G  19/ 23U [TerranUnit] MARINE from BARRACKS at (40.5, 128.5)
2022-11-15 11:37:49.459 | 01:25   11ms  360M   52G  20/ 23U [GameAnalyzer] Income advantage is now SmallDisadvantage
2022-11-15 11:37:49.484 | 01:25   14ms  365M   52G  20/ 23U [GameAnalyzer] Income advantage is now SlightDisadvantage
2022-11-15 11:37:49.519 | 01:25   12ms  370M   52G  20/ 23U [GameAnalyzer] Income advantage is now SmallDisadvantage
2022-11-15 11:37:49.579 | 01:25   13ms  370M   52G  20/ 23U [GameAnalyzer] Income advantage is now SlightDisadvantage
2022-11-15 11:37:49.644 | 01:26   11ms  370M   56G  20/ 23U [GameAnalyzer] Income advantage is now SmallDisadvantage
2022-11-15 11:37:49.934 | 01:28   12ms  410M   60G  20/ 23U [GameAnalyzer] Income advantage is now SlightDisadvantage
2022-11-15 11:37:50.137 | 01:29   12ms  260M   64G  20/ 23U [GameAnalyzer] Income advantage is now SmallDisadvantage
2022-11-15 11:37:50.227 | 01:29   12ms  275M   64G  20/ 23U [GameAnalyzer] Income advantage is now SlightDisadvantage
2022-11-15 11:37:50.370 | 01:30   11ms  285M   64G  20/ 23U [GameAnalyzer] Income advantage is now SmallDisadvantage
2022-11-15 11:37:50.405 | 01:30   11ms  285M   68G  20/ 23U [GameAnalyzer] Income advantage is now SlightDisadvantage
2022-11-15 11:37:50.527 | 01:31   13ms  285M   68G  20/ 23U [GameAnalyzer] Income advantage is now SmallDisadvantage
2022-11-15 11:37:50.609 | 01:31   12ms  310M   68G  20/ 23U [GameAnalyzer] Income advantage is now SlightDisadvantage
2022-11-15 11:37:50.670 | 01:32   11ms  320M   72G  20/ 23U [GameAnalyzer] Income advantage is now SmallDisadvantage
2022-11-15 11:37:50.786 | 01:32   12ms  320M   72G  20/ 23U [GameAnalyzer] Income advantage is now SlightDisadvantage
2022-11-15 11:37:50.848 | 01:33   11ms  325M   72G  20/ 23U [GameAnalyzer] Income advantage is now SmallDisadvantage
2022-11-15 11:37:51.083 | 01:34   11ms  350M   76G  20/ 23U [GameAnalyzer] Income advantage is now SlightDisadvantage
2022-11-15 11:37:51.118 | 01:34   12ms  350M   76G  20/ 23U [GameAnalyzer] Income advantage is now SmallDisadvantage
2022-11-15 11:37:51.176 | 01:35   11ms  350M   80G  20/ 23U [GameAnalyzer] Income advantage is now SlightDisadvantage
2022-11-15 11:37:51.266 | 01:35   11ms  355M   80G  20/ 23U [GameAnalyzer] Income advantage is now SmallDisadvantage
2022-11-15 11:37:51.384 | 01:36   11ms  380M   84G  20/ 23U [GameAnalyzer] Income advantage is now SlightDisadvantage
2022-11-15 11:37:51.442 | 01:36   11ms  385M   84G  20/ 23U [GameAnalyzer] Income advantage is now SmallDisadvantage
2022-11-15 11:37:51.498 | 01:37   13ms  385M   84G  20/ 23U [GameAnalyzer] Income advantage is now SlightDisadvantage
2022-11-15 11:37:51.531 | 01:37   12ms  385M   84G  20/ 23U [GameAnalyzer] Income advantage is now SmallDisadvantage
2022-11-15 11:37:51.672 | 01:38   12ms  400M   88G  20/ 23U [GameAnalyzer] Income advantage is now SlightDisadvantage
2022-11-15 11:37:51.729 | 01:38   10ms  410M   88G  20/ 23U [GameAnalyzer] Income advantage is now SmallDisadvantage
2022-11-15 11:37:51.841 | 01:39   12ms  420M   92G  20/ 23U [GameAnalyzer] Income advantage is now SlightDisadvantage
2022-11-15 11:37:51.927 | 01:39   13ms  420M   92G  20/ 23U [GameAnalyzer] Income advantage is now SmallDisadvantage
2022-11-15 11:37:52.044 | 01:40   11ms  435M   92G  20/ 23U [GameAnalyzer] Income advantage is now SlightDisadvantage
2022-11-15 11:37:52.102 | 01:40   13ms  445M   96G  20/ 23U [GameAnalyzer] Income advantage is now SmallDisadvantage
2022-11-15 11:37:52.217 | 01:41   11ms  460M   96G  20/ 23U [GameAnalyzer] Income advantage is now SlightDisadvantage
2022-11-15 11:37:52.313 | 01:42   11ms  460M   96G  20/ 23U [GameAnalyzer] Known army advantage is now SlightAdvantage
2022-11-15 11:37:52.315 | 01:42   11ms  410M   46G  20/ 23U [TerranUnit] REAPER from BARRACKS at (40.5, 128.5)
2022-11-15 11:37:52.346 | 01:42   14ms  410M   50G  21/ 23U [GameAnalyzer] Income advantage is now SmallDisadvantage
2022-11-15 11:37:52.427 | 01:42   10ms  335M   50G  21/ 23U [GameAnalyzer] Income advantage is now SlightDisadvantage
2022-11-15 11:37:52.483 | 01:43   11ms  335M   50G  21/ 23U [GameAnalyzer] Income advantage is now SmallDisadvantage
2022-11-15 11:37:52.601 | 01:43   11ms  340M   54G  21/ 23U [GameAnalyzer] Income advantage is now SlightDisadvantage
2022-11-15 11:37:52.660 | 01:44   12ms  345M   54G  21/ 23U [GameAnalyzer] Income advantage is now SmallDisadvantage
2022-11-15 11:37:52.984 | 01:46   13ms  375M   58G  21/ 23U [GameAnalyzer] Income advantage is now SlightDisadvantage
2022-11-15 11:37:53.045 | 01:46   12ms  380M   58G  21/ 23U [GameAnalyzer] Income advantage is now SmallDisadvantage
2022-11-15 11:37:53.333 | 01:48   11ms  405M   66G  21/ 23U [GameAnalyzer] Income advantage is now SlightDisadvantage
2022-11-15 11:37:53.366 | 01:48   15ms  405M   66G  21/ 23U [GameAnalyzer] Income advantage is now SmallDisadvantage
2022-11-15 11:37:53.428 | 01:48   12ms  410M   66G  21/ 23U [GameAnalyzer] Income advantage is now SlightDisadvantage
2022-11-15 11:37:53.458 | 01:48   15ms  410M   66G  21/ 23U [GameAnalyzer] Income advantage is now SmallDisadvantage
2022-11-15 11:37:53.584 | 01:49   13ms  435M   70G  21/ 23U [GameAnalyzer] Income advantage is now SlightDisadvantage
2022-11-15 11:37:53.622 | 01:49   15ms  435M   70G  21/ 23U [GameAnalyzer] Income advantage is now SmallDisadvantage
2022-11-15 11:37:53.712 | 01:50   12ms  435M   70G  21/ 23U [GameAnalyzer] Income advantage is now SlightDisadvantage
2022-11-15 11:37:53.778 | 01:50   12ms  435M   70G  21/ 23U [GameAnalyzer] Income advantage is now SmallDisadvantage
2022-11-15 11:37:53.935 | 01:51   12ms  465M   74G  21/ 23U [GameAnalyzer] Income advantage is now SlightDisadvantage
2022-11-15 11:37:53.996 | 01:51   12ms  470M   74G  21/ 23U [GameAnalyzer] Income advantage is now SmallDisadvantage
2022-11-15 11:37:54.116 | 01:52   12ms  475M   78G  21/ 23U [GameAnalyzer] Income advantage is now SlightDisadvantage
2022-11-15 11:37:54.200 | 01:53   13ms  475M   78G  21/ 23U [GameAnalyzer] Income advantage is now SmallDisadvantage
2022-11-15 11:37:54.317 | 01:53   12ms  500M   78G  21/ 23U [GameAnalyzer] Income advantage is now SlightDisadvantage
2022-11-15 11:37:54.319 | 01:53   12ms  450M   78G  21/ 23U [ActUnit] SCV from COMMANDCENTER at (41.5, 135.5)
2022-11-15 11:37:54.912 | 01:57   12ms  490M   90G  22/ 23U [GameAnalyzer] Income advantage is now SmallDisadvantage
2022-11-15 11:37:54.995 | 01:57   11ms  495M   90G  22/ 23U [GameAnalyzer] Income advantage is now SlightDisadvantage
2022-11-15 11:37:55.053 | 01:58   13ms  495M   90G  22/ 23U [GameAnalyzer] Income advantage is now SmallDisadvantage
2022-11-15 11:37:55.282 | 01:59   11ms  520M   94G  22/ 23U [GameAnalyzer] Income advantage is now SlightDisadvantage
2022-11-15 11:37:55.309 | 01:59   15ms  520M   94G  22/ 23U [GameAnalyzer] Income advantage is now SmallDisadvantage
2022-11-15 11:37:55.497 | 02:00   11ms  530M   98G  22/ 23U [GameAnalyzer] Income advantage is now SlightDisadvantage
2022-11-15 11:37:55.542 | INFO     | sc2.protocol:_execute:72 - Client status changed to Status.ended (was Status.in_game)
2022-11-15 11:37:55.544 | Result: Defeat
2022-11-15 11:37:55.544 | Duration: 02:00
2022-11-15 11:37:55.545 | Step time min: 6
2022-11-15 11:37:55.545 | Step time avg: 10
2022-11-15 11:37:55.545 | Step time max: 137
2022-11-15 11:37:55.546 | [LostUnitsContents] My lost units minerals and gas: (0, 0)
2022-11-15 11:37:55.547 | [LostUnitsContents] My lost units minerals by score: 0.0
2022-11-15 11:37:55.547 | [LostUnitsContents] Enemy lost units minerals and gas: (0, 0)
2022-11-15 11:37:55.548 | [LostUnitsContents] Enemy lost units minerals by score: 0.0
2022-11-15 11:37:55.549 | [GameAnalyzerEnd] Own units:
2022-11-15 11:37:55.551 | [GameAnalyzerEnd] SCV               total:  18 alive:  18 dead:   0 
2022-11-15 11:37:55.552 | [GameAnalyzerEnd] SUPPLYDEPOT       total:   2 alive:   2 dead:   0 
2022-11-15 11:37:55.552 | [GameAnalyzerEnd] ORBITALCOMMAND    total:   1 alive:   1 dead:   0 
2022-11-15 11:37:55.553 | [GameAnalyzerEnd] REFINERY          total:   1 alive:   1 dead:   0 
2022-11-15 11:37:55.554 | [GameAnalyzerEnd] MARINE            total:   1 alive:   1 dead:   0 
2022-11-15 11:37:55.554 | [GameAnalyzerEnd] MULE              total:   1 alive:   1 dead:   0 
2022-11-15 11:37:55.555 | [GameAnalyzerEnd] BARRACKS          total:   1 alive:   1 dead:   0 
2022-11-15 11:37:55.557 | [GameAnalyzerEnd] Enemy units:
2022-11-15 11:37:55.557 | [GameAnalyzerEnd] DRONE             total:  16 alive:  16 dead:   0 
2022-11-15 11:37:55.558 | [GameAnalyzerEnd] HATCHERY          total:   2 alive:   2 dead:   0 
2022-11-15 11:37:55.558 | [GameAnalyzerEnd] OVERLORD          total:   2 alive:   2 dead:   0 
2022-11-15 11:37:55.559 | [GameAnalyzerEnd] EXTRACTOR         total:   2 alive:   2 dead:   0 
2022-11-15 11:37:55.560 | [GameAnalyzerEnd] SPAWNINGPOOL      total:   1 alive:   1 dead:   0 
2022-11-15 11:37:55.561 | [GameAnalyzerEnd] Minerals max 520 Average 224
2022-11-15 11:37:55.561 | [GameAnalyzerEnd] Vespene max 98 Average 26
2022-11-15 11:37:55.562 | INFO     | sc2.main:_play_game:228 - Result for player 1 - Bot Turtles(Terran): Defeat
2022-11-15 11:37:56.736 | INFO     | sc2.protocol:__request:48 - Cannot receive: Game has already ended.
2022-11-15 11:37:56.738 | INFO     | sc2.sc2process:_close_connection:231 - Closing connection at 53542...
2022-11-15 11:37:56.740 | INFO     | sc2.sc2process:kill_all:33 - kill_switch: Process cleanup for 1 processes
