2022-11-04 19:58:55.700 | INFO     | sc2.protocol:_execute:72 - Client status changed to Status.launched (was None)
2022-11-04 19:58:55.701 | INFO     | sc2.controller:create_game:37 - Creating new game
2022-11-04 19:58:55.703 | INFO     | sc2.controller:create_game:38 - Map:     LightshadeAIE
2022-11-04 19:58:55.704 | INFO     | sc2.controller:create_game:39 - Players: Bot Turtles(Terran), Computer VeryHard(Random, RandomBuild)
2022-11-04 19:58:55.705 | INFO     | sc2.protocol:_execute:72 - Client status changed to Status.init_game (was Status.launched)
2022-11-04 19:59:03.653 | INFO     | sc2.protocol:_execute:72 - Client status changed to Status.in_game (was None)
2022-11-04 19:59:03.655 | INFO     | sc2.main:_play_game:221 - Player 1 - Bot Turtles(Terran)
2022-11-04 19:59:04.486 | 00:00    0ms    0M    0G  12/ 15U [Version] 5.0.10.88500
2022-11-04 19:59:04.486 | 00:00    0ms    0M    0G  12/ 15U [Version] 5.0.6 Balance mod recognized.
2022-11-04 19:59:04.565 | 00:00    0ms    0M    0G  12/ 15U [ZoneManager] Map set to: MapName.Lightshade from name: Lightshade AIE and hash: 3553876.
2022-11-04 19:59:05.230 | [Start] My race: Terran
2022-11-04 19:59:05.231 | [Start] Opponent race: Random
2022-11-04 19:59:05.233 | [Start] OpponentId: None
2022-11-04 19:59:05.447 | 00:00    7ms    0M    0G  13/ 15U [GameAnalyzer] Income advantage is now SlightDisadvantage
2022-11-04 19:59:05.538 | 00:01    7ms    0M    0G  13/ 15U [GameAnalyzer] Income advantage is now Even
2022-11-04 19:59:07.099 | 00:14    6ms    0M    0G  13/ 15U [ActUnit] SCV from COMMANDCENTER at (143.5, 32.5)
2022-11-04 19:59:08.525 | 00:26    8ms  110M    0G  14/ 15U [ActUnit] SCV from COMMANDCENTER at (143.5, 32.5)
2022-11-04 19:59:09.859 | 00:37    8ms   20M    0G  15/ 23U [BuildGas] Building REFINERY to (139.5, 25.5)
2022-11-04 19:59:10.097 | 00:39    6ms    0M    0G  15/ 23U [ActUnit] SCV from COMMANDCENTER at (143.5, 32.5)
2022-11-04 19:59:10.718 | 00:44    7ms   55M    0G  16/ 23U [GameAnalyzer] Income advantage is now SlightDisadvantage
2022-11-04 19:59:10.745 | 00:44   10ms   60M    0G  16/ 23U [GameAnalyzer] Income advantage is now Even
2022-11-04 19:59:11.839 | 00:51    8ms   90M    0G  16/ 23U [ActUnit] SCV from COMMANDCENTER at (143.5, 32.5)
2022-11-04 19:59:13.602 | 01:03    7ms  200M    0G  17/ 23U [ActUnit] SCV from COMMANDCENTER at (143.5, 32.5)
2022-11-04 19:59:15.103 | 01:12   18ms  295M   20G  18/ 23U [GameAnalyzer] Predicted army advantage is now SlightDisadvantage
2022-11-04 19:59:15.453 | 01:13   23ms  315M   24G  18/ 23U [GameAnalyzer] Income advantage is now SlightAdvantage
2022-11-04 19:59:15.704 | 01:14   22ms  325M   28G  18/ 23U [GameAnalyzer] Income advantage is now Even
2022-11-04 19:59:15.955 | 01:15   11ms  295M   32G  18/ 23U [ActUnit] SCV from COMMANDCENTER at (143.5, 32.5)
2022-11-04 19:59:16.232 | 01:17   11ms  310M   36G  19/ 23U [GameAnalyzer] Predicted army advantage is now Even
2022-11-04 19:59:17.133 | 01:22   13ms  380M   48G  19/ 23U [GameAnalyzer] Predicted army advantage is now SlightDisadvantage
2022-11-04 19:59:17.380 | 01:24   11ms  200M    2G  19/ 23U [TerranUnit] REAPER from BARRACKS at (135.5, 33.5)
2022-11-04 19:59:17.888 | 01:26   12ms  285M   10G  20/ 23U [GameAnalyzer] Income advantage is now SlightDisadvantage
2022-11-04 19:59:17.952 | 01:27   12ms  295M   10G  20/ 23U [GameAnalyzer] Income advantage is now Even
2022-11-04 19:59:18.736 | 01:31   12ms  195M   22G  20/ 23U [GameAnalyzer] Income advantage is now SlightDisadvantage
2022-11-04 19:59:18.769 | 01:31   14ms  200M   26G  20/ 23U [GameAnalyzer] Income advantage is now Even
2022-11-04 19:59:18.957 | 01:32   13ms  215M   26G  20/ 23U [GameAnalyzer] Income advantage is now SlightDisadvantage
2022-11-04 19:59:19.020 | 01:33   12ms  225M   26G  20/ 23U [GameAnalyzer] Income advantage is now Even
2022-11-04 19:59:19.145 | 01:33   13ms  230M   30G  20/ 23U [GameAnalyzer] Income advantage is now SlightDisadvantage
2022-11-04 19:59:19.174 | 01:34   13ms  240M   30G  20/ 23U [GameAnalyzer] Income advantage is now Even
2022-11-04 19:59:19.234 | 01:34   13ms  240M   30G  20/ 23U [GameAnalyzer] Income advantage is now SmallDisadvantage
2022-11-04 19:59:22.556 | 01:53   12ms  465M   82G  20/ 31U [ActUnit] SCV from COMMANDCENTER at (143.5, 32.5)
2022-11-04 19:59:23.086 | 01:56   12ms  510M   90G  21/ 31U [GameAnalyzer] Known army advantage is now SlightAdvantage
2022-11-04 19:59:23.088 | 01:56   12ms  510M   90G  21/ 31U [BuildAddon] UnitTypeId.BARRACKSREACTOR to (138.0, 33.0)
2022-11-04 19:59:23.128 | 01:56   21ms  460M   40G  21/ 31U [Expand] Expanding to (145.5, 61.5)
2022-11-04 19:59:24.799 | 02:05   15ms   20M   64G  21/ 31U [ActUnit] SCV from COMMANDCENTER at (143.5, 32.5)
2022-11-04 19:59:24.895 | INFO     | sc2.protocol:_execute:72 - Client status changed to Status.ended (was Status.in_game)
2022-11-04 19:59:24.897 | Result: Defeat
2022-11-04 19:59:24.898 | Duration: 02:05
2022-11-04 19:59:24.899 | Step time min: 6
2022-11-04 19:59:24.899 | Step time avg: 11
2022-11-04 19:59:24.900 | Step time max: 130
2022-11-04 19:59:24.901 | [LostUnitsContents] My lost units minerals and gas: (0, 0)
2022-11-04 19:59:24.901 | [LostUnitsContents] My lost units minerals by score: 0.0
2022-11-04 19:59:24.902 | [LostUnitsContents] Enemy lost units minerals and gas: (0, 0)
2022-11-04 19:59:24.903 | [LostUnitsContents] Enemy lost units minerals by score: 0.0
2022-11-04 19:59:24.903 | [GameAnalyzerEnd] Own units:
2022-11-04 19:59:24.904 | [GameAnalyzerEnd] SCV               total:  19 alive:  19 dead:   0 
2022-11-04 19:59:24.905 | [GameAnalyzerEnd] SUPPLYDEPOT       total:   2 alive:   2 dead:   0 
2022-11-04 19:59:24.906 | [GameAnalyzerEnd] BARRACKS          total:   2 alive:   2 dead:   0 
2022-11-04 19:59:24.906 | [GameAnalyzerEnd] MULE              total:   1 alive:   1 dead:   0 
2022-11-04 19:59:24.907 | [GameAnalyzerEnd] ORBITALCOMMAND    total:   1 alive:   1 dead:   0 
2022-11-04 19:59:24.907 | [GameAnalyzerEnd] REACTOR           total:   1 alive:   1 dead:   0 
2022-11-04 19:59:24.908 | [GameAnalyzerEnd] REAPER            total:   1 alive:   1 dead:   0 
2022-11-04 19:59:24.909 | [GameAnalyzerEnd] REFINERY          total:   1 alive:   1 dead:   0 
2022-11-04 19:59:24.909 | [GameAnalyzerEnd] Enemy units:
2022-11-04 19:59:24.914 | [GameAnalyzerEnd] DRONE             total:  19 alive:  19 dead:   0 
2022-11-04 19:59:24.915 | [GameAnalyzerEnd] OVERLORD          total:   2 alive:   2 dead:   0 
2022-11-04 19:59:24.916 | [GameAnalyzerEnd] HATCHERY          total:   2 alive:   2 dead:   0 
2022-11-04 19:59:24.916 | [GameAnalyzerEnd] SPAWNINGPOOL      total:   1 alive:   1 dead:   0 
2022-11-04 19:59:24.917 | [GameAnalyzerEnd] EXTRACTOR         total:   1 alive:   1 dead:   0 
2022-11-04 19:59:24.918 | [GameAnalyzerEnd] Minerals max 510 Average 190
2022-11-04 19:59:24.918 | [GameAnalyzerEnd] Vespene max 90 Average 20
2022-11-04 19:59:24.919 | INFO     | sc2.main:_play_game:228 - Result for player 1 - Bot Turtles(Terran): Defeat
2022-11-04 19:59:26.004 | INFO     | sc2.protocol:__request:48 - Cannot receive: Game has already ended.
2022-11-04 19:59:26.006 | INFO     | sc2.sc2process:_close_connection:231 - Closing connection at 54049...
2022-11-04 19:59:26.007 | INFO     | sc2.sc2process:kill_all:33 - kill_switch: Process cleanup for 1 processes
