2022-10-24 11:23:19.407 | INFO     | sc2.protocol:_execute:72 - Client status changed to Status.launched (was None)
2022-10-24 11:23:19.409 | INFO     | sc2.controller:create_game:37 - Creating new game
2022-10-24 11:23:19.410 | INFO     | sc2.controller:create_game:38 - Map:     2000AtmospheresAIE
2022-10-24 11:23:19.412 | INFO     | sc2.controller:create_game:39 - Players: Bot Turtles(Terran), Computer VeryHard(Random, RandomBuild)
2022-10-24 11:23:19.414 | INFO     | sc2.protocol:_execute:72 - Client status changed to Status.init_game (was Status.launched)
2022-10-24 11:23:28.089 | INFO     | sc2.protocol:_execute:72 - Client status changed to Status.in_game (was None)
2022-10-24 11:23:28.092 | INFO     | sc2.main:_play_game:221 - Player 1 - Bot Turtles(Terran)
2022-10-24 11:23:28.873 | 00:00    0ms    0M    0G  12/ 15U [Version] 5.0.10.88500
2022-10-24 11:23:28.874 | 00:00    0ms    0M    0G  12/ 15U [Version] 5.0.6 Balance mod recognized.
2022-10-24 11:23:28.954 | 00:00    0ms    0M    0G  12/ 15U [ZoneManager] Map set to: MapName.Atmospheres2000 from name: 2000 Atmospheres AIE and hash: 3307847.
2022-10-24 11:23:30.050 | [Start] My race: Terran
2022-10-24 11:23:30.051 | [Start] Opponent race: Random
2022-10-24 11:23:30.051 | [Start] OpponentId: None
2022-10-24 11:23:30.251 | 00:00    8ms    0M    0G  13/ 15U [GameAnalyzer] Income advantage is now SlightDisadvantage
2022-10-24 11:23:30.334 | 00:01    7ms    0M    0G  13/ 15U [GameAnalyzer] Income advantage is now Even
2022-10-24 11:23:31.485 | 00:12    5ms   70M    0G  13/ 15U [ActUnit] SCV from COMMANDCENTER at (166.5, 143.5)
2022-10-24 11:23:32.809 | 00:24    8ms   70M    0G  14/ 15U [ActUnit] SCV from COMMANDCENTER at (166.5, 143.5)
2022-10-24 11:23:34.754 | 00:41    7ms  255M    0G  15/ 23U [ActUnit] SCV from COMMANDCENTER at (166.5, 143.5)
2022-10-24 11:23:36.236 | 00:53    9ms  100M    0G  16/ 23U [ActUnit] SCV from COMMANDCENTER at (166.5, 143.5)
2022-10-24 11:23:37.985 | 01:05    7ms  220M    0G  17/ 23U [ActUnit] SCV from COMMANDCENTER at (166.5, 143.5)
2022-10-24 11:23:39.900 | 01:17   19ms  335M    0G  18/ 31U [ActUnit] SCV from COMMANDCENTER at (166.5, 143.5)
2022-10-24 11:23:40.112 | 01:18   20ms  360M    0G  19/ 31U [GameAnalyzer] Income advantage is now SmallAdvantage
2022-10-24 11:23:40.171 | 01:18   27ms  360M    0G  19/ 31U [GameAnalyzer] Income advantage is now SlightAdvantage
2022-10-24 11:23:40.445 | 01:19   20ms  370M    0G  19/ 31U [GameAnalyzer] Income advantage is now Even
2022-10-24 11:23:40.992 | 01:22   11ms  425M    0G  19/ 31U [EnemyArmyPredicter] Predicting negative free minerals for enemy: -215
2022-10-24 11:23:41.498 | 01:26   10ms  475M    0G  19/ 31U [GameAnalyzer] Income advantage is now SlightDisadvantage
2022-10-24 11:23:41.575 | 01:26   10ms  495M    0G  19/ 31U [GameAnalyzer] Income advantage is now Even
2022-10-24 11:23:41.662 | 01:27   10ms  495M    0G  19/ 31U [GameAnalyzer] Income advantage is now SlightDisadvantage
2022-10-24 11:23:41.709 | 01:27   11ms  500M    0G  19/ 31U [GameAnalyzer] Income advantage is now Even
2022-10-24 11:23:41.766 | 01:27   10ms  505M    0G  19/ 31U [EnemyArmyPredicter] Predicting negative free minerals for enemy: -250
2022-10-24 11:23:41.767 | 01:27   10ms  505M    0G  19/ 31U [GameAnalyzer] Income advantage is now SlightDisadvantage
2022-10-24 11:23:41.798 | 01:28   14ms  510M    0G  19/ 31U [GameAnalyzer] Income advantage is now Even
2022-10-24 11:23:41.824 | 01:28   11ms  515M    0G  19/ 31U [GameAnalyzer] Income advantage is now SlightDisadvantage
2022-10-24 11:23:41.970 | 01:29   13ms  530M    0G  19/ 31U [GameAnalyzer] Income advantage is now Even
2022-10-24 11:23:41.997 | 01:29   11ms  530M    0G  19/ 31U [GameAnalyzer] Income advantage is now SlightDisadvantage
2022-10-24 11:23:42.058 | 01:29   12ms  480M    0G  19/ 31U [ActUnit] SCV from COMMANDCENTER at (166.5, 143.5)
2022-10-24 11:23:42.091 | 01:29   12ms  480M    0G  20/ 31U [GameAnalyzer] Income advantage is now Even
2022-10-24 11:23:42.179 | 01:30   10ms  490M    0G  20/ 31U [GameAnalyzer] Income advantage is now SlightDisadvantage
2022-10-24 11:23:42.275 | 01:30   10ms  505M    0G  20/ 31U [GameAnalyzer] Income advantage is now Even
2022-10-24 11:23:42.446 | 01:31   12ms  520M    0G  20/ 31U [GameAnalyzer] Income advantage is now SlightDisadvantage
2022-10-24 11:23:42.500 | 01:31   12ms  520M    0G  20/ 31U [GameAnalyzer] Income advantage is now Even
2022-10-24 11:23:42.687 | 01:32   10ms  535M    0G  20/ 31U [GameAnalyzer] Income advantage is now SlightDisadvantage
2022-10-24 11:23:42.714 | 01:32   13ms  540M    0G  20/ 31U [GameAnalyzer] Income advantage is now Even
2022-10-24 11:23:42.748 | 01:33   12ms  540M    0G  20/ 31U [GameAnalyzer] Income advantage is now SlightDisadvantage
2022-10-24 11:23:42.749 | 01:33   12ms  540M    0G  20/ 31U [GameAnalyzer] Predicted army advantage is now SlightDisadvantage
2022-10-24 11:23:42.777 | 01:33   12ms  550M    0G  20/ 31U [GameAnalyzer] Income advantage is now Even
2022-10-24 11:23:43.091 | 01:35   10ms  570M    0G  20/ 31U [GameAnalyzer] Income advantage is now SlightDisadvantage
2022-10-24 11:23:43.119 | 01:35   11ms  580M    0G  20/ 31U [GameAnalyzer] Income advantage is now Even
2022-10-24 11:23:43.155 | 01:35   12ms  585M    0G  20/ 31U [GameAnalyzer] Income advantage is now SlightDisadvantage
2022-10-24 11:23:43.183 | 01:35   15ms  595M    0G  20/ 31U [GameAnalyzer] Income advantage is now Even
2022-10-24 11:23:43.330 | 01:36   11ms  600M    0G  20/ 31U [GameAnalyzer] Income advantage is now SlightDisadvantage
2022-10-24 11:23:43.361 | 01:36   11ms  605M    0G  20/ 31U [GameAnalyzer] Income advantage is now Even
2022-10-24 11:23:43.440 | 01:37   12ms  610M    0G  20/ 31U [GameAnalyzer] Income advantage is now SlightDisadvantage
2022-10-24 11:23:43.471 | 01:37   11ms  615M    0G  20/ 31U [GameAnalyzer] Income advantage is now Even
2022-10-24 11:23:43.794 | 01:39   11ms  645M    0G  20/ 31U [GameAnalyzer] Income advantage is now SlightDisadvantage
2022-10-24 11:23:43.824 | 01:39   11ms  650M    0G  20/ 31U [GameAnalyzer] Income advantage is now Even
2022-10-24 11:23:43.966 | 01:40   12ms  665M    0G  20/ 31U [GameAnalyzer] Income advantage is now SlightDisadvantage
2022-10-24 11:23:44.025 | 01:40   10ms  675M    0G  20/ 31U [GameAnalyzer] Income advantage is now Even
2022-10-24 11:23:44.136 | 01:41   12ms  685M    0G  20/ 31U [GameAnalyzer] Income advantage is now SlightDisadvantage
2022-10-24 11:23:44.195 | 01:41   10ms  695M    0G  20/ 31U [GameAnalyzer] Income advantage is now Even
2022-10-24 11:23:44.352 | 01:42   10ms  560M    0G  20/ 31U [GameAnalyzer] Income advantage is now SlightDisadvantage
2022-10-24 11:23:44.410 | 01:43   12ms  565M    0G  20/ 31U [GameAnalyzer] Income advantage is now Even
2022-10-24 11:23:44.470 | 01:43   11ms  565M    0G  20/ 31U [GameAnalyzer] Income advantage is now SlightDisadvantage
2022-10-24 11:23:44.581 | 01:44   12ms  580M    0G  20/ 31U [GameAnalyzer] Income advantage is now Even
2022-10-24 11:23:44.883 | 01:46   10ms  615M    0G  20/ 31U [GameAnalyzer] Income advantage is now SlightDisadvantage
2022-10-24 11:23:44.962 | 01:46   10ms  635M    0G  20/ 31U [GameAnalyzer] Income advantage is now Even
2022-10-24 11:23:45.235 | 01:48   12ms  655M    0G  20/ 31U [GameAnalyzer] Income advantage is now SlightDisadvantage
2022-10-24 11:23:45.297 | 01:48   11ms  670M    0G  20/ 31U [GameAnalyzer] Income advantage is now Even
2022-10-24 11:23:45.585 | 01:50   10ms  695M    0G  20/ 31U [GameAnalyzer] Income advantage is now SlightDisadvantage
2022-10-24 11:23:45.617 | 01:50   11ms  705M    0G  20/ 31U [GameAnalyzer] Income advantage is now Even
2022-10-24 11:23:45.673 | 01:51   10ms  710M    0G  20/ 31U [GameAnalyzer] Income advantage is now SlightDisadvantage
2022-10-24 11:23:45.727 | 01:51   12ms  715M    0G  20/ 31U [GameAnalyzer] Income advantage is now Even
2022-10-24 11:23:45.854 | 01:52   11ms  715M    0G  20/ 31U [GameAnalyzer] Income advantage is now SlightDisadvantage
2022-10-24 11:23:45.920 | 01:52   12ms  720M    0G  20/ 31U [GameAnalyzer] Income advantage is now Even
2022-10-24 11:23:45.946 | 01:52   11ms  725M    0G  20/ 31U [GameAnalyzer] Income advantage is now SlightDisadvantage
2022-10-24 11:23:46.002 | 01:53   12ms  740M    0G  20/ 31U [GameAnalyzer] Income advantage is now Even
2022-10-24 11:23:46.264 | 01:55   10ms  760M    0G  20/ 31U [GameAnalyzer] Income advantage is now SlightDisadvantage
2022-10-24 11:23:46.320 | 01:55   13ms  775M    0G  20/ 31U [GameAnalyzer] Income advantage is now Even
2022-10-24 11:23:46.506 | 01:56   10ms  795M    0G  20/ 31U [GameAnalyzer] Income advantage is now SlightDisadvantage
2022-10-24 11:23:46.531 | 01:56   11ms  795M    0G  20/ 31U [GameAnalyzer] Income advantage is now Even
2022-10-24 11:23:46.667 | 01:57   12ms  810M    0G  20/ 31U [GameAnalyzer] Income advantage is now SlightDisadvantage
2022-10-24 11:23:46.697 | 01:57   12ms  815M    0G  20/ 31U [GameAnalyzer] Income advantage is now Even
2022-10-24 11:23:46.749 | 01:58   12ms  820M    0G  20/ 31U [GameAnalyzer] Income advantage is now SlightDisadvantage
2022-10-24 11:23:46.830 | 01:58   13ms  825M    0G  20/ 31U [GameAnalyzer] Income advantage is now Even
2022-10-24 11:23:46.862 | 01:58   12ms  825M    0G  20/ 31U [GameAnalyzer] Income advantage is now SlightDisadvantage
2022-10-24 11:23:46.888 | 01:58   12ms  835M    0G  20/ 31U [GameAnalyzer] Income advantage is now Even
2022-10-24 11:23:47.021 | 01:59   10ms  850M    0G  20/ 31U [GameAnalyzer] Income advantage is now SlightDisadvantage
2022-10-24 11:23:47.103 | 02:00   11ms  865M    0G  20/ 31U [GameAnalyzer] Income advantage is now Even
2022-10-24 11:23:47.134 | 02:00   12ms  865M    0G  20/ 31U [GameAnalyzer] Income advantage is now SlightDisadvantage
2022-10-24 11:23:47.188 | 02:00   10ms  865M    0G  20/ 31U [GameAnalyzer] Income advantage is now Even
2022-10-24 11:23:47.370 | 02:01   12ms  880M    0G  20/ 31U [GameAnalyzer] Income advantage is now SlightDisadvantage
2022-10-24 11:23:47.400 | 02:02   12ms  890M    0G  20/ 31U [GameAnalyzer] Income advantage is now Even
2022-10-24 11:23:47.836 | 02:04   10ms  935M    0G  20/ 31U [GameAnalyzer] Income advantage is now SlightDisadvantage
2022-10-24 11:23:47.860 | 02:05   13ms  935M    0G  20/ 31U [GameAnalyzer] Income advantage is now Even
2022-10-24 11:23:48.023 | 02:06   12ms  950M    0G  20/ 31U [GameAnalyzer] Income advantage is now SlightDisadvantage
2022-10-24 11:23:48.047 | 02:06   12ms  955M    0G  20/ 31U [GameAnalyzer] Income advantage is now Even
2022-10-24 11:23:48.127 | 02:06   10ms  925M    0G  20/ 31U [ActUnit] SCV from COMMANDCENTER at (166.5, 143.5)
2022-10-24 11:23:48.163 | 02:06   11ms  925M    0G  21/ 31U [GameAnalyzer] Income advantage is now SlightDisadvantage
2022-10-24 11:23:48.247 | 02:07   10ms  935M    0G  21/ 31U [GameAnalyzer] Income advantage is now Even
2022-10-24 11:23:48.339 | 02:08   11ms  935M    0G  21/ 31U [GameAnalyzer] Income advantage is now SlightDisadvantage
2022-10-24 11:23:48.424 | 02:08   12ms  945M    0G  21/ 31U [GameAnalyzer] Income advantage is now Even
2022-10-24 11:23:50.034 | 02:18   11ms 1140M    0G  21/ 31U [GameAnalyzer] Income advantage is now SlightDisadvantage
2022-10-24 11:23:50.064 | 02:18   14ms 1145M    0G  21/ 31U [GameAnalyzer] Income advantage is now Even
2022-10-24 11:23:50.066 | 02:18   14ms 1095M    0G  21/ 31U [ActUnit] SCV from COMMANDCENTER at (166.5, 143.5)
2022-10-24 11:23:50.107 | INFO     | sc2.protocol:_execute:72 - Client status changed to Status.ended (was Status.in_game)
2022-10-24 11:23:50.109 | Result: Defeat
2022-10-24 11:23:50.109 | Duration: 02:19
2022-10-24 11:23:50.110 | Step time min: 5
2022-10-24 11:23:50.110 | Step time avg: 10
2022-10-24 11:23:50.111 | Step time max: 113
2022-10-24 11:23:50.112 | [LostUnitsContents] My lost units minerals and gas: (0, 0)
2022-10-24 11:23:50.113 | [LostUnitsContents] My lost units minerals by score: 0.0
2022-10-24 11:23:50.114 | [LostUnitsContents] Enemy lost units minerals and gas: (0, 0)
2022-10-24 11:23:50.114 | [LostUnitsContents] Enemy lost units minerals by score: 0.0
2022-10-24 11:23:50.115 | [GameAnalyzerEnd] Own units:
2022-10-24 11:23:50.116 | [GameAnalyzerEnd] SCV               total:  21 alive:  21 dead:   0 
2022-10-24 11:23:50.116 | [GameAnalyzerEnd] SUPPLYDEPOT       total:   2 alive:   2 dead:   0 
2022-10-24 11:23:50.117 | [GameAnalyzerEnd] ORBITALCOMMAND    total:   1 alive:   1 dead:   0 
2022-10-24 11:23:50.118 | [GameAnalyzerEnd] BARRACKS          total:   1 alive:   1 dead:   0 
2022-10-24 11:23:50.118 | [GameAnalyzerEnd] MULE              total:   1 alive:   1 dead:   0 
2022-10-24 11:23:50.119 | [GameAnalyzerEnd] Enemy units:
2022-10-24 11:23:50.120 | [GameAnalyzerEnd] SCV               total:  19 alive:  19 dead:   0 
2022-10-24 11:23:50.120 | [GameAnalyzerEnd] BARRACKS          total:   2 alive:   2 dead:   0 
2022-10-24 11:23:50.121 | [GameAnalyzerEnd] SUPPLYDEPOT       total:   1 alive:   1 dead:   0 
2022-10-24 11:23:50.121 | [GameAnalyzerEnd] COMMANDCENTER     total:   1 alive:   1 dead:   0 
2022-10-24 11:23:50.122 | [GameAnalyzerEnd] REFINERY          total:   1 alive:   1 dead:   0 
2022-10-24 11:23:50.123 | [GameAnalyzerEnd] Minerals max 1130 Average 396
2022-10-24 11:23:50.124 | [GameAnalyzerEnd] Vespene max 0 Average 0
2022-10-24 11:23:50.128 | INFO     | sc2.main:_play_game:228 - Result for player 1 - Bot Turtles(Terran): Defeat
2022-10-24 11:23:51.198 | INFO     | sc2.protocol:__request:48 - Cannot receive: Game has already ended.
2022-10-24 11:23:51.200 | INFO     | sc2.sc2process:_close_connection:231 - Closing connection at 61924...
2022-10-24 11:23:51.201 | INFO     | sc2.sc2process:kill_all:33 - kill_switch: Process cleanup for 1 processes
