2022-11-04 19:21:10.634 | INFO     | sc2.protocol:_execute:72 - Client status changed to Status.launched (was None)
2022-11-04 19:21:10.636 | INFO     | sc2.controller:create_game:37 - Creating new game
2022-11-04 19:21:10.638 | INFO     | sc2.controller:create_game:38 - Map:     OxideAIE
2022-11-04 19:21:10.639 | INFO     | sc2.controller:create_game:39 - Players: Bot Turtles(Terran), Computer VeryHard(Random, RandomBuild)
2022-11-04 19:21:10.641 | INFO     | sc2.protocol:_execute:72 - Client status changed to Status.init_game (was Status.launched)
2022-11-04 19:21:22.229 | INFO     | sc2.protocol:_execute:72 - Client status changed to Status.in_game (was None)
2022-11-04 19:21:22.231 | INFO     | sc2.main:_play_game:221 - Player 1 - Bot Turtles(Terran)
2022-11-04 19:21:22.749 | 00:00    0ms    0M    0G  12/ 15U [Version] 5.0.10.88500
2022-11-04 19:21:22.751 | 00:00    0ms    0M    0G  12/ 15U [Version] 5.0.6 Balance mod recognized.
2022-11-04 19:21:22.817 | 00:00    0ms    0M    0G  12/ 15U [ZoneManager] Map set to: MapName.Oxide from name: Oxide AIE and hash: 3281780.
2022-11-04 19:21:23.589 | [Start] My race: Terran
2022-11-04 19:21:23.591 | [Start] Opponent race: Random
2022-11-04 19:21:23.592 | [Start] OpponentId: None
2022-11-04 19:21:23.771 | 00:00    7ms    0M    0G  13/ 15U [GameAnalyzer] Income advantage is now SlightDisadvantage
2022-11-04 19:21:23.837 | 00:01    6ms    0M    0G  13/ 15U [GameAnalyzer] Income advantage is now Even
2022-11-04 19:21:24.649 | 00:09    5ms   85M    0G  13/ 15U [GameAnalyzer] Income advantage is now SlightDisadvantage
2022-11-04 19:21:24.681 | 00:09    7ms   90M    0G  13/ 15U [GameAnalyzer] Income advantage is now Even
2022-11-04 19:21:25.164 | 00:14    5ms    0M    0G  13/ 15U [ActUnit] SCV from COMMANDCENTER at (147.5, 147.5)
2022-11-04 19:21:25.995 | 00:22    6ms  100M    0G  14/ 15U [GameAnalyzer] Income advantage is now SlightDisadvantage
2022-11-04 19:21:26.015 | 00:22    7ms  100M    0G  14/ 15U [GameAnalyzer] Income advantage is now Even
2022-11-04 19:21:26.522 | 00:26    9ms  110M    0G  14/ 15U [ActUnit] SCV from COMMANDCENTER at (147.5, 147.5)
2022-11-04 19:21:27.872 | 00:36    9ms    0M    0G  15/ 23U [BuildGas] Building REFINERY to (143.5, 154.5)
2022-11-04 19:21:28.363 | 00:40    7ms   35M    0G  15/ 23U [GameAnalyzer] Income advantage is now SlightDisadvantage
2022-11-04 19:21:28.406 | 00:40    7ms   40M    0G  15/ 23U [GameAnalyzer] Income advantage is now Even
2022-11-04 19:21:28.449 | 00:41    6ms    0M    0G  15/ 23U [ActUnit] SCV from COMMANDCENTER at (147.5, 147.5)
2022-11-04 19:21:29.800 | 00:53    8ms  105M    0G  16/ 23U [ActUnit] SCV from COMMANDCENTER at (147.5, 147.5)
2022-11-04 19:21:31.130 | 01:05    6ms  205M    8G  17/ 23U [ActUnit] SCV from COMMANDCENTER at (147.5, 147.5)
2022-11-04 19:21:32.810 | 01:14   23ms  305M   28G  18/ 23U [GameAnalyzer] Income advantage is now SlightAdvantage
2022-11-04 19:21:32.951 | 01:14   23ms  310M   28G  18/ 23U [GameAnalyzer] Income advantage is now Even
2022-11-04 19:21:33.360 | 01:17    8ms  345M   36G  18/ 23U [GameAnalyzer] Predicted army advantage is now SlightDisadvantage
2022-11-04 19:21:33.361 | 01:17    8ms  295M   36G  18/ 23U [ActUnit] SCV from COMMANDCENTER at (147.5, 147.5)
2022-11-04 19:21:33.410 | 01:17   10ms  300M   36G  19/ 23U [GameAnalyzer] Income advantage is now SlightAdvantage
2022-11-04 19:21:33.461 | 01:18    9ms  300M   40G  19/ 23U [GameAnalyzer] Income advantage is now Even
2022-11-04 19:21:34.070 | 01:22   10ms  160M   48G  19/ 23U [TerranUnit] MARINE from BARRACKS at (150.5, 155.5)
2022-11-04 19:21:35.068 | 01:28    9ms  390M   64G  20/ 23U [GameAnalyzer] Income advantage is now SlightDisadvantage
2022-11-04 19:21:35.127 | 01:28    9ms  395M   68G  20/ 23U [GameAnalyzer] Income advantage is now Even
2022-11-04 19:21:35.763 | 01:31   12ms  280M   76G  20/ 23U [GameAnalyzer] Income advantage is now SlightDisadvantage
2022-11-04 19:21:35.787 | 01:31   11ms  290M   76G  20/ 23U [GameAnalyzer] Income advantage is now Even
2022-11-04 19:21:35.919 | 01:32   11ms  305M   76G  20/ 23U [GameAnalyzer] Income advantage is now SlightDisadvantage
2022-11-04 19:21:35.946 | 01:33   11ms  305M   80G  20/ 23U [GameAnalyzer] Income advantage is now Even
2022-11-04 19:21:36.118 | 01:34    9ms  325M   84G  20/ 23U [GameAnalyzer] Income advantage is now SmallDisadvantage
2022-11-04 19:21:36.959 | 01:40   11ms  420M  100G  20/ 23U [GameAnalyzer] Known army advantage is now SlightAdvantage
2022-11-04 19:21:36.961 | 01:40   11ms  370M   50G  20/ 23U [TerranUnit] REAPER from BARRACKS at (150.5, 155.5)
2022-11-04 19:21:38.981 | 01:54   10ms  430M   86G  21/ 23U [ActUnit] SCV from COMMANDCENTER at (147.5, 147.5)
2022-11-04 19:21:40.737 | 02:06    9ms  585M  122G  22/ 23U [ActUnit] SCV from COMMANDCENTER at (147.5, 147.5)
2022-11-04 19:21:41.409 | 02:11   12ms  675M  134G  23/ 31U [GameAnalyzer] Income advantage is now SlightDisadvantage
2022-11-04 19:21:41.434 | 02:11   11ms  675M  134G  23/ 31U [GameAnalyzer] Income advantage is now SmallDisadvantage
2022-11-04 19:21:41.591 | 02:12   11ms  690M  134G  23/ 31U [BuildAddon] UnitTypeId.BARRACKSREACTOR to (153.0, 155.0)
2022-11-04 19:21:41.623 | 02:12   17ms  640M   88G  23/ 31U [Expand] Expanding to (122.5, 151.5)
2022-11-04 19:21:42.350 | 02:16   13ms  180M   96G  23/ 31U [GameAnalyzer] Income advantage is now Even
2022-11-04 19:21:42.477 | 02:17   13ms   30M    0G  23/ 31U [GameAnalyzer] Income advantage is now SlightDisadvantage
2022-11-04 19:21:42.572 | 02:18   13ms   40M    0G  23/ 31U [GameAnalyzer] Income advantage is now Even
2022-11-04 19:21:42.602 | 02:18   17ms   45M    0G  23/ 31U [GameAnalyzer] Income advantage is now SlightDisadvantage
2022-11-04 19:21:42.634 | 02:18   14ms   50M    4G  23/ 31U [GameAnalyzer] Income advantage is now Even
2022-11-04 19:21:42.664 | 02:18   14ms   50M    4G  23/ 31U [GameAnalyzer] Income advantage is now SlightDisadvantage
2022-11-04 19:21:42.697 | 02:18   16ms   55M    4G  23/ 31U [GameAnalyzer] Income advantage is now Even
2022-11-04 19:21:42.698 | 02:18   16ms    5M    4G  23/ 31U [ActUnit] SCV from COMMANDCENTER at (147.5, 147.5)
2022-11-04 19:21:42.759 | 02:19   13ms    5M    4G  24/ 31U [GameAnalyzer] Income advantage is now SlightDisadvantage
2022-11-04 19:21:42.788 | 02:19   16ms   10M    4G  24/ 31U [GameAnalyzer] Income advantage is now Even
2022-11-04 19:21:43.393 | 02:22   14ms    0M   12G  24/ 31U [BuildGas] Building REFINERY to (154.5, 144.5)
2022-11-04 19:21:43.422 | 02:22   14ms    5M   12G  24/ 31U [GameAnalyzer] Income advantage is now SlightDisadvantage
2022-11-04 19:21:43.458 | 02:23   14ms   10M   16G  24/ 31U [GameAnalyzer] Income advantage is now Even
2022-11-04 19:21:43.610 | 02:23   13ms   20M   16G  24/ 31U [GameAnalyzer] Income advantage is now SlightDisadvantage
2022-11-04 19:21:43.678 | 02:24   15ms   25M   16G  24/ 31U [GameAnalyzer] Income advantage is now Even
2022-11-04 19:21:43.921 | 02:25   12ms   35M   20G  24/ 31U [GameAnalyzer] Income advantage is now SlightDisadvantage
2022-11-04 19:21:43.981 | 02:25   14ms   40M   24G  24/ 31U [GameAnalyzer] Income advantage is now Even
2022-11-04 19:21:44.043 | 02:26   12ms   40M   24G  24/ 31U [GameAnalyzer] Income advantage is now SlightDisadvantage
2022-11-04 19:21:44.190 | 02:27   14ms   55M   24G  24/ 31U [GameAnalyzer] Income advantage is now Even
2022-11-04 19:21:44.286 | 02:27   12ms   60M   28G  24/ 31U [GameAnalyzer] Income advantage is now SlightDisadvantage
2022-11-04 19:21:44.377 | 02:28   12ms   75M   28G  24/ 31U [GameAnalyzer] Income advantage is now Even
2022-11-04 19:21:44.553 | 02:29   14ms  105M   32G  24/ 31U [GameAnalyzer] Income advantage is now SlightDisadvantage
2022-11-04 19:21:44.615 | 02:29   12ms  110M   32G  24/ 31U [GameAnalyzer] Income advantage is now Even
2022-11-04 19:21:44.876 | 02:31   12ms   75M   36G  24/ 31U [ActUnit] SCV from COMMANDCENTER at (147.5, 147.5)
2022-11-04 19:21:45.364 | 02:33   14ms  115M   44G  25/ 31U [GameAnalyzer] Income advantage is now SlightDisadvantage
2022-11-04 19:21:45.457 | 02:34   14ms  130M   44G  25/ 31U [GameAnalyzer] Income advantage is now Even
2022-11-04 19:21:45.547 | 02:35   14ms  155M   48G  25/ 31U [GameAnalyzer] Income advantage is now SlightDisadvantage
2022-11-04 19:21:45.639 | 02:35   14ms  160M   48G  25/ 31U [GameAnalyzer] Income advantage is now Even
2022-11-04 19:21:45.826 | 02:36   15ms  180M   52G  25/ 31U [GameAnalyzer] Income advantage is now SlightDisadvantage
2022-11-04 19:21:45.858 | 02:36   15ms  180M   52G  25/ 31U [GameAnalyzer] Income advantage is now Even
2022-11-04 19:21:46.256 | 02:38   19ms  210M   56G  25/ 31U [GameAnalyzer] Income advantage is now SlightDisadvantage
2022-11-04 19:21:46.290 | 02:39   15ms  215M   56G  25/ 31U [GameAnalyzer] Income advantage is now Even
2022-11-04 19:21:46.667 | 02:41   13ms  245M   64G  25/ 31U [GameAnalyzer] Income advantage is now SlightDisadvantage
2022-11-04 19:21:46.734 | 02:41   13ms  255M   64G  25/ 31U [GameAnalyzer] Income advantage is now Even
2022-11-04 19:21:46.887 | 02:42   14ms  280M   68G  25/ 31U [GameAnalyzer] Income advantage is now SlightDisadvantage
2022-11-04 19:21:46.919 | 02:42   14ms  290M   68G  25/ 31U [GameAnalyzer] Income advantage is now Even
2022-11-04 19:21:47.006 | 02:43   13ms  250M   68G  25/ 31U [ActUnit] SCV from COMMANDCENTER at (147.5, 147.5)
2022-11-04 19:21:47.317 | 02:45   14ms  270M   72G  26/ 31U [GameAnalyzer] Income advantage is now SlightDisadvantage
2022-11-04 19:21:47.350 | 02:45   15ms  270M   76G  26/ 31U [GameAnalyzer] Income advantage is now Even
2022-11-04 19:21:47.477 | 02:45   13ms  290M   76G  26/ 31U [GameAnalyzer] Income advantage is now SlightDisadvantage
2022-11-04 19:21:47.537 | 02:46   14ms  300M   76G  26/ 31U [GameAnalyzer] Income advantage is now Even
2022-11-04 19:21:47.902 | 02:48   15ms  195M   84G  26/ 31U [TerranUnit] MARINE from BARRACKS at (150.5, 155.5)
2022-11-04 19:21:47.929 | 02:48   14ms  145M   84G  27/ 31U [TerranUnit] MARINE from BARRACKS at (150.5, 155.5)
2022-11-04 19:21:48.053 | 02:49   13ms  145M   84G  28/ 31U [GameAnalyzer] Income advantage is now SlightDisadvantage
2022-11-04 19:21:48.115 | 02:49   13ms  150M   88G  28/ 31U [GameAnalyzer] Income advantage is now Even
2022-11-04 19:21:48.317 | 02:50   13ms  175M   96G  28/ 31U [GameAnalyzer] Known army advantage is now SlightDisadvantage
2022-11-04 19:21:48.318 | 02:50   13ms  175M   96G  28/ 31U [GameAnalyzer] Predicted army advantage is now SmallDisadvantage
2022-11-04 19:21:48.628 | 02:52   13ms  190M  104G  28/ 31U [GameAnalyzer] Income advantage is now SlightDisadvantage
2022-11-04 19:21:48.699 | 02:52   15ms  200M  108G  28/ 31U [GameAnalyzer] Income advantage is now Even
2022-11-04 19:21:48.822 | 02:53   13ms  205M  108G  28/ 31U [GameAnalyzer] Income advantage is now SlightDisadvantage
2022-11-04 19:21:48.956 | 02:54   13ms  210M  112G  28/ 31U [GameAnalyzer] Income advantage is now Even
2022-11-04 19:21:49.051 | 02:54   13ms  245M  112G  28/ 31U [GameAnalyzer] Income advantage is now SlightDisadvantage
2022-11-04 19:21:49.085 | 02:54   16ms  245M  112G  28/ 31U [GameAnalyzer] Income advantage is now Even
2022-11-04 19:21:49.181 | 02:55   15ms  200M  120G  28/ 31U [ActUnit] SCV from COMMANDCENTER at (147.5, 147.5)
2022-11-04 19:21:49.219 | 02:55   15ms  200M  120G  29/ 31U [GameAnalyzer] Income advantage is now SlightDisadvantage
2022-11-04 19:21:49.252 | 02:55   15ms  200M  120G  29/ 31U [GameAnalyzer] Income advantage is now Even
2022-11-04 19:21:49.288 | 02:55   16ms  200M  120G  29/ 31U [GameAnalyzer] Known army advantage is now Even
2022-11-04 19:21:49.321 | 02:56   16ms  200M  120G  29/ 31U [GameAnalyzer] Income advantage is now SlightDisadvantage
2022-11-04 19:21:49.389 | 02:56   15ms  220M  120G  29/ 31U [GameAnalyzer] Income advantage is now Even
2022-11-04 19:21:49.468 | 02:56   14ms  220M  124G  29/ 31U [GameAnalyzer] Income advantage is now SlightDisadvantage
2022-11-04 19:21:49.644 | 02:57   13ms  230M  124G  29/ 31U [GameAnalyzer] Income advantage is now Even
2022-11-04 19:21:49.711 | 02:58   15ms  235M  124G  29/ 31U [GameAnalyzer] Income advantage is now SlightDisadvantage
2022-11-04 19:21:49.791 | 02:58   14ms  240M  132G  29/ 31U [GameAnalyzer] Income advantage is now Even
2022-11-04 19:21:49.822 | 02:58   16ms  240M  132G  29/ 31U [GameAnalyzer] Income advantage is now SlightDisadvantage
2022-11-04 19:21:49.856 | 02:58   15ms  245M  132G  29/ 31U [GameAnalyzer] Income advantage is now Even
2022-11-04 19:21:49.890 | 02:58   16ms  245M  132G  29/ 31U [GameAnalyzer] Income advantage is now SlightDisadvantage
2022-11-04 19:21:49.989 | 02:59   14ms  255M  136G  29/ 31U [GameAnalyzer] Income advantage is now Even
2022-11-04 19:21:50.089 | 03:00   14ms  260M  140G  29/ 31U [GameAnalyzer] Income advantage is now SlightDisadvantage
2022-11-04 19:21:50.189 | 03:00   13ms  265M  140G  29/ 31U [GameAnalyzer] Income advantage is now Even
2022-11-04 19:21:50.339 | 03:01   16ms  275M  144G  29/ 31U [GameAnalyzer] Income advantage is now SlightDisadvantage
2022-11-04 19:21:50.444 | 03:01   16ms  285M  148G  29/ 31U [GameAnalyzer] Income advantage is now Even
2022-11-04 19:21:50.506 | 03:01   15ms  285M  148G  29/ 31U [GameAnalyzer] Income advantage is now SlightDisadvantage
2022-11-04 19:21:50.606 | 03:02   14ms  290M  152G  29/ 31U [BuildAddon] UnitTypeId.BARRACKSTECHLAB to (141.0, 145.0)
2022-11-04 19:21:50.650 | 03:02   18ms  250M  131G  29/ 31U [GameAnalyzer] Income advantage is now Even
2022-11-04 19:21:50.686 | 03:02   18ms  255M  131G  29/ 31U [GameAnalyzer] Income advantage is now SlightDisadvantage
2022-11-04 19:21:50.760 | 03:03   14ms   60M  131G  29/ 31U [BuildAddon] UnitTypeId.FACTORYREACTOR to (159.0, 150.0)
2022-11-04 19:21:51.205 | 03:05   14ms   45M   93G  29/ 31U [GameAnalyzer] Income advantage is now Even
2022-11-04 19:21:51.274 | 03:05   14ms   45M   93G  29/ 31U [GameAnalyzer] Income advantage is now SlightDisadvantage
2022-11-04 19:21:51.380 | 03:06   14ms   50M   97G  29/ 31U [GameAnalyzer] Known army advantage is now SlightAdvantage
2022-11-04 19:21:51.385 | 03:06   14ms    0M   97G  29/ 31U [TerranUnit] MARINE from BARRACKS at (150.5, 155.5)
2022-11-04 19:21:51.415 | 03:06   16ms    5M   97G  30/ 31U [GameAnalyzer] Income advantage is now Even
2022-11-04 19:21:51.484 | 03:06   14ms    5M   97G  30/ 31U [GameAnalyzer] Income advantage is now SlightDisadvantage
2022-11-04 19:21:51.687 | 03:07   14ms   50M  105G  30/ 31U [GameAnalyzer] Income advantage is now Even
2022-11-04 19:21:51.688 | 03:07   14ms    0M  105G  30/ 31U [ActUnit] SCV from COMMANDCENTER at (147.5, 147.5)
2022-11-04 19:21:51.761 | 03:08   15ms    5M  105G  31/ 31U [GameAnalyzer] Income advantage is now SlightDisadvantage
2022-11-04 19:21:51.974 | 03:09   18ms  125M  113G  31/ 31U [GameAnalyzer] Income advantage is now Even
2022-11-04 19:21:52.250 | 03:10   15ms  140M  117G  31/ 31U [GameAnalyzer] Income advantage is now SlightDisadvantage
2022-11-04 19:21:52.319 | 03:11   15ms  145M  121G  31/ 31U [GameAnalyzer] Income advantage is now Even
2022-11-04 19:21:52.474 | 03:11   14ms    5M   25G  31/ 31U [GameAnalyzer] Income advantage is now SlightDisadvantage
2022-11-04 19:21:52.582 | 03:12   14ms   15M   29G  31/ 31U [GameAnalyzer] Income advantage is now Even
2022-11-04 19:21:52.651 | 03:12   15ms   15M   29G  31/ 31U [GameAnalyzer] Income advantage is now SlightDisadvantage
2022-11-04 19:21:52.991 | 03:14   14ms   50M   37G  31/ 31U [GameAnalyzer] Income advantage is now Even
2022-11-04 19:21:53.071 | 03:14   18ms   75M   41G  31/ 39U [GameAnalyzer] Income advantage is now SlightDisadvantage
2022-11-04 19:21:53.075 | 03:14   18ms   25M   41G  31/ 39U [TerranUnit] MARINE from BARRACKS at (150.5, 155.5)
2022-11-04 19:21:53.175 | 03:15   14ms   35M   45G  32/ 39U [GameAnalyzer] Income advantage is now Even
2022-11-04 19:21:53.249 | 03:15   16ms   35M   45G  32/ 39U [GameAnalyzer] Income advantage is now SlightDisadvantage
2022-11-04 19:21:53.285 | 03:15   16ms   45M   45G  32/ 39U [GameAnalyzer] Income advantage is now Even
2022-11-04 19:21:53.564 | 03:17   16ms   65M   53G  32/ 39U [GameAnalyzer] Income advantage is now SlightDisadvantage
2022-11-04 19:21:53.708 | 03:18   16ms   80M   61G  32/ 39U [GameAnalyzer] Income advantage is now Even
2022-11-04 19:21:53.851 | 03:18   14ms   85M   61G  31/ 39U [GameAnalyzer] Known army advantage is now Even
2022-11-04 19:21:53.884 | 03:18   17ms   90M   61G  31/ 39U [GameAnalyzer] Income advantage is now SlightDisadvantage
2022-11-04 19:21:53.919 | 03:19   15ms   95M   65G  31/ 39U [GameAnalyzer] Income advantage is now Even
2022-11-04 19:21:54.017 | 03:19   13ms  100M   69G  31/ 39U [GameAnalyzer] Income advantage is now SlightDisadvantage
2022-11-04 19:21:54.057 | 03:19   15ms  105M   69G  31/ 39U [GameAnalyzer] Income advantage is now Even
2022-11-04 19:21:54.087 | 03:20   16ms   55M   69G  31/ 39U [ActUnit] SCV from COMMANDCENTER at (147.5, 147.5)
2022-11-04 19:21:54.203 | 03:20   14ms   15M   69G  32/ 39U [TerranUnit] MARINE from BARRACKS at (138.5, 145.5)
2022-11-04 19:21:54.238 | 03:20   15ms   15M   73G  33/ 39U [GameAnalyzer] Income advantage is now SlightDisadvantage
2022-11-04 19:21:54.309 | 03:21   15ms   25M   77G  33/ 39U [GameAnalyzer] Income advantage is now Even
2022-11-04 19:21:54.448 | 03:21   13ms   60M   77G  33/ 39U [GameAnalyzer] Income advantage is now SlightDisadvantage
2022-11-04 19:21:54.514 | 03:22   15ms   65M   81G  33/ 39U [GameAnalyzer] Income advantage is now Even
2022-11-04 19:21:54.583 | 03:22   13ms   70M   85G  33/ 39U [GameAnalyzer] Income advantage is now SlightDisadvantage
2022-11-04 19:21:54.618 | 03:22   16ms   80M   85G  33/ 39U [GameAnalyzer] Income advantage is now Even
2022-11-04 19:21:54.812 | 03:23   15ms   90M   89G  33/ 39U [GameAnalyzer] Income advantage is now SlightDisadvantage
2022-11-04 19:21:54.842 | 03:23   14ms   95M   93G  33/ 39U [GameAnalyzer] Income advantage is now Even
2022-11-04 19:21:54.881 | 03:24   15ms   95M   93G  33/ 39U [GameAnalyzer] Known army advantage is now SlightAdvantage
2022-11-04 19:21:54.884 | 03:24   15ms   45M   93G  33/ 39U [TerranUnit] MARINE from BARRACKS at (150.5, 155.5)
2022-11-04 19:21:55.068 | 03:25   13ms   60M   97G  34/ 39U [GameAnalyzer] Income advantage is now SlightDisadvantage
2022-11-04 19:21:55.198 | 03:25   14ms   75M  101G  34/ 39U [GameAnalyzer] Income advantage is now Even
2022-11-04 19:21:55.324 | 03:26   13ms   85M  105G  34/ 47U [GameAnalyzer] Income advantage is now SlightDisadvantage
2022-11-04 19:21:55.387 | 03:26   15ms  100M  109G  34/ 47U [GameAnalyzer] Income advantage is now Even
2022-11-04 19:21:55.390 | 03:26   15ms  100M  109G  34/ 47U [Tech] Started STIMPACK
2022-11-04 19:21:55.484 | 03:27   15ms    0M    9G  34/ 47U [GameAnalyzer] Income advantage is now SlightDisadvantage
2022-11-04 19:21:55.590 | 03:28   14ms   15M   13G  34/ 47U [GameAnalyzer] Income advantage is now Even
2022-11-04 19:21:56.426 | 03:32   14ms  105M   37G  34/ 62U [GameAnalyzer] Income advantage is now SlightDisadvantage
2022-11-04 19:21:56.468 | 03:32   17ms  110M   41G  34/ 62U [GameAnalyzer] Known army advantage is now SmallAdvantage
2022-11-04 19:21:56.470 | 03:32   17ms  110M   41G  34/ 62U [GameAnalyzer] Predicted army advantage is now SlightDisadvantage
2022-11-04 19:21:56.503 | 03:32   19ms  120M   41G  34/ 62U [GameAnalyzer] Income advantage is now Even
2022-11-04 19:21:56.688 | 03:33   17ms  145M   41G  34/ 62U [GameAnalyzer] Income advantage is now SlightDisadvantage
2022-11-04 19:21:56.757 | 03:34   15ms  145M   45G  34/ 62U [GameAnalyzer] Income advantage is now Even
2022-11-04 19:21:57.109 | 03:35   21ms    5M   57G  34/ 62U [TerranUnit] MARINE from BARRACKS at (150.5, 155.5)
2022-11-04 19:21:57.390 | 03:37   16ms   20M   65G  35/ 62U [GameAnalyzer] Income advantage is now SlightDisadvantage
2022-11-04 19:21:57.507 | 03:37   16ms   45M   65G  35/ 62U [GameAnalyzer] Income advantage is now Even
2022-11-04 19:21:59.204 | 03:38   15ms   10M   69G  35/ 62U [TerranUnit] MARINE from BARRACKS at (138.5, 145.5)
2022-11-04 19:21:59.637 | 03:40   21ms   35M   81G  36/ 62U [GameAnalyzer] Income advantage is now SlightDisadvantage
2022-11-04 19:21:59.709 | 03:40   16ms   45M   81G  36/ 62U [GameAnalyzer] Income advantage is now Even
2022-11-04 19:21:59.905 | 03:41   17ms   60M   85G  36/ 62U [GameAnalyzer] Income advantage is now SlightDisadvantage
2022-11-04 19:21:59.985 | 03:41   15ms   70M   89G  36/ 62U [GameAnalyzer] Income advantage is now Even
2022-11-04 19:22:00.023 | 03:41   20ms   75M   89G  36/ 62U [GameAnalyzer] Predicted army advantage is now Even
2022-11-04 19:22:00.026 | 03:41   20ms   25M   89G  36/ 62U [TerranUnit] MARINE from BARRACKS at (150.5, 155.5)
2022-11-04 19:22:00.111 | 03:42   16ms   30M   89G  37/ 62U [GameAnalyzer] Income advantage is now SlightDisadvantage
2022-11-04 19:22:00.191 | 03:42   16ms   70M   93G  37/ 62U [GameAnalyzer] Income advantage is now Even
2022-11-04 19:22:00.433 | 03:43   16ms   75M   97G  37/ 62U [GameAnalyzer] Income advantage is now SlightDisadvantage
2022-11-04 19:22:00.512 | 03:44   18ms   90M   97G  37/ 62U [GameAnalyzer] Income advantage is now Even
2022-11-04 19:22:01.905 | 03:50   16ms  230M  137G  37/ 62U [GameAnalyzer] Income advantage is now SlightDisadvantage
2022-11-04 19:22:01.937 | 03:50   18ms  240M  137G  37/ 62U [GameAnalyzer] Income advantage is now Even
2022-11-04 19:22:02.556 | 03:53   14ms  305M  153G  37/ 62U [GameAnalyzer] Predicted army advantage is now SlightAdvantage
2022-11-04 19:22:02.558 | 03:53   14ms  255M  153G  37/ 62U [TerranUnit] MARINE from BARRACKS at (150.5, 155.5)
2022-11-04 19:22:02.820 | 03:54   17ms  280M  161G  38/ 62U [GameAnalyzer] Income advantage is now SlightDisadvantage
2022-11-04 19:22:02.860 | 03:55   17ms  290M  161G  38/ 62U [GameAnalyzer] Income advantage is now Even
2022-11-04 19:22:03.124 | 03:56   15ms  270M  169G  38/ 62U [TerranUnit] MARINE from BARRACKS at (138.5, 145.5)
2022-11-04 19:22:03.814 | 03:59   15ms  320M  185G  39/ 62U [ActUnit] SCV from COMMANDCENTER at (147.5, 147.5)
2022-11-04 19:22:03.873 | 03:59   18ms  280M  185G  40/ 62U [ActUnit] SCV from COMMANDCENTER at (122.5, 151.5)
2022-11-04 19:22:03.908 | 03:59   17ms  285M  185G  41/ 62U [GameAnalyzer] Known army advantage is now ClearAdvantage
2022-11-04 19:22:03.909 | 03:59   17ms  285M  185G  41/ 62U [GameAnalyzer] Predicted army advantage is now SmallAdvantage
2022-11-04 19:22:03.912 | 03:59   17ms  235M  185G  41/ 62U [TerranUnit] MARINE from BARRACKS at (150.5, 155.5)
2022-11-04 19:22:05.003 | 04:04   16ms  360M  213G  42/ 62U [GameAnalyzer] Income advantage is now SlightDisadvantage
2022-11-04 19:22:05.044 | 04:05   19ms  365M  213G  42/ 62U [GameAnalyzer] Income advantage is now Even
2022-11-04 19:22:05.158 | 04:05   17ms  370M  217G  42/ 62U [BuildAddon] UnitTypeId.FACTORYTECHLAB to (151.0, 136.0)
2022-11-04 19:22:05.381 | 04:06   17ms  350M  200G  42/ 62U [GameAnalyzer] Income advantage is now SlightDisadvantage
2022-11-04 19:22:05.418 | 04:06   16ms  355M  200G  42/ 62U [GameAnalyzer] Income advantage is now Even
2022-11-04 19:22:05.725 | 04:08   17ms  400M  208G  42/ 62U [GameAnalyzer] Income advantage is now SlightDisadvantage
2022-11-04 19:22:05.759 | 04:08   17ms  415M  208G  42/ 62U [GameAnalyzer] Income advantage is now Even
2022-11-04 19:22:06.383 | 04:11   16ms  460M  224G  42/ 62U [TerranUnit] MARINE from BARRACKS at (150.5, 155.5)
2022-11-04 19:22:06.419 | 04:11   17ms  415M  224G  43/ 62U [ActUnit] SCV from COMMANDCENTER at (147.5, 147.5)
2022-11-04 19:22:06.460 | 04:11   17ms  365M  224G  44/ 62U [ActUnit] SCV from COMMANDCENTER at (122.5, 151.5)
2022-11-04 19:22:06.970 | 04:14   18ms  270M  240G  45/ 62U [TerranUnit] MARINE from BARRACKS at (138.5, 145.5)
2022-11-04 19:22:07.773 | 04:17   16ms  360M  256G  46/ 62U [TerranUnit] MARINE from BARRACKS at (150.5, 155.5)
2022-11-04 19:22:07.818 | 04:17   19ms  260M  156G  47/ 62U [TerranUnit] MEDIVAC from STARPORT at (156.5, 150.5)
2022-11-04 19:22:07.858 | 04:18   19ms  160M   60G  49/ 62U [TerranUnit] MEDIVAC from STARPORT at (156.5, 150.5)
2022-11-04 19:22:09.151 | 04:23   17ms  270M   88G  51/ 62U [ActUnit] SCV from COMMANDCENTER at (147.5, 147.5)
2022-11-04 19:22:09.191 | 04:23   18ms  220M   92G  52/ 62U [ActUnit] SCV from COMMANDCENTER at (122.5, 151.5)
2022-11-04 19:22:10.400 | 04:29   16ms  275M  120G  53/ 62U [GameAnalyzer] Predicted army advantage is now ClearAdvantage
2022-11-04 19:22:11.920 | 04:35   17ms  410M  156G  53/ 62U [ActUnit] SCV from COMMANDCENTER at (147.5, 147.5)
2022-11-04 19:22:11.961 | 04:36   21ms  365M  160G  54/ 62U [ActUnit] SCV from COMMANDCENTER at (122.5, 151.5)
2022-11-04 19:22:15.239 | 04:48   18ms  775M  224G  55/ 70U [GameAnalyzer] Known army advantage is now OverwhelmingAdvantage
2022-11-04 19:22:15.241 | 04:48   18ms  725M  224G  55/ 70U [ActUnit] SCV from COMMANDCENTER at (147.5, 147.5)
2022-11-04 19:22:15.327 | 04:48   25ms  685M  224G  56/ 70U [ActUnit] SCV from COMMANDCENTER at (122.5, 151.5)
2022-11-04 19:22:15.392 | 04:48   25ms  690M  224G  57/ 70U [GameAnalyzer] Income advantage is now SlightAdvantage
2022-11-04 19:22:15.465 | 04:48   24ms  690M  224G  57/ 70U [GameAnalyzer] Income advantage is now Even
2022-11-04 19:22:16.086 | 04:50   21ms  770M  232G  57/ 78U [GameAnalyzer] Income advantage is now SlightAdvantage
2022-11-04 19:22:16.297 | 04:50   22ms  785M  240G  57/ 78U [GameAnalyzer] Income advantage is now Even
2022-11-04 19:22:16.676 | 04:51   22ms  805M  244G  57/ 78U [GameAnalyzer] Income advantage is now SlightAdvantage
2022-11-04 19:22:16.806 | 04:52   24ms  810M  248G  57/ 78U [GameAnalyzer] Income advantage is now Even
2022-11-04 19:22:16.858 | 04:52   23ms  820M  248G  57/ 78U [GameAnalyzer] Income advantage is now SlightAdvantage
2022-11-04 19:22:17.057 | 04:53   23ms  835M  248G  57/ 78U [GameAnalyzer] Income advantage is now Even
2022-11-04 19:22:17.315 | 04:53   23ms  860M  256G  57/ 78U [GameAnalyzer] Income advantage is now SlightAdvantage
2022-11-04 19:22:17.381 | 04:53   23ms  890M  256G  57/ 78U [GameAnalyzer] Income advantage is now Even
2022-11-04 19:22:17.670 | 04:54   22ms  910M  256G  57/ 78U [GameAnalyzer] Income advantage is now SlightAdvantage
2022-11-04 19:22:17.743 | 04:54   24ms  915M  256G  57/ 78U [GameAnalyzer] Income advantage is now Even
2022-11-04 19:22:17.805 | 04:55   24ms  920M  260G  57/ 78U [GameAnalyzer] Income advantage is now SlightAdvantage
2022-11-04 19:22:17.871 | 04:55   23ms  925M  264G  57/ 78U [GameAnalyzer] Income advantage is now Even
2022-11-04 19:22:17.981 | 04:55   21ms  935M  264G  57/ 78U [GameAnalyzer] Income advantage is now SlightAdvantage
2022-11-04 19:22:18.042 | 04:55   23ms  935M  264G  57/ 78U [GameAnalyzer] Income advantage is now Even
2022-11-04 19:22:18.168 | 04:56   22ms  950M  264G  57/ 78U [GameAnalyzer] Income advantage is now SlightAdvantage
2022-11-04 19:22:18.234 | 04:56   22ms  950M  264G  57/ 78U [GameAnalyzer] Income advantage is now Even
2022-11-04 19:22:18.490 | 04:56   22ms  970M  272G  57/ 78U [GameAnalyzer] Income advantage is now SlightAdvantage
2022-11-04 19:22:18.678 | 04:57   23ms 1005M  272G  57/ 78U [GameAnalyzer] Income advantage is now Even
2022-11-04 19:22:18.927 | 04:58   21ms 1040M  280G  57/ 78U [GameAnalyzer] Income advantage is now SlightAdvantage
2022-11-04 19:22:18.992 | 04:58   23ms 1040M  280G  57/ 78U [GameAnalyzer] Income advantage is now Even
2022-11-04 19:22:19.222 | 04:59   23ms 1060M  280G  57/ 78U [GameAnalyzer] Income advantage is now SlightAdvantage
2022-11-04 19:22:19.287 | 04:59   23ms 1065M  284G  57/ 78U [GameAnalyzer] Income advantage is now Even
2022-11-04 19:22:19.593 | 05:00   23ms 1045M  288G  57/ 78U [ActUnit] SCV from COMMANDCENTER at (147.5, 147.5)
2022-11-04 19:22:19.642 | 05:00   23ms  995M  288G  58/ 78U [ActUnit] SCV from COMMANDCENTER at (122.5, 151.5)
2022-11-04 19:22:19.705 | 05:00   24ms 1005M  288G  59/ 78U [GameAnalyzer] Income advantage is now SlightAdvantage
2022-11-04 19:22:19.768 | 05:00   26ms 1010M  288G  59/ 78U [GameAnalyzer] Income advantage is now Even
2022-11-04 19:22:19.833 | 05:00   23ms 1040M  292G  59/ 78U [GameAnalyzer] Income advantage is now SlightAdvantage
2022-11-04 19:22:20.414 | 05:02   21ms 1085M  304G  59/ 78U [GameAnalyzer] Income advantage is now SmallAdvantage
2022-11-04 19:22:20.482 | 05:02   24ms 1085M  304G  59/ 78U [GameAnalyzer] Income advantage is now SlightAdvantage
2022-11-04 19:22:20.609 | 05:03   22ms 1095M  304G  59/ 78U [GameAnalyzer] Income advantage is now SlightDisadvantage
2022-11-04 19:22:20.737 | 05:03   27ms 1105M  304G  59/ 78U [GameAnalyzer] Income advantage is now Even
2022-11-04 19:22:20.819 | 05:03   26ms 1105M  308G  59/ 78U [GameAnalyzer] Income advantage is now SlightDisadvantage
2022-11-04 19:22:21.164 | 05:04   24ms 1170M  312G  59/ 78U [GameAnalyzer] Income advantage is now Even
2022-11-04 19:22:21.320 | 05:05   26ms 1180M  312G  59/ 78U [GameAnalyzer] Income advantage is now SlightDisadvantage
2022-11-04 19:22:21.388 | 05:05   26ms 1180M  316G  59/ 78U [GameAnalyzer] Predicted army advantage is now Even
2022-11-04 19:22:21.519 | 05:05   26ms 1195M  320G  59/ 78U [GameAnalyzer] Income advantage is now Even
2022-11-04 19:22:21.725 | 05:06   28ms 1205M  320G  59/ 78U [GameAnalyzer] Income advantage is now SlightDisadvantage
2022-11-04 19:22:21.787 | 05:06   25ms 1210M  320G  59/ 78U [GameAnalyzer] Income advantage is now Even
2022-11-04 19:22:21.855 | 05:06   25ms 1210M  320G  59/ 78U [GameAnalyzer] Income advantage is now SlightDisadvantage
2022-11-04 19:22:22.059 | 05:06   25ms 1235M  328G  59/ 78U [GameAnalyzer] Income advantage is now Even
2022-11-04 19:22:22.119 | 05:07   28ms 1245M  328G  59/ 78U [GameAnalyzer] Known army advantage is now ClearAdvantage
2022-11-04 19:22:22.271 | 05:07   28ms 1250M  328G  59/ 78U [GameAnalyzer] Income advantage is now SlightDisadvantage
2022-11-04 19:22:22.401 | 05:07   25ms 1260M  328G  59/ 78U [GameAnalyzer] Income advantage is now Even
2022-11-04 19:22:22.474 | 05:08   26ms 1285M  328G  59/ 78U [GameAnalyzer] Income advantage is now SlightDisadvantage
2022-11-04 19:22:22.752 | 05:08   27ms 1305M  336G  59/ 78U [GameAnalyzer] Income advantage is now Even
2022-11-04 19:22:22.840 | 05:08   26ms 1305M  336G  59/ 78U [GameAnalyzer] Income advantage is now SlightDisadvantage
2022-11-04 19:22:22.991 | 05:09   30ms 1330M  336G  59/ 78U [GameAnalyzer] Income advantage is now SmallDisadvantage
2022-11-04 19:22:23.059 | 05:09   27ms 1335M  336G  59/ 78U [GameAnalyzer] Income advantage is now SlightDisadvantage
2022-11-04 19:22:23.195 | 05:09   29ms 1355M  340G  59/ 78U [GameAnalyzer] Income advantage is now Even
2022-11-04 19:22:23.265 | 05:10   27ms 1355M  344G  59/ 78U [GameAnalyzer] Income advantage is now SlightDisadvantage
2022-11-04 19:22:23.535 | 05:10   25ms 1375M  344G  59/ 78U [GameAnalyzer] Income advantage is now Even
2022-11-04 19:22:23.786 | 05:11   27ms 1390M  352G  59/ 78U [GameAnalyzer] Income advantage is now SlightDisadvantage
2022-11-04 19:22:23.985 | 05:11   26ms 1415M  352G  59/ 78U [GameAnalyzer] Income advantage is now Even
2022-11-04 19:22:24.049 | 05:12   26ms 1415M  352G  59/ 78U [GameAnalyzer] Income advantage is now SlightDisadvantage
2022-11-04 19:22:24.110 | 05:12   26ms 1420M  352G  59/ 78U [GameAnalyzer] Income advantage is now Even
2022-11-04 19:22:24.111 | 05:12   26ms 1370M  352G  59/ 78U [ActUnit] SCV from COMMANDCENTER at (147.5, 147.5)
2022-11-04 19:22:24.172 | 05:12   28ms 1325M  352G  60/ 78U [ActUnit] SCV from COMMANDCENTER at (122.5, 151.5)
2022-11-04 19:22:24.315 | 05:12   25ms 1230M  360G  61/ 78U [GameAnalyzer] Income advantage is now SlightDisadvantage
2022-11-04 19:22:24.450 | 05:13   25ms 1245M  360G  61/ 78U [GameAnalyzer] Income advantage is now Even
2022-11-04 19:22:24.585 | 05:13   26ms 1255M  360G  61/ 78U [GameAnalyzer] Income advantage is now SlightDisadvantage
2022-11-04 19:22:24.850 | 05:14   25ms 1285M  364G  61/ 78U [GameAnalyzer] Income advantage is now Even
2022-11-04 19:22:25.048 | 05:14   24ms 1300M  368G  61/ 78U [GameAnalyzer] Income advantage is now SlightDisadvantage
2022-11-04 19:22:25.243 | 05:15   24ms 1315M  368G  61/ 78U [GameAnalyzer] Income advantage is now Even
2022-11-04 19:22:25.373 | 05:15   26ms 1320M  372G  61/ 78U [GameAnalyzer] Income advantage is now SlightDisadvantage
2022-11-04 19:22:25.561 | 05:16   30ms 1335M  376G  61/ 78U [GameAnalyzer] Income advantage is now Even
2022-11-04 19:22:25.626 | 05:16   27ms 1340M  376G  61/ 78U [GameAnalyzer] Income advantage is now SlightDisadvantage
2022-11-04 19:22:25.878 | 05:17   25ms 1365M  380G  61/ 78U [GameAnalyzer] Income advantage is now Even
2022-11-04 19:22:26.135 | 05:17   27ms 1390M  384G  61/ 78U [GameAnalyzer] Income advantage is now SlightDisadvantage
2022-11-04 19:22:26.406 | 05:18   26ms 1415M  388G  61/ 78U [GameAnalyzer] Income advantage is now Even
2022-11-04 19:22:26.609 | 05:19   25ms 1435M  392G  61/ 78U [GameAnalyzer] Income advantage is now SlightDisadvantage
2022-11-04 19:22:26.735 | 05:19   27ms 1445M  392G  61/ 78U [GameAnalyzer] Income advantage is now Even
2022-11-04 19:22:26.914 | 05:19   25ms 1455M  392G  61/ 78U [GameAnalyzer] Income advantage is now SlightDisadvantage
2022-11-04 19:22:27.036 | 05:20   31ms 1465M  396G  61/ 78U [GameAnalyzer] Income advantage is now Even
2022-11-04 19:22:27.111 | 05:20   27ms 1465M  396G  61/ 78U [GameAnalyzer] Income advantage is now SlightDisadvantage
2022-11-04 19:22:27.285 | 05:20   27ms 1475M  400G  61/ 78U [GameAnalyzer] Known army advantage is now SmallAdvantage
2022-11-04 19:22:27.406 | 05:20   27ms 1480M  400G  61/ 78U [GameAnalyzer] Income advantage is now Even
2022-11-04 19:22:27.659 | 05:21   26ms 1490M  400G  61/ 78U [GameAnalyzer] Income advantage is now SlightDisadvantage
2022-11-04 19:22:27.809 | 05:21   29ms 1500M  404G  61/ 78U [GameAnalyzer] Income advantage is now Even
2022-11-04 19:22:28.204 | 05:22   30ms 1535M  408G  60/ 78U [GameAnalyzer] Income advantage is now SlightDisadvantage
2022-11-04 19:22:28.205 | 05:22   30ms 1535M  408G  60/ 78U [GameAnalyzer] Known army advantage is now SlightAdvantage
2022-11-04 19:22:28.207 | 05:22   30ms 1485M  408G  60/ 78U [TerranUnit] MARINE from BARRACKS at (150.5, 155.5)
2022-11-04 19:22:28.277 | 05:22   28ms 1485M  408G  61/ 78U [GameAnalyzer] Income advantage is now SmallDisadvantage
2022-11-04 19:22:28.378 | 05:22   32ms 1500M  412G  61/ 78U [GameAnalyzer] Income advantage is now SlightDisadvantage
2022-11-04 19:22:28.555 | 05:23   31ms 1510M  416G  60/ 78U [GameAnalyzer] Income advantage is now Even
2022-11-04 19:22:28.560 | 05:23   31ms 1460M  416G  60/ 78U [TerranUnit] MARINE from BARRACKS at (138.5, 145.5)
2022-11-04 19:22:28.635 | 05:23   28ms 1465M  416G  61/ 78U [GameAnalyzer] Income advantage is now SlightDisadvantage
2022-11-04 19:22:29.042 | 05:24   30ms 1500M  416G  60/ 78U [GameAnalyzer] Income advantage is now Even
2022-11-04 19:22:29.046 | 05:24   30ms 1450M  416G  60/ 78U [TerranUnit] MARINE from BARRACKS at (150.5, 155.5)
2022-11-04 19:22:29.123 | 05:24   26ms 1410M  420G  61/ 78U [ActUnit] SCV from COMMANDCENTER at (147.5, 147.5)
2022-11-04 19:22:29.205 | 05:24   29ms 1410M  424G  62/ 78U [GameAnalyzer] Income advantage is now SlightDisadvantage
2022-11-04 19:22:29.206 | 05:24   29ms 1360M  424G  62/ 78U [ActUnit] SCV from COMMANDCENTER at (122.5, 151.5)
2022-11-04 19:22:29.372 | 05:25   27ms 1375M  424G  63/ 78U [GameAnalyzer] Income advantage is now Even
2022-11-04 19:22:29.669 | 05:25   27ms 1400M  424G  61/ 78U [GameAnalyzer] Known army advantage is now Even
2022-11-04 19:22:29.828 | 05:26   27ms 1400M  428G  61/ 78U [GameAnalyzer] Income advantage is now SlightDisadvantage
2022-11-04 19:22:29.971 | 05:26   30ms 1410M  432G  61/ 78U [GameAnalyzer] Income advantage is now Even
2022-11-04 19:22:30.126 | 05:26   27ms 1425M  432G  61/ 78U [GameAnalyzer] Income advantage is now SlightDisadvantage
2022-11-04 19:22:30.342 | 05:27   26ms 1440M  436G  60/ 78U [GameAnalyzer] Income advantage is now Even
2022-11-04 19:22:30.494 | 05:27   26ms 1445M  440G  60/ 78U [GameAnalyzer] Income advantage is now SlightDisadvantage
2022-11-04 19:22:30.784 | 05:28   26ms 1470M  440G  60/ 78U [GameAnalyzer] Income advantage is now SmallDisadvantage
2022-11-04 19:22:30.850 | 05:28   29ms 1470M  440G  60/ 78U [GameAnalyzer] Income advantage is now SlightDisadvantage
2022-11-04 19:22:31.506 | 05:30   27ms 1540M  448G  59/ 78U [GameAnalyzer] Income advantage is now Even
2022-11-04 19:22:31.576 | 05:30   26ms 1540M  452G  58/ 78U [GameAnalyzer] Income advantage is now SlightDisadvantage
2022-11-04 19:22:31.714 | 05:30   27ms 1545M  456G  58/ 78U [GameAnalyzer] Income advantage is now Even
2022-11-04 19:22:31.863 | 05:31   25ms 1550M  456G  58/ 78U [GameAnalyzer] Income advantage is now SlightDisadvantage
2022-11-04 19:22:31.934 | 05:31   28ms 1560M  456G  58/ 78U [GameAnalyzer] Income advantage is now Even
2022-11-04 19:22:32.416 | 05:32   27ms 1595M  464G  58/ 78U [GameAnalyzer] Income advantage is now SlightDisadvantage
2022-11-04 19:22:32.489 | 05:32   27ms 1600M  464G  58/ 78U [GameAnalyzer] Income advantage is now Even
2022-11-04 19:22:32.634 | 05:33   24ms 1615M  464G  58/ 78U [GameAnalyzer] Income advantage is now SlightDisadvantage
2022-11-04 19:22:32.712 | 05:33   27ms 1620M  468G  58/ 78U [GameAnalyzer] Income advantage is now Even
2022-11-04 19:22:32.782 | 05:33   28ms 1625M  468G  57/ 78U [GameAnalyzer] Income advantage is now SlightDisadvantage
2022-11-04 19:22:32.852 | 05:33   26ms 1645M  472G  57/ 78U [GameAnalyzer] Income advantage is now Even
2022-11-04 19:22:32.927 | 05:33   26ms 1645M  472G  57/ 78U [GameAnalyzer] Income advantage is now SlightDisadvantage
2022-11-04 19:22:33.054 | 05:34   24ms 1650M  472G  57/ 78U [GameAnalyzer] Income advantage is now Even
2022-11-04 19:22:33.271 | 05:34   24ms 1670M  476G  57/ 78U [GameAnalyzer] Income advantage is now SlightDisadvantage
2022-11-04 19:22:33.340 | 05:34   25ms 1675M  476G  57/ 78U [GameAnalyzer] Income advantage is now Even
2022-11-04 19:22:33.772 | 05:35   24ms 1710M  480G  57/ 78U [GameAnalyzer] Income advantage is now SlightDisadvantage
2022-11-04 19:22:33.840 | 05:36   27ms 1710M  480G  57/ 78U [GameAnalyzer] Known army advantage is now SmallAdvantage
2022-11-04 19:22:33.906 | 05:36   26ms 1715M  484G  57/ 78U [GameAnalyzer] Income advantage is now Even
2022-11-04 19:22:34.042 | 05:36   27ms 1680M  488G  57/ 78U [ActUnit] SCV from COMMANDCENTER at (147.5, 147.5)
2022-11-04 19:22:34.101 | 05:36   26ms 1630M  488G  58/ 78U [ActUnit] SCV from COMMANDCENTER at (122.5, 151.5)
2022-11-04 19:22:34.615 | 05:38   25ms 1680M  496G  59/ 86U [GameAnalyzer] Income advantage is now SlightDisadvantage
2022-11-04 19:22:34.746 | 05:38   25ms 1695M  496G  59/ 86U [GameAnalyzer] Income advantage is now Even
2022-11-04 19:22:35.099 | 05:39   28ms 1720M  500G  59/ 86U [GameAnalyzer] Income advantage is now SlightDisadvantage
2022-11-04 19:22:35.168 | 05:39   27ms 1725M  504G  59/ 86U [GameAnalyzer] Income advantage is now Even
2022-11-04 19:22:35.517 | 05:40   29ms 1695M  504G  59/ 86U [TerranUnit] MARINE from BARRACKS at (150.5, 155.5)
2022-11-04 19:22:35.784 | 05:41   27ms 1715M  512G  60/ 86U [GameAnalyzer] Known army advantage is now ClearAdvantage
2022-11-04 19:22:35.789 | 05:41   27ms 1665M  512G  60/ 86U [TerranUnit] MARINE from BARRACKS at (138.5, 145.5)
2022-11-04 19:22:35.854 | 05:41   31ms 1675M  512G  61/ 86U [EnemyArmyPredicter] Predicting negative free minerals for enemy: -281
2022-11-04 19:22:35.856 | 05:41   31ms 1675M  512G  61/ 86U [GameAnalyzer] Predicted army advantage is now ClearAdvantage
2022-11-04 19:22:36.014 | 05:41   28ms 1680M  512G  61/ 86U [GameAnalyzer] Income advantage is now SlightDisadvantage
2022-11-04 19:22:36.086 | 05:41   32ms 1690M  512G  61/ 86U [GameAnalyzer] Income advantage is now Even
2022-11-04 19:22:36.235 | 05:42   27ms 1660M  516G  61/ 86U [TerranUnit] MARINE from BARRACKS at (150.5, 155.5)
2022-11-04 19:22:36.299 | 05:42   29ms 1660M  520G  62/ 86U [GameAnalyzer] Income advantage is now SlightDisadvantage
2022-11-04 19:22:36.369 | 05:42   31ms 1670M  520G  62/ 86U [GameAnalyzer] Income advantage is now Even
2022-11-04 19:22:36.837 | 05:43   29ms 1705M  524G  62/ 86U [GameAnalyzer] Income advantage is now SlightDisadvantage
2022-11-04 19:22:36.906 | 05:43   29ms 1710M  524G  62/ 86U [GameAnalyzer] Income advantage is now Even
2022-11-04 19:22:37.264 | 05:44   30ms 1735M  528G  62/ 86U [GameAnalyzer] Income advantage is now SlightDisadvantage
2022-11-04 19:22:37.334 | 05:44   30ms 1740M  528G  62/ 86U [GameAnalyzer] Income advantage is now Even
2022-11-04 19:22:37.761 | 05:45   28ms 1765M  536G  61/ 86U [GameAnalyzer] Known army advantage is now SmallAdvantage
2022-11-04 19:22:37.762 | 05:45   28ms 1765M  536G  61/ 86U [GameAnalyzer] Predicted army advantage is now SmallAdvantage
2022-11-04 19:22:37.974 | 05:46   26ms 1800M  540G  60/ 86U [GameAnalyzer] Known army advantage is now SlightAdvantage
2022-11-04 19:22:37.976 | 05:46   26ms 1800M  540G  60/ 86U [GameAnalyzer] Predicted army advantage is now Even
2022-11-04 19:22:38.881 | 05:48   26ms 1875M  552G  60/ 86U [GameAnalyzer] Income advantage is now SlightAdvantage
2022-11-04 19:22:38.882 | 05:48   26ms 1825M  552G  60/ 86U [ActUnit] SCV from COMMANDCENTER at (147.5, 147.5)
2022-11-04 19:22:38.945 | 05:48   30ms 1835M  552G  61/ 86U [GameAnalyzer] Income advantage is now Even
2022-11-04 19:22:38.947 | 05:48   30ms 1785M  552G  61/ 86U [ActUnit] SCV from COMMANDCENTER at (122.5, 151.5)
2022-11-04 19:22:39.146 | 05:49   27ms 1800M  556G  61/ 86U [GameAnalyzer] Income advantage is now SlightAdvantage
2022-11-04 19:22:39.343 | 05:50   27ms 1820M  560G  60/ 86U [GameAnalyzer] Income advantage is now Even
2022-11-04 19:22:39.344 | 05:50   27ms 1820M  560G  60/ 86U [GameAnalyzer] Known army advantage is now Even
2022-11-04 19:22:39.586 | 05:50   25ms 1840M  560G  59/ 86U [GameAnalyzer] Income advantage is now SlightAdvantage
2022-11-04 19:22:39.776 | 05:51   25ms 1855M  568G  59/ 86U [GameAnalyzer] Income advantage is now Even
2022-11-04 19:22:39.967 | 05:51   24ms 1890M  568G  59/ 86U [GameAnalyzer] Income advantage is now SlightAdvantage
2022-11-04 19:22:40.161 | 05:52   24ms 1900M  572G  59/ 86U [GameAnalyzer] Income advantage is now Even
2022-11-04 19:22:40.296 | 05:52   30ms 1910M  576G  58/ 86U [GameAnalyzer] Income advantage is now SlightAdvantage
2022-11-04 19:22:40.487 | 05:53   25ms 1930M  576G  58/ 86U [GameAnalyzer] Income advantage is now Even
2022-11-04 19:22:40.853 | 05:54   25ms 1980M  584G  58/ 86U [GameAnalyzer] Income advantage is now SlightAdvantage
2022-11-04 19:22:40.986 | 05:54   24ms 1980M  584G  58/ 86U [GameAnalyzer] Income advantage is now Even
2022-11-04 19:22:41.203 | 05:55   24ms 2005M  588G  57/ 86U [GameAnalyzer] Income advantage is now SlightAdvantage
2022-11-04 19:22:41.306 | 05:55   22ms 2015M  592G  57/ 86U [GameAnalyzer] Income advantage is now Even
2022-11-04 19:22:41.548 | 05:56   36ms 2050M  592G  57/ 86U [GameAnalyzer] Income advantage is now SlightAdvantage
2022-11-04 19:22:41.667 | 05:56   23ms 2050M  596G  57/ 86U [GameAnalyzer] Income advantage is now Even
2022-11-04 19:22:41.669 | 05:56   23ms 2050M  596G  57/ 86U [GameAnalyzer] Known army advantage is now SlightDisadvantage
2022-11-04 19:22:41.670 | 05:56   23ms 2050M  596G  57/ 86U [GameAnalyzer] Predicted army advantage is now SmallDisadvantage
2022-11-04 19:22:41.812 | 05:57   23ms 2055M  600G  57/ 86U [GameAnalyzer] Income advantage is now SlightAdvantage
2022-11-04 19:22:41.999 | 05:57   34ms 2060M  600G  57/ 86U [GameAnalyzer] Income advantage is now Even
2022-11-04 19:22:42.241 | 05:58   23ms 2100M  604G  57/ 86U [GameAnalyzer] Known army advantage is now Even
2022-11-04 19:22:42.245 | 05:58   23ms 2050M  604G  57/ 86U [TerranUnit] MARINE from BARRACKS at (150.5, 155.5)
2022-11-04 19:22:42.469 | 05:58   24ms 2020M  608G  58/ 86U [TerranUnit] MARINE from BARRACKS at (138.5, 145.5)
2022-11-04 19:22:42.568 | 05:59   23ms 2030M  608G  59/ 86U [GameAnalyzer] Income advantage is now SlightAdvantage
2022-11-04 19:22:42.629 | 05:59   25ms 2035M  608G  59/ 86U [GameAnalyzer] Income advantage is now Even
2022-11-04 19:22:42.748 | 05:59   23ms 2045M  612G  59/ 86U [GameAnalyzer] Income advantage is now SlightAdvantage
2022-11-04 19:22:42.812 | 06:00   25ms 2010M  616G  59/ 86U [TerranUnit] MARINE from BARRACKS at (150.5, 155.5)
2022-11-04 19:22:42.908 | 06:00   23ms 2020M  616G  60/ 86U [GameAnalyzer] Income advantage is now Even
2022-11-04 19:22:43.013 | 06:00   25ms 2035M  616G  60/ 86U [GameAnalyzer] Income advantage is now SlightAdvantage
2022-11-04 19:22:43.081 | 06:00   25ms 1995M  616G  60/ 86U [ActUnit] SCV from COMMANDCENTER at (147.5, 147.5)
2022-11-04 19:22:43.131 | 06:01   25ms 1945M  616G  61/ 86U [ActUnit] SCV from COMMANDCENTER at (122.5, 151.5)
2022-11-04 19:22:43.431 | 06:01   24ms 1965M  624G  62/ 86U [GameAnalyzer] Income advantage is now Even
2022-11-04 19:22:43.598 | 06:02   24ms 1990M  624G  62/ 86U [GameAnalyzer] Income advantage is now SlightAdvantage
2022-11-04 19:22:43.795 | 06:03   23ms 2010M  632G  62/ 86U [GameAnalyzer] Income advantage is now Even
2022-11-04 19:22:43.925 | 06:03   26ms 2020M  632G  62/ 86U [GameAnalyzer] Income advantage is now SlightAdvantage
2022-11-04 19:22:44.180 | 06:04   23ms 2050M  636G  62/ 86U [GameAnalyzer] Income advantage is now Even
2022-11-04 19:22:44.429 | 06:04   23ms 2080M  640G  62/ 86U [GameAnalyzer] Income advantage is now SlightAdvantage
2022-11-04 19:22:44.816 | 06:05   23ms 2110M  648G  62/ 86U [GameAnalyzer] Income advantage is now Even
2022-11-04 19:22:44.937 | 06:06   24ms 2120M  648G  62/ 86U [GameAnalyzer] Income advantage is now SlightAdvantage
2022-11-04 19:22:45.309 | 06:07   23ms 2160M  652G  62/ 86U [GameAnalyzer] Income advantage is now Even
2022-11-04 19:22:45.357 | 06:07   24ms 2165M  656G  62/ 86U [GameAnalyzer] Income advantage is now SlightAdvantage
2022-11-04 19:22:45.917 | 06:09   25ms 2225M  664G  62/ 86U [GameAnalyzer] Income advantage is now Even
2022-11-04 19:22:46.031 | 06:09   22ms 2235M  664G  62/ 86U [GameAnalyzer] Income advantage is now SlightAdvantage
2022-11-04 19:22:46.194 | 06:10   22ms 2255M  668G  62/ 86U [GameAnalyzer] Income advantage is now Even
2022-11-04 19:22:46.244 | 06:10   24ms 2265M  672G  62/ 86U [GameAnalyzer] Income advantage is now SlightAdvantage
2022-11-04 19:22:46.537 | 06:11   22ms 2295M  672G  62/ 86U [GameAnalyzer] Income advantage is now Even
2022-11-04 19:22:46.667 | 06:11   22ms 2310M  676G  62/ 86U [GameAnalyzer] Income advantage is now SlightAdvantage
2022-11-04 19:22:47.089 | 06:12   23ms 2345M  680G  62/ 86U [GameAnalyzer] Income advantage is now Even
2022-11-04 19:22:47.152 | 06:13   29ms 2300M  684G  62/ 86U [ActUnit] SCV from COMMANDCENTER at (147.5, 147.5)
2022-11-04 19:22:47.198 | 06:13   24ms 2310M  684G  63/ 86U [GameAnalyzer] Income advantage is now SlightAdvantage
2022-11-04 19:22:47.200 | 06:13   24ms 2260M  684G  63/ 86U [ActUnit] SCV from COMMANDCENTER at (122.5, 151.5)
2022-11-04 19:22:47.322 | 06:13   26ms 2290M  688G  64/ 86U [GameAnalyzer] Income advantage is now SmallAdvantage
2022-11-04 19:22:47.382 | 06:13   25ms 2290M  688G  64/ 86U [GameAnalyzer] Income advantage is now SlightAdvantage
2022-11-04 19:22:47.620 | 06:14   22ms 2305M  692G  64/ 86U [GameAnalyzer] Income advantage is now SmallAdvantage
2022-11-04 19:22:47.678 | 06:14   24ms 2310M  692G  64/ 86U [GameAnalyzer] Income advantage is now SlightAdvantage
2022-11-04 19:22:47.798 | 06:15   22ms 2320M  696G  64/ 86U [GameAnalyzer] Income advantage is now Even
2022-11-04 19:22:47.855 | 06:15   24ms 2330M  696G  64/ 86U [GameAnalyzer] Income advantage is now SlightAdvantage
2022-11-04 19:22:48.184 | 06:16   25ms 2320M  700G  64/ 86U [TerranUnit] MARINE from BARRACKS at (150.5, 155.5)
2022-11-04 19:22:48.240 | 06:16   28ms 2325M  704G  65/ 86U [GameAnalyzer] Income advantage is now Even
2022-11-04 19:22:48.300 | 06:16   26ms 2335M  704G  65/ 86U [GameAnalyzer] Income advantage is now SlightAdvantage
2022-11-04 19:22:48.430 | 06:16   24ms 2290M  704G  65/ 86U [TerranUnit] MARINE from BARRACKS at (138.5, 145.5)
2022-11-04 19:22:48.784 | 06:17   25ms 2285M  712G  66/ 86U [TerranUnit] MARINE from BARRACKS at (150.5, 155.5)
2022-11-04 19:22:49.338 | 06:19   27ms 2335M  720G  67/ 86U [GameAnalyzer] Income advantage is now SmallAdvantage
2022-11-04 19:22:49.418 | 06:19   30ms 2335M  720G  67/ 86U [GameAnalyzer] Income advantage is now SlightAdvantage
2022-11-04 19:22:49.559 | 06:20   25ms 2340M  720G  67/ 86U [GameAnalyzer] Income advantage is now Even
2022-11-04 19:22:49.625 | 06:20   24ms 2350M  720G  67/ 86U [GameAnalyzer] Income advantage is now SlightAdvantage
2022-11-04 19:22:50.160 | 06:21   24ms 2410M  728G  67/ 86U [GameAnalyzer] Income advantage is now SmallAdvantage
2022-11-04 19:22:50.289 | 06:21   23ms 2420M  732G  67/ 86U [GameAnalyzer] Income advantage is now SlightAdvantage
2022-11-04 19:22:51.403 | 06:25   24ms 2525M  748G  67/ 86U [GameAnalyzer] Income advantage is now Even
2022-11-04 19:22:51.469 | 06:25   25ms 2485M  752G  67/ 86U [ActUnit] SCV from COMMANDCENTER at (147.5, 147.5)
2022-11-04 19:22:51.527 | 06:25   27ms 2445M  752G  68/ 86U [ActUnit] SCV from COMMANDCENTER at (122.5, 151.5)
2022-11-04 19:22:51.590 | 06:25   25ms 2450M  752G  69/ 86U [GameAnalyzer] Income advantage is now SlightAdvantage
2022-11-04 19:22:52.699 | 06:29   25ms 2480M  768G  69/ 86U [GameAnalyzer] Income advantage is now SmallAdvantage
2022-11-04 19:22:52.761 | 06:29   24ms 2485M  772G  69/ 86U [GameAnalyzer] Income advantage is now SlightAdvantage
2022-11-04 19:22:52.950 | 06:29   24ms 2495M  776G  69/ 86U [GameAnalyzer] Income advantage is now Even
2022-11-04 19:22:53.001 | 06:30   25ms 2505M  776G  69/ 86U [GameAnalyzer] Income advantage is now SlightAdvantage
2022-11-04 19:22:53.771 | 06:32   24ms 2590M  788G  69/ 86U [GameAnalyzer] Income advantage is now SmallAdvantage
2022-11-04 19:22:53.833 | 06:32   25ms 2590M  792G  69/ 86U [GameAnalyzer] Income advantage is now SlightAdvantage
2022-11-04 19:22:54.181 | INFO     | sc2.protocol:_execute:72 - Client status changed to Status.ended (was Status.in_game)
2022-11-04 19:22:54.183 | Result: Defeat
2022-11-04 19:22:54.184 | Duration: 06:33
2022-11-04 19:22:54.184 | Step time min: 5
2022-11-04 19:22:54.185 | Step time avg: 16
2022-11-04 19:22:54.186 | Step time max: 133
2022-11-04 19:22:54.187 | [LostUnitsContents] My lost units minerals and gas: (850, 50)
2022-11-04 19:22:54.187 | [LostUnitsContents] My lost units minerals by score: 850.0
2022-11-04 19:22:54.188 | [LostUnitsContents] Enemy lost units minerals and gas: (1925, 200)
2022-11-04 19:22:54.189 | [LostUnitsContents] Enemy lost units minerals by score: 1925.0
2022-11-04 19:22:54.189 | [GameAnalyzerEnd] Own units:
2022-11-04 19:22:54.190 | [GameAnalyzerEnd] SCV               total:  49 alive:  49 dead:   0 
2022-11-04 19:22:54.191 | [GameAnalyzerEnd] MARINE            total:  25 alive:   9 dead:  16 
2022-11-04 19:22:54.192 | [GameAnalyzerEnd] SUPPLYDEPOT       total:   8 alive:   8 dead:   0 
2022-11-04 19:22:54.192 | [GameAnalyzerEnd] MEDIVAC           total:   2 alive:   2 dead:   0 
2022-11-04 19:22:54.193 | [GameAnalyzerEnd] REFINERY          total:   2 alive:   2 dead:   0 
2022-11-04 19:22:54.193 | [GameAnalyzerEnd] TECHLAB           total:   2 alive:   2 dead:   0 
2022-11-04 19:22:54.194 | [GameAnalyzerEnd] REACTOR           total:   2 alive:   2 dead:   0 
2022-11-04 19:22:54.194 | [GameAnalyzerEnd] ORBITALCOMMAND    total:   2 alive:   2 dead:   0 
2022-11-04 19:22:54.195 | [GameAnalyzerEnd] BARRACKS          total:   2 alive:   2 dead:   0 
2022-11-04 19:22:54.199 | [GameAnalyzerEnd] FACTORY           total:   1 alive:   1 dead:   0 
2022-11-04 19:22:54.199 | [GameAnalyzerEnd] STARPORT          total:   1 alive:   1 dead:   0 
2022-11-04 19:22:54.200 | [GameAnalyzerEnd] REAPER            total:   1 alive:   0 dead:   1 
2022-11-04 19:22:54.201 | [GameAnalyzerEnd] Enemy units:
2022-11-04 19:22:54.202 | [GameAnalyzerEnd] DRONE             total:  45 alive:  30 dead:  15 
2022-11-04 19:22:54.202 | [GameAnalyzerEnd] ZERGLING          total:  18 alive:   1 dead:  17 
2022-11-04 19:22:54.203 | [GameAnalyzerEnd] ROACH             total:   9 alive:   1 dead:   8 
2022-11-04 19:22:54.204 | [GameAnalyzerEnd] OVERLORD          total:   8 alive:   8 dead:   0 
2022-11-04 19:22:54.204 | [GameAnalyzerEnd] HATCHERY          total:   2 alive:   2 dead:   0 
2022-11-04 19:22:54.205 | [GameAnalyzerEnd] EXTRACTOR         total:   2 alive:   2 dead:   0 
2022-11-04 19:22:54.206 | [GameAnalyzerEnd] QUEEN             total:   2 alive:   1 dead:   1 
2022-11-04 19:22:54.206 | [GameAnalyzerEnd] INFESTOR          total:   2 alive:   2 dead:   0 
2022-11-04 19:22:54.207 | [GameAnalyzerEnd] SPAWNINGPOOL      total:   1 alive:   1 dead:   0 
2022-11-04 19:22:54.207 | [GameAnalyzerEnd] INFESTATIONPIT    total:   1 alive:   1 dead:   0 
2022-11-04 19:22:54.208 | [GameAnalyzerEnd] LAIR              total:   1 alive:   1 dead:   0 
2022-11-04 19:22:54.209 | [GameAnalyzerEnd] ROACHWARREN       total:   1 alive:   1 dead:   0 
2022-11-04 19:22:54.209 | [GameAnalyzerEnd] HYDRALISKDEN      total:   1 alive:   1 dead:   0 
2022-11-04 19:22:54.210 | [GameAnalyzerEnd] Minerals max 2610 Average 626
2022-11-04 19:22:54.210 | [GameAnalyzerEnd] Vespene max 792 Average 191
2022-11-04 19:22:54.211 | INFO     | sc2.main:_play_game:228 - Result for player 1 - Bot Turtles(Terran): Defeat
2022-11-04 19:22:55.323 | INFO     | sc2.protocol:__request:48 - Cannot receive: Game has already ended.
2022-11-04 19:22:55.324 | INFO     | sc2.sc2process:_close_connection:231 - Closing connection at 51576...
2022-11-04 19:22:55.325 | INFO     | sc2.sc2process:kill_all:33 - kill_switch: Process cleanup for 1 processes
