2022-10-24 11:21:56.061 | INFO     | sc2.protocol:_execute:72 - Client status changed to Status.launched (was None)
2022-10-24 11:21:56.063 | INFO     | sc2.controller:create_game:37 - Creating new game
2022-10-24 11:21:56.065 | INFO     | sc2.controller:create_game:38 - Map:     OxideAIE
2022-10-24 11:21:56.066 | INFO     | sc2.controller:create_game:39 - Players: Bot Turtles(Terran), Computer VeryHard(Random, RandomBuild)
2022-10-24 11:21:56.068 | INFO     | sc2.protocol:_execute:72 - Client status changed to Status.init_game (was Status.launched)
2022-10-24 11:22:04.544 | INFO     | sc2.protocol:_execute:72 - Client status changed to Status.in_game (was None)
2022-10-24 11:22:04.547 | INFO     | sc2.main:_play_game:221 - Player 1 - Bot Turtles(Terran)
2022-10-24 11:22:05.083 | 00:00    0ms    0M    0G  12/ 15U [Version] 5.0.10.88500
2022-10-24 11:22:05.084 | 00:00    0ms    0M    0G  12/ 15U [Version] 5.0.6 Balance mod recognized.
2022-10-24 11:22:05.156 | 00:00    0ms    0M    0G  12/ 15U [ZoneManager] Map set to: MapName.Oxide from name: Oxide AIE and hash: 3281780.
2022-10-24 11:22:06.032 | [Start] My race: Terran
2022-10-24 11:22:06.033 | [Start] Opponent race: Random
2022-10-24 11:22:06.034 | [Start] OpponentId: None
2022-10-24 11:22:06.224 | 00:00    9ms    0M    0G  13/ 15U [GameAnalyzer] Income advantage is now SlightDisadvantage
2022-10-24 11:22:06.281 | 00:01    5ms    0M    0G  13/ 15U [GameAnalyzer] Income advantage is now Even
2022-10-24 11:22:06.560 | 00:04    5ms    0M    0G  13/ 15U [GameAnalyzer] Income advantage is now SlightDisadvantage
2022-10-24 11:22:06.591 | 00:04    7ms   15M    0G  13/ 15U [GameAnalyzer] Income advantage is now Even
2022-10-24 11:22:06.649 | 00:04    5ms   20M    0G  13/ 15U [GameAnalyzer] Income advantage is now SlightDisadvantage
2022-10-24 11:22:06.682 | 00:05    5ms   35M    0G  13/ 15U [GameAnalyzer] Income advantage is now Even
2022-10-24 11:22:07.105 | 00:09    5ms   75M    0G  13/ 15U [GameAnalyzer] Income advantage is now SlightDisadvantage
2022-10-24 11:22:07.123 | 00:09    7ms   80M    0G  13/ 15U [GameAnalyzer] Income advantage is now Even
2022-10-24 11:22:07.351 | 00:12    5ms   60M    0G  13/ 15U [ActUnit] SCV from COMMANDCENTER at (44.5, 56.5)
2022-10-24 11:22:08.137 | 00:20    5ms   60M    0G  14/ 15U [GameAnalyzer] Income advantage is now SlightDisadvantage
2022-10-24 11:22:08.160 | 00:20    7ms   65M    0G  14/ 15U [GameAnalyzer] Income advantage is now Even
2022-10-24 11:22:08.556 | 00:24    7ms   60M    0G  14/ 15U [ActUnit] SCV from COMMANDCENTER at (44.5, 56.5)
2022-10-24 11:22:10.383 | 00:41    6ms  250M    0G  15/ 23U [ActUnit] SCV from COMMANDCENTER at (44.5, 56.5)
2022-10-24 11:22:10.411 | ERROR    | sc2.main:run_bot_iteration:161 - Caught unknown exception: object NoneType can't be used in 'await' expression
Traceback (most recent call last):

  File "C:\Users\sword\OneDrive\Desktop\27turtles\run.py", line 18, in <module>
    main()
    └ <function main at 0x000002BE14748670>

  File "C:\Users\sword\OneDrive\Desktop\27turtles\run.py", line 13, in main
    result, opponentid = run_ladder_game(bot)
                         │               └ <sc2.player.Bot object at 0x000002BE14740280>
                         └ <function run_ladder_game at 0x000002BE71FA92D0>

  File "C:\Users\sword\OneDrive\Desktop\27turtles\ladder.py", line 39, in run_ladder_game
    return stand_alone_game(bot), None
           │                └ <sc2.player.Bot object at 0x000002BE14740280>
           └ <function stand_alone_game at 0x000002BE7FED95A0>

  File "C:\Users\sword\OneDrive\Desktop\27turtles\ladder.py", line 168, in stand_alone_game
    return sc2.main.run_game(sc2.maps.get(map_name), [bot, Computer(Race.Random, Difficulty.VeryHard)], realtime=False,)
           │   │    │        │   │    │   │           │    │        │    │       │          └ <Difficulty.VeryHard: 7>
           │   │    │        │   │    │   │           │    │        │    │       └ <enum 'Difficulty'>
           │   │    │        │   │    │   │           │    │        │    └ <Race.Random: 4>
           │   │    │        │   │    │   │           │    │        └ <enum 'Race'>
           │   │    │        │   │    │   │           │    └ <class 'sc2.player.Computer'>
           │   │    │        │   │    │   │           └ <sc2.player.Bot object at 0x000002BE14740280>
           │   │    │        │   │    │   └ 'OxideAIE'
           │   │    │        │   │    └ <function get at 0x000002BE12038550>
           │   │    │        │   └ <module 'sc2.maps' from 'C:\\Users\\sword\\OneDrive\\Desktop\\27turtles\\sc2\\maps.py'>
           │   │    │        └ <module 'sc2' from 'C:\\Users\\sword\\OneDrive\\Desktop\\27turtles\\sc2\\__init__.py'>
           │   │    └ <function run_game at 0x000002BE12118E50>
           │   └ <module 'sc2.main' from 'C:\\Users\\sword\\OneDrive\\Desktop\\27turtles\\sc2\\main.py'>
           └ <module 'sc2' from 'C:\\Users\\sword\\OneDrive\\Desktop\\27turtles\\sc2\\__init__.py'>

  File "C:\Users\sword\OneDrive\Desktop\27turtles\sc2\main.py", line 496, in run_game
    result: Result = asyncio.run(_host_game(map_settings, players, **kwargs))
                     │       │   │          │             │          └ {'realtime': False}
                     │       │   │          │             └ [<sc2.player.Bot object at 0x000002BE14740280>, <sc2.player.Computer object at 0x000002BE14743C10>]
                     │       │   │          └ Map(C:\Program Files (x86)\StarCraft II\maps\OxideAIE.SC2Map)
                     │       │   └ <function _host_game at 0x000002BE12118A60>
                     │       └ <function run at 0x000002BE73C5D7E0>
                     └ <module 'asyncio' from 'C:\\Users\\sword\\AppData\\Local\\Programs\\Python\\Python310\\lib\\asyncio\\__init__.py'>

  File "C:\Users\sword\AppData\Local\Programs\Python\Python310\lib\asyncio\runners.py", line 44, in run
    return loop.run_until_complete(main)
           │    │                  └ <coroutine object _host_game at 0x000002BE146FE490>
           │    └ <function BaseEventLoop.run_until_complete at 0x000002BE73C5F1C0>
           └ <ProactorEventLoop running=True closed=False debug=False>

  File "C:\Users\sword\AppData\Local\Programs\Python\Python310\lib\asyncio\base_events.py", line 633, in run_until_complete
    self.run_forever()
    │    └ <function ProactorEventLoop.run_forever at 0x000002BE73D0BBE0>
    └ <ProactorEventLoop running=True closed=False debug=False>

  File "C:\Users\sword\AppData\Local\Programs\Python\Python310\lib\asyncio\windows_events.py", line 321, in run_forever
    super().run_forever()

  File "C:\Users\sword\AppData\Local\Programs\Python\Python310\lib\asyncio\base_events.py", line 600, in run_forever
    self._run_once()
    │    └ <function BaseEventLoop._run_once at 0x000002BE73C60CA0>
    └ <ProactorEventLoop running=True closed=False debug=False>

  File "C:\Users\sword\AppData\Local\Programs\Python\Python310\lib\asyncio\base_events.py", line 1896, in _run_once
    handle._run()
    │      └ <function Handle._run at 0x000002BE73BCC280>
    └ <Handle Task.task_wakeup(<Future finished result=None>)>

  File "C:\Users\sword\AppData\Local\Programs\Python\Python310\lib\asyncio\events.py", line 80, in _run
    self._context.run(self._callback, *self._args)
    │    │            │    │           │    └ <member '_args' of 'Handle' objects>
    │    │            │    │           └ <Handle Task.task_wakeup(<Future finished result=None>)>
    │    │            │    └ <member '_callback' of 'Handle' objects>
    │    │            └ <Handle Task.task_wakeup(<Future finished result=None>)>
    │    └ <member '_context' of 'Handle' objects>
    └ <Handle Task.task_wakeup(<Future finished result=None>)>

  File "C:\Users\sword\OneDrive\Desktop\27turtles\sc2\main.py", line 369, in _host_game
    result = await _play_game(players[0], client, realtime, portconfig, game_time_limit, rgb_render_config)
                   │          │           │       │         │           │                └ None
                   │          │           │       │         │           └ None
                   │          │           │       │         └ None
                   │          │           │       └ False
                   │          │           └ <sc2.client.Client object at 0x000002BE14743550>
                   │          └ [<sc2.player.Bot object at 0x000002BE14740280>, <sc2.player.Computer object at 0x000002BE14743C10>]
                   └ <function _play_game at 0x000002BE121188B0>

  File "C:\Users\sword\OneDrive\Desktop\27turtles\sc2\main.py", line 226, in _play_game
    result = await _play_game_ai(client, player_id, player.ai, realtime, game_time_limit)
                   │             │       │          │      │   │         └ None
                   │             │       │          │      │   └ False
                   │             │       │          │      └ <turtles.bot.Turtles object at 0x000002BE73C56C80>
                   │             │       │          └ <sc2.player.Bot object at 0x000002BE14740280>
                   │             │       └ 1
                   │             └ <sc2.client.Client object at 0x000002BE14743550>
                   └ <function _play_game_ai at 0x000002BE12118700>

  File "C:\Users\sword\OneDrive\Desktop\27turtles\sc2\main.py", line 196, in _play_game_ai
    await run_bot_iteration(iteration)  # Main bot loop
          │                 └ 232
          └ <function _play_game_ai.<locals>.run_bot_iteration at 0x000002BE1472B490>

> File "C:\Users\sword\OneDrive\Desktop\27turtles\sc2\main.py", line 156, in run_bot_iteration
    await ai.on_step(iteration)
          │  │       └ 232
          │  └ <function SkeletonBot.on_step at 0x000002BE121B8040>
          └ <turtles.bot.Turtles object at 0x000002BE73C56C80>

  File "C:\Users\sword\OneDrive\Desktop\27turtles\sharpy\knowledges\skeleton_bot.py", line 64, in on_step
    await self.knowledge.update(iteration)
          │    │         │      └ 232
          │    │         └ <function Knowledge.update at 0x000002BE1219B0A0>
          │    └ <sharpy.knowledges.knowledge.Knowledge object at 0x000002BE71C36590>
          └ <turtles.bot.Turtles object at 0x000002BE73C56C80>

  File "C:\Users\sword\OneDrive\Desktop\27turtles\sharpy\knowledges\knowledge.py", line 161, in update
    await manager.update()
          │       └ <function ActManager.update at 0x000002BE7FF1D090>
          └ <sharpy.managers.core.act_manager.ActManager object at 0x000002BE1487B940>

  File "C:\Users\sword\OneDrive\Desktop\27turtles\sharpy\managers\core\act_manager.py", line 32, in update
    await self._act.execute()
          │    │    └ <function BuildOrder.execute at 0x000002BE14657250>
          │    └ <sharpy.plans.build_order.BuildOrder object at 0x000002BE16207F10>
          └ <sharpy.managers.core.act_manager.ActManager object at 0x000002BE1487B940>

  File "C:\Users\sword\OneDrive\Desktop\27turtles\sharpy\plans\build_order.py", line 290, in execute
    if not await order.execute():
                 │     └ <function ProxyMarauder.execute at 0x000002BE1472B880>
                 └ <turtles.proxymarauders.ProxyMarauder object at 0x000002BE16207760>

  File "C:\Users\sword\OneDrive\Desktop\27turtles\turtles\proxymarauders.py", line 151, in execute
    return await super().execute()

  File "C:\Users\sword\OneDrive\Desktop\27turtles\sharpy\plans\build_order.py", line 290, in execute
    if not await order.execute():
                 │     └ <function SequentialList.execute at 0x000002BE14656A70>
                 └ <sharpy.plans.sequential_list.SequentialList object at 0x000002BE162301C0>

  File "C:\Users\sword\OneDrive\Desktop\27turtles\sharpy\plans\sequential_list.py", line 27, in execute
    result = await order.execute()
                   │     └ <function GetZone.execute at 0x000002BE1472B640>
                   └ <turtles.proxymarauders.GetZone object at 0x000002BE16207DC0>

TypeError: object NoneType can't be used in 'await' expression
2022-10-24 11:22:10.512 | INFO     | sc2.sc2process:_close_connection:231 - Closing connection at 57723...
2022-10-24 11:22:10.513 | INFO     | sc2.sc2process:kill_all:33 - kill_switch: Process cleanup for 1 processes
