2022-10-26 13:19:52.648 | INFO     | sc2.protocol:_execute:72 - Client status changed to Status.launched (was None)
2022-10-26 13:19:52.650 | INFO     | sc2.controller:create_game:37 - Creating new game
2022-10-26 13:19:52.652 | INFO     | sc2.controller:create_game:38 - Map:     2000AtmospheresAIE
2022-10-26 13:19:52.654 | INFO     | sc2.controller:create_game:39 - Players: Bot Turtles(Terran), Computer VeryHard(Random, RandomBuild)
2022-10-26 13:19:52.656 | INFO     | sc2.protocol:_execute:72 - Client status changed to Status.init_game (was Status.launched)
2022-10-26 13:20:04.449 | INFO     | sc2.protocol:_execute:72 - Client status changed to Status.in_game (was None)
2022-10-26 13:20:04.451 | INFO     | sc2.main:_play_game:221 - Player 1 - Bot Turtles(Terran)
2022-10-26 13:20:05.230 | 00:00    0ms    0M    0G  12/ 15U [Version] 5.0.10.88500
2022-10-26 13:20:05.231 | 00:00    0ms    0M    0G  12/ 15U [Version] 5.0.6 Balance mod recognized.
2022-10-26 13:20:05.318 | 00:00    0ms    0M    0G  12/ 15U [ZoneManager] Map set to: MapName.Atmospheres2000 from name: 2000 Atmospheres AIE and hash: 3307847.
2022-10-26 13:20:06.388 | [Start] My race: Terran
2022-10-26 13:20:06.390 | [Start] Opponent race: Random
2022-10-26 13:20:06.391 | [Start] OpponentId: None
2022-10-26 13:20:06.600 | 00:00    8ms    0M    0G  13/ 15U [GameAnalyzer] Income advantage is now SlightDisadvantage
2022-10-26 13:20:06.697 | 00:01    8ms    0M    0G  13/ 15U [GameAnalyzer] Income advantage is now Even
2022-10-26 13:20:07.930 | 00:09    7ms   85M    0G  13/ 15U [GameAnalyzer] Income advantage is now SlightDisadvantage
2022-10-26 13:20:07.976 | 00:09   13ms   90M    0G  13/ 15U [GameAnalyzer] Income advantage is now Even
2022-10-26 13:20:08.795 | 00:15    8ms    5M    0G  13/ 15U [ActUnit] SCV from COMMANDCENTER at (57.5, 60.5)
2022-10-26 13:20:10.461 | 00:27    7ms  115M    0G  14/ 15U [ActUnit] SCV from COMMANDCENTER at (57.5, 60.5)
2022-10-26 13:20:11.728 | 00:36    7ms    5M    0G  15/ 23U [BuildGas] Building REFINERY to (61.5, 53.5)
2022-10-26 13:20:11.768 | 00:36    9ms    5M    0G  15/ 23U [GameAnalyzer] Income advantage is now SlightDisadvantage
2022-10-26 13:20:11.791 | 00:36   12ms   10M    0G  15/ 23U [GameAnalyzer] Income advantage is now Even
2022-10-26 13:20:12.210 | 00:39    9ms    0M    0G  15/ 23U [ActUnit] SCV from COMMANDCENTER at (57.5, 60.5)
2022-10-26 13:20:12.351 | 00:40    8ms   10M    0G  16/ 23U [GameAnalyzer] Income advantage is now SlightDisadvantage
2022-10-26 13:20:12.400 | 00:41    7ms   15M    0G  16/ 23U [GameAnalyzer] Income advantage is now Even
2022-10-26 13:20:13.421 | 00:49   11ms  105M    0G  16/ 23U [GameAnalyzer] Income advantage is now SlightDisadvantage
2022-10-26 13:20:13.442 | 00:49    8ms  120M    0G  16/ 23U [GameAnalyzer] Income advantage is now Even
2022-10-26 13:20:13.753 | 00:51    7ms  100M    0G  16/ 23U [ActUnit] SCV from COMMANDCENTER at (57.5, 60.5)
2022-10-26 13:20:15.434 | 01:04    7ms  200M    4G  17/ 23U [ActUnit] SCV from COMMANDCENTER at (57.5, 60.5)
2022-10-26 13:20:16.856 | 01:08   24ms  255M   12G  18/ 23U [GameAnalyzer] Income advantage is now SlightDisadvantage
2022-10-26 13:20:16.962 | 01:09   19ms  255M   12G  18/ 23U [GameAnalyzer] Income advantage is now SmallDisadvantage
2022-10-26 13:20:17.117 | 01:09   20ms  265M   16G  18/ 23U [GameAnalyzer] Income advantage is now SlightDisadvantage
2022-10-26 13:20:17.275 | 01:10   20ms  265M   16G  18/ 23U [GameAnalyzer] Income advantage is now SmallDisadvantage
2022-10-26 13:20:18.167 | 01:13   20ms  315M   24G  18/ 23U [GameAnalyzer] Income advantage is now SlightDisadvantage
2022-10-26 13:20:18.331 | 01:13   21ms  315M   24G  18/ 23U [GameAnalyzer] Income advantage is now SmallDisadvantage
2022-10-26 13:20:18.402 | 01:13   22ms  315M   28G  18/ 23U [GameAnalyzer] Income advantage is now Even
2022-10-26 13:20:18.465 | 01:14   28ms  315M   28G  18/ 23U [GameAnalyzer] Income advantage is now SlightDisadvantage
2022-10-26 13:20:18.513 | 01:14   23ms  320M   28G  18/ 23U [GameAnalyzer] Income advantage is now Even
2022-10-26 13:20:18.626 | 01:14   28ms  325M   28G  18/ 23U [GameAnalyzer] Income advantage is now SlightDisadvantage
2022-10-26 13:20:18.687 | 01:15   11ms  325M   28G  18/ 23U [GameAnalyzer] Income advantage is now SmallDisadvantage
2022-10-26 13:20:18.895 | 01:16   13ms  300M   32G  18/ 23U [ActUnit] SCV from COMMANDCENTER at (57.5, 60.5)
2022-10-26 13:20:18.963 | 01:16   11ms  310M   32G  19/ 23U [GameAnalyzer] Income advantage is now SlightDisadvantage
2022-10-26 13:20:19.021 | 01:16   10ms  310M   36G  19/ 23U [GameAnalyzer] Income advantage is now SmallDisadvantage
2022-10-26 13:20:19.112 | 01:17   10ms  310M   36G  19/ 23U [GameAnalyzer] Income advantage is now SlightDisadvantage
2022-10-26 13:20:19.113 | 01:17   10ms  310M   36G  19/ 23U [GameAnalyzer] Predicted army advantage is now SlightDisadvantage
2022-10-26 13:20:19.256 | 01:18   13ms  325M   40G  19/ 23U [GameAnalyzer] Income advantage is now SmallDisadvantage
2022-10-26 13:20:19.316 | 01:18   10ms  330M   40G  19/ 23U [GameAnalyzer] Income advantage is now SlightDisadvantage
2022-10-26 13:20:19.374 | 01:19   11ms  330M   40G  19/ 23U [GameAnalyzer] Income advantage is now SmallDisadvantage
2022-10-26 13:20:19.439 | 01:19   12ms  335M   40G  19/ 23U [GameAnalyzer] Income advantage is now SlightDisadvantage
2022-10-26 13:20:19.651 | 01:20   13ms  350M   44G  19/ 23U [GameAnalyzer] Income advantage is now SmallDisadvantage
2022-10-26 13:20:19.770 | 01:21   10ms  370M   44G  19/ 23U [GameAnalyzer] Income advantage is now SlightDisadvantage
2022-10-26 13:20:19.832 | 01:21   13ms  370M   48G  19/ 23U [GameAnalyzer] Income advantage is now SmallDisadvantage
2022-10-26 13:20:19.947 | 01:22   11ms  375M   48G  19/ 23U [GameAnalyzer] Income advantage is now SlightDisadvantage
2022-10-26 13:20:19.976 | 01:22   12ms  375M   48G  19/ 23U [GameAnalyzer] Income advantage is now SmallDisadvantage
2022-10-26 13:20:20.041 | 01:22   12ms  180M    2G  19/ 23U [TerranUnit] REAPER from BARRACKS at (63.5, 61.5)
2022-10-26 13:20:20.102 | 01:23   13ms  340M    2G  20/ 23U [GameAnalyzer] Income advantage is now SlightDisadvantage
2022-10-26 13:20:20.197 | 01:23   13ms  340M    2G  20/ 23U [GameAnalyzer] Income advantage is now SmallDisadvantage
2022-10-26 13:20:20.322 | 01:24   12ms  355M    6G  20/ 23U [GameAnalyzer] Income advantage is now SlightDisadvantage
2022-10-26 13:20:20.354 | 01:24   13ms  355M    6G  20/ 23U [GameAnalyzer] Income advantage is now SmallDisadvantage
2022-10-26 13:20:20.634 | 01:26   11ms  380M   10G  20/ 23U [GameAnalyzer] Income advantage is now SlightDisadvantage
2022-10-26 13:20:20.727 | 01:26   12ms  385M   10G  20/ 23U [GameAnalyzer] Income advantage is now SmallDisadvantage
2022-10-26 13:20:20.907 | 01:27   10ms  400M   14G  20/ 23U [GameAnalyzer] Income advantage is now SlightDisadvantage
2022-10-26 13:20:20.975 | 01:28   10ms  405M   14G  20/ 23U [GameAnalyzer] Income advantage is now SmallDisadvantage
2022-10-26 13:20:21.273 | 01:29   10ms  285M   18G  20/ 23U [GameAnalyzer] Income advantage is now SlightDisadvantage
2022-10-26 13:20:21.302 | 01:30   12ms  285M   18G  20/ 23U [GameAnalyzer] Income advantage is now SmallDisadvantage
2022-10-26 13:20:21.480 | 01:31   11ms  305M   22G  20/ 23U [GameAnalyzer] Income advantage is now SlightDisadvantage
2022-10-26 13:20:21.573 | 01:31   10ms  305M   26G  20/ 23U [GameAnalyzer] Income advantage is now SmallDisadvantage
2022-10-26 13:20:22.330 | 01:36   11ms  375M   38G  20/ 23U [GameAnalyzer] Income advantage is now SlightDisadvantage
2022-10-26 13:20:22.367 | 01:36   13ms  375M   38G  20/ 23U [GameAnalyzer] Income advantage is now SmallDisadvantage
2022-10-26 13:20:22.412 | 01:36    9ms  380M   38G  20/ 23U [GameAnalyzer] Income advantage is now SlightDisadvantage
2022-10-26 13:20:23.418 | 01:43   11ms  485M   58G  20/ 23U [GameAnalyzer] Income advantage is now SmallDisadvantage
2022-10-26 13:20:23.453 | 01:43   12ms  485M   58G  20/ 23U [GameAnalyzer] Income advantage is now SlightDisadvantage
2022-10-26 13:20:23.481 | 01:44   15ms  485M   58G  20/ 23U [GameAnalyzer] Income advantage is now SmallDisadvantage
2022-10-26 13:20:23.658 | 01:45   13ms  505M   62G  20/ 23U [GameAnalyzer] Income advantage is now SlightDisadvantage
2022-10-26 13:20:23.754 | 01:45   14ms  510M   62G  20/ 23U [GameAnalyzer] Income advantage is now SmallDisadvantage
2022-10-26 13:20:23.812 | 01:46   11ms  510M   62G  20/ 23U [GameAnalyzer] Income advantage is now SlightDisadvantage
2022-10-26 13:20:23.898 | 01:46   10ms  520M   66G  20/ 23U [GameAnalyzer] Income advantage is now SmallDisadvantage
2022-10-26 13:20:24.050 | 01:47   10ms  530M   66G  20/ 23U [GameAnalyzer] Income advantage is now SlightDisadvantage
2022-10-26 13:20:24.081 | 01:47   13ms  530M   66G  20/ 23U [GameAnalyzer] Income advantage is now SmallDisadvantage
2022-10-26 13:20:24.262 | 01:48   11ms  555M   70G  20/ 23U [GameAnalyzer] Income advantage is now SlightDisadvantage
2022-10-26 13:20:24.322 | 01:49   12ms  560M   70G  20/ 23U [GameAnalyzer] Income advantage is now SmallDisadvantage
2022-10-26 13:20:24.402 | 01:49   19ms  565M   74G  20/ 23U [GameAnalyzer] Income advantage is now SlightDisadvantage
2022-10-26 13:20:24.440 | 01:49   17ms  565M   74G  20/ 23U [GameAnalyzer] Income advantage is now SmallDisadvantage
2022-10-26 13:20:24.469 | 01:49   13ms  570M   74G  20/ 23U [GameAnalyzer] Income advantage is now SlightDisadvantage
2022-10-26 13:20:24.534 | 01:50   14ms  570M   74G  20/ 23U [GameAnalyzer] Income advantage is now SmallDisadvantage
2022-10-26 13:20:24.592 | 01:50   13ms  580M   74G  20/ 23U [GameAnalyzer] Income advantage is now SlightDisadvantage
2022-10-26 13:20:24.686 | 01:51   14ms  585M   78G  20/ 23U [GameAnalyzer] Income advantage is now SmallDisadvantage
2022-10-26 13:20:24.940 | 01:51   11ms  605M   78G  20/ 23U [GameAnalyzer] Income advantage is now SlightDisadvantage
2022-10-26 13:20:25.006 | 01:51   11ms  605M   78G  20/ 23U [Expand] Expanding to (79.5, 51.5)
2022-10-26 13:20:25.091 | 01:52   11ms  210M   82G  20/ 23U [GameAnalyzer] Income advantage is now SmallDisadvantage
2022-10-26 13:20:25.234 | 01:53   10ms  180M   82G  20/ 23U [ActUnit] SCV from COMMANDCENTER at (57.5, 60.5)
2022-10-26 13:20:25.419 | 01:54   12ms  190M   86G  21/ 23U [GameAnalyzer] Income advantage is now SlightDisadvantage
2022-10-26 13:20:25.480 | 01:54   11ms  195M   86G  21/ 23U [GameAnalyzer] Income advantage is now SmallDisadvantage
2022-10-26 13:20:25.538 | 01:55   11ms  195M   86G  21/ 23U [GameAnalyzer] Known army advantage is now SlightAdvantage
2022-10-26 13:20:25.541 | 01:55   11ms  195M   86G  21/ 23U [BuildAddon] UnitTypeId.BARRACKSREACTOR to (66.0, 61.0)
2022-10-26 13:20:26.309 | 01:59   12ms   55M   48G  21/ 23U [GameAnalyzer] Income advantage is now Even
2022-10-26 13:20:26.871 | 02:02   11ms   25M   60G  21/ 23U [GameAnalyzer] Income advantage is now SlightDisadvantage
2022-10-26 13:20:26.906 | 02:02   15ms   35M   60G  21/ 23U [GameAnalyzer] Income advantage is now Even
2022-10-26 13:20:27.061 | 02:03   12ms   45M   60G  21/ 23U [GameAnalyzer] Income advantage is now SlightDisadvantage
2022-10-26 13:20:27.093 | 02:03   15ms   45M   60G  21/ 23U [GameAnalyzer] Income advantage is now Even
2022-10-26 13:20:27.272 | 02:04   11ms   55M   64G  21/ 23U [GameAnalyzer] Income advantage is now SlightDisadvantage
2022-10-26 13:20:27.335 | 02:05   12ms   65M   64G  21/ 23U [GameAnalyzer] Income advantage is now Even
2022-10-26 13:20:27.404 | 02:05   14ms   20M   68G  21/ 23U [ActUnit] SCV from COMMANDCENTER at (57.5, 60.5)
2022-10-26 13:20:28.105 | 02:09   14ms   90M   76G  22/ 23U [GameAnalyzer] Income advantage is now SlightDisadvantage
2022-10-26 13:20:28.135 | 02:09   15ms   90M   76G  22/ 23U [GameAnalyzer] Income advantage is now Even
2022-10-26 13:20:28.925 | 02:13   16ms  145M   88G  22/ 23U [GameAnalyzer] Income advantage is now SlightDisadvantage
2022-10-26 13:20:28.955 | 02:13   15ms  150M   88G  22/ 23U [GameAnalyzer] Income advantage is now Even
2022-10-26 13:20:29.690 | 02:17   13ms    5M    0G  22/ 23U [BuildGas] Building REFINERY to (50.5, 63.5)
2022-10-26 13:20:30.602 | 02:21   12ms    0M   12G  22/ 23U [ActUnit] SCV from COMMANDCENTER at (57.5, 60.5)
2022-10-26 13:20:30.636 | 02:21   14ms    0M   12G  23/ 23U [GameAnalyzer] Income advantage is now SlightDisadvantage
2022-10-26 13:20:30.670 | 02:22   15ms    0M   12G  23/ 23U [GameAnalyzer] Income advantage is now Even
2022-10-26 13:20:30.860 | 02:22   15ms    5M   12G  23/ 23U [GameAnalyzer] Income advantage is now SlightDisadvantage
2022-10-26 13:20:30.898 | 02:22   14ms    5M   12G  23/ 23U [GameAnalyzer] Income advantage is now Even
2022-10-26 13:20:31.003 | 02:23   12ms   15M   16G  23/ 23U [GameAnalyzer] Income advantage is now SlightDisadvantage
2022-10-26 13:20:31.071 | 02:23   15ms   45M   16G  23/ 23U [GameAnalyzer] Income advantage is now Even
2022-10-26 13:20:31.407 | INFO     | sc2.protocol:_execute:72 - Client status changed to Status.ended (was Status.in_game)
2022-10-26 13:20:31.409 | Result: Defeat
2022-10-26 13:20:31.410 | Duration: 02:25
2022-10-26 13:20:31.411 | Step time min: 6
2022-10-26 13:20:31.413 | Step time avg: 12
2022-10-26 13:20:31.414 | Step time max: 161
2022-10-26 13:20:31.415 | [LostUnitsContents] My lost units minerals and gas: (0, 0)
2022-10-26 13:20:31.416 | [LostUnitsContents] My lost units minerals by score: 0.0
2022-10-26 13:20:31.417 | [LostUnitsContents] Enemy lost units minerals and gas: (0, 0)
2022-10-26 13:20:31.418 | [LostUnitsContents] Enemy lost units minerals by score: 0.0
2022-10-26 13:20:31.419 | [GameAnalyzerEnd] Own units:
2022-10-26 13:20:31.421 | [GameAnalyzerEnd] SCV               total:  20 alive:  20 dead:   0 
2022-10-26 13:20:31.422 | [GameAnalyzerEnd] SUPPLYDEPOT       total:   2 alive:   2 dead:   0 
2022-10-26 13:20:31.423 | [GameAnalyzerEnd] REFINERY          total:   2 alive:   2 dead:   0 
2022-10-26 13:20:31.424 | [GameAnalyzerEnd] BARRACKS          total:   2 alive:   2 dead:   0 
2022-10-26 13:20:31.425 | [GameAnalyzerEnd] FACTORY           total:   1 alive:   1 dead:   0 
2022-10-26 13:20:31.426 | [GameAnalyzerEnd] COMMANDCENTER     total:   1 alive:   1 dead:   0 
2022-10-26 13:20:31.427 | [GameAnalyzerEnd] ORBITALCOMMAND    total:   1 alive:   1 dead:   0 
2022-10-26 13:20:31.428 | [GameAnalyzerEnd] REACTOR           total:   1 alive:   1 dead:   0 
2022-10-26 13:20:31.428 | [GameAnalyzerEnd] MULE              total:   1 alive:   1 dead:   0 
2022-10-26 13:20:31.429 | [GameAnalyzerEnd] REAPER            total:   1 alive:   1 dead:   0 
2022-10-26 13:20:31.430 | [GameAnalyzerEnd] Enemy units:
2022-10-26 13:20:31.431 | [GameAnalyzerEnd] DRONE             total:  17 alive:  17 dead:   0 
2022-10-26 13:20:31.432 | [GameAnalyzerEnd] HATCHERY          total:   2 alive:   2 dead:   0 
2022-10-26 13:20:31.433 | [GameAnalyzerEnd] OVERLORD          total:   2 alive:   2 dead:   0 
2022-10-26 13:20:31.433 | [GameAnalyzerEnd] SPAWNINGPOOL      total:   1 alive:   1 dead:   0 
2022-10-26 13:20:31.436 | [GameAnalyzerEnd] EXTRACTOR         total:   1 alive:   1 dead:   0 
2022-10-26 13:20:31.437 | [GameAnalyzerEnd] Minerals max 590 Average 181
2022-10-26 13:20:31.437 | [GameAnalyzerEnd] Vespene max 96 Average 24
2022-10-26 13:20:31.438 | INFO     | sc2.main:_play_game:228 - Result for player 1 - Bot Turtles(Terran): Defeat
2022-10-26 13:20:32.601 | INFO     | sc2.protocol:__request:48 - Cannot receive: Game has already ended.
2022-10-26 13:20:32.602 | INFO     | sc2.sc2process:_close_connection:231 - Closing connection at 63620...
2022-10-26 13:20:32.604 | INFO     | sc2.sc2process:kill_all:33 - kill_switch: Process cleanup for 1 processes
