2022-10-24 15:06:10.721 | INFO     | sc2.protocol:_execute:72 - Client status changed to Status.launched (was None)
2022-10-24 15:06:10.723 | INFO     | sc2.controller:create_game:37 - Creating new game
2022-10-24 15:06:10.724 | INFO     | sc2.controller:create_game:38 - Map:     JagannathaAIE
2022-10-24 15:06:10.725 | INFO     | sc2.controller:create_game:39 - Players: Bot Turtles(Terran), Computer VeryHard(Random, RandomBuild)
2022-10-24 15:06:10.728 | INFO     | sc2.protocol:_execute:72 - Client status changed to Status.init_game (was Status.launched)
2022-10-24 15:06:19.515 | INFO     | sc2.protocol:_execute:72 - Client status changed to Status.in_game (was None)
2022-10-24 15:06:19.517 | INFO     | sc2.main:_play_game:221 - Player 1 - Bot Turtles(Terran)
2022-10-24 15:06:20.089 | 00:00    0ms    0M    0G  12/ 15U [Version] 5.0.10.88500
2022-10-24 15:06:20.090 | 00:00    0ms    0M    0G  12/ 15U [Version] 5.0.6 Balance mod recognized.
2022-10-24 15:06:20.165 | 00:00    0ms    0M    0G  12/ 15U [ZoneManager] Map set to: MapName.Jagannatha from name: Jagannatha AIE and hash: 3355197.
2022-10-24 15:06:20.956 | [Start] My race: Terran
2022-10-24 15:06:20.958 | [Start] Opponent race: Random
2022-10-24 15:06:20.958 | [Start] OpponentId: None
2022-10-24 15:06:21.176 | 00:00    7ms    0M    0G  13/ 15U [GameAnalyzer] Income advantage is now SlightDisadvantage
2022-10-24 15:06:21.261 | 00:01    8ms    0M    0G  13/ 15U [GameAnalyzer] Income advantage is now Even
2022-10-24 15:06:21.631 | 00:04    6ms   15M    0G  13/ 15U [GameAnalyzer] Income advantage is now SlightDisadvantage
2022-10-24 15:06:21.675 | 00:04    7ms   25M    0G  13/ 15U [GameAnalyzer] Income advantage is now Even
2022-10-24 15:06:22.742 | 00:14    6ms    0M    0G  13/ 15U [ActUnit] SCV from COMMANDCENTER at (126.5, 151.5)
2022-10-24 15:06:24.225 | 00:26   20ms  110M    0G  14/ 15U [ActUnit] SCV from COMMANDCENTER at (126.5, 151.5)
2022-10-24 15:06:25.720 | 00:36    7ms    0M    0G  15/ 23U [BuildGas] Building REFINERY to (123.5, 158.5)
2022-10-24 15:06:25.742 | 00:36    9ms    0M    0G  15/ 23U [GameAnalyzer] Income advantage is now SlightDisadvantage
2022-10-24 15:06:25.763 | 00:36   10ms    5M    0G  15/ 23U [GameAnalyzer] Income advantage is now Even
2022-10-24 15:06:26.273 | 00:40    9ms    0M    0G  15/ 23U [ActUnit] SCV from COMMANDCENTER at (126.5, 151.5)
2022-10-24 15:06:27.153 | 00:46    8ms    5M    0G  16/ 23U [BuildGas] Building REFINERY to (133.5, 148.5)
2022-10-24 15:06:27.978 | 00:52    7ms   10M    0G  16/ 23U [ActUnit] SCV from COMMANDCENTER at (126.5, 151.5)
2022-10-24 15:06:29.588 | 01:04    7ms   95M    8G  17/ 23U [ActUnit] SCV from COMMANDCENTER at (126.5, 151.5)
2022-10-24 15:06:31.914 | 01:14   20ms  205M   28G  18/ 23U [GameAnalyzer] Income advantage is now SlightAdvantage
2022-10-24 15:06:31.960 | 01:14   21ms  210M   28G  18/ 23U [GameAnalyzer] Income advantage is now SmallAdvantage
2022-10-24 15:06:32.216 | 01:15   24ms  215M   28G  18/ 23U [GameAnalyzer] Income advantage is now SlightAdvantage
2022-10-24 15:06:32.294 | 01:15   22ms  220M   28G  18/ 23U [GameAnalyzer] Income advantage is now Even
2022-10-24 15:06:32.416 | 01:15   25ms  225M   28G  18/ 23U [GameAnalyzer] Income advantage is now SlightAdvantage
2022-10-24 15:06:32.646 | 01:16   25ms  225M   32G  18/ 23U [GameAnalyzer] Income advantage is now Even
2022-10-24 15:06:32.884 | 01:16   26ms  235M   32G  18/ 23U [GameAnalyzer] Income advantage is now SlightAdvantage
2022-10-24 15:06:32.885 | 01:16   26ms  185M   32G  18/ 23U [ActUnit] SCV from COMMANDCENTER at (126.5, 151.5)
2022-10-24 15:06:32.944 | 01:16   21ms  185M   32G  19/ 23U [GameAnalyzer] Income advantage is now Even
2022-10-24 15:06:33.106 | 01:17    9ms  190M   36G  19/ 23U [GameAnalyzer] Predicted army advantage is now SlightDisadvantage
2022-10-24 15:06:34.058 | 01:22   10ms   45M   48G  19/ 23U [TerranUnit] MARINE from BARRACKS at (121.5, 144.5)
2022-10-24 15:06:36.426 | 01:35   12ms   70M    0G  20/ 23U [GameAnalyzer] Income advantage is now SmallDisadvantage
2022-10-24 15:06:36.933 | 01:38   11ms  110M   12G  20/ 23U [GameAnalyzer] Income advantage is now SlightDisadvantage
2022-10-24 15:06:36.994 | 01:38   13ms  110M   12G  20/ 23U [GameAnalyzer] Income advantage is now SmallDisadvantage
2022-10-24 15:06:37.276 | 01:40   12ms  135M   20G  20/ 23U [GameAnalyzer] Known army advantage is now SlightAdvantage
2022-10-24 15:06:37.341 | 01:40   11ms  140M   20G  20/ 23U [GameAnalyzer] Income advantage is now SlightDisadvantage
2022-10-24 15:06:37.373 | 01:40   14ms  140M   24G  20/ 23U [GameAnalyzer] Income advantage is now SmallDisadvantage
2022-10-24 15:06:38.465 | 01:47   10ms  240M   48G  20/ 23U [GameAnalyzer] Income advantage is now SlightDisadvantage
2022-10-24 15:06:38.532 | 01:47   10ms  240M   52G  20/ 23U [GameAnalyzer] Income advantage is now SmallDisadvantage
2022-10-24 15:06:39.654 | 01:53   12ms  270M   76G  20/ 23U [ActUnit] SCV from COMMANDCENTER at (126.5, 151.5)
2022-10-24 15:06:40.408 | 01:57   10ms  335M   92G  21/ 23U [GameAnalyzer] Income advantage is now SlightDisadvantage
2022-10-24 15:06:41.153 | 02:02   11ms  395M  112G  21/ 23U [GameAnalyzer] Income advantage is now SmallDisadvantage
2022-10-24 15:06:41.214 | 02:03   11ms  420M  116G  21/ 23U [Expand] Expanding to (98.5, 151.5)
2022-10-24 15:06:41.699 | 02:05   12ms   45M  124G  21/ 23U [GameAnalyzer] Income advantage is now SlightDisadvantage
2022-10-24 15:06:41.730 | 02:05   13ms   45M  124G  21/ 23U [GameAnalyzer] Income advantage is now SmallDisadvantage
2022-10-24 15:06:41.825 | 02:06   11ms    5M  124G  21/ 23U [ActUnit] SCV from COMMANDCENTER at (126.5, 151.5)
2022-10-24 15:06:42.028 | 02:07   10ms   30M  132G  22/ 23U [GameAnalyzer] Income advantage is now SlightDisadvantage
2022-10-24 15:06:42.292 | 02:09   12ms    0M  140G  22/ 23U [TerranUnit] MARINE from BARRACKS at (121.5, 144.5)
2022-10-24 15:06:42.788 | 02:12   10ms   60M  156G  23/ 23U [GameAnalyzer] Income advantage is now Even
2022-10-24 15:06:47.307 | 02:38   11ms   50M   56G  23/ 23U [BuildAddon] UnitTypeId.FACTORYREACTOR to (133.0, 159.0)
2022-10-24 15:06:47.913 | 02:40   14ms   55M   18G  23/ 23U [GameAnalyzer] Income advantage is now SlightDisadvantage
2022-10-24 15:06:47.942 | 02:41   14ms   60M   22G  23/ 23U [GameAnalyzer] Income advantage is now Even
2022-10-24 15:06:48.278 | 02:42   12ms   30M   26G  23/ 31U [ActUnit] SCV from COMMANDCENTER at (126.5, 151.5)
2022-10-24 15:06:48.917 | 02:46   12ms   60M   42G  24/ 31U [TerranUnit] MARINE from BARRACKS at (121.5, 144.5)
2022-10-24 15:06:50.883 | 02:55   13ms   40M   78G  25/ 31U [ActUnit] SCV from COMMANDCENTER at (126.5, 151.5)
2022-10-24 15:06:51.633 | 02:58   13ms   80M   90G  26/ 31U [GameAnalyzer] Income advantage is now SlightDisadvantage
2022-10-24 15:06:51.671 | 02:58   15ms   80M   90G  26/ 31U [GameAnalyzer] Income advantage is now Even
2022-10-24 15:06:53.470 | 03:07   14ms   30M   26G  26/ 31U [ActUnit] SCV from COMMANDCENTER at (126.5, 151.5)
2022-10-24 15:06:54.319 | 03:11   14ms   90M   50G  27/ 31U [BuildAddon] UnitTypeId.FACTORYREACTOR to (119.0, 149.0)
2022-10-24 15:06:55.872 | 03:19   14ms   15M   28G  27/ 39U [ActUnit] SCV from COMMANDCENTER at (126.5, 151.5)
2022-10-24 15:06:56.186 | 03:20   12ms   70M   36G  28/ 39U [BuildAddon] UnitTypeId.STARPORTTECHLAB to (131.0, 140.0)
2022-10-24 15:06:56.643 | 03:23   14ms    5M   19G  28/ 39U [TerranUnit] MARINE from BARRACKS at (121.5, 144.5)
2022-10-24 15:06:59.119 | 03:35   13ms   90M   87G  29/ 54U [GameAnalyzer] Income advantage is now SlightAdvantage
2022-10-24 15:06:59.164 | 03:35   16ms   90M   87G  29/ 54U [GameAnalyzer] Income advantage is now Even
2022-10-24 15:06:59.285 | 03:36   14ms    0M   91G  29/ 54U [TerranUnit] HELLION from FACTORY at (130.5, 159.5)
2022-10-24 15:07:00.565 | 03:42   12ms  105M  123G  31/ 62U [Tech] Started BANSHEECLOAK
2022-10-24 15:07:01.059 | 03:44   12ms   70M   35G  31/ 62U [GameAnalyzer] Income advantage is now SlightAdvantage
2022-10-24 15:07:01.093 | 03:44   15ms   70M   35G  31/ 62U [GameAnalyzer] Income advantage is now Even
2022-10-24 15:07:01.445 | 03:46   13ms  100M   43G  31/ 62U [GameAnalyzer] Income advantage is now SlightAdvantage
2022-10-24 15:07:01.522 | 03:46   12ms  105M   47G  31/ 62U [GameAnalyzer] Income advantage is now Even
2022-10-24 15:07:02.307 | 03:49   14ms  190M   63G  31/ 62U [GameAnalyzer] Income advantage is now SlightAdvantage
2022-10-24 15:07:02.348 | 03:50   18ms  190M   67G  31/ 62U [GameAnalyzer] Income advantage is now Even
2022-10-24 15:07:02.538 | 03:50   14ms  150M   71G  31/ 62U [TerranUnit] MARINE from BARRACKS at (121.5, 144.5)
2022-10-24 15:07:03.177 | 03:53   16ms  200M   83G  32/ 62U [GameAnalyzer] Income advantage is now SlightAdvantage
2022-10-24 15:07:03.277 | 03:53   15ms  200M   83G  32/ 62U [GameAnalyzer] Income advantage is now Even
2022-10-24 15:07:03.752 | 03:55   14ms  235M   95G  32/ 62U [GameAnalyzer] Income advantage is now SlightAdvantage
2022-10-24 15:07:03.812 | 03:55   16ms  240M   95G  32/ 62U [GameAnalyzer] Income advantage is now Even
2022-10-24 15:07:03.988 | 03:56   13ms  255M   99G  32/ 62U [GameAnalyzer] Income advantage is now SlightAdvantage
2022-10-24 15:07:03.990 | 03:56   13ms  205M   99G  32/ 62U [ActUnit] SCV from COMMANDCENTER at (98.5, 151.5)
2022-10-24 15:07:04.027 | 03:56   17ms  210M   99G  33/ 62U [GameAnalyzer] Income advantage is now Even
2022-10-24 15:07:04.029 | 03:56   17ms  160M   99G  33/ 62U [ActUnit] SCV from COMMANDCENTER at (126.5, 151.5)
2022-10-24 15:07:04.068 | 03:56   15ms   35M    3G  34/ 62U [TerranUnit] BANSHEE from STARPORT at (128.5, 140.5)
2022-10-24 15:07:04.177 | 03:57   14ms   45M    3G  37/ 62U [GameAnalyzer] Income advantage is now SlightAdvantage
2022-10-24 15:07:04.225 | 03:57   14ms   50M    7G  37/ 62U [GameAnalyzer] Income advantage is now Even
2022-10-24 15:07:04.265 | 03:57   16ms   55M    7G  37/ 62U [GameAnalyzer] Income advantage is now SlightAdvantage
2022-10-24 15:07:04.266 | 03:57   16ms   55M    7G  37/ 62U [GameAnalyzer] Known army advantage is now SmallAdvantage
2022-10-24 15:07:04.267 | 03:57   16ms   55M    7G  37/ 62U [GameAnalyzer] Predicted army advantage is now SlightAdvantage
2022-10-24 15:07:04.317 | 03:57   17ms   55M    7G  37/ 62U [GameAnalyzer] Income advantage is now Even
2022-10-24 15:07:04.471 | 03:58   13ms   70M   11G  37/ 62U [GameAnalyzer] Income advantage is now SlightAdvantage
2022-10-24 15:07:04.565 | 03:58   14ms   75M   15G  37/ 62U [GameAnalyzer] Income advantage is now Even
2022-10-24 15:07:04.729 | 03:59   14ms   90M   15G  37/ 62U [GameAnalyzer] Income advantage is now SlightAdvantage
2022-10-24 15:07:04.764 | 03:59   16ms    0M   19G  37/ 62U [TerranUnit] HELLIONTANK from FACTORY at (130.5, 159.5)
2022-10-24 15:07:04.848 | 04:00   14ms    0M   19G  39/ 62U [GameAnalyzer] Income advantage is now Even
2022-10-24 15:07:05.019 | 04:00   15ms   10M   23G  39/ 62U [GameAnalyzer] Income advantage is now SlightAdvantage
2022-10-24 15:07:05.077 | 04:00   15ms   10M   23G  39/ 62U [GameAnalyzer] Income advantage is now Even
2022-10-24 15:07:05.310 | 04:01   15ms   45M   31G  39/ 62U [GameAnalyzer] Income advantage is now SlightAdvantage
2022-10-24 15:07:05.451 | 04:02   16ms   50M   31G  39/ 62U [GameAnalyzer] Income advantage is now Even
2022-10-24 15:07:05.636 | 04:03   14ms   65M   35G  39/ 62U [GameAnalyzer] Income advantage is now SlightAdvantage
2022-10-24 15:07:05.677 | 04:03   16ms   65M   39G  39/ 62U [GameAnalyzer] Income advantage is now Even
2022-10-24 15:07:05.811 | 04:03   14ms  100M   39G  39/ 62U [GameAnalyzer] Income advantage is now SlightAdvantage
2022-10-24 15:07:05.814 | 04:03   14ms    0M   39G  39/ 62U [TerranUnit] HELLIONTANK from FACTORY at (130.5, 159.5)
2022-10-24 15:07:05.852 | 04:03   16ms    5M   39G  41/ 62U [GameAnalyzer] Income advantage is now Even
2022-10-24 15:07:06.098 | 04:05   15ms   50M   47G  41/ 62U [GameAnalyzer] Income advantage is now SlightAdvantage
2022-10-24 15:07:06.188 | 04:05   14ms   50M   47G  41/ 62U [GameAnalyzer] Income advantage is now Even
2022-10-24 15:07:06.481 | 04:06   13ms   85M   55G  41/ 62U [GameAnalyzer] Income advantage is now SlightAdvantage
2022-10-24 15:07:06.521 | 04:06   15ms   95M   55G  41/ 62U [GameAnalyzer] Income advantage is now Even
2022-10-24 15:07:06.681 | 04:07   13ms  105M   59G  41/ 62U [GameAnalyzer] Income advantage is now SlightAdvantage
2022-10-24 15:07:06.683 | 04:07   13ms    5M   59G  41/ 62U [TerranUnit] HELLIONTANK from FACTORY at (116.5, 149.5)
2022-10-24 15:07:06.729 | 04:07   15ms    5M   59G  43/ 62U [GameAnalyzer] Income advantage is now Even
2022-10-24 15:07:06.884 | 04:08   14ms   20M   63G  43/ 62U [GameAnalyzer] Income advantage is now SlightAdvantage
2022-10-24 15:07:06.968 | 04:08   13ms   25M   67G  43/ 62U [GameAnalyzer] Predicted army advantage is now SmallAdvantage
2022-10-24 15:07:07.056 | 04:08   15ms   30M   67G  43/ 62U [GameAnalyzer] Income advantage is now Even
2022-10-24 15:07:07.189 | 04:09   14ms   45M   71G  43/ 62U [GameAnalyzer] Income advantage is now SlightAdvantage
2022-10-24 15:07:07.280 | 04:09   16ms   20M   75G  43/ 62U [ActUnit] SCV from COMMANDCENTER at (126.5, 151.5)
2022-10-24 15:07:07.377 | 04:10   14ms   20M   75G  44/ 62U [GameAnalyzer] Income advantage is now Even
2022-10-24 15:07:07.531 | 04:10   14ms   40M   79G  44/ 62U [GameAnalyzer] Income advantage is now SlightAdvantage
2022-10-24 15:07:07.628 | 04:11   15ms   50M   79G  44/ 62U [GameAnalyzer] Income advantage is now Even
2022-10-24 15:07:07.630 | 04:11   15ms    0M   79G  44/ 62U [ActUnit] SCV from COMMANDCENTER at (98.5, 151.5)
2022-10-24 15:07:07.770 | 04:11   15ms   10M   83G  45/ 62U [GameAnalyzer] Income advantage is now SlightAdvantage
2022-10-24 15:07:07.945 | 04:12   15ms   45M   87G  45/ 62U [GameAnalyzer] Income advantage is now Even
2022-10-24 15:07:07.996 | 04:12   18ms    0M   87G  45/ 62U [TerranUnit] MARINE from BARRACKS at (121.5, 144.5)
2022-10-24 15:07:08.047 | 04:12   18ms    0M   87G  46/ 62U [GameAnalyzer] Income advantage is now SlightAdvantage
2022-10-24 15:07:08.400 | 04:14   16ms   25M   95G  46/ 62U [GameAnalyzer] Income advantage is now Even
2022-10-24 15:07:08.564 | 04:14   14ms   40M   99G  46/ 62U [GameAnalyzer] Income advantage is now SlightAdvantage
2022-10-24 15:07:08.697 | 04:15   15ms   60M  103G  46/ 62U [GameAnalyzer] Income advantage is now Even
2022-10-24 15:07:08.924 | 04:16   15ms   85M  107G  46/ 62U [GameAnalyzer] Income advantage is now SlightAdvantage
2022-10-24 15:07:09.227 | 04:17   13ms   25M  115G  46/ 62U [GameAnalyzer] Income advantage is now Even
2022-10-24 15:07:09.309 | 04:17   14ms   25M  119G  46/ 62U [GameAnalyzer] Income advantage is now SlightAdvantage
2022-10-24 15:07:09.478 | 04:18   14ms   45M  119G  46/ 62U [GameAnalyzer] Income advantage is now Even
2022-10-24 15:07:09.746 | 04:19   14ms    0M  127G  46/ 62U [TerranUnit] HELLIONTANK from FACTORY at (116.5, 149.5)
2022-10-24 15:07:10.011 | 04:20   13ms   20M  131G  48/ 62U [GameAnalyzer] Income advantage is now SlightAdvantage
2022-10-24 15:07:10.160 | 04:21   15ms   30M  135G  48/ 62U [GameAnalyzer] Income advantage is now Even
2022-10-24 15:07:10.277 | 04:21   14ms   35M  139G  48/ 62U [GameAnalyzer] Income advantage is now SlightAdvantage
2022-10-24 15:07:10.513 | 04:22   16ms    0M  143G  48/ 62U [ActUnit] SCV from COMMANDCENTER at (126.5, 151.5)
2022-10-24 15:07:10.610 | 04:23   15ms    5M  143G  49/ 62U [GameAnalyzer] Income advantage is now Even
2022-10-24 15:07:10.701 | 04:23   15ms   15M  147G  49/ 62U [GameAnalyzer] Income advantage is now SlightAdvantage
2022-10-24 15:07:10.791 | 04:23   16ms   20M  151G  49/ 62U [GameAnalyzer] Income advantage is now Even
2022-10-24 15:07:10.853 | 04:23   17ms   30M  151G  49/ 62U [GameAnalyzer] Income advantage is now SlightAdvantage
2022-10-24 15:07:10.900 | 04:24   17ms   60M  151G  49/ 62U [GameAnalyzer] Income advantage is now Even
2022-10-24 15:07:10.902 | 04:24   17ms   10M  151G  49/ 62U [ActUnit] SCV from COMMANDCENTER at (98.5, 151.5)
2022-10-24 15:07:11.005 | 04:24   16ms   15M  151G  50/ 62U [GameAnalyzer] Income advantage is now SlightAdvantage
2022-10-24 15:07:11.207 | 04:25   15ms   35M  155G  50/ 62U [GameAnalyzer] Known army advantage is now ClearAdvantage
2022-10-24 15:07:11.208 | 04:25   15ms   35M  155G  50/ 62U [GameAnalyzer] Predicted army advantage is now ClearAdvantage
2022-10-24 15:07:11.792 | 04:27   15ms   95M  167G  50/ 62U [GameAnalyzer] Income advantage is now Even
2022-10-24 15:07:11.894 | 04:27   16ms    0M  171G  50/ 62U [TerranUnit] HELLIONTANK from FACTORY at (130.5, 159.5)
2022-10-24 15:07:11.993 | 04:28   17ms   15M  171G  52/ 62U [GameAnalyzer] Income advantage is now SlightAdvantage
2022-10-24 15:07:12.243 | 04:28   15ms   35M  175G  52/ 62U [GameAnalyzer] Income advantage is now Even
2022-10-24 15:07:12.374 | 04:29   15ms   50M  179G  52/ 62U [GameAnalyzer] Income advantage is now SlightAdvantage
2022-10-24 15:07:12.632 | 04:30   15ms   25M  183G  52/ 62U [TerranUnit] MARINE from BARRACKS at (121.5, 144.5)
2022-10-24 15:07:12.924 | 04:31   18ms   60M  191G  53/ 62U [GameAnalyzer] Income advantage is now Even
2022-10-24 15:07:12.988 | 04:31   18ms   70M  191G  53/ 62U [GameAnalyzer] Income advantage is now SlightAdvantage
2022-10-24 15:07:13.407 | 04:32   16ms   90M  195G  53/ 62U [GameAnalyzer] Income advantage is now Even
2022-10-24 15:07:13.600 | 04:33   16ms   15M  199G  53/ 62U [GameAnalyzer] Income advantage is now SlightAdvantage
2022-10-24 15:07:13.760 | 04:33   16ms   45M  203G  53/ 62U [GameAnalyzer] Income advantage is now Even
2022-10-24 15:07:13.855 | 04:33   17ms   55M  203G  53/ 62U [GameAnalyzer] Income advantage is now SlightAdvantage
2022-10-24 15:07:14.138 | 04:34   15ms   65M  207G  53/ 62U [GameAnalyzer] Income advantage is now Even
2022-10-24 15:07:14.140 | 04:34   15ms   15M  207G  53/ 62U [ActUnit] SCV from COMMANDCENTER at (126.5, 151.5)
2022-10-24 15:07:14.179 | 04:35   19ms   25M  211G  54/ 62U [GameAnalyzer] Income advantage is now SlightAdvantage
2022-10-24 15:07:14.473 | 04:36   17ms   45M  215G  54/ 62U [GameAnalyzer] Income advantage is now Even
2022-10-24 15:07:14.572 | 04:36   16ms   55M  219G  54/ 62U [GameAnalyzer] Income advantage is now SlightAdvantage
2022-10-24 15:07:14.573 | 04:36   16ms    5M  219G  54/ 62U [ActUnit] SCV from COMMANDCENTER at (98.5, 151.5)
2022-10-24 15:07:14.850 | 04:37   15ms   35M  223G  55/ 62U [GameAnalyzer] Income advantage is now Even
2022-10-24 15:07:14.894 | 04:37   17ms   35M  223G  55/ 62U [GameAnalyzer] Income advantage is now SlightAdvantage
2022-10-24 15:07:15.380 | 04:39   14ms  100M  235G  55/ 62U [GameAnalyzer] Income advantage is now SmallAdvantage
2022-10-24 15:07:15.429 | 04:39   17ms  100M  235G  55/ 62U [GameAnalyzer] Income advantage is now SlightAdvantage
2022-10-24 15:07:15.703 | 04:40   16ms    0M  139G  55/ 62U [TerranUnit] BANSHEE from STARPORT at (128.5, 140.5)
2022-10-24 15:07:15.749 | 04:40   18ms    5M  143G  58/ 62U [GameAnalyzer] Income advantage is now Even
2022-10-24 15:07:15.838 | 04:41   16ms   15M  143G  58/ 62U [GameAnalyzer] Income advantage is now SlightAdvantage
2022-10-24 15:07:16.125 | 04:42   16ms   35M  151G  58/ 62U [GameAnalyzer] Income advantage is now Even
2022-10-24 15:07:16.173 | 04:42   20ms   40M  151G  58/ 62U [GameAnalyzer] Income advantage is now SlightAdvantage
2022-10-24 15:07:16.539 | 04:43   16ms   80M  159G  58/ 70U [GameAnalyzer] Income advantage is now SmallAdvantage
2022-10-24 15:07:16.587 | 04:44   19ms   85M  159G  58/ 70U [GameAnalyzer] Income advantage is now SlightAdvantage
2022-10-24 15:07:16.831 | 04:45   16ms    5M  163G  58/ 70U [TerranUnit] HELLIONTANK from FACTORY at (130.5, 159.5)
2022-10-24 15:07:17.372 | 04:46   16ms   25M  175G  60/ 70U [ActUnit] SCV from COMMANDCENTER at (126.5, 151.5)
2022-10-24 15:07:17.414 | 04:47   17ms   30M  175G  61/ 70U [GameAnalyzer] Income advantage is now SmallAdvantage
2022-10-24 15:07:17.465 | 04:47   20ms   55M  179G  61/ 70U [GameAnalyzer] Income advantage is now SlightAdvantage
2022-10-24 15:07:17.556 | 04:47   17ms   75M  179G  61/ 70U [GameAnalyzer] Income advantage is now SmallAdvantage
2022-10-24 15:07:17.598 | 04:47   19ms   75M  179G  61/ 70U [GameAnalyzer] Income advantage is now SlightAdvantage
2022-10-24 15:07:17.704 | 04:48   15ms   80M  183G  61/ 70U [GameAnalyzer] Known army advantage is now OverwhelmingAdvantage
2022-10-24 15:07:17.705 | 04:48   15ms   80M  183G  61/ 70U [GameAnalyzer] Predicted army advantage is now OverwhelmingAdvantage
2022-10-24 15:07:17.709 | 04:48   15ms   30M  183G  61/ 70U [TerranUnit] MARINE from BARRACKS at (121.5, 144.5)
2022-10-24 15:07:17.746 | 04:48   21ms   40M  183G  62/ 70U [GameAnalyzer] Income advantage is now SmallAdvantage
2022-10-24 15:07:17.795 | 04:48   18ms   40M  183G  62/ 70U [GameAnalyzer] Income advantage is now SlightAdvantage
2022-10-24 15:07:17.879 | 04:48   18ms   45M  187G  62/ 70U [GameAnalyzer] Income advantage is now SmallAdvantage
2022-10-24 15:07:17.924 | 04:49   17ms    0M  187G  62/ 70U [ActUnit] SCV from COMMANDCENTER at (98.5, 151.5)
2022-10-24 15:07:18.024 | 04:49   19ms    5M  187G  63/ 70U [GameAnalyzer] Income advantage is now SlightAdvantage
2022-10-24 15:07:18.123 | 04:49   18ms   25M  191G  63/ 70U [GameAnalyzer] Income advantage is now SmallAdvantage
2022-10-24 15:07:18.227 | 04:50   17ms   30M  191G  63/ 70U [GameAnalyzer] Income advantage is now SlightAdvantage
2022-10-24 15:07:18.533 | 04:51   18ms   55M  199G  63/ 70U [GameAnalyzer] Income advantage is now SmallAdvantage
2022-10-24 15:07:18.595 | 04:51   18ms   55M  199G  63/ 70U [GameAnalyzer] Income advantage is now SlightAdvantage
2022-10-24 15:07:18.688 | 04:51   17ms   70M  203G  63/ 70U [GameAnalyzer] Income advantage is now SmallAdvantage
2022-10-24 15:07:18.739 | 04:51   18ms   70M  203G  63/ 70U [GameAnalyzer] Income advantage is now SlightAdvantage
2022-10-24 15:07:18.958 | 04:52   18ms   95M  207G  63/ 70U [GameAnalyzer] Income advantage is now SmallAdvantage
2022-10-24 15:07:19.064 | 04:53   17ms   25M  207G  63/ 70U [GameAnalyzer] Income advantage is now SlightAdvantage
2022-10-24 15:07:19.576 | 04:54   18ms   95M  219G  63/ 70U [GameAnalyzer] Income advantage is now SmallAdvantage
2022-10-24 15:07:19.626 | 04:55   19ms    0M  219G  63/ 70U [TerranUnit] HELLIONTANK from FACTORY at (116.5, 149.5)
2022-10-24 15:07:19.682 | 04:55   17ms    0M  219G  65/ 70U [GameAnalyzer] Income advantage is now SlightAdvantage
2022-10-24 15:07:20.128 | 04:56   16ms   40M  227G  65/ 70U [GameAnalyzer] Income advantage is now SmallAdvantage
2022-10-24 15:07:20.236 | 04:56   18ms   40M  227G  65/ 70U [GameAnalyzer] Income advantage is now SlightAdvantage
2022-10-24 15:07:20.284 | 04:57   17ms   40M  231G  65/ 70U [GameAnalyzer] Income advantage is now Even
2022-10-24 15:07:20.383 | 04:57   19ms   60M  231G  65/ 70U [GameAnalyzer] Income advantage is now SlightAdvantage
2022-10-24 15:07:20.429 | 04:57   18ms   70M  235G  65/ 70U [GameAnalyzer] Income advantage is now SmallAdvantage
2022-10-24 15:07:20.586 | 04:58   17ms   80M  235G  65/ 70U [GameAnalyzer] Income advantage is now SlightAdvantage
2022-10-24 15:07:20.687 | 04:58   17ms   80M  239G  65/ 78U [GameAnalyzer] Income advantage is now Even
2022-10-24 15:07:20.728 | 04:58   18ms   90M  239G  65/ 78U [GameAnalyzer] Income advantage is now SlightAdvantage
2022-10-24 15:07:20.821 | 04:59   17ms   45M  243G  65/ 78U [ActUnit] SCV from COMMANDCENTER at (126.5, 151.5)
2022-10-24 15:07:20.870 | 04:59   18ms   55M  243G  66/ 78U [GameAnalyzer] Income advantage is now SmallAdvantage
2022-10-24 15:07:21.061 | 05:00   16ms    0M  247G  66/ 78U [TerranUnit] HELLIONTANK from FACTORY at (116.5, 149.5)
2022-10-24 15:07:21.119 | 05:00   22ms    0M  247G  68/ 78U [GameAnalyzer] Income advantage is now SlightAdvantage
2022-10-24 15:07:21.164 | 05:00   19ms    5M  247G  68/ 78U [GameAnalyzer] Income advantage is now SmallAdvantage
2022-10-24 15:07:21.261 | 05:00   18ms   15M  251G  68/ 78U [GameAnalyzer] Income advantage is now SlightAdvantage
2022-10-24 15:07:21.313 | 05:00   18ms   20M  251G  68/ 78U [GameAnalyzer] Income advantage is now SmallAdvantage
2022-10-24 15:07:21.587 | 05:01   16ms   70M  255G  68/ 78U [GameAnalyzer] Income advantage is now SlightAdvantage
2022-10-24 15:07:21.588 | 05:01   16ms   20M  255G  68/ 78U [ActUnit] SCV from COMMANDCENTER at (98.5, 151.5)
2022-10-24 15:07:21.688 | 05:02   17ms   35M  259G  69/ 78U [GameAnalyzer] Income advantage is now SmallAdvantage
2022-10-24 15:07:21.969 | 05:03   16ms   55M  263G  69/ 78U [GameAnalyzer] Income advantage is now SlightAdvantage
2022-10-24 15:07:22.066 | 05:03   17ms   65M  267G  69/ 78U [GameAnalyzer] Income advantage is now SmallAdvantage
2022-10-24 15:07:22.361 | 05:04   17ms   90M  271G  69/ 78U [GameAnalyzer] Income advantage is now SlightDisadvantage
2022-10-24 15:07:22.414 | 05:04   20ms  100M  271G  69/ 78U [GameAnalyzer] Income advantage is now Even
2022-10-24 15:07:22.516 | 05:05   18ms    5M  275G  69/ 78U [GameAnalyzer] Predicted army advantage is now Even
2022-10-24 15:07:22.591 | 05:05   19ms   15M  275G  69/ 78U [GameAnalyzer] Income advantage is now SlightDisadvantage
2022-10-24 15:07:22.822 | 05:06   19ms   30M  279G  69/ 78U [GameAnalyzer] Income advantage is now Even
2022-10-24 15:07:22.880 | 05:06   20ms   30M  279G  69/ 78U [GameAnalyzer] Income advantage is now SlightDisadvantage
2022-10-24 15:07:23.045 | 05:06   19ms   45M  283G  69/ 78U [GameAnalyzer] Income advantage is now Even
2022-10-24 15:07:23.116 | 05:06   21ms   75M  283G  69/ 78U [GameAnalyzer] Income advantage is now SlightDisadvantage
2022-10-24 15:07:23.305 | 05:07   19ms  100M  287G  69/ 78U [GameAnalyzer] Income advantage is now Even
2022-10-24 15:07:23.309 | 05:07   19ms    0M  287G  69/ 78U [TerranUnit] HELLIONTANK from FACTORY at (130.5, 159.5)
2022-10-24 15:07:23.368 | 05:07   23ms    0M  287G  71/ 78U [GameAnalyzer] Income advantage is now SlightDisadvantage
2022-10-24 15:07:23.435 | 05:07   21ms    0M  287G  71/ 78U [GameAnalyzer] Income advantage is now Even
2022-10-24 15:07:23.498 | 05:08   20ms    5M  291G  71/ 78U [GameAnalyzer] Income advantage is now SlightDisadvantage
2022-10-24 15:07:23.703 | 05:08   20ms   20M  291G  71/ 78U [GameAnalyzer] Income advantage is now Even
2022-10-24 15:07:23.930 | 05:09   19ms   65M  299G  71/ 78U [GameAnalyzer] Income advantage is now SlightDisadvantage
2022-10-24 15:07:24.301 | 05:10   19ms    0M  303G  71/ 78U [TerranUnit] HELLIONTANK from FACTORY at (130.5, 159.5)
2022-10-24 15:07:24.526 | 05:11   19ms   25M  307G  73/ 78U [GameAnalyzer] Income advantage is now Even
2022-10-24 15:07:24.583 | 05:11   22ms   25M  307G  73/ 78U [GameAnalyzer] Income advantage is now SlightDisadvantage
2022-10-24 15:07:24.915 | 05:12   20ms   60M  315G  73/ 78U [GameAnalyzer] Income advantage is now Even
2022-10-24 15:07:24.917 | 05:12   20ms   10M  315G  73/ 78U [ActUnit] SCV from COMMANDCENTER at (126.5, 151.5)
2022-10-24 15:07:25.090 | 05:13   20ms   15M  315G  74/ 78U [GameAnalyzer] Income advantage is now SlightDisadvantage
2022-10-24 15:07:25.255 | 05:13   20ms   30M  319G  74/ 78U [GameAnalyzer] Income advantage is now Even
2022-10-24 15:07:25.512 | 05:14   19ms    0M  323G  74/ 78U [ActUnit] SCV from COMMANDCENTER at (98.5, 151.5)
2022-10-24 15:07:25.575 | 05:14   22ms    0M  323G  75/ 78U [GameAnalyzer] Income advantage is now SlightDisadvantage
2022-10-24 15:07:25.625 | 05:14   20ms   10M  327G  75/ 78U [GameAnalyzer] Income advantage is now Even
2022-10-24 15:07:25.862 | 05:15   18ms   30M  331G  75/ 78U [GameAnalyzer] Income advantage is now SlightDisadvantage
2022-10-24 15:07:26.025 | 05:16   19ms   60M  331G  75/ 86U [GameAnalyzer] Income advantage is now Even
2022-10-24 15:07:26.201 | 05:16   19ms   85M  335G  75/ 86U [GameAnalyzer] Income advantage is now SlightDisadvantage
2022-10-24 15:07:26.320 | 05:16   20ms    0M  339G  75/ 86U [TerranUnit] HELLIONTANK from FACTORY at (116.5, 149.5)
2022-10-24 15:07:26.377 | 05:17   22ms   15M  339G  77/ 86U [GameAnalyzer] Income advantage is now Even
2022-10-24 15:07:26.608 | 05:17   21ms   25M  343G  77/ 86U [GameAnalyzer] Income advantage is now SlightDisadvantage
2022-10-24 15:07:26.798 | 05:18   20ms   45M  347G  77/ 86U [GameAnalyzer] Income advantage is now Even
2022-10-24 15:07:27.442 | 05:20   21ms    0M  359G  77/ 86U [GameAnalyzer] Income advantage is now SlightDisadvantage
2022-10-24 15:07:27.649 | 05:21   20ms   20M  363G  77/ 86U [GameAnalyzer] Income advantage is now Even
2022-10-24 15:07:27.804 | 05:21   20ms   30M  363G  77/ 86U [GameAnalyzer] Income advantage is now SlightDisadvantage
2022-10-24 15:07:27.966 | 05:22   19ms   55M  367G  77/ 86U [GameAnalyzer] Income advantage is now Even
2022-10-24 15:07:28.138 | 05:22   19ms   70M  371G  77/ 86U [GameAnalyzer] Income advantage is now SlightDisadvantage
2022-10-24 15:07:28.247 | 05:23   21ms   80M  371G  77/ 86U [GameAnalyzer] Income advantage is now Even
2022-10-24 15:07:28.380 | 05:23   19ms   85M  375G  77/ 86U [GameAnalyzer] Predicted army advantage is now SlightAdvantage
2022-10-24 15:07:28.547 | 05:24   20ms  120M  379G  77/ 86U [GameAnalyzer] Income advantage is now SlightDisadvantage
2022-10-24 15:07:28.628 | 05:24   24ms  120M  379G  77/ 86U [GameAnalyzer] Income advantage is now Even
2022-10-24 15:07:28.703 | 05:24   21ms  120M  379G  77/ 86U [GameAnalyzer] Income advantage is now SlightDisadvantage
2022-10-24 15:07:28.787 | 05:24   22ms   85M  379G  77/ 86U [ActUnit] SCV from COMMANDCENTER at (126.5, 151.5)
2022-10-24 15:07:28.834 | 05:24   23ms   95M  379G  78/ 86U [GameAnalyzer] Income advantage is now Even
2022-10-24 15:07:29.221 | 05:25   23ms  120M  387G  78/ 86U [GameAnalyzer] Income advantage is now SlightDisadvantage
2022-10-24 15:07:29.283 | 05:26   22ms  130M  387G  78/ 86U [GameAnalyzer] Income advantage is now Even
2022-10-24 15:07:29.358 | 05:26   22ms  130M  387G  78/ 86U [GameAnalyzer] Income advantage is now SlightDisadvantage
2022-10-24 15:07:29.489 | 05:26   20ms   85M  391G  78/ 86U [ActUnit] SCV from COMMANDCENTER at (98.5, 151.5)
2022-10-24 15:07:29.540 | 05:26   22ms   95M  391G  79/ 86U [GameAnalyzer] Income advantage is now Even
2022-10-24 15:07:29.859 | 05:27   21ms  130M  395G  79/ 86U [GameAnalyzer] Income advantage is now SlightDisadvantage
2022-10-24 15:07:30.038 | 05:28   20ms  150M  399G  79/ 94U [GameAnalyzer] Income advantage is now Even
2022-10-24 15:07:30.041 | 05:28   20ms    0M  299G  79/ 94U [TerranUnit] BANSHEE from STARPORT at (128.5, 140.5)
2022-10-24 15:07:30.280 | 05:28   20ms   15M  303G  82/ 94U [PlanZoneAttack] Power 34.00 is larger than required attack power 27.00 -> attack!
2022-10-24 15:07:30.282 | 05:28   20ms   15M  303G  82/ 94U [PlanZoneAttack] Attack started at 34.00 power.
2022-10-24 15:07:30.564 | 05:29   23ms   25M  307G  82/ 94U [GameAnalyzer] Income advantage is now SlightDisadvantage
2022-10-24 15:07:30.715 | 05:30   24ms   45M  307G  82/ 94U [GameAnalyzer] Income advantage is now Even
2022-10-24 15:07:31.231 | 05:31   24ms    0M  315G  82/ 94U [TerranUnit] HELLIONTANK from FACTORY at (130.5, 159.5)
2022-10-24 15:07:32.594 | 05:34   25ms    0M  335G  84/ 94U [TerranUnit] HELLIONTANK from FACTORY at (116.5, 149.5)
2022-10-24 15:07:33.384 | 05:36   24ms   50M  343G  86/ 94U [GameAnalyzer] Income advantage is now SlightDisadvantage
2022-10-24 15:07:33.459 | 05:36   53ms   60M  343G  86/ 94U [GameAnalyzer] Income advantage is now Even
2022-10-24 15:07:33.613 | 05:36   24ms   20M  347G  86/ 94U [ActUnit] SCV from COMMANDCENTER at (126.5, 151.5)
2022-10-24 15:07:34.935 | 05:40   23ms    0M  363G  87/ 94U [ActUnit] SCV from COMMANDCENTER at (98.5, 151.5)
2022-10-24 15:07:35.484 | 05:41   23ms   30M  371G  88/ 94U [GameAnalyzer] Income advantage is now SlightDisadvantage
2022-10-24 15:07:35.554 | 05:41   27ms   45M  371G  88/ 94U [GameAnalyzer] Income advantage is now Even
2022-10-24 15:07:36.434 | 05:43   25ms    5M  383G  88/ 94U [TerranUnit] HELLIONTANK from FACTORY at (116.5, 149.5)
2022-10-24 15:07:37.670 | 05:46   26ms    0M  395G  90/102U [TerranUnit] HELLIONTANK from FACTORY at (130.5, 159.5)
2022-10-24 15:07:37.834 | 05:46   25ms   20M  399G  92/102U [GameAnalyzer] Known army advantage is now SmallAdvantage
2022-10-24 15:07:37.836 | 05:46   25ms   20M  399G  92/102U [GameAnalyzer] Predicted army advantage is now Even
2022-10-24 15:07:38.193 | 05:47   27ms   45M  403G  92/102U [GameAnalyzer] Income advantage is now SlightDisadvantage
2022-10-24 15:07:38.285 | 05:47   32ms   55M  403G  92/102U [GameAnalyzer] Income advantage is now Even
2022-10-24 15:07:38.745 | 05:48   28ms   75M  407G  92/102U [GameAnalyzer] Income advantage is now SlightDisadvantage
2022-10-24 15:07:38.829 | 05:48   31ms   85M  407G  92/102U [GameAnalyzer] Income advantage is now Even
2022-10-24 15:07:39.068 | 05:48   29ms   45M  411G  92/102U [ActUnit] SCV from COMMANDCENTER at (126.5, 151.5)
2022-10-24 15:07:39.374 | 05:49   29ms   20M  415G  92/102U [TerranUnit] MARINE from BARRACKS at (121.5, 144.5)
2022-10-24 15:07:40.807 | 05:52   29ms   70M  431G  93/102U [ActUnit] SCV from COMMANDCENTER at (98.5, 151.5)
2022-10-24 15:07:41.351 | 05:53   28ms    0M  435G  92/102U [TerranUnit] HELLIONTANK from FACTORY at (130.5, 159.5)
2022-10-24 15:07:42.152 | 05:54   30ms   40M  443G  94/102U [GameAnalyzer] Income advantage is now SlightDisadvantage
2022-10-24 15:07:42.252 | 05:55   27ms   60M  443G  94/102U [GameAnalyzer] Income advantage is now Even
2022-10-24 15:07:42.691 | 05:55   29ms   80M  451G  94/102U [GameAnalyzer] Known army advantage is now ClearAdvantage
2022-10-24 15:07:43.140 | 05:56   26ms   10M  455G  94/102U [GameAnalyzer] Known army advantage is now OverwhelmingAdvantage
2022-10-24 15:07:43.142 | 05:56   26ms   10M  455G  94/102U [GameAnalyzer] Predicted army advantage is now SlightAdvantage
2022-10-24 15:07:45.175 | 06:01   29ms   15M  479G  94/102U [ActUnit] SCV from COMMANDCENTER at (126.5, 151.5)
2022-10-24 15:07:45.556 | 06:01   24ms   50M  483G  95/102U [GameAnalyzer] Predicted army advantage is now Even
2022-10-24 15:07:46.597 | 06:04   27ms  170M  495G  95/110U [ActUnit] SCV from COMMANDCENTER at (98.5, 151.5)
2022-10-24 15:07:46.760 | 06:04   26ms  175M  495G  96/110U [GameAnalyzer] Income advantage is now SlightDisadvantage
2022-10-24 15:07:46.937 | 06:05   31ms  185M  499G  96/110U [GameAnalyzer] Income advantage is now Even
2022-10-24 15:07:47.642 | 06:06   28ms  150M  507G  96/110U [TerranUnit] HELLIONTANK from FACTORY at (116.5, 149.5)
2022-10-24 15:07:47.813 | 06:06   28ms  165M  507G  98/110U [GameAnalyzer] Income advantage is now SlightDisadvantage
2022-10-24 15:07:47.980 | 06:07   29ms  180M  511G  98/110U [GameAnalyzer] Income advantage is now Even
2022-10-24 15:07:47.982 | 06:07   29ms  180M  511G  98/110U [GameAnalyzer] Predicted army advantage is now SlightAdvantage
2022-10-24 15:07:48.158 | 06:07   26ms  190M  511G  98/110U [GameAnalyzer] Predicted army advantage is now SmallAdvantage
2022-10-24 15:07:49.504 | 06:10   28ms  160M  527G  98/110U [TerranUnit] HELLIONTANK from FACTORY at (116.5, 149.5)
2022-10-24 15:07:49.960 | 06:11   29ms   50M  431G 100/110U [TerranUnit] BANSHEE from STARPORT at (128.5, 140.5)
2022-10-24 15:07:50.489 | 06:12   29ms   70M  439G 103/110U [GameAnalyzer] Income advantage is now SlightDisadvantage
2022-10-24 15:07:50.589 | 06:12   31ms   80M  439G 103/110U [GameAnalyzer] Income advantage is now Even
2022-10-24 15:07:51.067 | 06:13   30ms   15M  443G 101/110U [GameAnalyzer] Income advantage is now SlightDisadvantage
2022-10-24 15:07:51.152 | 06:13   32ms   15M  443G 101/110U [GameAnalyzer] Income advantage is now Even
2022-10-24 15:07:51.609 | 06:14   30ms    0M  451G 101/110U [ActUnit] SCV from COMMANDCENTER at (126.5, 151.5)
2022-10-24 15:07:52.152 | 06:15   31ms   30M  455G 102/110U [GameAnalyzer] Income advantage is now SlightDisadvantage
2022-10-24 15:07:52.376 | 06:15   37ms   55M  459G 102/110U [GameAnalyzer] Income advantage is now Even
2022-10-24 15:07:52.731 | 06:16   34ms   20M  459G 102/110U [ActUnit] SCV from COMMANDCENTER at (98.5, 151.5)
2022-10-24 15:07:53.362 | 06:17   38ms   70M  467G 103/110U [GameAnalyzer] Income advantage is now SlightDisadvantage
2022-10-24 15:07:53.462 | 06:17   41ms   75M  467G 103/110U [GameAnalyzer] Income advantage is now Even
2022-10-24 15:07:53.969 | 06:18   38ms    0M  475G 103/110U [TerranUnit] HELLIONTANK from FACTORY at (130.5, 159.5)
2022-10-24 15:07:54.556 | 06:19   31ms   30M  479G 105/110U [GameAnalyzer] Income advantage is now SlightDisadvantage
2022-10-24 15:07:54.648 | 06:20   37ms   40M  479G 105/110U [GameAnalyzer] Income advantage is now Even
2022-10-24 15:07:55.344 | 06:21   30ms   85M  487G 101/110U [GameAnalyzer] Predicted army advantage is now SlightAdvantage
2022-10-24 15:07:55.639 | 06:21   30ms    5M  491G 101/110U [TerranUnit] HELLIONTANK from FACTORY at (130.5, 159.5)
2022-10-24 15:07:56.063 | 06:22   33ms   40M  495G 103/118U [GameAnalyzer] Predicted army advantage is now SmallAdvantage
2022-10-24 15:07:56.436 | 06:23   29ms   50M  499G 101/118U [GameAnalyzer] Income advantage is now SlightDisadvantage
2022-10-24 15:07:56.525 | 06:23   31ms   60M  499G 101/118U [GameAnalyzer] Income advantage is now Even
2022-10-24 15:07:57.048 | 06:24   29ms  100M  507G  99/118U [GameAnalyzer] Predicted army advantage is now SlightAdvantage
2022-10-24 15:07:58.019 | 06:26   32ms  115M  515G  99/118U [ActUnit] SCV from COMMANDCENTER at (126.5, 151.5)
2022-10-24 15:07:58.730 | 06:27   30ms  165M  523G 100/118U [GameAnalyzer] Predicted army advantage is now ClearAdvantage
2022-10-24 15:07:59.068 | 06:28   34ms  125M  527G 100/118U [ActUnit] SCV from COMMANDCENTER at (98.5, 151.5)
2022-10-24 15:07:59.072 | 06:28   34ms   25M  527G 100/118U [TerranUnit] HELLIONTANK from FACTORY at (116.5, 149.5)
2022-10-24 15:08:00.682 | 06:31   32ms   40M  543G 103/118U [TerranUnit] HELLIONTANK from FACTORY at (116.5, 149.5)
2022-10-24 15:08:04.556 | 06:38   31ms  240M  579G 105/126U [ActUnit] SCV from COMMANDCENTER at (126.5, 151.5)
2022-10-24 15:08:05.365 | 06:40   30ms  185M  591G 106/126U [TerranUnit] HELLIONTANK from FACTORY at (130.5, 159.5)
2022-10-24 15:08:05.633 | 06:40   31ms  155M  591G 108/126U [ActUnit] SCV from COMMANDCENTER at (98.5, 151.5)
2022-10-24 15:08:07.533 | 06:44   31ms  190M  611G 109/126U [GameAnalyzer] Income advantage is now ClearAdvantage
2022-10-24 15:08:08.077 | 06:45   40ms  225M  619G 109/126U [GameAnalyzer] Income advantage is now SmallAdvantage
2022-10-24 15:08:08.171 | 06:45   41ms  225M  619G 109/126U [GameAnalyzer] Income advantage is now ClearAdvantage
2022-10-24 15:08:08.602 | 06:46   71ms  150M  623G 109/126U [TerranUnit] HELLIONTANK from FACTORY at (130.5, 159.5)
2022-10-24 15:08:10.711 | 06:50   42ms  180M  643G 108/126U [TerranUnit] HELLIONTANK from FACTORY at (116.5, 149.5)
2022-10-24 15:08:11.080 | 06:50   36ms  150M  647G 110/126U [ActUnit] SCV from COMMANDCENTER at (126.5, 151.5)
2022-10-24 15:08:12.203 | 06:52   33ms  165M  659G 111/126U [ActUnit] SCV from COMMANDCENTER at (98.5, 151.5)
2022-10-24 15:08:12.643 | 06:53   35ms  195M  663G 112/126U [GameAnalyzer] Predicted army advantage is now OverwhelmingAdvantage
2022-10-24 15:08:12.743 | 06:53   35ms   55M  563G 112/126U [TerranUnit] BANSHEE from STARPORT at (128.5, 140.5)
2022-10-24 15:08:13.436 | 06:55   33ms    5M  571G 115/126U [TerranUnit] HELLIONTANK from FACTORY at (116.5, 149.5)
2022-10-24 15:08:17.382 | 07:02   35ms    5M  615G 117/126U [ActUnit] SCV from COMMANDCENTER at (126.5, 151.5)
2022-10-24 15:08:18.014 | 07:04   36ms   25M  619G 118/126U [EnemyArmyPredicter] Predicting negative free minerals for enemy: -312
2022-10-24 15:08:18.118 | 07:04   37ms   35M  619G 118/126U [GameAnalyzer] Income advantage is now SmallAdvantage
2022-10-24 15:08:18.212 | 07:04   39ms   40M  623G 118/126U [GameAnalyzer] Income advantage is now ClearAdvantage
2022-10-24 15:08:18.501 | 07:05   37ms   25M  623G 118/126U [ActUnit] SCV from COMMANDCENTER at (98.5, 151.5)
2022-10-24 15:08:18.666 | 07:05   36ms   40M  627G 119/134U [TerranUnit] HELLIONTANK from FACTORY at (130.5, 159.5)
2022-10-24 15:08:19.907 | 07:07   38ms   10M  639G 121/134U [TerranUnit] HELLIONTANK from FACTORY at (130.5, 159.5)
2022-10-24 15:08:20.779 | 07:09   40ms   70M  647G 123/134U [EnemyArmyPredicter] Predicting negative free minerals for enemy: -350
2022-10-24 15:08:22.039 | 07:11   44ms   40M  659G 123/134U [TerranUnit] HELLIONTANK from FACTORY at (116.5, 149.5)
2022-10-24 15:08:24.225 | 07:15   46ms   10M  679G 125/134U [ActUnit] SCV from COMMANDCENTER at (126.5, 151.5)
2022-10-24 15:08:25.489 | 07:17   47ms   35M  691G 126/134U [ActUnit] SCV from COMMANDCENTER at (98.5, 151.5)
2022-10-24 15:08:26.806 | 07:19   43ms    0M  703G 127/134U [TerranUnit] HELLIONTANK from FACTORY at (116.5, 149.5)
2022-10-24 15:08:27.026 | 07:19   44ms   15M  703G 129/134U [EnemyArmyPredicter] Predicting negative free minerals for enemy: -115
2022-10-24 15:08:30.206 | 07:24   45ms  180M  731G 129/142U [EnemyArmyPredicter] Predicting negative free minerals for enemy: -110
2022-10-24 15:08:31.370 | 07:26   42ms  155M  743G 129/142U [TerranUnit] HELLIONTANK from FACTORY at (130.5, 159.5)
2022-10-24 15:08:31.575 | 07:27   45ms  115M  743G 131/142U [ActUnit] SCV from COMMANDCENTER at (126.5, 151.5)
2022-10-24 15:08:32.913 | 07:29   47ms  140M  755G 132/142U [ActUnit] SCV from COMMANDCENTER at (98.5, 151.5)
2022-10-24 15:08:32.919 | 07:29   47ms   40M  755G 132/142U [TerranUnit] HELLIONTANK from FACTORY at (130.5, 159.5)
2022-10-24 15:08:33.353 | 07:30   50ms   65M  759G 135/142U [EnemyArmyPredicter] Predicting negative free minerals for enemy: -98
2022-10-24 15:08:37.104 | 07:35   43ms   50M  787G 135/142U [EnemyArmyPredicter] Predicting negative free minerals for enemy: -111
2022-10-24 15:08:38.462 | 07:37   51ms  110M  799G 135/142U [GameAnalyzer] Income advantage is now OverwhelmingAdvantage
2022-10-24 15:08:39.192 | 07:38   46ms   10M  707G 135/150U [TerranUnit] BANSHEE from STARPORT at (128.5, 140.5)
2022-10-24 15:08:40.176 | 07:39   42ms    0M  711G 138/150U [ActUnit] SCV from COMMANDCENTER at (126.5, 151.5)
2022-10-24 15:08:40.685 | 07:40   43ms   35M  715G 139/150U [EnemyArmyPredicter] Predicting negative free minerals for enemy: -235
2022-10-24 15:08:41.434 | 07:41   50ms  115M  723G 139/150U [ActUnit] SCV from COMMANDCENTER at (98.5, 151.5)
2022-10-24 15:08:41.439 | 07:41   50ms   15M  723G 139/150U [TerranUnit] HELLIONTANK from FACTORY at (116.5, 149.5)
2022-10-24 15:08:44.272 | 07:45   46ms   60M  747G 142/150U [EnemyArmyPredicter] Predicting negative free minerals for enemy: -285
2022-10-24 15:08:45.360 | INFO     | sc2.protocol:_execute:72 - Client status changed to Status.ended (was Status.in_game)
2022-10-24 15:08:45.362 | Result: Victory
2022-10-24 15:08:45.363 | Duration: 07:46
2022-10-24 15:08:45.363 | Step time min: 5
2022-10-24 15:08:45.364 | Step time avg: 20
2022-10-24 15:08:45.365 | Step time max: 121
2022-10-24 15:08:45.365 | [LostUnitsContents] My lost units minerals and gas: (800, 100)
2022-10-24 15:08:45.366 | [LostUnitsContents] My lost units minerals by score: 800.0
2022-10-24 15:08:45.367 | [LostUnitsContents] Enemy lost units minerals and gas: (7725, 1550)
2022-10-24 15:08:45.367 | [LostUnitsContents] Enemy lost units minerals by score: 7725.0
2022-10-24 15:08:45.368 | [GameAnalyzerEnd] Own units:
2022-10-24 15:08:45.369 | [GameAnalyzerEnd] SCV               total:  59 alive:  59 dead:   0 
2022-10-24 15:08:45.370 | [GameAnalyzerEnd] HELLIONTANK       total:  30 alive:  25 dead:   5 
2022-10-24 15:08:45.372 | [GameAnalyzerEnd] SUPPLYDEPOT       total:  17 alive:  17 dead:   0 
2022-10-24 15:08:45.373 | [GameAnalyzerEnd] MARINE            total:   9 alive:   8 dead:   1 
2022-10-24 15:08:45.374 | [GameAnalyzerEnd] BANSHEE           total:   5 alive:   4 dead:   1 
2022-10-24 15:08:45.375 | [GameAnalyzerEnd] FACTORY           total:   2 alive:   2 dead:   0 
2022-10-24 15:08:45.375 | [GameAnalyzerEnd] REACTOR           total:   2 alive:   2 dead:   0 
2022-10-24 15:08:45.376 | [GameAnalyzerEnd] ORBITALCOMMAND    total:   2 alive:   2 dead:   0 
2022-10-24 15:08:45.377 | [GameAnalyzerEnd] REFINERY          total:   2 alive:   2 dead:   0 
2022-10-24 15:08:45.377 | [GameAnalyzerEnd] ARMORY            total:   1 alive:   1 dead:   0 
2022-10-24 15:08:45.378 | [GameAnalyzerEnd] BARRACKS          total:   1 alive:   1 dead:   0 
2022-10-24 15:08:45.379 | [GameAnalyzerEnd] STARPORT          total:   1 alive:   1 dead:   0 
2022-10-24 15:08:45.380 | [GameAnalyzerEnd] TECHLAB           total:   1 alive:   1 dead:   0 
2022-10-24 15:08:45.380 | [GameAnalyzerEnd] HELLION           total:   1 alive:   0 dead:   1 
2022-10-24 15:08:45.381 | [GameAnalyzerEnd] Enemy units:
2022-10-24 15:08:45.381 | [GameAnalyzerEnd] DRONE             total:  53 alive:  20 dead:  33 
2022-10-24 15:08:45.382 | [GameAnalyzerEnd] ZERGLING          total:  26 alive:   0 dead:  26 
2022-10-24 15:08:45.383 | [GameAnalyzerEnd] ROACH             total:  18 alive:   0 dead:  18 
2022-10-24 15:08:45.383 | [GameAnalyzerEnd] OVERLORD          total:  11 alive:   3 dead:   8 
2022-10-24 15:08:45.384 | [GameAnalyzerEnd] HYDRALISK         total:   8 alive:   0 dead:   8 
2022-10-24 15:08:45.385 | [GameAnalyzerEnd] OVERSEER          total:   3 alive:   1 dead:   2 
2022-10-24 15:08:45.385 | [GameAnalyzerEnd] HATCHERY          total:   2 alive:   1 dead:   1 
2022-10-24 15:08:45.389 | [GameAnalyzerEnd] EXTRACTOR         total:   2 alive:   1 dead:   1 
2022-10-24 15:08:45.390 | [GameAnalyzerEnd] INFESTOR          total:   2 alive:   0 dead:   2 
2022-10-24 15:08:45.391 | [GameAnalyzerEnd] QUEEN             total:   2 alive:   0 dead:   2 
2022-10-24 15:08:45.392 | [GameAnalyzerEnd] HYDRALISKDEN      total:   1 alive:   0 dead:   1 
2022-10-24 15:08:45.392 | [GameAnalyzerEnd] INFESTATIONPIT    total:   1 alive:   0 dead:   1 
2022-10-24 15:08:45.393 | [GameAnalyzerEnd] ROACHWARREN       total:   1 alive:   0 dead:   1 
2022-10-24 15:08:45.393 | [GameAnalyzerEnd] LAIR              total:   1 alive:   0 dead:   1 
2022-10-24 15:08:45.394 | [GameAnalyzerEnd] SPAWNINGPOOL      total:   1 alive:   0 dead:   1 
2022-10-24 15:08:45.395 | [GameAnalyzerEnd] Minerals max 380 Average 90
2022-10-24 15:08:45.395 | [GameAnalyzerEnd] Vespene max 799 Average 230
2022-10-24 15:08:45.396 | INFO     | sc2.main:_play_game:228 - Result for player 1 - Bot Turtles(Terran): Victory
2022-10-24 15:08:46.453 | INFO     | sc2.protocol:_execute:72 - Client status changed to Status.launched (was Status.ended)
2022-10-24 15:08:46.458 | INFO     | sc2.protocol:_execute:72 - Client status changed to Status.quit (was Status.launched)
2022-10-24 15:08:46.461 | INFO     | sc2.sc2process:_close_connection:231 - Closing connection at 49975...
2022-10-24 15:08:46.462 | INFO     | sc2.sc2process:kill_all:33 - kill_switch: Process cleanup for 1 processes
