2022-10-28 10:16:07.245 | INFO     | sc2.protocol:_execute:72 - Client status changed to Status.launched (was None)
2022-10-28 10:16:07.247 | INFO     | sc2.controller:create_game:37 - Creating new game
2022-10-28 10:16:07.248 | INFO     | sc2.controller:create_game:38 - Map:     BlackburnAIE
2022-10-28 10:16:07.249 | INFO     | sc2.controller:create_game:39 - Players: Bot Turtles(Terran), Computer VeryHard(Random, RandomBuild)
2022-10-28 10:16:07.251 | INFO     | sc2.protocol:_execute:72 - Client status changed to Status.init_game (was Status.launched)
2022-10-28 10:16:15.181 | INFO     | sc2.protocol:_execute:72 - Client status changed to Status.in_game (was None)
2022-10-28 10:16:15.183 | INFO     | sc2.main:_play_game:221 - Player 1 - Bot Turtles(Terran)
2022-10-28 10:16:15.721 | 00:00    0ms    0M    0G  12/ 15U [Version] 5.0.10.88500
2022-10-28 10:16:15.722 | 00:00    0ms    0M    0G  12/ 15U [Version] 5.0.6 Balance mod recognized.
2022-10-28 10:16:15.805 | 00:00    0ms    0M    0G  12/ 15U [ZoneManager] Map set to: MapName.Blackburn from name: Blackburn AIE and hash: 2657237.
2022-10-28 10:16:16.428 | [Start] My race: Terran
2022-10-28 10:16:16.430 | [Start] Opponent race: Random
2022-10-28 10:16:16.431 | [Start] OpponentId: None
2022-10-28 10:16:16.716 | 00:00    7ms    0M    0G  13/ 15U [GameAnalyzer] Income advantage is now SlightDisadvantage
2022-10-28 10:16:16.786 | 00:01    7ms    0M    0G  13/ 15U [GameAnalyzer] Income advantage is now Even
2022-10-28 10:16:17.340 | 00:06    6ms   40M    0G  13/ 15U [GameAnalyzer] Income advantage is now SlightDisadvantage
2022-10-28 10:16:17.357 | 00:06    8ms   45M    0G  13/ 15U [GameAnalyzer] Income advantage is now Even
2022-10-28 10:16:18.314 | 00:15    6ms    0M    0G  13/ 15U [ActUnit] SCV from COMMANDCENTER at (147.5, 31.5)
2022-10-28 10:16:19.760 | 00:27    7ms  110M    0G  14/ 15U [ActUnit] SCV from COMMANDCENTER at (147.5, 31.5)
2022-10-28 10:16:20.937 | 00:36    8ms   10M    0G  15/ 23U [BuildGas] Building REFINERY to (154.5, 34.5)
2022-10-28 10:16:21.069 | 00:37    8ms   20M    0G  15/ 23U [GameAnalyzer] Income advantage is now SlightDisadvantage
2022-10-28 10:16:21.088 | 00:37    9ms   30M    0G  15/ 23U [GameAnalyzer] Income advantage is now Even
2022-10-28 10:16:21.352 | 00:40    7ms    0M    0G  15/ 23U [ActUnit] SCV from COMMANDCENTER at (147.5, 31.5)
2022-10-28 10:16:23.036 | 00:52    8ms   90M    0G  16/ 23U [ActUnit] SCV from COMMANDCENTER at (147.5, 31.5)
2022-10-28 10:16:24.776 | 01:04    7ms  195M    8G  17/ 23U [ActUnit] SCV from COMMANDCENTER at (147.5, 31.5)
2022-10-28 10:16:25.774 | 01:10   22ms  265M   20G  18/ 23U [GameAnalyzer] Income advantage is now SmallDisadvantage
2022-10-28 10:16:25.826 | 01:10   20ms  270M   20G  18/ 23U [GameAnalyzer] Income advantage is now SlightDisadvantage
2022-10-28 10:16:25.928 | 01:10   22ms  275M   20G  18/ 23U [GameAnalyzer] Income advantage is now SmallDisadvantage
2022-10-28 10:16:26.121 | 01:11   18ms  280M   20G  18/ 23U [GameAnalyzer] Income advantage is now SlightDisadvantage
2022-10-28 10:16:26.220 | 01:11   22ms  285M   24G  18/ 23U [GameAnalyzer] Income advantage is now SmallDisadvantage
2022-10-28 10:16:26.459 | 01:12   30ms  300M   24G  18/ 23U [GameAnalyzer] Income advantage is now SlightDisadvantage
2022-10-28 10:16:26.510 | 01:13   21ms  305M   24G  18/ 23U [GameAnalyzer] Income advantage is now SmallDisadvantage
2022-10-28 10:16:26.653 | 01:13   22ms  305M   28G  18/ 23U [GameAnalyzer] Income advantage is now SlightDisadvantage
2022-10-28 10:16:26.707 | 01:13   20ms  305M   28G  18/ 23U [GameAnalyzer] Income advantage is now SmallDisadvantage
2022-10-28 10:16:26.864 | 01:14   20ms  315M   28G  18/ 23U [GameAnalyzer] Income advantage is now Even
2022-10-28 10:16:27.034 | 01:14   20ms  320M   32G  18/ 23U [GameAnalyzer] Income advantage is now SlightDisadvantage
2022-10-28 10:16:27.308 | 01:16    9ms  290M   36G  18/ 23U [ActUnit] SCV from COMMANDCENTER at (147.5, 31.5)
2022-10-28 10:16:27.421 | 01:17   10ms  310M   36G  19/ 23U [GameAnalyzer] Income advantage is now Even
2022-10-28 10:16:27.449 | 01:17   13ms  310M   36G  19/ 23U [GameAnalyzer] Income advantage is now SlightDisadvantage
2022-10-28 10:16:27.480 | 01:17   11ms  310M   36G  19/ 23U [GameAnalyzer] Predicted army advantage is now SlightDisadvantage
2022-10-28 10:16:27.617 | 01:18   11ms  320M   40G  19/ 23U [GameAnalyzer] Income advantage is now Even
2022-10-28 10:16:27.644 | 01:18   11ms  320M   40G  19/ 23U [GameAnalyzer] Income advantage is now SlightDisadvantage
2022-10-28 10:16:27.705 | 01:18   12ms  320M   40G  19/ 23U [GameAnalyzer] Income advantage is now SmallDisadvantage
2022-10-28 10:16:27.736 | 01:19   11ms  325M   44G  19/ 23U [GameAnalyzer] Income advantage is now SlightDisadvantage
2022-10-28 10:16:27.849 | 01:19   10ms  345M   44G  19/ 23U [GameAnalyzer] Income advantage is now SmallDisadvantage
2022-10-28 10:16:28.339 | 01:22   10ms  185M    2G  19/ 23U [TerranUnit] REAPER from BARRACKS at (144.5, 37.5)
2022-10-28 10:16:32.758 | 01:51   11ms  605M   78G  20/ 23U [Expand] Expanding to (147.5, 54.5)
2022-10-28 10:16:33.103 | 01:53    9ms  190M   86G  20/ 23U [ActUnit] SCV from COMMANDCENTER at (147.5, 31.5)
2022-10-28 10:16:33.330 | 01:55   10ms  195M   90G  21/ 23U [GameAnalyzer] Known army advantage is now SlightAdvantage
2022-10-28 10:16:33.334 | 01:55   10ms  195M   90G  21/ 23U [BuildAddon] UnitTypeId.BARRACKSREACTOR to (147.0, 37.0)
2022-10-28 10:16:34.366 | 02:00   14ms   65M   52G  21/ 23U [GameAnalyzer] Income advantage is now Even
2022-10-28 10:16:35.020 | 02:03   17ms   20M   64G  21/ 23U [GameAnalyzer] Income advantage is now SlightDisadvantage
2022-10-28 10:16:35.090 | 02:03   14ms   25M   64G  21/ 23U [GameAnalyzer] Income advantage is now Even
2022-10-28 10:16:35.190 | 02:04   15ms   35M   64G  21/ 23U [GameAnalyzer] Income advantage is now SlightDisadvantage
2022-10-28 10:16:35.335 | 02:05   16ms   50M   68G  21/ 23U [GameAnalyzer] Income advantage is now Even
2022-10-28 10:16:35.451 | 02:05   19ms   50M   68G  21/ 23U [GameAnalyzer] Income advantage is now SlightDisadvantage
2022-10-28 10:16:35.487 | 02:05   16ms   50M   68G  21/ 23U [GameAnalyzer] Income advantage is now Even
2022-10-28 10:16:35.488 | 02:05   16ms    0M   68G  21/ 23U [ActUnit] SCV from COMMANDCENTER at (147.5, 31.5)
2022-10-28 10:16:35.948 | 02:08   15ms   30M   76G  22/ 23U [GameAnalyzer] Income advantage is now SlightDisadvantage
2022-10-28 10:16:36.017 | 02:08   14ms   60M   76G  22/ 23U [GameAnalyzer] Income advantage is now Even
2022-10-28 10:16:36.307 | 02:09   15ms   85M   80G  22/ 23U [GameAnalyzer] Income advantage is now SlightDisadvantage
2022-10-28 10:16:36.340 | 02:10   15ms   90M   80G  22/ 23U [GameAnalyzer] Income advantage is now Even
2022-10-28 10:16:36.995 | 02:13   15ms  125M   88G  22/ 23U [GameAnalyzer] Income advantage is now SlightDisadvantage
2022-10-28 10:16:37.063 | 02:13   15ms  145M   88G  22/ 23U [GameAnalyzer] Income advantage is now Even
2022-10-28 10:16:37.716 | 02:16   16ms   55M    0G  22/ 23U [GameAnalyzer] Income advantage is now SlightDisadvantage
2022-10-28 10:16:37.751 | 02:16   16ms   55M    0G  22/ 23U [GameAnalyzer] Income advantage is now Even
2022-10-28 10:16:37.915 | 02:17   16ms   20M    0G  22/ 23U [ActUnit] SCV from COMMANDCENTER at (147.5, 31.5)
2022-10-28 10:16:37.954 | 02:18   14ms   20M    4G  23/ 23U [GameAnalyzer] Income advantage is now SlightDisadvantage
2022-10-28 10:16:37.986 | 02:18   15ms   25M    4G  23/ 23U [GameAnalyzer] Income advantage is now Even
2022-10-28 10:16:38.668 | 02:21   15ms    0M   12G  23/ 23U [BuildGas] Building REFINERY to (144.5, 24.5)
2022-10-28 10:16:38.708 | 02:21   19ms    0M   12G  23/ 23U [GameAnalyzer] Income advantage is now SlightDisadvantage
2022-10-28 10:16:38.803 | 02:22   13ms   10M   16G  23/ 23U [GameAnalyzer] Income advantage is now Even
2022-10-28 10:16:38.907 | 02:23   13ms   45M   16G  23/ 23U [GameAnalyzer] Income advantage is now SlightDisadvantage
2022-10-28 10:16:38.985 | 02:23   13ms  200M   16G  23/ 23U [GameAnalyzer] Income advantage is now Even
2022-10-28 10:16:39.425 | 02:25   16ms   70M   24G  23/ 23U [GameAnalyzer] Income advantage is now SlightDisadvantage
2022-10-28 10:16:39.456 | 02:26   16ms   75M   24G  23/ 23U [GameAnalyzer] Income advantage is now Even
2022-10-28 10:16:39.557 | 02:26   13ms   90M   24G  23/ 23U [GameAnalyzer] Income advantage is now SlightDisadvantage
2022-10-28 10:16:39.588 | 02:26   15ms   90M   24G  23/ 23U [GameAnalyzer] Income advantage is now Even
2022-10-28 10:16:39.626 | 02:26   16ms   90M   28G  23/ 23U [GameAnalyzer] Income advantage is now SlightDisadvantage
2022-10-28 10:16:39.655 | 02:27   15ms  100M   28G  23/ 23U [GameAnalyzer] Income advantage is now Even
2022-10-28 10:16:39.824 | 02:28   15ms  105M   28G  23/ 23U [GameAnalyzer] Income advantage is now SlightDisadvantage
2022-10-28 10:16:39.853 | 02:28   15ms  110M   28G  23/ 23U [GameAnalyzer] Income advantage is now Even
2022-10-28 10:16:40.178 | 02:30   14ms  100M   36G  23/ 31U [ActUnit] SCV from COMMANDCENTER at (147.5, 31.5)
2022-10-28 10:16:40.381 | 02:30   13ms   70M   36G  24/ 31U [TerranUnit] MARINE from BARRACKS at (144.5, 37.5)
2022-10-28 10:16:40.420 | 02:31   15ms   25M   36G  25/ 31U [TerranUnit] MARINE from BARRACKS at (144.5, 37.5)
2022-10-28 10:16:41.198 | 02:35   14ms   80M   48G  26/ 31U [GameAnalyzer] Known army advantage is now Even
2022-10-28 10:16:42.596 | 02:42   14ms  155M   68G  26/ 31U [ActUnit] SCV from COMMANDCENTER at (147.5, 31.5)
2022-10-28 10:16:42.776 | 02:43   16ms  170M   68G  27/ 31U [GameAnalyzer] Known army advantage is now SlightDisadvantage
2022-10-28 10:16:43.279 | 02:45   14ms  235M   76G  27/ 31U [GameAnalyzer] Predicted army advantage is now SmallDisadvantage
2022-10-28 10:16:43.873 | 02:48   13ms  235M   84G  26/ 31U [TerranUnit] MARINE from BARRACKS at (144.5, 37.5)
2022-10-28 10:16:43.913 | 02:48   15ms  240M   84G  27/ 31U [GameAnalyzer] Known army advantage is now Even
2022-10-28 10:16:43.916 | 02:48   15ms  190M   84G  27/ 31U [TerranUnit] MARINE from BARRACKS at (144.5, 37.5)
2022-10-28 10:16:44.885 | 02:54   14ms  240M  116G  28/ 31U [ActUnit] SCV from COMMANDCENTER at (147.5, 31.5)
2022-10-28 10:16:47.383 | 03:06   15ms  450M  184G  29/ 31U [ActUnit] SCV from COMMANDCENTER at (147.5, 31.5)
2022-10-28 10:16:47.418 | 03:06   18ms  450M  184G  30/ 31U [GameAnalyzer] Known army advantage is now SlightAdvantage
2022-10-28 10:16:47.421 | 03:06   18ms  400M  184G  30/ 31U [TerranUnit] MARINE from BARRACKS at (144.5, 37.5)
2022-10-28 10:16:48.555 | 03:11   17ms  270M  212G  31/ 46U [TerranUnit] MARINE from BARRACKS at (144.5, 37.5)
2022-10-28 10:16:48.958 | 03:13   24ms  320M  220G  32/ 46U [BuildAddon] UnitTypeId.BARRACKSTECHLAB to (142.0, 35.0)
2022-10-28 10:16:49.006 | 03:13   22ms  270M  195G  32/ 46U [BuildAddon] UnitTypeId.FACTORYREACTOR to (154.0, 37.0)
2022-10-28 10:16:51.388 | 03:24   14ms  195M  109G  32/ 46U [GameAnalyzer] Known army advantage is now SmallAdvantage
2022-10-28 10:16:51.389 | 03:24   14ms  195M  109G  32/ 46U [GameAnalyzer] Predicted army advantage is now SlightDisadvantage
2022-10-28 10:16:51.392 | 03:24   14ms  145M  109G  32/ 46U [TerranUnit] MARINE from BARRACKS at (144.5, 37.5)
2022-10-28 10:16:52.416 | 03:29   14ms  260M  133G  33/ 46U [GameAnalyzer] Predicted army advantage is now Even
2022-10-28 10:16:52.419 | 03:29   14ms  210M  133G  33/ 46U [TerranUnit] MARINE from BARRACKS at (144.5, 37.5)
2022-10-28 10:16:52.788 | 03:30   14ms  240M  141G  34/ 46U [Tech] Started STIMPACK
2022-10-28 10:16:52.837 | 03:31   17ms   90M   41G  34/ 46U [TerranUnit] MARINE from BARRACKS at (139.5, 35.5)
2022-10-28 10:16:54.005 | 03:36   15ms  170M   73G  35/ 46U [ActUnit] SCV from COMMANDCENTER at (147.5, 54.5)
2022-10-28 10:16:54.042 | 03:36   18ms  130M   73G  36/ 46U [ActUnit] SCV from COMMANDCENTER at (147.5, 31.5)
2022-10-28 10:16:55.245 | 03:42   16ms  255M  105G  37/ 54U [GameAnalyzer] Predicted army advantage is now SlightAdvantage
2022-10-28 10:16:55.247 | 03:42   16ms  205M  105G  37/ 54U [TerranUnit] MARINE from BARRACKS at (144.5, 37.5)
2022-10-28 10:16:56.255 | 03:47   14ms  260M  129G  38/ 54U [TerranUnit] MARINE from BARRACKS at (144.5, 37.5)
2022-10-28 10:16:56.329 | 03:47   14ms  265M  129G  39/ 54U [GameAnalyzer] Predicted army advantage is now SmallAdvantage
2022-10-28 10:16:56.364 | 03:47   16ms  270M  133G  39/ 54U [GameAnalyzer] Income advantage is now SlightAdvantage
2022-10-28 10:16:56.405 | 03:47   18ms  275M  137G  39/ 54U [GameAnalyzer] Income advantage is now Even
2022-10-28 10:16:56.552 | 03:48   14ms  265M  137G  39/ 54U [ActUnit] SCV from COMMANDCENTER at (147.5, 54.5)
2022-10-28 10:16:56.590 | 03:48   16ms  225M  137G  40/ 54U [ActUnit] SCV from COMMANDCENTER at (147.5, 31.5)
2022-10-28 10:16:56.640 | 03:48   18ms   75M  137G  41/ 54U [TerranUnit] MARINE from BARRACKS at (139.5, 35.5)
2022-10-28 10:16:56.680 | 03:49   19ms   10M  116G  42/ 54U [TerranUnit] WIDOWMINE from FACTORY at (151.5, 37.5)
2022-10-28 10:16:57.155 | 03:51   15ms   35M  128G  44/ 54U [GameAnalyzer] Income advantage is now SlightAdvantage
2022-10-28 10:16:57.234 | 03:51   17ms   65M  128G  44/ 54U [GameAnalyzer] Income advantage is now Even
2022-10-28 10:16:57.311 | 03:51   15ms   65M  128G  44/ 54U [GameAnalyzer] Income advantage is now SlightAdvantage
2022-10-28 10:16:57.355 | 03:52   18ms    0M  107G  44/ 54U [TerranUnit] WIDOWMINE from FACTORY at (151.5, 37.5)
2022-10-28 10:16:57.390 | 03:52   17ms    0M  111G  46/ 54U [GameAnalyzer] Income advantage is now Even
2022-10-28 10:16:57.466 | 03:52   17ms    5M  111G  46/ 54U [GameAnalyzer] Income advantage is now SlightAdvantage
2022-10-28 10:16:57.521 | 03:52   20ms    5M  111G  46/ 54U [GameAnalyzer] Income advantage is now Even
2022-10-28 10:16:58.240 | 03:56   16ms   95M  127G  46/ 54U [GameAnalyzer] Income advantage is now SlightAdvantage
2022-10-28 10:16:58.328 | 03:56   17ms    0M  131G  46/ 54U [GameAnalyzer] Income advantage is now Even
2022-10-28 10:16:58.580 | 03:57   21ms   25M  135G  46/ 54U [GameAnalyzer] Income advantage is now SlightAdvantage
2022-10-28 10:16:58.667 | 03:57   16ms   25M  139G  46/ 54U [GameAnalyzer] Income advantage is now Even
2022-10-28 10:16:59.159 | 03:59   16ms   90M  151G  46/ 54U [GameAnalyzer] Income advantage is now SlightAdvantage
2022-10-28 10:16:59.197 | 04:00   18ms   90M  151G  46/ 54U [GameAnalyzer] Income advantage is now Even
2022-10-28 10:16:59.241 | 04:00   18ms   40M  151G  46/ 54U [TerranUnit] MARINE from BARRACKS at (144.5, 37.5)
2022-10-28 10:16:59.354 | 04:00   18ms   50M  151G  47/ 54U [GameAnalyzer] Income advantage is now SlightAdvantage
2022-10-28 10:16:59.356 | 04:00   18ms    0M  151G  47/ 54U [ActUnit] SCV from COMMANDCENTER at (147.5, 54.5)
2022-10-28 10:16:59.557 | 04:01   17ms   15M  159G  48/ 54U [GameAnalyzer] Income advantage is now Even
2022-10-28 10:16:59.641 | 04:01   17ms   25M  159G  48/ 54U [GameAnalyzer] Income advantage is now SlightAdvantage
2022-10-28 10:16:59.734 | 04:02   19ms   55M  163G  48/ 54U [GameAnalyzer] Income advantage is now Even
2022-10-28 10:16:59.736 | 04:02   19ms    5M  163G  48/ 54U [ActUnit] SCV from COMMANDCENTER at (147.5, 31.5)
2022-10-28 10:16:59.779 | 04:02   19ms   10M  163G  49/ 54U [GameAnalyzer] Income advantage is now SlightAdvantage
2022-10-28 10:16:59.826 | 04:02   19ms   10M  167G  49/ 54U [GameAnalyzer] Income advantage is now Even
2022-10-28 10:17:00.184 | 04:04   17ms   55M  175G  49/ 54U [GameAnalyzer] Income advantage is now SlightAdvantage
2022-10-28 10:17:00.272 | 04:04   18ms   60M  175G  49/ 54U [GameAnalyzer] Income advantage is now Even
2022-10-28 10:17:00.351 | 04:04   17ms   60M  175G  49/ 54U [GameAnalyzer] Income advantage is now SlightAdvantage
2022-10-28 10:17:00.395 | 04:05   20ms   85M  175G  49/ 54U [GameAnalyzer] Known army advantage is now ClearAdvantage
2022-10-28 10:17:00.399 | 04:05   20ms   35M  175G  49/ 54U [TerranUnit] MARINE from BARRACKS at (144.5, 37.5)
2022-10-28 10:17:00.445 | 04:05   20ms   35M  175G  50/ 54U [GameAnalyzer] Income advantage is now Even
2022-10-28 10:17:00.528 | 04:05   18ms   50M  183G  50/ 54U [GameAnalyzer] Income advantage is now SlightAdvantage
2022-10-28 10:17:00.787 | 04:06   20ms   70M  183G  50/ 54U [GameAnalyzer] Income advantage is now Even
2022-10-28 10:17:00.829 | 04:06   19ms   70M  187G  50/ 54U [GameAnalyzer] Income advantage is now SlightAdvantage
2022-10-28 10:17:00.830 | 04:06   19ms   70M  187G  50/ 54U [GameAnalyzer] Predicted army advantage is now ClearAdvantage
2022-10-28 10:17:00.834 | 04:06   19ms   20M  187G  50/ 54U [TerranUnit] MARINE from BARRACKS at (139.5, 35.5)
2022-10-28 10:17:00.911 | 04:06   21ms   25M  187G  51/ 54U [GameAnalyzer] Income advantage is now Even
2022-10-28 10:17:01.004 | 04:07   17ms   40M  191G  51/ 54U [GameAnalyzer] Income advantage is now SlightAdvantage
2022-10-28 10:17:01.130 | 04:07   17ms   55M  191G  51/ 54U [GameAnalyzer] Income advantage is now Even
2022-10-28 10:17:01.257 | 04:08   17ms   75M  195G  51/ 54U [GameAnalyzer] Income advantage is now SlightAdvantage
2022-10-28 10:17:01.477 | 04:09   19ms   85M  199G  51/ 54U [GameAnalyzer] Income advantage is now Even
2022-10-28 10:17:01.525 | 04:09   19ms  115M  199G  51/ 54U [GameAnalyzer] Income advantage is now SlightAdvantage
2022-10-28 10:17:01.703 | 04:10   19ms  125M  207G  51/ 54U [GameAnalyzer] Income advantage is now Even
2022-10-28 10:17:01.791 | 04:10   18ms  135M  207G  51/ 54U [GameAnalyzer] Income advantage is now SlightAdvantage
2022-10-28 10:17:01.835 | 04:10   20ms  135M  207G  51/ 54U [GameAnalyzer] Income advantage is now Even
2022-10-28 10:17:01.880 | 04:10   21ms  140M  207G  51/ 54U [GameAnalyzer] Income advantage is now SlightAdvantage
2022-10-28 10:17:02.009 | 04:11   20ms  150M  211G  51/ 54U [GameAnalyzer] Income advantage is now Even
2022-10-28 10:17:02.277 | 04:12   19ms  215M  215G  51/ 54U [GameAnalyzer] Income advantage is now SlightAdvantage
2022-10-28 10:17:02.375 | 04:12   19ms  170M  219G  51/ 54U [ActUnit] SCV from COMMANDCENTER at (147.5, 54.5)
2022-10-28 10:17:02.431 | 04:13   22ms  170M  223G  52/ 54U [GameAnalyzer] Income advantage is now Even
2022-10-28 10:17:02.473 | 04:13   21ms  180M  223G  52/ 54U [GameAnalyzer] Income advantage is now SlightAdvantage
2022-10-28 10:17:02.799 | 04:14   19ms  150M  231G  52/ 54U [ActUnit] SCV from COMMANDCENTER at (147.5, 31.5)
2022-10-28 10:17:02.838 | 04:14   22ms  155M  231G  53/ 54U [GameAnalyzer] Income advantage is now SmallAdvantage
2022-10-28 10:17:02.886 | 04:14   20ms  155M  231G  53/ 54U [GameAnalyzer] Income advantage is now SlightAdvantage
2022-10-28 10:17:02.980 | 04:15   21ms  155M  231G  53/ 54U [GameAnalyzer] Income advantage is now Even
2022-10-28 10:17:03.023 | 04:15   20ms  170M  231G  53/ 54U [GameAnalyzer] Income advantage is now SlightAdvantage
2022-10-28 10:17:03.211 | 04:16   19ms   85M  139G  53/ 62U [TerranUnit] MEDIVAC from STARPORT at (151.5, 37.5)
2022-10-28 10:17:03.300 | 04:16   18ms   20M   39G  55/ 62U [TerranUnit] MEDIVAC from STARPORT at (151.5, 37.5)
2022-10-28 10:17:03.559 | 04:17   18ms   40M   47G  57/ 62U [GameAnalyzer] Income advantage is now SmallAdvantage
2022-10-28 10:17:03.608 | 04:17   19ms   45M   47G  57/ 62U [GameAnalyzer] Income advantage is now SlightAdvantage
2022-10-28 10:17:03.700 | 04:18   19ms    0M   47G  57/ 62U [TerranUnit] MARINE from BARRACKS at (144.5, 37.5)
2022-10-28 10:17:03.747 | 04:18   21ms   30M   47G  58/ 62U [GameAnalyzer] Income advantage is now Even
2022-10-28 10:17:03.791 | 04:18   23ms   40M   47G  58/ 62U [GameAnalyzer] Income advantage is now SlightAdvantage
2022-10-28 10:17:04.509 | 04:21   18ms   10M   67G  58/ 70U [GameAnalyzer] Income advantage is now SmallAdvantage
2022-10-28 10:17:04.557 | 04:21   21ms   10M   67G  58/ 70U [GameAnalyzer] Income advantage is now SlightAdvantage
2022-10-28 10:17:04.727 | 04:22   18ms   25M   71G  58/ 70U [GameAnalyzer] Income advantage is now SmallAdvantage
2022-10-28 10:17:04.816 | 04:22   19ms   35M   71G  58/ 70U [GameAnalyzer] Income advantage is now SlightAdvantage
2022-10-28 10:17:04.860 | 04:22   20ms   35M   71G  58/ 70U [GameAnalyzer] Income advantage is now Even
2022-10-28 10:17:04.907 | 04:23   20ms   45M   75G  58/ 70U [GameAnalyzer] Income advantage is now SlightAdvantage
2022-10-28 10:17:04.951 | 04:23   21ms    0M   79G  58/ 70U [TerranUnit] MARINE from BARRACKS at (144.5, 37.5)
2022-10-28 10:17:05.039 | 04:23   18ms   30M   79G  59/ 70U [GameAnalyzer] Income advantage is now SmallAdvantage
2022-10-28 10:17:05.107 | 04:23   21ms   30M   79G  59/ 70U [GameAnalyzer] Income advantage is now SlightAdvantage
2022-10-28 10:17:05.108 | 04:23   21ms   30M   79G  59/ 70U [GameAnalyzer] Predicted army advantage is now SmallAdvantage
2022-10-28 10:17:05.167 | 04:23   21ms   35M   79G  59/ 70U [GameAnalyzer] Income advantage is now Even
2022-10-28 10:17:05.264 | 04:24   22ms   50M   79G  59/ 70U [GameAnalyzer] Income advantage is now SlightAdvantage
2022-10-28 10:17:05.378 | 04:24   19ms   10M   83G  59/ 70U [TerranUnit] MARINE from BARRACKS at (139.5, 35.5)
2022-10-28 10:17:05.419 | 04:24   22ms   10M   87G  60/ 70U [GameAnalyzer] Income advantage is now Even
2022-10-28 10:17:05.506 | 04:25   20ms   20M   87G  60/ 70U [GameAnalyzer] Income advantage is now SlightAdvantage
2022-10-28 10:17:05.637 | 04:25   21ms    0M   87G  60/ 70U [ActUnit] SCV from COMMANDCENTER at (147.5, 54.5)
2022-10-28 10:17:05.983 | 04:26   22ms   20M   95G  60/ 70U [GameAnalyzer] Income advantage is now SmallAdvantage
2022-10-28 10:17:06.081 | 04:26   20ms   25M   95G  60/ 70U [GameAnalyzer] Income advantage is now SlightAdvantage
2022-10-28 10:17:06.247 | 04:27   20ms   45M   95G  59/ 70U [GameAnalyzer] Income advantage is now SmallAdvantage
2022-10-28 10:17:06.357 | 04:27   19ms   50M  103G  59/ 70U [GameAnalyzer] Income advantage is now SlightAdvantage
2022-10-28 10:17:06.359 | 04:27   19ms    0M  103G  59/ 70U [ActUnit] SCV from COMMANDCENTER at (147.5, 31.5)
2022-10-28 10:17:06.463 | 04:28   24ms   10M  103G  60/ 70U [GameAnalyzer] Income advantage is now SmallAdvantage
2022-10-28 10:17:06.512 | 04:28   21ms   15M  103G  60/ 70U [GameAnalyzer] Income advantage is now SlightAdvantage
2022-10-28 10:17:06.698 | 04:28   18ms   25M  107G  60/ 70U [GameAnalyzer] Predicted army advantage is now ClearAdvantage
2022-10-28 10:17:06.899 | 04:29   20ms   50M  111G  60/ 70U [BuildAddon] UnitTypeId.FACTORYTECHLAB to (140.0, 38.0)
2022-10-28 10:17:07.164 | 04:30   20ms   55M   94G  60/ 70U [GameAnalyzer] Income advantage is now SmallAdvantage
2022-10-28 10:17:07.339 | 04:31   18ms   70M   94G  60/ 70U [GameAnalyzer] Income advantage is now SlightAdvantage
2022-10-28 10:17:07.511 | 04:32   18ms  105M  102G  60/ 70U [GameAnalyzer] Income advantage is now SmallAdvantage
2022-10-28 10:17:07.653 | 04:32   18ms  115M  102G  60/ 70U [GameAnalyzer] Income advantage is now SlightAdvantage
2022-10-28 10:17:07.800 | 04:33   17ms  135M  102G  60/ 70U [GameAnalyzer] Income advantage is now SmallAdvantage
2022-10-28 10:17:07.894 | 04:33   20ms  145M  106G  60/ 70U [GameAnalyzer] Income advantage is now SlightAdvantage
2022-10-28 10:17:07.942 | 04:33   20ms  145M  110G  60/ 70U [GameAnalyzer] Income advantage is now Even
2022-10-28 10:17:07.991 | 04:33   20ms  155M  110G  60/ 70U [GameAnalyzer] Income advantage is now SlightAdvantage
2022-10-28 10:17:08.081 | 04:34   19ms  175M  110G  60/ 70U [GameAnalyzer] Income advantage is now SmallAdvantage
2022-10-28 10:17:08.218 | 04:34   19ms  180M  110G  60/ 70U [GameAnalyzer] Income advantage is now SlightAdvantage
2022-10-28 10:17:08.362 | 04:35   18ms  200M  118G  60/ 70U [GameAnalyzer] Income advantage is now SmallAdvantage
2022-10-28 10:17:08.450 | 04:35   20ms  210M  118G  60/ 70U [GameAnalyzer] Income advantage is now SlightAdvantage
2022-10-28 10:17:08.491 | 04:35   20ms  215M  118G  60/ 70U [GameAnalyzer] Income advantage is now SmallAdvantage
2022-10-28 10:17:08.542 | 04:35   20ms  220M  118G  60/ 70U [GameAnalyzer] Income advantage is now SlightAdvantage
2022-10-28 10:17:08.546 | 04:35   20ms  170M  118G  60/ 70U [TerranUnit] MARINE from BARRACKS at (144.5, 37.5)
2022-10-28 10:17:08.641 | 04:36   20ms   80M  122G  61/ 70U [GameAnalyzer] Income advantage is now SmallAdvantage
2022-10-28 10:17:08.691 | 04:36   21ms   80M  122G  61/ 70U [GameAnalyzer] Income advantage is now SlightAdvantage
2022-10-28 10:17:08.784 | 04:36   20ms   85M  126G  61/ 70U [GameAnalyzer] Income advantage is now SmallAdvantage
2022-10-28 10:17:08.977 | 04:37   19ms  120M  126G  61/ 70U [GameAnalyzer] Income advantage is now SlightAdvantage
2022-10-28 10:17:08.978 | 04:37   19ms   70M  126G  61/ 70U [ActUnit] SCV from COMMANDCENTER at (147.5, 54.5)
2022-10-28 10:17:09.076 | 04:37   19ms   95M  130G  62/ 70U [GameAnalyzer] Income advantage is now SmallAdvantage
2022-10-28 10:17:09.237 | 04:38   20ms    5M  134G  62/ 70U [GameAnalyzer] Income advantage is now SlightAdvantage
2022-10-28 10:17:09.284 | 04:38   20ms   35M  134G  62/ 70U [GameAnalyzer] Income advantage is now SmallAdvantage
2022-10-28 10:17:09.341 | 04:38   22ms   40M  134G  62/ 70U [GameAnalyzer] Income advantage is now SlightAdvantage
2022-10-28 10:17:09.635 | 04:39   21ms   15M  142G  62/ 70U [ActUnit] SCV from COMMANDCENTER at (147.5, 31.5)
2022-10-28 10:17:09.862 | 04:40   19ms   35M  142G  62/ 70U [GameAnalyzer] Predicted army advantage is now SmallAdvantage
2022-10-28 10:17:09.916 | 04:40   21ms   40M  146G  62/ 70U [GameAnalyzer] Income advantage is now SmallAdvantage
2022-10-28 10:17:10.012 | 04:41   18ms   45M  150G  62/ 70U [GameAnalyzer] Predicted army advantage is now ClearAdvantage
2022-10-28 10:17:10.116 | 04:41   21ms    0M  150G  62/ 70U [TerranUnit] MARINE from BARRACKS at (144.5, 37.5)
2022-10-28 10:17:10.412 | 04:42   19ms   20M  154G  63/ 70U [GameAnalyzer] Income advantage is now SlightAdvantage
2022-10-28 10:17:10.569 | 04:42   20ms   55M  158G  63/ 78U [GameAnalyzer] Income advantage is now SmallAdvantage
2022-10-28 10:17:10.575 | 04:42   20ms    5M  158G  63/ 78U [TerranUnit] MARINE from BARRACKS at (139.5, 35.5)
2022-10-28 10:17:10.732 | 04:43   23ms  105M  158G  62/ 78U [GameAnalyzer] Predicted army advantage is now SmallAdvantage
2022-10-28 10:17:11.017 | 04:44   20ms  155M  166G  62/ 78U [GameAnalyzer] Known army advantage is now SmallAdvantage
2022-10-28 10:17:11.019 | 04:44   20ms  155M  166G  62/ 78U [GameAnalyzer] Predicted army advantage is now SlightAdvantage
2022-10-28 10:17:11.446 | 04:46   19ms   45M   99G  60/ 78U [TerranUnit] VIKINGFIGHTER from STARPORT at (151.5, 37.5)
2022-10-28 10:17:11.604 | 04:46   28ms   60M  103G  61/ 78U [GameAnalyzer] Predicted army advantage is now Even
2022-10-28 10:17:11.977 | 04:47   26ms    5M    7G  61/ 78U [TerranUnit] MEDIVAC from STARPORT at (151.5, 37.5)
2022-10-28 10:17:12.585 | 04:49   22ms   85M   19G  61/ 78U [GameAnalyzer] Known army advantage is now SlightAdvantage
2022-10-28 10:17:12.587 | 04:49   22ms   35M   19G  61/ 78U [ActUnit] SCV from COMMANDCENTER at (147.5, 54.5)
2022-10-28 10:17:12.828 | 04:50   23ms   45M   23G  62/ 78U [GameAnalyzer] Income advantage is now ClearAdvantage
2022-10-28 10:17:12.883 | 04:50   26ms   45M   23G  62/ 78U [GameAnalyzer] Income advantage is now SmallAdvantage
2022-10-28 10:17:13.210 | 04:51   23ms  120M   31G  61/ 78U [GameAnalyzer] Income advantage is now ClearAdvantage
2022-10-28 10:17:13.258 | 04:51   24ms  120M   31G  61/ 78U [GameAnalyzer] Income advantage is now SmallAdvantage
2022-10-28 10:17:13.314 | 04:51   23ms  120M   31G  61/ 78U [GameAnalyzer] Income advantage is now ClearAdvantage
2022-10-28 10:17:13.315 | 04:51   23ms   70M   31G  61/ 78U [ActUnit] SCV from COMMANDCENTER at (147.5, 31.5)
2022-10-28 10:17:13.370 | 04:52   28ms   70M   31G  62/ 78U [GameAnalyzer] Income advantage is now SmallAdvantage
2022-10-28 10:17:13.582 | 04:52   21ms   85M   39G  62/ 78U [GameAnalyzer] Income advantage is now ClearAdvantage
2022-10-28 10:17:13.642 | 04:53   23ms   95M   39G  62/ 78U [GameAnalyzer] Income advantage is now SmallAdvantage
2022-10-28 10:17:13.842 | 04:53   23ms   85M   39G  62/ 78U [TerranUnit] MARINE from BARRACKS at (144.5, 37.5)
2022-10-28 10:17:14.125 | 04:54   23ms  100M   47G  63/ 78U [GameAnalyzer] Income advantage is now ClearAdvantage
2022-10-28 10:17:14.221 | 04:55   21ms  105M   47G  63/ 78U [GameAnalyzer] Income advantage is now SmallAdvantage
2022-10-28 10:17:14.409 | 04:55   22ms  155M   55G  63/ 78U [GameAnalyzer] Income advantage is now ClearAdvantage
2022-10-28 10:17:14.467 | 04:56   23ms  165M   55G  63/ 78U [GameAnalyzer] Income advantage is now SmallAdvantage
2022-10-28 10:17:14.707 | 04:56   24ms  195M   59G  63/ 78U [GameAnalyzer] Income advantage is now ClearAdvantage
2022-10-28 10:17:14.800 | 04:57   21ms  195M   63G  63/ 78U [GameAnalyzer] Income advantage is now SmallAdvantage
2022-10-28 10:17:14.853 | 04:57   25ms  130M   63G  63/ 78U [BuildGas] Building REFINERY to (149.5, 47.5)
2022-10-28 10:17:15.328 | 04:59   22ms  155M   71G  63/ 78U [TerranUnit] MARINE from BARRACKS at (144.5, 37.5)
2022-10-28 10:17:15.739 | 05:00   30ms  130M   79G  64/ 78U [BuildGas] Building REFINERY to (149.5, 61.5)
2022-10-28 10:17:15.794 | 05:00   32ms  130M   79G  64/ 78U [GameAnalyzer] Known army advantage is now SmallAdvantage
2022-10-28 10:17:15.799 | 05:00   32ms   80M   79G  64/ 78U [TerranUnit] MARINE from BARRACKS at (139.5, 35.5)
2022-10-28 10:17:16.158 | 05:01   30ms   55M   87G  65/ 78U [ActUnit] SCV from COMMANDCENTER at (147.5, 54.5)
2022-10-28 10:17:16.587 | 05:03   30ms  125M   95G  65/ 86U [GameAnalyzer] Known army advantage is now SlightAdvantage
2022-10-28 10:17:16.770 | 05:03   28ms  140M   95G  65/ 86U [GameAnalyzer] Income advantage is now ClearAdvantage
2022-10-28 10:17:16.842 | 05:03   32ms  140M   95G  65/ 86U [GameAnalyzer] Income advantage is now SmallAdvantage
2022-10-28 10:17:16.983 | 05:04   30ms   95M   95G  65/ 86U [ActUnit] SCV from COMMANDCENTER at (147.5, 31.5)
2022-10-28 10:17:17.048 | 05:04   30ms  105M   99G  66/ 86U [GameAnalyzer] Income advantage is now SlightAdvantage
2022-10-28 10:17:17.110 | 05:04   32ms  120M   99G  66/ 86U [GameAnalyzer] Income advantage is now SmallAdvantage
2022-10-28 10:17:17.372 | 05:05   31ms  140M  103G  66/ 86U [GameAnalyzer] Known army advantage is now Even
2022-10-28 10:17:17.435 | 05:05   31ms  140M  103G  66/ 86U [GameAnalyzer] Income advantage is now SlightAdvantage
2022-10-28 10:17:17.555 | 05:05   29ms  145M  107G  66/ 86U [GameAnalyzer] Income advantage is now SmallAdvantage
2022-10-28 10:17:17.807 | 05:06   29ms  185M  111G  66/ 86U [GameAnalyzer] Income advantage is now SlightAdvantage
2022-10-28 10:17:17.988 | 05:06   29ms  220M  111G  66/ 86U [GameAnalyzer] Income advantage is now SmallAdvantage
2022-10-28 10:17:18.244 | 05:07   31ms  230M  119G  66/ 86U [GameAnalyzer] Income advantage is now SlightAdvantage
2022-10-28 10:17:18.431 | 05:08   31ms  250M  119G  66/ 86U [GameAnalyzer] Income advantage is now SmallAdvantage
2022-10-28 10:17:18.619 | 05:08   30ms  255M  123G  66/ 86U [GameAnalyzer] Income advantage is now SlightAdvantage
2022-10-28 10:17:18.683 | 05:08   30ms  260M  127G  66/ 86U [GameAnalyzer] Income advantage is now Even
2022-10-28 10:17:18.752 | 05:09   31ms  270M  127G  66/ 86U [GameAnalyzer] Income advantage is now SlightAdvantage
2022-10-28 10:17:18.812 | 05:09   31ms  290M  127G  66/ 86U [GameAnalyzer] Income advantage is now SmallAdvantage
2022-10-28 10:17:19.078 | 05:10   29ms  325M  127G  66/ 86U [GameAnalyzer] Income advantage is now SlightAdvantage
2022-10-28 10:17:19.204 | 05:10   31ms  335M  131G  66/ 86U [GameAnalyzer] Income advantage is now SmallAdvantage
2022-10-28 10:17:19.394 | 05:10   29ms  340M  135G  66/ 86U [GameAnalyzer] Income advantage is now SlightAdvantage
2022-10-28 10:17:19.399 | 05:10   29ms  340M  135G  66/ 86U [Tech] Started SHIELDWALL
2022-10-28 10:17:19.523 | 05:11   30ms  265M   35G  66/ 86U [GameAnalyzer] Income advantage is now SmallAdvantage
2022-10-28 10:17:19.663 | 05:11   31ms  275M   39G  66/ 86U [GameAnalyzer] Income advantage is now SlightAdvantage
2022-10-28 10:17:19.668 | 05:11   31ms  225M   39G  66/ 86U [TerranUnit] MARINE from BARRACKS at (144.5, 37.5)
2022-10-28 10:17:19.791 | 05:11   30ms  240M   43G  67/ 86U [GameAnalyzer] Income advantage is now SmallAdvantage
2022-10-28 10:17:19.865 | 05:12   33ms  240M   43G  67/ 86U [GameAnalyzer] Income advantage is now SlightAdvantage
2022-10-28 10:17:20.538 | 05:13   28ms  250M   51G  67/ 86U [ActUnit] SCV from COMMANDCENTER at (147.5, 54.5)
2022-10-28 10:17:20.784 | 05:14   29ms  265M   55G  68/ 86U [GameAnalyzer] Income advantage is now SmallAdvantage
2022-10-28 10:17:20.920 | 05:15   29ms  275M   59G  68/ 86U [GameAnalyzer] Income advantage is now SlightAdvantage
2022-10-28 10:17:21.309 | 05:16   28ms  315M   63G  68/ 86U [GameAnalyzer] Known army advantage is now SlightAdvantage
2022-10-28 10:17:21.372 | 05:16   33ms  265M   67G  68/ 86U [ActUnit] SCV from COMMANDCENTER at (147.5, 31.5)
2022-10-28 10:17:21.553 | 05:16   29ms  180M   67G  69/ 86U [GameAnalyzer] Income advantage is now SmallAdvantage
2022-10-28 10:17:21.618 | 05:16   29ms  205M   67G  69/ 86U [GameAnalyzer] Income advantage is now SlightAdvantage
2022-10-28 10:17:21.686 | 05:17   30ms  165M   67G  69/ 86U [TerranUnit] MARINE from BARRACKS at (144.5, 37.5)
2022-10-28 10:17:21.804 | 05:17   30ms  175M   71G  70/ 86U [GameAnalyzer] Income advantage is now SmallAdvantage
2022-10-28 10:17:21.875 | 05:17   31ms  185M   71G  70/ 86U [GameAnalyzer] Income advantage is now SlightAdvantage
2022-10-28 10:17:22.071 | 05:18   31ms  200M   75G  70/ 86U [GameAnalyzer] Income advantage is now SmallAdvantage
2022-10-28 10:17:22.136 | 05:18   34ms  200M   75G  70/ 86U [GameAnalyzer] Income advantage is now SlightAdvantage
2022-10-28 10:17:22.206 | 05:18   32ms  155M   75G  70/ 86U [TerranUnit] MARINE from BARRACKS at (139.5, 35.5)
2022-10-28 10:17:22.334 | 05:18   33ms  170M   79G  71/ 86U [GameAnalyzer] Income advantage is now SmallAdvantage
2022-10-28 10:17:22.474 | 05:19   32ms  175M   83G  71/ 86U [GameAnalyzer] Income advantage is now SlightAdvantage
2022-10-28 10:17:22.895 | 05:20   31ms  210M   83G  71/ 86U [GameAnalyzer] Income advantage is now SmallAdvantage
2022-10-28 10:17:22.963 | 05:20   36ms  210M   87G  71/ 86U [GameAnalyzer] Income advantage is now SlightAdvantage
2022-10-28 10:17:23.116 | 05:20   31ms  220M   91G  71/ 86U [GameAnalyzer] Income advantage is now SmallAdvantage
2022-10-28 10:17:23.586 | 05:22   31ms  255M   95G  70/ 86U [GameAnalyzer] Income advantage is now SlightAdvantage
2022-10-28 10:17:23.715 | 05:22   33ms  270M   99G  70/ 86U [GameAnalyzer] Income advantage is now SmallAdvantage
2022-10-28 10:17:24.076 | 05:23   30ms  285M  103G  70/ 86U [GameAnalyzer] Income advantage is now SlightAdvantage
2022-10-28 10:17:24.205 | 05:23   32ms  310M  107G  69/ 86U [GameAnalyzer] Income advantage is now SmallAdvantage
2022-10-28 10:17:24.562 | 05:24   27ms  365M  111G  68/ 86U [GameAnalyzer] Income advantage is now SlightAdvantage
2022-10-28 10:17:24.621 | 05:24   30ms  370M  115G  68/ 86U [GameAnalyzer] Income advantage is now SmallAdvantage
2022-10-28 10:17:24.623 | 05:24   30ms  370M  115G  68/ 86U [GameAnalyzer] Known army advantage is now Even
2022-10-28 10:17:24.980 | 05:25   28ms  380M  119G  66/ 86U [GameAnalyzer] Income advantage is now SlightAdvantage
2022-10-28 10:17:25.029 | 05:26   27ms  395M  119G  66/ 86U [GameAnalyzer] Income advantage is now SmallAdvantage
2022-10-28 10:17:25.031 | 05:26   27ms  345M  119G  66/ 86U [ActUnit] SCV from COMMANDCENTER at (147.5, 54.5)
2022-10-28 10:17:25.149 | 05:26   27ms  260M   27G  67/ 86U [TerranUnit] MEDIVAC from STARPORT at (151.5, 37.5)
2022-10-28 10:17:25.767 | 05:28   27ms  290M   51G  68/ 86U [GameAnalyzer] Income advantage is now SlightAdvantage
2022-10-28 10:17:25.823 | 05:28   23ms  300M   51G  68/ 86U [GameAnalyzer] Income advantage is now SmallAdvantage
2022-10-28 10:17:25.825 | 05:28   23ms  250M   51G  68/ 86U [ActUnit] SCV from COMMANDCENTER at (147.5, 31.5)
2022-10-28 10:17:26.188 | 05:29   25ms  250M   55G  68/ 86U [TerranUnit] MARINE from BARRACKS at (144.5, 37.5)
2022-10-28 10:17:27.666 | 05:34   24ms  410M  111G  65/ 86U [Expand] Expanding to (144.5, 80.5)
2022-10-28 10:17:27.972 | 05:35   23ms   30M  119G  65/ 86U [GameAnalyzer] Income advantage is now SlightAdvantage
2022-10-28 10:17:28.069 | 05:35   24ms   40M  127G  65/ 86U [GameAnalyzer] Income advantage is now SmallAdvantage
2022-10-28 10:17:28.123 | 05:35   24ms    5M  127G  65/ 86U [TerranUnit] MARINE from BARRACKS at (144.5, 37.5)
2022-10-28 10:17:28.263 | 05:36   22ms   25M  127G  66/ 86U [GameAnalyzer] Known army advantage is now SlightAdvantage
2022-10-28 10:17:28.610 | 05:37   24ms    0M  143G  66/ 86U [TerranUnit] MARINE from BARRACKS at (139.5, 35.5)
2022-10-28 10:17:28.820 | 05:38   24ms    0M  155G  67/ 86U [ActUnit] SCV from COMMANDCENTER at (147.5, 54.5)
2022-10-28 10:17:29.442 | 05:40   23ms    5M  175G  68/ 86U [ActUnit] SCV from COMMANDCENTER at (147.5, 31.5)
2022-10-28 10:17:30.076 | 05:42   23ms   75M  199G  69/ 94U [GameAnalyzer] Income advantage is now ClearAdvantage
2022-10-28 10:17:30.829 | INFO     | sc2.protocol:_execute:72 - Client status changed to Status.ended (was Status.in_game)
2022-10-28 10:17:30.831 | Result: Defeat
2022-10-28 10:17:30.832 | Duration: 05:45
2022-10-28 10:17:30.832 | Step time min: 6
2022-10-28 10:17:30.833 | Step time avg: 16
2022-10-28 10:17:30.834 | Step time max: 123
2022-10-28 10:17:30.835 | [LostUnitsContents] My lost units minerals and gas: (1175, 75)
2022-10-28 10:17:30.836 | [LostUnitsContents] My lost units minerals by score: 1125.0
2022-10-28 10:17:30.836 | [LostUnitsContents] Enemy lost units minerals and gas: (1100, 25)
2022-10-28 10:17:30.837 | [LostUnitsContents] Enemy lost units minerals by score: 1100.0
2022-10-28 10:17:30.838 | [GameAnalyzerEnd] Own units:
2022-10-28 10:17:30.839 | [GameAnalyzerEnd] SCV               total:  42 alive:  42 dead:   0 
2022-10-28 10:17:30.840 | [GameAnalyzerEnd] MARINE            total:  27 alive:   6 dead:  21 
2022-10-28 10:17:30.841 | [GameAnalyzerEnd] SUPPLYDEPOT       total:   8 alive:   8 dead:   0 
2022-10-28 10:17:30.841 | [GameAnalyzerEnd] REFINERY          total:   4 alive:   4 dead:   0 
2022-10-28 10:17:30.842 | [GameAnalyzerEnd] MEDIVAC           total:   3 alive:   3 dead:   0 
2022-10-28 10:17:30.843 | [GameAnalyzerEnd] BARRACKS          total:   2 alive:   2 dead:   0 
2022-10-28 10:17:30.844 | [GameAnalyzerEnd] TECHLAB           total:   2 alive:   2 dead:   0 
2022-10-28 10:17:30.844 | [GameAnalyzerEnd] ORBITALCOMMAND    total:   2 alive:   2 dead:   0 
2022-10-28 10:17:30.845 | [GameAnalyzerEnd] WIDOWMINE         total:   2 alive:   1 dead:   1 
2022-10-28 10:17:30.846 | [GameAnalyzerEnd] REACTOR           total:   2 alive:   2 dead:   0 
2022-10-28 10:17:30.847 | [GameAnalyzerEnd] STARPORT          total:   1 alive:   1 dead:   0 
2022-10-28 10:17:30.847 | [GameAnalyzerEnd] VIKINGFIGHTER     total:   1 alive:   1 dead:   0 
2022-10-28 10:17:30.848 | [GameAnalyzerEnd] FACTORY           total:   1 alive:   1 dead:   0 
2022-10-28 10:17:30.849 | [GameAnalyzerEnd] COMMANDCENTER     total:   1 alive:   1 dead:   0 
2022-10-28 10:17:30.850 | [GameAnalyzerEnd] MULE              total:   1 alive:   1 dead:   0 
2022-10-28 10:17:30.850 | [GameAnalyzerEnd] REAPER            total:   1 alive:   0 dead:   1 
2022-10-28 10:17:30.851 | [GameAnalyzerEnd] Enemy units:
2022-10-28 10:17:30.851 | [GameAnalyzerEnd] DRONE             total:  35 alive:  23 dead:  12 
2022-10-28 10:17:30.852 | [GameAnalyzerEnd] ZERGLING          total:  13 alive:   2 dead:  11 
2022-10-28 10:17:30.853 | [GameAnalyzerEnd] OVERLORD          total:   4 alive:   4 dead:   0 
2022-10-28 10:17:30.853 | [GameAnalyzerEnd] ROACH             total:   4 alive:   3 dead:   1 
2022-10-28 10:17:30.856 | [GameAnalyzerEnd] HATCHERY          total:   2 alive:   2 dead:   0 
2022-10-28 10:17:30.857 | [GameAnalyzerEnd] EXTRACTOR         total:   2 alive:   2 dead:   0 
2022-10-28 10:17:30.858 | [GameAnalyzerEnd] QUEEN             total:   2 alive:   1 dead:   1 
2022-10-28 10:17:30.859 | [GameAnalyzerEnd] SPAWNINGPOOL      total:   1 alive:   1 dead:   0 
2022-10-28 10:17:30.859 | [GameAnalyzerEnd] ROACHWARREN       total:   1 alive:   1 dead:   0 
2022-10-28 10:17:30.860 | [GameAnalyzerEnd] Minerals max 585 Average 169
2022-10-28 10:17:30.861 | [GameAnalyzerEnd] Vespene max 239 Average 73
2022-10-28 10:17:30.862 | INFO     | sc2.main:_play_game:228 - Result for player 1 - Bot Turtles(Terran): Defeat
2022-10-28 10:17:33.081 | INFO     | sc2.protocol:__request:48 - Cannot receive: Game has already ended.
2022-10-28 10:17:33.083 | INFO     | sc2.sc2process:_close_connection:231 - Closing connection at 63038...
2022-10-28 10:17:33.084 | INFO     | sc2.sc2process:kill_all:33 - kill_switch: Process cleanup for 1 processes
