2022-10-24 11:14:45.832 | INFO     | sc2.protocol:_execute:72 - Client status changed to Status.launched (was None)
2022-10-24 11:14:45.834 | INFO     | sc2.controller:create_game:37 - Creating new game
2022-10-24 11:14:45.835 | INFO     | sc2.controller:create_game:38 - Map:     JagannathaAIE
2022-10-24 11:14:45.836 | INFO     | sc2.controller:create_game:39 - Players: Bot Turtles(Terran), Computer VeryHard(Random, RandomBuild)
2022-10-24 11:14:45.839 | INFO     | sc2.protocol:_execute:72 - Client status changed to Status.init_game (was Status.launched)
2022-10-24 11:14:55.621 | INFO     | sc2.protocol:_execute:72 - Client status changed to Status.in_game (was None)
2022-10-24 11:14:55.623 | INFO     | sc2.main:_play_game:221 - Player 1 - Bot Turtles(Terran)
2022-10-24 11:14:56.167 | 00:00    0ms    0M    0G  12/ 15U [Version] 5.0.10.88500
2022-10-24 11:14:56.168 | 00:00    0ms    0M    0G  12/ 15U [Version] 5.0.6 Balance mod recognized.
2022-10-24 11:14:56.237 | 00:00    0ms    0M    0G  12/ 15U [ZoneManager] Map set to: MapName.Jagannatha from name: Jagannatha AIE and hash: 3355197.
2022-10-24 11:14:56.877 | ERROR    | sc2.main:initialize_first_step:140 - Caught unknown exception in AI on_start: 'ProxyMarauder' object has no attribute 'orders'
Traceback (most recent call last):

  File "C:\Users\sword\OneDrive\Desktop\27turtles\run.py", line 18, in <module>
    main()
    └ <function main at 0x000002541B0E45E0>

  File "C:\Users\sword\OneDrive\Desktop\27turtles\run.py", line 13, in main
    result, opponentid = run_ladder_game(bot)
                         │               └ <sc2.player.Bot object at 0x000002541B0BBA90>
                         └ <function run_ladder_game at 0x00000254789392D0>

  File "C:\Users\sword\OneDrive\Desktop\27turtles\ladder.py", line 39, in run_ladder_game
    return stand_alone_game(bot), None
           │                └ <sc2.player.Bot object at 0x000002541B0BBA90>
           └ <function stand_alone_game at 0x00000254188795A0>

  File "C:\Users\sword\OneDrive\Desktop\27turtles\ladder.py", line 168, in stand_alone_game
    return sc2.main.run_game(sc2.maps.get(map_name), [bot, Computer(Race.Random, Difficulty.VeryHard)], realtime=False,)
           │   │    │        │   │    │   │           │    │        │    │       │          └ <Difficulty.VeryHard: 7>
           │   │    │        │   │    │   │           │    │        │    │       └ <enum 'Difficulty'>
           │   │    │        │   │    │   │           │    │        │    └ <Race.Random: 4>
           │   │    │        │   │    │   │           │    │        └ <enum 'Race'>
           │   │    │        │   │    │   │           │    └ <class 'sc2.player.Computer'>
           │   │    │        │   │    │   │           └ <sc2.player.Bot object at 0x000002541B0BBA90>
           │   │    │        │   │    │   └ 'JagannathaAIE'
           │   │    │        │   │    └ <function get at 0x0000025418928550>
           │   │    │        │   └ <module 'sc2.maps' from 'C:\\Users\\sword\\OneDrive\\Desktop\\27turtles\\sc2\\maps.py'>
           │   │    │        └ <module 'sc2' from 'C:\\Users\\sword\\OneDrive\\Desktop\\27turtles\\sc2\\__init__.py'>
           │   │    └ <function run_game at 0x0000025418A04E50>
           │   └ <module 'sc2.main' from 'C:\\Users\\sword\\OneDrive\\Desktop\\27turtles\\sc2\\main.py'>
           └ <module 'sc2' from 'C:\\Users\\sword\\OneDrive\\Desktop\\27turtles\\sc2\\__init__.py'>

  File "C:\Users\sword\OneDrive\Desktop\27turtles\sc2\main.py", line 496, in run_game
    result: Result = asyncio.run(_host_game(map_settings, players, **kwargs))
                     │       │   │          │             │          └ {'realtime': False}
                     │       │   │          │             └ [<sc2.player.Bot object at 0x000002541B0BBA90>, <sc2.player.Computer object at 0x000002541B0F1300>]
                     │       │   │          └ Map(C:\Program Files (x86)\StarCraft II\maps\JagannathaAIE.SC2Map)
                     │       │   └ <function _host_game at 0x0000025418A04A60>
                     │       └ <function run at 0x000002547A5ED7E0>
                     └ <module 'asyncio' from 'C:\\Users\\sword\\AppData\\Local\\Programs\\Python\\Python310\\lib\\asyncio\\__init__.py'>

  File "C:\Users\sword\AppData\Local\Programs\Python\Python310\lib\asyncio\runners.py", line 44, in run
    return loop.run_until_complete(main)
           │    │                  └ <coroutine object _host_game at 0x000002541B09EB90>
           │    └ <function BaseEventLoop.run_until_complete at 0x000002547A5EF1C0>
           └ <ProactorEventLoop running=True closed=False debug=False>

  File "C:\Users\sword\AppData\Local\Programs\Python\Python310\lib\asyncio\base_events.py", line 633, in run_until_complete
    self.run_forever()
    │    └ <function ProactorEventLoop.run_forever at 0x000002547A69BBE0>
    └ <ProactorEventLoop running=True closed=False debug=False>

  File "C:\Users\sword\AppData\Local\Programs\Python\Python310\lib\asyncio\windows_events.py", line 321, in run_forever
    super().run_forever()

  File "C:\Users\sword\AppData\Local\Programs\Python\Python310\lib\asyncio\base_events.py", line 600, in run_forever
    self._run_once()
    │    └ <function BaseEventLoop._run_once at 0x000002547A5F0CA0>
    └ <ProactorEventLoop running=True closed=False debug=False>

  File "C:\Users\sword\AppData\Local\Programs\Python\Python310\lib\asyncio\base_events.py", line 1896, in _run_once
    handle._run()
    │      └ <function Handle._run at 0x000002547A55C280>
    └ <Handle Task.task_wakeup(<Future finished result=None>)>

  File "C:\Users\sword\AppData\Local\Programs\Python\Python310\lib\asyncio\events.py", line 80, in _run
    self._context.run(self._callback, *self._args)
    │    │            │    │           │    └ <member '_args' of 'Handle' objects>
    │    │            │    │           └ <Handle Task.task_wakeup(<Future finished result=None>)>
    │    │            │    └ <member '_callback' of 'Handle' objects>
    │    │            └ <Handle Task.task_wakeup(<Future finished result=None>)>
    │    └ <member '_context' of 'Handle' objects>
    └ <Handle Task.task_wakeup(<Future finished result=None>)>

  File "C:\Users\sword\OneDrive\Desktop\27turtles\sc2\main.py", line 369, in _host_game
    result = await _play_game(players[0], client, realtime, portconfig, game_time_limit, rgb_render_config)
                   │          │           │       │         │           │                └ None
                   │          │           │       │         │           └ None
                   │          │           │       │         └ None
                   │          │           │       └ False
                   │          │           └ <sc2.client.Client object at 0x000002541B0F19C0>
                   │          └ [<sc2.player.Bot object at 0x000002541B0BBA90>, <sc2.player.Computer object at 0x000002541B0F1300>]
                   └ <function _play_game at 0x0000025418A048B0>

  File "C:\Users\sword\OneDrive\Desktop\27turtles\sc2\main.py", line 226, in _play_game
    result = await _play_game_ai(client, player_id, player.ai, realtime, game_time_limit)
                   │             │       │          │      │   │         └ None
                   │             │       │          │      │   └ False
                   │             │       │          │      └ <turtles.bot.Turtles object at 0x000002547A5E6C80>
                   │             │       │          └ <sc2.player.Bot object at 0x000002541B0BBA90>
                   │             │       └ 1
                   │             └ <sc2.client.Client object at 0x000002541B0F19C0>
                   └ <function _play_game_ai at 0x0000025418A04700>

  File "C:\Users\sword\OneDrive\Desktop\27turtles\sc2\main.py", line 145, in _play_game_ai
    result = await initialize_first_step()
                   └ <function _play_game_ai.<locals>.initialize_first_step at 0x000002541B0E4CA0>

> File "C:\Users\sword\OneDrive\Desktop\27turtles\sc2\main.py", line 136, in initialize_first_step
    await ai.on_start()
          │  └ <function KnowledgeBot.on_start at 0x000002541AFD4670>
          └ <turtles.bot.Turtles object at 0x000002547A5E6C80>

  File "C:\Users\sword\OneDrive\Desktop\27turtles\sharpy\knowledges\knowledge_bot.py", line 71, in on_start
    await self.knowledge.start()
          │    │         └ <function Knowledge.start at 0x0000025418A8B010>
          │    └ <sharpy.knowledges.knowledge.Knowledge object at 0x00000254785C6590>
          └ <turtles.bot.Turtles object at 0x000002547A5E6C80>

  File "C:\Users\sword\OneDrive\Desktop\27turtles\sharpy\knowledges\knowledge.py", line 151, in start
    await manager.post_start()
          │       └ <function ActManager.post_start at 0x00000254188BD000>
          └ <sharpy.managers.core.act_manager.ActManager object at 0x000002541B21BA60>

  File "C:\Users\sword\OneDrive\Desktop\27turtles\sharpy\managers\core\act_manager.py", line 29, in post_start
    await self.start_component(self._act, self.knowledge)
          │    │               │    │     │    └ <sharpy.knowledges.knowledge.Knowledge object at 0x00000254785C6590>
          │    │               │    │     └ <sharpy.managers.core.act_manager.ActManager object at 0x000002541B21BA60>
          │    │               │    └ <sharpy.plans.build_order.BuildOrder object at 0x000002541C9965F0>
          │    │               └ <sharpy.managers.core.act_manager.ActManager object at 0x000002541B21BA60>
          │    └ <function Component.start_component at 0x000002541887A0E0>
          └ <sharpy.managers.core.act_manager.ActManager object at 0x000002541B21BA60>

  File "C:\Users\sword\OneDrive\Desktop\27turtles\sharpy\general\component.py", line 77, in start_component
    await component.start(knowledge)
          │         │     └ <sharpy.knowledges.knowledge.Knowledge object at 0x00000254785C6590>
          │         └ <function BuildOrder.start at 0x000002541AFF71C0>
          └ <sharpy.plans.build_order.BuildOrder object at 0x000002541C9965F0>

  File "C:\Users\sword\OneDrive\Desktop\27turtles\sharpy\plans\build_order.py", line 285, in start
    await self.start_component(order, knowledge)
          │    │               │      └ <sharpy.knowledges.knowledge.Knowledge object at 0x00000254785C6590>
          │    │               └ <turtles.proxymarauders.ProxyMarauder object at 0x000002541C996560>
          │    └ <function Component.start_component at 0x000002541887A0E0>
          └ <sharpy.plans.build_order.BuildOrder object at 0x000002541C9965F0>

  File "C:\Users\sword\OneDrive\Desktop\27turtles\sharpy\general\component.py", line 77, in start_component
    await component.start(knowledge)
          │         │     └ <sharpy.knowledges.knowledge.Knowledge object at 0x00000254785C6590>
          │         └ <function ProxyMarauder.start at 0x000002541B0CB6D0>
          └ <turtles.proxymarauders.ProxyMarauder object at 0x000002541C996560>

  File "C:\Users\sword\OneDrive\Desktop\27turtles\turtles\proxymarauders.py", line 132, in start
    await super().start(knowledge)
                        └ <sharpy.knowledges.knowledge.Knowledge object at 0x00000254785C6590>

  File "C:\Users\sword\OneDrive\Desktop\27turtles\sharpy\plans\build_order.py", line 284, in start
    for order in self.orders:
                 └ <turtles.proxymarauders.ProxyMarauder object at 0x000002541C996560>

AttributeError: 'ProxyMarauder' object has no attribute 'orders'
2022-10-24 11:14:56.985 | ERROR    | sc2.main:initialize_first_step:141 - Resigning due to previous error
2022-10-24 11:14:56.987 | Result: Defeat
2022-10-24 11:14:56.987 | Duration: 00:00
2022-10-24 11:14:56.988 | Step time avg: 0
2022-10-24 11:14:56.988 | Step time max: 0
2022-10-24 11:14:56.989 | [LostUnitsContents] My lost units minerals and gas: (0, 0)
2022-10-24 11:14:56.994 | [LostUnitsContents] My lost units minerals by score: 0.0
2022-10-24 11:14:56.994 | [LostUnitsContents] Enemy lost units minerals and gas: (0, 0)
2022-10-24 11:14:56.995 | [LostUnitsContents] Enemy lost units minerals by score: 0.0
2022-10-24 11:14:56.997 | [GameAnalyzerEnd] Own units:
2022-10-24 11:14:56.997 | [GameAnalyzerEnd] Enemy units:
2022-10-24 11:14:56.998 | [GameAnalyzerEnd] Minerals max 0 Average 0
2022-10-24 11:14:56.999 | [GameAnalyzerEnd] Vespene max 0 Average 0
2022-10-24 11:14:56.999 | INFO     | sc2.main:_play_game:228 - Result for player 1 - Bot Turtles(Terran): Defeat
2022-10-24 11:14:57.938 | INFO     | sc2.protocol:_execute:72 - Client status changed to Status.launched (was Status.in_game)
2022-10-24 11:14:57.943 | INFO     | sc2.protocol:_execute:72 - Client status changed to Status.quit (was Status.launched)
2022-10-24 11:14:57.945 | INFO     | sc2.sc2process:_close_connection:231 - Closing connection at 59757...
2022-10-24 11:14:57.947 | INFO     | sc2.sc2process:kill_all:33 - kill_switch: Process cleanup for 1 processes
