2022-10-27 14:16:03.634 | INFO     | sc2.protocol:_execute:72 - Client status changed to Status.launched (was None)
2022-10-27 14:16:03.636 | INFO     | sc2.controller:create_game:37 - Creating new game
2022-10-27 14:16:03.637 | INFO     | sc2.controller:create_game:38 - Map:     JagannathaAIE
2022-10-27 14:16:03.639 | INFO     | sc2.controller:create_game:39 - Players: Bot Turtles(Terran), Computer VeryHard(Random, RandomBuild)
2022-10-27 14:16:03.641 | INFO     | sc2.protocol:_execute:72 - Client status changed to Status.init_game (was Status.launched)
2022-10-27 14:16:14.892 | INFO     | sc2.protocol:_execute:72 - Client status changed to Status.in_game (was None)
2022-10-27 14:16:14.895 | INFO     | sc2.main:_play_game:221 - Player 1 - Bot Turtles(Terran)
2022-10-27 14:16:15.440 | 00:00    0ms    0M    0G  12/ 15U [Version] 5.0.10.88500
2022-10-27 14:16:15.442 | 00:00    0ms    0M    0G  12/ 15U [Version] 5.0.6 Balance mod recognized.
2022-10-27 14:16:15.515 | 00:00    0ms    0M    0G  12/ 15U [ZoneManager] Map set to: MapName.Jagannatha from name: Jagannatha AIE and hash: 3355197.
2022-10-27 14:16:16.228 | [Start] My race: Terran
2022-10-27 14:16:16.229 | [Start] Opponent race: Random
2022-10-27 14:16:16.230 | [Start] OpponentId: None
2022-10-27 14:16:16.467 | 00:00    6ms    0M    0G  13/ 15U [GameAnalyzer] Income advantage is now SlightDisadvantage
2022-10-27 14:16:16.530 | 00:01    7ms    0M    0G  13/ 15U [GameAnalyzer] Income advantage is now Even
2022-10-27 14:16:17.086 | 00:06    7ms   35M    0G  13/ 15U [GameAnalyzer] Income advantage is now SlightDisadvantage
2022-10-27 14:16:17.106 | 00:06    8ms   35M    0G  13/ 15U [GameAnalyzer] Income advantage is now Even
2022-10-27 14:16:18.081 | 00:15    6ms    0M    0G  13/ 15U [ActUnit] SCV from COMMANDCENTER at (126.5, 151.5)
2022-10-27 14:16:19.311 | 00:25    9ms  120M    0G  14/ 15U [GameAnalyzer] Income advantage is now SlightDisadvantage
2022-10-27 14:16:19.337 | 00:26    8ms  135M    0G  14/ 15U [GameAnalyzer] Income advantage is now Even
2022-10-27 14:16:19.541 | 00:27    8ms  100M    0G  14/ 15U [ActUnit] SCV from COMMANDCENTER at (126.5, 151.5)
2022-10-27 14:16:20.188 | 00:30    8ms  140M    0G  15/ 15U [GameAnalyzer] Income advantage is now SlightDisadvantage
2022-10-27 14:16:20.210 | 00:31    8ms  150M    0G  15/ 15U [GameAnalyzer] Income advantage is now Even
2022-10-27 14:16:21.170 | 00:37    7ms   10M    0G  15/ 23U [BuildGas] Building REFINERY to (123.5, 158.5)
2022-10-27 14:16:21.645 | 00:41   12ms    0M    0G  15/ 23U [ActUnit] SCV from COMMANDCENTER at (126.5, 151.5)
2022-10-27 14:16:23.174 | 00:53    6ms  100M    0G  16/ 23U [ActUnit] SCV from COMMANDCENTER at (126.5, 151.5)
2022-10-27 14:16:24.677 | 01:05    6ms  190M    4G  17/ 23U [ActUnit] SCV from COMMANDCENTER at (126.5, 151.5)
2022-10-27 14:16:26.340 | 01:15   15ms  305M   28G  18/ 23U [GameAnalyzer] Income advantage is now SlightAdvantage
2022-10-27 14:16:26.377 | 01:15   17ms  310M   28G  18/ 23U [GameAnalyzer] Income advantage is now SmallAdvantage
2022-10-27 14:16:26.616 | 01:16   19ms  320M   28G  18/ 23U [GameAnalyzer] Income advantage is now SlightAdvantage
2022-10-27 14:16:26.732 | 01:16   20ms  320M   28G  18/ 23U [GameAnalyzer] Income advantage is now Even
2022-10-27 14:16:26.815 | 01:16   16ms  330M   32G  18/ 23U [GameAnalyzer] Income advantage is now SlightAdvantage
2022-10-27 14:16:26.848 | 01:16   16ms  330M   32G  18/ 23U [GameAnalyzer] Income advantage is now Even
2022-10-27 14:16:26.929 | 01:17    9ms  340M   32G  18/ 23U [GameAnalyzer] Predicted army advantage is now SlightDisadvantage
2022-10-27 14:16:26.988 | 01:17   11ms  340M   32G  18/ 23U [GameAnalyzer] Income advantage is now SlightAdvantage
2022-10-27 14:16:26.990 | 01:17   11ms  290M   32G  18/ 23U [ActUnit] SCV from COMMANDCENTER at (126.5, 151.5)
2022-10-27 14:16:27.045 | 01:18    9ms  295M   36G  19/ 23U [GameAnalyzer] Income advantage is now Even
2022-10-27 14:16:27.779 | 01:23   10ms  355M   48G  19/ 23U [GameAnalyzer] Income advantage is now SlightDisadvantage
2022-10-27 14:16:27.832 | 01:23   10ms  355M   48G  19/ 23U [GameAnalyzer] Income advantage is now Even
2022-10-27 14:16:27.892 | 01:23   11ms  365M   48G  19/ 23U [GameAnalyzer] Income advantage is now SlightDisadvantage
2022-10-27 14:16:27.979 | 01:24   12ms  380M   52G  19/ 23U [GameAnalyzer] Income advantage is now Even
2022-10-27 14:16:27.981 | 01:24   12ms  180M    2G  19/ 23U [TerranUnit] REAPER from BARRACKS at (121.5, 144.5)
2022-10-27 14:16:28.123 | 01:25   10ms  335M    2G  20/ 23U [GameAnalyzer] Income advantage is now SlightDisadvantage
2022-10-27 14:16:28.154 | 01:25   13ms  335M    2G  20/ 23U [GameAnalyzer] Income advantage is now Even
2022-10-27 14:16:28.593 | 01:28   11ms  375M   10G  20/ 23U [GameAnalyzer] Income advantage is now SlightDisadvantage
2022-10-27 14:16:28.650 | 01:28   10ms  380M   14G  20/ 23U [GameAnalyzer] Income advantage is now Even
2022-10-27 14:16:28.938 | 01:30   10ms  405M   18G  20/ 23U [BuildDetector] POSSIBLE RUSH: RoachRush.
2022-10-27 14:16:28.974 | 01:30   14ms  105M   18G  20/ 23U [GameAnalyzer] Income advantage is now SlightDisadvantage
2022-10-27 14:16:29.041 | 01:30   11ms   10M   18G  20/ 23U [GameAnalyzer] Income advantage is now Even
2022-10-27 14:16:29.114 | 01:30   10ms   10M   18G  20/ 23U [GameAnalyzer] Income advantage is now SlightDisadvantage
2022-10-27 14:16:29.147 | 01:31   12ms   15M   18G  20/ 23U [GameAnalyzer] Income advantage is now Even
2022-10-27 14:16:29.209 | 01:31   11ms   20M   22G  20/ 23U [GameAnalyzer] Income advantage is now SlightDisadvantage
2022-10-27 14:16:29.295 | 01:31   11ms   30M   22G  20/ 23U [GameAnalyzer] Income advantage is now Even
2022-10-27 14:16:29.327 | 01:32   12ms   30M   22G  20/ 23U [GameAnalyzer] Income advantage is now SlightDisadvantage
2022-10-27 14:16:29.355 | 01:32   14ms   35M   22G  20/ 23U [GameAnalyzer] Income advantage is now Even
2022-10-27 14:16:29.388 | 01:32   13ms   35M   22G  20/ 23U [GameAnalyzer] Income advantage is now SlightDisadvantage
2022-10-27 14:16:29.639 | 01:34   11ms   55M   26G  20/ 23U [GameAnalyzer] Income advantage is now Even
2022-10-27 14:16:29.678 | 01:34   14ms   55M   30G  20/ 23U [GameAnalyzer] Income advantage is now SlightDisadvantage
2022-10-27 14:16:29.783 | 01:34   10ms   60M   30G  20/ 23U [GameAnalyzer] Income advantage is now Even
2022-10-27 14:16:29.820 | 01:35   42ms   60M   30G  20/ 23U [GameAnalyzer] Income advantage is now SlightDisadvantage
2022-10-27 14:16:29.877 | 01:35   11ms   75M   30G  20/ 23U [GameAnalyzer] Income advantage is now Even
2022-10-27 14:16:29.979 | 01:36   12ms   75M   34G  20/ 23U [GameAnalyzer] Income advantage is now SlightDisadvantage
2022-10-27 14:16:30.066 | 01:36   12ms   80M   34G  20/ 23U [GameAnalyzer] Income advantage is now Even
2022-10-27 14:16:30.125 | 01:36   10ms   85M   34G  20/ 23U [GameAnalyzer] Income advantage is now SlightDisadvantage
2022-10-27 14:16:30.269 | 01:37   13ms   95M   38G  20/ 23U [GameAnalyzer] Income advantage is now Even
2022-10-27 14:16:30.296 | 01:37   12ms   95M   38G  20/ 23U [GameAnalyzer] Income advantage is now SlightDisadvantage
2022-10-27 14:16:30.359 | 01:38   12ms  100M   38G  20/ 23U [GameAnalyzer] Income advantage is now Even
2022-10-27 14:16:30.362 | 01:38   12ms  100M   38G  20/ 23U [BuildPosition] Building BUNKER to (112.5, 143.5)
2022-10-27 14:16:30.429 | 01:38   10ms    0M   38G  20/ 23U [GameAnalyzer] Income advantage is now SlightDisadvantage
2022-10-27 14:16:30.605 | 01:39   10ms   25M   42G  20/ 23U [GameAnalyzer] Income advantage is now Even
2022-10-27 14:16:30.635 | 01:39   14ms   25M   42G  20/ 23U [GameAnalyzer] Income advantage is now SlightDisadvantage
2022-10-27 14:16:30.726 | 01:40   12ms   30M   46G  20/ 23U [GameAnalyzer] Income advantage is now Even
2022-10-27 14:16:30.754 | 01:40   12ms   30M   46G  20/ 23U [GameAnalyzer] Income advantage is now SlightDisadvantage
2022-10-27 14:16:30.988 | 01:41   12ms   55M   50G  20/ 23U [GameAnalyzer] Income advantage is now Even
2022-10-27 14:16:31.019 | 01:42   12ms   55M   50G  20/ 23U [GameAnalyzer] Income advantage is now SlightDisadvantage
2022-10-27 14:16:31.134 | 01:42   11ms   55M   50G  20/ 23U [GameAnalyzer] Income advantage is now Even
2022-10-27 14:16:31.222 | 01:43   11ms   60M   54G  20/ 23U [GameAnalyzer] Income advantage is now SlightDisadvantage
2022-10-27 14:16:31.223 | 01:43   11ms   60M   54G  20/ 23U [GameAnalyzer] Predicted army advantage is now SmallDisadvantage
2022-10-27 14:16:31.415 | 01:44   12ms   85M   58G  20/ 23U [GameAnalyzer] Income advantage is now Even
2022-10-27 14:16:31.445 | 01:44   12ms   85M   58G  20/ 23U [GameAnalyzer] Income advantage is now SlightDisadvantage
2022-10-27 14:16:31.709 | 01:46   10ms  115M   62G  20/ 23U [GameAnalyzer] Income advantage is now Even
2022-10-27 14:16:31.768 | 01:46   12ms  115M   62G  20/ 23U [GameAnalyzer] Income advantage is now SlightDisadvantage
2022-10-27 14:16:31.880 | 01:47   11ms  115M   66G  20/ 23U [GameAnalyzer] Income advantage is now Even
2022-10-27 14:16:31.911 | 01:47   12ms  115M   66G  20/ 23U [GameAnalyzer] Income advantage is now SlightDisadvantage
2022-10-27 14:16:31.998 | 01:48   11ms  125M   66G  20/ 23U [GameAnalyzer] Income advantage is now Even
2022-10-27 14:16:32.084 | 01:48   11ms  135M   66G  20/ 23U [GameAnalyzer] Income advantage is now SlightDisadvantage
2022-10-27 14:16:32.199 | 01:49   12ms  145M   70G  20/ 23U [GameAnalyzer] Income advantage is now Even
2022-10-27 14:16:32.233 | 01:49   12ms  145M   70G  20/ 23U [GameAnalyzer] Income advantage is now SlightDisadvantage
2022-10-27 14:16:32.407 | 01:50   10ms  165M   74G  20/ 23U [GameAnalyzer] Income advantage is now Even
2022-10-27 14:16:32.471 | 01:51   12ms  165M   74G  20/ 23U [GameAnalyzer] Income advantage is now SlightDisadvantage
2022-10-27 14:16:32.529 | 01:51   11ms  175M   74G  20/ 23U [GameAnalyzer] Income advantage is now Even
2022-10-27 14:16:32.645 | 01:52   12ms  175M   78G  20/ 23U [GameAnalyzer] Income advantage is now SlightDisadvantage
2022-10-27 14:16:32.730 | 01:52   12ms  185M   78G  20/ 23U [GameAnalyzer] Income advantage is now Even
2022-10-27 14:16:32.818 | 01:53   12ms  190M   78G  20/ 23U [GameAnalyzer] Income advantage is now SlightDisadvantage
2022-10-27 14:16:33.108 | 01:55   11ms  225M   86G  20/ 23U [GameAnalyzer] Income advantage is now Even
2022-10-27 14:16:33.110 | 01:55   11ms  175M   86G  20/ 23U [ActUnit] SCV from COMMANDCENTER at (126.5, 151.5)
2022-10-27 14:16:33.167 | 01:55   14ms  175M   86G  21/ 23U [GameAnalyzer] Income advantage is now SlightDisadvantage
2022-10-27 14:16:33.372 | 01:56   13ms  185M   90G  21/ 23U [GameAnalyzer] Income advantage is now Even
2022-10-27 14:16:33.373 | 01:56   13ms  185M   90G  21/ 23U [GameAnalyzer] Known army advantage is now SlightAdvantage
2022-10-27 14:16:33.376 | 01:56   13ms  135M   90G  21/ 23U [TerranUnit] MARINE from BARRACKS at (121.5, 144.5)
2022-10-27 14:16:33.413 | 01:56   18ms  135M   90G  22/ 23U [GameAnalyzer] Income advantage is now SlightDisadvantage
2022-10-27 14:16:33.508 | 01:57   15ms  145M   90G  22/ 23U [GameAnalyzer] Income advantage is now Even
2022-10-27 14:16:33.544 | 01:57   15ms  145M   90G  22/ 23U [GameAnalyzer] Income advantage is now SlightDisadvantage
2022-10-27 14:16:33.680 | 01:58   16ms  150M   94G  22/ 31U [GameAnalyzer] Income advantage is now Even
2022-10-27 14:16:33.712 | 01:58   17ms  150M   94G  22/ 31U [GameAnalyzer] Income advantage is now SlightDisadvantage
2022-10-27 14:16:33.749 | 01:58   17ms  150M   94G  22/ 31U [GameAnalyzer] Income advantage is now Even
2022-10-27 14:16:33.781 | 01:58   18ms  150M   94G  22/ 31U [GameAnalyzer] Income advantage is now SlightDisadvantage
2022-10-27 14:16:33.850 | 01:58   15ms  160M   94G  22/ 31U [GameAnalyzer] Predicted army advantage is now ClearDisadvantage
2022-10-27 14:16:33.912 | 01:59   14ms  175M   94G  22/ 31U [GameAnalyzer] Income advantage is now Even
2022-10-27 14:16:33.976 | 01:59   16ms  180M   98G  22/ 31U [GameAnalyzer] Income advantage is now SlightDisadvantage
2022-10-27 14:16:34.111 | 02:00   13ms  185M   98G  22/ 31U [GameAnalyzer] Income advantage is now Even
2022-10-27 14:16:34.226 | 02:00   13ms  185M  102G  22/ 31U [GameAnalyzer] Income advantage is now SlightDisadvantage
2022-10-27 14:16:34.334 | 02:01   13ms   50M    2G  22/ 31U [GameAnalyzer] Income advantage is now Even
2022-10-27 14:16:34.475 | 02:02   13ms   55M    2G  22/ 31U [GameAnalyzer] Income advantage is now SlightDisadvantage
2022-10-27 14:16:34.605 | 02:02   15ms   60M    6G  22/ 31U [GameAnalyzer] Income advantage is now Even
2022-10-27 14:16:34.642 | 02:03   15ms   60M    6G  22/ 31U [GameAnalyzer] Income advantage is now SlightDisadvantage
2022-10-27 14:16:34.898 | 02:03   13ms    0M   10G  22/ 31U [BuildGas] Building REFINERY to (133.5, 148.5)
2022-10-27 14:16:35.104 | 02:04   13ms   45M   10G  22/ 31U [GameAnalyzer] Income advantage is now Even
2022-10-27 14:16:35.142 | 02:05   17ms   45M   10G  22/ 31U [GameAnalyzer] Income advantage is now SlightDisadvantage
2022-10-27 14:16:35.516 | 02:07   15ms   10M   18G  22/ 31U [ActUnit] SCV from COMMANDCENTER at (126.5, 151.5)
2022-10-27 14:16:35.609 | 02:07   15ms   15M   18G  23/ 31U [GameAnalyzer] Income advantage is now Even
2022-10-27 14:16:35.673 | 02:08   13ms   15M   18G  23/ 31U [GameAnalyzer] Income advantage is now SlightDisadvantage
2022-10-27 14:16:35.774 | 02:08   13ms   25M   18G  23/ 31U [GameAnalyzer] Income advantage is now Even
2022-10-27 14:16:35.928 | 02:09   14ms   30M   22G  23/ 31U [GameAnalyzer] Income advantage is now SlightDisadvantage
2022-10-27 14:16:35.961 | 02:09   14ms   35M   22G  23/ 31U [GameAnalyzer] Income advantage is now Even
2022-10-27 14:16:36.117 | 02:10   13ms   45M   26G  23/ 31U [GameAnalyzer] Income advantage is now SlightDisadvantage
2022-10-27 14:16:36.214 | 02:11   13ms   80M   26G  23/ 31U [GameAnalyzer] Income advantage is now Even
2022-10-27 14:16:36.247 | 02:11   15ms   80M   26G  23/ 31U [GameAnalyzer] Income advantage is now SlightDisadvantage
2022-10-27 14:16:36.279 | 02:11   17ms   85M   26G  23/ 31U [GameAnalyzer] Income advantage is now Even
2022-10-27 14:16:36.309 | 02:11   14ms   85M   26G  23/ 31U [GameAnalyzer] Income advantage is now SlightDisadvantage
2022-10-27 14:16:36.343 | 02:11   14ms   90M   26G  23/ 31U [GameAnalyzer] Income advantage is now Even
2022-10-27 14:16:36.466 | 02:12   15ms   95M   30G  23/ 31U [GameAnalyzer] Income advantage is now SlightDisadvantage
2022-10-27 14:16:36.497 | 02:12   15ms  100M   30G  23/ 31U [GameAnalyzer] Income advantage is now Even
2022-10-27 14:16:36.561 | 02:13   15ms  100M   30G  23/ 31U [GameAnalyzer] Income advantage is now SlightDisadvantage
2022-10-27 14:16:36.681 | 02:13   13ms  115M   34G  23/ 31U [GameAnalyzer] Income advantage is now Even
2022-10-27 14:16:36.780 | 02:14   13ms  115M   34G  23/ 31U [GameAnalyzer] Income advantage is now SlightDisadvantage
2022-10-27 14:16:36.782 | 02:14   13ms   65M   34G  23/ 31U [TerranUnit] MARINE from BARRACKS at (121.5, 144.5)
2022-10-27 14:16:36.848 | 02:14   15ms   75M   34G  24/ 31U [GameAnalyzer] Income advantage is now Even
2022-10-27 14:16:36.886 | 02:14   19ms   75M   34G  24/ 31U [GameAnalyzer] Income advantage is now SlightDisadvantage
2022-10-27 14:16:36.922 | 02:15   15ms   80M   34G  24/ 31U [GameAnalyzer] Income advantage is now Even
2022-10-27 14:16:36.986 | 02:15   13ms   80M   38G  24/ 31U [GameAnalyzer] Income advantage is now SlightDisadvantage
2022-10-27 14:16:37.133 | 02:15   30ms   90M   38G  24/ 31U [GameAnalyzer] Income advantage is now Even
2022-10-27 14:16:37.201 | 02:16   38ms   90M   38G  24/ 31U [GameAnalyzer] Income advantage is now SlightDisadvantage
2022-10-27 14:16:37.406 | 02:17   13ms  115M   42G  24/ 31U [GameAnalyzer] Income advantage is now Even
2022-10-27 14:16:37.474 | 02:17   13ms  120M   42G  24/ 31U [GameAnalyzer] Income advantage is now SlightDisadvantage
2022-10-27 14:16:37.477 | 02:17   13ms   70M   42G  24/ 31U [TerranUnit] MARINE from BARRACKS at (130.5, 159.5)
2022-10-27 14:16:37.641 | 02:18   15ms  100M   46G  25/ 31U [GameAnalyzer] Income advantage is now Even
2022-10-27 14:16:37.842 | 02:19   20ms  105M   46G  25/ 31U [GameAnalyzer] Income advantage is now SlightDisadvantage
2022-10-27 14:16:37.864 | 02:19   20ms   55M   46G  25/ 31U [ActUnit] SCV from COMMANDCENTER at (126.5, 151.5)
2022-10-27 14:16:37.952 | 02:19   16ms   70M   50G  26/ 31U [GameAnalyzer] Income advantage is now Even
2022-10-27 14:16:38.121 | 02:20   16ms   75M   50G  26/ 31U [GameAnalyzer] Income advantage is now SlightDisadvantage
2022-10-27 14:16:38.160 | 02:20   15ms   80M   50G  26/ 31U [GameAnalyzer] Income advantage is now Even
2022-10-27 14:16:38.301 | 02:21   14ms   85M   54G  26/ 31U [GameAnalyzer] Income advantage is now SlightDisadvantage
2022-10-27 14:16:38.396 | 02:21   13ms  110M   54G  26/ 31U [GameAnalyzer] Income advantage is now Even
2022-10-27 14:16:38.459 | 02:22   13ms  110M   54G  26/ 31U [GameAnalyzer] Income advantage is now SlightDisadvantage
2022-10-27 14:16:38.637 | 02:23   14ms  115M   58G  26/ 31U [GameAnalyzer] Income advantage is now Even
2022-10-27 14:16:39.200 | 02:26   12ms  175M   66G  26/ 31U [GameAnalyzer] Income advantage is now SlightDisadvantage
2022-10-27 14:16:39.236 | 02:26   16ms  180M   66G  26/ 31U [GameAnalyzer] Income advantage is now Even
2022-10-27 14:16:39.758 | 02:29   15ms  220M   74G  26/ 31U [GameAnalyzer] Income advantage is now SlightDisadvantage
2022-10-27 14:16:39.828 | 02:29   13ms  225M   74G  26/ 31U [GameAnalyzer] Income advantage is now Even
2022-10-27 14:16:39.987 | 02:30   12ms  235M   78G  26/ 31U [GameAnalyzer] Income advantage is now SlightDisadvantage
2022-10-27 14:16:40.058 | 02:30   14ms  240M   78G  26/ 31U [GameAnalyzer] Income advantage is now Even
2022-10-27 14:16:40.188 | 02:31   12ms  195M   82G  26/ 31U [ActUnit] SCV from COMMANDCENTER at (126.5, 151.5)
2022-10-27 14:16:40.326 | 02:32   13ms  180M   90G  27/ 31U [TerranUnit] MARINE from BARRACKS at (121.5, 144.5)
2022-10-27 14:16:40.796 | 02:34   16ms  205M   94G  28/ 31U [GameAnalyzer] Known army advantage is now Even
2022-10-27 14:16:40.944 | 02:35   13ms  220M   98G  28/ 31U [GameAnalyzer] Known army advantage is now SlightDisadvantage
2022-10-27 14:16:40.981 | 02:35   15ms  170M  102G  28/ 31U [TerranUnit] MARINE from BARRACKS at (130.5, 159.5)
2022-10-27 14:16:41.026 | 02:35   16ms  170M  102G  29/ 31U [GameAnalyzer] Income advantage is now SlightDisadvantage
2022-10-27 14:16:41.061 | 02:35   15ms  175M  102G  29/ 31U [GameAnalyzer] Income advantage is now Even
2022-10-27 14:16:41.500 | 02:37   13ms  195M  110G  29/ 31U [GameAnalyzer] Income advantage is now SlightDisadvantage
2022-10-27 14:16:41.538 | 02:37   17ms  200M  110G  29/ 31U [GameAnalyzer] Income advantage is now Even
2022-10-27 14:16:42.074 | 02:40   15ms  265M  122G  28/ 31U [GameAnalyzer] Predicted army advantage is now SmallDisadvantage
2022-10-27 14:16:42.738 | 02:43   15ms  250M  138G  28/ 31U [ActUnit] SCV from COMMANDCENTER at (126.5, 151.5)
2022-10-27 14:16:42.948 | 02:44   15ms  270M  142G  29/ 31U [BuildAddon] UnitTypeId.FACTORYREACTOR to (119.0, 149.0)
2022-10-27 14:16:44.015 | 02:50   13ms  310M  120G  28/ 31U [BuildAddon] UnitTypeId.BARRACKSREACTOR to (124.0, 144.0)
2022-10-27 14:16:44.175 | 02:50   15ms  275M   74G  28/ 31U [GameAnalyzer] Predicted army advantage is now ClearDisadvantage
2022-10-27 14:16:44.608 | 02:53   13ms  345M   86G  28/ 31U [BuildAddon] UnitTypeId.BARRACKSTECHLAB to (133.0, 159.0)
2022-10-27 14:16:45.078 | 02:55   12ms  285M   77G  28/ 31U [ActUnit] SCV from COMMANDCENTER at (126.5, 151.5)
2022-10-27 14:16:47.374 | 03:07   12ms  215M   41G  29/ 31U [ActUnit] SCV from COMMANDCENTER at (126.5, 151.5)
2022-10-27 14:16:48.446 | 03:13   15ms  155M   69G  30/ 31U [TerranUnit] MARINE from BARRACKS at (130.5, 159.5)
2022-10-27 14:16:49.684 | 03:20   15ms  260M  101G  31/ 31U [Tech] Started STIMPACK
2022-10-27 14:16:50.008 | 03:21   14ms  210M    9G  31/ 31U [GameAnalyzer] Predicted army advantage is now OverwhelmingDisadvantage
2022-10-27 14:16:51.184 | 03:27   13ms  240M   41G  31/ 39U [ActUnit] SCV from COMMANDCENTER at (126.5, 151.5)
2022-10-27 14:16:51.186 | 03:27   13ms  190M   41G  31/ 39U [TerranUnit] MARINE from BARRACKS at (121.5, 144.5)
2022-10-27 14:16:51.226 | 03:27   15ms   40M   41G  33/ 39U [TerranUnit] MARINE from BARRACKS at (121.5, 144.5)
2022-10-27 14:16:52.314 | 03:33   14ms  110M   73G  34/ 39U [TerranUnit] MARINE from BARRACKS at (130.5, 159.5)
2022-10-27 14:16:52.317 | 03:33   14ms   35M   48G  34/ 39U [TerranUnit] WIDOWMINE from FACTORY at (116.5, 149.5)
2022-10-27 14:16:52.831 | 03:36   14ms    0M   39G  37/ 47U [TerranUnit] WIDOWMINE from FACTORY at (116.5, 149.5)
2022-10-27 14:16:53.548 | 03:39   15ms   35M   55G  39/ 47U [ActUnit] SCV from COMMANDCENTER at (126.5, 151.5)
2022-10-27 14:16:56.158 | 03:51   16ms  275M  119G  40/ 55U [GameAnalyzer] Known army advantage is now Even
2022-10-27 14:16:56.283 | 03:51   17ms  230M  123G  40/ 55U [ActUnit] SCV from COMMANDCENTER at (126.5, 151.5)
2022-10-27 14:16:56.967 | 03:55   16ms  280M  139G  41/ 55U [GameAnalyzer] Known army advantage is now SmallAdvantage
2022-10-27 14:16:57.624 | 03:57   17ms  360M  155G  41/ 55U [GameAnalyzer] Income advantage is now SlightAdvantage
2022-10-27 14:16:57.671 | 03:58   20ms  360M  155G  41/ 55U [GameAnalyzer] Income advantage is now Even
2022-10-27 14:16:58.198 | 04:00   16ms  400M  167G  41/ 55U [Expand] Expanding to (98.5, 151.5)
2022-10-27 14:16:58.889 | 04:03   15ms    0M  183G  41/ 55U [TerranUnit] MARINE from BARRACKS at (121.5, 144.5)
2022-10-27 14:16:59.448 | 04:05   17ms   15M  195G  42/ 55U [ActUnit] SCV from COMMANDCENTER at (126.5, 151.5)
2022-10-27 14:16:59.844 | 04:07   15ms    0M  207G  43/ 55U [TerranUnit] MARINE from BARRACKS at (130.5, 159.5)
2022-10-27 14:17:00.594 | 04:10   16ms   10M  223G  44/ 55U [TerranUnit] MARINE from BARRACKS at (121.5, 144.5)
2022-10-27 14:17:01.576 | 04:15   14ms    5M  247G  45/ 55U [GameAnalyzer] Income advantage is now SmallAdvantage
2022-10-27 14:17:01.899 | 04:16   15ms   30M  255G  45/ 55U [GameAnalyzer] Income advantage is now SlightAdvantage
2022-10-27 14:17:01.940 | 04:16   18ms   35M  255G  45/ 55U [GameAnalyzer] Income advantage is now SmallAdvantage
2022-10-27 14:17:02.213 | 04:17   17ms    0M  263G  45/ 55U [ActUnit] SCV from COMMANDCENTER at (126.5, 151.5)
2022-10-27 14:17:02.431 | 04:18   18ms   40M  267G  46/ 55U [GameAnalyzer] Known army advantage is now SmallDisadvantage
2022-10-27 14:17:02.592 | 04:19   17ms   50M  271G  45/ 55U [BuildAddon] UnitTypeId.FACTORYTECHLAB to (117.0, 152.0)
2022-10-27 14:17:02.863 | 04:20   18ms   20M  250G  44/ 55U [GameAnalyzer] Known army advantage is now ClearDisadvantage
2022-10-27 14:17:02.963 | 04:20   19ms   25M  254G  44/ 55U [GameAnalyzer] Income advantage is now SlightAdvantage
2022-10-27 14:17:03.007 | 04:20   18ms   30M  254G  44/ 55U [GameAnalyzer] Income advantage is now SmallAdvantage
2022-10-27 14:17:03.051 | 04:20   19ms   35M  254G  44/ 55U [GameAnalyzer] Known army advantage is now SmallDisadvantage
2022-10-27 14:17:03.229 | 04:21   20ms   45M  258G  43/ 55U [GameAnalyzer] Known army advantage is now ClearDisadvantage
2022-10-27 14:17:03.280 | 04:21   19ms    0M  258G  43/ 55U [TerranUnit] MARINE from BARRACKS at (121.5, 144.5)
2022-10-27 14:17:04.114 | 04:25   17ms   50M  278G  42/ 55U [GameAnalyzer] Income advantage is now SlightAdvantage
2022-10-27 14:17:04.156 | 04:25   19ms   50M  278G  42/ 55U [GameAnalyzer] Income advantage is now SmallAdvantage
2022-10-27 14:17:04.160 | 04:25   19ms    0M  278G  42/ 55U [TerranUnit] MARINE from BARRACKS at (130.5, 159.5)
2022-10-27 14:17:04.991 | 04:28   18ms   30M  294G  41/ 55U [TerranUnit] MARINE from BARRACKS at (121.5, 144.5)
2022-10-27 14:17:05.347 | 04:29   15ms   10M  302G  39/ 55U [ActUnit] SCV from COMMANDCENTER at (126.5, 151.5)
2022-10-27 14:17:05.400 | 04:30   18ms   10M  306G  39/ 55U [Building continue] UnitTypeId.COMMANDCENTER (98.5, 151.5)
2022-10-27 14:17:05.440 | 04:30   20ms   10M  306G  39/ 55U [Building continue] UnitTypeId.COMMANDCENTER (98.5, 151.5)
2022-10-27 14:17:05.485 | 04:30   17ms   15M  306G  39/ 55U [Building continue] UnitTypeId.COMMANDCENTER (98.5, 151.5)
2022-10-27 14:17:05.526 | 04:30   19ms   20M  306G  39/ 55U [Building continue] UnitTypeId.COMMANDCENTER (98.5, 151.5)
2022-10-27 14:17:05.578 | 04:30   19ms   25M  310G  39/ 55U [Building continue] UnitTypeId.COMMANDCENTER (98.5, 151.5)
2022-10-27 14:17:05.619 | 04:30   17ms   30M  310G  39/ 55U [Building continue] UnitTypeId.COMMANDCENTER (98.5, 151.5)
2022-10-27 14:17:05.674 | 04:31   18ms   30M  310G  39/ 55U [Building continue] UnitTypeId.COMMANDCENTER (98.5, 151.5)
2022-10-27 14:17:05.721 | 04:31   21ms   30M  310G  39/ 55U [Building continue] UnitTypeId.COMMANDCENTER (98.5, 151.5)
2022-10-27 14:17:05.767 | 04:31   18ms   35M  314G  39/ 55U [Building continue] UnitTypeId.COMMANDCENTER (98.5, 151.5)
2022-10-27 14:17:05.811 | 04:31   18ms   45M  314G  39/ 55U [Building continue] UnitTypeId.COMMANDCENTER (98.5, 151.5)
2022-10-27 14:17:05.856 | 04:31   19ms   45M  314G  39/ 55U [Building continue] UnitTypeId.COMMANDCENTER (98.5, 151.5)
2022-10-27 14:17:05.898 | 04:31   18ms   45M  314G  39/ 55U [Building continue] UnitTypeId.COMMANDCENTER (98.5, 151.5)
2022-10-27 14:17:05.948 | 04:32   18ms   45M  318G  39/ 55U [Building continue] UnitTypeId.COMMANDCENTER (98.5, 151.5)
2022-10-27 14:17:05.990 | 04:32   20ms   50M  318G  39/ 55U [Building continue] UnitTypeId.COMMANDCENTER (98.5, 151.5)
2022-10-27 14:17:06.039 | 04:32   19ms   55M  318G  39/ 55U [Building continue] UnitTypeId.COMMANDCENTER (98.5, 151.5)
2022-10-27 14:17:06.087 | 04:32   19ms   55M  318G  39/ 55U [Building continue] UnitTypeId.COMMANDCENTER (98.5, 151.5)
2022-10-27 14:17:06.135 | 04:32   20ms   60M  318G  39/ 55U [Building continue] UnitTypeId.COMMANDCENTER (98.5, 151.5)
2022-10-27 14:17:06.176 | 04:33   18ms   60M  322G  39/ 55U [Building continue] UnitTypeId.COMMANDCENTER (98.5, 151.5)
2022-10-27 14:17:06.225 | 04:33   19ms   60M  322G  39/ 55U [Building continue] UnitTypeId.COMMANDCENTER (98.5, 151.5)
2022-10-27 14:17:06.270 | 04:33   20ms   90M  322G  39/ 55U [Building continue] UnitTypeId.COMMANDCENTER (98.5, 151.5)
2022-10-27 14:17:06.315 | 04:33   18ms   95M  326G  39/ 55U [Building continue] UnitTypeId.COMMANDCENTER (98.5, 151.5)
2022-10-27 14:17:06.355 | 04:33   18ms    0M  226G  39/ 55U [TerranUnit] MEDIVAC from STARPORT at (116.5, 149.5)
2022-10-27 14:17:06.356 | 04:33   18ms    0M  226G  39/ 55U [Building continue] UnitTypeId.COMMANDCENTER (98.5, 151.5)
2022-10-27 14:17:06.401 | 04:33   21ms    0M  226G  41/ 55U [Building continue] UnitTypeId.COMMANDCENTER (98.5, 151.5)
2022-10-27 14:17:06.447 | 04:34   20ms    5M  226G  41/ 55U [Building continue] UnitTypeId.COMMANDCENTER (98.5, 151.5)
2022-10-27 14:17:06.496 | 04:34   19ms    5M  226G  41/ 55U [Building continue] UnitTypeId.COMMANDCENTER (98.5, 151.5)
2022-10-27 14:17:06.538 | 04:34   20ms   15M  230G  41/ 55U [Building continue] UnitTypeId.COMMANDCENTER (98.5, 151.5)
2022-10-27 14:17:06.589 | 04:34   19ms   20M  230G  41/ 55U [Building continue] UnitTypeId.COMMANDCENTER (98.5, 151.5)
2022-10-27 14:17:06.631 | 04:34   18ms   20M  230G  41/ 55U [Building continue] UnitTypeId.COMMANDCENTER (98.5, 151.5)
2022-10-27 14:17:06.677 | 04:35   20ms   20M  230G  40/ 55U [Building continue] UnitTypeId.COMMANDCENTER (98.5, 151.5)
2022-10-27 14:17:06.717 | 04:35   19ms   25M  234G  40/ 55U [Building continue] UnitTypeId.COMMANDCENTER (98.5, 151.5)
2022-10-27 14:17:06.767 | 04:35   18ms   25M  234G  40/ 55U [Building continue] UnitTypeId.COMMANDCENTER (98.5, 151.5)
2022-10-27 14:17:06.804 | 04:35   19ms   30M  234G  40/ 55U [Building continue] UnitTypeId.COMMANDCENTER (98.5, 151.5)
2022-10-27 14:17:06.846 | 04:35   18ms   40M  234G  40/ 55U [Building continue] UnitTypeId.COMMANDCENTER (98.5, 151.5)
2022-10-27 14:17:06.887 | 04:35   18ms   40M  238G  40/ 55U [Building continue] UnitTypeId.COMMANDCENTER (98.5, 151.5)
2022-10-27 14:17:06.928 | 04:36   19ms   40M  238G  40/ 55U [Building continue] UnitTypeId.COMMANDCENTER (98.5, 151.5)
2022-10-27 14:17:06.974 | 04:36   18ms   45M  238G  40/ 55U [Building continue] UnitTypeId.COMMANDCENTER (98.5, 151.5)
2022-10-27 14:17:07.024 | 04:36   18ms   45M  238G  40/ 55U [GameAnalyzer] Income advantage is now SlightAdvantage
2022-10-27 14:17:07.027 | 04:36   18ms   45M  238G  40/ 55U [Building continue] UnitTypeId.COMMANDCENTER (98.5, 151.5)
2022-10-27 14:17:07.068 | 04:36   21ms   55M  242G  39/ 55U [Building continue] UnitTypeId.COMMANDCENTER (98.5, 151.5)
2022-10-27 14:17:07.105 | 04:36   15ms   60M  242G  39/ 55U [GameAnalyzer] Income advantage is now SmallAdvantage
2022-10-27 14:17:07.108 | 04:36   15ms   60M  242G  39/ 55U [Building continue] UnitTypeId.COMMANDCENTER (98.5, 151.5)
2022-10-27 14:17:07.146 | 04:36   17ms   60M  242G  39/ 55U [Building continue] UnitTypeId.COMMANDCENTER (98.5, 151.5)
2022-10-27 14:17:07.186 | 04:37   17ms   65M  242G  39/ 55U [Building continue] UnitTypeId.COMMANDCENTER (98.5, 151.5)
2022-10-27 14:17:07.222 | 04:37   16ms   65M  246G  39/ 55U [Building continue] UnitTypeId.COMMANDCENTER (98.5, 151.5)
2022-10-27 14:17:07.267 | 04:37   15ms   65M  246G  39/ 55U [Building continue] UnitTypeId.COMMANDCENTER (98.5, 151.5)
2022-10-27 14:17:07.306 | 04:37   18ms   65M  246G  39/ 55U [GameAnalyzer] Income advantage is now SlightAdvantage
2022-10-27 14:17:07.309 | 04:37   18ms   65M  246G  39/ 55U [Building continue] UnitTypeId.COMMANDCENTER (98.5, 151.5)
2022-10-27 14:17:07.349 | 04:37   17ms   75M  246G  39/ 55U [GameAnalyzer] Income advantage is now SmallAdvantage
2022-10-27 14:17:07.351 | 04:37   17ms   75M  246G  39/ 55U [Building continue] UnitTypeId.COMMANDCENTER (98.5, 151.5)
2022-10-27 14:17:07.390 | 04:38   17ms   75M  250G  39/ 55U [Building continue] UnitTypeId.COMMANDCENTER (98.5, 151.5)
2022-10-27 14:17:07.435 | 04:38   17ms   75M  250G  39/ 55U [Building continue] UnitTypeId.COMMANDCENTER (98.5, 151.5)
2022-10-27 14:17:07.476 | 04:38   16ms   75M  250G  39/ 55U [Building continue] UnitTypeId.COMMANDCENTER (98.5, 151.5)
2022-10-27 14:17:07.526 | 04:38   19ms   85M  250G  39/ 55U [Building continue] UnitTypeId.COMMANDCENTER (98.5, 151.5)
2022-10-27 14:17:07.566 | 04:38   17ms    0M  154G  39/ 55U [TerranUnit] MEDIVAC from STARPORT at (116.5, 149.5)
2022-10-27 14:17:07.567 | 04:38   17ms    0M  154G  39/ 55U [Building continue] UnitTypeId.COMMANDCENTER (98.5, 151.5)
2022-10-27 14:17:07.617 | 04:38   17ms    0M  154G  41/ 55U [Building continue] UnitTypeId.COMMANDCENTER (98.5, 151.5)
2022-10-27 14:17:07.665 | 04:39   17ms    0M  154G  41/ 55U [Building continue] UnitTypeId.COMMANDCENTER (98.5, 151.5)
2022-10-27 14:17:07.709 | 04:39   18ms    0M  154G  41/ 55U [Building continue] UnitTypeId.COMMANDCENTER (98.5, 151.5)
2022-10-27 14:17:07.751 | 04:39   17ms    5M  154G  41/ 55U [Building continue] UnitTypeId.COMMANDCENTER (98.5, 151.5)
2022-10-27 14:17:07.809 | 04:39   16ms    5M  158G  41/ 55U [Building continue] UnitTypeId.COMMANDCENTER (98.5, 151.5)
2022-10-27 14:17:07.850 | 04:39   20ms    5M  158G  41/ 55U [Building continue] UnitTypeId.COMMANDCENTER (98.5, 151.5)
2022-10-27 14:17:07.904 | 04:40   18ms    5M  158G  41/ 55U [Building continue] UnitTypeId.COMMANDCENTER (98.5, 151.5)
2022-10-27 14:17:07.946 | 04:40   19ms   10M  158G  41/ 55U [Building continue] UnitTypeId.COMMANDCENTER (98.5, 151.5)
2022-10-27 14:17:07.993 | 04:40   20ms   10M  162G  41/ 55U [Building continue] UnitTypeId.COMMANDCENTER (98.5, 151.5)
2022-10-27 14:17:08.033 | 04:40   19ms   45M  162G  41/ 55U [Building continue] UnitTypeId.COMMANDCENTER (98.5, 151.5)
2022-10-27 14:17:08.087 | 04:40   18ms   45M  162G  41/ 55U [Building continue] UnitTypeId.COMMANDCENTER (98.5, 151.5)
2022-10-27 14:17:08.141 | 04:40   20ms   45M  162G  41/ 55U [Building continue] UnitTypeId.COMMANDCENTER (98.5, 151.5)
2022-10-27 14:17:08.199 | 04:41   19ms   45M  166G  41/ 55U [Building continue] UnitTypeId.COMMANDCENTER (98.5, 151.5)
2022-10-27 14:17:08.246 | 04:41   19ms    5M  166G  41/ 55U [TerranUnit] MARINE from BARRACKS at (121.5, 144.5)
2022-10-27 14:17:08.248 | 04:41   19ms    5M  166G  41/ 55U [Building continue] UnitTypeId.COMMANDCENTER (98.5, 151.5)
2022-10-27 14:17:08.839 | 04:43   18ms    5M  174G  41/ 63U [ActUnit] SCV from COMMANDCENTER at (126.5, 151.5)
2022-10-27 14:17:09.052 | 04:44   17ms    5M  182G  42/ 63U [GameAnalyzer] Known army advantage is now OverwhelmingDisadvantage
2022-10-27 14:17:09.506 | 04:46   19ms   38M  190G  41/ 63U [GameAnalyzer] Income advantage is now SlightAdvantage
2022-10-27 14:17:09.650 | 04:46   19ms   48M  190G  41/ 63U [GameAnalyzer] Income advantage is now SmallAdvantage
2022-10-27 14:17:09.697 | 04:46   18ms    3M  194G  41/ 63U [TerranUnit] MARINE from BARRACKS at (130.5, 159.5)
2022-10-27 14:17:10.256 | 04:49   18ms    8M  202G  41/ 63U [TerranUnit] MARINE from BARRACKS at (121.5, 144.5)
2022-10-27 14:17:10.402 | 04:49   20ms   18M  206G  42/ 63U [GameAnalyzer] Known army advantage is now ClearDisadvantage
2022-10-27 14:17:11.957 | 04:55   16ms   78M  242G  38/ 63U [ActUnit] SCV from COMMANDCENTER at (126.5, 151.5)
2022-10-27 14:17:12.208 | 04:56   16ms  108M  242G  39/ 63U [BuildPosition] Building BUNKER to (112.5, 143.5)
2022-10-27 14:17:12.588 | 04:58   16ms  123M  254G  37/ 63U [GameAnalyzer] Income advantage is now SlightAdvantage
2022-10-27 14:17:12.671 | 04:58   15ms  138M  258G  37/ 63U [GameAnalyzer] Income advantage is now SmallAdvantage
2022-10-27 14:17:12.753 | 04:59   17ms   93M  258G  37/ 63U [TerranUnit] MARINE from BARRACKS at (121.5, 144.5)
2022-10-27 14:17:13.090 | 05:00   15ms  103M  266G  37/ 63U [Tech] Started SHIELDWALL
2022-10-27 14:17:13.263 | 05:01   21ms   18M  166G  37/ 63U [GameAnalyzer] Income advantage is now SlightDisadvantage
2022-10-27 14:17:13.745 | 05:03   21ms   43M  178G  36/ 63U [GameAnalyzer] Income advantage is now Even
2022-10-27 14:17:13.936 | 05:03   17ms   43M  178G  35/ 63U [GameAnalyzer] Known army advantage is now Even
2022-10-27 14:17:13.937 | 05:03   17ms   43M  178G  35/ 63U [GameAnalyzer] Predicted army advantage is now Even
2022-10-27 14:17:14.473 | 05:05   19ms   42M  178G  33/ 63U [GameAnalyzer] Income advantage is now SlightDisadvantage
2022-10-27 14:17:14.666 | 05:06   19ms   47M  178G  32/ 63U [GameAnalyzer] Income advantage is now Even
2022-10-27 14:17:14.816 | 05:06   18ms   47M  178G  32/ 63U [GameAnalyzer] Income advantage is now SlightDisadvantage
2022-10-27 14:17:14.861 | 05:07   21ms   47M  178G  32/ 63U [GameAnalyzer] Income advantage is now Even
2022-10-27 14:17:15.223 | 05:08   18ms    2M  178G  30/ 63U [ActUnit] SCV from COMMANDCENTER at (126.5, 151.5)
2022-10-27 14:17:16.065 | 05:11   17ms   25M  178G  29/ 63U [GameAnalyzer] Income advantage is now SlightDisadvantage
2022-10-27 14:17:16.118 | 05:11   18ms   25M  178G  29/ 63U [GameAnalyzer] Income advantage is now Even
2022-10-27 14:17:16.279 | INFO     | sc2.protocol:_execute:72 - Client status changed to Status.ended (was Status.in_game)
2022-10-27 14:17:16.282 | Result: Defeat
2022-10-27 14:17:16.283 | Duration: 05:11
2022-10-27 14:17:16.284 | Step time min: 6
2022-10-27 14:17:16.285 | Step time avg: 13
2022-10-27 14:17:16.285 | Step time max: 126
2022-10-27 14:17:16.286 | [LostUnitsContents] My lost units minerals and gas: (1750, 100)
2022-10-27 14:17:16.287 | [LostUnitsContents] My lost units minerals by score: 1755.0
2022-10-27 14:17:16.288 | [LostUnitsContents] Enemy lost units minerals and gas: (500, 125)
2022-10-27 14:17:16.288 | [LostUnitsContents] Enemy lost units minerals by score: 500.0
2022-10-27 14:17:16.289 | [GameAnalyzerEnd] Own units:
2022-10-27 14:17:16.290 | [GameAnalyzerEnd] SCV               total:  34 alive:  21 dead:  13 
2022-10-27 14:17:16.291 | [GameAnalyzerEnd] MARINE            total:  18 alive:   2 dead:  16 
2022-10-27 14:17:16.292 | [GameAnalyzerEnd] SUPPLYDEPOT       total:   6 alive:   6 dead:   0 
2022-10-27 14:17:16.292 | [GameAnalyzerEnd] REACTOR           total:   2 alive:   2 dead:   0 
2022-10-27 14:17:16.293 | [GameAnalyzerEnd] REFINERY          total:   2 alive:   2 dead:   0 
2022-10-27 14:17:16.294 | [GameAnalyzerEnd] TECHLAB           total:   2 alive:   2 dead:   0 
2022-10-27 14:17:16.294 | [GameAnalyzerEnd] MEDIVAC           total:   2 alive:   2 dead:   0 
2022-10-27 14:17:16.295 | [GameAnalyzerEnd] BARRACKS          total:   2 alive:   2 dead:   0 
2022-10-27 14:17:16.298 | [GameAnalyzerEnd] WIDOWMINE         total:   2 alive:   0 dead:   2 
2022-10-27 14:17:16.298 | [GameAnalyzerEnd] COMMANDCENTER     total:   1 alive:   1 dead:   0 
2022-10-27 14:17:16.299 | [GameAnalyzerEnd] FACTORY           total:   1 alive:   1 dead:   0 
2022-10-27 14:17:16.300 | [GameAnalyzerEnd] ORBITALCOMMAND    total:   1 alive:   1 dead:   0 
2022-10-27 14:17:16.301 | [GameAnalyzerEnd] STARPORT          total:   1 alive:   1 dead:   0 
2022-10-27 14:17:16.302 | [GameAnalyzerEnd] REAPER            total:   1 alive:   0 dead:   1 
2022-10-27 14:17:16.303 | [GameAnalyzerEnd] BUNKER            total:   1 alive:   0 dead:   1 
2022-10-27 14:17:16.304 | [GameAnalyzerEnd] Enemy units:
2022-10-27 14:17:16.304 | [GameAnalyzerEnd] DRONE             total:  28 alive:  27 dead:   1 
2022-10-27 14:17:16.305 | [GameAnalyzerEnd] ROACH             total:  10 alive:   5 dead:   5 
2022-10-27 14:17:16.306 | [GameAnalyzerEnd] OVERLORD          total:   5 alive:   5 dead:   0 
2022-10-27 14:17:16.306 | [GameAnalyzerEnd] ZERGLING          total:   4 alive:   1 dead:   3 
2022-10-27 14:17:16.307 | [GameAnalyzerEnd] EXTRACTOR         total:   2 alive:   2 dead:   0 
2022-10-27 14:17:16.308 | [GameAnalyzerEnd] HATCHERY          total:   1 alive:   1 dead:   0 
2022-10-27 14:17:16.308 | [GameAnalyzerEnd] SPAWNINGPOOL      total:   1 alive:   1 dead:   0 
2022-10-27 14:17:16.309 | [GameAnalyzerEnd] ROACHWARREN       total:   1 alive:   1 dead:   0 
2022-10-27 14:17:16.310 | [GameAnalyzerEnd] QUEEN             total:   1 alive:   1 dead:   0 
2022-10-27 14:17:16.311 | [GameAnalyzerEnd] LAIR              total:   1 alive:   1 dead:   0 
2022-10-27 14:17:16.311 | [GameAnalyzerEnd] HYDRALISKDEN      total:   1 alive:   1 dead:   0 
2022-10-27 14:17:16.314 | [GameAnalyzerEnd] Minerals max 405 Average 131
2022-10-27 14:17:16.315 | [GameAnalyzerEnd] Vespene max 322 Average 85
2022-10-27 14:17:16.316 | INFO     | sc2.main:_play_game:228 - Result for player 1 - Bot Turtles(Terran): Defeat
2022-10-27 14:17:17.416 | INFO     | sc2.protocol:__request:48 - Cannot receive: Game has already ended.
2022-10-27 14:17:17.419 | INFO     | sc2.sc2process:_close_connection:231 - Closing connection at 59924...
2022-10-27 14:17:17.420 | INFO     | sc2.sc2process:kill_all:33 - kill_switch: Process cleanup for 1 processes
