2022-10-31 10:49:17.272 | INFO     | sc2.protocol:_execute:72 - Client status changed to Status.launched (was None)
2022-10-31 10:49:17.273 | INFO     | sc2.controller:create_game:37 - Creating new game
2022-10-31 10:49:17.275 | INFO     | sc2.controller:create_game:38 - Map:     OxideAIE
2022-10-31 10:49:17.277 | INFO     | sc2.controller:create_game:39 - Players: Bot Turtles(Terran), Computer VeryHard(Random, RandomBuild)
2022-10-31 10:49:17.279 | INFO     | sc2.protocol:_execute:72 - Client status changed to Status.init_game (was Status.launched)
2022-10-31 10:49:26.185 | INFO     | sc2.protocol:_execute:72 - Client status changed to Status.in_game (was None)
2022-10-31 10:49:26.187 | INFO     | sc2.main:_play_game:221 - Player 1 - Bot Turtles(Terran)
2022-10-31 10:49:26.730 | 00:00    0ms    0M    0G  12/ 15U [Version] 5.0.10.88500
2022-10-31 10:49:26.731 | 00:00    0ms    0M    0G  12/ 15U [Version] 5.0.6 Balance mod recognized.
2022-10-31 10:49:26.801 | 00:00    0ms    0M    0G  12/ 15U [ZoneManager] Map set to: MapName.Oxide from name: Oxide AIE and hash: 3281780.
2022-10-31 10:49:27.553 | [Start] My race: Terran
2022-10-31 10:49:27.554 | [Start] Opponent race: Random
2022-10-31 10:49:27.555 | [Start] OpponentId: None
2022-10-31 10:49:27.742 | 00:00    7ms    0M    0G  13/ 15U [GameAnalyzer] Income advantage is now SlightDisadvantage
2022-10-31 10:49:27.801 | 00:01    6ms    0M    0G  13/ 15U [GameAnalyzer] Income advantage is now Even
2022-10-31 10:49:28.618 | 00:09    6ms   85M    0G  13/ 15U [GameAnalyzer] Income advantage is now SlightDisadvantage
2022-10-31 10:49:28.637 | 00:09    7ms   85M    0G  13/ 15U [GameAnalyzer] Income advantage is now Even
2022-10-31 10:49:28.963 | 00:13    7ms   25M    0G  13/ 15U [GameAnalyzer] Income advantage is now SlightDisadvantage
2022-10-31 10:49:28.979 | 00:13    7ms   30M    0G  13/ 15U [GameAnalyzer] Income advantage is now Even
2022-10-31 10:49:29.131 | 00:14    6ms    0M    0G  13/ 15U [ActUnit] SCV from COMMANDCENTER at (44.5, 56.5)
2022-10-31 10:49:30.388 | 00:26    6ms  145M    0G  14/ 15U [GameAnalyzer] Income advantage is now SlightDisadvantage
2022-10-31 10:49:30.408 | 00:26    7ms  160M    0G  14/ 15U [GameAnalyzer] Income advantage is now Even
2022-10-31 10:49:30.432 | 00:26    9ms  115M    0G  14/ 15U [ActUnit] SCV from COMMANDCENTER at (44.5, 56.5)
2022-10-31 10:49:31.797 | 00:36    7ms    5M    0G  15/ 23U [BuildGas] Building REFINERY to (37.5, 59.5)
2022-10-31 10:49:31.819 | 00:36    9ms    5M    0G  15/ 23U [GameAnalyzer] Income advantage is now SlightDisadvantage
2022-10-31 10:49:31.838 | 00:36   11ms   10M    0G  15/ 23U [GameAnalyzer] Income advantage is now Even
2022-10-31 10:49:32.486 | 00:40   11ms    0M    0G  15/ 23U [ActUnit] SCV from COMMANDCENTER at (44.5, 56.5)
2022-10-31 10:49:34.066 | 00:52    9ms   95M    0G  16/ 23U [ActUnit] SCV from COMMANDCENTER at (44.5, 56.5)
2022-10-31 10:49:35.490 | 01:04    6ms  195M    8G  17/ 23U [ActUnit] SCV from COMMANDCENTER at (44.5, 56.5)
2022-10-31 10:49:36.997 | 01:14   17ms  305M   28G  18/ 23U [GameAnalyzer] Income advantage is now SmallAdvantage
2022-10-31 10:49:37.137 | 01:14   18ms  315M   28G  18/ 23U [GameAnalyzer] Income advantage is now SlightAdvantage
2022-10-31 10:49:37.277 | 01:15   19ms  315M   32G  18/ 23U [GameAnalyzer] Income advantage is now Even
2022-10-31 10:49:37.492 | 01:16   11ms  340M   36G  18/ 23U [GameAnalyzer] Income advantage is now SlightAdvantage
2022-10-31 10:49:37.518 | 01:16   10ms  340M   36G  18/ 23U [GameAnalyzer] Income advantage is now Even
2022-10-31 10:49:37.519 | 01:16   10ms  290M   36G  18/ 23U [ActUnit] SCV from COMMANDCENTER at (44.5, 56.5)
2022-10-31 10:49:38.175 | 01:20   12ms  330M   44G  19/ 23U [GameAnalyzer] Income advantage is now SlightDisadvantage
2022-10-31 10:49:38.252 | 01:21   11ms  340M   48G  19/ 23U [GameAnalyzer] Income advantage is now Even
2022-10-31 10:49:38.460 | 01:21    9ms  350M   48G  19/ 23U [GameAnalyzer] Income advantage is now SlightDisadvantage
2022-10-31 10:49:38.560 | 01:21   11ms  355M   48G  19/ 23U [GameAnalyzer] Income advantage is now Even
2022-10-31 10:49:38.640 | 01:22   10ms  355M   52G  19/ 23U [GameAnalyzer] Income advantage is now SlightDisadvantage
2022-10-31 10:49:38.643 | 01:22   10ms  305M    2G  19/ 23U [TerranUnit] REAPER from BARRACKS at (40.5, 61.5)
2022-10-31 10:49:38.756 | 01:23   11ms  320M    2G  20/ 23U [GameAnalyzer] Income advantage is now Even
2022-10-31 10:49:38.816 | 01:23   11ms  325M    2G  20/ 23U [GameAnalyzer] Income advantage is now SlightDisadvantage
2022-10-31 10:49:38.841 | 01:23   14ms  330M    2G  20/ 23U [GameAnalyzer] Income advantage is now Even
2022-10-31 10:49:39.090 | 01:25    9ms  345M   10G  20/ 23U [GameAnalyzer] Income advantage is now SlightDisadvantage
2022-10-31 10:49:39.115 | 01:25   11ms  355M   10G  20/ 23U [GameAnalyzer] Income advantage is now Even
2022-10-31 10:49:39.191 | 01:26    9ms  360M   10G  20/ 23U [GameAnalyzer] Income advantage is now SlightDisadvantage
2022-10-31 10:49:39.244 | 01:26   10ms  365M   10G  20/ 23U [GameAnalyzer] Income advantage is now Even
2022-10-31 10:49:39.352 | 01:27   10ms  375M   14G  20/ 23U [GameAnalyzer] Income advantage is now SlightDisadvantage
2022-10-31 10:49:39.439 | 01:27   10ms  390M   14G  20/ 23U [GameAnalyzer] Income advantage is now Even
2022-10-31 10:49:39.535 | 01:28    9ms  395M   18G  20/ 23U [GameAnalyzer] Income advantage is now SlightDisadvantage
2022-10-31 10:49:39.561 | 01:28   12ms  395M   18G  20/ 23U [GameAnalyzer] Income advantage is now Even
2022-10-31 10:49:39.646 | 01:29   12ms  350M   18G  20/ 23U [ActUnit] SCV from COMMANDCENTER at (44.5, 56.5)
2022-10-31 10:49:39.726 | 01:29   11ms  355M   18G  21/ 23U [GameAnalyzer] Income advantage is now SlightDisadvantage
2022-10-31 10:49:39.751 | 01:29   11ms  360M   18G  21/ 23U [GameAnalyzer] Income advantage is now Even
2022-10-31 10:49:40.056 | 01:31   11ms  390M   26G  21/ 23U [GameAnalyzer] Income advantage is now SlightDisadvantage
2022-10-31 10:49:40.149 | 01:32   12ms  400M   26G  21/ 23U [GameAnalyzer] Income advantage is now Even
2022-10-31 10:49:40.382 | 01:33   11ms  415M   30G  21/ 23U [GameAnalyzer] Income advantage is now SlightDisadvantage
2022-10-31 10:49:40.406 | 01:34   11ms  425M   30G  21/ 23U [GameAnalyzer] Income advantage is now Even
2022-10-31 10:49:40.721 | 01:36   10ms  450M   38G  21/ 23U [GameAnalyzer] Income advantage is now SlightDisadvantage
2022-10-31 10:49:40.747 | 01:36   11ms  460M   38G  21/ 23U [GameAnalyzer] Income advantage is now Even
2022-10-31 10:49:41.439 | 01:41   10ms  485M   50G  21/ 23U [ActUnit] SCV from COMMANDCENTER at (44.5, 56.5)
2022-10-31 10:49:42.543 | 01:48   10ms  600M   70G  22/ 23U [GameAnalyzer] Income advantage is now SlightDisadvantage
2022-10-31 10:49:42.569 | 01:48   11ms  600M   70G  22/ 23U [GameAnalyzer] Income advantage is now Even
2022-10-31 10:49:42.723 | 01:49   10ms  620M   74G  22/ 23U [GameAnalyzer] Income advantage is now SlightDisadvantage
2022-10-31 10:49:42.801 | 01:50   10ms  635M   74G  22/ 23U [GameAnalyzer] Income advantage is now Even
2022-10-31 10:49:43.189 | 01:53   10ms  665M   82G  22/ 23U [GameAnalyzer] Income advantage is now SlightDisadvantage
2022-10-31 10:49:43.218 | 01:53   13ms  675M   82G  22/ 23U [GameAnalyzer] Income advantage is now Even
2022-10-31 10:49:43.243 | 01:53   11ms  625M   86G  22/ 23U [ActUnit] SCV from COMMANDCENTER at (44.5, 56.5)
2022-10-31 10:49:43.431 | 01:54   10ms  645M   86G  23/ 23U [GameAnalyzer] Known army advantage is now SlightAdvantage
2022-10-31 10:49:43.432 | 01:54   10ms  645M   86G  23/ 23U [GameAnalyzer] Predicted army advantage is now SlightAdvantage
2022-10-31 10:49:43.435 | 01:54   10ms  645M   86G  23/ 23U [BuildAddon] UnitTypeId.BARRACKSREACTOR to (43.0, 61.0)
2022-10-31 10:49:43.488 | 01:54   21ms  605M   36G  23/ 23U [Expand] Expanding to (69.5, 52.5)
2022-10-31 10:49:43.553 | 01:55   14ms   55M   40G  23/ 23U [GameAnalyzer] Income advantage is now SlightDisadvantage
2022-10-31 10:49:43.614 | 01:55   14ms   65M   40G  23/ 23U [GameAnalyzer] Income advantage is now Even
2022-10-31 10:49:43.771 | 01:56   15ms   75M   44G  23/ 23U [GameAnalyzer] Income advantage is now SlightDisadvantage
2022-10-31 10:49:43.804 | 01:56   16ms   75M   44G  23/ 23U [GameAnalyzer] Income advantage is now Even
2022-10-31 10:49:44.000 | 01:57   15ms   90M   44G  23/ 23U [GameAnalyzer] Income advantage is now SlightDisadvantage
2022-10-31 10:49:44.032 | 01:57   15ms   90M   48G  23/ 23U [GameAnalyzer] Income advantage is now Even
2022-10-31 10:49:44.188 | 01:58   13ms   10M   48G  23/ 23U [GameAnalyzer] Income advantage is now SlightDisadvantage
2022-10-31 10:49:44.255 | 01:59   16ms   10M   48G  23/ 23U [GameAnalyzer] Income advantage is now Even
2022-10-31 10:49:44.386 | 01:59   14ms   20M   52G  23/ 23U [GameAnalyzer] Income advantage is now SlightDisadvantage
2022-10-31 10:49:44.417 | 02:00   16ms   25M   52G  23/ 23U [GameAnalyzer] Income advantage is now Even
2022-10-31 10:49:44.600 | 02:00   14ms   35M   56G  23/ 23U [GameAnalyzer] Income advantage is now SlightDisadvantage
2022-10-31 10:49:44.697 | 02:01   14ms   50M   56G  23/ 23U [GameAnalyzer] Income advantage is now Even
2022-10-31 10:49:44.829 | 02:02   14ms   60M   56G  23/ 23U [GameAnalyzer] Income advantage is now SlightDisadvantage
2022-10-31 10:49:44.865 | 02:02   17ms   65M   60G  23/ 23U [GameAnalyzer] Income advantage is now SlightAdvantage
2022-10-31 10:49:44.931 | 02:02   14ms   65M   60G  23/ 23U [GameAnalyzer] Income advantage is now Even
2022-10-31 10:49:44.964 | 02:02   17ms   65M   60G  23/ 23U [GameAnalyzer] Income advantage is now SlightAdvantage
2022-10-31 10:49:45.155 | 02:03   13ms   80M   64G  23/ 23U [GameAnalyzer] Income advantage is now Even
2022-10-31 10:49:45.217 | 02:04   13ms   85M   64G  23/ 23U [GameAnalyzer] Income advantage is now SlightAdvantage
2022-10-31 10:49:45.246 | 02:04   15ms   85M   64G  23/ 23U [GameAnalyzer] Income advantage is now Even
2022-10-31 10:49:45.279 | 02:04   16ms   90M   64G  23/ 23U [GameAnalyzer] Income advantage is now SlightAdvantage
2022-10-31 10:49:45.310 | 02:04   15ms   95M   64G  23/ 23U [GameAnalyzer] Income advantage is now Even
2022-10-31 10:49:45.443 | 02:05   14ms  105M   68G  23/ 23U [GameAnalyzer] Income advantage is now SlightAdvantage
2022-10-31 10:49:45.542 | 02:05   13ms  110M   68G  23/ 23U [GameAnalyzer] Income advantage is now Even
2022-10-31 10:49:45.685 | 02:06   16ms  135M   68G  23/ 23U [GameAnalyzer] Income advantage is now SlightAdvantage
2022-10-31 10:49:45.776 | 02:07   15ms  135M   72G  23/ 23U [GameAnalyzer] Income advantage is now Even
2022-10-31 10:49:45.809 | 02:07   15ms  135M   72G  23/ 23U [GameAnalyzer] Income advantage is now SlightAdvantage
2022-10-31 10:49:45.844 | 02:07   15ms  135M   72G  23/ 23U [GameAnalyzer] Income advantage is now Even
2022-10-31 10:49:45.905 | 02:07   13ms  140M   72G  23/ 23U [GameAnalyzer] Income advantage is now SlightAdvantage
2022-10-31 10:49:46.070 | 02:08   17ms  155M   76G  23/ 23U [GameAnalyzer] Income advantage is now Even
2022-10-31 10:49:46.134 | 02:09   13ms  165M   76G  23/ 23U [GameAnalyzer] Income advantage is now SlightAdvantage
2022-10-31 10:49:46.201 | 02:09   14ms  165M   76G  23/ 23U [GameAnalyzer] Income advantage is now Even
2022-10-31 10:49:46.293 | 02:10   13ms  175M   80G  23/ 23U [GameAnalyzer] Income advantage is now SlightAdvantage
2022-10-31 10:49:46.417 | 02:10   13ms  180M   80G  23/ 23U [GameAnalyzer] Income advantage is now Even
2022-10-31 10:49:46.512 | 02:11   13ms  200M   84G  23/ 23U [GameAnalyzer] Income advantage is now SlightAdvantage
2022-10-31 10:49:46.637 | 02:11   15ms  205M   84G  23/ 23U [GameAnalyzer] Income advantage is now Even
2022-10-31 10:49:46.665 | 02:12   14ms  205M   84G  23/ 23U [GameAnalyzer] Income advantage is now SlightAdvantage
2022-10-31 10:49:46.702 | 02:12   15ms  210M   84G  23/ 23U [GameAnalyzer] Income advantage is now Even
2022-10-31 10:49:46.764 | 02:12   14ms  210M   88G  23/ 23U [GameAnalyzer] Income advantage is now SlightAdvantage
2022-10-31 10:49:46.921 | 02:13   15ms  230M   88G  23/ 23U [GameAnalyzer] Income advantage is now Even
2022-10-31 10:49:46.986 | 02:13   13ms  240M   88G  23/ 23U [GameAnalyzer] Income advantage is now SlightAdvantage
2022-10-31 10:49:47.087 | 02:14   13ms  240M   92G  23/ 23U [GameAnalyzer] Income advantage is now Even
2022-10-31 10:49:47.221 | 02:15   15ms  255M   92G  23/ 23U [GameAnalyzer] Income advantage is now SlightAdvantage
2022-10-31 10:49:47.251 | 02:15   14ms  260M   92G  23/ 23U [GameAnalyzer] Income advantage is now Even
2022-10-31 10:49:47.314 | 02:15   14ms  265M   96G  23/ 23U [GameAnalyzer] Income advantage is now SlightAdvantage
2022-10-31 10:49:47.650 | 02:17   13ms   55M    0G  23/ 23U [BuildGas] Building REFINERY to (48.5, 49.5)
2022-10-31 10:49:48.938 | 02:24   14ms  165M   20G  23/ 23U [GameAnalyzer] Known army advantage is now SlightDisadvantage
2022-10-31 10:49:48.941 | 02:24   14ms  165M   20G  23/ 23U [GameAnalyzer] Predicted army advantage is now SlightDisadvantage
2022-10-31 10:49:49.101 | 02:25   12ms  125M   20G  23/ 31U [ActUnit] SCV from COMMANDCENTER at (44.5, 56.5)
2022-10-31 10:49:49.851 | 02:30   13ms  190M   32G  24/ 31U [GameAnalyzer] Predicted army advantage is now ClearDisadvantage
2022-10-31 10:49:51.250 | 02:37   12ms  235M   56G  24/ 31U [ActUnit] SCV from COMMANDCENTER at (44.5, 56.5)
2022-10-31 10:49:52.209 | 02:44   11ms  330M   76G  24/ 31U [BuildAddon] UnitTypeId.BARRACKSTECHLAB to (54.0, 58.0)
2022-10-31 10:49:53.063 | 02:50   12ms  370M   71G  24/ 31U [GameAnalyzer] Income advantage is now SmallAdvantage
2022-10-31 10:49:53.065 | 02:50   12ms  320M   71G  24/ 31U [ActUnit] SCV from COMMANDCENTER at (44.5, 56.5)
2022-10-31 10:49:53.179 | 02:50   11ms  320M   71G  25/ 31U [GameAnalyzer] Predicted army advantage is now OverwhelmingDisadvantage
2022-10-31 10:49:55.056 | 03:02   11ms  445M  115G  25/ 31U [ActUnit] SCV from COMMANDCENTER at (44.5, 56.5)
2022-10-31 10:49:56.890 | 03:13   12ms  575M  155G  26/ 46U [ActUnit] SCV from COMMANDCENTER at (69.5, 52.5)
2022-10-31 10:49:56.990 | 03:14   12ms  525M  159G  27/ 46U [ActUnit] SCV from COMMANDCENTER at (44.5, 56.5)
2022-10-31 10:49:57.057 | 03:14   14ms  530M  163G  28/ 46U [GameAnalyzer] Income advantage is now SlightAdvantage
2022-10-31 10:49:57.083 | 03:14   13ms  535M  163G  28/ 46U [GameAnalyzer] Income advantage is now SmallAdvantage
2022-10-31 10:49:57.119 | 03:15   13ms  535M  163G  28/ 46U [GameAnalyzer] Income advantage is now SlightAdvantage
2022-10-31 10:49:57.147 | 03:15   15ms  545M  163G  28/ 46U [GameAnalyzer] Income advantage is now SmallAdvantage
2022-10-31 10:49:57.662 | 03:18   12ms  595M  175G  28/ 46U [GameAnalyzer] Income advantage is now SlightAdvantage
2022-10-31 10:49:57.690 | 03:18   14ms  600M  175G  28/ 46U [GameAnalyzer] Income advantage is now SmallAdvantage
2022-10-31 10:49:58.371 | 03:22   12ms  675M  195G  28/ 46U [GameAnalyzer] Income advantage is now SlightAdvantage
2022-10-31 10:49:58.397 | 03:22   14ms  680M  195G  28/ 46U [GameAnalyzer] Income advantage is now SmallAdvantage
2022-10-31 10:49:58.941 | 03:25   12ms  675M  211G  28/ 46U [ActUnit] SCV from COMMANDCENTER at (69.5, 52.5)
2022-10-31 10:49:59.025 | 03:26   15ms  640M  219G  29/ 46U [ActUnit] SCV from COMMANDCENTER at (44.5, 56.5)
2022-10-31 10:49:59.424 | 03:28   11ms  695M  227G  30/ 46U [BuildAddon] UnitTypeId.FACTORYREACTOR to (56.0, 55.0)
2022-10-31 10:50:00.965 | 03:38   11ms  505M  129G  30/ 46U [ActUnit] SCV from COMMANDCENTER at (69.5, 52.5)
2022-10-31 10:50:01.057 | 03:38   13ms  465M  133G  31/ 46U [ActUnit] SCV from COMMANDCENTER at (44.5, 56.5)
2022-10-31 10:50:02.982 | 03:50   11ms  630M  197G  32/ 46U [ActUnit] SCV from COMMANDCENTER at (69.5, 52.5)
2022-10-31 10:50:03.076 | 03:50   12ms  580M  197G  33/ 46U [ActUnit] SCV from COMMANDCENTER at (44.5, 56.5)
2022-10-31 10:50:05.036 | 04:02   16ms  755M  261G  34/ 54U [ActUnit] SCV from COMMANDCENTER at (69.5, 52.5)
2022-10-31 10:50:05.131 | 04:02   14ms  720M  261G  35/ 54U [ActUnit] SCV from COMMANDCENTER at (44.5, 56.5)
2022-10-31 10:50:05.897 | INFO     | sc2.protocol:_execute:72 - Client status changed to Status.ended (was Status.in_game)
2022-10-31 10:50:05.899 | Result: Defeat
2022-10-31 10:50:05.900 | Duration: 04:06
2022-10-31 10:50:05.901 | Step time min: 5
2022-10-31 10:50:05.902 | Step time avg: 11
2022-10-31 10:50:05.903 | Step time max: 127
2022-10-31 10:50:05.904 | [LostUnitsContents] My lost units minerals and gas: (50, 50)
2022-10-31 10:50:05.904 | [LostUnitsContents] My lost units minerals by score: 50.0
2022-10-31 10:50:05.905 | [LostUnitsContents] Enemy lost units minerals and gas: (0, 0)
2022-10-31 10:50:05.906 | [LostUnitsContents] Enemy lost units minerals by score: 0.0
2022-10-31 10:50:05.907 | [GameAnalyzerEnd] Own units:
2022-10-31 10:50:05.907 | [GameAnalyzerEnd] SCV               total:  32 alive:  32 dead:   0 
2022-10-31 10:50:05.908 | [GameAnalyzerEnd] SUPPLYDEPOT       total:   3 alive:   3 dead:   0 
2022-10-31 10:50:05.909 | [GameAnalyzerEnd] REFINERY          total:   2 alive:   2 dead:   0 
2022-10-31 10:50:05.909 | [GameAnalyzerEnd] BARRACKS          total:   2 alive:   2 dead:   0 
2022-10-31 10:50:05.910 | [GameAnalyzerEnd] REACTOR           total:   2 alive:   2 dead:   0 
2022-10-31 10:50:05.911 | [GameAnalyzerEnd] COMMANDCENTER     total:   2 alive:   2 dead:   0 
2022-10-31 10:50:05.911 | [GameAnalyzerEnd] STARPORT          total:   1 alive:   1 dead:   0 
2022-10-31 10:50:05.912 | [GameAnalyzerEnd] FACTORY           total:   1 alive:   1 dead:   0 
2022-10-31 10:50:05.913 | [GameAnalyzerEnd] TECHLAB           total:   1 alive:   1 dead:   0 
2022-10-31 10:50:05.913 | [GameAnalyzerEnd] REAPER            total:   1 alive:   0 dead:   1 
2022-10-31 10:50:05.914 | [GameAnalyzerEnd] Enemy units:
2022-10-31 10:50:05.915 | [GameAnalyzerEnd] PROBE             total:  21 alive:  21 dead:   0 
2022-10-31 10:50:05.916 | [GameAnalyzerEnd] PYLON             total:   2 alive:   2 dead:   0 
2022-10-31 10:50:05.916 | [GameAnalyzerEnd] GATEWAY           total:   1 alive:   1 dead:   0 
2022-10-31 10:50:05.917 | [GameAnalyzerEnd] NEXUS             total:   1 alive:   1 dead:   0 
2022-10-31 10:50:05.918 | [GameAnalyzerEnd] ASSIMILATOR       total:   1 alive:   1 dead:   0 
2022-10-31 10:50:05.918 | [GameAnalyzerEnd] ZEALOT            total:   1 alive:   1 dead:   0 
2022-10-31 10:50:05.919 | [GameAnalyzerEnd] CYBERNETICSCORE   total:   1 alive:   1 dead:   0 
2022-10-31 10:50:05.920 | [GameAnalyzerEnd] Minerals max 805 Average 328
2022-10-31 10:50:05.921 | [GameAnalyzerEnd] Vespene max 285 Average 71
2022-10-31 10:50:05.924 | INFO     | sc2.main:_play_game:228 - Result for player 1 - Bot Turtles(Terran): Defeat
2022-10-31 10:50:07.086 | INFO     | sc2.protocol:__request:48 - Cannot receive: Game has already ended.
2022-10-31 10:50:07.088 | INFO     | sc2.sc2process:_close_connection:231 - Closing connection at 50964...
2022-10-31 10:50:07.090 | INFO     | sc2.sc2process:kill_all:33 - kill_switch: Process cleanup for 1 processes
