2022-11-04 12:07:29.334 | INFO     | sc2.protocol:_execute:72 - Client status changed to Status.launched (was None)
2022-11-04 12:07:29.336 | INFO     | sc2.controller:create_game:37 - Creating new game
2022-11-04 12:07:29.337 | INFO     | sc2.controller:create_game:38 - Map:     OxideAIE
2022-11-04 12:07:29.339 | INFO     | sc2.controller:create_game:39 - Players: Bot Turtles(Terran), Computer VeryHard(Random, RandomBuild)
2022-11-04 12:07:29.342 | INFO     | sc2.protocol:_execute:72 - Client status changed to Status.init_game (was Status.launched)
2022-11-04 12:07:37.431 | INFO     | sc2.protocol:_execute:72 - Client status changed to Status.in_game (was None)
2022-11-04 12:07:37.434 | INFO     | sc2.main:_play_game:221 - Player 1 - Bot Turtles(Terran)
2022-11-04 12:07:37.972 | 00:00    0ms    0M    0G  12/ 15U [Version] 5.0.10.88500
2022-11-04 12:07:37.973 | 00:00    0ms    0M    0G  12/ 15U [Version] 5.0.6 Balance mod recognized.
2022-11-04 12:07:38.045 | 00:00    0ms    0M    0G  12/ 15U [ZoneManager] Map set to: MapName.Oxide from name: Oxide AIE and hash: 3281780.
2022-11-04 12:07:38.859 | [Start] My race: Terran
2022-11-04 12:07:38.860 | [Start] Opponent race: Random
2022-11-04 12:07:38.862 | [Start] OpponentId: None
2022-11-04 12:07:39.043 | 00:00    7ms    0M    0G  13/ 15U [GameAnalyzer] Income advantage is now SlightDisadvantage
2022-11-04 12:07:39.103 | 00:01    6ms    0M    0G  13/ 15U [GameAnalyzer] Income advantage is now Even
2022-11-04 12:07:39.401 | 00:04    6ms    0M    0G  13/ 15U [GameAnalyzer] Income advantage is now SlightDisadvantage
2022-11-04 12:07:39.438 | 00:04    7ms   20M    0G  13/ 15U [GameAnalyzer] Income advantage is now Even
2022-11-04 12:07:39.962 | 00:09    6ms   80M    0G  13/ 15U [GameAnalyzer] Income advantage is now SlightDisadvantage
2022-11-04 12:07:39.999 | 00:09    8ms   85M    0G  13/ 15U [GameAnalyzer] Income advantage is now Even
2022-11-04 12:07:40.528 | 00:15    6ms    0M    0G  13/ 15U [ActUnit] SCV from COMMANDCENTER at (147.5, 147.5)
2022-11-04 12:07:42.288 | 00:27    6ms  115M    0G  14/ 15U [ActUnit] SCV from COMMANDCENTER at (147.5, 147.5)
2022-11-04 12:07:43.448 | 00:36    7ms    0M    0G  15/ 23U [BuildGas] Building REFINERY to (143.5, 154.5)
2022-11-04 12:07:43.903 | 00:40    6ms    0M    0G  15/ 23U [ActUnit] SCV from COMMANDCENTER at (147.5, 147.5)
2022-11-04 12:07:43.924 | 00:40    9ms    0M    0G  16/ 23U [GameAnalyzer] Income advantage is now SlightDisadvantage
2022-11-04 12:07:43.943 | 00:40    7ms    5M    0G  16/ 23U [GameAnalyzer] Income advantage is now Even
2022-11-04 12:07:45.215 | 00:52    6ms   95M    0G  16/ 23U [ActUnit] SCV from COMMANDCENTER at (147.5, 147.5)
2022-11-04 12:07:46.569 | 01:04    8ms  190M    4G  17/ 23U [ActUnit] SCV from COMMANDCENTER at (147.5, 147.5)
2022-11-04 12:07:47.481 | ERROR    | sc2.main:run_bot_iteration:161 - Caught unknown exception: 'TerranThreats' object is not iterable
Traceback (most recent call last):

  File "C:\Users\sword\OneDrive\Desktop\27turtles\run.py", line 18, in <module>
    main()
    └ <function main at 0x000001526E66F130>

  File "C:\Users\sword\OneDrive\Desktop\27turtles\run.py", line 13, in main
    result, opponentid = run_ladder_game(bot)
                         │               └ <sc2.player.Bot object at 0x000001526E68F610>
                         └ <function run_ladder_game at 0x000001524BF79360>

  File "C:\Users\sword\OneDrive\Desktop\27turtles\ladder.py", line 39, in run_ladder_game
    return stand_alone_game(bot), None
           │                └ <sc2.player.Bot object at 0x000001526E68F610>
           └ <function stand_alone_game at 0x000001526BF095A0>

  File "C:\Users\sword\OneDrive\Desktop\27turtles\ladder.py", line 168, in stand_alone_game
    return sc2.main.run_game(sc2.maps.get(map_name), [bot, Computer(Race.Random, Difficulty.VeryHard)], realtime=False,)
           │   │    │        │   │    │   │           │    │        │    │       │          └ <Difficulty.VeryHard: 7>
           │   │    │        │   │    │   │           │    │        │    │       └ <enum 'Difficulty'>
           │   │    │        │   │    │   │           │    │        │    └ <Race.Random: 4>
           │   │    │        │   │    │   │           │    │        └ <enum 'Race'>
           │   │    │        │   │    │   │           │    └ <class 'sc2.player.Computer'>
           │   │    │        │   │    │   │           └ <sc2.player.Bot object at 0x000001526E68F610>
           │   │    │        │   │    │   └ 'OxideAIE'
           │   │    │        │   │    └ <function get at 0x000001526BFBC4C0>
           │   │    │        │   └ <module 'sc2.maps' from 'C:\\Users\\sword\\OneDrive\\Desktop\\27turtles\\sc2\\maps.py'>
           │   │    │        └ <module 'sc2' from 'C:\\Users\\sword\\OneDrive\\Desktop\\27turtles\\sc2\\__init__.py'>
           │   │    └ <function run_game at 0x000001526C098DC0>
           │   └ <module 'sc2.main' from 'C:\\Users\\sword\\OneDrive\\Desktop\\27turtles\\sc2\\main.py'>
           └ <module 'sc2' from 'C:\\Users\\sword\\OneDrive\\Desktop\\27turtles\\sc2\\__init__.py'>

  File "C:\Users\sword\OneDrive\Desktop\27turtles\sc2\main.py", line 496, in run_game
    result: Result = asyncio.run(_host_game(map_settings, players, **kwargs))
                     │       │   │          │             │          └ {'realtime': False}
                     │       │   │          │             └ [<sc2.player.Bot object at 0x000001526E68F610>, <sc2.player.Computer object at 0x000001526E68F160>]
                     │       │   │          └ Map(C:\Program Files (x86)\StarCraft II\maps\OxideAIE.SC2Map)
                     │       │   └ <function _host_game at 0x000001526C0989D0>
                     │       └ <function run at 0x000001524DC2D7E0>
                     └ <module 'asyncio' from 'C:\\Users\\sword\\AppData\\Local\\Programs\\Python\\Python310\\lib\\asyncio\\__init__.py'>

  File "C:\Users\sword\AppData\Local\Programs\Python\Python310\lib\asyncio\runners.py", line 44, in run
    return loop.run_until_complete(main)
           │    │                  └ <coroutine object _host_game at 0x000001526E680DD0>
           │    └ <function BaseEventLoop.run_until_complete at 0x000001524DC2F1C0>
           └ <ProactorEventLoop running=True closed=False debug=False>

  File "C:\Users\sword\AppData\Local\Programs\Python\Python310\lib\asyncio\base_events.py", line 633, in run_until_complete
    self.run_forever()
    │    └ <function ProactorEventLoop.run_forever at 0x000001524DCDBBE0>
    └ <ProactorEventLoop running=True closed=False debug=False>

  File "C:\Users\sword\AppData\Local\Programs\Python\Python310\lib\asyncio\windows_events.py", line 321, in run_forever
    super().run_forever()

  File "C:\Users\sword\AppData\Local\Programs\Python\Python310\lib\asyncio\base_events.py", line 600, in run_forever
    self._run_once()
    │    └ <function BaseEventLoop._run_once at 0x000001524DC34CA0>
    └ <ProactorEventLoop running=True closed=False debug=False>

  File "C:\Users\sword\AppData\Local\Programs\Python\Python310\lib\asyncio\base_events.py", line 1896, in _run_once
    handle._run()
    │      └ <function Handle._run at 0x000001524DB9C280>
    └ <Handle Task.task_wakeup(<Future finished result=None>)>

  File "C:\Users\sword\AppData\Local\Programs\Python\Python310\lib\asyncio\events.py", line 80, in _run
    self._context.run(self._callback, *self._args)
    │    │            │    │           │    └ <member '_args' of 'Handle' objects>
    │    │            │    │           └ <Handle Task.task_wakeup(<Future finished result=None>)>
    │    │            │    └ <member '_callback' of 'Handle' objects>
    │    │            └ <Handle Task.task_wakeup(<Future finished result=None>)>
    │    └ <member '_context' of 'Handle' objects>
    └ <Handle Task.task_wakeup(<Future finished result=None>)>

  File "C:\Users\sword\OneDrive\Desktop\27turtles\sc2\main.py", line 369, in _host_game
    result = await _play_game(players[0], client, realtime, portconfig, game_time_limit, rgb_render_config)
                   │          │           │       │         │           │                └ None
                   │          │           │       │         │           └ None
                   │          │           │       │         └ None
                   │          │           │       └ False
                   │          │           └ <sc2.client.Client object at 0x000001526E68DD20>
                   │          └ [<sc2.player.Bot object at 0x000001526E68F610>, <sc2.player.Computer object at 0x000001526E68F160>]
                   └ <function _play_game at 0x000001526C098820>

  File "C:\Users\sword\OneDrive\Desktop\27turtles\sc2\main.py", line 226, in _play_game
    result = await _play_game_ai(client, player_id, player.ai, realtime, game_time_limit)
                   │             │       │          │      │   │         └ None
                   │             │       │          │      │   └ False
                   │             │       │          │      └ <turtles.bot.Turtles object at 0x000001524DC26C80>
                   │             │       │          └ <sc2.player.Bot object at 0x000001526E68F610>
                   │             │       └ 1
                   │             └ <sc2.client.Client object at 0x000001526E68DD20>
                   └ <function _play_game_ai at 0x000001526C098670>

  File "C:\Users\sword\OneDrive\Desktop\27turtles\sc2\main.py", line 196, in _play_game_ai
    await run_bot_iteration(iteration)  # Main bot loop
          │                 └ 401
          └ <function _play_game_ai.<locals>.run_bot_iteration at 0x0000015270198280>

> File "C:\Users\sword\OneDrive\Desktop\27turtles\sc2\main.py", line 156, in run_bot_iteration
    await ai.on_step(iteration)
          │  │       └ 401
          │  └ <function SkeletonBot.on_step at 0x000001526C138040>
          └ <turtles.bot.Turtles object at 0x000001524DC26C80>

  File "C:\Users\sword\OneDrive\Desktop\27turtles\sharpy\knowledges\skeleton_bot.py", line 64, in on_step
    await self.knowledge.update(iteration)
          │    │         │      └ 401
          │    │         └ <function Knowledge.update at 0x000001526C11B0A0>
          │    └ <sharpy.knowledges.knowledge.Knowledge object at 0x000001524BC06590>
          └ <turtles.bot.Turtles object at 0x000001524DC26C80>

  File "C:\Users\sword\OneDrive\Desktop\27turtles\sharpy\knowledges\knowledge.py", line 161, in update
    await manager.update()
          │       └ <function ActManager.update at 0x000001526BF85000>
          └ <sharpy.managers.core.act_manager.ActManager object at 0x000001526E7DBBE0>

  File "C:\Users\sword\OneDrive\Desktop\27turtles\sharpy\managers\core\act_manager.py", line 32, in update
    await self._act.execute()
          │    │    └ <function BuildOrder.execute at 0x000001526E4CF6D0>
          │    └ <sharpy.plans.build_order.BuildOrder object at 0x000001527017EE00>
          └ <sharpy.managers.core.act_manager.ActManager object at 0x000001526E7DBBE0>

  File "C:\Users\sword\OneDrive\Desktop\27turtles\sharpy\plans\build_order.py", line 290, in execute
    if not await order.execute():
                 │     └ <function ReactiveBio.execute at 0x000001526E66E320>
                 └ <turtles.reactivebio.ReactiveBio object at 0x000001527017D360>

  File "C:\Users\sword\OneDrive\Desktop\27turtles\turtles\reactivebio.py", line 201, in execute
    return await super().execute()

  File "C:\Users\sword\OneDrive\Desktop\27turtles\sharpy\plans\build_order.py", line 290, in execute
    if not await order.execute():
                 │     └ <function SequentialList.execute at 0x000001526E4CEEF0>
                 └ <sharpy.plans.sequential_list.SequentialList object at 0x000001527017E980>

  File "C:\Users\sword\OneDrive\Desktop\27turtles\sharpy\plans\sequential_list.py", line 27, in execute
    result = await order.execute()
                   │     └ <function UnitDecisions.execute at 0x000001526E66C0D0>
                   └ <turtles.decisions.unitdecisions.UnitDecisions object at 0x000001527017E530>

  File "C:\Users\sword\OneDrive\Desktop\27turtles\turtles\decisions\unitdecisions.py", line 89, in execute
    await self.get_threats()
          │    └ <function UnitDecisions.get_threats at 0x000001526E66C160>
          └ <turtles.decisions.unitdecisions.UnitDecisions object at 0x000001527017E530>

  File "C:\Users\sword\OneDrive\Desktop\27turtles\turtles\decisions\unitdecisions.py", line 82, in get_threats
    for unit in self.battlecruisercounters:
        │       │    └ TerranThreats(unit_id=UnitTypeId.BATTLECRUISER, threat_level=5)
        │       └ <turtles.decisions.unitdecisions.UnitDecisions object at 0x000001527017E530>
        └ ZergThreats(unit_id=UnitTypeId.VIPER, threat_level=4)

TypeError: 'TerranThreats' object is not iterable
2022-11-04 12:07:47.686 | INFO     | sc2.sc2process:_close_connection:231 - Closing connection at 55818...
2022-11-04 12:07:47.688 | INFO     | sc2.sc2process:kill_all:33 - kill_switch: Process cleanup for 1 processes
