2022-11-04 12:00:11.363 | INFO     | sc2.protocol:_execute:72 - Client status changed to Status.launched (was None)
2022-11-04 12:00:11.365 | INFO     | sc2.controller:create_game:37 - Creating new game
2022-11-04 12:00:11.366 | INFO     | sc2.controller:create_game:38 - Map:     2000AtmospheresAIE
2022-11-04 12:00:11.367 | INFO     | sc2.controller:create_game:39 - Players: Bot Turtles(Terran), Computer VeryHard(Random, RandomBuild)
2022-11-04 12:00:11.370 | INFO     | sc2.protocol:_execute:72 - Client status changed to Status.init_game (was Status.launched)
2022-11-04 12:00:23.853 | INFO     | sc2.protocol:_execute:72 - Client status changed to Status.in_game (was None)
2022-11-04 12:00:23.855 | INFO     | sc2.main:_play_game:221 - Player 1 - Bot Turtles(Terran)
2022-11-04 12:00:24.642 | 00:00    0ms    0M    0G  12/ 15U [Version] 5.0.10.88500
2022-11-04 12:00:24.644 | 00:00    0ms    0M    0G  12/ 15U [Version] 5.0.6 Balance mod recognized.
2022-11-04 12:00:24.726 | 00:00    0ms    0M    0G  12/ 15U [ZoneManager] Map set to: MapName.Atmospheres2000 from name: 2000 Atmospheres AIE and hash: 3307847.
2022-11-04 12:00:25.703 | [Start] My race: Terran
2022-11-04 12:00:25.705 | [Start] Opponent race: Random
2022-11-04 12:00:25.706 | [Start] OpponentId: None
2022-11-04 12:00:25.915 | 00:00    8ms    0M    0G  13/ 15U [GameAnalyzer] Income advantage is now SlightDisadvantage
2022-11-04 12:00:25.992 | 00:01    8ms    0M    0G  13/ 15U [GameAnalyzer] Income advantage is now Even
2022-11-04 12:00:26.993 | 00:09    6ms   85M    0G  13/ 15U [GameAnalyzer] Income advantage is now SlightDisadvantage
2022-11-04 12:00:27.027 | 00:10    6ms  100M    0G  13/ 15U [GameAnalyzer] Income advantage is now Even
2022-11-04 12:00:27.614 | 00:14    6ms    0M    0G  13/ 15U [ActUnit] SCV from COMMANDCENTER at (166.5, 143.5)
2022-11-04 12:00:28.955 | 00:24   14ms  115M    0G  14/ 15U [GameAnalyzer] Income advantage is now SlightDisadvantage
2022-11-04 12:00:28.976 | 00:24   10ms  125M    0G  14/ 15U [GameAnalyzer] Income advantage is now Even
2022-11-04 12:00:29.359 | 00:26   10ms  105M    0G  14/ 15U [ActUnit] SCV from COMMANDCENTER at (166.5, 143.5)
2022-11-04 12:00:30.722 | 00:36    7ms    5M    0G  15/ 23U [BuildGas] Building REFINERY to (173.5, 140.5)
2022-11-04 12:00:30.979 | 00:38    7ms   25M    0G  15/ 23U [GameAnalyzer] Income advantage is now SlightDisadvantage
2022-11-04 12:00:31.004 | 00:38    8ms   30M    0G  15/ 23U [GameAnalyzer] Income advantage is now Even
2022-11-04 12:00:31.265 | 00:40    7ms    0M    0G  15/ 23U [ActUnit] SCV from COMMANDCENTER at (166.5, 143.5)
2022-11-04 12:00:31.374 | 00:41    7ms   10M    0G  16/ 23U [GameAnalyzer] Income advantage is now SlightDisadvantage
2022-11-04 12:00:31.424 | 00:41    9ms   10M    0G  16/ 23U [GameAnalyzer] Income advantage is now Even
2022-11-04 12:00:32.744 | 00:52    7ms   90M    0G  16/ 23U [ActUnit] SCV from COMMANDCENTER at (166.5, 143.5)
2022-11-04 12:00:34.279 | 01:05    9ms  200M    8G  17/ 23U [ActUnit] SCV from COMMANDCENTER at (166.5, 143.5)
2022-11-04 12:00:35.502 | 01:13   19ms  290M   28G  18/ 23U [GameAnalyzer] Income advantage is now SlightAdvantage
2022-11-04 12:00:35.564 | 01:13   22ms  295M   28G  18/ 23U [GameAnalyzer] Income advantage is now SmallAdvantage
2022-11-04 12:00:35.623 | 01:13   26ms  300M   28G  18/ 23U [GameAnalyzer] Income advantage is now SlightAdvantage
2022-11-04 12:00:35.793 | 01:14   26ms  300M   28G  18/ 23U [GameAnalyzer] Income advantage is now Even
2022-11-04 12:00:36.242 | 01:16   11ms  340M   36G  18/ 23U [BuildDetector] POSSIBLE RUSH: PoolFirst.
2022-11-04 12:00:36.280 | 01:17   12ms  290M   36G  18/ 23U [ActUnit] SCV from COMMANDCENTER at (166.5, 143.5)
2022-11-04 12:00:36.306 | 01:17   13ms  290M   36G  19/ 23U [GameAnalyzer] Income advantage is now SlightDisadvantage
2022-11-04 12:00:36.340 | 01:17   11ms  295M   40G  19/ 23U [EnemyArmyPredicter] Predicting negative free minerals for enemy: -95
2022-11-04 12:00:36.341 | 01:17   11ms  295M   40G  19/ 23U [GameAnalyzer] Income advantage is now Even
2022-11-04 12:00:36.669 | 01:19   11ms  315M   44G  19/ 23U [GameAnalyzer] Income advantage is now SlightDisadvantage
2022-11-04 12:00:36.694 | 01:19   14ms  320M   44G  19/ 23U [GameAnalyzer] Income advantage is now Even
2022-11-04 12:00:36.785 | 01:20   12ms  325M   44G  19/ 23U [BuildPosition] Building BUNKER to (152.5, 141.5)
2022-11-04 12:00:36.811 | 01:20   12ms  330M   44G  19/ 23U [BuildPosition] Building BUNKER to (152.5, 141.5)
2022-11-04 12:00:36.846 | 01:20   12ms  330M   44G  19/ 23U [BuildPosition] Building BUNKER to (152.5, 141.5)
2022-11-04 12:00:36.872 | 01:20   14ms  330M   48G  19/ 23U [BuildPosition] Building BUNKER to (152.5, 141.5)
2022-11-04 12:00:36.906 | 01:20   12ms  330M   48G  19/ 23U [BuildPosition] Building BUNKER to (152.5, 141.5)
2022-11-04 12:00:36.936 | 01:20   12ms  335M   48G  19/ 23U [BuildPosition] Building BUNKER to (152.5, 141.5)
2022-11-04 12:00:36.969 | 01:21   14ms  340M   48G  19/ 23U [BuildPosition] Building BUNKER to (152.5, 141.5)
2022-11-04 12:00:36.993 | 01:21   12ms  340M   48G  19/ 23U [BuildPosition] Building BUNKER to (152.5, 141.5)
2022-11-04 12:00:37.028 | 01:21   11ms  340M   48G  19/ 23U [BuildPosition] Building BUNKER to (152.5, 141.5)
2022-11-04 12:00:37.056 | 01:21   16ms  340M   48G  19/ 23U [GameAnalyzer] Income advantage is now SlightDisadvantage
2022-11-04 12:00:37.057 | 01:21   16ms  340M   48G  19/ 23U [BuildPosition] Building BUNKER to (152.5, 141.5)
2022-11-04 12:00:37.095 | 01:21   13ms  345M   48G  19/ 23U [GameAnalyzer] Income advantage is now Even
2022-11-04 12:00:37.097 | 01:21   13ms  345M   48G  19/ 23U [BuildPosition] Building BUNKER to (152.5, 141.5)
2022-11-04 12:00:37.135 | 01:21   21ms  345M   48G  19/ 23U [GameAnalyzer] Income advantage is now SlightDisadvantage
2022-11-04 12:00:37.137 | 01:21   21ms  345M   48G  19/ 23U [BuildPosition] Building BUNKER to (152.5, 141.5)
2022-11-04 12:00:37.183 | 01:22   16ms  355M   52G  19/ 23U [BuildPosition] Building BUNKER to (152.5, 141.5)
2022-11-04 12:00:37.213 | 01:22   14ms  360M   52G  19/ 23U [GameAnalyzer] Income advantage is now Even
2022-11-04 12:00:37.215 | 01:22   14ms  360M   52G  19/ 23U [BuildPosition] Building BUNKER to (152.5, 141.5)
2022-11-04 12:00:37.323 | 01:22   13ms  360M   52G  19/ 23U [BuildPosition] Building BUNKER to (152.5, 141.5)
2022-11-04 12:00:37.355 | 01:22   15ms  360M   52G  19/ 23U [GameAnalyzer] Predicted army advantage is now SlightDisadvantage
2022-11-04 12:00:37.357 | 01:22   15ms  160M    2G  19/ 23U [TerranUnit] REAPER from BARRACKS at (158.5, 142.5)
2022-11-04 12:00:37.359 | 01:22   15ms  160M    2G  19/ 23U [BuildPosition] Building BUNKER to (152.5, 141.5)
2022-11-04 12:00:37.471 | 01:22   18ms  210M    2G  20/ 23U [GameAnalyzer] Income advantage is now SlightDisadvantage
2022-11-04 12:00:37.593 | 01:23   12ms  220M    6G  20/ 23U [GameAnalyzer] Income advantage is now Even
2022-11-04 12:00:37.798 | 01:24   13ms  225M    6G  20/ 23U [GameAnalyzer] Income advantage is now SlightDisadvantage
2022-11-04 12:00:37.835 | 01:24   14ms  235M    6G  20/ 23U [GameAnalyzer] Income advantage is now Even
2022-11-04 12:00:38.058 | 01:25   12ms  245M   10G  20/ 23U [GameAnalyzer] Income advantage is now SlightDisadvantage
2022-11-04 12:00:38.127 | 01:25   31ms  245M   10G  20/ 23U [GameAnalyzer] Income advantage is now Even
2022-11-04 12:00:38.299 | 01:26   12ms  150M   14G  20/ 23U [GameAnalyzer] Income advantage is now SlightDisadvantage
2022-11-04 12:00:38.499 | 01:27   11ms  175M   14G  20/ 23U [GameAnalyzer] Income advantage is now Even
2022-11-04 12:00:38.536 | 01:27   12ms  175M   18G  20/ 23U [GameAnalyzer] Income advantage is now SlightDisadvantage
2022-11-04 12:00:38.606 | 01:28   11ms  180M   18G  20/ 23U [GameAnalyzer] Income advantage is now Even
2022-11-04 12:00:38.772 | 01:28   35ms  185M   18G  20/ 23U [GameAnalyzer] Income advantage is now SlightDisadvantage
2022-11-04 12:00:38.862 | 01:29   11ms  190M   22G  20/ 23U [BuildDetector] POSSIBLE RUSH: RoachRush.
2022-11-04 12:00:38.894 | 01:29   13ms   45M   22G  20/ 23U [GameAnalyzer] Income advantage is now Even
2022-11-04 12:00:38.957 | 01:29   11ms   55M   22G  20/ 23U [GameAnalyzer] Income advantage is now SlightDisadvantage
2022-11-04 12:00:39.081 | 01:30   12ms   55M   22G  20/ 23U [GameAnalyzer] Income advantage is now Even
2022-11-04 12:00:39.127 | 01:30   15ms   55M   26G  20/ 23U [GameAnalyzer] Income advantage is now SlightDisadvantage
2022-11-04 12:00:39.154 | 01:30   12ms   60M   26G  20/ 23U [GameAnalyzer] Income advantage is now Even
2022-11-04 12:00:39.196 | 01:31   12ms   60M   26G  20/ 23U [GameAnalyzer] Income advantage is now SlightDisadvantage
2022-11-04 12:00:39.226 | 01:31   14ms   70M   26G  20/ 23U [GameAnalyzer] Income advantage is now Even
2022-11-04 12:00:39.259 | 01:31   13ms   70M   26G  20/ 23U [GameAnalyzer] Income advantage is now SlightDisadvantage
2022-11-04 12:00:39.672 | 01:33   13ms  105M   34G  20/ 23U [GameAnalyzer] Income advantage is now Even
2022-11-04 12:00:39.734 | 01:34   12ms  115M   34G  20/ 23U [GameAnalyzer] Income advantage is now SlightDisadvantage
2022-11-04 12:00:39.825 | 01:34   14ms  115M   34G  20/ 23U [GameAnalyzer] Income advantage is now Even
2022-11-04 12:00:39.916 | 01:35   12ms  115M   38G  20/ 23U [GameAnalyzer] Income advantage is now SlightDisadvantage
2022-11-04 12:00:40.016 | 01:35   11ms  125M   38G  20/ 23U [GameAnalyzer] Income advantage is now Even
2022-11-04 12:00:40.059 | 01:36   14ms  130M   38G  20/ 23U [GameAnalyzer] Income advantage is now SlightDisadvantage
2022-11-04 12:00:40.202 | 01:36   11ms  150M   42G  20/ 23U [GameAnalyzer] Income advantage is now Even
2022-11-04 12:00:40.290 | 01:37   11ms  150M   42G  20/ 23U [GameAnalyzer] Income advantage is now SlightDisadvantage
2022-11-04 12:00:40.372 | 01:38   12ms  155M   42G  20/ 23U [GameAnalyzer] Income advantage is now Even
2022-11-04 12:00:40.408 | 01:38   14ms  160M   46G  20/ 23U [GameAnalyzer] Predicted army advantage is now SmallDisadvantage
2022-11-04 12:00:40.435 | 01:38   13ms  160M   46G  20/ 23U [GameAnalyzer] Income advantage is now SlightDisadvantage
2022-11-04 12:00:40.467 | 01:38   12ms  165M   46G  20/ 23U [GameAnalyzer] Income advantage is now Even
2022-11-04 12:00:40.508 | 01:38   15ms  175M   46G  20/ 23U [GameAnalyzer] Income advantage is now SlightDisadvantage
2022-11-04 12:00:40.571 | 01:39   11ms  180M   46G  20/ 23U [GameAnalyzer] Income advantage is now Even
2022-11-04 12:00:40.692 | 01:39   13ms  180M   50G  20/ 23U [GameAnalyzer] Income advantage is now SlightDisadvantage
2022-11-04 12:00:40.814 | 01:40   11ms  195M   50G  20/ 23U [GameAnalyzer] Income advantage is now Even
2022-11-04 12:00:40.852 | 01:40   12ms  200M   50G  20/ 23U [GameAnalyzer] Income advantage is now SlightDisadvantage
2022-11-04 12:00:40.967 | 01:41   14ms  210M   54G  20/ 23U [GameAnalyzer] Income advantage is now Even
2022-11-04 12:00:41.074 | 01:42   12ms  215M   54G  20/ 23U [GameAnalyzer] Income advantage is now SlightDisadvantage
2022-11-04 12:00:41.107 | 01:42   13ms  215M   54G  20/ 23U [GameAnalyzer] Income advantage is now Even
2022-11-04 12:00:41.133 | 01:42   15ms  220M   58G  20/ 23U [GameAnalyzer] Income advantage is now SlightDisadvantage
2022-11-04 12:00:41.189 | 01:42   12ms  225M   58G  20/ 23U [GameAnalyzer] Income advantage is now Even
2022-11-04 12:00:41.222 | 01:43   14ms  230M   58G  20/ 23U [GameAnalyzer] Income advantage is now SlightDisadvantage
2022-11-04 12:00:41.346 | 01:43   11ms  240M   58G  20/ 23U [GameAnalyzer] Income advantage is now Even
2022-11-04 12:00:41.406 | 01:44   14ms  245M   62G  20/ 23U [GameAnalyzer] Income advantage is now SlightDisadvantage
2022-11-04 12:00:41.532 | 01:44   11ms  255M   62G  20/ 23U [GameAnalyzer] Income advantage is now Even
2022-11-04 12:00:41.596 | 01:45   14ms  260M   62G  20/ 23U [GameAnalyzer] Income advantage is now SlightDisadvantage
2022-11-04 12:00:41.681 | 01:45   13ms  270M   66G  20/ 23U [GameAnalyzer] Income advantage is now Even
2022-11-04 12:00:41.772 | 01:46   14ms  270M   66G  20/ 23U [GameAnalyzer] Income advantage is now SlightDisadvantage
2022-11-04 12:00:41.798 | 01:46   13ms  280M   66G  20/ 23U [GameAnalyzer] Income advantage is now Even
2022-11-04 12:00:41.833 | 01:46   13ms  280M   66G  20/ 23U [GameAnalyzer] Income advantage is now SlightDisadvantage
2022-11-04 12:00:41.889 | 01:46   12ms  285M   70G  20/ 23U [GameAnalyzer] Income advantage is now Even
2022-11-04 12:00:41.949 | 01:47   14ms  290M   70G  20/ 23U [GameAnalyzer] Income advantage is now SlightDisadvantage
2022-11-04 12:00:42.031 | 01:47   13ms  300M   70G  20/ 23U [GameAnalyzer] Income advantage is now Even
2022-11-04 12:00:42.118 | 01:48   13ms  300M   74G  20/ 23U [GameAnalyzer] Income advantage is now SlightDisadvantage
2022-11-04 12:00:42.234 | 01:49   11ms  315M   74G  20/ 23U [GameAnalyzer] Income advantage is now Even
2022-11-04 12:00:42.319 | 01:49   11ms  325M   74G  20/ 23U [GameAnalyzer] Income advantage is now SlightDisadvantage
2022-11-04 12:00:42.410 | 01:50   11ms  330M   78G  20/ 23U [GameAnalyzer] Income advantage is now Even
2022-11-04 12:00:42.526 | 01:50   12ms  335M   78G  20/ 23U [GameAnalyzer] Income advantage is now SlightDisadvantage
2022-11-04 12:00:42.630 | 01:51   11ms  350M   82G  20/ 31U [GameAnalyzer] Income advantage is now Even
2022-11-04 12:00:42.922 | 01:53   13ms  365M   86G  20/ 31U [GameAnalyzer] Income advantage is now SlightDisadvantage
2022-11-04 12:00:42.952 | 01:53   12ms  370M   86G  20/ 31U [GameAnalyzer] Income advantage is now Even
2022-11-04 12:00:43.097 | 01:54   13ms  390M   90G  20/ 31U [GameAnalyzer] Income advantage is now SlightDisadvantage
2022-11-04 12:00:43.098 | 01:54   13ms  340M   90G  20/ 31U [ActUnit] SCV from COMMANDCENTER at (166.5, 143.5)
2022-11-04 12:00:43.153 | 01:54   14ms  340M   90G  21/ 31U [GameAnalyzer] Income advantage is now Even
2022-11-04 12:00:43.216 | 01:54   14ms  345M   90G  21/ 31U [GameAnalyzer] Known army advantage is now SlightAdvantage
2022-11-04 12:00:43.221 | 01:54   14ms  295M   90G  21/ 31U [TerranUnit] MARINE from BARRACKS at (158.5, 142.5)
2022-11-04 12:00:43.441 | 01:56   14ms  305M   94G  22/ 31U [GameAnalyzer] Income advantage is now SlightDisadvantage
2022-11-04 12:00:43.479 | 01:56   16ms  320M   94G  22/ 31U [GameAnalyzer] Income advantage is now Even
2022-11-04 12:00:43.679 | 01:57   14ms  325M   98G  22/ 31U [GameAnalyzer] Income advantage is now SlightDisadvantage
2022-11-04 12:00:43.742 | 01:57   14ms  330M   98G  22/ 31U [GameAnalyzer] Income advantage is now Even
2022-11-04 12:00:44.318 | 02:00   15ms  375M  106G  22/ 31U [GameAnalyzer] Income advantage is now SlightDisadvantage
2022-11-04 12:00:44.353 | 02:00   15ms  380M  106G  22/ 31U [GameAnalyzer] Income advantage is now Even
2022-11-04 12:00:44.586 | 02:02   14ms  405M  110G  22/ 31U [GameAnalyzer] Income advantage is now SlightDisadvantage
2022-11-04 12:00:44.648 | 02:02   41ms  405M  110G  22/ 31U [GameAnalyzer] Income advantage is now Even
2022-11-04 12:00:44.977 | 02:04   14ms  455M  114G  22/ 31U [GameAnalyzer] Predicted army advantage is now ClearDisadvantage
2022-11-04 12:00:45.288 | 02:05   24ms  480M  118G  22/ 31U [GameAnalyzer] Income advantage is now SlightDisadvantage
2022-11-04 12:00:45.354 | 02:06   15ms  490M  122G  22/ 31U [GameAnalyzer] Income advantage is now Even
2022-11-04 12:00:45.424 | 02:06   13ms  450M  122G  22/ 31U [ActUnit] SCV from COMMANDCENTER at (166.5, 143.5)
2022-11-04 12:00:46.572 | 02:12   13ms  115M  138G  23/ 31U [TerranUnit] MARINE from BARRACKS at (158.5, 142.5)
2022-11-04 12:00:47.120 | 02:15   17ms  575M  146G  24/ 31U [GameAnalyzer] Income advantage is now SmallDisadvantage
2022-11-04 12:00:47.384 | 02:17   13ms  600M  150G  24/ 31U [GameAnalyzer] Income advantage is now SlightDisadvantage
2022-11-04 12:00:47.416 | 02:17   16ms  600M  150G  24/ 31U [GameAnalyzer] Income advantage is now SmallDisadvantage
2022-11-04 12:00:47.590 | 02:18   13ms  650M  154G  24/ 31U [GameAnalyzer] Income advantage is now SlightDisadvantage
2022-11-04 12:00:47.621 | 02:18   16ms  650M  154G  24/ 31U [GameAnalyzer] Income advantage is now SmallDisadvantage
2022-11-04 12:00:47.702 | 02:18   15ms  600M  154G  24/ 31U [ActUnit] SCV from COMMANDCENTER at (166.5, 143.5)
2022-11-04 12:00:48.499 | 02:22   14ms  655M  166G  25/ 31U [BuildDetector] POSSIBLE RUSH: Macro.
2022-11-04 12:00:48.978 | 02:24   15ms  725M  170G  24/ 31U [GameAnalyzer] Known army advantage is now SlightDisadvantage
2022-11-04 12:00:49.927 | 02:30   14ms  810M  186G  24/ 31U [GameAnalyzer] Predicted army advantage is now OverwhelmingDisadvantage
2022-11-04 12:00:50.030 | 02:30   14ms  830M  186G  24/ 31U [BuildAddon] UnitTypeId.BARRACKSREACTOR to (161.0, 142.0)
2022-11-04 12:00:50.065 | 02:30   21ms  730M  136G  24/ 31U [ActUnit] SCV from COMMANDCENTER at (166.5, 143.5)
2022-11-04 12:00:50.068 | 02:30   21ms  730M  136G  24/ 31U [Expand] Expanding to (144.5, 152.5)
2022-11-04 12:00:50.479 | 02:32   15ms    5M   44G  25/ 31U [BuildGas] Building REFINERY to (162.5, 150.5)
2022-11-04 12:00:50.933 | 02:35   14ms   35M   48G  25/ 31U [GameAnalyzer] Predicted army advantage is now ClearDisadvantage
2022-11-04 12:00:51.357 | 02:37   15ms   75M   56G  25/ 31U [GameAnalyzer] Income advantage is now SlightDisadvantage
2022-11-04 12:00:51.424 | 02:37   15ms   85M   56G  25/ 31U [GameAnalyzer] Income advantage is now Even
2022-11-04 12:00:51.463 | 02:38   16ms   85M   56G  25/ 31U [GameAnalyzer] Income advantage is now SlightDisadvantage
2022-11-04 12:00:51.627 | 02:38   15ms   85M   60G  25/ 31U [GameAnalyzer] Income advantage is now Even
2022-11-04 12:00:51.666 | 02:39   16ms   85M   60G  25/ 31U [GameAnalyzer] Income advantage is now SlightDisadvantage
2022-11-04 12:00:51.845 | 02:39   16ms  135M   60G  25/ 31U [GameAnalyzer] Income advantage is now Even
2022-11-04 12:00:51.878 | 02:40   15ms  135M   64G  25/ 31U [GameAnalyzer] Income advantage is now SlightDisadvantage
2022-11-04 12:00:51.949 | 02:40   17ms  140M   64G  25/ 31U [GameAnalyzer] Predicted army advantage is now OverwhelmingDisadvantage
2022-11-04 12:00:52.432 | 02:42   16ms  180M   68G  25/ 31U [GameAnalyzer] Income advantage is now Even
2022-11-04 12:00:52.434 | 02:42   16ms  130M   68G  25/ 31U [ActUnit] SCV from COMMANDCENTER at (166.5, 143.5)
2022-11-04 12:00:52.577 | 02:43   18ms  130M   72G  26/ 31U [GameAnalyzer] Income advantage is now SlightDisadvantage
2022-11-04 12:00:52.765 | 02:44   18ms  150M   76G  26/ 31U [GameAnalyzer] Income advantage is now Even
2022-11-04 12:00:52.838 | 02:44   16ms  155M   76G  26/ 31U [GameAnalyzer] Income advantage is now SlightDisadvantage
2022-11-04 12:00:52.911 | 02:45   18ms  160M   76G  26/ 31U [GameAnalyzer] Income advantage is now Even
2022-11-04 12:00:52.944 | 02:45   17ms  160M   76G  26/ 31U [GameAnalyzer] Income advantage is now SlightDisadvantage
2022-11-04 12:00:53.205 | 02:46   16ms  210M   80G  26/ 31U [GameAnalyzer] Income advantage is now Even
2022-11-04 12:00:53.277 | 02:46   15ms  210M   80G  26/ 31U [GameAnalyzer] Income advantage is now SlightDisadvantage
2022-11-04 12:00:53.382 | 02:47   15ms  225M   84G  26/ 31U [GameAnalyzer] Income advantage is now Even
2022-11-04 12:00:53.525 | 02:48   16ms  225M   84G  26/ 31U [GameAnalyzer] Income advantage is now SlightDisadvantage
2022-11-04 12:00:53.633 | 02:48   15ms  235M   84G  26/ 31U [GameAnalyzer] Income advantage is now Even
2022-11-04 12:00:53.704 | 02:49   16ms  240M   88G  26/ 31U [GameAnalyzer] Income advantage is now SlightDisadvantage
2022-11-04 12:00:53.827 | 02:49   14ms  250M   88G  25/ 31U [GameAnalyzer] Income advantage is now Even
2022-11-04 12:00:53.932 | 02:50   14ms  255M   88G  25/ 31U [GameAnalyzer] Income advantage is now SlightDisadvantage
2022-11-04 12:00:54.099 | 02:51   16ms  275M   92G  25/ 31U [GameAnalyzer] Income advantage is now Even
2022-11-04 12:00:54.166 | 02:51   14ms  280M   92G  25/ 31U [GameAnalyzer] Income advantage is now SlightDisadvantage
2022-11-04 12:00:54.345 | 02:52   13ms  295M   96G  25/ 31U [GameAnalyzer] Income advantage is now Even
2022-11-04 12:00:54.378 | 02:52   16ms  295M   96G  25/ 31U [GameAnalyzer] Income advantage is now SlightDisadvantage
2022-11-04 12:00:54.549 | 02:53   14ms  340M  100G  25/ 31U [GameAnalyzer] Income advantage is now Even
2022-11-04 12:00:54.618 | 02:53   15ms  340M  100G  25/ 31U [GameAnalyzer] Income advantage is now SlightDisadvantage
2022-11-04 12:00:54.687 | 02:54   15ms  340M  100G  25/ 31U [GameAnalyzer] Income advantage is now Even
2022-11-04 12:00:54.720 | 02:54   18ms  345M  100G  25/ 31U [GameAnalyzer] Income advantage is now SlightDisadvantage
2022-11-04 12:00:54.756 | 02:54   16ms  350M  100G  25/ 31U [GameAnalyzer] Income advantage is now Even
2022-11-04 12:00:54.790 | 02:54   15ms  350M  100G  25/ 31U [GameAnalyzer] Income advantage is now SlightDisadvantage
2022-11-04 12:00:54.827 | 02:54   18ms  355M  104G  25/ 31U [GameAnalyzer] Income advantage is now Even
2022-11-04 12:00:54.860 | 02:55   16ms  310M  104G  25/ 31U [ActUnit] SCV from COMMANDCENTER at (166.5, 143.5)
2022-11-04 12:00:54.901 | 02:55   16ms  315M  104G  26/ 31U [GameAnalyzer] Income advantage is now SlightDisadvantage
2022-11-04 12:00:54.966 | 02:55   14ms  325M  104G  26/ 31U [GameAnalyzer] Income advantage is now Even
2022-11-04 12:00:55.001 | 02:55   16ms  325M  104G  26/ 31U [GameAnalyzer] Income advantage is now SlightDisadvantage
2022-11-04 12:00:55.105 | 02:56   14ms  325M  108G  26/ 31U [GameAnalyzer] Income advantage is now Even
2022-11-04 12:00:55.201 | 02:56   14ms  330M  108G  26/ 31U [GameAnalyzer] Income advantage is now SlightDisadvantage
2022-11-04 12:00:55.345 | 02:57   17ms  360M  108G  26/ 31U [GameAnalyzer] Income advantage is now Even
2022-11-04 12:00:55.470 | 02:58   14ms  365M  112G  26/ 31U [GameAnalyzer] Income advantage is now SlightDisadvantage
2022-11-04 12:00:55.506 | 02:58   15ms  365M  112G  26/ 31U [GameAnalyzer] Income advantage is now Even
2022-11-04 12:00:55.660 | 02:59   14ms  390M  116G  26/ 31U [GameAnalyzer] Income advantage is now SlightDisadvantage
2022-11-04 12:00:55.694 | 02:59   15ms  395M  116G  26/ 31U [GameAnalyzer] Income advantage is now Even
2022-11-04 12:00:55.886 | 03:00   13ms  415M  120G  26/ 31U [GameAnalyzer] Income advantage is now SlightDisadvantage
2022-11-04 12:00:55.949 | 03:00   14ms  420M  124G  26/ 31U [GameAnalyzer] Income advantage is now Even
2022-11-04 12:00:56.091 | 03:01   14ms  430M  128G  26/ 31U [GameAnalyzer] Income advantage is now SlightDisadvantage
2022-11-04 12:00:56.182 | 03:02   14ms  450M  132G  26/ 31U [GameAnalyzer] Income advantage is now Even
2022-11-04 12:00:56.280 | 03:02   13ms  450M  132G  26/ 31U [GameAnalyzer] Income advantage is now SlightDisadvantage
2022-11-04 12:00:56.349 | 03:03   14ms  455M  136G  26/ 31U [GameAnalyzer] Income advantage is now Even
2022-11-04 12:00:56.475 | 03:03   14ms  460M  140G  26/ 31U [GameAnalyzer] Income advantage is now SlightDisadvantage
2022-11-04 12:00:56.503 | 03:03   17ms  470M  140G  26/ 31U [GameAnalyzer] Income advantage is now Even
2022-11-04 12:00:56.540 | 03:04   16ms  470M  140G  26/ 31U [GameAnalyzer] Income advantage is now SlightDisadvantage
2022-11-04 12:00:56.607 | 03:04   15ms  480M  140G  26/ 31U [GameAnalyzer] Income advantage is now Even
2022-11-04 12:00:56.735 | 03:05   14ms  485M  148G  26/ 31U [GameAnalyzer] Income advantage is now SlightDisadvantage
2022-11-04 12:00:56.801 | 03:05   16ms  490M  148G  26/ 31U [GameAnalyzer] Income advantage is now Even
2022-11-04 12:00:56.938 | 03:06   13ms  355M  152G  26/ 31U [TerranUnit] MARINE from BARRACKS at (158.5, 142.5)
2022-11-04 12:00:56.976 | 03:06   15ms  360M  152G  27/ 31U [GameAnalyzer] Income advantage is now SlightDisadvantage
2022-11-04 12:00:56.978 | 03:06   15ms  310M  152G  27/ 31U [TerranUnit] MARINE from BARRACKS at (158.5, 142.5)
2022-11-04 12:00:57.040 | 03:06   14ms  340M  156G  28/ 31U [GameAnalyzer] Income advantage is now Even
2022-11-04 12:00:57.113 | 03:07   16ms  295M  156G  28/ 31U [ActUnit] SCV from COMMANDCENTER at (166.5, 143.5)
2022-11-04 12:00:57.189 | 03:07   14ms  295M  156G  29/ 31U [GameAnalyzer] Income advantage is now SlightDisadvantage
2022-11-04 12:00:57.323 | 03:08   16ms  315M  164G  29/ 31U [GameAnalyzer] Income advantage is now Even
2022-11-04 12:00:57.392 | 03:08   15ms  315M  164G  29/ 31U [GameAnalyzer] Income advantage is now SlightDisadvantage
2022-11-04 12:00:57.493 | 03:09   14ms  325M  164G  29/ 31U [GameAnalyzer] Income advantage is now Even
2022-11-04 12:00:57.863 | 03:11   14ms  345M  176G  29/ 31U [GameAnalyzer] Income advantage is now SlightDisadvantage
2022-11-04 12:00:57.901 | 03:11   15ms  350M  176G  29/ 31U [GameAnalyzer] Income advantage is now Even
2022-11-04 12:00:57.998 | 03:11   14ms  360M  180G  29/ 31U [GameAnalyzer] Income advantage is now SlightDisadvantage
2022-11-04 12:00:58.065 | 03:12   15ms  360M  184G  29/ 31U [GameAnalyzer] Income advantage is now Even
2022-11-04 12:00:58.164 | 03:12   14ms  375M  184G  29/ 31U [GameAnalyzer] Income advantage is now SlightDisadvantage
2022-11-04 12:00:58.230 | 03:13   16ms  380M  184G  29/ 31U [GameAnalyzer] Income advantage is now Even
2022-11-04 12:00:58.295 | 03:13   14ms  385M  188G  29/ 31U [GameAnalyzer] Income advantage is now SlightDisadvantage
2022-11-04 12:00:58.326 | 03:13   17ms  390M  188G  29/ 31U [GameAnalyzer] Income advantage is now Even
2022-11-04 12:00:58.442 | 03:14   15ms  415M  192G  29/ 31U [GameAnalyzer] Income advantage is now SlightDisadvantage
2022-11-04 12:00:58.473 | 03:14   15ms  420M  192G  29/ 31U [GameAnalyzer] Income advantage is now Even
2022-11-04 12:00:58.653 | 03:15   17ms  430M  200G  29/ 31U [GameAnalyzer] Income advantage is now SlightDisadvantage
2022-11-04 12:00:58.722 | 03:15   14ms  435M  200G  29/ 31U [GameAnalyzer] Income advantage is now Even
2022-11-04 12:00:58.856 | 03:16   16ms  445M  204G  29/ 31U [GameAnalyzer] Income advantage is now SlightDisadvantage
2022-11-04 12:00:58.957 | 03:16   14ms  445M  208G  29/ 31U [GameAnalyzer] Income advantage is now Even
2022-11-04 12:00:59.163 | 03:17   14ms  475M  212G  29/ 31U [GameAnalyzer] Income advantage is now SlightDisadvantage
2022-11-04 12:00:59.198 | 03:17   17ms  475M  212G  29/ 31U [GameAnalyzer] Income advantage is now Even
2022-11-04 12:00:59.331 | 03:18   15ms  485M  216G  29/ 31U [GameAnalyzer] Income advantage is now SlightDisadvantage
2022-11-04 12:00:59.542 | 03:19   14ms  500M  220G  29/ 31U [GameAnalyzer] Income advantage is now Even
2022-11-04 12:00:59.589 | 03:19   16ms  450M  220G  29/ 31U [ActUnit] SCV from COMMANDCENTER at (166.5, 143.5)
2022-11-04 12:00:59.822 | 03:20   18ms  260M  228G  30/ 31U [GameAnalyzer] Income advantage is now SlightDisadvantage
2022-11-04 12:00:59.896 | 03:20   17ms  265M  228G  30/ 31U [GameAnalyzer] Income advantage is now Even
2022-11-04 12:01:00.071 | 03:21   15ms  310M  232G  30/ 31U [GameAnalyzer] Income advantage is now SlightDisadvantage
2022-11-04 12:01:00.143 | 03:22   18ms  315M  236G  30/ 31U [GameAnalyzer] Income advantage is now Even
2022-11-04 12:01:00.214 | 03:22   15ms  320M  240G  30/ 31U [GameAnalyzer] Income advantage is now SlightDisadvantage
2022-11-04 12:01:00.229 | INFO     | sc2.protocol:_execute:72 - Client status changed to Status.ended (was Status.in_game)
2022-11-04 12:01:00.231 | Result: Defeat
2022-11-04 12:01:00.231 | Duration: 03:22
2022-11-04 12:01:00.233 | Step time min: 6
2022-11-04 12:01:00.236 | Step time avg: 12
2022-11-04 12:01:00.236 | Step time max: 120
2022-11-04 12:01:00.237 | [LostUnitsContents] My lost units minerals and gas: (100, 50)
2022-11-04 12:01:00.238 | [LostUnitsContents] My lost units minerals by score: 100.0
2022-11-04 12:01:00.239 | [LostUnitsContents] Enemy lost units minerals and gas: (50, 0)
2022-11-04 12:01:00.239 | [LostUnitsContents] Enemy lost units minerals by score: 50.0
2022-11-04 12:01:00.240 | [GameAnalyzerEnd] Own units:
2022-11-04 12:01:00.241 | [GameAnalyzerEnd] SCV               total:  24 alive:  23 dead:   1 
2022-11-04 12:01:00.242 | [GameAnalyzerEnd] SUPPLYDEPOT       total:   3 alive:   3 dead:   0 
2022-11-04 12:01:00.242 | [GameAnalyzerEnd] REFINERY          total:   2 alive:   2 dead:   0 
2022-11-04 12:01:00.243 | [GameAnalyzerEnd] BARRACKS          total:   2 alive:   2 dead:   0 
2022-11-04 12:01:00.244 | [GameAnalyzerEnd] COMMANDCENTER     total:   1 alive:   1 dead:   0 
2022-11-04 12:01:00.244 | [GameAnalyzerEnd] MULE              total:   1 alive:   1 dead:   0 
2022-11-04 12:01:00.245 | [GameAnalyzerEnd] ORBITALCOMMAND    total:   1 alive:   1 dead:   0 
2022-11-04 12:01:00.246 | [GameAnalyzerEnd] REACTOR           total:   1 alive:   1 dead:   0 
2022-11-04 12:01:00.247 | [GameAnalyzerEnd] FACTORY           total:   1 alive:   1 dead:   0 
2022-11-04 12:01:00.247 | [GameAnalyzerEnd] BUNKER            total:   1 alive:   1 dead:   0 
2022-11-04 12:01:00.250 | [GameAnalyzerEnd] REAPER            total:   1 alive:   0 dead:   1 
2022-11-04 12:01:00.251 | [GameAnalyzerEnd] Enemy units:
2022-11-04 12:01:00.252 | [GameAnalyzerEnd] DRONE             total:  21 alive:  21 dead:   0 
2022-11-04 12:01:00.253 | [GameAnalyzerEnd] ZERGLING          total:   4 alive:   2 dead:   2 
2022-11-04 12:01:00.254 | [GameAnalyzerEnd] OVERLORD          total:   3 alive:   3 dead:   0 
2022-11-04 12:01:00.254 | [GameAnalyzerEnd] HATCHERY          total:   2 alive:   2 dead:   0 
2022-11-04 12:01:00.255 | [GameAnalyzerEnd] SPAWNINGPOOL      total:   1 alive:   1 dead:   0 
2022-11-04 12:01:00.256 | [GameAnalyzerEnd] EXTRACTOR         total:   1 alive:   1 dead:   0 
2022-11-04 12:01:00.256 | [GameAnalyzerEnd] ROACHWARREN       total:   1 alive:   1 dead:   0 
2022-11-04 12:01:00.257 | [GameAnalyzerEnd] QUEEN             total:   1 alive:   1 dead:   0 
2022-11-04 12:01:00.258 | [GameAnalyzerEnd] ROACH             total:   1 alive:   1 dead:   0 
2022-11-04 12:01:00.259 | [GameAnalyzerEnd] Minerals max 810 Average 258
2022-11-04 12:01:00.259 | [GameAnalyzerEnd] Vespene max 240 Average 66
2022-11-04 12:01:00.260 | INFO     | sc2.main:_play_game:228 - Result for player 1 - Bot Turtles(Terran): Defeat
2022-11-04 12:01:01.384 | INFO     | sc2.protocol:__request:48 - Cannot receive: Game has already ended.
2022-11-04 12:01:01.387 | INFO     | sc2.sc2process:_close_connection:231 - Closing connection at 58653...
2022-11-04 12:01:01.388 | INFO     | sc2.sc2process:kill_all:33 - kill_switch: Process cleanup for 1 processes
