2022-10-24 12:18:17.474 | INFO     | sc2.protocol:_execute:72 - Client status changed to Status.launched (was None)
2022-10-24 12:18:17.476 | INFO     | sc2.controller:create_game:37 - Creating new game
2022-10-24 12:18:17.477 | INFO     | sc2.controller:create_game:38 - Map:     RomanticideAIE
2022-10-24 12:18:17.479 | INFO     | sc2.controller:create_game:39 - Players: Bot Turtles(Terran), Computer VeryHard(Random, RandomBuild)
2022-10-24 12:18:17.481 | INFO     | sc2.protocol:_execute:72 - Client status changed to Status.init_game (was Status.launched)
2022-10-24 12:18:29.396 | INFO     | sc2.protocol:_execute:72 - Client status changed to Status.in_game (was None)
2022-10-24 12:18:29.398 | INFO     | sc2.main:_play_game:221 - Player 1 - Bot Turtles(Terran)
2022-10-24 12:18:30.004 | 00:00    0ms    0M    0G  12/ 15U [Version] 5.0.10.88500
2022-10-24 12:18:30.006 | 00:00    0ms    0M    0G  12/ 15U [Version] 5.0.6 Balance mod recognized.
2022-10-24 12:18:30.078 | 00:00    0ms    0M    0G  12/ 15U [ZoneManager] Map set to: MapName.RomanticideLE from name: Romanticide AIE and hash: 3756032.
2022-10-24 12:18:30.801 | [Start] My race: Terran
2022-10-24 12:18:30.803 | [Start] Opponent race: Random
2022-10-24 12:18:30.803 | [Start] OpponentId: None
2022-10-24 12:18:31.050 | 00:00    7ms    0M    0G  13/ 15U [GameAnalyzer] Income advantage is now SlightDisadvantage
2022-10-24 12:18:31.119 | 00:01    7ms    0M    0G  13/ 15U [GameAnalyzer] Income advantage is now Even
2022-10-24 12:18:32.000 | 00:09    6ms   85M    0G  13/ 15U [GameAnalyzer] Income advantage is now SlightDisadvantage
2022-10-24 12:18:32.041 | 00:09    7ms  100M    0G  13/ 15U [GameAnalyzer] Income advantage is now Even
2022-10-24 12:18:32.139 | 00:10    7ms  100M    0G  13/ 15U [GameAnalyzer] Income advantage is now SlightDisadvantage
2022-10-24 12:18:32.162 | 00:10    9ms  105M    0G  13/ 15U [GameAnalyzer] Income advantage is now Even
2022-10-24 12:18:32.289 | 00:12    6ms   70M    0G  13/ 15U [ActUnit] SCV from COMMANDCENTER at (158.5, 36.5)
2022-10-24 12:18:33.988 | 00:24    8ms   70M    0G  14/ 15U [ActUnit] SCV from COMMANDCENTER at (158.5, 36.5)
2022-10-24 12:18:36.316 | 00:41    8ms  255M    0G  15/ 23U [ActUnit] SCV from COMMANDCENTER at (158.5, 36.5)
2022-10-24 12:18:37.774 | 00:53    6ms  120M    0G  16/ 23U [ActUnit] SCV from COMMANDCENTER at (158.5, 36.5)
2022-10-24 12:18:38.475 | 00:59    7ms  190M    0G  17/ 23U [GameAnalyzer] Income advantage is now SlightDisadvantage
2022-10-24 12:18:38.504 | 00:59    8ms  190M    0G  17/ 23U [GameAnalyzer] Income advantage is now Even
2022-10-24 12:18:39.271 | 01:05    7ms  220M    0G  17/ 23U [ActUnit] SCV from COMMANDCENTER at (158.5, 36.5)
2022-10-24 12:18:40.418 | 01:14    8ms  350M    0G  18/ 31U [GameAnalyzer] Income advantage is now SlightDisadvantage
2022-10-24 12:18:40.720 | 01:15   23ms  355M    0G  18/ 31U [GameAnalyzer] Income advantage is now SmallDisadvantage
2022-10-24 12:18:40.852 | 01:15   22ms  370M    0G  18/ 31U [GameAnalyzer] Income advantage is now SlightDisadvantage
2022-10-24 12:18:41.008 | 01:16   23ms  370M    0G  18/ 31U [GameAnalyzer] Income advantage is now SmallDisadvantage
2022-10-24 12:18:41.169 | 01:16   22ms  375M    0G  18/ 31U [GameAnalyzer] Income advantage is now SlightDisadvantage
2022-10-24 12:18:41.330 | 01:17   22ms  380M    0G  18/ 31U [GameAnalyzer] Income advantage is now SmallDisadvantage
2022-10-24 12:18:41.496 | 01:17   22ms  395M    0G  18/ 31U [GameAnalyzer] Income advantage is now SlightDisadvantage
2022-10-24 12:18:41.498 | 01:17   22ms  345M    0G  18/ 31U [ActUnit] SCV from COMMANDCENTER at (158.5, 36.5)
2022-10-24 12:18:41.706 | 01:18   19ms  355M    0G  19/ 31U [GameAnalyzer] Income advantage is now SmallDisadvantage
2022-10-24 12:18:41.812 | 01:18   22ms  360M    0G  19/ 31U [GameAnalyzer] Income advantage is now SlightDisadvantage
2022-10-24 12:18:42.035 | 01:19   19ms  370M    0G  19/ 31U [GameAnalyzer] Income advantage is now SmallDisadvantage
2022-10-24 12:18:42.185 | 01:20   20ms  380M    0G  19/ 31U [GameAnalyzer] Income advantage is now SlightDisadvantage
2022-10-24 12:18:42.370 | 01:20   20ms  385M    0G  19/ 31U [GameAnalyzer] Income advantage is now SmallDisadvantage
2022-10-24 12:18:42.423 | 01:20   22ms  385M    0G  19/ 31U [GameAnalyzer] Income advantage is now Even
2022-10-24 12:18:42.725 | 01:22   11ms  395M    0G  19/ 31U [GameAnalyzer] Income advantage is now SlightDisadvantage
2022-10-24 12:18:42.756 | 01:22   11ms  405M    0G  19/ 31U [GameAnalyzer] Income advantage is now Even
2022-10-24 12:18:42.814 | 01:22   11ms  415M    0G  19/ 31U [GameAnalyzer] Predicted army advantage is now SlightDisadvantage
2022-10-24 12:18:42.930 | 01:23   10ms  420M    0G  19/ 31U [GameAnalyzer] Income advantage is now SlightDisadvantage
2022-10-24 12:18:42.986 | 01:23   11ms  430M    0G  19/ 31U [GameAnalyzer] Income advantage is now Even
2022-10-24 12:18:43.067 | 01:24   11ms  430M    0G  19/ 31U [GameAnalyzer] Income advantage is now SlightDisadvantage
2022-10-24 12:18:43.123 | 01:24    9ms  450M    0G  19/ 31U [GameAnalyzer] Income advantage is now Even
2022-10-24 12:18:43.204 | 01:25    9ms  450M    0G  19/ 31U [GameAnalyzer] Income advantage is now SlightDisadvantage
2022-10-24 12:18:43.536 | 01:27    9ms  485M    0G  19/ 31U [GameAnalyzer] Income advantage is now SmallDisadvantage
2022-10-24 12:18:43.569 | 01:27   12ms  490M    0G  19/ 31U [GameAnalyzer] Income advantage is now SlightDisadvantage
2022-10-24 12:18:43.684 | 01:28   10ms  495M    0G  19/ 31U [GameAnalyzer] Income advantage is now SmallDisadvantage
2022-10-24 12:18:43.968 | 01:30   11ms  475M    0G  19/ 31U [ActUnit] SCV from COMMANDCENTER at (158.5, 36.5)
2022-10-24 12:18:44.001 | 01:30   13ms  480M    0G  20/ 31U [GameAnalyzer] Income advantage is now SlightDisadvantage
2022-10-24 12:18:44.027 | 01:30   12ms  480M    0G  20/ 31U [GameAnalyzer] Income advantage is now SmallDisadvantage
2022-10-24 12:18:49.715 | 02:07   12ms  900M    0G  20/ 31U [ActUnit] SCV from COMMANDCENTER at (158.5, 36.5)
2022-10-24 12:18:51.697 | 02:19   11ms 1080M    0G  21/ 31U [ActUnit] SCV from COMMANDCENTER at (158.5, 36.5)
2022-10-24 12:18:52.694 | 02:25   11ms 1210M    0G  22/ 31U [GameAnalyzer] Income advantage is now SlightDisadvantage
2022-10-24 12:18:52.753 | 02:25   11ms 1215M    0G  22/ 31U [GameAnalyzer] Income advantage is now SmallDisadvantage
2022-10-24 12:18:53.782 | 02:31   11ms 1290M    0G  22/ 31U [ActUnit] SCV from COMMANDCENTER at (158.5, 36.5)
2022-10-24 12:18:53.901 | 02:32   11ms 1300M    0G  23/ 31U [GameAnalyzer] Income advantage is now SlightDisadvantage
2022-10-24 12:18:53.965 | 02:32   11ms 1305M    0G  23/ 31U [GameAnalyzer] Income advantage is now SmallDisadvantage
2022-10-24 12:18:54.424 | 02:35   11ms 1355M    0G  23/ 31U [GameAnalyzer] Income advantage is now SlightDisadvantage
2022-10-24 12:18:54.491 | 02:35   14ms 1365M    0G  23/ 31U [GameAnalyzer] Income advantage is now SmallDisadvantage
2022-10-24 12:18:54.618 | 02:36   11ms 1370M    0G  23/ 31U [GameAnalyzer] Income advantage is now SlightDisadvantage
2022-10-24 12:18:54.713 | 02:36   11ms 1375M    0G  23/ 31U [GameAnalyzer] Income advantage is now SmallDisadvantage
2022-10-24 12:18:55.580 | INFO     | sc2.protocol:_execute:72 - Client status changed to Status.ended (was Status.in_game)
2022-10-24 12:18:55.582 | Result: Defeat
2022-10-24 12:18:55.583 | Duration: 02:41
2022-10-24 12:18:55.584 | Step time min: 5
2022-10-24 12:18:55.584 | Step time avg: 10
2022-10-24 12:18:55.585 | Step time max: 124
2022-10-24 12:18:55.586 | [LostUnitsContents] My lost units minerals and gas: (0, 0)
2022-10-24 12:18:55.586 | [LostUnitsContents] My lost units minerals by score: 0.0
2022-10-24 12:18:55.587 | [LostUnitsContents] Enemy lost units minerals and gas: (0, 0)
2022-10-24 12:18:55.588 | [LostUnitsContents] Enemy lost units minerals by score: 0.0
2022-10-24 12:18:55.589 | [GameAnalyzerEnd] Own units:
2022-10-24 12:18:55.591 | [GameAnalyzerEnd] SCV               total:  22 alive:  22 dead:   0 
2022-10-24 12:18:55.592 | [GameAnalyzerEnd] SUPPLYDEPOT       total:   2 alive:   2 dead:   0 
2022-10-24 12:18:55.593 | [GameAnalyzerEnd] MULE              total:   1 alive:   1 dead:   0 
2022-10-24 12:18:55.594 | [GameAnalyzerEnd] BARRACKS          total:   1 alive:   1 dead:   0 
2022-10-24 12:18:55.595 | [GameAnalyzerEnd] ORBITALCOMMAND    total:   1 alive:   1 dead:   0 
2022-10-24 12:18:55.596 | [GameAnalyzerEnd] Enemy units:
2022-10-24 12:18:55.596 | [GameAnalyzerEnd] DRONE             total:  18 alive:  18 dead:   0 
2022-10-24 12:18:55.597 | [GameAnalyzerEnd] HATCHERY          total:   2 alive:   2 dead:   0 
2022-10-24 12:18:55.598 | [GameAnalyzerEnd] OVERLORD          total:   2 alive:   2 dead:   0 
2022-10-24 12:18:55.598 | [GameAnalyzerEnd] SPAWNINGPOOL      total:   1 alive:   1 dead:   0 
2022-10-24 12:18:55.599 | [GameAnalyzerEnd] EXTRACTOR         total:   1 alive:   1 dead:   0 
2022-10-24 12:18:55.599 | [GameAnalyzerEnd] Minerals max 1480 Average 514
2022-10-24 12:18:55.600 | [GameAnalyzerEnd] Vespene max 0 Average 0
2022-10-24 12:18:55.601 | INFO     | sc2.main:_play_game:228 - Result for player 1 - Bot Turtles(Terran): Defeat
2022-10-24 12:18:56.719 | INFO     | sc2.protocol:__request:48 - Cannot receive: Game has already ended.
2022-10-24 12:18:56.722 | INFO     | sc2.sc2process:_close_connection:231 - Closing connection at 54617...
2022-10-24 12:18:56.723 | INFO     | sc2.sc2process:kill_all:33 - kill_switch: Process cleanup for 1 processes
