2022-10-27 16:40:12.514 | INFO     | sc2.protocol:_execute:72 - Client status changed to Status.launched (was None)
2022-10-27 16:40:12.516 | INFO     | sc2.controller:create_game:37 - Creating new game
2022-10-27 16:40:12.517 | INFO     | sc2.controller:create_game:38 - Map:     JagannathaAIE
2022-10-27 16:40:12.518 | INFO     | sc2.controller:create_game:39 - Players: Bot Turtles(Terran), Computer VeryHard(Random, RandomBuild)
2022-10-27 16:40:12.521 | INFO     | sc2.protocol:_execute:72 - Client status changed to Status.init_game (was Status.launched)
2022-10-27 16:40:26.934 | INFO     | sc2.protocol:_execute:72 - Client status changed to Status.in_game (was None)
2022-10-27 16:40:26.936 | INFO     | sc2.main:_play_game:221 - Player 1 - Bot Turtles(Terran)
2022-10-27 16:40:27.517 | 00:00    0ms    0M    0G  12/ 15U [Version] 5.0.10.88500
2022-10-27 16:40:27.519 | 00:00    0ms    0M    0G  12/ 15U [Version] 5.0.6 Balance mod recognized.
2022-10-27 16:40:27.593 | 00:00    0ms    0M    0G  12/ 15U [ZoneManager] Map set to: MapName.Jagannatha from name: Jagannatha AIE and hash: 3355197.
2022-10-27 16:40:28.338 | [Start] My race: Terran
2022-10-27 16:40:28.353 | [Start] Opponent race: Random
2022-10-27 16:40:28.354 | [Start] OpponentId: None
2022-10-27 16:40:28.569 | 00:00    7ms    0M    0G  13/ 15U [GameAnalyzer] Income advantage is now SlightDisadvantage
2022-10-27 16:40:28.651 | 00:01    7ms    0M    0G  13/ 15U [GameAnalyzer] Income advantage is now Even
2022-10-27 16:40:30.157 | 00:14    6ms    0M    0G  13/ 15U [ActUnit] SCV from COMMANDCENTER at (126.5, 151.5)
2022-10-27 16:40:32.084 | 00:26    9ms  110M    0G  14/ 15U [ActUnit] SCV from COMMANDCENTER at (126.5, 151.5)
2022-10-27 16:40:33.534 | 00:36   10ms    5M    0G  15/ 23U [BuildGas] Building REFINERY to (133.5, 148.5)
2022-10-27 16:40:34.052 | 00:40    8ms    0M    0G  15/ 23U [ActUnit] SCV from COMMANDCENTER at (126.5, 151.5)
2022-10-27 16:40:35.582 | 00:53    6ms   95M    0G  16/ 23U [ActUnit] SCV from COMMANDCENTER at (126.5, 151.5)
2022-10-27 16:40:37.060 | 01:05    7ms  190M    8G  17/ 23U [ActUnit] SCV from COMMANDCENTER at (126.5, 151.5)
2022-10-27 16:40:38.802 | 01:15   19ms  320M   28G  18/ 23U [GameAnalyzer] Income advantage is now SmallAdvantage
2022-10-27 16:40:38.879 | 01:15   24ms  320M   32G  18/ 23U [GameAnalyzer] Income advantage is now SlightAdvantage
2022-10-27 16:40:38.980 | 01:15   20ms  325M   32G  18/ 23U [GameAnalyzer] Income advantage is now SmallAdvantage
2022-10-27 16:40:39.035 | 01:15   25ms  325M   32G  18/ 23U [GameAnalyzer] Income advantage is now Even
2022-10-27 16:40:39.092 | 01:15   23ms  325M   32G  18/ 23U [GameAnalyzer] Income advantage is now SlightAdvantage
2022-10-27 16:40:39.146 | 01:16   22ms  325M   32G  18/ 23U [GameAnalyzer] Income advantage is now Even
2022-10-27 16:40:39.203 | 01:16   26ms  330M   32G  18/ 23U [GameAnalyzer] Income advantage is now SlightAdvantage
2022-10-27 16:40:39.525 | 01:17   22ms  290M   36G  18/ 23U [ActUnit] SCV from COMMANDCENTER at (126.5, 151.5)
2022-10-27 16:40:39.810 | 01:18   22ms  295M   40G  19/ 23U [GameAnalyzer] Income advantage is now Even
2022-10-27 16:40:39.919 | 01:18   22ms  300M   40G  19/ 23U [GameAnalyzer] Income advantage is now SlightAdvantage
2022-10-27 16:40:39.985 | 01:18   23ms  300M   40G  19/ 23U [GameAnalyzer] Income advantage is now Even
2022-10-27 16:40:40.780 | 01:23   10ms  355M   52G  19/ 23U [GameAnalyzer] Income advantage is now SlightDisadvantage
2022-10-27 16:40:40.809 | 01:23   13ms  160M    2G  19/ 23U [TerranUnit] REAPER from BARRACKS at (121.5, 144.5)
2022-10-27 16:40:40.843 | 01:23   13ms  315M    2G  20/ 23U [GameAnalyzer] Income advantage is now Even
2022-10-27 16:40:40.906 | 01:23   12ms  315M    2G  20/ 23U [GameAnalyzer] Income advantage is now SlightDisadvantage
2022-10-27 16:40:40.966 | 01:24   11ms  330M    6G  20/ 23U [GameAnalyzer] Income advantage is now Even
2022-10-27 16:40:40.995 | 01:24   13ms  330M    6G  20/ 23U [GameAnalyzer] Income advantage is now SlightDisadvantage
2022-10-27 16:40:41.053 | 01:24   10ms  340M    6G  20/ 23U [GameAnalyzer] Income advantage is now Even
2022-10-27 16:40:41.112 | 01:25   10ms  345M    6G  20/ 23U [GameAnalyzer] Income advantage is now SlightDisadvantage
2022-10-27 16:40:41.170 | 01:25   11ms  345M    6G  20/ 23U [GameAnalyzer] Income advantage is now Even
2022-10-27 16:40:41.231 | 01:25   10ms  350M   10G  20/ 23U [GameAnalyzer] Income advantage is now SlightDisadvantage
2022-10-27 16:40:41.261 | 01:25   14ms  350M   10G  20/ 23U [GameAnalyzer] Income advantage is now Even
2022-10-27 16:40:41.398 | 01:26   10ms  360M   10G  20/ 23U [GameAnalyzer] Income advantage is now SlightDisadvantage
2022-10-27 16:40:41.455 | 01:27   10ms  370M   14G  20/ 23U [GameAnalyzer] Income advantage is now Even
2022-10-27 16:40:41.597 | 01:28   12ms  375M   14G  20/ 23U [GameAnalyzer] Income advantage is now SlightDisadvantage
2022-10-27 16:40:41.863 | 01:29   11ms  260M   18G  20/ 23U [GameAnalyzer] Income advantage is now Even
2022-10-27 16:40:41.971 | 01:30   10ms  265M   22G  20/ 23U [GameAnalyzer] Income advantage is now SlightDisadvantage
2022-10-27 16:40:42.060 | 01:30   10ms  270M   22G  20/ 23U [GameAnalyzer] Income advantage is now Even
2022-10-27 16:40:42.178 | 01:31   10ms  275M   26G  20/ 23U [GameAnalyzer] Income advantage is now SlightDisadvantage
2022-10-27 16:40:42.204 | 01:31   14ms  275M   26G  20/ 23U [GameAnalyzer] Income advantage is now Even
2022-10-27 16:40:42.372 | 01:32   12ms  295M   30G  20/ 23U [GameAnalyzer] Income advantage is now SlightDisadvantage
2022-10-27 16:40:42.430 | 01:33   10ms  300M   30G  20/ 23U [GameAnalyzer] Income advantage is now Even
2022-10-27 16:40:42.542 | 01:33   11ms  310M   30G  20/ 23U [GameAnalyzer] Income advantage is now SlightDisadvantage
2022-10-27 16:40:42.621 | 01:34   12ms  330M   34G  20/ 23U [GameAnalyzer] Income advantage is now Even
2022-10-27 16:40:42.810 | 01:35   11ms  335M   34G  20/ 23U [GameAnalyzer] Income advantage is now SlightDisadvantage
2022-10-27 16:40:42.836 | 01:35   14ms  340M   34G  20/ 23U [GameAnalyzer] Income advantage is now Even
2022-10-27 16:40:42.982 | 01:36   11ms  350M   38G  20/ 23U [GameAnalyzer] Income advantage is now SlightDisadvantage
2022-10-27 16:40:43.038 | 01:36   11ms  355M   38G  20/ 23U [GameAnalyzer] Income advantage is now Even
2022-10-27 16:40:43.129 | 01:37   10ms  365M   42G  20/ 23U [GameAnalyzer] Income advantage is now SlightDisadvantage
2022-10-27 16:40:43.155 | 01:37   12ms  365M   42G  20/ 23U [GameAnalyzer] Income advantage is now Even
2022-10-27 16:40:43.210 | 01:37   11ms  370M   42G  20/ 23U [GameAnalyzer] Income advantage is now SlightDisadvantage
2022-10-27 16:40:43.242 | 01:38   12ms  370M   42G  20/ 23U [GameAnalyzer] Income advantage is now Even
2022-10-27 16:40:43.298 | 01:38   11ms  370M   42G  20/ 23U [GameAnalyzer] Income advantage is now SlightDisadvantage
2022-10-27 16:40:43.325 | 01:38   12ms  380M   42G  20/ 23U [GameAnalyzer] Income advantage is now Even
2022-10-27 16:40:43.410 | 01:39   11ms  385M   46G  20/ 23U [GameAnalyzer] Income advantage is now SlightDisadvantage
2022-10-27 16:40:43.439 | 01:39   13ms  395M   46G  20/ 23U [GameAnalyzer] Income advantage is now Even
2022-10-27 16:40:43.613 | 01:40   12ms  405M   50G  20/ 23U [GameAnalyzer] Income advantage is now SlightDisadvantage
2022-10-27 16:40:43.640 | 01:40   11ms  410M   50G  20/ 23U [GameAnalyzer] Income advantage is now Even
2022-10-27 16:40:43.888 | 01:41   10ms  415M   50G  20/ 23U [GameAnalyzer] Income advantage is now SlightDisadvantage
2022-10-27 16:40:43.992 | 01:41   10ms  435M   54G  20/ 23U [GameAnalyzer] Income advantage is now Even
2022-10-27 16:40:44.155 | 01:42   10ms  440M   54G  20/ 23U [GameAnalyzer] Income advantage is now SlightDisadvantage
2022-10-27 16:40:44.211 | 01:43   13ms  445M   54G  20/ 23U [GameAnalyzer] Income advantage is now Even
2022-10-27 16:40:44.532 | 01:45   12ms  480M   62G  20/ 23U [GameAnalyzer] Income advantage is now SlightDisadvantage
2022-10-27 16:40:44.581 | 01:45   10ms  480M   62G  20/ 23U [GameAnalyzer] Income advantage is now Even
2022-10-27 16:40:44.697 | 01:46   12ms  490M   66G  20/ 23U [GameAnalyzer] Income advantage is now SlightDisadvantage
2022-10-27 16:40:44.752 | 01:46   10ms  510M   66G  20/ 23U [GameAnalyzer] Income advantage is now Even
2022-10-27 16:40:44.950 | 01:47   10ms  515M   66G  20/ 23U [GameAnalyzer] Income advantage is now SlightDisadvantage
2022-10-27 16:40:45.017 | 01:47   12ms  515M   70G  20/ 23U [GameAnalyzer] Income advantage is now Even
2022-10-27 16:40:45.268 | 01:48   12ms  530M   70G  20/ 23U [GameAnalyzer] Income advantage is now SlightDisadvantage
2022-10-27 16:40:45.299 | 01:49   12ms  535M   74G  20/ 23U [GameAnalyzer] Income advantage is now Even
2022-10-27 16:40:45.473 | 01:50   10ms  550M   74G  20/ 23U [GameAnalyzer] Income advantage is now SlightDisadvantage
2022-10-27 16:40:45.535 | 01:50   13ms  555M   78G  20/ 23U [GameAnalyzer] Income advantage is now Even
2022-10-27 16:40:45.621 | 01:51   12ms  565M   78G  20/ 23U [GameAnalyzer] Income advantage is now SlightDisadvantage
2022-10-27 16:40:45.687 | 01:51   10ms  570M   78G  20/ 23U [GameAnalyzer] Income advantage is now Even
2022-10-27 16:40:45.838 | 01:52   11ms  585M   82G  20/ 23U [GameAnalyzer] Income advantage is now SlightDisadvantage
2022-10-27 16:40:45.898 | 01:52   13ms  590M   82G  20/ 23U [GameAnalyzer] Income advantage is now Even
2022-10-27 16:40:45.983 | 01:53   12ms  590M   82G  20/ 23U [GameAnalyzer] Income advantage is now SlightDisadvantage
2022-10-27 16:40:46.046 | 01:53   11ms  595M   86G  20/ 23U [GameAnalyzer] Income advantage is now Even
2022-10-27 16:40:46.115 | 01:53   11ms  610M   86G  20/ 23U [Expand] Expanding to (98.5, 151.5)
2022-10-27 16:40:46.151 | 01:54   17ms  210M   86G  20/ 23U [GameAnalyzer] Income advantage is now SlightDisadvantage
2022-10-27 16:40:46.180 | 01:54   14ms  220M   86G  20/ 23U [GameAnalyzer] Income advantage is now Even
2022-10-27 16:40:46.217 | 01:54   14ms  220M   86G  20/ 23U [GameAnalyzer] Income advantage is now SlightDisadvantage
2022-10-27 16:40:46.218 | 01:54   14ms  170M   86G  20/ 23U [ActUnit] SCV from COMMANDCENTER at (126.5, 151.5)
2022-10-27 16:40:46.301 | 01:54   12ms  175M   86G  21/ 23U [GameAnalyzer] Income advantage is now Even
2022-10-27 16:40:46.336 | 01:55   12ms  175M   90G  21/ 23U [GameAnalyzer] Income advantage is now SlightDisadvantage
2022-10-27 16:40:46.411 | 01:55   13ms  175M   90G  21/ 23U [GameAnalyzer] Known army advantage is now SlightAdvantage
2022-10-27 16:40:46.412 | 01:55   13ms  175M   90G  21/ 23U [GameAnalyzer] Predicted army advantage is now SlightAdvantage
2022-10-27 16:40:46.415 | 01:55   13ms  175M   90G  21/ 23U [BuildAddon] UnitTypeId.BARRACKSREACTOR to (124.0, 144.0)
2022-10-27 16:40:46.450 | 01:55   21ms  130M   40G  21/ 23U [GameAnalyzer] Income advantage is now Even
2022-10-27 16:40:46.525 | 01:55   16ms  135M   40G  21/ 23U [GameAnalyzer] Income advantage is now SlightDisadvantage
2022-10-27 16:40:46.660 | 01:56   16ms  155M   44G  21/ 23U [GameAnalyzer] Income advantage is now Even
2022-10-27 16:40:46.697 | 01:56   18ms    5M   44G  21/ 23U [GameAnalyzer] Income advantage is now SlightDisadvantage
2022-10-27 16:40:46.766 | 01:56   16ms    5M   44G  21/ 23U [GameAnalyzer] Income advantage is now Even
2022-10-27 16:40:46.840 | 01:57   15ms    5M   44G  21/ 23U [GameAnalyzer] Income advantage is now SlightDisadvantage
2022-10-27 16:40:46.913 | 01:57   14ms    5M   44G  21/ 23U [GameAnalyzer] Income advantage is now Even
2022-10-27 16:40:46.984 | 01:58   16ms    5M   48G  21/ 23U [GameAnalyzer] Income advantage is now SlightDisadvantage
2022-10-27 16:40:47.021 | 01:58   16ms   10M   48G  21/ 23U [GameAnalyzer] Income advantage is now Even
2022-10-27 16:40:47.055 | 01:58   16ms   10M   48G  21/ 23U [GameAnalyzer] Income advantage is now SlightDisadvantage
2022-10-27 16:40:47.198 | 01:59   17ms   35M   48G  21/ 23U [GameAnalyzer] Income advantage is now Even
2022-10-27 16:40:47.275 | 01:59   14ms   35M   52G  21/ 23U [GameAnalyzer] Income advantage is now SlightDisadvantage
2022-10-27 16:40:47.455 | 02:00   14ms   45M   52G  21/ 23U [GameAnalyzer] Income advantage is now Even
2022-10-27 16:40:47.530 | 02:00   16ms   45M   52G  21/ 23U [GameAnalyzer] Income advantage is now SlightDisadvantage
2022-10-27 16:40:47.634 | 02:01   15ms   65M   56G  21/ 23U [GameAnalyzer] Income advantage is now Even
2022-10-27 16:40:47.808 | 02:02   14ms   65M   56G  21/ 23U [GameAnalyzer] Income advantage is now SlightDisadvantage
2022-10-27 16:40:47.841 | 02:02   17ms   65M   60G  21/ 23U [GameAnalyzer] Income advantage is now Even
2022-10-27 16:40:47.880 | 02:02   16ms   70M   60G  21/ 23U [GameAnalyzer] Income advantage is now SlightAdvantage
2022-10-27 16:40:47.913 | 02:02   15ms   70M   60G  21/ 23U [GameAnalyzer] Income advantage is now Even
2022-10-27 16:40:48.646 | 02:06   15ms    0M   68G  21/ 23U [ActUnit] SCV from COMMANDCENTER at (126.5, 151.5)
2022-10-27 16:40:48.683 | 02:06   16ms    5M   72G  22/ 23U [GameAnalyzer] Income advantage is now SlightAdvantage
2022-10-27 16:40:48.719 | 02:06   15ms    5M   72G  22/ 23U [GameAnalyzer] Income advantage is now Even
2022-10-27 16:40:49.281 | 02:10   13ms   35M   80G  22/ 23U [GameAnalyzer] Income advantage is now SlightAdvantage
2022-10-27 16:40:49.314 | 02:10   14ms   35M   80G  22/ 23U [GameAnalyzer] Income advantage is now Even
2022-10-27 16:40:49.516 | 02:11   13ms   85M   84G  22/ 23U [GameAnalyzer] Income advantage is now SlightAdvantage
2022-10-27 16:40:49.588 | 02:11   14ms   85M   84G  22/ 23U [GameAnalyzer] Income advantage is now Even
2022-10-27 16:40:49.756 | 02:12   15ms   85M   84G  22/ 23U [GameAnalyzer] Income advantage is now SlightAdvantage
2022-10-27 16:40:49.788 | 02:12   15ms   85M   88G  22/ 23U [GameAnalyzer] Income advantage is now Even
2022-10-27 16:40:49.917 | 02:13   14ms  110M   88G  22/ 23U [GameAnalyzer] Income advantage is now SlightAdvantage
2022-10-27 16:40:49.985 | 02:13   13ms  110M   88G  22/ 23U [GameAnalyzer] Income advantage is now Even
2022-10-27 16:40:50.154 | 02:14   17ms  120M   92G  22/ 23U [GameAnalyzer] Income advantage is now SlightAdvantage
2022-10-27 16:40:50.186 | 02:14   16ms  120M   92G  22/ 23U [GameAnalyzer] Income advantage is now Even
2022-10-27 16:40:50.482 | 02:16   14ms  140M   96G  22/ 23U [GameAnalyzer] Income advantage is now SlightAdvantage
2022-10-27 16:40:50.558 | 02:16   15ms  140M   96G  22/ 23U [GameAnalyzer] Income advantage is now Even
2022-10-27 16:40:51.015 | 02:19   14ms    0M    4G  22/ 23U [ActUnit] SCV from COMMANDCENTER at (126.5, 151.5)
2022-10-27 16:40:51.482 | 02:21   13ms   25M   12G  23/ 23U [GameAnalyzer] Income advantage is now SlightAdvantage
2022-10-27 16:40:51.516 | 02:21   16ms   25M   12G  23/ 23U [GameAnalyzer] Income advantage is now Even
2022-10-27 16:40:51.820 | 02:23   15ms   50M   16G  23/ 23U [GameAnalyzer] Income advantage is now SlightAdvantage
2022-10-27 16:40:51.890 | 02:23   13ms   50M   16G  23/ 23U [GameAnalyzer] Income advantage is now Even
2022-10-27 16:40:52.063 | 02:24   14ms   65M   20G  23/ 23U [GameAnalyzer] Income advantage is now SlightAdvantage
2022-10-27 16:40:52.100 | 02:24   15ms   65M   20G  23/ 23U [GameAnalyzer] Income advantage is now Even
2022-10-27 16:40:52.134 | 02:24   17ms   15M   20G  23/ 23U [BuildGas] Building REFINERY to (123.5, 158.5)
2022-10-27 16:40:52.292 | 02:25   13ms   15M   20G  23/ 23U [GameAnalyzer] Income advantage is now SlightDisadvantage
2022-10-27 16:40:52.670 | 02:27   14ms   35M   28G  23/ 23U [GameAnalyzer] Income advantage is now SmallDisadvantage
2022-10-27 16:40:52.702 | 02:27   15ms   35M   28G  23/ 23U [GameAnalyzer] Income advantage is now SlightDisadvantage
2022-10-27 16:40:52.738 | 02:27   14ms   35M   28G  23/ 23U [GameAnalyzer] Income advantage is now SmallDisadvantage
2022-10-27 16:40:52.768 | 02:28   16ms   45M   28G  23/ 23U [GameAnalyzer] Income advantage is now SlightDisadvantage
2022-10-27 16:40:53.169 | 02:30   13ms   60M   32G  23/ 23U [GameAnalyzer] Known army advantage is now SlightDisadvantage
2022-10-27 16:40:53.170 | 02:30   13ms   60M   32G  23/ 23U [GameAnalyzer] Predicted army advantage is now SlightDisadvantage
2022-10-27 16:40:53.244 | 02:30   13ms   60M   32G  23/ 31U [GameAnalyzer] Income advantage is now SmallDisadvantage
2022-10-27 16:40:53.286 | 02:30   15ms   75M   32G  23/ 31U [GameAnalyzer] Income advantage is now SlightDisadvantage
2022-10-27 16:40:53.401 | 02:31   13ms   35M   32G  23/ 31U [TerranUnit] MARINE from BARRACKS at (121.5, 144.5)
2022-10-27 16:40:53.583 | 02:31   14ms   15M   36G  24/ 31U [ActUnit] SCV from COMMANDCENTER at (126.5, 151.5)
2022-10-27 16:40:53.685 | 02:32   14ms   15M   36G  25/ 31U [GameAnalyzer] Income advantage is now SmallDisadvantage
2022-10-27 16:40:53.762 | 02:32   16ms   30M   40G  25/ 31U [GameAnalyzer] Income advantage is now SlightDisadvantage
2022-10-27 16:40:54.142 | 02:34   13ms    0M   44G  24/ 31U [TerranUnit] MARINE from BARRACKS at (121.5, 144.5)
2022-10-27 16:40:54.251 | 02:35   13ms    0M   44G  25/ 31U [GameAnalyzer] Income advantage is now SmallDisadvantage
2022-10-27 16:40:54.299 | 02:35   15ms   10M   44G  25/ 31U [GameAnalyzer] Income advantage is now SlightDisadvantage
2022-10-27 16:40:54.837 | 02:38   14ms   40M   52G  25/ 31U [GameAnalyzer] Income advantage is now SmallDisadvantage
2022-10-27 16:40:55.278 | 02:40   15ms   95M   60G  25/ 31U [GameAnalyzer] Predicted army advantage is now OverwhelmingDisadvantage
2022-10-27 16:40:56.002 | 02:43   12ms  145M   68G  25/ 31U [BuildAddon] UnitTypeId.BARRACKSTECHLAB to (133.0, 159.0)
2022-10-27 16:40:56.086 | 02:44   15ms   45M   43G  25/ 31U [ActUnit] SCV from COMMANDCENTER at (126.5, 151.5)
2022-10-27 16:40:56.197 | 02:44   16ms   50M   47G  26/ 31U [GameAnalyzer] Income advantage is now SlightDisadvantage
2022-10-27 16:40:56.229 | 02:44   14ms   50M   47G  26/ 31U [GameAnalyzer] Income advantage is now SmallDisadvantage
2022-10-27 16:40:56.390 | 02:45   21ms   60M   47G  26/ 31U [GameAnalyzer] Income advantage is now SlightDisadvantage
2022-10-27 16:40:56.495 | 02:46   13ms   65M   51G  26/ 31U [GameAnalyzer] Income advantage is now SmallDisadvantage
2022-10-27 16:40:56.627 | 02:46   14ms  100M   51G  26/ 31U [GameAnalyzer] Income advantage is now SlightDisadvantage
2022-10-27 16:40:56.695 | 02:47   13ms  100M   51G  26/ 31U [GameAnalyzer] Income advantage is now SmallDisadvantage
2022-10-27 16:40:57.020 | 02:48   14ms  135M   59G  26/ 31U [GameAnalyzer] Income advantage is now SlightDisadvantage
2022-10-27 16:40:57.023 | 02:48   14ms   85M   59G  26/ 31U [TerranUnit] MARINE from BARRACKS at (121.5, 144.5)
2022-10-27 16:40:57.122 | 02:49   15ms   90M   59G  27/ 31U [GameAnalyzer] Income advantage is now SmallDisadvantage
2022-10-27 16:40:57.255 | 02:50   13ms  100M   59G  27/ 31U [GameAnalyzer] Income advantage is now SlightDisadvantage
2022-10-27 16:40:57.362 | 02:50   14ms  100M   63G  27/ 31U [GameAnalyzer] Income advantage is now SmallDisadvantage
2022-10-27 16:40:57.462 | 02:51   13ms  105M   67G  27/ 31U [GameAnalyzer] Income advantage is now SlightDisadvantage
2022-10-27 16:40:57.534 | 02:51   14ms  105M   67G  27/ 31U [GameAnalyzer] Income advantage is now SmallDisadvantage
2022-10-27 16:40:57.715 | 02:52   13ms  125M   67G  27/ 31U [GameAnalyzer] Income advantage is now SlightDisadvantage
2022-10-27 16:40:57.753 | 02:52   15ms  125M   67G  27/ 31U [GameAnalyzer] Income advantage is now SmallDisadvantage
2022-10-27 16:40:57.754 | 02:52   15ms  125M   67G  27/ 31U [GameAnalyzer] Known army advantage is now Even
2022-10-27 16:40:57.758 | 02:52   15ms   75M   67G  27/ 31U [TerranUnit] MARINE from BARRACKS at (121.5, 144.5)
2022-10-27 16:40:57.930 | 02:53   14ms  115M   75G  28/ 31U [GameAnalyzer] Income advantage is now SlightDisadvantage
2022-10-27 16:40:57.963 | 02:53   16ms  115M   75G  28/ 31U [GameAnalyzer] Income advantage is now SmallDisadvantage
2022-10-27 16:40:58.300 | 02:55   13ms  140M   83G  28/ 31U [GameAnalyzer] Income advantage is now SlightDisadvantage
2022-10-27 16:40:58.370 | 02:55   16ms  140M   83G  28/ 31U [GameAnalyzer] Income advantage is now SmallDisadvantage
2022-10-27 16:40:58.436 | 02:56   13ms  140M   83G  28/ 31U [GameAnalyzer] Income advantage is now SlightDisadvantage
2022-10-27 16:40:58.437 | 02:56   13ms   90M   83G  28/ 31U [ActUnit] SCV from COMMANDCENTER at (126.5, 151.5)
2022-10-27 16:40:58.471 | 02:56   17ms   90M   83G  29/ 31U [GameAnalyzer] Income advantage is now SmallDisadvantage
2022-10-27 16:40:58.501 | 02:56   14ms   95M   83G  29/ 31U [GameAnalyzer] Income advantage is now SlightDisadvantage
2022-10-27 16:40:58.570 | 02:56   15ms  100M   87G  29/ 31U [GameAnalyzer] Income advantage is now SmallDisadvantage
2022-10-27 16:40:58.678 | 02:57   15ms  110M   91G  29/ 31U [GameAnalyzer] Income advantage is now SlightDisadvantage
2022-10-27 16:40:58.817 | 02:58   14ms  115M   91G  29/ 31U [GameAnalyzer] Income advantage is now SmallDisadvantage
2022-10-27 16:40:58.918 | 02:58   13ms  130M   99G  29/ 31U [GameAnalyzer] Income advantage is now SlightDisadvantage
2022-10-27 16:40:59.021 | 02:59   13ms  135M   99G  29/ 31U [GameAnalyzer] Income advantage is now SmallDisadvantage
2022-10-27 16:40:59.125 | 02:59   13ms  145M   99G  29/ 31U [GameAnalyzer] Income advantage is now SlightDisadvantage
2022-10-27 16:40:59.301 | 03:00   15ms  170M  103G  29/ 31U [GameAnalyzer] Income advantage is now SmallDisadvantage
2022-10-27 16:40:59.379 | 03:01   13ms  175M  107G  29/ 31U [GameAnalyzer] Income advantage is now SlightDisadvantage
2022-10-27 16:40:59.466 | 03:01   13ms  185M  107G  29/ 31U [GameAnalyzer] Income advantage is now SmallDisadvantage
2022-10-27 16:40:59.503 | 03:01   15ms  185M  107G  29/ 31U [Tech] Started STIMPACK
2022-10-27 16:40:59.507 | 03:01   15ms   35M    7G  29/ 31U [TerranUnit] MARINE from BARRACKS at (130.5, 159.5)
2022-10-27 16:40:59.623 | 03:02   13ms   45M    7G  30/ 31U [GameAnalyzer] Income advantage is now SlightDisadvantage
2022-10-27 16:40:59.670 | 03:02   17ms   45M   11G  30/ 31U [GameAnalyzer] Income advantage is now SmallDisadvantage
2022-10-27 16:41:00.112 | 03:04   16ms   65M   15G  30/ 31U [GameAnalyzer] Income advantage is now SlightDisadvantage
2022-10-27 16:41:00.152 | 03:04   16ms   70M   19G  30/ 31U [GameAnalyzer] Income advantage is now SmallDisadvantage
2022-10-27 16:41:00.412 | 03:05   14ms   80M   23G  30/ 31U [GameAnalyzer] Income advantage is now SlightDisadvantage
2022-10-27 16:41:00.450 | 03:06   18ms   80M   23G  30/ 31U [GameAnalyzer] Income advantage is now SmallDisadvantage
2022-10-27 16:41:00.588 | 03:06   13ms   90M   31G  30/ 31U [GameAnalyzer] Income advantage is now SlightDisadvantage
2022-10-27 16:41:00.589 | 03:06   13ms   90M   31G  30/ 31U [GameAnalyzer] Known army advantage is now SlightAdvantage
2022-10-27 16:41:00.624 | 03:06   17ms   90M   31G  30/ 31U [GameAnalyzer] Income advantage is now SmallDisadvantage
2022-10-27 16:41:00.662 | 03:07   17ms   70M   31G  30/ 31U [TerranUnit] MARINE from BARRACKS at (121.5, 144.5)
2022-10-27 16:41:00.736 | 03:07   15ms   75M   31G  31/ 31U [GameAnalyzer] Income advantage is now SlightDisadvantage
2022-10-27 16:41:00.771 | 03:07   17ms   75M   31G  31/ 31U [GameAnalyzer] Income advantage is now SmallDisadvantage
2022-10-27 16:41:00.947 | 03:08   15ms   80M   35G  31/ 31U [GameAnalyzer] Income advantage is now SlightDisadvantage
2022-10-27 16:41:01.096 | 03:09   18ms   90M   39G  31/ 31U [GameAnalyzer] Income advantage is now SmallDisadvantage
2022-10-27 16:41:01.285 | 03:10   14ms  100M   43G  31/ 31U [GameAnalyzer] Income advantage is now SlightDisadvantage
2022-10-27 16:41:01.329 | 03:10   18ms  100M   47G  31/ 31U [GameAnalyzer] Income advantage is now SmallDisadvantage
2022-10-27 16:41:01.723 | 03:12   14ms  125M   47G  31/ 31U [GameAnalyzer] Income advantage is now SlightDisadvantage
2022-10-27 16:41:01.763 | 03:12   18ms  125M   51G  31/ 31U [GameAnalyzer] Income advantage is now SmallDisadvantage
2022-10-27 16:41:01.766 | 03:12   18ms  125M   51G  31/ 31U [BuildAddon] UnitTypeId.FACTORYREACTOR to (119.0, 149.0)
2022-10-27 16:41:02.038 | 03:13   15ms   90M    5G  31/ 46U [GameAnalyzer] Income advantage is now SlightDisadvantage
2022-10-27 16:41:02.125 | 03:14   15ms   90M    9G  31/ 46U [GameAnalyzer] Income advantage is now SmallDisadvantage
2022-10-27 16:41:02.200 | 03:14   14ms  100M   13G  31/ 46U [GameAnalyzer] Income advantage is now SlightDisadvantage
2022-10-27 16:41:03.166 | 03:19   13ms   20M   33G  31/ 46U [GameAnalyzer] Income advantage is now SmallDisadvantage
2022-10-27 16:41:03.206 | 03:19   15ms   20M   33G  31/ 46U [GameAnalyzer] Income advantage is now SlightDisadvantage
2022-10-27 16:41:03.238 | 03:19   17ms   20M   33G  31/ 46U [GameAnalyzer] Known army advantage is now SmallAdvantage
2022-10-27 16:41:03.375 | 03:20   14ms   30M   33G  31/ 46U [GameAnalyzer] Income advantage is now SmallDisadvantage
2022-10-27 16:41:03.413 | 03:20   15ms   35M   37G  31/ 46U [GameAnalyzer] Income advantage is now SlightDisadvantage
2022-10-27 16:41:03.691 | 03:21   13ms   25M   45G  31/ 46U [TerranUnit] MARINE from BARRACKS at (121.5, 144.5)
2022-10-27 16:41:03.862 | 03:22   15ms   30M   49G  32/ 46U [GameAnalyzer] Income advantage is now SmallDisadvantage
2022-10-27 16:41:03.900 | 03:22   15ms   40M   49G  32/ 46U [GameAnalyzer] Income advantage is now SlightDisadvantage
2022-10-27 16:41:04.161 | 03:24   14ms    5M   53G  32/ 46U [TerranUnit] MARINE from BARRACKS at (130.5, 159.5)
2022-10-27 16:41:04.834 | 03:27   16ms   45M   69G  33/ 46U [GameAnalyzer] Income advantage is now SmallDisadvantage
2022-10-27 16:41:04.908 | 03:27   13ms   55M   73G  33/ 46U [GameAnalyzer] Income advantage is now SlightDisadvantage
2022-10-27 16:41:04.912 | 03:27   13ms    5M   73G  33/ 46U [TerranUnit] MARINE from BARRACKS at (121.5, 144.5)
2022-10-27 16:41:05.051 | 03:28   15ms   35M   77G  34/ 46U [GameAnalyzer] Income advantage is now SmallDisadvantage
2022-10-27 16:41:05.153 | 03:29   15ms   45M   81G  34/ 46U [GameAnalyzer] Income advantage is now SlightDisadvantage
2022-10-27 16:41:05.333 | 03:30   13ms   55M   85G  34/ 46U [GameAnalyzer] Income advantage is now SmallDisadvantage
2022-10-27 16:41:05.365 | 03:30   17ms   55M   85G  34/ 46U [GameAnalyzer] Income advantage is now SlightDisadvantage
2022-10-27 16:41:06.036 | 03:33   14ms  110M   97G  34/ 46U [GameAnalyzer] Income advantage is now SmallDisadvantage
2022-10-27 16:41:06.108 | 03:33   15ms  120M  101G  34/ 46U [GameAnalyzer] Income advantage is now SlightDisadvantage
2022-10-27 16:41:06.286 | 03:34   15ms  125M  105G  34/ 46U [GameAnalyzer] Income advantage is now SmallDisadvantage
2022-10-27 16:41:06.323 | 03:35   17ms  125M  105G  34/ 46U [GameAnalyzer] Income advantage is now SlightDisadvantage
2022-10-27 16:41:06.401 | 03:35   14ms   10M    5G  34/ 46U [GameAnalyzer] Income advantage is now SmallDisadvantage
2022-10-27 16:41:06.433 | 03:35   16ms   15M    5G  34/ 46U [GameAnalyzer] Income advantage is now SlightDisadvantage
2022-10-27 16:41:06.770 | 03:37   16ms   25M   13G  34/ 46U [GameAnalyzer] Income advantage is now SmallDisadvantage
2022-10-27 16:41:06.807 | 03:37   15ms   30M   17G  34/ 46U [GameAnalyzer] Income advantage is now SlightDisadvantage
2022-10-27 16:41:06.994 | 03:38   15ms   50M   21G  34/ 46U [GameAnalyzer] Income advantage is now SmallDisadvantage
2022-10-27 16:41:07.157 | 03:38   14ms   60M   21G  34/ 46U [GameAnalyzer] Income advantage is now SlightDisadvantage
2022-10-27 16:41:07.199 | 03:39   15ms   60M   21G  34/ 46U [GameAnalyzer] Income advantage is now SmallDisadvantage
2022-10-27 16:41:07.319 | 03:39   14ms   15M   21G  34/ 46U [TerranUnit] MARINE from BARRACKS at (121.5, 144.5)
2022-10-27 16:41:07.352 | 03:39   17ms   20M   25G  35/ 46U [GameAnalyzer] Income advantage is now SlightDisadvantage
2022-10-27 16:41:07.771 | 03:41   14ms    5M   37G  35/ 46U [ActUnit] SCV from COMMANDCENTER at (126.5, 151.5)
2022-10-27 16:41:07.807 | 03:41   18ms    5M   37G  36/ 46U [GameAnalyzer] Income advantage is now SmallDisadvantage
2022-10-27 16:41:07.852 | 03:42   15ms    5M   37G  36/ 46U [GameAnalyzer] Income advantage is now SlightDisadvantage
2022-10-27 16:41:07.923 | 03:42   16ms   20M   37G  36/ 46U [GameAnalyzer] Predicted army advantage is now SmallDisadvantage
2022-10-27 16:41:08.007 | 03:42   14ms   25M   37G  36/ 46U [GameAnalyzer] Income advantage is now SmallDisadvantage
2022-10-27 16:41:08.264 | 03:44   17ms   50M   41G  36/ 46U [GameAnalyzer] Income advantage is now SlightDisadvantage
2022-10-27 16:41:08.266 | 03:44   17ms    0M   41G  36/ 46U [ActUnit] SCV from COMMANDCENTER at (98.5, 151.5)
2022-10-27 16:41:08.460 | 03:45   16ms    5M   45G  37/ 46U [GameAnalyzer] Income advantage is now SmallDisadvantage
2022-10-27 16:41:09.012 | 03:47   16ms   35M   53G  37/ 46U [GameAnalyzer] Predicted army advantage is now SlightDisadvantage
2022-10-27 16:41:09.055 | 03:47   18ms   15M   57G  37/ 46U [TerranUnit] MARINE from BARRACKS at (130.5, 159.5)
2022-10-27 16:41:09.651 | 03:50   20ms    5M   69G  38/ 46U [TerranUnit] MARINE from BARRACKS at (121.5, 144.5)
2022-10-27 16:41:10.326 | 03:52   21ms   60M   77G  39/ 46U [GameAnalyzer] Known army advantage is now SlightAdvantage
2022-10-27 16:41:10.473 | 03:53   25ms    5M   56G  39/ 46U [TerranUnit] WIDOWMINE from FACTORY at (116.5, 149.5)
2022-10-27 16:41:11.313 | 03:56   19ms    0M   68G  41/ 46U [ActUnit] SCV from COMMANDCENTER at (126.5, 151.5)
2022-10-27 16:41:11.576 | 03:57   19ms   10M   76G  42/ 46U [ActUnit] SCV from COMMANDCENTER at (98.5, 151.5)
2022-10-27 16:41:12.213 | 04:00   21ms    5M   84G  43/ 46U [TerranUnit] MARINE from BARRACKS at (121.5, 144.5)
2022-10-27 16:41:12.907 | 04:03   20ms   55M  100G  44/ 46U [GameAnalyzer] Predicted army advantage is now SmallDisadvantage
2022-10-27 16:41:13.331 | 04:04   20ms   20M   83G  44/ 46U [TerranUnit] WIDOWMINE from FACTORY at (116.5, 149.5)
2022-10-27 16:41:14.116 | 04:07   17ms   80M   99G  46/ 46U [GameAnalyzer] Known army advantage is now SmallAdvantage
2022-10-27 16:41:14.117 | 04:07   17ms   80M   99G  46/ 46U [GameAnalyzer] Predicted army advantage is now SlightDisadvantage
2022-10-27 16:41:14.211 | 04:08   22ms   80M   99G  46/ 46U [GameAnalyzer] Predicted army advantage is now SmallDisadvantage
2022-10-27 16:41:15.700 | INFO     | sc2.protocol:_execute:72 - Client status changed to Status.ended (was Status.in_game)
2022-10-27 16:41:15.703 | Result: Defeat
2022-10-27 16:41:15.703 | Duration: 04:13
2022-10-27 16:41:15.704 | Step time min: 6
2022-10-27 16:41:15.705 | Step time avg: 13
2022-10-27 16:41:15.706 | Step time max: 127
2022-10-27 16:41:15.707 | [LostUnitsContents] My lost units minerals and gas: (50, 50)
2022-10-27 16:41:15.707 | [LostUnitsContents] My lost units minerals by score: 50.0
2022-10-27 16:41:15.708 | [LostUnitsContents] Enemy lost units minerals and gas: (50, 0)
2022-10-27 16:41:15.709 | [LostUnitsContents] Enemy lost units minerals by score: 50.0
2022-10-27 16:41:15.709 | [GameAnalyzerEnd] Own units:
2022-10-27 16:41:15.710 | [GameAnalyzerEnd] SCV               total:  27 alive:  27 dead:   0 
2022-10-27 16:41:15.711 | [GameAnalyzerEnd] MARINE            total:  12 alive:  12 dead:   0 
2022-10-27 16:41:15.711 | [GameAnalyzerEnd] SUPPLYDEPOT       total:   2 alive:   2 dead:   0 
2022-10-27 16:41:15.712 | [GameAnalyzerEnd] REFINERY          total:   2 alive:   2 dead:   0 
2022-10-27 16:41:15.713 | [GameAnalyzerEnd] REACTOR           total:   2 alive:   2 dead:   0 
2022-10-27 16:41:15.713 | [GameAnalyzerEnd] BARRACKS          total:   2 alive:   2 dead:   0 
2022-10-27 16:41:15.714 | [GameAnalyzerEnd] MULE              total:   2 alive:   2 dead:   0 
2022-10-27 16:41:15.715 | [GameAnalyzerEnd] ORBITALCOMMAND    total:   2 alive:   2 dead:   0 
2022-10-27 16:41:15.718 | [GameAnalyzerEnd] TECHLAB           total:   1 alive:   1 dead:   0 
2022-10-27 16:41:15.719 | [GameAnalyzerEnd] FACTORY           total:   1 alive:   1 dead:   0 
2022-10-27 16:41:15.719 | [GameAnalyzerEnd] STARPORT          total:   1 alive:   1 dead:   0 
2022-10-27 16:41:15.720 | [GameAnalyzerEnd] REAPER            total:   1 alive:   0 dead:   1 
2022-10-27 16:41:15.720 | [GameAnalyzerEnd] Enemy units:
2022-10-27 16:41:15.721 | [GameAnalyzerEnd] PROBE             total:  34 alive:  33 dead:   1 
2022-10-27 16:41:15.722 | [GameAnalyzerEnd] PYLON             total:   3 alive:   3 dead:   0 
2022-10-27 16:41:15.722 | [GameAnalyzerEnd] NEXUS             total:   2 alive:   2 dead:   0 
2022-10-27 16:41:15.723 | [GameAnalyzerEnd] ASSIMILATOR       total:   2 alive:   2 dead:   0 
2022-10-27 16:41:15.724 | [GameAnalyzerEnd] ZEALOT            total:   2 alive:   2 dead:   0 
2022-10-27 16:41:15.724 | [GameAnalyzerEnd] GATEWAY           total:   1 alive:   1 dead:   0 
2022-10-27 16:41:15.725 | [GameAnalyzerEnd] CYBERNETICSCORE   total:   1 alive:   1 dead:   0 
2022-10-27 16:41:15.726 | [GameAnalyzerEnd] ROBOTICSFACILITY  total:   1 alive:   1 dead:   0 
2022-10-27 16:41:15.726 | [GameAnalyzerEnd] ADEPT             total:   1 alive:   1 dead:   0 
2022-10-27 16:41:15.727 | [GameAnalyzerEnd] STALKER           total:   1 alive:   1 dead:   0 
2022-10-27 16:41:15.728 | [GameAnalyzerEnd] Minerals max 595 Average 128
2022-10-27 16:41:15.728 | [GameAnalyzerEnd] Vespene max 123 Average 38
2022-10-27 16:41:15.729 | INFO     | sc2.main:_play_game:228 - Result for player 1 - Bot Turtles(Terran): Defeat
2022-10-27 16:41:16.851 | INFO     | sc2.protocol:__request:48 - Cannot receive: Game has already ended.
2022-10-27 16:41:16.853 | INFO     | sc2.sc2process:_close_connection:231 - Closing connection at 50360...
2022-10-27 16:41:16.854 | INFO     | sc2.sc2process:kill_all:33 - kill_switch: Process cleanup for 1 processes
