2022-10-28 09:55:39.122 | INFO     | sc2.protocol:_execute:72 - Client status changed to Status.launched (was None)
2022-10-28 09:55:39.124 | INFO     | sc2.controller:create_game:37 - Creating new game
2022-10-28 09:55:39.125 | INFO     | sc2.controller:create_game:38 - Map:     JagannathaAIE
2022-10-28 09:55:39.127 | INFO     | sc2.controller:create_game:39 - Players: Bot Turtles(Terran), Computer VeryHard(Random, RandomBuild)
2022-10-28 09:55:39.129 | INFO     | sc2.protocol:_execute:72 - Client status changed to Status.init_game (was Status.launched)
2022-10-28 09:55:57.767 | INFO     | sc2.protocol:_execute:72 - Client status changed to Status.in_game (was None)
2022-10-28 09:55:57.769 | INFO     | sc2.main:_play_game:221 - Player 1 - Bot Turtles(Terran)
2022-10-28 09:55:58.337 | 00:00    0ms    0M    0G  12/ 15U [Version] 5.0.10.88500
2022-10-28 09:55:58.338 | 00:00    0ms    0M    0G  12/ 15U [Version] 5.0.6 Balance mod recognized.
2022-10-28 09:55:58.411 | 00:00    0ms    0M    0G  12/ 15U [ZoneManager] Map set to: MapName.Jagannatha from name: Jagannatha AIE and hash: 3355197.
2022-10-28 09:55:59.138 | [Start] My race: Terran
2022-10-28 09:55:59.140 | [Start] Opponent race: Random
2022-10-28 09:55:59.141 | [Start] OpponentId: None
2022-10-28 09:55:59.356 | 00:00    7ms    0M    0G  13/ 15U [GameAnalyzer] Income advantage is now SlightDisadvantage
2022-10-28 09:55:59.436 | 00:01    8ms    0M    0G  13/ 15U [GameAnalyzer] Income advantage is now Even
2022-10-28 09:56:00.906 | 00:14    6ms    0M    0G  13/ 15U [ActUnit] SCV from COMMANDCENTER at (126.5, 151.5)
2022-10-28 09:56:02.344 | 00:26    7ms  105M    0G  14/ 15U [ActUnit] SCV from COMMANDCENTER at (126.5, 151.5)
2022-10-28 09:56:03.846 | 00:39    6ms   55M    0G  15/ 23U [ActUnit] SCV from COMMANDCENTER at (126.5, 151.5)
2022-10-28 09:56:05.251 | 00:51    6ms    5M    0G  16/ 23U [ActUnit] SCV from COMMANDCENTER at (126.5, 151.5)
2022-10-28 09:56:05.861 | 00:56    8ms    0M    0G  17/ 23U [BuildGas] Building REFINERY to (123.5, 158.5)
2022-10-28 09:56:06.728 | 01:03    8ms   30M    0G  17/ 23U [ActUnit] SCV from COMMANDCENTER at (126.5, 151.5)
2022-10-28 09:56:08.428 | 01:14   20ms   10M    0G  18/ 23U [GameAnalyzer] Income advantage is now SlightAdvantage
2022-10-28 09:56:08.738 | 01:15   21ms   20M    0G  18/ 23U [GameAnalyzer] Income advantage is now Even
2022-10-28 09:56:09.096 | 01:18    9ms    0M    0G  18/ 23U [ActUnit] SCV from COMMANDCENTER at (126.5, 151.5)
2022-10-28 09:56:09.754 | 01:22   11ms   40M    0G  19/ 23U [GameAnalyzer] Income advantage is now SlightDisadvantage
2022-10-28 09:56:09.805 | 01:22   11ms   45M    0G  19/ 23U [GameAnalyzer] Income advantage is now Even
2022-10-28 09:56:09.959 | 01:22   11ms   55M    0G  19/ 23U [GameAnalyzer] Income advantage is now SlightDisadvantage
2022-10-28 09:56:10.027 | 01:23   11ms   60M    0G  19/ 23U [GameAnalyzer] Income advantage is now Even
2022-10-28 09:56:10.081 | 01:23   11ms   60M    0G  19/ 23U [GameAnalyzer] Income advantage is now SlightDisadvantage
2022-10-28 09:56:10.186 | 01:23   10ms   70M    4G  19/ 23U [GameAnalyzer] Income advantage is now Even
2022-10-28 09:56:10.219 | 01:24   12ms   70M    8G  19/ 23U [GameAnalyzer] Income advantage is now SlightDisadvantage
2022-10-28 09:56:10.328 | 01:24   11ms   90M    8G  19/ 23U [GameAnalyzer] Income advantage is now Even
2022-10-28 09:56:10.409 | 01:25   11ms   90M    8G  19/ 23U [GameAnalyzer] Income advantage is now SlightDisadvantage
2022-10-28 09:56:10.464 | 01:25   10ms   90M    8G  19/ 23U [GameAnalyzer] Income advantage is now Even
2022-10-28 09:56:10.836 | 01:27   18ms  110M   12G  19/ 23U [GameAnalyzer] Income advantage is now SlightDisadvantage
2022-10-28 09:56:10.837 | 01:27   18ms  110M   12G  19/ 23U [GameAnalyzer] Predicted army advantage is now SlightDisadvantage
2022-10-28 09:56:10.880 | 01:28   15ms  110M   12G  19/ 23U [GameAnalyzer] Income advantage is now Even
2022-10-28 09:56:10.957 | 01:28   10ms  115M   12G  19/ 23U [GameAnalyzer] Income advantage is now SlightDisadvantage
2022-10-28 09:56:11.100 | 01:29   10ms  140M   16G  19/ 23U [GameAnalyzer] Income advantage is now Even
2022-10-28 09:56:11.201 | 01:29   11ms  145M   16G  19/ 23U [GameAnalyzer] Income advantage is now SlightDisadvantage
2022-10-28 09:56:11.229 | 01:30   14ms  145M   16G  19/ 23U [GameAnalyzer] Income advantage is now Even
2022-10-28 09:56:11.407 | 01:31   11ms  150M   20G  19/ 23U [GameAnalyzer] Income advantage is now SlightDisadvantage
2022-10-28 09:56:11.465 | 01:31   10ms    5M   20G  19/ 23U [GameAnalyzer] Income advantage is now Even
2022-10-28 09:56:11.671 | 01:32   11ms   20M   24G  19/ 23U [GameAnalyzer] Income advantage is now SlightDisadvantage
2022-10-28 09:56:11.726 | 01:33   10ms   20M   24G  19/ 23U [GameAnalyzer] Income advantage is now Even
2022-10-28 09:56:11.754 | 01:33   12ms   25M   24G  19/ 23U [GameAnalyzer] Income advantage is now SlightDisadvantage
2022-10-28 09:56:11.895 | 01:34   10ms    0M   28G  19/ 23U [TerranUnit] MARINE from BARRACKS at (121.5, 144.5)
2022-10-28 09:56:11.953 | 01:34   12ms    5M   28G  20/ 23U [GameAnalyzer] Income advantage is now Even
2022-10-28 09:56:12.193 | 01:36   11ms   15M   32G  20/ 23U [GameAnalyzer] Income advantage is now SlightDisadvantage
2022-10-28 09:56:12.222 | 01:36   12ms   20M   36G  20/ 23U [GameAnalyzer] Income advantage is now Even
2022-10-28 09:56:12.506 | 01:38   10ms   40M   40G  20/ 23U [GameAnalyzer] Income advantage is now SlightDisadvantage
2022-10-28 09:56:12.578 | 01:38   10ms   50M   40G  20/ 23U [GameAnalyzer] Income advantage is now Even
2022-10-28 09:56:12.580 | 01:38   10ms    0M   40G  20/ 23U [TerranUnit] MARINE from BARRACKS at (130.5, 159.5)
2022-10-28 09:56:12.719 | 01:39   10ms   15M   40G  21/ 23U [GameAnalyzer] Income advantage is now SlightDisadvantage
2022-10-28 09:56:12.813 | 01:39   11ms   20M   44G  21/ 23U [GameAnalyzer] Income advantage is now Even
2022-10-28 09:56:12.894 | 01:40   10ms   25M   44G  21/ 23U [GameAnalyzer] Income advantage is now SlightDisadvantage
2022-10-28 09:56:12.922 | 01:40   13ms   30M   44G  21/ 23U [GameAnalyzer] Income advantage is now Even
2022-10-28 09:56:13.298 | 01:42   11ms   55M   52G  21/ 23U [GameAnalyzer] Income advantage is now SlightDisadvantage
2022-10-28 09:56:13.386 | 01:43   11ms   75M   52G  21/ 23U [GameAnalyzer] Income advantage is now Even
2022-10-28 09:56:13.442 | 01:43   11ms   75M   56G  21/ 23U [GameAnalyzer] Income advantage is now SlightDisadvantage
2022-10-28 09:56:13.498 | 01:44   12ms   85M   56G  21/ 23U [GameAnalyzer] Income advantage is now Even
2022-10-28 09:56:13.632 | 01:45   11ms   95M   56G  21/ 23U [GameAnalyzer] Income advantage is now SlightDisadvantage
2022-10-28 09:56:13.656 | 01:45   13ms  100M   60G  21/ 23U [GameAnalyzer] Income advantage is now Even
2022-10-28 09:56:13.973 | 01:46   11ms  115M   64G  21/ 23U [GameAnalyzer] Income advantage is now SlightDisadvantage
2022-10-28 09:56:14.059 | 01:47   11ms  130M   64G  21/ 23U [GameAnalyzer] Income advantage is now Even
2022-10-28 09:56:14.118 | 01:47   12ms  130M   64G  21/ 23U [GameAnalyzer] Income advantage is now SlightDisadvantage
2022-10-28 09:56:14.213 | 01:48   12ms  145M   68G  21/ 23U [GameAnalyzer] Income advantage is now Even
2022-10-28 09:56:14.282 | 01:48   11ms  145M   68G  21/ 23U [GameAnalyzer] Income advantage is now SlightDisadvantage
2022-10-28 09:56:14.419 | 01:49   11ms   20M   72G  21/ 23U [GameAnalyzer] Income advantage is now Even
2022-10-28 09:56:14.475 | 01:50   12ms   20M   72G  21/ 23U [GameAnalyzer] Income advantage is now SlightDisadvantage
2022-10-28 09:56:14.500 | 01:50   11ms   20M   72G  21/ 23U [GameAnalyzer] Income advantage is now Even
2022-10-28 09:56:14.587 | 01:50   10ms   20M   72G  21/ 23U [GameAnalyzer] Income advantage is now SlightDisadvantage
2022-10-28 09:56:14.641 | 01:51   12ms   25M   76G  21/ 23U [GameAnalyzer] Income advantage is now Even
2022-10-28 09:56:14.722 | 01:51   12ms   35M   76G  21/ 23U [GameAnalyzer] Income advantage is now SlightDisadvantage
2022-10-28 09:56:14.786 | 01:51   11ms   45M   76G  21/ 23U [GameAnalyzer] Income advantage is now Even
2022-10-28 09:56:14.787 | 01:51   11ms   45M   76G  21/ 23U [GameAnalyzer] Known army advantage is now SlightAdvantage
2022-10-28 09:56:14.905 | 01:52   12ms   45M   80G  21/ 23U [GameAnalyzer] Income advantage is now SlightDisadvantage
2022-10-28 09:56:14.962 | 01:53   10ms    0M   80G  21/ 23U [TerranUnit] MARINE from BARRACKS at (121.5, 144.5)
2022-10-28 09:56:14.992 | 01:53   14ms   10M   80G  22/ 23U [GameAnalyzer] Income advantage is now Even
2022-10-28 09:56:15.048 | 01:53   11ms   15M   80G  22/ 23U [GameAnalyzer] Income advantage is now SlightDisadvantage
2022-10-28 09:56:15.190 | 01:54   13ms   35M   84G  22/ 23U [GameAnalyzer] Income advantage is now Even
2022-10-28 09:56:15.275 | 01:55   11ms   35M   84G  22/ 23U [GameAnalyzer] Income advantage is now SlightDisadvantage
2022-10-28 09:56:15.301 | 01:55   12ms   35M   84G  22/ 23U [GameAnalyzer] Income advantage is now Even
2022-10-28 09:56:15.408 | 01:55   12ms   40M   88G  22/ 23U [GameAnalyzer] Income advantage is now SlightDisadvantage
2022-10-28 09:56:15.436 | 01:56   12ms   50M   88G  22/ 23U [GameAnalyzer] Income advantage is now Even
2022-10-28 09:56:15.494 | 01:56   12ms   50M   88G  22/ 23U [GameAnalyzer] Predicted army advantage is now Even
2022-10-28 09:56:15.497 | 01:56   12ms    0M   88G  22/ 23U [TerranUnit] MARINE from BARRACKS at (130.5, 159.5)
2022-10-28 09:56:15.613 | 01:56   12ms   10M   92G  23/ 23U [GameAnalyzer] Income advantage is now SlightDisadvantage
2022-10-28 09:56:15.670 | 01:57   11ms   10M   92G  23/ 23U [GameAnalyzer] Income advantage is now Even
2022-10-28 09:56:15.696 | 01:57   14ms   10M   92G  23/ 23U [GameAnalyzer] Income advantage is now SlightDisadvantage
2022-10-28 09:56:15.811 | 01:58   10ms   35M   92G  23/ 23U [GameAnalyzer] Income advantage is now Even
2022-10-28 09:56:15.844 | 01:58   12ms   35M   96G  23/ 23U [GameAnalyzer] Income advantage is now SlightDisadvantage
2022-10-28 09:56:15.868 | 01:58   14ms   40M   96G  23/ 23U [GameAnalyzer] Income advantage is now Even
2022-10-28 09:56:15.900 | 01:58   11ms   40M   96G  23/ 23U [GameAnalyzer] Income advantage is now SlightDisadvantage
2022-10-28 09:56:15.963 | 01:59   13ms   50M   96G  23/ 23U [GameAnalyzer] Income advantage is now Even
2022-10-28 09:56:16.119 | 02:00   11ms   50M  100G  23/ 23U [GameAnalyzer] Income advantage is now SlightDisadvantage
2022-10-28 09:56:16.150 | 02:00   14ms   55M  100G  23/ 23U [GameAnalyzer] Income advantage is now Even
2022-10-28 09:56:16.208 | 02:00   11ms   55M  100G  23/ 23U [GameAnalyzer] Income advantage is now SlightDisadvantage
2022-10-28 09:56:16.291 | 02:01   11ms   65M  100G  23/ 23U [GameAnalyzer] Income advantage is now Even
2022-10-28 09:56:16.417 | 02:01   12ms   75M  104G  23/ 23U [GameAnalyzer] Income advantage is now SlightDisadvantage
2022-10-28 09:56:16.515 | 02:02   18ms   75M  104G  23/ 23U [GameAnalyzer] Income advantage is now Even
2022-10-28 09:56:16.558 | 02:02   20ms   85M  104G  23/ 23U [GameAnalyzer] Income advantage is now SlightDisadvantage
2022-10-28 09:56:16.682 | 02:03   11ms  105M  108G  23/ 23U [GameAnalyzer] Income advantage is now Even
2022-10-28 09:56:16.782 | 02:03   11ms  110M  108G  23/ 23U [GameAnalyzer] Income advantage is now SlightDisadvantage
2022-10-28 09:56:16.842 | 02:04   11ms  115M  108G  23/ 23U [GameAnalyzer] Income advantage is now Even
2022-10-28 09:56:17.198 | 02:06   20ms    5M  116G  23/ 23U [GameAnalyzer] Income advantage is now SlightDisadvantage
2022-10-28 09:56:17.287 | 02:06   13ms   15M  116G  23/ 23U [GameAnalyzer] Income advantage is now Even
2022-10-28 09:56:17.349 | 02:06   11ms   25M  116G  23/ 23U [GameAnalyzer] Income advantage is now SlightDisadvantage
2022-10-28 09:56:17.513 | 02:07   11ms   40M  120G  23/ 23U [GameAnalyzer] Income advantage is now Even
2022-10-28 09:56:17.584 | 02:08   14ms   45M  120G  23/ 23U [GameAnalyzer] Income advantage is now SlightDisadvantage
2022-10-28 09:56:17.656 | 02:08   11ms   45M  120G  23/ 23U [GameAnalyzer] Income advantage is now Even
2022-10-28 09:56:17.687 | 02:08   16ms   50M  124G  23/ 23U [GameAnalyzer] Income advantage is now SlightDisadvantage
2022-10-28 09:56:17.690 | 02:08   16ms   50M  124G  23/ 23U [BuildAddon] UnitTypeId.BARRACKSTECHLAB to (119.0, 149.0)
2022-10-28 09:56:17.812 | 02:09   17ms   10M   99G  23/ 23U [GameAnalyzer] Income advantage is now Even
2022-10-28 09:56:17.848 | 02:09   23ms   10M   99G  23/ 23U [GameAnalyzer] Income advantage is now SlightDisadvantage
2022-10-28 09:56:17.909 | 02:09   14ms   15M   99G  23/ 23U [GameAnalyzer] Income advantage is now Even
2022-10-28 09:56:18.030 | 02:10   12ms   15M  103G  23/ 23U [GameAnalyzer] Income advantage is now SlightDisadvantage
2022-10-28 09:56:18.092 | 02:10   13ms   20M  103G  23/ 23U [GameAnalyzer] Predicted army advantage is now SlightAdvantage
2022-10-28 09:56:18.157 | 02:11   11ms   35M  103G  23/ 23U [GameAnalyzer] Income advantage is now Even
2022-10-28 09:56:18.221 | 02:11   11ms   40M  107G  23/ 23U [GameAnalyzer] Income advantage is now SlightDisadvantage
2022-10-28 09:56:18.315 | 02:12   12ms   70M  107G  23/ 23U [GameAnalyzer] Income advantage is now Even
2022-10-28 09:56:18.349 | 02:12   15ms   70M  107G  23/ 23U [GameAnalyzer] Income advantage is now SlightDisadvantage
2022-10-28 09:56:18.477 | 02:13   14ms   85M  107G  23/ 23U [GameAnalyzer] Income advantage is now Even
2022-10-28 09:56:18.626 | 02:13   11ms   95M  111G  23/ 23U [GameAnalyzer] Income advantage is now SlightDisadvantage
2022-10-28 09:56:18.733 | 02:14   11ms  105M  111G  23/ 23U [GameAnalyzer] Income advantage is now Even
2022-10-28 09:56:18.822 | 02:14   11ms    5M  115G  23/ 23U [GameAnalyzer] Income advantage is now SlightDisadvantage
2022-10-28 09:56:18.972 | 02:15   13ms   20M  115G  23/ 23U [GameAnalyzer] Income advantage is now Even
2022-10-28 09:56:19.002 | 02:15   13ms   20M  115G  23/ 23U [GameAnalyzer] Income advantage is now SlightDisadvantage
2022-10-28 09:56:19.092 | 02:16   11ms   35M  119G  23/ 23U [GameAnalyzer] Income advantage is now Even
2022-10-28 09:56:19.214 | 02:17   11ms   35M  119G  23/ 23U [GameAnalyzer] Income advantage is now SlightDisadvantage
2022-10-28 09:56:19.330 | 02:17   13ms   55M  123G  23/ 23U [GameAnalyzer] Income advantage is now Even
2022-10-28 09:56:19.359 | 02:18   12ms   55M  123G  23/ 23U [GameAnalyzer] Income advantage is now SlightDisadvantage
2022-10-28 09:56:19.508 | 02:18   12ms   65M  123G  23/ 23U [GameAnalyzer] Income advantage is now Even
2022-10-28 09:56:19.568 | 02:19   11ms   90M  127G  23/ 23U [GameAnalyzer] Income advantage is now SlightDisadvantage
2022-10-28 09:56:19.679 | 02:19   11ms   95M  127G  23/ 23U [GameAnalyzer] Income advantage is now Even
2022-10-28 09:56:19.772 | 02:20   11ms    0M  127G  23/ 23U [GameAnalyzer] Income advantage is now SlightDisadvantage
2022-10-28 09:56:20.402 | 02:24   11ms   50M  139G  23/ 23U [GameAnalyzer] Income advantage is now Even
2022-10-28 09:56:20.438 | 02:24   14ms   50M  139G  23/ 23U [GameAnalyzer] Income advantage is now SlightDisadvantage
2022-10-28 09:56:20.834 | 02:26   11ms  105M  143G  23/ 23U [Tech] Started STIMPACK
2022-10-28 09:56:21.027 | 02:27   11ms   15M   47G  23/ 23U [GameAnalyzer] Income advantage is now Even
2022-10-28 09:56:21.062 | 02:27   12ms   15M   47G  23/ 23U [GameAnalyzer] Income advantage is now SlightDisadvantage
2022-10-28 09:56:21.389 | 02:29   11ms   35M   51G  23/ 23U [GameAnalyzer] Income advantage is now Even
2022-10-28 09:56:21.427 | 02:30   12ms   35M   51G  23/ 23U [GameAnalyzer] Income advantage is now SlightDisadvantage
2022-10-28 09:56:22.185 | 02:34   11ms  115M   59G  23/ 23U [GameAnalyzer] Income advantage is now Even
2022-10-28 09:56:22.215 | 02:34   14ms  115M   59G  23/ 23U [GameAnalyzer] Income advantage is now SlightDisadvantage
2022-10-28 09:56:22.281 | 02:34   12ms   65M   59G  22/ 23U [ActUnit] SCV from COMMANDCENTER at (126.5, 151.5)
2022-10-28 09:56:22.283 | 02:34   12ms   15M   59G  22/ 23U [TerranUnit] MARINE from BARRACKS at (121.5, 144.5)
2022-10-28 09:56:22.345 | 02:35   11ms   20M   63G  23/ 23U [GameAnalyzer] Predicted army advantage is now SlightDisadvantage
2022-10-28 09:56:23.292 | 02:40   12ms  120M   71G  23/ 23U [GameAnalyzer] Income advantage is now Even
2022-10-28 09:56:23.352 | 02:41   11ms  125M   75G  23/ 23U [GameAnalyzer] Income advantage is now SlightDisadvantage
2022-10-28 09:56:23.444 | 02:41   12ms   80M   75G  23/ 31U [TerranUnit] MARINE from BARRACKS at (130.5, 159.5)
2022-10-28 09:56:23.476 | 02:41   15ms   30M   75G  25/ 31U [TerranUnit] MARINE from BARRACKS at (116.5, 149.5)
2022-10-28 09:56:23.627 | 02:42   11ms   45M   79G  26/ 31U [GameAnalyzer] Income advantage is now Even
2022-10-28 09:56:23.664 | 02:43   13ms   45M   79G  26/ 31U [GameAnalyzer] Income advantage is now SlightDisadvantage
2022-10-28 09:56:23.690 | 02:43   15ms   50M   79G  26/ 31U [GameAnalyzer] Income advantage is now Even
2022-10-28 09:56:23.691 | 02:43   15ms    0M   79G  26/ 31U [TerranUnit] MARINE from BARRACKS at (128.5, 140.5)
2022-10-28 09:56:23.783 | 02:43   11ms    5M   79G  27/ 31U [GameAnalyzer] Income advantage is now SlightDisadvantage
2022-10-28 09:56:23.841 | 02:44   13ms    5M   79G  27/ 31U [GameAnalyzer] Income advantage is now Even
2022-10-28 09:56:23.901 | 02:44   11ms   10M   79G  27/ 31U [GameAnalyzer] Income advantage is now SlightDisadvantage
2022-10-28 09:56:23.927 | 02:44   14ms   10M   79G  27/ 31U [GameAnalyzer] Income advantage is now Even
2022-10-28 09:56:23.989 | 02:45   11ms   10M   83G  27/ 31U [GameAnalyzer] Income advantage is now SlightDisadvantage
2022-10-28 09:56:24.022 | 02:45   14ms   15M   83G  27/ 31U [GameAnalyzer] Income advantage is now Even
2022-10-28 09:56:24.049 | 02:45   13ms   15M   83G  27/ 31U [GameAnalyzer] Income advantage is now SlightDisadvantage
2022-10-28 09:56:24.140 | 02:45   11ms   30M   83G  27/ 31U [GameAnalyzer] Income advantage is now Even
2022-10-28 09:56:24.170 | 02:46   13ms   35M   83G  27/ 31U [GameAnalyzer] Income advantage is now SlightDisadvantage
2022-10-28 09:56:24.229 | 02:46   11ms   40M   83G  27/ 31U [GameAnalyzer] Income advantage is now Even
2022-10-28 09:56:24.263 | 02:46   13ms   40M   87G  27/ 31U [GameAnalyzer] Income advantage is now SlightDisadvantage
2022-10-28 09:56:24.324 | 02:46   11ms   40M   87G  27/ 31U [GameAnalyzer] Income advantage is now Even
2022-10-28 09:56:24.533 | 02:48   11ms   85M   91G  27/ 39U [GameAnalyzer] Income advantage is now SlightDisadvantage
2022-10-28 09:56:24.564 | 02:48   14ms   90M   91G  27/ 39U [GameAnalyzer] Income advantage is now Even
2022-10-28 09:56:24.769 | 02:49   11ms   95M   95G  27/ 39U [GameAnalyzer] Income advantage is now SlightDisadvantage
2022-10-28 09:56:24.806 | 02:49   12ms   95M   95G  27/ 39U [GameAnalyzer] Income advantage is now Even
2022-10-28 09:56:25.326 | 02:52   11ms  145M  103G  27/ 39U [GameAnalyzer] Income advantage is now SlightDisadvantage
2022-10-28 09:56:25.363 | 02:53   12ms  145M  103G  27/ 39U [GameAnalyzer] Income advantage is now Even
2022-10-28 09:56:25.454 | 02:53   13ms    5M  103G  27/ 39U [TerranUnit] MARINE from BARRACKS at (114.5, 152.5)
2022-10-28 09:56:26.251 | 02:58   11ms   95M  119G  28/ 39U [GameAnalyzer] Income advantage is now SlightDisadvantage
2022-10-28 09:56:26.309 | 02:58   12ms  105M  119G  28/ 39U [GameAnalyzer] Income advantage is now Even
2022-10-28 09:56:26.457 | 02:59   13ms  120M  119G  28/ 39U [GameAnalyzer] Income advantage is now SlightDisadvantage
2022-10-28 09:56:26.459 | 02:59   13ms  120M  119G  28/ 39U [GameAnalyzer] Known army advantage is now SmallAdvantage
2022-10-28 09:56:26.460 | 02:59   13ms  120M  119G  28/ 39U [GameAnalyzer] Predicted army advantage is now Even
2022-10-28 09:56:26.461 | 02:59   13ms   70M  119G  28/ 39U [TerranUnit] MARINE from BARRACKS at (130.5, 159.5)
2022-10-28 09:56:26.511 | 02:59   16ms   70M  123G  29/ 39U [GameAnalyzer] Predicted army advantage is now SmallAdvantage
2022-10-28 09:56:26.513 | 02:59   16ms   20M  123G  29/ 39U [TerranUnit] MARINE from BARRACKS at (116.5, 149.5)
2022-10-28 09:56:26.540 | 03:00   15ms   20M  123G  30/ 39U [GameAnalyzer] Income advantage is now Even
2022-10-28 09:56:26.796 | 03:01   11ms   45M  127G  30/ 39U [GameAnalyzer] Income advantage is now SlightDisadvantage
2022-10-28 09:56:26.859 | 03:01   14ms    5M  127G  30/ 39U [TerranUnit] MARINE from BARRACKS at (128.5, 140.5)
2022-10-28 09:56:26.893 | 03:01   13ms   10M  127G  31/ 39U [GameAnalyzer] Income advantage is now Even
2022-10-28 09:56:27.023 | 03:02   11ms   40M  131G  31/ 39U [GameAnalyzer] Income advantage is now SlightDisadvantage
2022-10-28 09:56:27.051 | 03:02   15ms   40M  131G  31/ 39U [GameAnalyzer] Income advantage is now Even
2022-10-28 09:56:27.148 | 03:03   13ms    0M  131G  31/ 39U [TerranUnit] MARINE from BARRACKS at (121.5, 144.5)
2022-10-28 09:56:27.623 | 03:06   13ms   40M  139G  32/ 39U [GameAnalyzer] Income advantage is now SlightDisadvantage
2022-10-28 09:56:27.687 | 03:06   11ms   45M  139G  32/ 39U [GameAnalyzer] Income advantage is now Even
2022-10-28 09:56:27.752 | 03:06   11ms   50M  139G  32/ 39U [GameAnalyzer] Income advantage is now SlightDisadvantage
2022-10-28 09:56:27.790 | 03:06   12ms   55M  139G  32/ 39U [GameAnalyzer] Income advantage is now Even
2022-10-28 09:56:28.016 | 03:08   13ms   70M  143G  32/ 39U [GameAnalyzer] Income advantage is now SlightDisadvantage
2022-10-28 09:56:28.097 | 03:08   12ms  105M  147G  32/ 39U [GameAnalyzer] Income advantage is now Even
2022-10-28 09:56:28.290 | 03:09   11ms  115M  147G  32/ 39U [GameAnalyzer] Income advantage is now SlightDisadvantage
2022-10-28 09:56:28.326 | 03:09   14ms  120M  147G  32/ 39U [GameAnalyzer] Income advantage is now Even
2022-10-28 09:56:28.464 | 03:10   12ms  130M  151G  32/ 39U [GameAnalyzer] Income advantage is now SlightDisadvantage
2022-10-28 09:56:28.496 | 03:10   13ms  140M  151G  32/ 39U [GameAnalyzer] Income advantage is now Even
2022-10-28 09:56:28.625 | 03:11   13ms  100M  151G  32/ 39U [TerranUnit] MARINE from BARRACKS at (114.5, 152.5)
2022-10-28 09:56:28.664 | 03:11   14ms  100M  155G  33/ 39U [GameAnalyzer] Income advantage is now SlightDisadvantage
2022-10-28 09:56:28.734 | 03:11   16ms   10M  155G  33/ 39U [GameAnalyzer] Income advantage is now Even
2022-10-28 09:56:28.948 | 03:13   19ms   25M  159G  33/ 39U [GameAnalyzer] Income advantage is now SlightDisadvantage
2022-10-28 09:56:29.081 | 03:13   14ms   35M  159G  33/ 39U [GameAnalyzer] Income advantage is now Even
2022-10-28 09:56:29.265 | 03:14   13ms   50M  163G  33/ 39U [GameAnalyzer] Income advantage is now SlightDisadvantage
2022-10-28 09:56:29.368 | 03:15   12ms   55M  163G  33/ 39U [GameAnalyzer] Income advantage is now Even
2022-10-28 09:56:29.684 | 03:16   12ms  100M  167G  33/ 39U [GameAnalyzer] Income advantage is now SlightDisadvantage
2022-10-28 09:56:29.753 | 03:16   12ms  115M  167G  33/ 39U [GameAnalyzer] Income advantage is now Even
2022-10-28 09:56:29.855 | 03:17   12ms  120M  171G  33/ 39U [GameAnalyzer] Known army advantage is now ClearAdvantage
2022-10-28 09:56:29.857 | 03:17   12ms  120M  171G  33/ 39U [GameAnalyzer] Predicted army advantage is now ClearAdvantage
2022-10-28 09:56:29.859 | 03:17   12ms   70M  171G  33/ 39U [TerranUnit] MARINE from BARRACKS at (130.5, 159.5)
2022-10-28 09:56:29.903 | 03:17   16ms   20M  171G  34/ 39U [TerranUnit] MARINE from BARRACKS at (116.5, 149.5)
2022-10-28 09:56:29.934 | 03:17   17ms   20M  171G  35/ 39U [GameAnalyzer] Income advantage is now SlightDisadvantage
2022-10-28 09:56:30.003 | 03:18   12ms   20M  171G  35/ 39U [GameAnalyzer] Income advantage is now Even
2022-10-28 09:56:30.136 | 03:18   13ms   35M  175G  35/ 39U [GameAnalyzer] Income advantage is now SlightDisadvantage
2022-10-28 09:56:30.171 | 03:19   14ms   45M  175G  35/ 39U [GameAnalyzer] Income advantage is now Even
2022-10-28 09:56:30.246 | 03:19   17ms   45M  175G  35/ 39U [GameAnalyzer] Income advantage is now SlightDisadvantage
2022-10-28 09:56:30.280 | 03:19   15ms    0M  175G  35/ 39U [TerranUnit] MARINE from BARRACKS at (128.5, 140.5)
2022-10-28 09:56:30.320 | 03:19   14ms    5M  175G  36/ 39U [GameAnalyzer] Income advantage is now Even
2022-10-28 09:56:30.353 | 03:20   15ms    5M  175G  36/ 39U [GameAnalyzer] Income advantage is now SlightDisadvantage
2022-10-28 09:56:30.464 | 03:20   13ms   10M  179G  36/ 39U [GameAnalyzer] Income advantage is now Even
2022-10-28 09:56:30.641 | 03:21   13ms   25M  179G  36/ 47U [GameAnalyzer] Income advantage is now SlightDisadvantage
2022-10-28 09:56:30.712 | 03:21   13ms   30M  179G  36/ 47U [GameAnalyzer] Income advantage is now Even
2022-10-28 09:56:30.897 | 03:22   14ms   20M  183G  36/ 47U [TerranUnit] MARINE from BARRACKS at (121.5, 144.5)
2022-10-28 09:56:31.229 | 03:24   15ms   45M  187G  37/ 47U [GameAnalyzer] Income advantage is now SlightDisadvantage
2022-10-28 09:56:31.299 | 03:24   13ms   50M  187G  37/ 47U [GameAnalyzer] Income advantage is now Even
2022-10-28 09:56:31.639 | 03:26   14ms   70M  195G  37/ 47U [GameAnalyzer] Income advantage is now SlightDisadvantage
2022-10-28 09:56:31.708 | 03:26   12ms   80M  195G  37/ 47U [GameAnalyzer] Income advantage is now Even
2022-10-28 09:56:31.868 | 03:27   12ms   90M  195G  37/ 47U [GameAnalyzer] Income advantage is now SlightDisadvantage
2022-10-28 09:56:31.934 | 03:28   13ms   95M  199G  37/ 47U [GameAnalyzer] Income advantage is now Even
2022-10-28 09:56:32.057 | 03:28   12ms  110M  199G  37/ 47U [GameAnalyzer] Income advantage is now SlightDisadvantage
2022-10-28 09:56:32.089 | 03:28   13ms  110M  199G  37/ 47U [GameAnalyzer] Income advantage is now Even
2022-10-28 09:56:32.156 | 03:29   12ms   70M  203G  37/ 47U [TerranUnit] MARINE from BARRACKS at (114.5, 152.5)
2022-10-28 09:56:32.316 | 03:30   13ms  100M  203G  38/ 47U [GameAnalyzer] Income advantage is now SlightDisadvantage
2022-10-28 09:56:32.345 | 03:30   14ms  105M  203G  38/ 47U [GameAnalyzer] Income advantage is now Even
2022-10-28 09:56:32.510 | 03:31   13ms  115M  207G  38/ 47U [GameAnalyzer] Income advantage is now SlightDisadvantage
2022-10-28 09:56:32.541 | 03:31   13ms  120M  207G  38/ 47U [GameAnalyzer] Income advantage is now Even
2022-10-28 09:56:32.831 | 03:33   12ms  150M  211G  38/ 47U [GameAnalyzer] Income advantage is now SlightDisadvantage
2022-10-28 09:56:32.893 | 03:33   13ms  155M  211G  38/ 47U [GameAnalyzer] Income advantage is now Even
2022-10-28 09:56:33.053 | 03:34   12ms  165M  215G  38/ 47U [GameAnalyzer] Income advantage is now SlightDisadvantage
2022-10-28 09:56:33.118 | 03:34   12ms  175M  215G  38/ 47U [GameAnalyzer] Income advantage is now Even
2022-10-28 09:56:33.248 | 03:35   12ms  180M  219G  38/ 47U [GameAnalyzer] Income advantage is now SlightDisadvantage
2022-10-28 09:56:33.250 | 03:35   12ms  130M  219G  38/ 47U [TerranUnit] MARINE from BARRACKS at (130.5, 159.5)
2022-10-28 09:56:33.287 | 03:35   17ms   80M  219G  39/ 47U [TerranUnit] MARINE from BARRACKS at (116.5, 149.5)
2022-10-28 09:56:33.326 | 03:35   22ms   90M  219G  40/ 47U [GameAnalyzer] Income advantage is now Even
2022-10-28 09:56:33.733 | 03:37   20ms  145M  223G  40/ 47U [GameAnalyzer] Income advantage is now SlightDisadvantage
2022-10-28 09:56:33.736 | 03:37   20ms   95M  223G  40/ 47U [TerranUnit] MARINE from BARRACKS at (128.5, 140.5)
2022-10-28 09:56:33.778 | 03:37   23ms   95M  223G  41/ 47U [GameAnalyzer] Income advantage is now Even
2022-10-28 09:56:34.059 | 03:38   18ms    5M  227G  41/ 55U [GameAnalyzer] Income advantage is now SlightDisadvantage
2022-10-28 09:56:34.103 | 03:39   20ms   10M  227G  41/ 55U [GameAnalyzer] Income advantage is now Even
2022-10-28 09:56:34.673 | 03:41   17ms    0M  235G  41/ 55U [TerranUnit] MARINE from BARRACKS at (121.5, 144.5)
2022-10-28 09:56:34.714 | 03:41   19ms    0M  235G  42/ 55U [GameAnalyzer] Income advantage is now SlightDisadvantage
2022-10-28 09:56:34.790 | 03:42   16ms   10M  235G  42/ 55U [GameAnalyzer] Income advantage is now Even
2022-10-28 09:56:34.947 | 03:43   19ms   20M  239G  42/ 55U [GameAnalyzer] Income advantage is now SlightDisadvantage
2022-10-28 09:56:34.980 | 03:43   18ms   20M  239G  42/ 55U [GameAnalyzer] Income advantage is now Even
2022-10-28 09:56:35.149 | 03:43   17ms   35M  243G  42/ 55U [GameAnalyzer] Income advantage is now SlightDisadvantage
2022-10-28 09:56:35.273 | 03:44   18ms   75M  243G  42/ 55U [GameAnalyzer] Income advantage is now Even
2022-10-28 09:56:35.843 | 03:47   17ms  100M  251G  42/ 55U [GameAnalyzer] Income advantage is now SlightDisadvantage
2022-10-28 09:56:35.846 | 03:47   17ms   50M  251G  42/ 55U [TerranUnit] MARINE from BARRACKS at (114.5, 152.5)
2022-10-28 09:56:35.887 | 03:47   23ms   60M  251G  43/ 55U [GameAnalyzer] Income advantage is now Even
2022-10-28 09:56:36.525 | 03:50   18ms   95M  259G  43/ 55U [GameAnalyzer] Income advantage is now SlightDisadvantage
2022-10-28 09:56:36.566 | 03:50   21ms  105M  259G  43/ 55U [GameAnalyzer] Income advantage is now Even
2022-10-28 09:56:36.693 | 03:50   18ms  110M  259G  43/ 55U [GameAnalyzer] Income advantage is now SlightDisadvantage
2022-10-28 09:56:36.730 | 03:51   22ms  115M  259G  43/ 55U [GameAnalyzer] Income advantage is now Even
2022-10-28 09:56:36.933 | 03:51   19ms  145M  263G  43/ 55U [GameAnalyzer] Income advantage is now SlightDisadvantage
2022-10-28 09:56:37.014 | 03:52   19ms  160M  263G  43/ 55U [GameAnalyzer] Income advantage is now Even
2022-10-28 09:56:37.214 | 03:53   19ms  180M  267G  43/ 55U [GameAnalyzer] Income advantage is now SlightDisadvantage
2022-10-28 09:56:37.215 | 03:53   19ms  180M  267G  43/ 55U [GameAnalyzer] Known army advantage is now OverwhelmingAdvantage
2022-10-28 09:56:37.216 | 03:53   19ms  180M  267G  43/ 55U [GameAnalyzer] Predicted army advantage is now OverwhelmingAdvantage
2022-10-28 09:56:37.217 | 03:53   19ms  130M  267G  43/ 55U [TerranUnit] MARINE from BARRACKS at (130.5, 159.5)
2022-10-28 09:56:37.262 | 03:53   23ms   80M  267G  44/ 55U [TerranUnit] MARINE from BARRACKS at (116.5, 149.5)
2022-10-28 09:56:37.308 | 03:53   23ms   80M  267G  45/ 55U [GameAnalyzer] Income advantage is now Even
2022-10-28 09:56:37.773 | 03:55   23ms   60M  271G  45/ 55U [TerranUnit] MARINE from BARRACKS at (128.5, 140.5)
2022-10-28 09:56:38.211 | 03:56   26ms   75M  275G  46/ 55U [GameAnalyzer] Income advantage is now SlightDisadvantage
2022-10-28 09:56:38.307 | 03:57   24ms   95M  279G  46/ 55U [GameAnalyzer] Income advantage is now Even
2022-10-28 09:56:38.902 | 03:59   24ms  105M  283G  46/ 55U [TerranUnit] MARINE from BARRACKS at (121.5, 144.5)
2022-10-28 09:56:38.999 | 04:00   22ms  105M  283G  47/ 55U [GameAnalyzer] Income advantage is now SlightDisadvantage
2022-10-28 09:56:39.047 | 04:00   24ms  105M  287G  47/ 55U [GameAnalyzer] Income advantage is now Even
2022-10-28 09:56:39.332 | 04:01   22ms  120M  287G  47/ 55U [GameAnalyzer] Income advantage is now SlightDisadvantage
2022-10-28 09:56:39.372 | 04:01   23ms  125M  287G  47/ 63U [GameAnalyzer] Income advantage is now Even
2022-10-28 09:56:39.520 | 04:01   21ms  135M  291G  47/ 63U [GameAnalyzer] Income advantage is now SlightDisadvantage
2022-10-28 09:56:39.609 | 04:02   23ms  150M  291G  47/ 63U [GameAnalyzer] Income advantage is now Even
2022-10-28 09:56:39.923 | 04:03   23ms  155M  295G  47/ 63U [GameAnalyzer] Income advantage is now SlightDisadvantage
2022-10-28 09:56:39.965 | 04:03   24ms  155M  295G  47/ 63U [GameAnalyzer] Income advantage is now Even
2022-10-28 09:56:40.324 | 04:05   22ms  130M  299G  47/ 63U [TerranUnit] MARINE from BARRACKS at (114.5, 152.5)
2022-10-28 09:56:40.742 | 04:06   24ms  185M  303G  48/ 63U [Tech] Started SHIELDWALL
2022-10-28 09:56:41.136 | 04:08   23ms  105M  207G  48/ 63U [GameAnalyzer] Income advantage is now SlightDisadvantage
2022-10-28 09:56:41.187 | 04:08   25ms  110M  207G  48/ 63U [GameAnalyzer] Income advantage is now Even
2022-10-28 09:56:41.602 | 04:09   23ms  130M  211G  48/ 63U [GameAnalyzer] Income advantage is now SlightDisadvantage
2022-10-28 09:56:41.651 | 04:10   23ms  130M  211G  48/ 63U [GameAnalyzer] Income advantage is now Even
2022-10-28 09:56:41.936 | 04:11   21ms  110M  215G  48/ 63U [TerranUnit] MARINE from BARRACKS at (130.5, 159.5)
2022-10-28 09:56:42.242 | 04:12   24ms   40M  219G  49/ 63U [GameAnalyzer] Income advantage is now SlightDisadvantage
2022-10-28 09:56:42.340 | 04:12   26ms   50M  219G  49/ 63U [GameAnalyzer] Income advantage is now Even
2022-10-28 09:56:42.343 | 04:12   26ms    0M  219G  49/ 63U [TerranUnit] MARINE from BARRACKS at (116.5, 149.5)
2022-10-28 09:56:43.105 | 04:15   27ms    0M  227G  50/ 63U [TerranUnit] MARINE from BARRACKS at (128.5, 140.5)
2022-10-28 09:56:43.154 | 04:15   27ms    0M  227G  51/ 63U [GameAnalyzer] Income advantage is now SmallDisadvantage
2022-10-28 09:56:44.213 | 04:18   26ms   45M  235G  49/ 63U [GameAnalyzer] Known army advantage is now ClearAdvantage
2022-10-28 09:56:44.214 | 04:18   26ms   45M  235G  49/ 63U [GameAnalyzer] Predicted army advantage is now ClearAdvantage
2022-10-28 09:56:44.333 | 04:18   33ms   25M  235G  48/ 63U [TerranUnit] MARINE from BARRACKS at (121.5, 144.5)
2022-10-28 09:56:44.975 | 04:20   25ms   55M  239G  47/ 63U [GameAnalyzer] Predicted army advantage is now SmallAdvantage
2022-10-28 09:56:45.039 | 04:20   26ms   55M  243G  46/ 63U [GameAnalyzer] Income advantage is now ClearDisadvantage
2022-10-28 09:56:45.099 | 04:21   28ms   60M  243G  46/ 63U [GameAnalyzer] Income advantage is now SmallDisadvantage
2022-10-28 09:56:45.437 | 04:22   25ms   80M  243G  46/ 63U [GameAnalyzer] Income advantage is now ClearDisadvantage
2022-10-28 09:56:45.516 | 04:22   24ms   85M  247G  46/ 63U [GameAnalyzer] Income advantage is now SmallDisadvantage
2022-10-28 09:56:45.690 | 04:22   22ms   45M  247G  46/ 63U [TerranUnit] MARINE from BARRACKS at (114.5, 152.5)
2022-10-28 09:56:45.997 | 04:23   24ms   55M  251G  47/ 63U [GameAnalyzer] Known army advantage is now OverwhelmingAdvantage
2022-10-28 09:56:45.999 | 04:23   24ms   55M  251G  47/ 63U [GameAnalyzer] Predicted army advantage is now OverwhelmingAdvantage
2022-10-28 09:56:46.563 | 04:25   23ms   80M  255G  45/ 63U [GameAnalyzer] Known army advantage is now ClearAdvantage
2022-10-28 09:56:46.564 | 04:25   23ms   80M  255G  45/ 63U [GameAnalyzer] Predicted army advantage is now ClearAdvantage
2022-10-28 09:56:47.538 | 04:28   21ms  165M  263G  45/ 63U [GameAnalyzer] Known army advantage is now OverwhelmingAdvantage
2022-10-28 09:56:47.540 | 04:28   21ms  165M  263G  45/ 63U [GameAnalyzer] Predicted army advantage is now OverwhelmingAdvantage
2022-10-28 09:56:47.541 | 04:28   21ms  115M  263G  45/ 63U [TerranUnit] MARINE from BARRACKS at (130.5, 159.5)
2022-10-28 09:56:47.953 | 04:30   22ms   90M  267G  46/ 63U [TerranUnit] MARINE from BARRACKS at (116.5, 149.5)
2022-10-28 09:56:48.774 | 04:33   24ms   80M  275G  47/ 63U [TerranUnit] MARINE from BARRACKS at (128.5, 140.5)
2022-10-28 09:56:49.799 | 04:36   27ms  120M  283G  48/ 63U [GameAnalyzer] Income advantage is now SlightDisadvantage
2022-10-28 09:56:50.027 | 04:36   24ms   80M  283G  46/ 63U [TerranUnit] MARINE from BARRACKS at (121.5, 144.5)
2022-10-28 09:56:50.202 | 04:37   24ms  115M  287G  47/ 63U [GameAnalyzer] Income advantage is now SmallDisadvantage
2022-10-28 09:56:50.252 | 04:37   24ms  115M  287G  47/ 71U [GameAnalyzer] Income advantage is now SlightDisadvantage
2022-10-28 09:56:50.864 | 04:39   25ms  145M  291G  46/ 71U [GameAnalyzer] Income advantage is now Even
2022-10-28 09:56:50.922 | 04:39   26ms  145M  291G  46/ 71U [GameAnalyzer] Income advantage is now SlightDisadvantage
2022-10-28 09:56:50.972 | 04:39   24ms  145M  291G  46/ 71U [GameAnalyzer] Income advantage is now Even
2022-10-28 09:56:51.144 | 04:40   23ms  155M  295G  46/ 71U [GameAnalyzer] Income advantage is now SlightDisadvantage
2022-10-28 09:56:51.260 | 04:40   24ms  160M  295G  46/ 71U [GameAnalyzer] Income advantage is now Even
2022-10-28 09:56:51.321 | 04:40   25ms  160M  295G  46/ 71U [GameAnalyzer] Income advantage is now SlightDisadvantage
2022-10-28 09:56:51.323 | 04:40   25ms  110M  295G  46/ 71U [TerranUnit] MARINE from BARRACKS at (114.5, 152.5)
2022-10-28 09:56:51.379 | 04:40   29ms  120M  295G  47/ 71U [GameAnalyzer] Income advantage is now Even
2022-10-28 09:56:51.584 | 04:41   23ms  125M  299G  47/ 71U [GameAnalyzer] Income advantage is now SlightDisadvantage
2022-10-28 09:56:51.687 | 04:41   24ms  130M  299G  47/ 71U [GameAnalyzer] Income advantage is now Even
2022-10-28 09:56:52.669 | 04:45   22ms  205M  307G  47/ 71U [GameAnalyzer] Income advantage is now SlightDisadvantage
2022-10-28 09:56:52.727 | 04:45   24ms  210M  307G  47/ 71U [GameAnalyzer] Income advantage is now Even
2022-10-28 09:56:53.130 | 04:46   24ms  180M  311G  47/ 71U [TerranUnit] MARINE from BARRACKS at (130.5, 159.5)
2022-10-28 09:56:53.500 | 04:47   31ms  200M  315G  48/ 71U [GameAnalyzer] Income advantage is now SlightAdvantage
2022-10-28 09:56:53.721 | 04:48   24ms  150M  315G  48/ 71U [TerranUnit] MARINE from BARRACKS at (116.5, 149.5)
2022-10-28 09:56:53.780 | 04:48   30ms  150M  315G  49/ 71U [GameAnalyzer] Income advantage is now SmallAdvantage
2022-10-28 09:56:53.906 | 04:48   25ms  150M  319G  49/ 71U [GameAnalyzer] Income advantage is now SlightAdvantage
2022-10-28 09:56:54.004 | 04:48   28ms  155M  319G  49/ 71U [GameAnalyzer] Income advantage is now SmallAdvantage
2022-10-28 09:56:54.291 | INFO     | sc2.protocol:_execute:72 - Client status changed to Status.ended (was Status.in_game)
2022-10-28 09:56:54.293 | Result: Defeat
2022-10-28 09:56:54.294 | Duration: 04:49
2022-10-28 09:56:54.295 | Step time min: 5
2022-10-28 09:56:54.296 | Step time avg: 14
2022-10-28 09:56:54.296 | Step time max: 125
2022-10-28 09:56:54.297 | [LostUnitsContents] My lost units minerals and gas: (600, 0)
2022-10-28 09:56:54.298 | [LostUnitsContents] My lost units minerals by score: 600.0
2022-10-28 09:56:54.299 | [LostUnitsContents] Enemy lost units minerals and gas: (2300, 125)
2022-10-28 09:56:54.300 | [LostUnitsContents] Enemy lost units minerals by score: 2300.0
2022-10-28 09:56:54.301 | [GameAnalyzerEnd] Own units:
2022-10-28 09:56:54.302 | [GameAnalyzerEnd] MARINE            total:  36 alive:  25 dead:  11 
2022-10-28 09:56:54.303 | [GameAnalyzerEnd] SCV               total:  19 alive:  18 dead:   1 
2022-10-28 09:56:54.303 | [GameAnalyzerEnd] SUPPLYDEPOT       total:   7 alive:   7 dead:   0 
2022-10-28 09:56:54.304 | [GameAnalyzerEnd] BARRACKS          total:   5 alive:   5 dead:   0 
2022-10-28 09:56:54.305 | [GameAnalyzerEnd] REFINERY          total:   1 alive:   1 dead:   0 
2022-10-28 09:56:54.306 | [GameAnalyzerEnd] TECHLAB           total:   1 alive:   1 dead:   0 
2022-10-28 09:56:54.307 | [GameAnalyzerEnd] ORBITALCOMMAND    total:   1 alive:   1 dead:   0 
2022-10-28 09:56:54.308 | [GameAnalyzerEnd] MULE              total:   1 alive:   1 dead:   0 
2022-10-28 09:56:54.309 | [GameAnalyzerEnd] Enemy units:
2022-10-28 09:56:54.309 | [GameAnalyzerEnd] SCV               total:  31 alive:   4 dead:  27 
2022-10-28 09:56:54.310 | [GameAnalyzerEnd] MARINE            total:   9 alive:   1 dead:   8 
2022-10-28 09:56:54.311 | [GameAnalyzerEnd] SUPPLYDEPOT       total:   3 alive:   3 dead:   0 
2022-10-28 09:56:54.312 | [GameAnalyzerEnd] COMMANDCENTER     total:   2 alive:   1 dead:   1 
2022-10-28 09:56:54.313 | [GameAnalyzerEnd] BARRACKS          total:   1 alive:   1 dead:   0 
2022-10-28 09:56:54.314 | [GameAnalyzerEnd] REFINERY          total:   1 alive:   1 dead:   0 
2022-10-28 09:56:54.318 | [GameAnalyzerEnd] SIEGETANK         total:   1 alive:   0 dead:   1 
2022-10-28 09:56:54.318 | [GameAnalyzerEnd] Minerals max 220 Average 75
2022-10-28 09:56:54.319 | [GameAnalyzerEnd] Vespene max 319 Average 114
2022-10-28 09:56:54.319 | INFO     | sc2.main:_play_game:228 - Result for player 1 - Bot Turtles(Terran): Defeat
2022-10-28 09:56:55.534 | INFO     | sc2.protocol:__request:48 - Cannot receive: Game has already ended.
2022-10-28 09:56:55.536 | INFO     | sc2.sc2process:_close_connection:231 - Closing connection at 60924...
2022-10-28 09:56:55.538 | INFO     | sc2.sc2process:kill_all:33 - kill_switch: Process cleanup for 1 processes
