2022-10-28 15:08:11.098 | INFO     | sc2.protocol:_execute:72 - Client status changed to Status.launched (was None)
2022-10-28 15:08:11.100 | INFO     | sc2.controller:create_game:37 - Creating new game
2022-10-28 15:08:11.102 | INFO     | sc2.controller:create_game:38 - Map:     BlackburnAIE
2022-10-28 15:08:11.103 | INFO     | sc2.controller:create_game:39 - Players: Bot Turtles(Terran), Computer VeryHard(Random, RandomBuild)
2022-10-28 15:08:11.106 | INFO     | sc2.protocol:_execute:72 - Client status changed to Status.init_game (was Status.launched)
2022-10-28 15:08:32.594 | INFO     | sc2.protocol:_execute:72 - Client status changed to Status.in_game (was None)
2022-10-28 15:08:32.596 | INFO     | sc2.main:_play_game:221 - Player 1 - Bot Turtles(Terran)
2022-10-28 15:08:33.158 | 00:00    0ms    0M    0G  12/ 15U [Version] 5.0.10.88500
2022-10-28 15:08:33.160 | 00:00    0ms    0M    0G  12/ 15U [Version] 5.0.6 Balance mod recognized.
2022-10-28 15:08:33.241 | 00:00    0ms    0M    0G  12/ 15U [ZoneManager] Map set to: MapName.Blackburn from name: Blackburn AIE and hash: 2657237.
2022-10-28 15:08:33.900 | [Start] My race: Terran
2022-10-28 15:08:33.902 | [Start] Opponent race: Random
2022-10-28 15:08:33.903 | [Start] OpponentId: None
2022-10-28 15:08:34.203 | 00:00    8ms    0M    0G  13/ 15U [GameAnalyzer] Income advantage is now SlightDisadvantage
2022-10-28 15:08:34.282 | 00:01    8ms    0M    0G  13/ 15U [GameAnalyzer] Income advantage is now Even
2022-10-28 15:08:34.694 | 00:04    6ms   15M    0G  13/ 15U [GameAnalyzer] Income advantage is now SlightDisadvantage
2022-10-28 15:08:34.718 | 00:04    8ms   30M    0G  13/ 15U [GameAnalyzer] Income advantage is now Even
2022-10-28 15:08:34.856 | 00:05    6ms   40M    0G  13/ 15U [GameAnalyzer] Income advantage is now SlightDisadvantage
2022-10-28 15:08:34.873 | 00:06    8ms   40M    0G  13/ 15U [GameAnalyzer] Income advantage is now Even
2022-10-28 15:08:35.390 | 00:10    6ms    5M    0G  13/ 15U [GameAnalyzer] Income advantage is now SlightDisadvantage
2022-10-28 15:08:35.408 | 00:10    8ms   10M    0G  13/ 15U [GameAnalyzer] Income advantage is now Even
2022-10-28 15:08:35.836 | 00:14    6ms    0M    0G  13/ 15U [ActUnit] SCV from COMMANDCENTER at (147.5, 31.5)
2022-10-28 15:08:37.247 | 00:26    8ms  110M    0G  14/ 15U [ActUnit] SCV from COMMANDCENTER at (147.5, 31.5)
2022-10-28 15:08:38.410 | 00:36    8ms   10M    0G  15/ 23U [BuildGas] Building REFINERY to (144.5, 24.5)
2022-10-28 15:08:38.793 | 00:39    7ms    0M    0G  15/ 23U [ActUnit] SCV from COMMANDCENTER at (147.5, 31.5)
2022-10-28 15:08:40.277 | 00:51    7ms  100M    0G  16/ 23U [ActUnit] SCV from COMMANDCENTER at (147.5, 31.5)
2022-10-28 15:08:41.904 | 01:03    8ms  200M    4G  17/ 23U [ActUnit] SCV from COMMANDCENTER at (147.5, 31.5)
2022-10-28 15:08:43.181 | 01:10   19ms  280M   20G  18/ 23U [GameAnalyzer] Income advantage is now SmallDisadvantage
2022-10-28 15:08:43.376 | 01:11   22ms  295M   20G  18/ 23U [GameAnalyzer] Income advantage is now SlightDisadvantage
2022-10-28 15:08:43.433 | 01:11   20ms  295M   20G  18/ 23U [GameAnalyzer] Income advantage is now SmallDisadvantage
2022-10-28 15:08:43.479 | 01:11   21ms  300M   24G  18/ 23U [GameAnalyzer] Income advantage is now SlightDisadvantage
2022-10-28 15:08:43.530 | 01:11   24ms  300M   24G  18/ 23U [GameAnalyzer] Income advantage is now SmallDisadvantage
2022-10-28 15:08:43.666 | 01:12   22ms  300M   24G  18/ 23U [GameAnalyzer] Income advantage is now SlightDisadvantage
2022-10-28 15:08:43.825 | 01:13   21ms  300M   24G  18/ 23U [GameAnalyzer] Income advantage is now SmallDisadvantage
2022-10-28 15:08:43.933 | 01:13   20ms  300M   28G  18/ 23U [GameAnalyzer] Income advantage is now Even
2022-10-28 15:08:44.171 | 01:14   24ms  325M   28G  18/ 23U [GameAnalyzer] Income advantage is now SlightDisadvantage
2022-10-28 15:08:44.494 | 01:16    9ms  355M   32G  18/ 23U [GameAnalyzer] Income advantage is now Even
2022-10-28 15:08:44.496 | 01:16    9ms  305M   32G  18/ 23U [ActUnit] SCV from COMMANDCENTER at (147.5, 31.5)
2022-10-28 15:08:44.556 | 01:16    9ms  310M   36G  19/ 23U [GameAnalyzer] Income advantage is now SlightDisadvantage
2022-10-28 15:08:44.619 | 01:16   11ms  310M   36G  19/ 23U [GameAnalyzer] Income advantage is now Even
2022-10-28 15:08:44.730 | 01:17   10ms  310M   36G  19/ 23U [GameAnalyzer] Predicted army advantage is now SlightDisadvantage
2022-10-28 15:08:44.758 | 01:17   11ms  310M   40G  19/ 23U [GameAnalyzer] Income advantage is now SlightDisadvantage
2022-10-28 15:08:45.151 | 01:19   11ms  345M   44G  19/ 23U [GameAnalyzer] Income advantage is now SmallDisadvantage
2022-10-28 15:08:45.828 | 01:23   11ms  195M    6G  19/ 23U [TerranUnit] REAPER from BARRACKS at (144.5, 37.5)
2022-10-28 15:08:50.228 | 01:49   10ms  605M   74G  20/ 23U [Expand] Expanding to (147.5, 54.5)
2022-10-28 15:08:50.734 | 01:53   11ms  190M   86G  20/ 23U [ActUnit] SCV from COMMANDCENTER at (147.5, 31.5)
2022-10-28 15:08:51.079 | 01:55   10ms  230M   90G  21/ 23U [GameAnalyzer] Known army advantage is now SlightAdvantage
2022-10-28 15:08:51.082 | 01:55   10ms  230M   90G  21/ 23U [BuildAddon] UnitTypeId.BARRACKSREACTOR to (147.0, 37.0)
2022-10-28 15:08:51.645 | 01:59   14ms   70M   52G  21/ 23U [GameAnalyzer] Income advantage is now Even
2022-10-28 15:08:51.960 | 02:00   15ms    0M   56G  21/ 23U [GameAnalyzer] Income advantage is now SlightDisadvantage
2022-10-28 15:08:52.024 | 02:01   13ms   10M   56G  21/ 23U [GameAnalyzer] Income advantage is now Even
2022-10-28 15:08:52.478 | 02:03   13ms   40M   64G  21/ 23U [GameAnalyzer] Income advantage is now SlightDisadvantage
2022-10-28 15:08:52.512 | 02:03   15ms   40M   64G  21/ 23U [GameAnalyzer] Income advantage is now Even
2022-10-28 15:08:52.547 | 02:03   17ms   40M   64G  21/ 23U [GameAnalyzer] Income advantage is now SlightDisadvantage
2022-10-28 15:08:52.642 | 02:04   27ms   50M   64G  21/ 23U [GameAnalyzer] Income advantage is now Even
2022-10-28 15:08:52.750 | 02:04   14ms   55M   68G  21/ 23U [GameAnalyzer] Income advantage is now SlightDisadvantage
2022-10-28 15:08:52.780 | 02:05   17ms   60M   68G  21/ 23U [GameAnalyzer] Income advantage is now Even
2022-10-28 15:08:52.847 | 02:05   14ms   15M   68G  21/ 23U [ActUnit] SCV from COMMANDCENTER at (147.5, 31.5)
2022-10-28 15:08:53.527 | 02:09   14ms   85M   80G  22/ 23U [GameAnalyzer] Income advantage is now SlightDisadvantage
2022-10-28 15:08:53.557 | 02:09   16ms   90M   80G  22/ 23U [GameAnalyzer] Income advantage is now Even
2022-10-28 15:08:54.864 | 02:16   13ms  215M   96G  22/ 23U [GameAnalyzer] Income advantage is now SlightDisadvantage
2022-10-28 15:08:54.899 | 02:16   15ms  225M  100G  22/ 23U [GameAnalyzer] Income advantage is now Even
2022-10-28 15:08:54.937 | 02:16   16ms   75M    0G  22/ 23U [GameAnalyzer] Income advantage is now SlightDisadvantage
2022-10-28 15:08:54.940 | 02:16   16ms    0M    0G  22/ 23U [BuildGas] Building REFINERY to (154.5, 34.5)
2022-10-28 15:08:55.037 | 02:17   14ms   15M    0G  22/ 23U [GameAnalyzer] Income advantage is now Even
2022-10-28 15:08:55.232 | 02:18   15ms   25M    4G  22/ 23U [GameAnalyzer] Income advantage is now SlightDisadvantage
2022-10-28 15:08:55.305 | 02:18   13ms   30M    4G  22/ 23U [GameAnalyzer] Income advantage is now Even
2022-10-28 15:08:55.439 | 02:19   15ms   40M    8G  22/ 23U [GameAnalyzer] Income advantage is now SlightDisadvantage
2022-10-28 15:08:55.471 | 02:19   15ms   45M    8G  22/ 23U [GameAnalyzer] Income advantage is now Even
2022-10-28 15:08:55.578 | 02:20   13ms    0M    8G  22/ 23U [ActUnit] SCV from COMMANDCENTER at (147.5, 31.5)
2022-10-28 15:08:55.672 | 02:20   13ms    5M    8G  23/ 23U [GameAnalyzer] Income advantage is now SlightDisadvantage
2022-10-28 15:08:55.736 | 02:21   14ms   10M   12G  23/ 23U [GameAnalyzer] Income advantage is now Even
2022-10-28 15:08:56.976 | 02:27   13ms  125M   28G  23/ 23U [GameAnalyzer] Income advantage is now SlightDisadvantage
2022-10-28 15:08:57.008 | 02:27   14ms  135M   28G  23/ 23U [GameAnalyzer] Income advantage is now Even
2022-10-28 15:08:57.319 | 02:29   13ms  140M   32G  23/ 31U [GameAnalyzer] Income advantage is now SlightDisadvantage
2022-10-28 15:08:57.351 | 02:29   16ms  145M   32G  23/ 31U [GameAnalyzer] Income advantage is now Even
2022-10-28 15:08:57.722 | 02:31   13ms  150M   40G  23/ 31U [TerranUnit] MARINE from BARRACKS at (144.5, 37.5)
2022-10-28 15:08:57.755 | 02:31   16ms  100M   40G  24/ 31U [TerranUnit] MARINE from BARRACKS at (144.5, 37.5)
2022-10-28 15:08:57.934 | 02:32   15ms   65M   40G  25/ 31U [ActUnit] SCV from COMMANDCENTER at (147.5, 31.5)
2022-10-28 15:08:58.457 | 02:34   15ms   85M   48G  26/ 31U [GameAnalyzer] Known army advantage is now Even
2022-10-28 15:08:58.660 | 02:35   14ms  105M   48G  26/ 31U [GameAnalyzer] Known army advantage is now SlightDisadvantage
2022-10-28 15:08:58.662 | 02:35   14ms  105M   48G  26/ 31U [GameAnalyzer] Predicted army advantage is now SmallDisadvantage
2022-10-28 15:08:59.051 | 02:36   14ms  115M   52G  26/ 31U [GameAnalyzer] Income advantage is now SlightDisadvantage
2022-10-28 15:08:59.090 | 02:36   17ms  120M   52G  26/ 31U [GameAnalyzer] Income advantage is now Even
2022-10-28 15:09:00.947 | 02:44   14ms  235M   76G  26/ 31U [ActUnit] SCV from COMMANDCENTER at (147.5, 31.5)
2022-10-28 15:09:01.144 | 02:45   14ms  245M   84G  27/ 31U [GameAnalyzer] Income advantage is now SlightDisadvantage
2022-10-28 15:09:01.178 | 02:45   17ms  250M   84G  27/ 31U [GameAnalyzer] Income advantage is now Even
2022-10-28 15:09:01.344 | 02:46   15ms  250M   84G  27/ 31U [GameAnalyzer] Income advantage is now SlightDisadvantage
2022-10-28 15:09:01.422 | 02:46   19ms  260M   84G  27/ 31U [GameAnalyzer] Income advantage is now Even
2022-10-28 15:09:01.589 | 02:47   14ms  270M   92G  27/ 31U [GameAnalyzer] Income advantage is now SlightDisadvantage
2022-10-28 15:09:01.709 | 02:47   14ms  280M   92G  27/ 31U [GameAnalyzer] Income advantage is now Even
2022-10-28 15:09:02.096 | 02:49   16ms  250M  100G  27/ 31U [TerranUnit] MARINE from BARRACKS at (144.5, 37.5)
2022-10-28 15:09:02.135 | 02:49   16ms  255M  100G  28/ 31U [GameAnalyzer] Known army advantage is now SlightAdvantage
2022-10-28 15:09:02.138 | 02:49   16ms  205M  100G  28/ 31U [TerranUnit] MARINE from BARRACKS at (144.5, 37.5)
2022-10-28 15:09:02.170 | 02:49   17ms  205M  100G  29/ 31U [GameAnalyzer] Income advantage is now SlightDisadvantage
2022-10-28 15:09:02.208 | 02:50   17ms  210M  104G  29/ 31U [GameAnalyzer] Income advantage is now Even
2022-10-28 15:09:02.245 | 02:50   16ms  210M  104G  29/ 31U [GameAnalyzer] Income advantage is now SlightDisadvantage
2022-10-28 15:09:02.321 | 02:50   17ms  215M  104G  29/ 31U [GameAnalyzer] Income advantage is now Even
2022-10-28 15:09:02.402 | 02:50   14ms  215M  108G  29/ 31U [GameAnalyzer] Income advantage is now SlightDisadvantage
2022-10-28 15:09:02.531 | 02:51   14ms  240M  112G  29/ 31U [GameAnalyzer] Income advantage is now Even
2022-10-28 15:09:02.739 | 02:52   14ms  275M  116G  29/ 31U [GameAnalyzer] Income advantage is now SlightDisadvantage
2022-10-28 15:09:02.825 | 02:52   15ms  275M  116G  29/ 31U [GameAnalyzer] Income advantage is now Even
2022-10-28 15:09:03.075 | 02:53   15ms  285M  124G  29/ 31U [GameAnalyzer] Income advantage is now SlightDisadvantage
2022-10-28 15:09:03.248 | 02:54   14ms  305M  128G  29/ 31U [GameAnalyzer] Income advantage is now Even
2022-10-28 15:09:03.545 | 02:55   15ms  315M  132G  29/ 31U [GameAnalyzer] Income advantage is now SlightDisadvantage
2022-10-28 15:09:03.707 | 02:56   16ms  340M  136G  29/ 31U [GameAnalyzer] Income advantage is now Even
2022-10-28 15:09:03.746 | 02:56   16ms  290M  140G  29/ 31U [ActUnit] SCV from COMMANDCENTER at (147.5, 31.5)
2022-10-28 15:09:03.864 | 02:57   15ms  295M  140G  30/ 31U [GameAnalyzer] Income advantage is now SlightDisadvantage
2022-10-28 15:09:03.904 | 02:57   17ms  295M  144G  30/ 31U [GameAnalyzer] Income advantage is now Even
2022-10-28 15:09:04.035 | 02:57   15ms  300M  144G  30/ 31U [GameAnalyzer] Income advantage is now SlightDisadvantage
2022-10-28 15:09:04.197 | 02:58   17ms  315M  148G  30/ 31U [GameAnalyzer] Income advantage is now Even
2022-10-28 15:09:04.237 | 02:58   16ms  340M  148G  30/ 31U [GameAnalyzer] Income advantage is now SlightDisadvantage
2022-10-28 15:09:04.483 | 02:59   17ms  350M  156G  30/ 31U [GameAnalyzer] Income advantage is now Even
2022-10-28 15:09:04.580 | 03:00   16ms  355M  156G  30/ 31U [GameAnalyzer] Income advantage is now SlightDisadvantage
2022-10-28 15:09:04.822 | 03:00   17ms  370M  160G  30/ 31U [GameAnalyzer] Income advantage is now Even
2022-10-28 15:09:05.130 | 03:02   16ms  385M  168G  30/ 31U [GameAnalyzer] Income advantage is now SlightDisadvantage
2022-10-28 15:09:05.218 | 03:02   16ms  385M  172G  30/ 31U [GameAnalyzer] Income advantage is now Even
2022-10-28 15:09:05.474 | 03:03   16ms  405M  176G  30/ 31U [GameAnalyzer] Income advantage is now SlightDisadvantage
2022-10-28 15:09:05.526 | 03:03   17ms  405M  176G  30/ 31U [GameAnalyzer] Income advantage is now Even
2022-10-28 15:09:05.992 | 03:05   16ms  465M  188G  30/ 31U [GameAnalyzer] Income advantage is now SlightDisadvantage
2022-10-28 15:09:06.118 | 03:06   16ms  500M  188G  30/ 31U [GameAnalyzer] Income advantage is now Even
2022-10-28 15:09:06.170 | 03:06   16ms  505M  192G  30/ 31U [GameAnalyzer] Known army advantage is now Even
2022-10-28 15:09:06.358 | 03:06   14ms  505M  196G  30/ 31U [GameAnalyzer] Income advantage is now SlightDisadvantage
2022-10-28 15:09:06.436 | 03:07   15ms  520M  196G  30/ 31U [GameAnalyzer] Income advantage is now Even
2022-10-28 15:09:06.438 | 03:07   15ms  520M  196G  30/ 31U [GameAnalyzer] Known army advantage is now SlightAdvantage
2022-10-28 15:09:06.441 | 03:07   15ms  470M  196G  30/ 31U [TerranUnit] MARINE from BARRACKS at (144.5, 37.5)
2022-10-28 15:09:06.616 | 03:08   14ms  470M  200G  31/ 31U [GameAnalyzer] Income advantage is now SlightDisadvantage
2022-10-28 15:09:06.651 | 03:08   17ms  475M  200G  31/ 31U [GameAnalyzer] Income advantage is now Even
2022-10-28 15:09:06.782 | 03:08   16ms  475M  204G  31/ 31U [GameAnalyzer] Income advantage is now SlightDisadvantage
2022-10-28 15:09:06.814 | 03:08   17ms  480M  204G  31/ 31U [GameAnalyzer] Income advantage is now Even
2022-10-28 15:09:07.036 | 03:09   16ms  500M  212G  31/ 31U [GameAnalyzer] Income advantage is now SlightDisadvantage
2022-10-28 15:09:07.155 | 03:10   16ms  505M  212G  31/ 31U [GameAnalyzer] Income advantage is now Even
2022-10-28 15:09:07.206 | 03:10   16ms  310M  216G  31/ 46U [TerranUnit] MARINE from BARRACKS at (144.5, 37.5)
2022-10-28 15:09:07.912 | 03:13   15ms  225M  232G  32/ 46U [GameAnalyzer] Income advantage is now SlightDisadvantage
2022-10-28 15:09:07.965 | 03:13   16ms  240M  232G  32/ 46U [GameAnalyzer] Income advantage is now Even
2022-10-28 15:09:08.007 | 03:13   18ms  245M  232G  32/ 46U [BuildAddon] UnitTypeId.BARRACKSTECHLAB to (142.0, 35.0)
2022-10-28 15:09:08.054 | 03:14   19ms  200M  207G  32/ 46U [BuildAddon] UnitTypeId.FACTORYREACTOR to (154.0, 37.0)
2022-10-28 15:09:08.369 | 03:15   14ms    0M   65G  32/ 46U [GameAnalyzer] Income advantage is now SlightDisadvantage
2022-10-28 15:09:08.449 | 03:15   16ms    5M   69G  32/ 46U [GameAnalyzer] Income advantage is now Even
2022-10-28 15:09:09.713 | 03:21   15ms   30M   97G  32/ 46U [GameAnalyzer] Income advantage is now SlightDisadvantage
2022-10-28 15:09:09.761 | 03:21   15ms   30M   97G  32/ 46U [GameAnalyzer] Income advantage is now Even
2022-10-28 15:09:09.896 | 03:21   14ms   40M  101G  32/ 46U [GameAnalyzer] Income advantage is now SlightDisadvantage
2022-10-28 15:09:09.897 | 03:21   14ms   40M  101G  32/ 46U [GameAnalyzer] Known army advantage is now Even
2022-10-28 15:09:09.898 | 03:21   14ms   40M  101G  32/ 46U [GameAnalyzer] Predicted army advantage is now OverwhelmingDisadvantage
2022-10-28 15:09:09.952 | 03:21   18ms   45M  101G  32/ 46U [GameAnalyzer] Income advantage is now Even
2022-10-28 15:09:10.724 | 03:25   14ms   90M  117G  32/ 46U [GameAnalyzer] Income advantage is now SlightDisadvantage
2022-10-28 15:09:10.726 | 03:25   14ms   90M  117G  32/ 46U [GameAnalyzer] Known army advantage is now SlightAdvantage
2022-10-28 15:09:10.729 | 03:25   14ms   40M  117G  32/ 46U [TerranUnit] MARINE from BARRACKS at (144.5, 37.5)
2022-10-28 15:09:10.760 | 03:25   19ms   70M  121G  33/ 46U [GameAnalyzer] Income advantage is now Even
2022-10-28 15:09:10.799 | 03:25   15ms   70M  121G  33/ 46U [GameAnalyzer] Income advantage is now SlightDisadvantage
2022-10-28 15:09:10.832 | 03:25   16ms   80M  121G  33/ 46U [GameAnalyzer] Income advantage is now Even
2022-10-28 15:09:11.050 | 03:26   14ms   95M  125G  33/ 46U [GameAnalyzer] Income advantage is now SlightDisadvantage
2022-10-28 15:09:11.089 | 03:26   15ms  100M  129G  33/ 46U [GameAnalyzer] Income advantage is now Even
2022-10-28 15:09:11.481 | 03:28   14ms  125M  137G  33/ 46U [GameAnalyzer] Known army advantage is now SmallAdvantage
2022-10-28 15:09:11.484 | 03:28   14ms   75M  137G  33/ 46U [TerranUnit] MARINE from BARRACKS at (144.5, 37.5)
2022-10-28 15:09:11.894 | 03:30   15ms   95M  145G  34/ 46U [GameAnalyzer] Income advantage is now SlightDisadvantage
2022-10-28 15:09:11.983 | 03:30   15ms  115M  149G  34/ 46U [GameAnalyzer] Income advantage is now Even
2022-10-28 15:09:12.075 | 03:30   16ms  120M  149G  34/ 46U [GameAnalyzer] Income advantage is now SlightDisadvantage
2022-10-28 15:09:12.163 | 03:31   16ms  130M  153G  34/ 46U [GameAnalyzer] Income advantage is now Even
2022-10-28 15:09:12.301 | 03:31   16ms  135M  153G  34/ 46U [Tech] Started STIMPACK
2022-10-28 15:09:12.361 | 03:31   20ms   10M   57G  34/ 46U [TerranUnit] MARINE from BARRACKS at (139.5, 35.5)
2022-10-28 15:09:12.398 | 03:32   16ms   15M   57G  35/ 46U [GameAnalyzer] Known army advantage is now SlightAdvantage
2022-10-28 15:09:13.038 | 03:34   17ms   45M   69G  35/ 46U [GameAnalyzer] Income advantage is now SlightDisadvantage
2022-10-28 15:09:13.094 | 03:34   18ms   50M   69G  35/ 46U [GameAnalyzer] Income advantage is now Even
2022-10-28 15:09:13.136 | 03:35   19ms   50M   73G  35/ 46U [GameAnalyzer] Income advantage is now SlightDisadvantage
2022-10-28 15:09:13.227 | 03:35   15ms   70M   73G  35/ 46U [GameAnalyzer] Income advantage is now Even
2022-10-28 15:09:13.276 | 03:35   18ms   25M   73G  35/ 46U [ActUnit] SCV from COMMANDCENTER at (147.5, 31.5)
2022-10-28 15:09:13.738 | 03:37   15ms    0M   85G  36/ 46U [ActUnit] SCV from COMMANDCENTER at (147.5, 54.5)
2022-10-28 15:09:13.880 | 03:38   15ms   10M   89G  37/ 46U [GameAnalyzer] Income advantage is now SlightDisadvantage
2022-10-28 15:09:13.914 | 03:38   17ms   15M   89G  37/ 46U [GameAnalyzer] Income advantage is now Even
2022-10-28 15:09:14.322 | 03:39   17ms   60M   97G  37/ 46U [GameAnalyzer] Income advantage is now SlightDisadvantage
2022-10-28 15:09:14.450 | 03:40   16ms   85M  101G  37/ 46U [GameAnalyzer] Income advantage is now Even
2022-10-28 15:09:14.675 | 03:41   16ms   95M  105G  37/ 46U [GameAnalyzer] Income advantage is now SlightDisadvantage
2022-10-28 15:09:14.710 | 03:41   18ms   95M  105G  37/ 46U [GameAnalyzer] Income advantage is now Even
2022-10-28 15:09:14.978 | 03:42   17ms  115M  113G  37/ 46U [GameAnalyzer] Known army advantage is now Even
2022-10-28 15:09:15.120 | 03:43   17ms  125M  117G  37/ 46U [GameAnalyzer] Known army advantage is now SlightAdvantage
2022-10-28 15:09:15.124 | 03:43   17ms   75M  117G  37/ 46U [TerranUnit] MARINE from BARRACKS at (144.5, 37.5)
2022-10-28 15:09:15.205 | 03:43   16ms   80M  117G  38/ 46U [GameAnalyzer] Income advantage is now SlightDisadvantage
2022-10-28 15:09:15.241 | 03:43   19ms   85M  117G  38/ 46U [GameAnalyzer] Income advantage is now Even
2022-10-28 15:09:15.573 | 03:44   16ms  120M  125G  38/ 54U [GameAnalyzer] Income advantage is now SlightDisadvantage
2022-10-28 15:09:15.612 | 03:45   18ms  120M  125G  38/ 54U [GameAnalyzer] Income advantage is now Even
2022-10-28 15:09:15.889 | 03:46   16ms  175M  133G  37/ 54U [GameAnalyzer] Known army advantage is now Even
2022-10-28 15:09:15.948 | 03:46   17ms  180M  133G  37/ 54U [GameAnalyzer] Known army advantage is now SlightAdvantage
2022-10-28 15:09:15.951 | 03:46   17ms  130M  133G  37/ 54U [TerranUnit] MARINE from BARRACKS at (144.5, 37.5)
2022-10-28 15:09:16.087 | 03:46   14ms  130M  137G  38/ 54U [GameAnalyzer] Income advantage is now SlightDisadvantage
2022-10-28 15:09:16.122 | 03:47   15ms  135M  137G  38/ 54U [GameAnalyzer] Income advantage is now Even
2022-10-28 15:09:16.207 | 03:47   15ms  150M  141G  38/ 54U [GameAnalyzer] Known army advantage is now Even
2022-10-28 15:09:16.249 | 03:47   16ms  100M  141G  38/ 54U [ActUnit] SCV from COMMANDCENTER at (147.5, 31.5)
2022-10-28 15:09:16.670 | 03:49   20ms   75M  153G  39/ 54U [ActUnit] SCV from COMMANDCENTER at (147.5, 54.5)
2022-10-28 15:09:16.717 | 03:49   17ms   75M  153G  40/ 54U [GameAnalyzer] Known army advantage is now SlightAdvantage
2022-10-28 15:09:16.722 | 03:49   17ms   25M  153G  40/ 54U [TerranUnit] MARINE from BARRACKS at (139.5, 35.5)
2022-10-28 15:09:17.105 | 03:51   18ms   10M  136G  41/ 54U [TerranUnit] WIDOWMINE from FACTORY at (151.5, 37.5)
2022-10-28 15:09:17.600 | 03:53   19ms    0M  123G  43/ 54U [TerranUnit] WIDOWMINE from FACTORY at (151.5, 37.5)
2022-10-28 15:09:18.974 | 03:59   16ms    5M  155G  45/ 54U [TerranUnit] MARINE from BARRACKS at (139.5, 27.5)
2022-10-28 15:09:19.384 | 04:01   18ms    0M  163G  46/ 54U [ActUnit] SCV from COMMANDCENTER at (147.5, 31.5)
2022-10-28 15:09:20.106 | 04:04   18ms   45M  179G  47/ 54U [GameAnalyzer] Known army advantage is now SmallAdvantage
2022-10-28 15:09:20.108 | 04:04   18ms   45M  179G  47/ 54U [GameAnalyzer] Predicted army advantage is now ClearDisadvantage
2022-10-28 15:09:20.231 | 04:04   18ms    0M  183G  47/ 54U [ActUnit] SCV from COMMANDCENTER at (147.5, 54.5)
2022-10-28 15:09:20.456 | 04:05   19ms    5M  187G  48/ 54U [TerranUnit] MARINE from BARRACKS at (144.5, 37.5)
2022-10-28 15:09:21.038 | 04:07   21ms    0M  199G  49/ 54U [TerranUnit] MARINE from BARRACKS at (144.5, 37.5)
2022-10-28 15:09:21.486 | 04:09   17ms    0M  207G  50/ 54U [TerranUnit] MARINE from BARRACKS at (139.5, 35.5)
2022-10-28 15:09:22.786 | 04:14   21ms    0M  235G  51/ 54U [ActUnit] SCV from COMMANDCENTER at (147.5, 31.5)
2022-10-28 15:09:22.879 | 04:15   19ms   10M  239G  52/ 54U [GameAnalyzer] Known army advantage is now ClearAdvantage
2022-10-28 15:09:22.880 | 04:15   19ms   10M  239G  52/ 54U [GameAnalyzer] Predicted army advantage is now SmallDisadvantage
2022-10-28 15:09:23.343 | 04:16   20ms   25M  247G  52/ 54U [ActUnit] SCV from COMMANDCENTER at (147.5, 54.5)
2022-10-28 15:09:23.724 | 04:18   20ms    0M  255G  53/ 54U [TerranUnit] MARINE from BARRACKS at (139.5, 27.5)
2022-10-28 15:09:25.257 | 04:24   20ms   35M  287G  54/ 62U [TerranUnit] MARINE from BARRACKS at (144.5, 37.5)
2022-10-28 15:09:25.625 | 04:25   19ms   25M  295G  55/ 62U [TerranUnit] MARINE from BARRACKS at (144.5, 37.5)
2022-10-28 15:09:25.957 | 04:26   19ms   25M  303G  56/ 62U [ActUnit] SCV from COMMANDCENTER at (147.5, 31.5)
2022-10-28 15:09:26.137 | 04:27   21ms    0M  307G  57/ 62U [TerranUnit] MARINE from BARRACKS at (139.5, 35.5)
2022-10-28 15:09:26.733 | 04:29   19ms    0M  319G  58/ 62U [ActUnit] SCV from COMMANDCENTER at (147.5, 54.5)
2022-10-28 15:09:27.395 | 04:32   22ms   90M  331G  59/ 62U [GameAnalyzer] Income advantage is now SlightAdvantage
2022-10-28 15:09:27.446 | 04:32   20ms   90M  335G  59/ 62U [GameAnalyzer] Income advantage is now Even
2022-10-28 15:09:28.933 | 04:38   20ms   65M  367G  59/ 62U [BuildAddon] UnitTypeId.FACTORYTECHLAB to (140.0, 38.0)
2022-10-28 15:09:29.554 | 04:40   19ms    0M  350G  59/ 70U [ActUnit] SCV from COMMANDCENTER at (147.5, 31.5)
2022-10-28 15:09:29.627 | 04:40   23ms   15M  350G  60/ 70U [GameAnalyzer] Income advantage is now SlightAdvantage
2022-10-28 15:09:29.690 | 04:40   21ms   20M  354G  60/ 70U [GameAnalyzer] Income advantage is now Even
2022-10-28 15:09:29.975 | 04:41   21ms   50M  258G  60/ 70U [TerranUnit] MEDIVAC from STARPORT at (151.5, 37.5)
2022-10-28 15:09:30.129 | 04:41   21ms   75M  262G  62/ 70U [GameAnalyzer] Income advantage is now SlightAdvantage
2022-10-28 15:09:30.131 | 04:41   21ms   25M  262G  62/ 70U [ActUnit] SCV from COMMANDCENTER at (147.5, 54.5)
2022-10-28 15:09:30.345 | 04:42   21ms   40M  266G  63/ 70U [GameAnalyzer] Income advantage is now Even
2022-10-28 15:09:30.520 | 04:43   19ms   45M  266G  63/ 70U [GameAnalyzer] Income advantage is now SlightAdvantage
2022-10-28 15:09:30.585 | 04:43   25ms   45M  270G  63/ 70U [GameAnalyzer] Income advantage is now Even
2022-10-28 15:09:30.586 | 04:43   25ms   45M  270G  63/ 70U [GameAnalyzer] Known army advantage is now OverwhelmingAdvantage
2022-10-28 15:09:30.588 | 04:43   25ms   45M  270G  63/ 70U [GameAnalyzer] Predicted army advantage is now SlightDisadvantage
2022-10-28 15:09:30.632 | 04:43   26ms   50M  270G  63/ 70U [GameAnalyzer] Income advantage is now SlightAdvantage
2022-10-28 15:09:30.686 | 04:43   22ms   50M  270G  63/ 70U [GameAnalyzer] Income advantage is now Even
2022-10-28 15:09:31.003 | 04:44   22ms   90M  274G  63/ 70U [GameAnalyzer] Income advantage is now SlightAdvantage
2022-10-28 15:09:31.070 | 04:44   22ms  115M  274G  63/ 70U [GameAnalyzer] Income advantage is now Even
2022-10-28 15:09:31.075 | 04:44   22ms   15M  174G  63/ 70U [TerranUnit] MEDIVAC from STARPORT at (151.5, 37.5)
2022-10-28 15:09:31.249 | 04:45   20ms   30M  178G  65/ 70U [GameAnalyzer] Income advantage is now SlightAdvantage
2022-10-28 15:09:31.311 | 04:45   21ms   30M  178G  65/ 70U [GameAnalyzer] Income advantage is now Even
2022-10-28 15:09:31.477 | 04:46   21ms   40M  182G  65/ 70U [GameAnalyzer] Income advantage is now SlightAdvantage
2022-10-28 15:09:31.539 | 04:46   24ms   40M  182G  65/ 70U [GameAnalyzer] Income advantage is now Even
2022-10-28 15:09:31.729 | 04:46   27ms   65M  186G  65/ 70U [GameAnalyzer] Income advantage is now SlightAdvantage
2022-10-28 15:09:31.800 | 04:46   22ms   65M  186G  65/ 70U [GameAnalyzer] Income advantage is now Even
2022-10-28 15:09:31.865 | 04:47   22ms   75M  190G  65/ 70U [GameAnalyzer] Income advantage is now SlightAdvantage
2022-10-28 15:09:32.055 | 04:47   20ms   75M  190G  65/ 78U [GameAnalyzer] Income advantage is now Even
2022-10-28 15:09:32.352 | 04:48   20ms  120M  198G  65/ 78U [GameAnalyzer] Income advantage is now SlightAdvantage
2022-10-28 15:09:32.631 | 04:49   22ms  140M  202G  65/ 78U [GameAnalyzer] Income advantage is now Even
2022-10-28 15:09:32.955 | 04:50   49ms  170M  206G  65/ 78U [GameAnalyzer] Income advantage is now SlightAdvantage
2022-10-28 15:09:33.081 | 04:50   21ms  180M  206G  65/ 78U [GameAnalyzer] Income advantage is now Even
2022-10-28 15:09:33.185 | 04:50   20ms  185M  210G  65/ 78U [GameAnalyzer] Income advantage is now SlightAdvantage
2022-10-28 15:09:33.246 | 04:51   23ms  190M  210G  65/ 78U [GameAnalyzer] Income advantage is now Even
2022-10-28 15:09:33.491 | 04:51   19ms  205M  214G  65/ 78U [GameAnalyzer] Income advantage is now SlightAdvantage
2022-10-28 15:09:33.548 | 04:51   21ms  165M  214G  65/ 78U [BuildGas] Building REFINERY to (149.5, 47.5)
2022-10-28 15:09:33.645 | 04:52   20ms  125M  218G  65/ 78U [ActUnit] SCV from COMMANDCENTER at (147.5, 31.5)
2022-10-28 15:09:33.740 | 04:52   20ms  125M  218G  66/ 78U [GameAnalyzer] Income advantage is now Even
2022-10-28 15:09:33.925 | 04:53   21ms  145M  222G  66/ 78U [GameAnalyzer] Income advantage is now SlightAdvantage
2022-10-28 15:09:34.029 | 04:53   20ms  155M  222G  66/ 78U [GameAnalyzer] Income advantage is now Even
2022-10-28 15:09:34.071 | 04:53   23ms  155M  226G  66/ 78U [GameAnalyzer] Income advantage is now SlightAdvantage
2022-10-28 15:09:34.181 | 04:54   20ms  160M  226G  66/ 78U [GameAnalyzer] Income advantage is now Even
2022-10-28 15:09:34.183 | 04:54   20ms  110M  226G  66/ 78U [ActUnit] SCV from COMMANDCENTER at (147.5, 54.5)
2022-10-28 15:09:34.240 | 04:54   24ms  115M  226G  67/ 78U [GameAnalyzer] Income advantage is now SlightAdvantage
2022-10-28 15:09:34.380 | 04:54   21ms   25M  230G  67/ 78U [GameAnalyzer] Income advantage is now Even
2022-10-28 15:09:34.545 | 04:55   20ms   75M  234G  67/ 78U [GameAnalyzer] Income advantage is now SlightAdvantage
2022-10-28 15:09:34.777 | 04:55   22ms   85M  238G  67/ 78U [GameAnalyzer] Income advantage is now Even
2022-10-28 15:09:35.215 | 04:57   19ms   30M  242G  67/ 78U [GameAnalyzer] Income advantage is now SlightAdvantage
2022-10-28 15:09:35.321 | 04:57   21ms   35M  246G  67/ 78U [GameAnalyzer] Income advantage is now Even
2022-10-28 15:09:35.529 | 04:58   19ms   55M  250G  67/ 78U [GameAnalyzer] Income advantage is now SlightAdvantage
2022-10-28 15:09:35.748 | 04:59   22ms   90M  254G  67/ 78U [GameAnalyzer] Income advantage is now Even
2022-10-28 15:09:36.038 | 05:00   20ms  115M  258G  67/ 86U [GameAnalyzer] Income advantage is now SlightAdvantage
2022-10-28 15:09:36.437 | 05:01   22ms  170M  266G  67/ 86U [BuildGas] Building REFINERY to (149.5, 61.5)
2022-10-28 15:09:36.493 | 05:01   22ms  175M  266G  67/ 86U [GameAnalyzer] Income advantage is now Even
2022-10-28 15:09:36.667 | 05:01   20ms  195M  270G  67/ 86U [GameAnalyzer] Income advantage is now SlightAdvantage
2022-10-28 15:09:36.847 | 05:02   20ms  225M  270G  67/ 86U [GameAnalyzer] Income advantage is now Even
2022-10-28 15:09:37.045 | 05:03   25ms  250M  274G  67/ 86U [GameAnalyzer] Income advantage is now SlightAdvantage
2022-10-28 15:09:37.265 | 05:03   20ms  260M  278G  67/ 86U [GameAnalyzer] Income advantage is now Even
2022-10-28 15:09:37.530 | 05:04   24ms  230M  282G  67/ 86U [ActUnit] SCV from COMMANDCENTER at (147.5, 31.5)
2022-10-28 15:09:37.749 | 05:05   21ms  260M  286G  68/ 86U [GameAnalyzer] Known army advantage is now ClearAdvantage
2022-10-28 15:09:38.126 | 05:06   21ms  260M  294G  68/ 86U [ActUnit] SCV from COMMANDCENTER at (147.5, 54.5)
2022-10-28 15:09:38.189 | 05:06   27ms  265M  294G  69/ 86U [GameAnalyzer] Income advantage is now SlightAdvantage
2022-10-28 15:09:38.254 | 05:06   24ms  265M  294G  69/ 86U [GameAnalyzer] Income advantage is now Even
2022-10-28 15:09:38.407 | 05:07   23ms  285M  298G  69/ 86U [GameAnalyzer] Income advantage is now SlightAdvantage
2022-10-28 15:09:38.479 | 05:07   26ms  290M  298G  69/ 86U [GameAnalyzer] Income advantage is now Even
2022-10-28 15:09:38.778 | 05:08   22ms  320M  302G  69/ 86U [GameAnalyzer] Income advantage is now SlightAdvantage
2022-10-28 15:09:38.963 | 05:08   23ms  325M  306G  69/ 86U [GameAnalyzer] Income advantage is now Even
2022-10-28 15:09:39.340 | 05:10   21ms  395M  314G  69/ 86U [GameAnalyzer] Income advantage is now SlightAdvantage
2022-10-28 15:09:39.409 | 05:10   22ms  395M  314G  69/ 86U [GameAnalyzer] Income advantage is now Even
2022-10-28 15:09:39.471 | 05:10   25ms  395M  314G  69/ 86U [GameAnalyzer] Predicted army advantage is now SmallDisadvantage
2022-10-28 15:09:39.542 | 05:10   25ms  405M  314G  69/ 86U [Expand] Expanding to (144.5, 80.5)
2022-10-28 15:09:39.896 | 05:11   24ms   25M  322G  69/ 86U [GameAnalyzer] Predicted army advantage is now SlightDisadvantage
2022-10-28 15:09:40.091 | 05:11   24ms   55M  322G  69/ 86U [GameAnalyzer] Income advantage is now SlightAdvantage
2022-10-28 15:09:40.154 | 05:12   24ms   55M  326G  69/ 86U [GameAnalyzer] Income advantage is now Even
2022-10-28 15:09:40.885 | 05:14   24ms  105M  334G  69/ 86U [Tech] Started SHIELDWALL
2022-10-28 15:09:41.134 | 05:14   22ms   20M  238G  69/ 86U [GameAnalyzer] Predicted army advantage is now Even
2022-10-28 15:09:41.378 | 05:15   22ms   50M  242G  69/ 86U [BuildAddon] UnitTypeId.BARRACKSREACTOR to (142.0, 27.0)
2022-10-28 15:09:41.380 | 05:15   22ms   50M  242G  69/ 86U [BuildAddon] UnitTypeId.BARRACKSTECHLAB to (142.0, 27.0)
2022-10-28 15:09:41.777 | 05:16   22ms   10M  200G  69/ 86U [ActUnit] SCV from COMMANDCENTER at (147.5, 31.5)
2022-10-28 15:09:42.430 | 05:18   23ms    5M  208G  70/ 86U [ActUnit] SCV from COMMANDCENTER at (147.5, 54.5)
2022-10-28 15:09:42.479 | 05:18   26ms   10M  212G  71/ 86U [GameAnalyzer] Income advantage is now SlightAdvantage
2022-10-28 15:09:42.603 | 05:19   22ms   10M  212G  71/ 86U [GameAnalyzer] Income advantage is now Even
2022-10-28 15:09:42.784 | 05:19   22ms   20M  220G  71/ 94U [GameAnalyzer] Income advantage is now SmallAdvantage
2022-10-28 15:09:43.523 | 05:21   22ms    0M  207G  71/ 94U [TerranUnit] MARAUDER from BARRACKS at (139.5, 35.5)
2022-10-28 15:09:45.111 | 05:26   23ms  110M  235G  73/ 94U [TerranUnit] MARINE from BARRACKS at (144.5, 37.5)
2022-10-28 15:09:45.678 | 05:28   23ms  100M  251G  74/ 94U [TerranUnit] MARINE from BARRACKS at (144.5, 37.5)
2022-10-28 15:09:45.737 | 05:28   25ms   55M  251G  75/ 94U [ActUnit] SCV from COMMANDCENTER at (147.5, 31.5)
2022-10-28 15:09:46.491 | 05:30   26ms    0M  271G  76/ 94U [ActUnit] SCV from COMMANDCENTER at (147.5, 54.5)
2022-10-28 15:09:49.282 | 05:38   25ms  100M  222G  77/ 94U [TerranUnit] SIEGETANK from FACTORY at (137.5, 38.5)
2022-10-28 15:09:49.698 | 05:40   22ms  140M  234G  80/ 94U [GameAnalyzer] Income advantage is now ClearAdvantage
2022-10-28 15:09:49.768 | 05:40   27ms  140M  234G  80/ 94U [GameAnalyzer] Income advantage is now SmallAdvantage
2022-10-28 15:09:49.946 | 05:40   23ms  165M  242G  80/ 94U [GameAnalyzer] Income advantage is now ClearAdvantage
2022-10-28 15:09:49.947 | 05:40   23ms  115M  242G  80/ 94U [ActUnit] SCV from COMMANDCENTER at (147.5, 31.5)
2022-10-28 15:09:50.004 | 05:41   32ms  120M  246G  81/ 94U [GameAnalyzer] Income advantage is now SmallAdvantage
2022-10-28 15:09:50.363 | 05:42   23ms  155M  254G  81/ 94U [GameAnalyzer] Income advantage is now ClearAdvantage
2022-10-28 15:09:50.434 | 05:42   25ms  160M  258G  81/ 94U [GameAnalyzer] Income advantage is now SmallAdvantage
2022-10-28 15:09:50.629 | 05:42   23ms  120M  258G  81/ 94U [ActUnit] SCV from COMMANDCENTER at (147.5, 54.5)
2022-10-28 15:09:50.833 | 05:43   24ms   30M  241G  82/ 94U [TerranUnit] MARAUDER from BARRACKS at (139.5, 35.5)
2022-10-28 15:09:51.173 | 05:44   25ms   85M  249G  84/ 94U [GameAnalyzer] Income advantage is now ClearAdvantage
2022-10-28 15:09:51.243 | 05:44   27ms   95M  249G  84/ 94U [GameAnalyzer] Income advantage is now SmallAdvantage
2022-10-28 15:09:51.323 | 05:44   29ms   45M  253G  84/ 94U [TerranUnit] MARINE from BARRACKS at (144.5, 37.5)
2022-10-28 15:09:52.033 | 05:46   25ms  105M  277G  85/ 94U [GameAnalyzer] Income advantage is now ClearAdvantage
2022-10-28 15:09:52.103 | 05:46   27ms    5M  277G  85/ 94U [GameAnalyzer] Income advantage is now SmallAdvantage
2022-10-28 15:09:52.582 | 05:47   26ms    0M  293G  85/ 94U [TerranUnit] MARINE from BARRACKS at (144.5, 37.5)
2022-10-28 15:09:52.822 | 05:48   26ms   20M  297G  86/ 94U [GameAnalyzer] Income advantage is now ClearAdvantage
2022-10-28 15:09:52.896 | 05:48   25ms   20M  297G  86/ 94U [GameAnalyzer] Income advantage is now SmallAdvantage
2022-10-28 15:09:53.298 | 05:49   24ms   55M  313G  86/ 94U [GameAnalyzer] Income advantage is now ClearAdvantage
2022-10-28 15:09:53.369 | 05:50   27ms   60M  313G  86/ 94U [GameAnalyzer] Income advantage is now SmallAdvantage
2022-10-28 15:09:53.638 | 05:50   25ms   85M  321G  86/ 94U [GameAnalyzer] Income advantage is now ClearAdvantage
2022-10-28 15:09:53.705 | 05:50   26ms   90M  325G  86/ 94U [GameAnalyzer] Income advantage is now SmallAdvantage
2022-10-28 15:09:54.088 | 05:51   22ms  125M  333G  86/ 94U [GameAnalyzer] Income advantage is now ClearAdvantage
2022-10-28 15:09:54.155 | 05:52   25ms  135M  333G  86/ 94U [GameAnalyzer] Income advantage is now SmallAdvantage
2022-10-28 15:09:54.424 | 05:52   23ms  110M  345G  86/ 94U [TerranUnit] MARINE from BARRACKS at (139.5, 27.5)
2022-10-28 15:09:54.490 | 05:53   25ms   60M  345G  87/ 94U [ActUnit] SCV from COMMANDCENTER at (147.5, 31.5)
2022-10-28 15:09:54.496 | 05:53   25ms   10M  345G  87/ 94U [TerranUnit] MARINE from BARRACKS at (139.5, 27.5)
2022-10-28 15:09:54.616 | 05:53   24ms   15M  349G  89/ 94U [GameAnalyzer] Income advantage is now ClearAdvantage
2022-10-28 15:09:54.682 | 05:53   25ms   15M  349G  89/ 94U [GameAnalyzer] Income advantage is now SmallAdvantage
2022-10-28 15:09:55.215 | 05:55   24ms   15M  365G  89/ 94U [ActUnit] SCV from COMMANDCENTER at (147.5, 54.5)
2022-10-28 15:09:55.412 | 05:55   24ms   30M  373G  90/ 94U [GameAnalyzer] Income advantage is now ClearAdvantage
2022-10-28 15:09:55.486 | 05:55   25ms   35M  377G  90/102U [GameAnalyzer] Income advantage is now SmallAdvantage
2022-10-28 15:09:56.158 | 05:57   26ms  100M  393G  90/102U [GameAnalyzer] Income advantage is now ClearAdvantage
2022-10-28 15:09:56.301 | 05:57   24ms   10M  397G  90/102U [GameAnalyzer] Income advantage is now SmallAdvantage
2022-10-28 15:09:56.582 | 05:58   27ms   25M  409G  90/102U [GameAnalyzer] Income advantage is now ClearAdvantage
2022-10-28 15:09:56.656 | 05:58   26ms   30M  409G  90/102U [GameAnalyzer] Income advantage is now SmallAdvantage
2022-10-28 15:09:56.954 | 05:59   24ms   60M  413G  90/102U [GameAnalyzer] Income advantage is now ClearAdvantage
2022-10-28 15:09:57.155 | 06:00   25ms   70M  425G  90/102U [GameAnalyzer] Income advantage is now SmallAdvantage
2022-10-28 15:09:57.805 | 06:01   24ms  145M  441G  90/102U [GameAnalyzer] Income advantage is now ClearAdvantage
2022-10-28 15:09:57.947 | 06:02   24ms  145M  441G  90/102U [GameAnalyzer] Income advantage is now SmallAdvantage
2022-10-28 15:09:58.096 | 06:02   24ms  105M  449G  90/102U [TerranUnit] MARINE from BARRACKS at (144.5, 37.5)
2022-10-28 15:09:58.293 | 06:03   26ms  130M  457G  91/102U [GameAnalyzer] Income advantage is now ClearAdvantage
2022-10-28 15:09:58.442 | 06:03   26ms  135M  457G  91/102U [GameAnalyzer] Income advantage is now SmallAdvantage
2022-10-28 15:09:58.595 | 06:03   29ms  145M  461G  91/102U [GameAnalyzer] Income advantage is now ClearAdvantage
2022-10-28 15:09:58.674 | 06:03   28ms  150M  461G  91/102U [GameAnalyzer] Income advantage is now SmallAdvantage
2022-10-28 15:09:59.046 | 06:04   30ms  175M  473G  91/102U [GameAnalyzer] Income advantage is now SlightAdvantage
2022-10-28 15:09:59.052 | 06:04   30ms   75M  448G  91/102U [TerranUnit] MARAUDER from BARRACKS at (139.5, 35.5)
2022-10-28 15:09:59.206 | 06:05   29ms   40M  452G  93/102U [ActUnit] SCV from COMMANDCENTER at (147.5, 31.5)
2022-10-28 15:09:59.274 | 06:05   30ms   55M  452G  94/102U [GameAnalyzer] Income advantage is now SmallAdvantage
2022-10-28 15:09:59.350 | 06:05   32ms   55M  460G  94/102U [GameAnalyzer] Income advantage is now SlightAdvantage
2022-10-28 15:09:59.429 | 06:05   31ms   10M  460G  94/102U [TerranUnit] MARINE from BARRACKS at (144.5, 37.5)
2022-10-28 15:09:59.526 | 06:05   31ms   15M  464G  95/102U [GameAnalyzer] Income advantage is now SmallAdvantage
2022-10-28 15:09:59.593 | 06:06   34ms   20M  464G  95/102U [GameAnalyzer] Income advantage is now SlightAdvantage
2022-10-28 15:09:59.825 | 06:06   30ms   50M  468G  95/102U [GameAnalyzer] Income advantage is now SmallAdvantage
2022-10-28 15:09:59.904 | 06:06   31ms   50M  468G  95/102U [GameAnalyzer] Income advantage is now SlightAdvantage
2022-10-28 15:10:00.069 | 06:07   32ms   55M  476G  95/102U [GameAnalyzer] Known army advantage is now SlightAdvantage
2022-10-28 15:10:00.070 | 06:07   32ms    5M  476G  95/102U [ActUnit] SCV from COMMANDCENTER at (147.5, 54.5)
2022-10-28 15:10:00.138 | 06:07   33ms   15M  480G  96/102U [GameAnalyzer] Income advantage is now SmallAdvantage
2022-10-28 15:10:00.221 | 06:07   31ms   25M  480G  96/102U [GameAnalyzer] Income advantage is now SlightAdvantage
2022-10-28 15:10:00.292 | 06:07   32ms   25M  480G  96/102U [GameAnalyzer] Income advantage is now SmallAdvantage
2022-10-28 15:10:00.939 | 06:09   29ms   55M  496G  96/102U [GameAnalyzer] Income advantage is now SlightAdvantage
2022-10-28 15:10:01.086 | 06:09   29ms   75M  496G  96/102U [GameAnalyzer] Income advantage is now SmallAdvantage
2022-10-28 15:10:01.318 | 06:10   29ms   95M  508G  96/110U [GameAnalyzer] Income advantage is now SlightAdvantage
2022-10-28 15:10:01.387 | 06:10   30ms  105M  508G  96/110U [GameAnalyzer] Income advantage is now SmallAdvantage
2022-10-28 15:10:01.469 | 06:10   33ms  110M  512G  96/110U [GameAnalyzer] Income advantage is now SlightAdvantage
2022-10-28 15:10:01.543 | 06:10   30ms  115M  512G  96/110U [GameAnalyzer] Income advantage is now SmallAdvantage
2022-10-28 15:10:01.787 | 06:11   33ms  120M  516G  96/110U [GameAnalyzer] Income advantage is now Even
2022-10-28 15:10:01.789 | 06:11   33ms  120M  516G  96/110U [GameAnalyzer] Known army advantage is now SmallAdvantage
2022-10-28 15:10:01.859 | 06:11   35ms  125M  516G  96/110U [GameAnalyzer] Income advantage is now SlightAdvantage
2022-10-28 15:10:01.928 | 06:11   35ms  130M  524G  96/110U [GameAnalyzer] Income advantage is now SmallAdvantage
2022-10-28 15:10:02.012 | 06:11   32ms  100M  524G  96/110U [TerranUnit] MARINE from BARRACKS at (139.5, 27.5)
2022-10-28 15:10:02.181 | 06:11   37ms   10M  528G  97/110U [GameAnalyzer] Income advantage is now SlightAdvantage
2022-10-28 15:10:02.268 | 06:12   34ms   20M  528G  97/110U [GameAnalyzer] Income advantage is now SmallAdvantage
2022-10-28 15:10:02.345 | 06:12   32ms   30M  528G  97/110U [GameAnalyzer] Known army advantage is now SlightAdvantage
2022-10-28 15:10:02.897 | 06:13   31ms    0M  544G  97/110U [TerranUnit] MARINE from BARRACKS at (139.5, 27.5)
2022-10-28 15:10:03.044 | 06:13   29ms    5M  544G  98/110U [GameAnalyzer] Income advantage is now SlightAdvantage
2022-10-28 15:10:03.194 | 06:14   31ms   30M  552G  98/110U [GameAnalyzer] Income advantage is now SmallAdvantage
2022-10-28 15:10:03.350 | 06:14   30ms   50M  556G  98/110U [GameAnalyzer] Income advantage is now SlightAdvantage
2022-10-28 15:10:03.504 | 06:15   31ms   65M  560G  98/110U [GameAnalyzer] Income advantage is now SmallAdvantage
2022-10-28 15:10:03.888 | 06:15   30ms   75M  572G  98/110U [GameAnalyzer] Income advantage is now SlightAdvantage
2022-10-28 15:10:04.051 | 06:16   31ms  100M  576G  98/110U [GameAnalyzer] Income advantage is now SmallAdvantage
2022-10-28 15:10:04.273 | 06:16   30ms  120M  576G  98/110U [GameAnalyzer] Income advantage is now SlightAdvantage
2022-10-28 15:10:04.346 | 06:16   31ms  130M  580G  98/110U [GameAnalyzer] Income advantage is now SmallAdvantage
2022-10-28 15:10:04.499 | 06:17   31ms   90M  588G  98/110U [ActUnit] SCV from COMMANDCENTER at (147.5, 31.5)
2022-10-28 15:10:04.567 | 06:17   31ms   90M  588G  99/110U [GameAnalyzer] Predicted army advantage is now SlightDisadvantage
2022-10-28 15:10:04.824 | 06:18   43ms   95M  592G  99/110U [GameAnalyzer] Income advantage is now SlightAdvantage
2022-10-28 15:10:04.975 | 06:18   34ms  100M  592G  99/110U [GameAnalyzer] Income advantage is now SmallAdvantage
2022-10-28 15:10:05.264 | 06:19   28ms  130M  608G  99/110U [GameAnalyzer] Income advantage is now SlightAdvantage
2022-10-28 15:10:05.341 | 06:19   29ms  105M  608G  99/110U [ActUnit] SCV from COMMANDCENTER at (147.5, 54.5)
2022-10-28 15:10:05.415 | 06:19   33ms  110M  608G 100/110U [GameAnalyzer] Income advantage is now SmallAdvantage
2022-10-28 15:10:05.710 | 06:20   29ms  120M  616G 100/110U [GameAnalyzer] Income advantage is now SlightAdvantage
2022-10-28 15:10:05.787 | 06:20   29ms  120M  620G 100/110U [GameAnalyzer] Known army advantage is now SmallAdvantage
2022-10-28 15:10:05.932 | 06:20   30ms  135M  624G 100/110U [GameAnalyzer] Income advantage is now SmallAdvantage
2022-10-28 15:10:06.020 | 06:20   31ms  140M  624G 100/110U [GameAnalyzer] Income advantage is now SlightAdvantage
2022-10-28 15:10:06.091 | 06:21   35ms  150M  624G 100/110U [GameAnalyzer] Income advantage is now SmallAdvantage
2022-10-28 15:10:06.097 | 06:21   35ms  100M  624G 100/110U [TerranUnit] MARINE from BARRACKS at (144.5, 37.5)
2022-10-28 15:10:07.149 | 06:23   30ms  125M  656G 101/118U [TerranUnit] MARINE from BARRACKS at (144.5, 37.5)
2022-10-28 15:10:08.143 | 06:25   32ms  195M  676G 102/118U [GameAnalyzer] Income advantage is now SlightAdvantage
2022-10-28 15:10:08.310 | 06:26   33ms  205M  684G 102/118U [GameAnalyzer] Income advantage is now SmallAdvantage
2022-10-28 15:10:08.316 | 06:26   33ms  105M  659G 102/118U [TerranUnit] MARAUDER from BARRACKS at (139.5, 35.5)
2022-10-28 15:10:08.386 | 06:26   37ms  115M  659G 104/118U [GameAnalyzer] Income advantage is now SlightAdvantage
2022-10-28 15:10:08.846 | 06:27   32ms  165M  667G 104/118U [GameAnalyzer] Income advantage is now SmallAdvantage
2022-10-28 15:10:09.007 | 06:27   33ms  165M  675G 104/118U [GameAnalyzer] Income advantage is now SlightAdvantage
2022-10-28 15:10:09.227 | 06:28   31ms  170M  679G 104/118U [GameAnalyzer] Income advantage is now SmallAdvantage
2022-10-28 15:10:09.305 | 06:28   34ms  175M  679G 104/118U [GameAnalyzer] Income advantage is now SlightAdvantage
2022-10-28 15:10:09.685 | 06:29   34ms  215M  695G 104/118U [GameAnalyzer] Predicted army advantage is now Even
2022-10-28 15:10:09.687 | 06:29   34ms  165M  695G 104/118U [ActUnit] SCV from COMMANDCENTER at (147.5, 31.5)
2022-10-28 15:10:09.693 | 06:29   34ms  115M  695G 104/118U [TerranUnit] MARINE from BARRACKS at (139.5, 27.5)
2022-10-28 15:10:09.756 | 06:29   38ms  135M  695G 106/118U [GameAnalyzer] Income advantage is now SmallAdvantage
2022-10-28 15:10:09.993 | 06:30   33ms   35M  699G 106/118U [GameAnalyzer] Income advantage is now SlightAdvantage
2022-10-28 15:10:10.297 | 06:30   31ms   45M  707G 106/118U [GameAnalyzer] Income advantage is now SmallAdvantage
2022-10-28 15:10:12.424 | 06:35   32ms   60M  759G 106/141U [Tech] Started PUNISHERGRENADES
2022-10-28 15:10:12.845 | 06:36   46ms    0M  725G 106/141U [TerranUnit] MARINE from BARRACKS at (139.5, 27.5)
2022-10-28 15:10:13.060 | 06:37   31ms    5M  725G 107/141U [GameAnalyzer] Income advantage is now ClearAdvantage
2022-10-28 15:10:13.139 | 06:37   32ms   10M  725G 107/141U [GameAnalyzer] Income advantage is now SmallAdvantage
2022-10-28 15:10:13.508 | 06:38   32ms   60M  741G 107/141U [GameAnalyzer] Income advantage is now ClearAdvantage
2022-10-28 15:10:13.585 | 06:38   33ms   60M  741G 107/141U [GameAnalyzer] Income advantage is now SmallAdvantage
2022-10-28 15:10:13.752 | 06:38   32ms   20M  741G 107/141U [TerranUnit] MARINE from BARRACKS at (144.5, 37.5)
2022-10-28 15:10:13.973 | 06:39   37ms   50M  753G 108/141U [GameAnalyzer] Income advantage is now ClearAdvantage
2022-10-28 15:10:14.050 | 06:39   33ms   50M  753G 108/141U [GameAnalyzer] Income advantage is now SmallAdvantage
2022-10-28 15:10:15.609 | 06:43   30ms   10M  789G 108/141U [TerranUnit] MARINE from BARRACKS at (144.5, 37.5)
2022-10-28 15:10:18.057 | 06:48   41ms    0M  828G 109/141U [TerranUnit] MARAUDER from BARRACKS at (139.5, 35.5)
2022-10-28 15:10:18.746 | 06:50   35ms    0M  844G 111/141U [TerranUnit] MARINE from BARRACKS at (139.5, 27.5)
2022-10-28 15:10:20.180 | 06:53   31ms    0M  755G 112/141U [TerranUnit] SIEGETANK from FACTORY at (137.5, 38.5)
2022-10-28 15:10:20.955 | 06:55   36ms    0M  775G 115/149U [TerranUnit] MARINE from BARRACKS at (139.5, 27.5)
2022-10-28 15:10:21.466 | 06:56   36ms   60M  783G 116/149U [GameAnalyzer] Income advantage is now ClearAdvantage
2022-10-28 15:10:21.568 | 06:56   37ms   10M  787G 116/149U [TerranUnit] MARINE from BARRACKS at (144.5, 37.5)
2022-10-28 15:10:21.647 | 06:56   42ms   10M  787G 117/149U [GameAnalyzer] Income advantage is now SmallAdvantage
2022-10-28 15:10:22.631 | 06:58   38ms   55M  815G 117/149U [ActUnit] SCV from COMMANDCENTER at (147.5, 54.5)
2022-10-28 15:10:22.708 | 06:59   42ms   10M  815G 118/149U [ActUnit] SCV from COMMANDCENTER at (147.5, 31.5)
2022-10-28 15:10:23.425 | 07:00   38ms   10M  831G 119/149U [ActUnit] SCV from COMMANDCENTER at (144.5, 80.5)
2022-10-28 15:10:23.981 | 07:01   41ms    0M  843G 120/149U [TerranUnit] MARINE from BARRACKS at (144.5, 37.5)
2022-10-28 15:10:25.928 | 07:05   40ms    0M  804G 121/149U [TerranUnit] VIKINGFIGHTER from STARPORT at (151.5, 37.5)
2022-10-28 15:10:26.555 | 07:06   40ms   55M  820G 123/149U [GameAnalyzer] Income advantage is now ClearAdvantage
2022-10-28 15:10:26.647 | 07:06   40ms   55M  820G 123/149U [GameAnalyzer] Income advantage is now SmallAdvantage
2022-10-28 15:10:27.196 | 07:07   42ms    0M  736G 123/149U [TerranUnit] MEDIVAC from STARPORT at (151.5, 37.5)
2022-10-28 15:10:27.651 | 07:08   42ms    0M  740G 125/149U [TerranUnit] MARINE from BARRACKS at (139.5, 27.5)
2022-10-28 15:10:28.487 | 07:10   42ms   45M  764G 126/149U [GameAnalyzer] Known army advantage is now ClearAdvantage
2022-10-28 15:10:28.854 | 07:11   47ms   45M  768G 126/149U [ActUnit] SCV from COMMANDCENTER at (147.5, 54.5)
2022-10-28 15:10:28.944 | 07:11   42ms    0M  768G 127/149U [ActUnit] SCV from COMMANDCENTER at (147.5, 31.5)
2022-10-28 15:10:29.419 | 07:12   42ms   20M  784G 128/149U [GameAnalyzer] Income advantage is now ClearAdvantage
2022-10-28 15:10:29.521 | 07:12   44ms   30M  784G 128/149U [GameAnalyzer] Income advantage is now SmallAdvantage
2022-10-28 15:10:29.801 | 07:12   42ms   50M  784G 128/149U [GameAnalyzer] Income advantage is now ClearAdvantage
2022-10-28 15:10:29.803 | 07:12   42ms    0M  784G 128/149U [ActUnit] SCV from COMMANDCENTER at (144.5, 80.5)
2022-10-28 15:10:29.902 | 07:13   45ms   15M  788G 129/149U [GameAnalyzer] Income advantage is now SmallAdvantage
2022-10-28 15:10:30.188 | 07:13   45ms   50M  796G 129/149U [GameAnalyzer] Income advantage is now Even
2022-10-28 15:10:30.803 | 07:14   49ms   65M  804G 129/149U [GameAnalyzer] Predicted army advantage is now SlightAdvantage
2022-10-28 15:10:32.551 | 07:17   44ms  105M  840G 129/149U [Tech] Started TERRANINFANTRYWEAPONSLEVEL1
2022-10-28 15:10:32.555 | 07:17   44ms    5M  815G 129/149U [TerranUnit] MARAUDER from BARRACKS at (139.5, 35.5)
2022-10-28 15:10:33.600 | 07:19   44ms  100M  760G 129/149U [Tech] Started TERRANINFANTRYARMORSLEVEL1
2022-10-28 15:10:33.604 | 07:19   44ms    0M  735G 129/149U [TerranUnit] MARAUDER from BARRACKS at (139.5, 35.5)
2022-10-28 15:10:34.226 | 07:20   44ms    0M  668G 129/149U [TerranUnit] MARINE from BARRACKS at (144.5, 37.5)
2022-10-28 15:10:34.947 | 07:21   44ms    0M  684G 130/149U [TerranUnit] MARINE from BARRACKS at (139.5, 35.5)
2022-10-28 15:10:35.545 | 07:22   44ms    5M  696G 131/149U [TerranUnit] MARINE from BARRACKS at (144.5, 37.5)
2022-10-28 15:10:35.874 | 07:23   47ms   30M  700G 132/149U [GameAnalyzer] Income advantage is now SlightAdvantage
2022-10-28 15:10:35.979 | 07:23   50ms   30M  708G 132/149U [GameAnalyzer] Income advantage is now Even
2022-10-28 15:10:36.309 | 07:24   46ms   45M  712G 132/149U [GameAnalyzer] Income advantage is now SlightAdvantage
2022-10-28 15:10:36.438 | 07:24   53ms   55M  712G 132/149U [GameAnalyzer] Income advantage is now Even
2022-10-28 15:10:36.439 | 07:24   53ms   55M  712G 132/149U [GameAnalyzer] Predicted army advantage is now Even
2022-10-28 15:10:36.441 | 07:24   53ms    5M  712G 132/149U [ActUnit] SCV from COMMANDCENTER at (147.5, 54.5)
2022-10-28 15:10:36.619 | 07:24   58ms    5M  712G 133/149U [GameAnalyzer] Income advantage is now SmallAdvantage
2022-10-28 15:10:36.768 | 07:24   57ms   15M  712G 133/149U [GameAnalyzer] Income advantage is now ClearAdvantage
2022-10-28 15:10:36.920 | 07:24   65ms   25M  716G 133/149U [GameAnalyzer] Known army advantage is now SlightAdvantage
2022-10-28 15:10:36.921 | 07:24   65ms   25M  716G 133/149U [GameAnalyzer] Predicted army advantage is now SlightDisadvantage
2022-10-28 15:10:37.206 | 07:25   58ms   40M  724G 133/149U [GameAnalyzer] Income advantage is now SmallAdvantage
2022-10-28 15:10:37.357 | 07:25   62ms   45M  724G 133/149U [GameAnalyzer] Income advantage is now ClearAdvantage
2022-10-28 15:10:37.551 | 07:25   59ms   20M  728G 133/149U [ActUnit] SCV from COMMANDCENTER at (144.5, 80.5)
2022-10-28 15:10:38.168 | 07:26   53ms   20M  732G 133/149U [ActUnit] SCV from COMMANDCENTER at (147.5, 31.5)
2022-10-28 15:10:38.311 | 07:26   58ms   25M  732G 134/149U [GameAnalyzer] Income advantage is now SmallAdvantage
2022-10-28 15:10:38.477 | 07:26   62ms   30M  740G 134/149U [GameAnalyzer] Predicted army advantage is now Even
2022-10-28 15:10:38.703 | 07:26   61ms   35M  740G 134/149U [GameAnalyzer] Income advantage is now ClearAdvantage
2022-10-28 15:10:38.883 | 07:26   62ms   45M  744G 131/149U [GameAnalyzer] Predicted army advantage is now SlightDisadvantage
2022-10-28 15:10:39.025 | 07:27   56ms    0M  744G 131/149U [TerranUnit] MARINE from BARRACKS at (139.5, 27.5)
2022-10-28 15:10:39.882 | 07:28   58ms    0M  756G 132/149U [TerranUnit] MARINE from BARRACKS at (139.5, 27.5)
2022-10-28 15:10:41.300 | 07:30   50ms   70M  776G 131/149U [GameAnalyzer] Known army advantage is now ClearAdvantage
2022-10-28 15:10:41.301 | 07:30   50ms   70M  776G 131/149U [GameAnalyzer] Predicted army advantage is now Even
2022-10-28 15:10:41.443 | 07:30   53ms   75M  776G 130/149U [GameAnalyzer] Income advantage is now SmallAdvantage
2022-10-28 15:10:41.445 | 07:30   53ms   75M  776G 130/149U [GameAnalyzer] Known army advantage is now SmallAdvantage
2022-10-28 15:10:41.446 | 07:30   53ms   75M  776G 130/149U [GameAnalyzer] Predicted army advantage is now SlightDisadvantage
2022-10-28 15:10:41.575 | 07:30   52ms   95M  776G 130/149U [GameAnalyzer] Income advantage is now ClearAdvantage
2022-10-28 15:10:42.312 | 07:31   53ms  135M  792G 127/149U [GameAnalyzer] Income advantage is now SmallAdvantage
2022-10-28 15:10:42.415 | 07:31   48ms  140M  792G 127/149U [GameAnalyzer] Income advantage is now ClearAdvantage
2022-10-28 15:10:43.103 | 07:32   79ms  190M  804G 125/149U [GameAnalyzer] Income advantage is now SmallAdvantage
2022-10-28 15:10:43.204 | 07:32   48ms  230M  808G 125/149U [GameAnalyzer] Income advantage is now ClearAdvantage
2022-10-28 15:10:43.639 | 07:33   46ms  245M  812G 124/149U [GameAnalyzer] Income advantage is now SmallAdvantage
2022-10-28 15:10:43.786 | 07:33   49ms  255M  812G 124/149U [GameAnalyzer] Income advantage is now ClearAdvantage
2022-10-28 15:10:43.794 | 07:33   49ms  105M  687G 124/149U [TerranUnit] SIEGETANK from FACTORY at (137.5, 38.5)
2022-10-28 15:10:44.101 | 07:34   41ms  125M  699G 127/149U [GameAnalyzer] Income advantage is now SmallAdvantage
2022-10-28 15:10:44.190 | 07:34   46ms  130M  699G 127/149U [GameAnalyzer] Income advantage is now ClearAdvantage
2022-10-28 15:10:44.387 | 07:34   40ms  155M  699G 126/149U [GameAnalyzer] Income advantage is now SmallAdvantage
2022-10-28 15:10:44.564 | 07:35   40ms  165M  703G 126/149U [GameAnalyzer] Known army advantage is now OverwhelmingAdvantage
2022-10-28 15:10:44.566 | 07:35   40ms  165M  703G 126/149U [GameAnalyzer] Predicted army advantage is now Even
2022-10-28 15:10:44.654 | 07:35   44ms  180M  707G 126/149U [GameAnalyzer] Income advantage is now ClearAdvantage
2022-10-28 15:10:44.656 | 07:35   44ms  180M  707G 126/149U [GameAnalyzer] Predicted army advantage is now SlightAdvantage
2022-10-28 15:10:44.839 | 07:35   42ms  100M  615G 126/149U [TerranUnit] MEDIVAC from STARPORT at (151.5, 37.5)
2022-10-28 15:10:45.150 | 07:36   42ms  105M  615G 128/149U [GameAnalyzer] Income advantage is now SmallAdvantage
2022-10-28 15:10:45.258 | 07:36   43ms   75M  615G 128/149U [ActUnit] SCV from COMMANDCENTER at (147.5, 54.5)
2022-10-28 15:10:45.344 | 07:36   44ms   85M  619G 129/149U [GameAnalyzer] Income advantage is now ClearAdvantage
2022-10-28 15:10:45.726 | 07:37   39ms   95M  631G 129/149U [GameAnalyzer] Income advantage is now SmallAdvantage
2022-10-28 15:10:45.832 | 07:37   42ms  130M  631G 129/149U [GameAnalyzer] Income advantage is now ClearAdvantage
2022-10-28 15:10:45.952 | 07:37   45ms   95M  631G 129/149U [ActUnit] SCV from COMMANDCENTER at (144.5, 80.5)
2022-10-28 15:10:46.344 | 07:38   41ms   65M  643G 130/149U [ActUnit] SCV from COMMANDCENTER at (147.5, 31.5)
2022-10-28 15:10:46.352 | 07:38   41ms   15M  643G 130/149U [TerranUnit] MARINE from BARRACKS at (144.5, 37.5)
2022-10-28 15:10:47.356 | 07:40   50ms    0M  634G 132/157U [TerranUnit] MARAUDER from BARRACKS at (139.5, 35.5)
2022-10-28 15:10:47.600 | 07:40   53ms   35M  638G 134/157U [GameAnalyzer] Income advantage is now SmallAdvantage
2022-10-28 15:10:47.717 | 07:40   48ms   45M  638G 134/157U [GameAnalyzer] Income advantage is now ClearAdvantage
2022-10-28 15:10:47.977 | 07:40   54ms   10M  642G 134/157U [TerranUnit] MARINE from BARRACKS at (144.5, 37.5)
2022-10-28 15:10:48.904 | 07:42   56ms   50M  654G 135/157U [GameAnalyzer] Income advantage is now SmallAdvantage
2022-10-28 15:10:49.158 | 07:42   49ms   75M  658G 135/157U [GameAnalyzer] Income advantage is now ClearAdvantage
2022-10-28 15:10:49.304 | 07:42   50ms   90M  662G 135/157U [GameAnalyzer] Income advantage is now SmallAdvantage
2022-10-28 15:10:49.540 | 07:43   53ms  120M  666G 135/157U [GameAnalyzer] Income advantage is now ClearAdvantage
2022-10-28 15:10:49.813 | 07:43   50ms   30M  670G 135/157U [GameAnalyzer] Income advantage is now SmallAdvantage
2022-10-28 15:10:50.350 | 07:44   49ms   45M  674G 135/157U [GameAnalyzer] Income advantage is now ClearAdvantage
2022-10-28 15:10:50.476 | 07:44   53ms   45M  682G 135/157U [GameAnalyzer] Income advantage is now SmallAdvantage
2022-10-28 15:10:50.604 | 07:44   55ms   50M  682G 135/157U [GameAnalyzer] Income advantage is now ClearAdvantage
2022-10-28 15:10:50.740 | 07:44   54ms   70M  686G 135/157U [GameAnalyzer] Income advantage is now SmallAdvantage
2022-10-28 15:10:50.997 | 07:45   47ms   45M  686G 135/157U [TerranUnit] MARINE from BARRACKS at (139.5, 27.5)
2022-10-28 15:10:51.102 | 07:45   53ms   55M  686G 136/157U [GameAnalyzer] Income advantage is now ClearAdvantage
2022-10-28 15:10:51.379 | 07:45   48ms   80M  690G 136/157U [GameAnalyzer] Predicted army advantage is now SmallAdvantage
2022-10-28 15:10:51.622 | 07:45   50ms   85M  698G 136/157U [GameAnalyzer] Income advantage is now SmallAdvantage
2022-10-28 15:10:51.764 | 07:46   52ms   65M  702G 136/157U [TerranUnit] MARINE from BARRACKS at (139.5, 27.5)
2022-10-28 15:10:51.856 | 07:46   54ms   70M  702G 137/157U [GameAnalyzer] Income advantage is now ClearAdvantage
2022-10-28 15:10:52.277 | 07:46   51ms   85M  706G 137/157U [GameAnalyzer] Income advantage is now SmallAdvantage
2022-10-28 15:10:52.481 | 07:47   50ms  120M  714G 137/157U [GameAnalyzer] Income advantage is now ClearAdvantage
2022-10-28 15:10:53.045 | 07:48   52ms  170M  718G 137/157U [GameAnalyzer] Income advantage is now SmallAdvantage
2022-10-28 15:10:53.259 | 07:48   52ms  175M  726G 137/157U [GameAnalyzer] Income advantage is now ClearAdvantage
2022-10-28 15:10:53.261 | 07:48   52ms  125M  726G 137/157U [ActUnit] SCV from COMMANDCENTER at (147.5, 54.5)
2022-10-28 15:10:54.056 | 07:49   53ms  125M  738G 138/157U [ActUnit] SCV from COMMANDCENTER at (144.5, 80.5)
2022-10-28 15:10:54.504 | 07:50   62ms  120M  750G 139/157U [ActUnit] SCV from COMMANDCENTER at (147.5, 31.5)
2022-10-28 15:10:54.614 | 07:50   62ms  120M  750G 140/157U [GameAnalyzer] Predicted army advantage is now SlightAdvantage
2022-10-28 15:10:55.483 | 07:51   55ms  160M  766G 140/157U [GameAnalyzer] Income advantage is now SmallAdvantage
2022-10-28 15:10:55.615 | 07:52   63ms  195M  766G 140/157U [GameAnalyzer] Income advantage is now OverwhelmingAdvantage
2022-10-28 15:10:58.086 | 07:55   51ms   75M  702G 140/157U [GameAnalyzer] Predicted army advantage is now SmallAdvantage
2022-10-28 15:10:58.304 | 07:56   51ms   45M  710G 140/157U [TerranUnit] MARINE from BARRACKS at (144.5, 37.5)
2022-10-28 15:11:00.028 | 07:58   50ms    5M  734G 140/157U [TerranUnit] MARINE from BARRACKS at (144.5, 37.5)
2022-10-28 15:11:01.411 | 08:00   51ms  125M  858G 141/157U [ActUnit] SCV from COMMANDCENTER at (147.5, 54.5)
2022-10-28 15:11:01.930 | 08:01   49ms   50M  837G 142/157U [TerranUnit] MARAUDER from BARRACKS at (139.5, 35.5)
2022-10-28 15:11:02.271 | 08:01   51ms   30M  849G 144/157U [ActUnit] SCV from COMMANDCENTER at (144.5, 80.5)
2022-10-28 15:11:02.796 | 08:02   54ms   15M  853G 145/157U [ActUnit] SCV from COMMANDCENTER at (147.5, 31.5)
2022-10-28 15:11:03.422 | 08:03   53ms    0M  865G 146/157U [TerranUnit] MARINE from BARRACKS at (139.5, 27.5)
2022-10-28 15:11:03.693 | 08:03   54ms   60M  869G 147/157U [TerranUnit] MARINE from BARRACKS at (139.5, 27.5)
2022-10-28 15:11:04.933 | 08:05   66ms    0M  735G 148/157U [TerranUnit] LIBERATOR from STARPORT at (151.5, 37.5)
2022-10-28 15:11:05.296 | 08:06   60ms   40M  743G 151/157U [EnemyArmyPredicter] Predicting negative free minerals for enemy: -275
2022-10-28 15:11:05.298 | 08:06   60ms   40M  743G 151/157U [GameAnalyzer] Predicted army advantage is now OverwhelmingAdvantage
2022-10-28 15:11:08.443 | 08:10   57ms    0M  670G 147/165U [TerranUnit] SIEGETANK from FACTORY at (137.5, 38.5)
2022-10-28 15:11:08.768 | 08:11   59ms   55M  674G 150/165U [EnemyArmyPredicter] Predicting negative free minerals for enemy: -210
2022-10-28 15:11:09.716 | 08:12   53ms   75M  690G 150/165U [ActUnit] SCV from COMMANDCENTER at (147.5, 54.5)
2022-10-28 15:11:10.518 | 08:14   56ms  100M  706G 151/165U [ActUnit] SCV from COMMANDCENTER at (144.5, 80.5)
2022-10-28 15:11:10.526 | 08:14   56ms   50M  706G 151/165U [TerranUnit] MARINE from BARRACKS at (144.5, 37.5)
2022-10-28 15:11:11.037 | 08:14   54ms   45M  710G 153/165U [ActUnit] SCV from COMMANDCENTER at (147.5, 31.5)
2022-10-28 15:11:12.156 | 08:16   56ms  115M  734G 154/165U [EnemyArmyPredicter] Predicting negative free minerals for enemy: -195
2022-10-28 15:11:12.167 | 08:16   56ms   65M  734G 154/165U [TerranUnit] MARINE from BARRACKS at (144.5, 37.5)
2022-10-28 15:11:13.434 | 08:18   56ms   15M  600G 155/165U [TerranUnit] LIBERATOR from STARPORT at (151.5, 37.5)
2022-10-28 15:11:15.583 | 08:21   55ms    5M  636G 158/165U [TerranUnit] MARINE from BARRACKS at (139.5, 27.5)
2022-10-28 15:11:15.692 | 08:21   54ms   25M  636G 159/165U [EnemyArmyPredicter] Predicting negative free minerals for enemy: -233
2022-10-28 15:11:16.061 | 08:22   54ms    5M  640G 159/165U [TerranUnit] MARINE from BARRACKS at (139.5, 27.5)
2022-10-28 15:11:16.647 | 08:23   67ms    5M  652G 160/165U [TerranUnit] MARINE from BARRACKS at (139.5, 35.5)
2022-10-28 15:11:17.865 | 08:25   48ms   50M  668G 160/173U [ActUnit] SCV from COMMANDCENTER at (147.5, 54.5)
2022-10-28 15:11:18.628 | 08:26   48ms   90M  684G 161/173U [ActUnit] SCV from COMMANDCENTER at (144.5, 80.5)
2022-10-28 15:11:19.101 | 08:26   52ms  120M  696G 162/173U [EnemyArmyPredicter] Predicting negative free minerals for enemy: -160
2022-10-28 15:11:19.104 | 08:26   52ms   70M  696G 162/173U [ActUnit] SCV from COMMANDCENTER at (147.5, 31.5)
2022-10-28 15:11:23.143 | 08:31   58ms  125M  648G 163/181U [TerranUnit] MARINE from BARRACKS at (144.5, 37.5)
2022-10-28 15:11:23.315 | 08:32   57ms  135M  648G 164/181U [EnemyArmyPredicter] Predicting negative free minerals for enemy: -148
2022-10-28 15:11:25.074 | 08:34   54ms   65M  576G 164/181U [TerranUnit] MARINE from BARRACKS at (144.5, 37.5)
2022-10-28 15:11:26.981 | 08:37   61ms   25M  600G 165/181U [ActUnit] SCV from COMMANDCENTER at (147.5, 54.5)
2022-10-28 15:11:27.123 | 08:37   59ms   45M  608G 166/181U [EnemyArmyPredicter] Predicting negative free minerals for enemy: -86
2022-10-28 15:11:27.923 | 08:38   64ms   75M  616G 166/181U [ActUnit] SCV from COMMANDCENTER at (144.5, 80.5)
2022-10-28 15:11:28.681 | 08:39   54ms   85M  628G 167/181U [TerranUnit] MARINE from BARRACKS at (139.5, 27.5)
2022-10-28 15:11:29.206 | 08:40   53ms   85M  640G 168/181U [TerranUnit] MARINE from BARRACKS at (139.5, 27.5)
2022-10-28 15:11:29.937 | 08:41   61ms   15M  619G 169/181U [TerranUnit] MARAUDER from BARRACKS at (139.5, 35.5)
2022-10-28 15:11:31.041 | 08:42   59ms   75M  635G 169/181U [EnemyArmyPredicter] Predicting negative free minerals for enemy: -210
2022-10-28 15:11:32.025 | 08:43   54ms  150M  651G 169/181U [BuildAddon] UnitTypeId.BARRACKSREACTOR to (135.0, 37.0)
2022-10-28 15:11:32.027 | 08:43   54ms  150M  651G 169/181U [BuildAddon] UnitTypeId.BARRACKSTECHLAB to (135.0, 37.0)
2022-10-28 15:11:32.028 | 08:43   54ms    0M  526G 169/181U [TerranUnit] SIEGETANK from FACTORY at (137.5, 38.5)
2022-10-28 15:11:32.930 | 08:45   55ms    5M  492G 168/181U [TerranUnit] SIEGETANK from FACTORY at (137.5, 38.5)
2022-10-28 15:11:35.051 | 08:47   55ms   65M  520G 171/189U [EnemyArmyPredicter] Predicting negative free minerals for enemy: -210
2022-10-28 15:11:36.584 | 08:49   51ms   20M  540G 171/189U [TerranUnit] MARINE from BARRACKS at (144.5, 37.5)
2022-10-28 15:11:38.498 | 08:52   61ms    5M  418G 172/189U [TerranUnit] LIBERATOR from STARPORT at (151.5, 37.5)
2022-10-28 15:11:39.092 | 08:52   55ms   25M  422G 175/189U [EnemyArmyPredicter] Predicting negative free minerals for enemy: -260
2022-10-28 15:11:39.563 | 08:53   56ms   10M  430G 175/189U [TerranUnit] MARINE from BARRACKS at (144.5, 37.5)
2022-10-28 15:11:41.455 | INFO     | sc2.protocol:_execute:72 - Client status changed to Status.ended (was Status.in_game)
2022-10-28 15:11:41.457 | Result: Victory
2022-10-28 15:11:41.458 | Duration: 08:55
2022-10-28 15:11:41.459 | Step time min: 6
2022-10-28 15:11:41.460 | Step time avg: 26
2022-10-28 15:11:41.460 | Step time max: 122
2022-10-28 15:11:41.461 | [LostUnitsContents] My lost units minerals and gas: (1200, 100)
2022-10-28 15:11:41.462 | [LostUnitsContents] My lost units minerals by score: 950.0
2022-10-28 15:11:41.463 | [LostUnitsContents] Enemy lost units minerals and gas: (8625, 1475)
2022-10-28 15:11:41.463 | [LostUnitsContents] Enemy lost units minerals by score: 8625.0
2022-10-28 15:11:41.465 | [GameAnalyzerEnd] Own units:
2022-10-28 15:11:41.465 | [GameAnalyzerEnd] SCV               total:  76 alive:  76 dead:   0 
2022-10-28 15:11:41.466 | [GameAnalyzerEnd] MARINE            total:  61 alive:  42 dead:  19 
2022-10-28 15:11:41.467 | [GameAnalyzerEnd] SUPPLYDEPOT       total:  20 alive:  20 dead:   0 
2022-10-28 15:11:41.467 | [GameAnalyzerEnd] MARAUDER          total:   7 alive:   5 dead:   2 
2022-10-28 15:11:41.468 | [GameAnalyzerEnd] SIEGETANK         total:   4 alive:   4 dead:   0 
2022-10-28 15:11:41.469 | [GameAnalyzerEnd] BARRACKS          total:   4 alive:   4 dead:   0 
2022-10-28 15:11:41.471 | [GameAnalyzerEnd] REACTOR           total:   4 alive:   4 dead:   0 
2022-10-28 15:11:41.472 | [GameAnalyzerEnd] MEDIVAC           total:   4 alive:   4 dead:   0 
2022-10-28 15:11:41.473 | [GameAnalyzerEnd] REFINERY          total:   4 alive:   4 dead:   0 
2022-10-28 15:11:41.473 | [GameAnalyzerEnd] ORBITALCOMMAND    total:   3 alive:   3 dead:   0 
2022-10-28 15:11:41.474 | [GameAnalyzerEnd] STARPORT          total:   2 alive:   2 dead:   0 
2022-10-28 15:11:41.475 | [GameAnalyzerEnd] ENGINEERINGBAY    total:   2 alive:   2 dead:   0 
2022-10-28 15:11:41.475 | [GameAnalyzerEnd] MULE              total:   2 alive:   2 dead:   0 
2022-10-28 15:11:41.476 | [GameAnalyzerEnd] TECHLAB           total:   2 alive:   2 dead:   0 
2022-10-28 15:11:41.477 | [GameAnalyzerEnd] WIDOWMINE         total:   2 alive:   2 dead:   0 
2022-10-28 15:11:41.478 | [GameAnalyzerEnd] FACTORY           total:   2 alive:   2 dead:   0 
2022-10-28 15:11:41.478 | [GameAnalyzerEnd] LIBERATOR         total:   1 alive:   1 dead:   0 
2022-10-28 15:11:41.479 | [GameAnalyzerEnd] VIKINGFIGHTER     total:   1 alive:   1 dead:   0 
2022-10-28 15:11:41.480 | [GameAnalyzerEnd] REAPER            total:   1 alive:   0 dead:   1 
2022-10-28 15:11:41.481 | [GameAnalyzerEnd] Enemy units:
2022-10-28 15:11:41.481 | [GameAnalyzerEnd] DRONE             total:  64 alive:  22 dead:  42 
2022-10-28 15:11:41.482 | [GameAnalyzerEnd] ZERGLING          total:  28 alive:   0 dead:  28 
2022-10-28 15:11:41.483 | [GameAnalyzerEnd] ROACH             total:  15 alive:   0 dead:  15 
2022-10-28 15:11:41.483 | [GameAnalyzerEnd] OVERLORD          total:  12 alive:   6 dead:   6 
2022-10-28 15:11:41.484 | [GameAnalyzerEnd] EXTRACTOR         total:   4 alive:   1 dead:   3 
2022-10-28 15:11:41.485 | [GameAnalyzerEnd] HYDRALISK         total:   4 alive:   0 dead:   4 
2022-10-28 15:11:41.485 | [GameAnalyzerEnd] HATCHERY          total:   3 alive:   1 dead:   2 
2022-10-28 15:11:41.488 | [GameAnalyzerEnd] EVOLUTIONCHAMBER  total:   3 alive:   0 dead:   3 
2022-10-28 15:11:41.489 | [GameAnalyzerEnd] INFESTOR          total:   2 alive:   0 dead:   2 
2022-10-28 15:11:41.489 | [GameAnalyzerEnd] RAVAGER           total:   2 alive:   0 dead:   2 
2022-10-28 15:11:41.490 | [GameAnalyzerEnd] QUEEN             total:   2 alive:   0 dead:   2 
2022-10-28 15:11:41.491 | [GameAnalyzerEnd] OVERSEER          total:   1 alive:   0 dead:   1 
2022-10-28 15:11:41.491 | [GameAnalyzerEnd] SPINECRAWLER      total:   1 alive:   0 dead:   1 
2022-10-28 15:11:41.492 | [GameAnalyzerEnd] ROACHWARREN       total:   1 alive:   0 dead:   1 
2022-10-28 15:11:41.493 | [GameAnalyzerEnd] BANELINGNEST      total:   1 alive:   0 dead:   1 
2022-10-28 15:11:41.493 | [GameAnalyzerEnd] HYDRALISKDEN      total:   1 alive:   0 dead:   1 
2022-10-28 15:11:41.494 | [GameAnalyzerEnd] SPAWNINGPOOL      total:   1 alive:   0 dead:   1 
2022-10-28 15:11:41.495 | [GameAnalyzerEnd] LAIR              total:   1 alive:   0 dead:   1 
2022-10-28 15:11:41.496 | [GameAnalyzerEnd] INFESTATIONPIT    total:   1 alive:   0 dead:   1 
2022-10-28 15:11:41.497 | [GameAnalyzerEnd] Minerals max 595 Average 125
2022-10-28 15:11:41.498 | [GameAnalyzerEnd] Vespene max 885 Average 315
2022-10-28 15:11:41.498 | INFO     | sc2.main:_play_game:228 - Result for player 1 - Bot Turtles(Terran): Victory
2022-10-28 15:11:42.542 | INFO     | sc2.protocol:_execute:72 - Client status changed to Status.launched (was Status.ended)
2022-10-28 15:11:42.545 | INFO     | sc2.protocol:_execute:72 - Client status changed to Status.quit (was Status.launched)
2022-10-28 15:11:42.546 | INFO     | sc2.sc2process:_close_connection:231 - Closing connection at 64158...
2022-10-28 15:11:42.548 | INFO     | sc2.sc2process:kill_all:33 - kill_switch: Process cleanup for 1 processes
