2022-11-04 21:32:39.299 | INFO     | sc2.protocol:_execute:72 - Client status changed to Status.launched (was None)
2022-11-04 21:32:39.300 | INFO     | sc2.controller:create_game:37 - Creating new game
2022-11-04 21:32:39.302 | INFO     | sc2.controller:create_game:38 - Map:     RomanticideAIE
2022-11-04 21:32:39.303 | INFO     | sc2.controller:create_game:39 - Players: Bot Turtles(Terran), Computer VeryHard(Random, RandomBuild)
2022-11-04 21:32:39.305 | INFO     | sc2.protocol:_execute:72 - Client status changed to Status.init_game (was Status.launched)
2022-11-04 21:32:49.245 | INFO     | sc2.protocol:_execute:72 - Client status changed to Status.in_game (was None)
2022-11-04 21:32:49.247 | INFO     | sc2.main:_play_game:221 - Player 1 - Bot Turtles(Terran)
2022-11-04 21:32:49.883 | 00:00    0ms    0M    0G  12/ 15U [Version] 5.0.10.88500
2022-11-04 21:32:49.884 | 00:00    0ms    0M    0G  12/ 15U [Version] 5.0.6 Balance mod recognized.
2022-11-04 21:32:49.962 | 00:00    0ms    0M    0G  12/ 15U [ZoneManager] Map set to: MapName.RomanticideLE from name: Romanticide AIE and hash: 3756032.
2022-11-04 21:32:50.825 | [Start] My race: Terran
2022-11-04 21:32:50.826 | [Start] Opponent race: Random
2022-11-04 21:32:50.827 | [Start] OpponentId: None
2022-11-04 21:32:51.051 | 00:00    6ms    0M    0G  13/ 15U [GameAnalyzer] Income advantage is now SlightDisadvantage
2022-11-04 21:32:51.159 | 00:01    8ms    0M    0G  13/ 15U [GameAnalyzer] Income advantage is now Even
2022-11-04 21:32:52.851 | 00:15    6ms    0M    0G  13/ 15U [ActUnit] SCV from COMMANDCENTER at (41.5, 135.5)
2022-11-04 21:32:53.846 | 00:23    8ms  105M    0G  14/ 15U [GameAnalyzer] Income advantage is now SlightDisadvantage
2022-11-04 21:32:53.873 | 00:23   11ms  105M    0G  14/ 15U [GameAnalyzer] Income advantage is now Even
2022-11-04 21:32:54.314 | 00:26    7ms  135M    0G  14/ 15U [GameAnalyzer] Income advantage is now SlightDisadvantage
2022-11-04 21:32:54.338 | 00:26    9ms  150M    0G  14/ 15U [GameAnalyzer] Income advantage is now Even
2022-11-04 21:32:54.388 | 00:27    9ms  115M    0G  14/ 15U [ActUnit] SCV from COMMANDCENTER at (41.5, 135.5)
2022-11-04 21:32:55.778 | 00:36   44ms  225M    0G  15/ 15U [GameAnalyzer] Income advantage is now SlightDisadvantage
2022-11-04 21:32:55.805 | 00:36   12ms  235M    0G  15/ 15U [GameAnalyzer] Income advantage is now Even
2022-11-04 21:32:56.216 | 00:37   23ms   25M    0G  15/ 23U [BuildGas] Building REFINERY to (45.5, 142.5)
2022-11-04 21:32:56.643 | 00:40   10ms    0M    0G  15/ 23U [ActUnit] SCV from COMMANDCENTER at (41.5, 135.5)
2022-11-04 21:32:58.422 | 00:52   11ms   95M    0G  16/ 23U [ActUnit] SCV from COMMANDCENTER at (41.5, 135.5)
2022-11-04 21:33:00.047 | 01:04    9ms  205M    0G  17/ 23U [ActUnit] SCV from COMMANDCENTER at (41.5, 135.5)
2022-11-04 21:33:02.292 | 01:16   21ms  305M   28G  18/ 23U [ActUnit] SCV from COMMANDCENTER at (41.5, 135.5)
2022-11-04 21:33:02.351 | 01:16   27ms  310M   28G  19/ 23U [GameAnalyzer] Income advantage is now SmallAdvantage
2022-11-04 21:33:02.497 | 01:17   23ms  310M   28G  19/ 23U [GameAnalyzer] Income advantage is now SlightAdvantage
2022-11-04 21:33:02.598 | 01:17   22ms  315M   32G  19/ 23U [GameAnalyzer] Income advantage is now Even
2022-11-04 21:33:03.551 | 01:22   14ms  385M   44G  19/ 23U [EnemyArmyPredicter] Predicting negative free minerals for enemy: -200
2022-11-04 21:33:03.813 | 01:24   13ms  205M   48G  19/ 23U [TerranUnit] MARINE from BARRACKS at (40.5, 128.5)
2022-11-04 21:33:04.012 | 01:25   14ms  360M   52G  20/ 23U [GameAnalyzer] Income advantage is now SlightDisadvantage
2022-11-04 21:33:04.076 | 01:25   13ms  370M   52G  20/ 23U [GameAnalyzer] Income advantage is now Even
2022-11-04 21:33:04.210 | 01:26   13ms  385M   52G  20/ 23U [GameAnalyzer] Income advantage is now SlightDisadvantage
2022-11-04 21:33:04.276 | 01:26   13ms  385M   56G  20/ 23U [GameAnalyzer] Income advantage is now Even
2022-11-04 21:33:04.409 | 01:27   14ms  390M   56G  20/ 23U [GameAnalyzer] Income advantage is now SlightDisadvantage
2022-11-04 21:33:04.440 | 01:27   17ms  400M   56G  20/ 23U [GameAnalyzer] Income advantage is now Even
2022-11-04 21:33:04.627 | 01:28   14ms  415M   60G  20/ 23U [GameAnalyzer] Income advantage is now SlightDisadvantage
2022-11-04 21:33:04.711 | 01:28   13ms  415M   60G  20/ 23U [GameAnalyzer] Income advantage is now Even
2022-11-04 21:33:05.388 | 01:32   13ms  305M   68G  20/ 23U [GameAnalyzer] Income advantage is now SlightDisadvantage
2022-11-04 21:33:05.425 | 01:32   16ms  320M   72G  20/ 23U [GameAnalyzer] Income advantage is now Even
2022-11-04 21:33:05.493 | 01:32   13ms  325M   72G  20/ 23U [GameAnalyzer] Income advantage is now SlightDisadvantage
2022-11-04 21:33:05.522 | 01:32   16ms  330M   72G  20/ 23U [GameAnalyzer] Income advantage is now Even
2022-11-04 21:33:05.560 | 01:33   15ms  335M   72G  20/ 23U [GameAnalyzer] Income advantage is now SlightDisadvantage
2022-11-04 21:33:05.628 | 01:33   15ms  340M   72G  20/ 23U [GameAnalyzer] Income advantage is now Even
2022-11-04 21:33:05.721 | 01:33   13ms  340M   76G  20/ 23U [GameAnalyzer] Income advantage is now SlightDisadvantage
2022-11-04 21:33:05.755 | 01:34   14ms  340M   76G  20/ 23U [GameAnalyzer] Income advantage is now Even
2022-11-04 21:33:05.786 | 01:34   14ms  340M   76G  20/ 23U [GameAnalyzer] Income advantage is now SlightDisadvantage
2022-11-04 21:33:05.818 | 01:34   15ms  355M   76G  20/ 23U [GameAnalyzer] Income advantage is now Even
2022-11-04 21:33:05.943 | 01:35   13ms  365M   76G  20/ 23U [GameAnalyzer] Income advantage is now SlightDisadvantage
2022-11-04 21:33:06.006 | 01:35   14ms  375M   80G  20/ 23U [GameAnalyzer] Income advantage is now Even
2022-11-04 21:33:06.257 | 01:36   14ms  385M   84G  20/ 23U [GameAnalyzer] Income advantage is now SlightDisadvantage
2022-11-04 21:33:06.317 | 01:37   13ms  400M   84G  20/ 23U [GameAnalyzer] Income advantage is now Even
2022-11-04 21:33:06.468 | 01:38   16ms  415M   84G  20/ 23U [GameAnalyzer] Income advantage is now SmallDisadvantage
2022-11-04 21:33:07.147 | 01:41   15ms  470M   96G  20/ 23U [GameAnalyzer] Known army advantage is now SlightAdvantage
2022-11-04 21:33:07.148 | 01:41   15ms  470M   96G  20/ 23U [GameAnalyzer] Predicted army advantage is now SlightAdvantage
2022-11-04 21:33:07.150 | 01:41   15ms  420M   46G  20/ 23U [TerranUnit] REAPER from BARRACKS at (40.5, 128.5)
2022-11-04 21:33:09.356 | 01:53   15ms  450M   78G  21/ 23U [ActUnit] SCV from COMMANDCENTER at (41.5, 135.5)
2022-11-04 21:33:11.831 | 02:05   14ms  600M  110G  22/ 23U [ActUnit] SCV from COMMANDCENTER at (41.5, 135.5)
2022-11-04 21:33:13.444 | 02:14   18ms  760M  134G  23/ 31U [BuildAddon] UnitTypeId.BARRACKSREACTOR to (43.0, 128.0)
2022-11-04 21:33:13.491 | 02:14   20ms  710M   84G  23/ 31U [Expand] Expanding to (46.5, 103.5)
2022-11-04 21:33:13.531 | 02:14   18ms  710M   84G  23/ 31U [Expand] Expanding to (46.5, 103.5)
2022-11-04 21:33:14.277 | 02:18   18ms  185M   96G  23/ 31U [ActUnit] SCV from COMMANDCENTER at (41.5, 135.5)
2022-11-04 21:33:15.044 | 02:21   18ms    0M    4G  24/ 31U [BuildGas] Building REFINERY to (34.5, 132.5)
2022-11-04 21:33:15.797 | 02:24   19ms   65M   12G  24/ 31U [GameAnalyzer] Income advantage is now Even
2022-11-04 21:33:15.833 | 02:24   19ms   65M   12G  24/ 31U [GameAnalyzer] Income advantage is now SlightDisadvantage
2022-11-04 21:33:15.914 | 02:24   20ms   65M   12G  24/ 31U [GameAnalyzer] Income advantage is now SmallDisadvantage
2022-11-04 21:33:15.915 | 02:24   20ms   65M   12G  24/ 31U [GameAnalyzer] Known army advantage is now Even
2022-11-04 21:33:15.916 | 02:24   20ms   65M   12G  24/ 31U [GameAnalyzer] Predicted army advantage is now OverwhelmingDisadvantage
2022-11-04 21:33:15.964 | 02:25   20ms   65M   12G  24/ 31U [GameAnalyzer] Income advantage is now SlightDisadvantage
2022-11-04 21:33:16.257 | 02:26   18ms   80M   16G  24/ 31U [GameAnalyzer] Income advantage is now SmallDisadvantage
2022-11-04 21:33:16.343 | 02:26   20ms   90M   16G  24/ 31U [GameAnalyzer] Income advantage is now SlightDisadvantage
2022-11-04 21:33:16.510 | 02:27   18ms   95M   20G  24/ 31U [GameAnalyzer] Income advantage is now SmallDisadvantage
2022-11-04 21:33:16.639 | 02:27   19ms  100M   20G  24/ 31U [GameAnalyzer] Income advantage is now SlightDisadvantage
2022-11-04 21:33:16.781 | 02:28   19ms  110M   20G  24/ 31U [GameAnalyzer] Income advantage is now SmallDisadvantage
2022-11-04 21:33:16.865 | 02:28   19ms  120M   24G  24/ 31U [GameAnalyzer] Income advantage is now SlightDisadvantage
2022-11-04 21:33:17.025 | 02:29   18ms  125M   24G  24/ 31U [GameAnalyzer] Income advantage is now SmallDisadvantage
2022-11-04 21:33:17.104 | 02:29   19ms  130M   24G  24/ 31U [GameAnalyzer] Income advantage is now SlightDisadvantage
2022-11-04 21:33:17.216 | 02:30   19ms  140M   28G  24/ 31U [GameAnalyzer] Income advantage is now Even
2022-11-04 21:33:17.218 | 02:30   19ms   90M   28G  24/ 31U [ActUnit] SCV from COMMANDCENTER at (41.5, 135.5)
2022-11-04 21:33:17.260 | 02:30   19ms   90M   28G  25/ 31U [GameAnalyzer] Income advantage is now SlightDisadvantage
2022-11-04 21:33:17.829 | 02:32   19ms  145M   36G  25/ 31U [GameAnalyzer] Income advantage is now SmallDisadvantage
2022-11-04 21:33:17.865 | 02:33   19ms  150M   36G  25/ 31U [GameAnalyzer] Income advantage is now SlightDisadvantage
2022-11-04 21:33:18.035 | 02:33   17ms  165M   36G  25/ 31U [GameAnalyzer] Income advantage is now SmallDisadvantage
2022-11-04 21:33:18.081 | 02:33   21ms  165M   36G  25/ 31U [GameAnalyzer] Income advantage is now SlightDisadvantage
2022-11-04 21:33:18.636 | 02:36   18ms  195M   44G  25/ 31U [GameAnalyzer] Income advantage is now Even
2022-11-04 21:33:18.674 | 02:36   20ms  195M   44G  25/ 31U [GameAnalyzer] Income advantage is now SlightDisadvantage
2022-11-04 21:33:18.796 | 02:37   19ms  200M   44G  25/ 31U [GameAnalyzer] Income advantage is now SmallDisadvantage
2022-11-04 21:33:18.875 | 02:37   18ms  205M   48G  25/ 31U [GameAnalyzer] Income advantage is now SlightDisadvantage
2022-11-04 21:33:19.679 | 02:41   18ms  285M   56G  25/ 31U [GameAnalyzer] Income advantage is now Even
2022-11-04 21:33:19.718 | 02:41   18ms  285M   56G  25/ 31U [GameAnalyzer] Income advantage is now SlightDisadvantage
2022-11-04 21:33:19.956 | 02:42   18ms  255M   60G  25/ 31U [ActUnit] SCV from COMMANDCENTER at (41.5, 135.5)
2022-11-04 21:33:20.725 | 02:45   20ms  330M   68G  26/ 31U [GameAnalyzer] Income advantage is now Even
2022-11-04 21:33:20.809 | 02:45   20ms  330M   68G  26/ 31U [GameAnalyzer] Income advantage is now SlightDisadvantage
2022-11-04 21:33:21.238 | 02:47   19ms  355M   76G  26/ 31U [GameAnalyzer] Income advantage is now Even
2022-11-04 21:33:21.320 | 02:47   19ms  355M   80G  26/ 31U [GameAnalyzer] Income advantage is now SlightDisadvantage
2022-11-04 21:33:21.600 | 02:48   22ms  370M   84G  26/ 31U [GameAnalyzer] Income advantage is now Even
2022-11-04 21:33:21.645 | 02:49   19ms  370M   84G  26/ 31U [GameAnalyzer] Income advantage is now SlightDisadvantage
2022-11-04 21:33:21.868 | 02:50   19ms  230M   88G  26/ 31U [TerranUnit] MARINE from BARRACKS at (40.5, 128.5)
2022-11-04 21:33:21.914 | 02:50   18ms  180M   88G  27/ 31U [TerranUnit] MARINE from BARRACKS at (40.5, 128.5)
2022-11-04 21:33:22.893 | 02:54   19ms  210M  104G  28/ 31U [ActUnit] SCV from COMMANDCENTER at (41.5, 135.5)
2022-11-04 21:33:23.229 | 02:55   22ms  240M  112G  29/ 31U [GameAnalyzer] Known army advantage is now SlightDisadvantage
2022-11-04 21:33:23.971 | 02:59   20ms  270M  124G  29/ 31U [GameAnalyzer] Income advantage is now SmallDisadvantage
2022-11-04 21:33:24.054 | 02:59   18ms  300M  124G  29/ 31U [GameAnalyzer] Income advantage is now SlightDisadvantage
2022-11-04 21:33:24.228 | 03:00   19ms  310M  128G  29/ 31U [GameAnalyzer] Income advantage is now SmallDisadvantage
2022-11-04 21:33:24.313 | 03:00   18ms  320M  128G  29/ 31U [GameAnalyzer] Income advantage is now SlightDisadvantage
2022-11-04 21:33:24.492 | 03:01   23ms  325M  136G  29/ 31U [GameAnalyzer] Income advantage is now Even
2022-11-04 21:33:24.532 | 03:01   19ms  325M  136G  29/ 31U [GameAnalyzer] Income advantage is now SlightDisadvantage
2022-11-04 21:33:24.830 | 03:02   17ms  340M  140G  29/ 31U [GameAnalyzer] Income advantage is now Even
2022-11-04 21:33:24.868 | 03:02   20ms  340M  144G  29/ 31U [GameAnalyzer] Income advantage is now SlightDisadvantage
2022-11-04 21:33:25.092 | 03:03   18ms  345M  144G  29/ 31U [GameAnalyzer] Income advantage is now Even
2022-11-04 21:33:25.136 | 03:03   21ms  345M  144G  29/ 31U [GameAnalyzer] Income advantage is now SlightDisadvantage
2022-11-04 21:33:25.267 | 03:04   21ms  360M  148G  29/ 31U [BuildAddon] UnitTypeId.BARRACKSTECHLAB to (50.0, 130.0)
2022-11-04 21:33:25.547 | 03:05   20ms  130M  127G  29/ 31U [BuildAddon] UnitTypeId.FACTORYREACTOR to (46.0, 145.0)
2022-11-04 21:33:25.801 | 03:06   20ms   65M   81G  29/ 31U [ActUnit] SCV from COMMANDCENTER at (41.5, 135.5)
2022-11-04 21:33:25.882 | 03:06   18ms   75M   81G  30/ 31U [GameAnalyzer] Income advantage is now Even
2022-11-04 21:33:26.010 | 03:07   18ms   75M   89G  30/ 31U [GameAnalyzer] Income advantage is now SlightDisadvantage
2022-11-04 21:33:26.128 | 03:07   19ms   75M   89G  30/ 31U [GameAnalyzer] Income advantage is now Even
2022-11-04 21:33:26.133 | 03:07   19ms   25M   89G  30/ 31U [TerranUnit] MARINE from BARRACKS at (40.5, 128.5)
2022-11-04 21:33:26.188 | 03:08   20ms   25M   89G  31/ 31U [GameAnalyzer] Known army advantage is now Even
2022-11-04 21:33:26.385 | 03:08   20ms   30M   89G  31/ 31U [GameAnalyzer] Income advantage is now SlightDisadvantage
2022-11-04 21:33:26.652 | 03:09   19ms   55M   89G  31/ 31U [GameAnalyzer] Income advantage is now Even
2022-11-04 21:33:26.754 | 03:09   20ms  160M   93G  31/ 31U [GameAnalyzer] Income advantage is now SlightDisadvantage
2022-11-04 21:33:26.806 | 03:10   19ms  160M   97G  31/ 31U [GameAnalyzer] Income advantage is now Even
2022-11-04 21:33:26.849 | 03:10   19ms  160M   97G  31/ 31U [GameAnalyzer] Income advantage is now SlightDisadvantage
2022-11-04 21:33:26.892 | 03:10   21ms  165M   97G  31/ 31U [GameAnalyzer] Income advantage is now Even
2022-11-04 21:33:26.987 | 03:10   18ms  165M  101G  31/ 31U [GameAnalyzer] Income advantage is now SlightDisadvantage
2022-11-04 21:33:27.176 | 03:11   19ms   35M    5G  31/ 31U [GameAnalyzer] Income advantage is now Even
2022-11-04 21:33:27.270 | 03:11   17ms   40M    5G  31/ 31U [GameAnalyzer] Income advantage is now SlightDisadvantage
2022-11-04 21:33:27.324 | 03:11   20ms   40M    5G  31/ 31U [GameAnalyzer] Income advantage is now Even
2022-11-04 21:33:27.365 | 03:12   18ms   40M    5G  31/ 31U [GameAnalyzer] Income advantage is now SlightDisadvantage
2022-11-04 21:33:27.410 | 03:12   18ms   40M    9G  31/ 31U [GameAnalyzer] Income advantage is now Even
2022-11-04 21:33:27.537 | 03:12   18ms   70M   13G  31/ 31U [GameAnalyzer] Income advantage is now SlightDisadvantage
2022-11-04 21:33:27.999 | 03:14   20ms  105M   21G  31/ 31U [GameAnalyzer] Income advantage is now Even
2022-11-04 21:33:28.063 | 03:14   19ms  105M   21G  31/ 31U [GameAnalyzer] Income advantage is now SlightDisadvantage
2022-11-04 21:33:28.355 | 03:15   18ms  125M   29G  31/ 31U [GameAnalyzer] Income advantage is now Even
2022-11-04 21:33:28.398 | 03:16   18ms  125M   29G  31/ 31U [GameAnalyzer] Income advantage is now SlightDisadvantage
2022-11-04 21:33:28.524 | 03:16   20ms   80M   29G  31/ 39U [TerranUnit] MARINE from BARRACKS at (40.5, 128.5)
2022-11-04 21:33:28.563 | 03:16   21ms   80M   29G  32/ 39U [GameAnalyzer] Income advantage is now Even
2022-11-04 21:33:28.565 | 03:16   21ms   80M   29G  32/ 39U [GameAnalyzer] Predicted army advantage is now SmallDisadvantage
2022-11-04 21:33:28.607 | 03:16   23ms   80M   29G  32/ 39U [GameAnalyzer] Income advantage is now SlightDisadvantage
2022-11-04 21:33:28.649 | 03:16   20ms   80M   33G  32/ 39U [GameAnalyzer] Income advantage is now Even
2022-11-04 21:33:28.754 | 03:17   21ms   80M   37G  32/ 39U [GameAnalyzer] Income advantage is now SlightDisadvantage
2022-11-04 21:33:28.811 | 03:17   20ms   85M   37G  32/ 39U [GameAnalyzer] Income advantage is now Even
2022-11-04 21:33:28.860 | 03:17   20ms   85M   37G  32/ 39U [GameAnalyzer] Income advantage is now SlightDisadvantage
2022-11-04 21:33:28.963 | 03:18   20ms   95M   37G  32/ 39U [GameAnalyzer] Income advantage is now Even
2022-11-04 21:33:29.117 | 03:18   20ms  100M   45G  31/ 39U [GameAnalyzer] Income advantage is now SlightDisadvantage
2022-11-04 21:33:29.160 | 03:18   21ms   50M   45G  31/ 39U [ActUnit] SCV from COMMANDCENTER at (41.5, 135.5)
2022-11-04 21:33:29.214 | 03:18   22ms   55M   45G  32/ 39U [GameAnalyzer] Income advantage is now Even
2022-11-04 21:33:29.258 | 03:19   23ms   60M   45G  32/ 39U [GameAnalyzer] Income advantage is now SlightDisadvantage
2022-11-04 21:33:29.350 | 03:19   22ms   90M   45G  32/ 39U [GameAnalyzer] Income advantage is now Even
2022-11-04 21:33:29.411 | 03:19   22ms   95M   45G  32/ 39U [GameAnalyzer] Income advantage is now SlightDisadvantage
2022-11-04 21:33:29.567 | 03:20   20ms  105M   53G  32/ 39U [GameAnalyzer] Income advantage is now Even
2022-11-04 21:33:29.680 | 03:20   21ms  110M   53G  32/ 39U [GameAnalyzer] Income advantage is now SlightDisadvantage
2022-11-04 21:33:29.822 | 03:21   21ms  115M   53G  32/ 39U [GameAnalyzer] Income advantage is now Even
2022-11-04 21:33:30.015 | 03:21   20ms  120M   61G  32/ 39U [GameAnalyzer] Income advantage is now SlightDisadvantage
2022-11-04 21:33:30.058 | 03:21   25ms  125M   61G  32/ 39U [GameAnalyzer] Income advantage is now Even
2022-11-04 21:33:30.110 | 03:22   22ms  125M   61G  32/ 39U [GameAnalyzer] Income advantage is now SlightDisadvantage
2022-11-04 21:33:30.200 | 03:22   22ms   80M   61G  32/ 39U [TerranUnit] MARINE from BARRACKS at (47.5, 130.5)
2022-11-04 21:33:30.285 | 03:22   19ms   90M   65G  33/ 39U [GameAnalyzer] Income advantage is now Even
2022-11-04 21:33:30.470 | 03:23   25ms   90M   69G  33/ 39U [GameAnalyzer] Income advantage is now SlightDisadvantage
2022-11-04 21:33:30.566 | 03:23   22ms  100M   69G  33/ 39U [GameAnalyzer] Income advantage is now Even
2022-11-04 21:33:30.664 | 03:24   19ms  100M   69G  33/ 39U [GameAnalyzer] Income advantage is now SlightDisadvantage
2022-11-04 21:33:30.870 | 03:24   21ms  120M   77G  33/ 39U [GameAnalyzer] Income advantage is now Even
2022-11-04 21:33:31.019 | 03:25   22ms  125M   77G  33/ 39U [GameAnalyzer] Income advantage is now SlightDisadvantage
2022-11-04 21:33:31.126 | 03:25   19ms  130M   77G  33/ 39U [GameAnalyzer] Known army advantage is now SlightAdvantage
2022-11-04 21:33:31.131 | 03:25   19ms   80M   77G  33/ 39U [TerranUnit] MARINE from BARRACKS at (40.5, 128.5)
2022-11-04 21:33:31.177 | 03:25   23ms   80M   85G  34/ 39U [GameAnalyzer] Income advantage is now Even
2022-11-04 21:33:31.218 | 03:26   20ms  105M   85G  34/ 39U [GameAnalyzer] Income advantage is now SlightDisadvantage
2022-11-04 21:33:31.301 | 03:26   21ms  120M   85G  34/ 39U [GameAnalyzer] Income advantage is now Even
2022-11-04 21:33:31.458 | 03:26   23ms  130M   85G  34/ 39U [GameAnalyzer] Income advantage is now SlightDisadvantage
2022-11-04 21:33:31.459 | 03:26   23ms  130M   85G  34/ 39U [GameAnalyzer] Predicted army advantage is now ClearDisadvantage
2022-11-04 21:33:31.498 | 03:27   21ms  130M   85G  34/ 39U [GameAnalyzer] Income advantage is now Even
2022-11-04 21:33:31.765 | 03:28   27ms  145M   93G  34/ 39U [GameAnalyzer] Income advantage is now SlightDisadvantage
2022-11-04 21:33:31.851 | 03:28   20ms  145M   93G  34/ 39U [GameAnalyzer] Income advantage is now Even
2022-11-04 21:33:31.948 | 03:28   20ms  160M  101G  34/ 39U [Tech] Started STIMPACK
2022-11-04 21:33:31.994 | 03:28   23ms   60M    1G  34/ 39U [GameAnalyzer] Income advantage is now SlightDisadvantage
2022-11-04 21:33:32.185 | 03:29   22ms   70M    1G  34/ 39U [GameAnalyzer] Income advantage is now Even
2022-11-04 21:33:32.288 | 03:30   20ms   75M    1G  34/ 39U [GameAnalyzer] Income advantage is now SlightDisadvantage
2022-11-04 21:33:32.479 | 03:30   25ms   95M    9G  34/ 39U [GameAnalyzer] Income advantage is now Even
2022-11-04 21:33:32.533 | 03:30   20ms   45M    9G  34/ 47U [ActUnit] SCV from COMMANDCENTER at (41.5, 135.5)
2022-11-04 21:33:32.579 | 03:31   23ms   45M    9G  35/ 47U [GameAnalyzer] Income advantage is now SlightDisadvantage
2022-11-04 21:33:32.724 | 03:31   20ms   55M    9G  35/ 47U [GameAnalyzer] Income advantage is now Even
2022-11-04 21:33:32.924 | 03:32   21ms   60M   17G  35/ 47U [GameAnalyzer] Income advantage is now SlightDisadvantage
2022-11-04 21:33:33.062 | 03:32   22ms   90M   17G  35/ 47U [GameAnalyzer] Income advantage is now Even
2022-11-04 21:33:33.116 | 03:33   21ms  100M   17G  35/ 47U [GameAnalyzer] Income advantage is now SlightDisadvantage
2022-11-04 21:33:33.360 | 03:33   23ms  120M   25G  35/ 47U [GameAnalyzer] Income advantage is now Even
2022-11-04 21:33:33.455 | 03:34   20ms  120M   25G  35/ 47U [GameAnalyzer] Income advantage is now SlightDisadvantage
2022-11-04 21:33:33.456 | 03:34   20ms  120M   25G  35/ 47U [GameAnalyzer] Known army advantage is now SmallAdvantage
2022-11-04 21:33:33.461 | 03:34   20ms   70M   25G  35/ 47U [TerranUnit] MARINE from BARRACKS at (40.5, 128.5)
2022-11-04 21:33:33.652 | 03:35   23ms   85M   33G  36/ 47U [GameAnalyzer] Income advantage is now Even
2022-11-04 21:33:35.219 | 03:40   19ms    0M   65G  36/ 62U [TerranUnit] MARINE from BARRACKS at (47.5, 130.5)
2022-11-04 21:33:35.742 | 03:42   25ms   30M   73G  37/ 62U [GameAnalyzer] Income advantage is now SlightDisadvantage
2022-11-04 21:33:35.791 | 03:42   21ms   30M   73G  37/ 62U [GameAnalyzer] Income advantage is now Even
2022-11-04 21:33:36.054 | 03:43   24ms   10M   81G  37/ 62U [TerranUnit] MARINE from BARRACKS at (40.5, 128.5)
2022-11-04 21:33:38.301 | 03:52   19ms  145M  121G  37/ 62U [TerranUnit] MARINE from BARRACKS at (40.5, 128.5)
2022-11-04 21:33:39.977 | 03:58   20ms  250M  161G  38/ 62U [TerranUnit] MARINE from BARRACKS at (47.5, 130.5)
2022-11-04 21:33:40.682 | 04:01   20ms  340M  177G  39/ 62U [GameAnalyzer] Known army advantage is now ClearAdvantage
2022-11-04 21:33:40.687 | 04:01   20ms  290M  177G  39/ 62U [TerranUnit] MARINE from BARRACKS at (40.5, 128.5)
2022-11-04 21:33:41.234 | 04:03   20ms  285M  185G  40/ 62U [ActUnit] SCV from COMMANDCENTER at (46.5, 103.5)
2022-11-04 21:33:41.290 | 04:03   22ms  285M  185G  41/ 62U [GameAnalyzer] Income advantage is now SlightDisadvantage
2022-11-04 21:33:41.292 | 04:03   22ms  235M  185G  41/ 62U [ActUnit] SCV from COMMANDCENTER at (41.5, 135.5)
2022-11-04 21:33:41.335 | 04:03   25ms  240M  185G  42/ 62U [GameAnalyzer] Income advantage is now Even
2022-11-04 21:33:42.580 | 04:08   25ms  355M  217G  42/ 62U [BuildAddon] UnitTypeId.FACTORYTECHLAB to (54.0, 139.0)
2022-11-04 21:33:42.873 | 04:10   19ms  315M  192G  42/ 62U [TerranUnit] MARINE from BARRACKS at (40.5, 128.5)
2022-11-04 21:33:43.444 | 04:12   20ms  345M  208G  43/ 62U [GameAnalyzer] Income advantage is now SlightDisadvantage
2022-11-04 21:33:43.492 | 04:12   23ms  380M  208G  43/ 62U [GameAnalyzer] Income advantage is now Even
2022-11-04 21:33:44.260 | 04:15   23ms  410M  224G  43/ 62U [ActUnit] SCV from COMMANDCENTER at (46.5, 103.5)
2022-11-04 21:33:44.315 | 04:15   23ms  360M  224G  44/ 62U [ActUnit] SCV from COMMANDCENTER at (41.5, 135.5)
2022-11-04 21:33:44.451 | 04:16   20ms  220M  232G  45/ 62U [TerranUnit] MARINE from BARRACKS at (47.5, 130.5)
2022-11-04 21:33:45.209 | 04:19   21ms  270M  248G  46/ 62U [TerranUnit] MARINE from BARRACKS at (40.5, 128.5)
2022-11-04 21:33:45.248 | 04:19   22ms  170M  148G  47/ 62U [TerranUnit] MEDIVAC from STARPORT at (43.5, 145.5)
2022-11-04 21:33:45.290 | 04:19   21ms  105M   48G  49/ 62U [TerranUnit] MEDIVAC from STARPORT at (43.5, 145.5)
2022-11-04 21:33:47.498 | 04:27   19ms  290M   96G  51/ 62U [ActUnit] SCV from COMMANDCENTER at (46.5, 103.5)
2022-11-04 21:33:47.554 | 04:28   23ms  245M   96G  52/ 62U [ActUnit] SCV from COMMANDCENTER at (41.5, 135.5)
2022-11-04 21:33:50.794 | 04:40   23ms  375M  160G  53/ 62U [GameAnalyzer] Income advantage is now SlightDisadvantage
2022-11-04 21:33:50.795 | 04:40   23ms  325M  160G  53/ 62U [ActUnit] SCV from COMMANDCENTER at (46.5, 103.5)
2022-11-04 21:33:50.837 | 04:40   23ms  325M  160G  54/ 62U [GameAnalyzer] Income advantage is now Even
2022-11-04 21:33:50.839 | 04:40   23ms  275M  160G  54/ 62U [ActUnit] SCV from COMMANDCENTER at (41.5, 135.5)
2022-11-04 21:33:51.396 | 04:42   21ms  460M  168G  55/ 62U [GameAnalyzer] Income advantage is now SlightAdvantage
2022-11-04 21:33:51.489 | 04:42   22ms  460M  176G  55/ 62U [GameAnalyzer] Income advantage is now Even
2022-11-04 21:33:51.588 | 04:43   26ms  465M  176G  55/ 62U [GameAnalyzer] Income advantage is now SlightAdvantage
2022-11-04 21:33:51.641 | 04:43   22ms  465M  176G  55/ 62U [GameAnalyzer] Income advantage is now Even
2022-11-04 21:33:51.909 | 04:44   22ms  500M  184G  55/ 70U [GameAnalyzer] Income advantage is now SlightAdvantage
2022-11-04 21:33:52.009 | 04:44   21ms  505M  184G  55/ 70U [GameAnalyzer] Income advantage is now Even
2022-11-04 21:33:52.606 | 04:46   20ms  580M  192G  55/ 70U [GameAnalyzer] Income advantage is now SlightAdvantage
2022-11-04 21:33:52.657 | 04:46   26ms  585M  192G  55/ 70U [GameAnalyzer] Income advantage is now Even
2022-11-04 21:33:52.787 | 04:47   21ms  600M  200G  55/ 70U [GameAnalyzer] Income advantage is now SlightAdvantage
2022-11-04 21:33:53.025 | 04:48   20ms  635M  200G  55/ 70U [GameAnalyzer] Income advantage is now Even
2022-11-04 21:33:53.115 | 04:48   20ms  645M  208G  55/ 70U [GameAnalyzer] Income advantage is now SlightAdvantage
2022-11-04 21:33:53.212 | 04:48   25ms  660M  208G  55/ 70U [GameAnalyzer] Income advantage is now Even
2022-11-04 21:33:53.406 | 04:49   21ms  680M  208G  55/ 70U [GameAnalyzer] Known army advantage is now OverwhelmingAdvantage
2022-11-04 21:33:53.408 | 04:49   21ms  680M  208G  55/ 70U [GameAnalyzer] Predicted army advantage is now SmallDisadvantage
2022-11-04 21:33:53.814 | 04:50   24ms  720M  216G  55/ 70U [GameAnalyzer] Income advantage is now SlightAdvantage
2022-11-04 21:33:53.988 | 04:51   24ms  730M  224G  55/ 70U [GameAnalyzer] Income advantage is now Even
2022-11-04 21:33:54.218 | 04:52   25ms  770M  224G  55/ 70U [GameAnalyzer] Income advantage is now SlightAdvantage
2022-11-04 21:33:54.220 | 04:52   25ms  720M  224G  55/ 70U [ActUnit] SCV from COMMANDCENTER at (46.5, 103.5)
2022-11-04 21:33:54.283 | 04:52   27ms  675M  224G  56/ 70U [ActUnit] SCV from COMMANDCENTER at (41.5, 135.5)
2022-11-04 21:33:54.572 | 04:53   27ms  685M  232G  57/ 70U [GameAnalyzer] Income advantage is now Even
2022-11-04 21:33:54.771 | 04:53   30ms  705M  232G  57/ 70U [GameAnalyzer] Income advantage is now SlightAdvantage
2022-11-04 21:33:54.885 | 04:54   25ms  720M  232G  57/ 70U [GameAnalyzer] Income advantage is now Even
2022-11-04 21:33:54.933 | 04:54   27ms  725M  240G  57/ 70U [GameAnalyzer] Income advantage is now SlightAdvantage
2022-11-04 21:33:54.993 | 04:54   25ms  735M  240G  57/ 70U [GameAnalyzer] Income advantage is now Even
2022-11-04 21:33:55.114 | 04:54   26ms  735M  240G  57/ 70U [GameAnalyzer] Income advantage is now SlightAdvantage
2022-11-04 21:33:55.348 | 04:55   25ms  770M  240G  57/ 70U [GameAnalyzer] Income advantage is now Even
2022-11-04 21:33:55.528 | 04:56   25ms  795M  248G  57/ 70U [GameAnalyzer] Income advantage is now SlightAdvantage
2022-11-04 21:33:55.696 | 04:56   25ms  815M  248G  57/ 78U [GameAnalyzer] Income advantage is now Even
2022-11-04 21:33:55.868 | 04:57   25ms  825M  252G  57/ 78U [GameAnalyzer] Income advantage is now SlightAdvantage
2022-11-04 21:33:56.156 | 04:58   26ms  845M  256G  57/ 78U [GameAnalyzer] Income advantage is now Even
2022-11-04 21:33:56.326 | 04:58   26ms  875M  256G  57/ 78U [GameAnalyzer] Income advantage is now SlightAdvantage
2022-11-04 21:33:56.817 | 05:00   26ms  930M  272G  57/ 78U [GameAnalyzer] Income advantage is now Even
2022-11-04 21:33:56.984 | 05:00   25ms  960M  272G  57/ 78U [GameAnalyzer] Income advantage is now SlightAdvantage
2022-11-04 21:33:57.415 | 05:02   24ms  985M  280G  57/ 78U [GameAnalyzer] Income advantage is now Even
2022-11-04 21:33:57.512 | 05:02   24ms 1020M  280G  57/ 78U [GameAnalyzer] Income advantage is now SlightAdvantage
2022-11-04 21:33:57.682 | 05:03   25ms 1045M  280G  57/ 78U [GameAnalyzer] Income advantage is now Even
2022-11-04 21:33:57.857 | 05:03   25ms 1065M  288G  57/ 78U [GameAnalyzer] Income advantage is now SlightAdvantage
2022-11-04 21:33:58.123 | 05:04   29ms 1070M  288G  57/ 78U [GameAnalyzer] Income advantage is now Even
2022-11-04 21:33:58.125 | 05:04   29ms 1020M  288G  57/ 78U [ActUnit] SCV from COMMANDCENTER at (46.5, 103.5)
2022-11-04 21:33:58.186 | 05:04   31ms  970M  288G  58/ 78U [ActUnit] SCV from COMMANDCENTER at (41.5, 135.5)
2022-11-04 21:33:58.416 | 05:05   27ms 1005M  296G  59/ 78U [GameAnalyzer] Known army advantage is now ClearAdvantage
2022-11-04 21:33:58.417 | 05:05   27ms 1005M  296G  59/ 78U [GameAnalyzer] Predicted army advantage is now Even
2022-11-04 21:33:58.536 | 05:05   29ms 1015M  296G  59/ 78U [GameAnalyzer] Income advantage is now SlightDisadvantage
2022-11-04 21:33:58.593 | 05:05   27ms 1020M  296G  59/ 78U [GameAnalyzer] Income advantage is now Even
2022-11-04 21:33:58.867 | 05:06   29ms 1065M  304G  59/ 78U [GameAnalyzer] Income advantage is now SlightDisadvantage
2022-11-04 21:33:58.984 | 05:06   27ms 1070M  304G  59/ 78U [GameAnalyzer] Income advantage is now Even
2022-11-04 21:33:59.219 | 05:07   29ms 1105M  312G  59/ 78U [GameAnalyzer] Income advantage is now SlightDisadvantage
2022-11-04 21:33:59.350 | 05:08   37ms 1115M  312G  59/ 78U [GameAnalyzer] Income advantage is now Even
2022-11-04 21:33:59.529 | 05:08   28ms 1125M  312G  59/ 78U [GameAnalyzer] Income advantage is now SlightDisadvantage
2022-11-04 21:33:59.588 | 05:08   29ms 1130M  312G  59/ 78U [GameAnalyzer] Income advantage is now Even
2022-11-04 21:33:59.778 | 05:09   31ms 1140M  320G  59/ 78U [GameAnalyzer] Income advantage is now SlightDisadvantage
2022-11-04 21:33:59.952 | 05:09   29ms 1195M  320G  59/ 78U [GameAnalyzer] Income advantage is now Even
2022-11-04 21:34:00.131 | 05:10   30ms 1210M  320G  59/ 78U [GameAnalyzer] Known army advantage is now SmallAdvantage
2022-11-04 21:34:00.754 | 05:12   29ms 1255M  336G  59/ 78U [GameAnalyzer] Income advantage is now SlightDisadvantage
2022-11-04 21:34:00.813 | 05:12   29ms 1265M  336G  59/ 78U [GameAnalyzer] Income advantage is now Even
2022-11-04 21:34:01.446 | 05:14   30ms 1310M  344G  59/ 78U [GameAnalyzer] Income advantage is now SlightDisadvantage
2022-11-04 21:34:01.576 | 05:14   32ms 1330M  344G  59/ 78U [GameAnalyzer] Income advantage is now Even
2022-11-04 21:34:01.956 | 05:15   27ms 1355M  352G  59/ 78U [GameAnalyzer] Income advantage is now SlightDisadvantage
2022-11-04 21:34:02.074 | 05:15   27ms 1370M  352G  59/ 78U [GameAnalyzer] Income advantage is now Even
2022-11-04 21:34:02.220 | 05:16   30ms 1385M  352G  59/ 78U [GameAnalyzer] Income advantage is now SlightDisadvantage
2022-11-04 21:34:02.278 | 05:16   29ms 1385M  360G  59/ 78U [GameAnalyzer] Income advantage is now Even
2022-11-04 21:34:02.279 | 05:16   29ms 1335M  360G  59/ 78U [ActUnit] SCV from COMMANDCENTER at (46.5, 103.5)
2022-11-04 21:34:02.343 | 05:16   28ms 1295M  360G  60/ 78U [ActUnit] SCV from COMMANDCENTER at (41.5, 135.5)
2022-11-04 21:34:02.900 | 05:18   31ms 1250M  368G  61/ 78U [GameAnalyzer] Income advantage is now SlightDisadvantage
2022-11-04 21:34:02.960 | 05:18   31ms 1255M  368G  61/ 78U [GameAnalyzer] Income advantage is now Even
2022-11-04 21:34:03.266 | 05:19   29ms 1270M  376G  61/ 78U [GameAnalyzer] Income advantage is now SlightDisadvantage
2022-11-04 21:34:03.328 | 05:19   32ms 1285M  376G  61/ 78U [GameAnalyzer] Income advantage is now Even
2022-11-04 21:34:03.654 | 05:20   29ms 1305M  376G  61/ 78U [GameAnalyzer] Income advantage is now SlightDisadvantage
2022-11-04 21:34:03.712 | 05:20   31ms 1320M  376G  61/ 78U [GameAnalyzer] Income advantage is now Even
2022-11-04 21:34:04.170 | 05:21   33ms 1305M  384G  60/ 78U [TerranUnit] MARINE from BARRACKS at (40.5, 128.5)
2022-11-04 21:34:04.236 | 05:21   28ms 1305M  384G  61/ 78U [GameAnalyzer] Income advantage is now SlightDisadvantage
2022-11-04 21:34:04.330 | 05:21   34ms 1310M  384G  61/ 78U [GameAnalyzer] Income advantage is now Even
2022-11-04 21:34:04.331 | 05:21   34ms 1310M  384G  61/ 78U [GameAnalyzer] Known army advantage is now SlightAdvantage
2022-11-04 21:34:04.405 | 05:22   36ms 1265M  384G  60/ 78U [TerranUnit] MARINE from BARRACKS at (40.5, 128.5)
2022-11-04 21:34:04.768 | 05:23   32ms 1290M  392G  61/ 78U [GameAnalyzer] Income advantage is now SlightDisadvantage
2022-11-04 21:34:04.887 | 05:23   34ms 1310M  392G  60/ 78U [GameAnalyzer] Income advantage is now Even
2022-11-04 21:34:04.892 | 05:23   34ms 1260M  392G  60/ 78U [TerranUnit] MARINE from BARRACKS at (47.5, 130.5)
2022-11-04 21:34:05.132 | 05:23   32ms 1265M  400G  60/ 78U [GameAnalyzer] Known army advantage is now Even
2022-11-04 21:34:05.274 | 05:24   32ms 1270M  400G  60/ 78U [GameAnalyzer] Income advantage is now SlightDisadvantage
2022-11-04 21:34:05.342 | 05:24   34ms 1280M  400G  60/ 78U [GameAnalyzer] Income advantage is now Even
2022-11-04 21:34:05.496 | 05:24   31ms 1285M  400G  59/ 78U [GameAnalyzer] Income advantage is now SlightDisadvantage
2022-11-04 21:34:05.566 | 05:24   32ms 1300M  400G  59/ 78U [GameAnalyzer] Income advantage is now Even
2022-11-04 21:34:05.742 | 05:25   30ms 1315M  408G  59/ 78U [GameAnalyzer] Income advantage is now SlightDisadvantage
2022-11-04 21:34:05.872 | 05:25   28ms 1330M  408G  58/ 78U [GameAnalyzer] Income advantage is now Even
2022-11-04 21:34:05.938 | 05:25   30ms 1340M  408G  58/ 78U [GameAnalyzer] Known army advantage is now SlightDisadvantage
2022-11-04 21:34:05.940 | 05:25   30ms 1340M  408G  58/ 78U [GameAnalyzer] Predicted army advantage is now ClearDisadvantage
2022-11-04 21:34:06.300 | 05:26   28ms 1350M  408G  56/ 78U [GameAnalyzer] Income advantage is now SlightDisadvantage
2022-11-04 21:34:06.378 | 05:26   28ms 1360M  416G  56/ 78U [GameAnalyzer] Income advantage is now Even
2022-11-04 21:34:06.513 | 05:27   28ms 1380M  416G  56/ 78U [GameAnalyzer] Known army advantage is now SmallDisadvantage
2022-11-04 21:34:07.059 | 05:28   28ms 1370M  424G  54/ 78U [ActUnit] SCV from COMMANDCENTER at (46.5, 103.5)
2022-11-04 21:34:07.124 | 05:28   27ms 1320M  424G  55/ 78U [ActUnit] SCV from COMMANDCENTER at (41.5, 135.5)
2022-11-04 21:34:07.464 | 05:29   29ms 1355M  432G  56/ 78U [GameAnalyzer] Income advantage is now SlightDisadvantage
2022-11-04 21:34:07.533 | 05:29   28ms 1370M  432G  56/ 78U [GameAnalyzer] Income advantage is now Even
2022-11-04 21:34:07.986 | 05:30   29ms 1395M  432G  55/ 78U [GameAnalyzer] Income advantage is now SlightDisadvantage
2022-11-04 21:34:07.987 | 05:30   29ms 1395M  432G  55/ 78U [GameAnalyzer] Known army advantage is now SlightDisadvantage
2022-11-04 21:34:07.988 | 05:30   29ms 1395M  432G  55/ 78U [GameAnalyzer] Predicted army advantage is now SlightDisadvantage
2022-11-04 21:34:08.051 | 05:31   29ms 1395M  440G  55/ 78U [GameAnalyzer] Income advantage is now Even
2022-11-04 21:34:08.245 | 05:31   27ms 1415M  440G  55/ 78U [GameAnalyzer] Income advantage is now SlightDisadvantage
2022-11-04 21:34:08.380 | 05:31   36ms 1435M  440G  54/ 78U [GameAnalyzer] Income advantage is now Even
2022-11-04 21:34:08.726 | 05:32   29ms 1465M  448G  54/ 78U [GameAnalyzer] Income advantage is now SlightDisadvantage
2022-11-04 21:34:08.845 | 05:33   26ms 1470M  448G  54/ 78U [GameAnalyzer] Income advantage is now Even
2022-11-04 21:34:09.785 | 05:35   27ms 1545M  464G  51/ 78U [GameAnalyzer] Known army advantage is now SmallDisadvantage
2022-11-04 21:34:09.787 | 05:35   27ms 1545M  464G  51/ 78U [GameAnalyzer] Predicted army advantage is now ClearDisadvantage
2022-11-04 21:34:09.853 | 05:36   30ms 1555M  464G  51/ 78U [GameAnalyzer] Known army advantage is now ClearDisadvantage
2022-11-04 21:34:09.855 | 05:36   30ms 1555M  464G  51/ 78U [GameAnalyzer] Predicted army advantage is now OverwhelmingDisadvantage
2022-11-04 21:34:11.009 | 05:39   26ms 1610M  480G  49/ 78U [TerranUnit] MARINE from BARRACKS at (40.5, 128.5)
2022-11-04 21:34:11.186 | 05:40   26ms 1565M  488G  50/ 78U [TerranUnit] MARINE from BARRACKS at (40.5, 128.5)
2022-11-04 21:34:11.309 | 05:40   27ms 1570M  488G  50/ 78U [GameAnalyzer] Income advantage is now SlightDisadvantage
2022-11-04 21:34:11.429 | 05:40   26ms 1535M  488G  50/ 78U [ActUnit] SCV from COMMANDCENTER at (46.5, 103.5)
2022-11-04 21:34:11.492 | 05:40   29ms 1540M  488G  51/ 78U [GameAnalyzer] Income advantage is now Even
2022-11-04 21:34:11.494 | 05:40   29ms 1490M  488G  51/ 78U [ActUnit] SCV from COMMANDCENTER at (41.5, 135.5)
2022-11-04 21:34:11.549 | 05:41   29ms 1450M  488G  52/ 78U [TerranUnit] MARINE from BARRACKS at (47.5, 130.5)
2022-11-04 21:34:11.916 | 05:42   26ms 1485M  496G  53/ 78U [GameAnalyzer] Income advantage is now SlightDisadvantage
2022-11-04 21:34:11.976 | 05:42   29ms 1490M  496G  53/ 86U [GameAnalyzer] Income advantage is now Even
2022-11-04 21:34:13.593 | 05:46   27ms 1625M  520G  53/ 86U [GameAnalyzer] Income advantage is now SlightDisadvantage
2022-11-04 21:34:13.641 | 05:47   26ms 1635M  520G  53/ 86U [GameAnalyzer] Income advantage is now Even
2022-11-04 21:34:14.074 | INFO     | sc2.protocol:_execute:72 - Client status changed to Status.ended (was Status.in_game)
2022-11-04 21:34:14.076 | Result: Defeat
2022-11-04 21:34:14.077 | Duration: 05:48
2022-11-04 21:34:14.078 | Step time min: 6
2022-11-04 21:34:14.078 | Step time avg: 19
2022-11-04 21:34:14.079 | Step time max: 135
2022-11-04 21:34:14.079 | [LostUnitsContents] My lost units minerals and gas: (1000, 150)
2022-11-04 21:34:14.082 | [LostUnitsContents] My lost units minerals by score: 1000.0
2022-11-04 21:34:14.082 | [LostUnitsContents] Enemy lost units minerals and gas: (1000, 225)
2022-11-04 21:34:14.083 | [LostUnitsContents] Enemy lost units minerals by score: 1000.0
2022-11-04 21:34:14.084 | [GameAnalyzerEnd] Own units:
2022-11-04 21:34:14.085 | [GameAnalyzerEnd] SCV               total:  42 alive:  41 dead:   1 
2022-11-04 21:34:14.085 | [GameAnalyzerEnd] MARINE            total:  19 alive:   3 dead:  16 
2022-11-04 21:34:14.086 | [GameAnalyzerEnd] SUPPLYDEPOT       total:   7 alive:   7 dead:   0 
2022-11-04 21:34:14.086 | [GameAnalyzerEnd] REACTOR           total:   2 alive:   2 dead:   0 
2022-11-04 21:34:14.087 | [GameAnalyzerEnd] REFINERY          total:   2 alive:   2 dead:   0 
2022-11-04 21:34:14.088 | [GameAnalyzerEnd] BARRACKS          total:   2 alive:   2 dead:   0 
2022-11-04 21:34:14.089 | [GameAnalyzerEnd] ORBITALCOMMAND    total:   2 alive:   2 dead:   0 
2022-11-04 21:34:14.090 | [GameAnalyzerEnd] MEDIVAC           total:   2 alive:   1 dead:   1 
2022-11-04 21:34:14.091 | [GameAnalyzerEnd] TECHLAB           total:   2 alive:   2 dead:   0 
2022-11-04 21:34:14.091 | [GameAnalyzerEnd] STARPORT          total:   1 alive:   1 dead:   0 
2022-11-04 21:34:14.092 | [GameAnalyzerEnd] FACTORY           total:   1 alive:   1 dead:   0 
2022-11-04 21:34:14.093 | [GameAnalyzerEnd] REAPER            total:   1 alive:   0 dead:   1 
2022-11-04 21:34:14.093 | [GameAnalyzerEnd] Enemy units:
2022-11-04 21:34:14.094 | [GameAnalyzerEnd] PROBE             total:  36 alive:  35 dead:   1 
2022-11-04 21:34:14.095 | [GameAnalyzerEnd] PYLON             total:   7 alive:   7 dead:   0 
2022-11-04 21:34:14.095 | [GameAnalyzerEnd] STALKER           total:   6 alive:   4 dead:   2 
2022-11-04 21:34:14.100 | [GameAnalyzerEnd] ADEPT             total:   5 alive:   0 dead:   5 
2022-11-04 21:34:14.101 | [GameAnalyzerEnd] ZEALOT            total:   3 alive:   1 dead:   2 
2022-11-04 21:34:14.101 | [GameAnalyzerEnd] NEXUS             total:   2 alive:   2 dead:   0 
2022-11-04 21:34:14.102 | [GameAnalyzerEnd] ASSIMILATOR       total:   2 alive:   2 dead:   0 
2022-11-04 21:34:14.103 | [GameAnalyzerEnd] GATEWAY           total:   2 alive:   2 dead:   0 
2022-11-04 21:34:14.103 | [GameAnalyzerEnd] WARPGATE          total:   2 alive:   2 dead:   0 
2022-11-04 21:34:14.104 | [GameAnalyzerEnd] ROBOTICSFACILITY  total:   2 alive:   2 dead:   0 
2022-11-04 21:34:14.105 | [GameAnalyzerEnd] CYBERNETICSCORE   total:   1 alive:   1 dead:   0 
2022-11-04 21:34:14.105 | [GameAnalyzerEnd] IMMORTAL          total:   1 alive:   1 dead:   0 
2022-11-04 21:34:14.106 | [GameAnalyzerEnd] Minerals max 1655 Average 409
2022-11-04 21:34:14.107 | [GameAnalyzerEnd] Vespene max 528 Average 121
2022-11-04 21:34:14.108 | INFO     | sc2.main:_play_game:228 - Result for player 1 - Bot Turtles(Terran): Defeat
2022-11-04 21:34:15.441 | INFO     | sc2.protocol:__request:48 - Cannot receive: Game has already ended.
2022-11-04 21:34:15.444 | INFO     | sc2.sc2process:_close_connection:231 - Closing connection at 52944...
2022-11-04 21:34:15.445 | INFO     | sc2.sc2process:kill_all:33 - kill_switch: Process cleanup for 1 processes
