2022-10-24 14:46:15.890 | INFO     | sc2.protocol:_execute:72 - Client status changed to Status.launched (was None)
2022-10-24 14:46:15.892 | INFO     | sc2.controller:create_game:37 - Creating new game
2022-10-24 14:46:15.893 | INFO     | sc2.controller:create_game:38 - Map:     RomanticideAIE
2022-10-24 14:46:15.895 | INFO     | sc2.controller:create_game:39 - Players: Bot Turtles(Terran), Computer VeryHard(Random, RandomBuild)
2022-10-24 14:46:15.897 | INFO     | sc2.protocol:_execute:72 - Client status changed to Status.init_game (was Status.launched)
2022-10-24 14:46:24.957 | INFO     | sc2.protocol:_execute:72 - Client status changed to Status.in_game (was None)
2022-10-24 14:46:24.959 | INFO     | sc2.main:_play_game:221 - Player 1 - Bot Turtles(Terran)
2022-10-24 14:46:25.573 | 00:00    0ms    0M    0G  12/ 15U [Version] 5.0.10.88500
2022-10-24 14:46:25.574 | 00:00    0ms    0M    0G  12/ 15U [Version] 5.0.6 Balance mod recognized.
2022-10-24 14:46:25.645 | 00:00    0ms    0M    0G  12/ 15U [ZoneManager] Map set to: MapName.RomanticideLE from name: Romanticide AIE and hash: 3756032.
2022-10-24 14:46:26.548 | [Start] My race: Terran
2022-10-24 14:46:26.549 | [Start] Opponent race: Random
2022-10-24 14:46:26.550 | [Start] OpponentId: None
2022-10-24 14:46:26.771 | 00:00    6ms    0M    0G  13/ 15U [GameAnalyzer] Income advantage is now SlightDisadvantage
2022-10-24 14:46:26.872 | 00:01    7ms    0M    0G  13/ 15U [GameAnalyzer] Income advantage is now Even
2022-10-24 14:46:28.308 | 00:14    8ms    0M    0G  13/ 15U [ActUnit] SCV from COMMANDCENTER at (41.5, 135.5)
2022-10-24 14:46:29.679 | 00:26    7ms  100M    0G  14/ 15U [ActUnit] SCV from COMMANDCENTER at (41.5, 135.5)
2022-10-24 14:46:30.928 | 00:37    7ms   15M    0G  15/ 23U [BuildGas] Building REFINERY to (34.5, 132.5)
2022-10-24 14:46:31.261 | 00:39    8ms   40M    0G  15/ 23U [GameAnalyzer] Income advantage is now SlightDisadvantage
2022-10-24 14:46:31.281 | 00:40    9ms   50M    0G  15/ 23U [GameAnalyzer] Income advantage is now Even
2022-10-24 14:46:31.282 | 00:40    9ms    0M    0G  15/ 23U [ActUnit] SCV from COMMANDCENTER at (41.5, 135.5)
2022-10-24 14:46:31.849 | 00:44    9ms   50M    0G  16/ 23U [GameAnalyzer] Income advantage is now SlightDisadvantage
2022-10-24 14:46:31.874 | 00:44    9ms   60M    0G  16/ 23U [GameAnalyzer] Income advantage is now Even
2022-10-24 14:46:32.058 | 00:46    7ms    0M    0G  16/ 23U [BuildGas] Building REFINERY to (45.5, 142.5)
2022-10-24 14:46:32.086 | 00:46    9ms    0M    0G  16/ 23U [GameAnalyzer] Income advantage is now SlightDisadvantage
2022-10-24 14:46:32.105 | 00:46   14ms    5M    0G  16/ 23U [GameAnalyzer] Income advantage is now Even
2022-10-24 14:46:32.853 | 00:52   20ms   15M    0G  16/ 23U [ActUnit] SCV from COMMANDCENTER at (41.5, 135.5)
2022-10-24 14:46:33.847 | 00:59    7ms   95M    0G  17/ 23U [GameAnalyzer] Income advantage is now SlightDisadvantage
2022-10-24 14:46:33.870 | 00:59    9ms   95M    0G  17/ 23U [GameAnalyzer] Income advantage is now Even
2022-10-24 14:46:34.333 | 01:02   12ms  135M    0G  17/ 23U [GameAnalyzer] Income advantage is now SlightDisadvantage
2022-10-24 14:46:34.354 | 01:02   10ms  135M    0G  17/ 23U [GameAnalyzer] Income advantage is now Even
2022-10-24 14:46:34.539 | 01:04    7ms  105M    0G  17/ 23U [ActUnit] SCV from COMMANDCENTER at (41.5, 135.5)
2022-10-24 14:46:36.455 | 01:15   26ms  215M   24G  18/ 23U [GameAnalyzer] Income advantage is now SmallAdvantage
2022-10-24 14:46:36.566 | 01:16   21ms  220M   24G  18/ 23U [GameAnalyzer] Income advantage is now SlightAdvantage
2022-10-24 14:46:36.672 | 01:16   22ms  170M   24G  18/ 23U [ActUnit] SCV from COMMANDCENTER at (41.5, 135.5)
2022-10-24 14:46:36.745 | 01:16   24ms  180M   28G  19/ 23U [GameAnalyzer] Income advantage is now Even
2022-10-24 14:46:36.803 | 01:16   29ms  185M   32G  19/ 23U [GameAnalyzer] Income advantage is now SlightAdvantage
2022-10-24 14:46:36.927 | 01:17   23ms  190M   32G  19/ 23U [GameAnalyzer] Income advantage is now Even
2022-10-24 14:46:37.104 | 01:18   10ms  200M   32G  19/ 23U [GameAnalyzer] Income advantage is now SlightAdvantage
2022-10-24 14:46:37.183 | 01:18   10ms  200M   36G  19/ 23U [GameAnalyzer] Income advantage is now Even
2022-10-24 14:46:37.283 | 01:19   11ms  215M   36G  19/ 23U [GameAnalyzer] Income advantage is now SlightAdvantage
2022-10-24 14:46:37.314 | 01:19   11ms  215M   36G  19/ 23U [GameAnalyzer] Income advantage is now Even
2022-10-24 14:46:37.418 | 01:20   10ms  215M   36G  19/ 23U [GameAnalyzer] Income advantage is now SlightAdvantage
2022-10-24 14:46:37.449 | 01:20   13ms  215M   36G  19/ 23U [GameAnalyzer] Income advantage is now Even
2022-10-24 14:46:37.898 | 01:23   10ms   60M   48G  19/ 23U [TerranUnit] MARINE from BARRACKS at (40.5, 128.5)
2022-10-24 14:46:38.139 | 01:25   11ms  220M   48G  20/ 23U [GameAnalyzer] Income advantage is now SlightDisadvantage
2022-10-24 14:46:38.195 | 01:25   10ms  235M   48G  20/ 23U [GameAnalyzer] Income advantage is now Even
2022-10-24 14:46:38.276 | 01:26   11ms  240M   56G  20/ 23U [GameAnalyzer] Income advantage is now SlightDisadvantage
2022-10-24 14:46:38.310 | 01:26   12ms  250M   56G  20/ 23U [GameAnalyzer] Income advantage is now Even
2022-10-24 14:46:38.337 | 01:26   14ms  250M   56G  20/ 23U [GameAnalyzer] Income advantage is now SlightDisadvantage
2022-10-24 14:46:38.367 | 01:26   11ms  255M   56G  20/ 23U [GameAnalyzer] Income advantage is now Even
2022-10-24 14:46:38.475 | 01:27   10ms  255M   60G  20/ 23U [GameAnalyzer] Income advantage is now SlightDisadvantage
2022-10-24 14:46:38.564 | 01:27   10ms  265M   60G  20/ 23U [GameAnalyzer] Income advantage is now Even
2022-10-24 14:46:38.565 | 01:27   10ms  265M   60G  20/ 23U [GameAnalyzer] Predicted army advantage is now SlightDisadvantage
2022-10-24 14:46:38.668 | 01:28   10ms  275M   60G  20/ 23U [GameAnalyzer] Income advantage is now SlightDisadvantage
2022-10-24 14:46:38.730 | 01:28   11ms  125M   60G  20/ 23U [GameAnalyzer] Income advantage is now Even
2022-10-24 14:46:38.842 | 01:29   10ms  130M   60G  20/ 23U [GameAnalyzer] Income advantage is now SlightDisadvantage
2022-10-24 14:46:38.895 | 01:29   10ms  130M   64G  20/ 23U [GameAnalyzer] Income advantage is now Even
2022-10-24 14:46:39.013 | 01:30   11ms  145M   68G  20/ 23U [GameAnalyzer] Income advantage is now SlightDisadvantage
2022-10-24 14:46:39.071 | 01:30   11ms  150M   68G  20/ 23U [GameAnalyzer] Income advantage is now Even
2022-10-24 14:46:39.104 | 01:31   11ms  155M   68G  20/ 23U [GameAnalyzer] Income advantage is now SlightDisadvantage
2022-10-24 14:46:39.135 | 01:31   14ms  155M   72G  20/ 23U [GameAnalyzer] Income advantage is now Even
2022-10-24 14:46:39.252 | 01:31   10ms  165M   76G  20/ 23U [GameAnalyzer] Income advantage is now SlightDisadvantage
2022-10-24 14:46:39.314 | 01:32   12ms  180M   76G  20/ 23U [GameAnalyzer] Income advantage is now Even
2022-10-24 14:46:39.429 | 01:33   11ms  185M   76G  20/ 23U [GameAnalyzer] Income advantage is now SlightDisadvantage
2022-10-24 14:46:39.457 | 01:33   12ms  185M   76G  20/ 23U [GameAnalyzer] Income advantage is now Even
2022-10-24 14:46:39.569 | 01:33   11ms  190M   80G  20/ 23U [GameAnalyzer] Income advantage is now SlightDisadvantage
2022-10-24 14:46:39.679 | 01:34   12ms  210M   84G  20/ 23U [GameAnalyzer] Income advantage is now Even
2022-10-24 14:46:39.766 | 01:35   12ms  215M   84G  20/ 23U [GameAnalyzer] Income advantage is now SlightDisadvantage
2022-10-24 14:46:39.848 | 01:35   11ms  215M   88G  20/ 23U [GameAnalyzer] Income advantage is now Even
2022-10-24 14:46:39.960 | 01:36   10ms  220M   92G  20/ 23U [GameAnalyzer] Income advantage is now SlightDisadvantage
2022-10-24 14:46:40.017 | 01:36   13ms  235M   92G  20/ 23U [GameAnalyzer] Income advantage is now Even
2022-10-24 14:46:40.131 | 01:37   11ms  250M   92G  20/ 23U [GameAnalyzer] Income advantage is now SlightDisadvantage
2022-10-24 14:46:40.191 | 01:37   12ms  250M   96G  20/ 23U [GameAnalyzer] Income advantage is now Even
2022-10-24 14:46:40.361 | 01:38   12ms  105M    0G  20/ 23U [GameAnalyzer] Income advantage is now SlightDisadvantage
2022-10-24 14:46:40.387 | 01:38   12ms  120M    0G  20/ 23U [GameAnalyzer] Income advantage is now Even
2022-10-24 14:46:40.474 | 01:39   11ms  130M    4G  20/ 23U [GameAnalyzer] Income advantage is now SlightDisadvantage
2022-10-24 14:46:40.556 | 01:40   11ms  130M    4G  20/ 23U [GameAnalyzer] Income advantage is now Even
2022-10-24 14:46:40.667 | 01:40   11ms  130M    8G  20/ 23U [GameAnalyzer] Income advantage is now SlightDisadvantage
2022-10-24 14:46:40.780 | 01:41   12ms  160M   12G  20/ 23U [GameAnalyzer] Known army advantage is now SlightAdvantage
2022-10-24 14:46:40.968 | 01:42   12ms  170M   12G  20/ 23U [GameAnalyzer] Income advantage is now Even
2022-10-24 14:46:41.026 | 01:42   11ms  170M   16G  20/ 23U [GameAnalyzer] Income advantage is now SlightDisadvantage
2022-10-24 14:46:41.158 | 01:43   11ms  185M   20G  20/ 23U [GameAnalyzer] Income advantage is now Even
2022-10-24 14:46:41.191 | 01:43   12ms  190M   20G  20/ 23U [GameAnalyzer] Income advantage is now SlightDisadvantage
2022-10-24 14:46:41.245 | 01:44   11ms  190M   20G  20/ 23U [GameAnalyzer] Income advantage is now Even
2022-10-24 14:46:41.389 | 01:45   13ms  190M   24G  20/ 23U [GameAnalyzer] Income advantage is now SlightDisadvantage
2022-10-24 14:46:41.569 | 01:46   13ms  225M   28G  20/ 23U [GameAnalyzer] Income advantage is now Even
2022-10-24 14:46:41.598 | 01:46   14ms  225M   28G  20/ 23U [GameAnalyzer] Income advantage is now SlightDisadvantage
2022-10-24 14:46:41.850 | 01:48   11ms  245M   36G  20/ 23U [GameAnalyzer] Income advantage is now Even
2022-10-24 14:46:41.907 | 01:48   12ms  250M   36G  20/ 23U [GameAnalyzer] Income advantage is now SlightDisadvantage
2022-10-24 14:46:41.985 | 01:48   12ms  250M   36G  20/ 23U [GameAnalyzer] Income advantage is now Even
2022-10-24 14:46:42.145 | 01:50   13ms  260M   44G  20/ 23U [GameAnalyzer] Income advantage is now SlightDisadvantage
2022-10-24 14:46:42.431 | 01:51   11ms  300M   52G  20/ 23U [GameAnalyzer] Income advantage is now Even
2022-10-24 14:46:42.466 | 01:51   12ms  300M   52G  20/ 23U [GameAnalyzer] Income advantage is now SlightDisadvantage
2022-10-24 14:46:42.576 | 01:52   13ms  315M   52G  20/ 23U [GameAnalyzer] Income advantage is now Even
2022-10-24 14:46:42.603 | 01:52   12ms  315M   52G  20/ 23U [GameAnalyzer] Income advantage is now SlightDisadvantage
2022-10-24 14:46:42.689 | 01:53   11ms  315M   56G  20/ 23U [GameAnalyzer] Income advantage is now Even
2022-10-24 14:46:42.718 | 01:53   13ms  265M   60G  20/ 23U [ActUnit] SCV from COMMANDCENTER at (41.5, 135.5)
2022-10-24 14:46:42.876 | 01:54   12ms  270M   60G  21/ 23U [GameAnalyzer] Income advantage is now SlightDisadvantage
2022-10-24 14:46:42.954 | 01:54   12ms  285M   60G  21/ 23U [GameAnalyzer] Income advantage is now Even
2022-10-24 14:46:43.014 | 01:55   11ms  290M   64G  21/ 23U [GameAnalyzer] Income advantage is now SlightDisadvantage
2022-10-24 14:46:43.122 | 01:55   12ms  295M   68G  21/ 23U [GameAnalyzer] Income advantage is now Even
2022-10-24 14:46:43.188 | 01:56   12ms  305M   68G  21/ 23U [GameAnalyzer] Income advantage is now SlightDisadvantage
2022-10-24 14:46:43.293 | 01:56   12ms  325M   68G  21/ 23U [GameAnalyzer] Income advantage is now Even
2022-10-24 14:46:43.349 | 01:57   11ms  330M   72G  21/ 23U [GameAnalyzer] Income advantage is now SlightDisadvantage
2022-10-24 14:46:43.462 | 01:58   13ms  330M   76G  21/ 23U [GameAnalyzer] Income advantage is now Even
2022-10-24 14:46:43.573 | 01:58   11ms  330M   76G  21/ 23U [GameAnalyzer] Income advantage is now SlightDisadvantage
2022-10-24 14:46:43.653 | 01:59   11ms  350M   80G  21/ 23U [GameAnalyzer] Income advantage is now Even
2022-10-24 14:46:43.710 | 01:59   12ms  355M   84G  21/ 23U [GameAnalyzer] Income advantage is now SlightDisadvantage
2022-10-24 14:46:43.821 | 02:00   11ms  360M   84G  21/ 23U [GameAnalyzer] Income advantage is now Even
2022-10-24 14:46:43.877 | 02:00   13ms  360M   84G  21/ 23U [GameAnalyzer] Income advantage is now SlightDisadvantage
2022-10-24 14:46:44.015 | 02:01   11ms  390M   88G  21/ 23U [GameAnalyzer] Income advantage is now Even
2022-10-24 14:46:44.047 | 02:01   15ms  395M   88G  21/ 23U [GameAnalyzer] Income advantage is now SlightDisadvantage
2022-10-24 14:46:44.158 | 02:02   12ms  395M   92G  21/ 23U [GameAnalyzer] Income advantage is now Even
2022-10-24 14:46:44.187 | 02:02   12ms  420M   92G  21/ 23U [GameAnalyzer] Income advantage is now SlightDisadvantage
2022-10-24 14:46:44.190 | 02:02   12ms  420M   92G  21/ 23U [Expand] Expanding to (46.5, 103.5)
2022-10-24 14:46:44.528 | 02:04   10ms   45M  100G  21/ 23U [GameAnalyzer] Income advantage is now Even
2022-10-24 14:46:44.584 | 02:05   12ms   45M  104G  21/ 23U [GameAnalyzer] Income advantage is now SlightDisadvantage
2022-10-24 14:46:44.643 | 02:05   11ms    0M  104G  21/ 23U [TerranUnit] MARINE from BARRACKS at (40.5, 128.5)
2022-10-24 14:46:44.724 | 02:05   11ms   10M  104G  22/ 23U [GameAnalyzer] Income advantage is now Even
2022-10-24 14:46:44.757 | 02:06   14ms   15M  108G  22/ 23U [GameAnalyzer] Income advantage is now SlightDisadvantage
2022-10-24 14:46:44.956 | 02:07   11ms   30M  112G  22/ 23U [GameAnalyzer] Income advantage is now Even
2022-10-24 14:46:45.015 | 02:07   14ms   35M  112G  22/ 23U [GameAnalyzer] Income advantage is now SlightDisadvantage
2022-10-24 14:46:45.142 | 02:08   11ms   45M  116G  22/ 23U [GameAnalyzer] Income advantage is now Even
2022-10-24 14:46:45.213 | 02:08   13ms   45M  116G  22/ 23U [GameAnalyzer] Income advantage is now SlightDisadvantage
2022-10-24 14:46:45.271 | 02:09   12ms   55M  120G  22/ 23U [GameAnalyzer] Income advantage is now Even
2022-10-24 14:46:45.272 | 02:09   12ms    5M  120G  22/ 23U [ActUnit] SCV from COMMANDCENTER at (41.5, 135.5)
2022-10-24 14:46:45.364 | 02:09   11ms   30M  120G  23/ 23U [GameAnalyzer] Income advantage is now SlightDisadvantage
2022-10-24 14:46:45.448 | 02:10   11ms   35M  120G  23/ 23U [GameAnalyzer] Income advantage is now Even
2022-10-24 14:46:45.564 | 02:10   13ms   50M  128G  23/ 23U [GameAnalyzer] Income advantage is now SlightDisadvantage
2022-10-24 14:46:45.617 | 02:11   11ms   55M  128G  23/ 23U [GameAnalyzer] Income advantage is now Even
2022-10-24 14:46:45.695 | 02:11   10ms   60M  128G  23/ 23U [GameAnalyzer] Income advantage is now SlightAdvantage
2022-10-24 14:46:47.363 | 02:23   12ms   10M   76G  23/ 23U [GameAnalyzer] Predicted army advantage is now Even
2022-10-24 14:46:49.944 | 02:40   12ms  120M   40G  23/ 23U [GameAnalyzer] Income advantage is now Even
2022-10-24 14:46:50.007 | 02:40   13ms  125M   44G  23/ 23U [GameAnalyzer] Income advantage is now SlightAdvantage
2022-10-24 14:46:50.103 | 02:41   13ms  130M   44G  23/ 23U [GameAnalyzer] Income advantage is now Even
2022-10-24 14:46:50.198 | 02:41   12ms  140M   48G  23/ 23U [GameAnalyzer] Income advantage is now SlightAdvantage
2022-10-24 14:46:50.284 | 02:42   12ms  170M   52G  23/ 23U [GameAnalyzer] Income advantage is now Even
2022-10-24 14:46:50.287 | 02:42   12ms  170M   52G  23/ 23U [BuildAddon] UnitTypeId.FACTORYREACTOR to (50.0, 130.0)
2022-10-24 14:46:50.351 | 02:42   13ms  125M    2G  23/ 23U [GameAnalyzer] Income advantage is now SlightAdvantage
2022-10-24 14:46:53.937 | 03:05   12ms  420M   90G  23/ 31U [ActUnit] SCV from COMMANDCENTER at (41.5, 135.5)
2022-10-24 14:46:53.940 | 03:05   12ms  370M   90G  23/ 31U [TerranUnit] MARINE from BARRACKS at (40.5, 128.5)
2022-10-24 14:46:54.316 | 03:07   11ms  305M  102G  25/ 31U [BuildAddon] UnitTypeId.FACTORYREACTOR to (46.0, 145.0)
2022-10-24 14:46:54.556 | 03:09   12ms  270M   56G  25/ 31U [BuildAddon] UnitTypeId.STARPORTTECHLAB to (49.0, 126.0)
2022-10-24 14:46:55.913 | 03:17   11ms  280M   67G  25/ 31U [ActUnit] SCV from COMMANDCENTER at (41.5, 135.5)
2022-10-24 14:46:55.951 | 03:17   14ms   80M   67G  26/ 31U [TerranUnit] HELLION from FACTORY at (47.5, 130.5)
2022-10-24 14:46:56.233 | 03:19   15ms  100M   71G  28/ 31U [GameAnalyzer] Income advantage is now Even
2022-10-24 14:46:56.734 | 03:22   15ms   35M   83G  28/ 31U [GameAnalyzer] Income advantage is now SlightAdvantage
2022-10-24 14:46:56.765 | 03:22   15ms   35M   83G  28/ 31U [GameAnalyzer] Income advantage is now Even
2022-10-24 14:46:56.938 | 03:23   15ms   35M   83G  28/ 46U [GameAnalyzer] Income advantage is now SlightAdvantage
2022-10-24 14:46:56.970 | 03:23   15ms   35M   87G  28/ 46U [GameAnalyzer] Predicted army advantage is now SlightAdvantage
2022-10-24 14:46:58.192 | 03:29   12ms   70M  115G  28/ 54U [GameAnalyzer] Income advantage is now SmallAdvantage
2022-10-24 14:46:58.258 | 03:30   14ms   70M  115G  28/ 54U [GameAnalyzer] Income advantage is now SlightAdvantage
2022-10-24 14:46:58.324 | 03:30   12ms   75M  115G  28/ 54U [GameAnalyzer] Income advantage is now SmallAdvantage
2022-10-24 14:46:58.580 | 03:31   14ms   75M  123G  28/ 54U [GameAnalyzer] Income advantage is now SlightAdvantage
2022-10-24 14:46:58.687 | 03:32   15ms   90M  123G  28/ 54U [GameAnalyzer] Income advantage is now SmallAdvantage
2022-10-24 14:46:58.722 | 03:32   18ms   90M  127G  28/ 54U [GameAnalyzer] Income advantage is now SlightAdvantage
2022-10-24 14:46:59.261 | 03:35   13ms    5M   39G  28/ 54U [GameAnalyzer] Income advantage is now SmallAdvantage
2022-10-24 14:46:59.300 | 03:35   16ms    5M   43G  28/ 54U [GameAnalyzer] Income advantage is now SlightAdvantage
2022-10-24 14:46:59.392 | 03:36   14ms    5M   43G  28/ 54U [GameAnalyzer] Income advantage is now SmallAdvantage
2022-10-24 14:46:59.431 | 03:36   14ms    5M   47G  28/ 54U [GameAnalyzer] Income advantage is now SlightAdvantage
2022-10-24 14:46:59.494 | 03:36   14ms   15M   47G  28/ 54U [GameAnalyzer] Income advantage is now SmallAdvantage
2022-10-24 14:46:59.559 | 03:36   12ms   20M   51G  28/ 54U [GameAnalyzer] Income advantage is now SlightAdvantage
2022-10-24 14:46:59.991 | 03:39   14ms   55M   63G  28/ 54U [GameAnalyzer] Income advantage is now Even
2022-10-24 14:46:59.992 | 03:39   14ms   55M   63G  28/ 54U [GameAnalyzer] Known army advantage is now SmallAdvantage
2022-10-24 14:46:59.992 | 03:39   14ms   55M   63G  28/ 54U [GameAnalyzer] Predicted army advantage is now SmallAdvantage
2022-10-24 14:47:00.042 | 03:39   16ms   65M   63G  28/ 54U [GameAnalyzer] Income advantage is now SlightAdvantage
2022-10-24 14:47:00.116 | 03:39   14ms   75M   63G  28/ 54U [GameAnalyzer] Income advantage is now SmallAdvantage
2022-10-24 14:47:00.215 | 03:40   14ms   75M   67G  28/ 54U [GameAnalyzer] Income advantage is now SlightAdvantage
2022-10-24 14:47:00.395 | 03:41   12ms  115M   71G  28/ 54U [GameAnalyzer] Income advantage is now SmallAdvantage
2022-10-24 14:47:00.494 | 03:41   13ms  120M   75G  28/ 54U [GameAnalyzer] Income advantage is now SlightAdvantage
2022-10-24 14:47:00.598 | 03:42   12ms  130M   79G  28/ 54U [GameAnalyzer] Income advantage is now SmallAdvantage
2022-10-24 14:47:00.629 | 03:42   16ms  130M   79G  28/ 54U [GameAnalyzer] Income advantage is now SlightAdvantage
2022-10-24 14:47:01.069 | 03:44   14ms  170M   91G  28/ 62U [GameAnalyzer] Income advantage is now SmallAdvantage
2022-10-24 14:47:01.218 | 03:45   16ms  175M   95G  28/ 62U [GameAnalyzer] Income advantage is now SlightAdvantage
2022-10-24 14:47:01.336 | 03:45   16ms  185M   95G  28/ 62U [GameAnalyzer] Income advantage is now SmallAdvantage
2022-10-24 14:47:01.410 | 03:46   14ms  190M   99G  28/ 62U [GameAnalyzer] Income advantage is now SlightAdvantage
2022-10-24 14:47:01.523 | 03:46   14ms  195M  103G  28/ 62U [GameAnalyzer] Income advantage is now SmallAdvantage
2022-10-24 14:47:01.525 | 03:46   14ms  195M  103G  28/ 62U [Tech] Started BANSHEECLOAK
2022-10-24 14:47:01.600 | 03:46   14ms  100M    3G  28/ 62U [GameAnalyzer] Income advantage is now SlightAdvantage
2022-10-24 14:47:01.788 | 03:47   16ms  125M    7G  28/ 62U [GameAnalyzer] Income advantage is now SmallAdvantage
2022-10-24 14:47:01.885 | 03:48   14ms  150M   11G  28/ 62U [GameAnalyzer] Income advantage is now SlightAdvantage
2022-10-24 14:47:01.955 | 03:48   14ms  160M   11G  28/ 62U [GameAnalyzer] Income advantage is now SmallAdvantage
2022-10-24 14:47:02.032 | 03:48   16ms  160M   15G  28/ 62U [GameAnalyzer] Income advantage is now SlightAdvantage
2022-10-24 14:47:02.141 | 03:49   15ms  120M   19G  28/ 62U [ActUnit] SCV from COMMANDCENTER at (41.5, 135.5)
2022-10-24 14:47:02.174 | 03:49   16ms   75M   19G  29/ 62U [ActUnit] SCV from COMMANDCENTER at (46.5, 103.5)
2022-10-24 14:47:02.213 | 03:49   15ms   75M   19G  30/ 62U [GameAnalyzer] Income advantage is now SmallAdvantage
2022-10-24 14:47:02.318 | 03:50   13ms   85M   23G  30/ 62U [GameAnalyzer] Income advantage is now SlightAdvantage
2022-10-24 14:47:02.496 | 03:51   13ms   95M   27G  30/ 62U [GameAnalyzer] Income advantage is now SmallAdvantage
2022-10-24 14:47:02.568 | 03:51   15ms  105M   27G  30/ 62U [GameAnalyzer] Income advantage is now SlightAdvantage
2022-10-24 14:47:02.715 | 03:52   14ms  120M   31G  30/ 62U [GameAnalyzer] Income advantage is now SmallAdvantage
2022-10-24 14:47:02.750 | 03:52   14ms  120M   35G  30/ 62U [GameAnalyzer] Income advantage is now SlightAdvantage
2022-10-24 14:47:02.823 | 03:52   13ms  130M   35G  30/ 62U [GameAnalyzer] Income advantage is now SmallAdvantage
2022-10-24 14:47:02.871 | 03:53   15ms  130M   35G  30/ 62U [GameAnalyzer] Income advantage is now SlightAdvantage
2022-10-24 14:47:02.901 | 03:53   16ms  130M   35G  30/ 62U [GameAnalyzer] Income advantage is now SmallAdvantage
2022-10-24 14:47:03.020 | 03:53   14ms  135M   39G  30/ 62U [GameAnalyzer] Income advantage is now SlightAdvantage
2022-10-24 14:47:03.160 | 03:54   13ms  155M   43G  30/ 62U [GameAnalyzer] Income advantage is now SmallAdvantage
2022-10-24 14:47:03.261 | 03:55   13ms  160M   47G  30/ 62U [GameAnalyzer] Income advantage is now SlightAdvantage
2022-10-24 14:47:03.369 | 03:55   13ms  190M   51G  30/ 62U [GameAnalyzer] Income advantage is now SmallAdvantage
2022-10-24 14:47:03.471 | 03:56   13ms  195M   51G  30/ 62U [GameAnalyzer] Income advantage is now SlightAdvantage
2022-10-24 14:47:03.514 | 03:56   14ms  150M   51G  30/ 62U [TerranUnit] MARINE from BARRACKS at (40.5, 128.5)
2022-10-24 14:47:03.645 | 03:56   14ms  175M   59G  31/ 62U [GameAnalyzer] Income advantage is now SmallAdvantage
2022-10-24 14:47:03.678 | 03:57   14ms  175M   59G  31/ 62U [GameAnalyzer] Income advantage is now SlightAdvantage
2022-10-24 14:47:03.881 | 03:58   13ms  210M   63G  31/ 62U [GameAnalyzer] Income advantage is now SmallAdvantage
2022-10-24 14:47:03.985 | 03:58   13ms  215M   67G  31/ 62U [GameAnalyzer] Income advantage is now SlightAdvantage
2022-10-24 14:47:04.258 | 04:00   14ms  150M   75G  31/ 62U [TerranUnit] HELLION from FACTORY at (43.5, 145.5)
2022-10-24 14:47:04.288 | 04:00   15ms  150M   75G  33/ 62U [GameAnalyzer] Income advantage is now SmallAdvantage
2022-10-24 14:47:04.359 | 04:00   16ms  150M   79G  33/ 62U [GameAnalyzer] Income advantage is now SlightAdvantage
2022-10-24 14:47:04.536 | 04:01   13ms  120M   83G  33/ 62U [ActUnit] SCV from COMMANDCENTER at (41.5, 135.5)
2022-10-24 14:47:04.568 | 04:01   17ms   75M   83G  34/ 62U [ActUnit] SCV from COMMANDCENTER at (46.5, 103.5)
2022-10-24 14:47:04.606 | 04:01   15ms   85M   83G  35/ 62U [GameAnalyzer] Income advantage is now SmallAdvantage
2022-10-24 14:47:04.922 | 04:03   13ms  120M   91G  35/ 62U [GameAnalyzer] Income advantage is now SlightAdvantage
2022-10-24 14:47:04.996 | 04:03   16ms  130M   95G  35/ 62U [GameAnalyzer] Income advantage is now SmallAdvantage
2022-10-24 14:47:05.254 | 04:05   14ms    0M    3G  35/ 62U [TerranUnit] BANSHEE from STARPORT at (46.5, 126.5)
2022-10-24 14:47:05.434 | 04:06   16ms   40M    7G  38/ 62U [GameAnalyzer] Income advantage is now SlightAdvantage
2022-10-24 14:47:05.544 | 04:06   15ms   60M   11G  38/ 62U [GameAnalyzer] Income advantage is now SmallAdvantage
2022-10-24 14:47:05.794 | 04:07   16ms   75M   15G  38/ 62U [GameAnalyzer] Income advantage is now SlightAdvantage
2022-10-24 14:47:05.867 | 04:08   14ms   75M   15G  38/ 62U [GameAnalyzer] Known army advantage is now SlightAdvantage
2022-10-24 14:47:05.868 | 04:08   14ms   75M   15G  38/ 62U [GameAnalyzer] Predicted army advantage is now SlightAdvantage
2022-10-24 14:47:05.905 | 04:08   19ms   85M   19G  38/ 62U [GameAnalyzer] Income advantage is now SmallAdvantage
2022-10-24 14:47:05.907 | 04:08   19ms   85M   19G  38/ 62U [GameAnalyzer] Known army advantage is now ClearDisadvantage
2022-10-24 14:47:05.907 | 04:08   19ms   85M   19G  38/ 62U [GameAnalyzer] Predicted army advantage is now ClearDisadvantage
2022-10-24 14:47:05.987 | 04:08   15ms   95M   23G  37/ 62U [GameAnalyzer] Income advantage is now SlightAdvantage
2022-10-24 14:47:06.031 | 04:08   18ms    0M   23G  37/ 62U [TerranUnit] HELLION from FACTORY at (43.5, 145.5)
2022-10-24 14:47:06.069 | 04:08   17ms   10M   23G  39/ 62U [GameAnalyzer] Income advantage is now SmallAdvantage
2022-10-24 14:47:06.317 | 04:10   15ms   65M   27G  38/ 62U [GameAnalyzer] Income advantage is now SlightAdvantage
2022-10-24 14:47:06.401 | 04:10   17ms   70M   31G  38/ 62U [GameAnalyzer] Income advantage is now SmallAdvantage
2022-10-24 14:47:06.520 | 04:10   16ms   85M   31G  36/ 62U [GameAnalyzer] Income advantage is now SlightAdvantage
2022-10-24 14:47:06.631 | 04:11   17ms  105M   35G  36/ 62U [GameAnalyzer] Income advantage is now SmallAdvantage
2022-10-24 14:47:06.634 | 04:11   17ms    5M   35G  36/ 62U [TerranUnit] HELLION from FACTORY at (47.5, 130.5)
2022-10-24 14:47:06.829 | 04:12   14ms   10M   39G  37/ 62U [GameAnalyzer] Income advantage is now SlightAdvantage
2022-10-24 14:47:06.905 | 04:12   15ms   50M   43G  37/ 62U [GameAnalyzer] Income advantage is now SmallAdvantage
2022-10-24 14:47:06.943 | 04:12   16ms   50M   43G  37/ 62U [GameAnalyzer] Income advantage is now SlightAdvantage
2022-10-24 14:47:06.981 | 04:13   19ms   60M   47G  37/ 62U [GameAnalyzer] Income advantage is now SmallAdvantage
2022-10-24 14:47:07.096 | 04:13   16ms   65M   47G  37/ 62U [GameAnalyzer] Income advantage is now SlightAdvantage
2022-10-24 14:47:07.146 | 04:13   17ms   70M   47G  37/ 62U [GameAnalyzer] Income advantage is now SmallAdvantage
2022-10-24 14:47:07.148 | 04:13   17ms   20M   47G  37/ 62U [ActUnit] SCV from COMMANDCENTER at (41.5, 135.5)
2022-10-24 14:47:07.325 | 04:14   20ms   25M   55G  38/ 62U [GameAnalyzer] Income advantage is now SlightAdvantage
2022-10-24 14:47:07.380 | 04:14   22ms   25M   55G  38/ 62U [GameAnalyzer] Income advantage is now Even
2022-10-24 14:47:07.503 | 04:15   18ms   34M   55G  38/ 62U [GameAnalyzer] Income advantage is now SlightAdvantage
2022-10-24 14:47:07.961 | 04:16   16ms   45M   63G  35/ 62U [ActUnit] SCV from COMMANDCENTER at (46.5, 103.5)
2022-10-24 14:47:08.012 | 04:16   19ms   50M   63G  35/ 62U [GameAnalyzer] Income advantage is now Even
2022-10-24 14:47:08.015 | 04:16   19ms    0M   63G  35/ 62U [TerranUnit] MARINE from BARRACKS at (40.5, 128.5)
2022-10-24 14:47:08.149 | 04:17   17ms    5M   67G  36/ 62U [GameAnalyzer] Income advantage is now SlightAdvantage
2022-10-24 14:47:08.482 | 04:18   15ms   14M   75G  34/ 62U [GameAnalyzer] Income advantage is now Even
2022-10-24 14:47:08.524 | 04:18   17ms   19M   75G  34/ 62U [GameAnalyzer] Income advantage is now SlightAdvantage
2022-10-24 14:47:08.740 | 04:19   13ms   34M   79G  32/ 62U [GameAnalyzer] Income advantage is now Even
2022-10-24 14:47:08.946 | 04:20   16ms   38M   87G  31/ 62U [GameAnalyzer] Income advantage is now SlightAdvantage
2022-10-24 14:47:08.993 | 04:20   14ms   38M   87G  30/ 62U [GameAnalyzer] Income advantage is now Even
2022-10-24 14:47:09.222 | 04:21   14ms   54M   91G  29/ 62U [GameAnalyzer] Income advantage is now SlightAdvantage
2022-10-24 14:47:09.260 | 04:21   15ms   54M   95G  29/ 62U [GameAnalyzer] Income advantage is now Even
2022-10-24 14:47:09.446 | 04:22   18ms   59M   95G  29/ 62U [GameAnalyzer] Income advantage is now SlightAdvantage
2022-10-24 14:47:09.579 | 04:23   17ms   59M   99G  29/ 62U [GameAnalyzer] Income advantage is now Even
2022-10-24 14:47:09.707 | 04:23   16ms   99M  103G  29/ 62U [GameAnalyzer] Income advantage is now SlightAdvantage
2022-10-24 14:47:09.788 | 04:24   14ms    4M  103G  29/ 62U [TerranUnit] HELLIONTANK from FACTORY at (47.5, 130.5)
2022-10-24 14:47:09.830 | 04:24   18ms    4M  107G  31/ 62U [GameAnalyzer] Income advantage is now Even
2022-10-24 14:47:09.989 | 04:25   14ms    9M  111G  31/ 62U [GameAnalyzer] Income advantage is now SlightAdvantage
2022-10-24 14:47:10.111 | 04:25   14ms    9M  111G  31/ 62U [GameAnalyzer] Income advantage is now Even
2022-10-24 14:47:10.189 | 04:25   15ms    9M  115G  31/ 62U [GameAnalyzer] Income advantage is now SlightAdvantage
2022-10-24 14:47:10.421 | 04:26   16ms   29M  119G  31/ 62U [GameAnalyzer] Income advantage is now Even
2022-10-24 14:47:10.461 | 04:27   16ms   29M  119G  31/ 62U [GameAnalyzer] Income advantage is now SlightAdvantage
2022-10-24 14:47:10.656 | 04:28   15ms   34M  127G  29/ 62U [GameAnalyzer] Income advantage is now Even
2022-10-24 14:47:10.788 | 04:28   14ms   49M  127G  29/ 62U [GameAnalyzer] Income advantage is now SlightAdvantage
2022-10-24 14:47:10.827 | 04:28   14ms   54M  131G  29/ 62U [GameAnalyzer] Income advantage is now Even
2022-10-24 14:47:10.828 | 04:28   14ms    4M  131G  29/ 62U [ActUnit] SCV from COMMANDCENTER at (46.5, 103.5)
2022-10-24 14:47:10.872 | 04:28   17ms    3M  131G  30/ 62U [GameAnalyzer] Income advantage is now SlightAdvantage
2022-10-24 14:47:10.905 | 04:29   16ms    3M  131G  30/ 62U [GameAnalyzer] Income advantage is now Even
2022-10-24 14:47:10.943 | 04:29   15ms    8M  135G  30/ 62U [GameAnalyzer] Income advantage is now SlightAdvantage
2022-10-24 14:47:11.453 | 04:31   15ms   25M  143G  30/ 62U [GameAnalyzer] Income advantage is now Even
2022-10-24 14:47:11.495 | 04:31   17ms   29M  147G  30/ 62U [GameAnalyzer] Income advantage is now SlightAdvantage
2022-10-24 14:47:11.653 | 04:32   14ms   33M  151G  30/ 62U [GameAnalyzer] Income advantage is now Even
2022-10-24 14:47:11.735 | 04:32   16ms   43M  151G  30/ 62U [GameAnalyzer] Income advantage is now SlightAdvantage
2022-10-24 14:47:11.813 | 04:33   14ms   42M  155G  30/ 62U [GameAnalyzer] Income advantage is now Even
2022-10-24 14:47:11.900 | 04:33   14ms    2M  155G  30/ 62U [ActUnit] SCV from COMMANDCENTER at (41.5, 135.5)
2022-10-24 14:47:11.944 | 04:33   16ms    1M  159G  31/ 62U [GameAnalyzer] Income advantage is now SlightAdvantage
2022-10-24 14:47:12.084 | 04:34   15ms    6M  159G  31/ 62U [GameAnalyzer] Income advantage is now Even
2022-10-24 14:47:12.167 | 04:34   15ms   10M  163G  31/ 62U [GameAnalyzer] Income advantage is now SlightAdvantage
2022-10-24 14:47:12.206 | 04:34   17ms   10M  163G  31/ 62U [GameAnalyzer] Income advantage is now Even
2022-10-24 14:47:12.335 | 04:35   16ms   14M  167G  31/ 62U [GameAnalyzer] Income advantage is now SlightAdvantage
2022-10-24 14:47:12.653 | 04:36   16ms   22M  175G  29/ 62U [GameAnalyzer] Income advantage is now Even
2022-10-24 14:47:12.705 | 04:36   16ms   32M  175G  29/ 62U [GameAnalyzer] Income advantage is now SlightAdvantage
2022-10-24 14:47:12.754 | 04:36   17ms   32M  175G  29/ 62U [GameAnalyzer] Income advantage is now Even
2022-10-24 14:47:12.803 | 04:37   18ms   37M  175G  29/ 62U [GameAnalyzer] Income advantage is now SlightAdvantage
2022-10-24 14:47:12.934 | 04:37   17ms   41M  179G  29/ 62U [GameAnalyzer] Income advantage is now Even
2022-10-24 14:47:13.074 | 04:38   16ms   45M  183G  29/ 62U [GameAnalyzer] Income advantage is now SlightAdvantage
2022-10-24 14:47:13.123 | 04:38   16ms   45M  183G  27/ 62U [GameAnalyzer] Income advantage is now Even
2022-10-24 14:47:13.166 | 04:38   16ms   50M  183G  27/ 62U [GameAnalyzer] Income advantage is now SlightAdvantage
2022-10-24 14:47:13.168 | 04:38   16ms    0M  183G  27/ 62U [TerranUnit] MARINE from BARRACKS at (40.5, 128.5)
2022-10-24 14:47:13.338 | 04:39   15ms    9M  187G  27/ 62U [GameAnalyzer] Income advantage is now Even
2022-10-24 14:47:13.370 | 04:39   14ms    9M  187G  27/ 62U [GameAnalyzer] Income advantage is now SlightAdvantage
2022-10-24 14:47:13.596 | 04:40   13ms   17M  195G  27/ 62U [GameAnalyzer] Income advantage is now Even
2022-10-24 14:47:13.636 | 04:40   14ms   17M  195G  27/ 62U [GameAnalyzer] Income advantage is now SlightAdvantage
2022-10-24 14:47:13.893 | 04:41   14ms   32M  203G  27/ 62U [GameAnalyzer] Income advantage is now Even
2022-10-24 14:47:13.931 | 04:42   14ms   32M  203G  27/ 62U [GameAnalyzer] Income advantage is now SlightAdvantage
2022-10-24 14:47:14.040 | 04:42   13ms   40M  207G  27/ 62U [GameAnalyzer] Income advantage is now Even
2022-10-24 14:47:14.192 | 04:43   13ms   54M  207G  26/ 62U [GameAnalyzer] Income advantage is now SlightAdvantage
2022-10-24 14:47:14.193 | 04:43   13ms    4M  207G  26/ 62U [ActUnit] SCV from COMMANDCENTER at (46.5, 103.5)
2022-10-24 14:47:14.349 | 04:44   14ms    3M  215G  27/ 62U [GameAnalyzer] Income advantage is now Even
2022-10-24 14:47:14.391 | 04:44   14ms    8M  215G  26/ 62U [GameAnalyzer] Income advantage is now SlightAdvantage
2022-10-24 14:47:14.778 | 04:46   15ms   73M  223G  25/ 47U [GameAnalyzer] Income advantage is now Even
2022-10-24 14:47:14.779 | 04:46   15ms   23M  223G  25/ 47U [ActUnit] SCV from COMMANDCENTER at (41.5, 135.5)
2022-10-24 14:47:14.820 | 04:46   18ms   23M  223G  26/ 47U [GameAnalyzer] Income advantage is now SlightDisadvantage
2022-10-24 14:47:14.901 | 04:46   14ms   38M  227G  26/ 47U [GameAnalyzer] Income advantage is now Even
2022-10-24 14:47:15.102 | 04:47   13ms   48M  231G  26/ 47U [GameAnalyzer] Income advantage is now SlightDisadvantage
2022-10-24 14:47:15.213 | 04:47   42ms   53M  235G  26/ 47U [GameAnalyzer] Income advantage is now Even
2022-10-24 14:47:15.856 | 04:50   16ms   83M  247G  26/ 47U [GameAnalyzer] Income advantage is now SlightDisadvantage
2022-10-24 14:47:15.952 | 04:50   15ms   93M  247G  26/ 47U [GameAnalyzer] Income advantage is now Even
2022-10-24 14:47:16.000 | 04:51   18ms   93M  247G  26/ 47U [GameAnalyzer] Income advantage is now SlightDisadvantage
2022-10-24 14:47:16.042 | 04:51   17ms  103M  247G  26/ 47U [GameAnalyzer] Income advantage is now Even
2022-10-24 14:47:16.188 | 04:51   15ms  108M  247G  26/ 47U [GameAnalyzer] Income advantage is now SlightDisadvantage
2022-10-24 14:47:16.229 | 04:51   16ms  108M  247G  26/ 47U [GameAnalyzer] Income advantage is now Even
2022-10-24 14:47:16.369 | 04:52   14ms  113M  255G  24/ 47U [GameAnalyzer] Income advantage is now SlightDisadvantage
2022-10-24 14:47:16.487 | 04:53   15ms  118M  255G  24/ 47U [GameAnalyzer] Income advantage is now Even
2022-10-24 14:47:16.646 | 04:53   15ms  128M  263G  24/ 47U [GameAnalyzer] Income advantage is now SlightDisadvantage
2022-10-24 14:47:16.772 | 04:54   16ms  133M  263G  24/ 47U [GameAnalyzer] Income advantage is now Even
2022-10-24 14:47:16.895 | 04:54   16ms  138M  263G  24/ 47U [GameAnalyzer] Income advantage is now SlightDisadvantage
2022-10-24 14:47:17.031 | 04:55   16ms    3M  163G  24/ 47U [TerranUnit] BANSHEE from STARPORT at (46.5, 126.5)
2022-10-24 14:47:17.064 | 04:55   16ms    8M  163G  27/ 47U [GameAnalyzer] Income advantage is now Even
2022-10-24 14:47:17.155 | 04:55   17ms   13M  163G  27/ 47U [GameAnalyzer] Income advantage is now SlightDisadvantage
2022-10-24 14:47:17.312 | 04:56   16ms   23M  171G  27/ 47U [GameAnalyzer] Income advantage is now Even
2022-10-24 14:47:17.483 | 04:57   15ms   23M  171G  27/ 47U [GameAnalyzer] Income advantage is now SlightDisadvantage
2022-10-24 14:47:17.617 | 04:57   14ms   33M  179G  27/ 47U [GameAnalyzer] Income advantage is now Even
2022-10-24 14:47:17.770 | 04:58   16ms   33M  179G  26/ 47U [GameAnalyzer] Income advantage is now SlightDisadvantage
2022-10-24 14:47:17.806 | 04:58   16ms   33M  179G  26/ 47U [GameAnalyzer] Income advantage is now Even
2022-10-24 14:47:17.941 | 04:59   14ms   43M  179G  26/ 47U [GameAnalyzer] Income advantage is now SlightDisadvantage
2022-10-24 14:47:18.102 | 04:59   15ms   58M  179G  25/ 47U [GameAnalyzer] Income advantage is now Even
2022-10-24 14:47:18.103 | 04:59   15ms    8M  179G  25/ 47U [ActUnit] SCV from COMMANDCENTER at (41.5, 135.5)
2022-10-24 14:47:18.149 | 05:00   16ms   13M  179G  26/ 47U [GameAnalyzer] Known army advantage is now SmallDisadvantage
2022-10-24 14:47:18.245 | 05:00   14ms   18M  183G  26/ 47U [GameAnalyzer] Income advantage is now SlightDisadvantage
2022-10-24 14:47:18.795 | 05:02   13ms   42M  194G  22/ 47U [GameAnalyzer] Income advantage is now Even
2022-10-24 14:47:18.839 | 05:02   16ms   42M  194G  22/ 47U [GameAnalyzer] Income advantage is now SlightDisadvantage
2022-10-24 14:47:18.990 | 05:03   13ms   52M  194G  22/ 47U [GameAnalyzer] Income advantage is now Even
2022-10-24 14:47:19.030 | 05:03   14ms   52M  194G  22/ 47U [GameAnalyzer] Income advantage is now SlightDisadvantage
2022-10-24 14:47:19.153 | 05:04   13ms   52M  198G  22/ 47U [GameAnalyzer] Income advantage is now SmallDisadvantage
2022-10-24 14:47:19.189 | 05:04   20ms   57M  198G  22/ 47U [GameAnalyzer] Income advantage is now SlightDisadvantage
2022-10-24 14:47:19.272 | 05:04   15ms   57M  202G  22/ 47U [GameAnalyzer] Income advantage is now SmallDisadvantage
2022-10-24 14:47:19.348 | 05:05   15ms   57M  202G  22/ 47U [GameAnalyzer] Income advantage is now SlightDisadvantage
2022-10-24 14:47:19.349 | 05:05   15ms   57M  202G  22/ 47U [GameAnalyzer] Known army advantage is now ClearDisadvantage
2022-10-24 14:47:19.350 | 05:05   15ms   57M  202G  22/ 47U [GameAnalyzer] Predicted army advantage is now OverwhelmingDisadvantage
2022-10-24 14:47:20.251 | 05:09   14ms  107M  218G  22/ 39U [GameAnalyzer] Income advantage is now Even
2022-10-24 14:47:20.299 | 05:09   17ms  107M  218G  22/ 39U [GameAnalyzer] Income advantage is now SlightDisadvantage
2022-10-24 14:47:20.344 | 05:09   15ms  107M  222G  22/ 39U [GameAnalyzer] Income advantage is now SmallDisadvantage
2022-10-24 14:47:20.424 | 05:09   16ms  112M  222G  22/ 39U [GameAnalyzer] Income advantage is now SlightDisadvantage
2022-10-24 14:47:20.689 | 05:10   16ms  122M  226G  21/ 39U [GameAnalyzer] Income advantage is now SmallDisadvantage
2022-10-24 14:47:20.742 | 05:11   16ms  122M  226G  21/ 39U [GameAnalyzer] Income advantage is now SlightDisadvantage
2022-10-24 14:47:20.942 | 05:11   16ms   82M  230G  21/ 39U [ActUnit] SCV from COMMANDCENTER at (41.5, 135.5)
2022-10-24 14:47:21.056 | 05:12   16ms   92M  230G  22/ 39U [GameAnalyzer] Income advantage is now Even
2022-10-24 14:47:21.094 | 05:12   16ms   92M  230G  22/ 39U [GameAnalyzer] Income advantage is now SlightDisadvantage
2022-10-24 14:47:21.760 | 05:15   18ms  112M  242G  22/ 39U [GameAnalyzer] Income advantage is now SmallDisadvantage
2022-10-24 14:47:22.087 | 05:16   19ms  112M  242G  22/ 39U [GameAnalyzer] Income advantage is now ClearDisadvantage
2022-10-24 14:47:22.131 | 05:16   19ms  112M  242G  21/ 39U [GameAnalyzer] Income advantage is now SmallDisadvantage
2022-10-24 14:47:23.082 | 05:20   19ms  110M  246G  18/ 39U [GameAnalyzer] Income advantage is now ClearDisadvantage
2022-10-24 14:47:23.140 | 05:20   18ms  115M  246G  17/ 39U [GameAnalyzer] Income advantage is now SmallDisadvantage
2022-10-24 14:47:23.930 | 05:24   16ms   63M  246G  16/ 39U [ActUnit] SCV from COMMANDCENTER at (41.5, 135.5)
2022-10-24 14:47:25.131 | INFO     | sc2.protocol:_execute:72 - Client status changed to Status.ended (was Status.in_game)
2022-10-24 14:47:25.133 | Result: Defeat
2022-10-24 14:47:25.133 | Duration: 05:28
2022-10-24 14:47:25.134 | Step time min: 6
2022-10-24 14:47:25.135 | Step time avg: 12
2022-10-24 14:47:25.136 | Step time max: 119
2022-10-24 14:47:25.136 | [LostUnitsContents] My lost units minerals and gas: (2300, 100)
2022-10-24 14:47:25.137 | [LostUnitsContents] My lost units minerals by score: 2743.0
2022-10-24 14:47:25.138 | [LostUnitsContents] Enemy lost units minerals and gas: (500, 0)
2022-10-24 14:47:25.138 | [LostUnitsContents] Enemy lost units minerals by score: 500.0
2022-10-24 14:47:25.139 | [GameAnalyzerEnd] Own units:
2022-10-24 14:47:25.140 | [GameAnalyzerEnd] SCV               total:  34 alive:  12 dead:  22 
2022-10-24 14:47:25.140 | [GameAnalyzerEnd] MARINE            total:   6 alive:   0 dead:   6 
2022-10-24 14:47:25.141 | [GameAnalyzerEnd] SUPPLYDEPOT       total:   4 alive:   3 dead:   1 
2022-10-24 14:47:25.142 | [GameAnalyzerEnd] HELLION           total:   4 alive:   0 dead:   4 
2022-10-24 14:47:25.143 | [GameAnalyzerEnd] ORBITALCOMMAND    total:   2 alive:   1 dead:   1 
2022-10-24 14:47:25.143 | [GameAnalyzerEnd] REACTOR           total:   2 alive:   2 dead:   0 
2022-10-24 14:47:25.144 | [GameAnalyzerEnd] REFINERY          total:   2 alive:   2 dead:   0 
2022-10-24 14:47:25.144 | [GameAnalyzerEnd] FACTORY           total:   2 alive:   2 dead:   0 
2022-10-24 14:47:25.145 | [GameAnalyzerEnd] STARPORT          total:   1 alive:   1 dead:   0 
2022-10-24 14:47:25.146 | [GameAnalyzerEnd] TECHLAB           total:   1 alive:   1 dead:   0 
2022-10-24 14:47:25.146 | [GameAnalyzerEnd] BARRACKS          total:   1 alive:   1 dead:   0 
2022-10-24 14:47:25.147 | [GameAnalyzerEnd] ARMORY            total:   1 alive:   1 dead:   0 
2022-10-24 14:47:25.148 | [GameAnalyzerEnd] HELLIONTANK       total:   1 alive:   0 dead:   1 
2022-10-24 14:47:25.148 | [GameAnalyzerEnd] BANSHEE           total:   1 alive:   0 dead:   1 
2022-10-24 14:47:25.149 | [GameAnalyzerEnd] Enemy units:
2022-10-24 14:47:25.150 | [GameAnalyzerEnd] SCV               total:  26 alive:  26 dead:   0 
2022-10-24 14:47:25.151 | [GameAnalyzerEnd] MARINE            total:  12 alive:   2 dead:  10 
2022-10-24 14:47:25.151 | [GameAnalyzerEnd] SUPPLYDEPOT       total:   6 alive:   6 dead:   0 
2022-10-24 14:47:25.156 | [GameAnalyzerEnd] MARAUDER          total:   5 alive:   5 dead:   0 
2022-10-24 14:47:25.157 | [GameAnalyzerEnd] BARRACKS          total:   3 alive:   3 dead:   0 
2022-10-24 14:47:25.158 | [GameAnalyzerEnd] REFINERY          total:   2 alive:   2 dead:   0 
2022-10-24 14:47:25.159 | [GameAnalyzerEnd] TECHLAB           total:   2 alive:   2 dead:   0 
2022-10-24 14:47:25.159 | [GameAnalyzerEnd] MISSILETURRET     total:   2 alive:   2 dead:   0 
2022-10-24 14:47:25.160 | [GameAnalyzerEnd] COMMANDCENTER     total:   1 alive:   1 dead:   0 
2022-10-24 14:47:25.161 | [GameAnalyzerEnd] ENGINEERINGBAY    total:   1 alive:   1 dead:   0 
2022-10-24 14:47:25.162 | [GameAnalyzerEnd] STARPORT          total:   1 alive:   1 dead:   0 
2022-10-24 14:47:25.162 | [GameAnalyzerEnd] FACTORY           total:   1 alive:   1 dead:   0 
2022-10-24 14:47:25.163 | [GameAnalyzerEnd] ORBITALCOMMAND    total:   1 alive:   1 dead:   0 
2022-10-24 14:47:25.164 | [GameAnalyzerEnd] Minerals max 465 Average 123
2022-10-24 14:47:25.165 | [GameAnalyzerEnd] Vespene max 263 Average 80
2022-10-24 14:47:25.166 | INFO     | sc2.main:_play_game:228 - Result for player 1 - Bot Turtles(Terran): Defeat
2022-10-24 14:47:26.242 | INFO     | sc2.protocol:__request:48 - Cannot receive: Game has already ended.
2022-10-24 14:47:26.244 | INFO     | sc2.sc2process:_close_connection:231 - Closing connection at 55495...
2022-10-24 14:47:26.246 | INFO     | sc2.sc2process:kill_all:33 - kill_switch: Process cleanup for 1 processes
