2022-10-25 22:50:22.335 | INFO     | sc2.protocol:_execute:72 - Client status changed to Status.launched (was None)
2022-10-25 22:50:22.337 | INFO     | sc2.controller:create_game:37 - Creating new game
2022-10-25 22:50:22.338 | INFO     | sc2.controller:create_game:38 - Map:     StargazersAIE
2022-10-25 22:50:22.340 | INFO     | sc2.controller:create_game:39 - Players: Bot Turtles(Terran), Computer VeryHard(Random, RandomBuild)
2022-10-25 22:50:22.343 | INFO     | sc2.protocol:_execute:72 - Client status changed to Status.init_game (was Status.launched)
2022-10-25 22:50:31.536 | INFO     | sc2.protocol:_execute:72 - Client status changed to Status.in_game (was None)
2022-10-25 22:50:31.538 | INFO     | sc2.main:_play_game:221 - Player 1 - Bot Turtles(Terran)
2022-10-25 22:50:32.099 | 00:00    0ms    0M    0G  12/ 15U [Version] 5.0.10.88500
2022-10-25 22:50:32.101 | 00:00    0ms    0M    0G  12/ 15U [Version] 5.0.6 Balance mod recognized.
2022-10-25 22:50:32.192 | 00:00    0ms    0M    0G  12/ 15U [ZoneManager] Map set to: MapName.Unknown from name: StargazersAIE and hash: 3330616.
2022-10-25 22:50:32.939 | [Start] My race: Terran
2022-10-25 22:50:32.941 | [Start] Opponent race: Random
2022-10-25 22:50:32.943 | [Start] OpponentId: None
2022-10-25 22:50:33.153 | 00:00    7ms    0M    0G  13/ 15U [GameAnalyzer] Income advantage is now SlightDisadvantage
2022-10-25 22:50:33.243 | 00:01    7ms    0M    0G  13/ 15U [GameAnalyzer] Income advantage is now Even
2022-10-25 22:50:33.578 | 00:04    7ms   10M    0G  13/ 15U [GameAnalyzer] Income advantage is now SlightDisadvantage
2022-10-25 22:50:33.594 | 00:04    7ms   20M    0G  13/ 15U [GameAnalyzer] Income advantage is now Even
2022-10-25 22:50:34.113 | 00:09    6ms   85M    0G  13/ 15U [GameAnalyzer] Income advantage is now SlightDisadvantage
2022-10-25 22:50:34.131 | 00:09    7ms   85M    0G  13/ 15U [GameAnalyzer] Income advantage is now Even
2022-10-25 22:50:34.629 | 00:14    7ms    5M    0G  13/ 15U [ActUnit] SCV from COMMANDCENTER at (39.5, 123.5)
2022-10-25 22:50:35.946 | 00:26    7ms  110M    0G  14/ 15U [ActUnit] SCV from COMMANDCENTER at (39.5, 123.5)
2022-10-25 22:50:37.452 | 00:38    6ms   65M    0G  15/ 23U [ActUnit] SCV from COMMANDCENTER at (39.5, 123.5)
2022-10-25 22:50:38.484 | 00:45    6ms   10M    0G  16/ 23U [GameAnalyzer] Income advantage is now SlightDisadvantage
2022-10-25 22:50:38.512 | 00:46    8ms   10M    0G  16/ 23U [GameAnalyzer] Income advantage is now Even
2022-10-25 22:50:39.197 | 00:50    7ms    0M    0G  16/ 23U [BuildGas] Building REFINERY to (32.5, 120.5)
2022-10-25 22:50:39.804 | 00:55    8ms    0M    0G  16/ 23U [ActUnit] SCV from COMMANDCENTER at (39.5, 123.5)
2022-10-25 22:50:39.854 | 00:55    7ms    0M    0G  17/ 23U [GameAnalyzer] Income advantage is now SlightDisadvantage
2022-10-25 22:50:39.906 | 00:55   12ms    5M    0G  17/ 23U [GameAnalyzer] Income advantage is now Even
2022-10-25 22:50:41.420 | 01:07    8ms  105M    0G  17/ 23U [ActUnit] SCV from COMMANDCENTER at (39.5, 123.5)
2022-10-25 22:50:42.589 | 01:15   19ms  210M    0G  18/ 23U [GameAnalyzer] Income advantage is now SlightAdvantage
2022-10-25 22:50:42.896 | 01:16   21ms  220M    0G  18/ 23U [GameAnalyzer] Income advantage is now Even
2022-10-25 22:50:43.124 | 01:17   10ms  235M    4G  18/ 23U [EnemyArmyPredicter] Predicting negative free minerals for enemy: -260
2022-10-25 22:50:43.419 | 01:19   11ms  205M    8G  18/ 23U [ActUnit] SCV from COMMANDCENTER at (39.5, 123.5)
2022-10-25 22:50:43.685 | 01:21   11ms  220M    8G  19/ 23U [GameAnalyzer] Income advantage is now SlightDisadvantage
2022-10-25 22:50:43.770 | 01:21   10ms  230M   12G  19/ 23U [GameAnalyzer] Income advantage is now Even
2022-10-25 22:50:43.826 | 01:22   12ms  235M   12G  19/ 23U [GameAnalyzer] Income advantage is now SlightDisadvantage
2022-10-25 22:50:43.854 | 01:22   11ms  240M   12G  19/ 23U [GameAnalyzer] Income advantage is now Even
2022-10-25 22:50:43.881 | 01:22   11ms  240M   12G  19/ 23U [GameAnalyzer] Income advantage is now SlightDisadvantage
2022-10-25 22:50:43.910 | 01:22   13ms  240M   12G  19/ 23U [GameAnalyzer] Income advantage is now Even
2022-10-25 22:50:43.912 | 01:22   13ms  240M   12G  19/ 23U [GameAnalyzer] Predicted army advantage is now SlightDisadvantage
2022-10-25 22:50:43.966 | 01:23   10ms  240M   16G  19/ 23U [GameAnalyzer] Income advantage is now SlightDisadvantage
2022-10-25 22:50:43.991 | 01:23   13ms  240M   16G  19/ 23U [GameAnalyzer] Income advantage is now Even
2022-10-25 22:50:44.047 | 01:23   10ms  240M   16G  19/ 23U [GameAnalyzer] Income advantage is now SlightDisadvantage
2022-10-25 22:50:44.130 | 01:24   10ms  260M   16G  19/ 23U [GameAnalyzer] Income advantage is now Even
2022-10-25 22:50:44.426 | 01:26   10ms  275M   24G  19/ 23U [GameAnalyzer] Income advantage is now SlightDisadvantage
2022-10-25 22:50:44.452 | 01:26   12ms  285M   24G  19/ 23U [GameAnalyzer] Income advantage is now Even
2022-10-25 22:50:44.563 | 01:26   13ms  295M   24G  19/ 23U [GameAnalyzer] Income advantage is now SlightDisadvantage
2022-10-25 22:50:44.623 | 01:27   12ms  300M   28G  19/ 23U [GameAnalyzer] Income advantage is now Even
2022-10-25 22:50:45.040 | 01:30   12ms  335M   32G  19/ 23U [GameAnalyzer] Income advantage is now SlightDisadvantage
2022-10-25 22:50:45.154 | 01:30   10ms  350M   36G  19/ 23U [GameAnalyzer] Income advantage is now Even
2022-10-25 22:50:45.182 | 01:31   13ms  355M   36G  19/ 23U [GameAnalyzer] Income advantage is now SlightDisadvantage
2022-10-25 22:50:45.269 | 01:31   10ms  360M   36G  19/ 23U [GameAnalyzer] Income advantage is now Even
2022-10-25 22:50:45.773 | 01:34   10ms  245M   48G  19/ 23U [GameAnalyzer] Income advantage is now SlightDisadvantage
2022-10-25 22:50:45.799 | 01:35   14ms  255M   48G  19/ 23U [GameAnalyzer] Income advantage is now Even
2022-10-25 22:50:45.941 | 01:35   11ms  270M   48G  19/ 23U [GameAnalyzer] Income advantage is now SlightDisadvantage
2022-10-25 22:50:45.997 | 01:36   11ms  275M   52G  19/ 23U [GameAnalyzer] Income advantage is now Even
2022-10-25 22:50:46.537 | 01:39   14ms  305M   60G  19/ 23U [GameAnalyzer] Income advantage is now SlightDisadvantage
2022-10-25 22:50:46.618 | 01:39   13ms  330M   60G  19/ 23U [GameAnalyzer] Income advantage is now Even
2022-10-25 22:50:46.788 | 01:40   12ms  340M   64G  19/ 23U [GameAnalyzer] Income advantage is now SlightDisadvantage
2022-10-25 22:50:46.817 | 01:41   13ms  340M   64G  19/ 23U [GameAnalyzer] Income advantage is now Even
2022-10-25 22:50:47.197 | 01:43   12ms  370M   72G  19/ 23U [GameAnalyzer] Income advantage is now SlightDisadvantage
2022-10-25 22:50:47.248 | 01:43   11ms  385M   72G  19/ 23U [GameAnalyzer] Income advantage is now Even
2022-10-25 22:50:47.310 | 01:44   13ms  400M   72G  19/ 23U [Expand] Expanding to (40.5, 96.5)
2022-10-25 22:50:47.343 | 01:44   12ms  400M   72G  19/ 23U [Expand] Expanding to (40.5, 96.5)
2022-10-25 22:50:47.369 | 01:44   14ms  400M   72G  19/ 23U [GameAnalyzer] Income advantage is now SlightDisadvantage
2022-10-25 22:50:47.371 | 01:44   14ms  400M   72G  19/ 23U [Expand] Expanding to (40.5, 96.5)
2022-10-25 22:50:47.399 | 01:44   14ms  410M   72G  19/ 23U [GameAnalyzer] Income advantage is now Even
2022-10-25 22:50:47.402 | 01:44   14ms  410M   72G  19/ 23U [Expand] Expanding to (40.5, 96.5)
2022-10-25 22:50:47.553 | 01:45   16ms   10M   76G  19/ 23U [GameAnalyzer] Income advantage is now SlightDisadvantage
2022-10-25 22:50:47.582 | 01:45   12ms   15M   76G  19/ 23U [GameAnalyzer] Income advantage is now Even
2022-10-25 22:50:47.794 | 01:47   11ms   40M   80G  19/ 23U [GameAnalyzer] Income advantage is now SlightDisadvantage
2022-10-25 22:50:47.824 | 01:47   13ms   40M   80G  19/ 23U [GameAnalyzer] Income advantage is now Even
2022-10-25 22:50:47.849 | 01:47   12ms   40M   80G  19/ 23U [GameAnalyzer] Income advantage is now SlightDisadvantage
2022-10-25 22:50:47.881 | 01:47   12ms   45M   80G  19/ 23U [GameAnalyzer] Income advantage is now Even
2022-10-25 22:50:47.958 | 01:48   10ms   50M   84G  19/ 23U [GameAnalyzer] Income advantage is now SlightDisadvantage
2022-10-25 22:50:47.961 | 01:48   10ms    0M   84G  19/ 23U [TerranUnit] MARINE from BARRACKS at (46.5, 124.5)
2022-10-25 22:50:48.042 | 01:48   13ms   20M   84G  20/ 23U [GameAnalyzer] Income advantage is now Even
2022-10-25 22:50:48.305 | 01:50   12ms   35M   88G  20/ 23U [GameAnalyzer] Income advantage is now SlightDisadvantage
2022-10-25 22:50:48.384 | 01:51   12ms   45M   92G  20/ 23U [GameAnalyzer] Income advantage is now Even
2022-10-25 22:50:48.417 | 01:51   13ms    5M   92G  20/ 23U [TerranUnit] MARINE from BARRACKS at (39.5, 116.5)
2022-10-25 22:50:48.526 | 01:51   10ms   10M   92G  21/ 23U [GameAnalyzer] Income advantage is now SlightDisadvantage
2022-10-25 22:50:48.606 | 01:52   12ms   15M   96G  21/ 23U [GameAnalyzer] Income advantage is now Even
2022-10-25 22:50:48.660 | 01:52   11ms   25M   96G  21/ 23U [GameAnalyzer] Income advantage is now SlightDisadvantage
2022-10-25 22:50:48.686 | 01:53   12ms   30M   96G  21/ 23U [GameAnalyzer] Income advantage is now Even
2022-10-25 22:50:48.744 | 01:53   41ms   35M   96G  21/ 23U [GameAnalyzer] Income advantage is now SlightDisadvantage
2022-10-25 22:50:48.770 | 01:53   12ms   35M   96G  21/ 23U [GameAnalyzer] Income advantage is now Even
2022-10-25 22:50:48.849 | 01:53   11ms   45M  100G  21/ 23U [GameAnalyzer] Income advantage is now SlightAdvantage
2022-10-25 22:50:48.927 | 01:54   11ms   45M  100G  21/ 23U [GameAnalyzer] Income advantage is now Even
2022-10-25 22:50:48.980 | 01:54   13ms   55M  100G  21/ 23U [GameAnalyzer] Income advantage is now SlightAdvantage
2022-10-25 22:50:49.010 | 01:55   12ms   55M  100G  21/ 23U [GameAnalyzer] Income advantage is now Even
2022-10-25 22:50:49.036 | 01:55   12ms   60M  100G  21/ 23U [GameAnalyzer] Income advantage is now SlightAdvantage
2022-10-25 22:50:49.066 | 01:55   13ms   60M  104G  21/ 23U [GameAnalyzer] Income advantage is now Even
2022-10-25 22:50:49.067 | 01:55   13ms   60M  104G  21/ 23U [BuildDetector] POSSIBLE RUSH: OneBaseRax.
2022-10-25 22:50:49.148 | 01:55   13ms   70M  104G  21/ 23U [GameAnalyzer] Income advantage is now SlightAdvantage
2022-10-25 22:50:49.205 | 01:56   11ms   75M  104G  21/ 23U [GameAnalyzer] Income advantage is now Even
2022-10-25 22:50:49.262 | 01:56   11ms   80M  104G  21/ 23U [GameAnalyzer] Income advantage is now SlightAdvantage
2022-10-25 22:50:49.344 | 01:56   14ms   80M  108G  21/ 23U [GameAnalyzer] Income advantage is now Even
2022-10-25 22:50:49.514 | 01:57   11ms  105M  108G  21/ 23U [GameAnalyzer] Income advantage is now SlightAdvantage
2022-10-25 22:50:49.546 | 01:58   14ms  105M  108G  21/ 23U [GameAnalyzer] Income advantage is now Even
2022-10-25 22:50:49.663 | 01:58   11ms  115M  112G  21/ 23U [GameAnalyzer] Income advantage is now SlightAdvantage
2022-10-25 22:50:49.689 | 01:58   13ms  115M  112G  21/ 23U [GameAnalyzer] Known army advantage is now SlightDisadvantage
2022-10-25 22:50:49.722 | 01:59   15ms  120M  112G  21/ 23U [GameAnalyzer] Income advantage is now Even
2022-10-25 22:50:49.862 | 02:00   12ms  130M  116G  21/ 23U [GameAnalyzer] Income advantage is now SlightAdvantage
2022-10-25 22:50:49.894 | 02:00   14ms  135M  116G  21/ 23U [GameAnalyzer] Income advantage is now Even
2022-10-25 22:50:50.029 | 02:01   11ms  145M  116G  21/ 23U [GameAnalyzer] Income advantage is now SlightAdvantage
2022-10-25 22:50:50.085 | 02:01   11ms  145M  120G  21/ 23U [GameAnalyzer] Income advantage is now Even
2022-10-25 22:50:50.243 | 02:02   13ms   20M  120G  21/ 23U [GameAnalyzer] Income advantage is now SlightAdvantage
2022-10-25 22:50:50.303 | 02:02   12ms   20M  124G  21/ 23U [GameAnalyzer] Income advantage is now Even
2022-10-25 22:50:50.666 | 02:05   13ms   50M  128G  21/ 23U [GameAnalyzer] Income advantage is now SlightAdvantage
2022-10-25 22:50:50.704 | 02:05   13ms   50M  128G  21/ 23U [GameAnalyzer] Income advantage is now Even
2022-10-25 22:50:50.786 | 02:05   12ms   80M  132G  21/ 23U [GameAnalyzer] Income advantage is now SlightAdvantage
2022-10-25 22:50:50.820 | 02:05   13ms   80M  132G  21/ 23U [GameAnalyzer] Income advantage is now Even
2022-10-25 22:50:50.846 | 02:06   14ms   85M  132G  21/ 23U [GameAnalyzer] Income advantage is now SlightAdvantage
2022-10-25 22:50:50.847 | 02:06   14ms   85M  132G  21/ 23U [GameAnalyzer] Known army advantage is now Even
2022-10-25 22:50:50.851 | 02:06   14ms   35M  132G  21/ 23U [TerranUnit] MARINE from BARRACKS at (46.5, 124.5)
2022-10-25 22:50:50.888 | 02:06   16ms   35M  132G  22/ 23U [GameAnalyzer] Income advantage is now Even
2022-10-25 22:50:51.284 | 02:08   14ms   75M  140G  22/ 23U [GameAnalyzer] Income advantage is now SlightAdvantage
2022-10-25 22:50:51.318 | 02:08   16ms   75M  140G  22/ 23U [GameAnalyzer] Income advantage is now Even
2022-10-25 22:50:51.375 | 02:09   11ms   75M  140G  22/ 23U [GameAnalyzer] Known army advantage is now SlightAdvantage
2022-10-25 22:50:51.378 | 02:09   11ms   25M  140G  22/ 23U [TerranUnit] MARINE from BARRACKS at (39.5, 116.5)
2022-10-25 22:50:51.721 | 02:11   11ms   60M  144G  23/ 23U [GameAnalyzer] Income advantage is now SlightAdvantage
2022-10-25 22:50:51.749 | 02:11   14ms   60M  144G  23/ 23U [GameAnalyzer] Income advantage is now Even
2022-10-25 22:50:51.866 | 02:12   11ms   70M  148G  23/ 23U [GameAnalyzer] Income advantage is now SlightAdvantage
2022-10-25 22:50:51.900 | 02:12   14ms   70M  148G  23/ 23U [GameAnalyzer] Income advantage is now Even
2022-10-25 22:50:53.860 | 02:23   12ms  115M  180G  23/ 23U [GameAnalyzer] Predicted army advantage is now Even
2022-10-25 22:50:54.308 | 02:26   12ms   95M  188G  22/ 23U [TerranUnit] MARINE from BARRACKS at (46.5, 124.5)
2022-10-25 22:50:54.371 | 02:26   14ms  125M  188G  23/ 23U [GameAnalyzer] Predicted army advantage is now SlightAdvantage
2022-10-25 22:50:54.854 | 02:30   12ms    5M  196G  23/ 23U [GameAnalyzer] Predicted army advantage is now Even
2022-10-25 22:50:55.445 | 02:33   12ms   50M  204G  23/ 23U [BuildAddon] UnitTypeId.BARRACKSTECHLAB to (42.0, 116.0)
2022-10-25 22:50:57.432 | 02:44   13ms   70M  207G  23/ 23U [GameAnalyzer] Known army advantage is now SmallAdvantage
2022-10-25 22:50:57.433 | 02:44   13ms   70M  207G  23/ 23U [GameAnalyzer] Predicted army advantage is now SlightAdvantage
2022-10-25 22:50:58.370 | 02:49   12ms  150M  215G  23/ 23U [BuildPosition] Building BUNKER to (48.5, 110.5)
2022-10-25 22:51:00.363 | 03:01   13ms   85M  239G  23/ 23U [GameAnalyzer] Predicted army advantage is now SlightDisadvantage
2022-10-25 22:51:00.467 | 03:01   12ms  100M  239G  23/ 23U [Tech] Started STIMPACK
2022-10-25 22:51:01.428 | 03:07   14ms   75M  151G  23/ 46U [GameAnalyzer] Income advantage is now SlightAdvantage
2022-10-25 22:51:01.467 | 03:07   14ms   75M  155G  23/ 46U [GameAnalyzer] Income advantage is now Even
2022-10-25 22:51:01.529 | 03:07   14ms   80M  155G  23/ 46U [GameAnalyzer] Income advantage is now SlightAdvantage
2022-10-25 22:51:01.557 | 03:07   14ms   80M  155G  23/ 46U [GameAnalyzer] Income advantage is now Even
2022-10-25 22:51:01.655 | 03:08   12ms   85M  155G  23/ 46U [GameAnalyzer] Income advantage is now SlightAdvantage
2022-10-25 22:51:01.688 | 03:08   14ms   85M  155G  23/ 46U [GameAnalyzer] Income advantage is now Even
2022-10-25 22:51:01.721 | 03:08   15ms   85M  155G  23/ 46U [GameAnalyzer] Income advantage is now SlightAdvantage
2022-10-25 22:51:01.889 | 03:09   13ms  110M  159G  23/ 46U [GameAnalyzer] Income advantage is now Even
2022-10-25 22:51:02.118 | 03:10   14ms  130M  159G  23/ 46U [GameAnalyzer] Income advantage is now SlightAdvantage
2022-10-25 22:51:02.188 | 03:11   13ms  130M  163G  23/ 46U [GameAnalyzer] Income advantage is now Even
2022-10-25 22:51:02.347 | 03:11   42ms  130M  163G  23/ 46U [GameAnalyzer] Income advantage is now SlightAdvantage
2022-10-25 22:51:02.379 | 03:12   14ms  130M  163G  23/ 46U [GameAnalyzer] Income advantage is now Even
2022-10-25 22:51:02.462 | 03:12   16ms  130M  163G  23/ 46U [GameAnalyzer] Income advantage is now SlightAdvantage
2022-10-25 22:51:02.640 | 03:13   15ms  130M  167G  23/ 46U [GameAnalyzer] Income advantage is now Even
2022-10-25 22:51:02.839 | 03:14   13ms  145M  167G  23/ 46U [GameAnalyzer] Income advantage is now SlightAdvantage
2022-10-25 22:51:02.871 | 03:14   16ms  145M  167G  23/ 46U [GameAnalyzer] Income advantage is now Even
2022-10-25 22:51:03.031 | 03:15   14ms    0M  171G  23/ 46U [GameAnalyzer] Income advantage is now SlightAdvantage
2022-10-25 22:51:03.071 | 03:15   14ms    0M  171G  23/ 46U [GameAnalyzer] Income advantage is now Even
2022-10-25 22:51:03.345 | 03:16   14ms   40M  171G  23/ 46U [GameAnalyzer] Income advantage is now SlightAdvantage
2022-10-25 22:51:03.379 | 03:17   14ms   40M  175G  23/ 46U [GameAnalyzer] Income advantage is now Even
2022-10-25 22:51:03.516 | 03:17   14ms   45M  175G  23/ 46U [GameAnalyzer] Income advantage is now SlightAdvantage
2022-10-25 22:51:03.553 | 03:18   14ms   45M  175G  23/ 46U [GameAnalyzer] Income advantage is now Even
2022-10-25 22:51:03.649 | 03:18   38ms    0M  175G  23/ 46U [TerranUnit] MARINE from BARRACKS at (46.5, 124.5)
2022-10-25 22:51:03.760 | 03:18   14ms   10M  179G  24/ 46U [GameAnalyzer] Income advantage is now SlightAdvantage
2022-10-25 22:51:03.797 | 03:19   14ms   10M  179G  24/ 46U [GameAnalyzer] Income advantage is now Even
2022-10-25 22:51:03.935 | 03:19   13ms   10M  179G  24/ 46U [GameAnalyzer] Income advantage is now SlightAdvantage
2022-10-25 22:51:04.072 | 03:20   15ms   15M  179G  24/ 54U [GameAnalyzer] Income advantage is now Even
2022-10-25 22:51:04.170 | 03:21   15ms   25M  183G  24/ 54U [GameAnalyzer] Income advantage is now SlightAdvantage
2022-10-25 22:51:04.342 | 03:21   12ms   35M  183G  24/ 54U [GameAnalyzer] Income advantage is now Even
2022-10-25 22:51:04.406 | 03:22   12ms   40M  183G  24/ 54U [GameAnalyzer] Income advantage is now SlightAdvantage
2022-10-25 22:51:04.442 | 03:22   14ms   45M  183G  24/ 54U [GameAnalyzer] Income advantage is now Even
2022-10-25 22:51:04.481 | 03:22   15ms    0M  187G  24/ 54U [TerranUnit] MARINE from BARRACKS at (41.5, 113.5)
2022-10-25 22:51:04.509 | 03:22   14ms    0M  187G  25/ 54U [GameAnalyzer] Income advantage is now SlightAdvantage
2022-10-25 22:51:04.511 | 03:22   14ms    0M  187G  25/ 54U [GameAnalyzer] Known army advantage is now SlightAdvantage
2022-10-25 22:51:04.512 | 03:22   14ms    0M  187G  25/ 54U [GameAnalyzer] Predicted army advantage is now SmallDisadvantage
2022-10-25 22:51:04.934 | 03:25   13ms   50M  191G  25/ 54U [GameAnalyzer] Income advantage is now Even
2022-10-25 22:51:04.936 | 03:25   13ms    0M  191G  25/ 54U [TerranUnit] MARINE from BARRACKS at (39.5, 116.5)
2022-10-25 22:51:04.968 | 03:25   16ms    5M  191G  26/ 54U [GameAnalyzer] Income advantage is now SlightAdvantage
2022-10-25 22:51:05.160 | 03:26   14ms   20M  191G  26/ 54U [GameAnalyzer] Income advantage is now Even
2022-10-25 22:51:05.324 | 03:27   12ms   40M  195G  26/ 54U [GameAnalyzer] Income advantage is now SlightAdvantage
2022-10-25 22:51:05.355 | 03:27   16ms   45M  195G  26/ 54U [GameAnalyzer] Income advantage is now Even
2022-10-25 22:51:05.391 | 03:27   14ms   50M  199G  26/ 54U [GameAnalyzer] Income advantage is now SlightAdvantage
2022-10-25 22:51:05.394 | 03:27   14ms    0M  199G  26/ 54U [TerranUnit] MARINE from BARRACKS at (40.5, 133.5)
2022-10-25 22:51:05.423 | 03:27   16ms    0M  199G  27/ 54U [GameAnalyzer] Income advantage is now Even
2022-10-25 22:51:05.458 | 03:28   15ms    0M  199G  27/ 54U [GameAnalyzer] Income advantage is now SlightAdvantage
2022-10-25 22:51:05.749 | 03:29   14ms   20M  203G  27/ 54U [GameAnalyzer] Known army advantage is now Even
2022-10-25 22:51:05.787 | 03:29   14ms   20M  203G  27/ 54U [GameAnalyzer] Income advantage is now Even
2022-10-25 22:51:05.857 | 03:30   16ms   25M  203G  27/ 54U [GameAnalyzer] Income advantage is now SlightAdvantage
2022-10-25 22:51:05.888 | 03:30   14ms    0M  203G  27/ 54U [TerranUnit] MARINE from BARRACKS at (48.5, 121.5)
2022-10-25 22:51:05.991 | 03:30   13ms   10M  207G  28/ 54U [GameAnalyzer] Income advantage is now Even
2022-10-25 22:51:06.217 | 03:32   12ms   45M  207G  28/ 54U [GameAnalyzer] Income advantage is now SlightAdvantage
2022-10-25 22:51:06.415 | 03:33   12ms   45M  211G  28/ 54U [GameAnalyzer] Known army advantage is now SlightDisadvantage
2022-10-25 22:51:06.451 | 03:33   16ms   50M  211G  28/ 54U [GameAnalyzer] Income advantage is now Even
2022-10-25 22:51:06.480 | 03:33   13ms   55M  211G  28/ 54U [GameAnalyzer] Income advantage is now SlightAdvantage
2022-10-25 22:51:06.608 | 03:34   12ms   70M  215G  28/ 54U [GameAnalyzer] Income advantage is now Even
2022-10-25 22:51:06.643 | 03:34   16ms   70M  215G  28/ 54U [GameAnalyzer] Income advantage is now SlightAdvantage
2022-10-25 22:51:06.794 | 03:35   12ms   75M  219G  28/ 54U [GameAnalyzer] Income advantage is now Even
2022-10-25 22:51:06.888 | 03:35   12ms   95M  219G  28/ 54U [GameAnalyzer] Income advantage is now SlightAdvantage
2022-10-25 22:51:06.951 | 03:36   13ms  105M  219G  28/ 54U [GameAnalyzer] Income advantage is now Even
2022-10-25 22:51:06.952 | 03:36   13ms  105M  219G  28/ 54U [GameAnalyzer] Known army advantage is now Even
2022-10-25 22:51:06.954 | 03:36   13ms   55M  219G  28/ 54U [TerranUnit] MARINE from BARRACKS at (46.5, 124.5)
2022-10-25 22:51:07.082 | 03:36   12ms   70M  223G  29/ 54U [GameAnalyzer] Income advantage is now SlightAdvantage
2022-10-25 22:51:07.209 | 03:37   14ms   95M  223G  29/ 54U [GameAnalyzer] Income advantage is now Even
2022-10-25 22:51:07.302 | 03:38   14ms  105M  227G  29/ 54U [GameAnalyzer] Income advantage is now SlightAdvantage
2022-10-25 22:51:07.432 | 03:38   13ms  120M  227G  29/ 54U [GameAnalyzer] Income advantage is now Even
2022-10-25 22:51:07.466 | 03:38   14ms  120M  227G  29/ 54U [GameAnalyzer] Income advantage is now SlightAdvantage
2022-10-25 22:51:07.622 | 03:39   14ms  120M  231G  29/ 54U [GameAnalyzer] Income advantage is now Even
2022-10-25 22:51:07.655 | 03:40   14ms  125M  231G  29/ 54U [GameAnalyzer] Income advantage is now SlightAdvantage
2022-10-25 22:51:07.691 | 03:40   14ms  125M  231G  29/ 54U [GameAnalyzer] Income advantage is now Even
2022-10-25 22:51:07.728 | 03:40   15ms  140M  231G  29/ 54U [GameAnalyzer] Income advantage is now SlightAdvantage
2022-10-25 22:51:07.757 | 03:40   14ms  140M  231G  29/ 54U [GameAnalyzer] Income advantage is now Even
2022-10-25 22:51:07.759 | 03:40   14ms  140M  231G  29/ 54U [GameAnalyzer] Known army advantage is now SlightAdvantage
2022-10-25 22:51:07.762 | 03:40   14ms   90M  231G  29/ 54U [TerranUnit] MARINE from BARRACKS at (41.5, 113.5)
2022-10-25 22:51:07.798 | 03:40   17ms  100M  231G  30/ 54U [GameAnalyzer] Income advantage is now SlightAdvantage
2022-10-25 22:51:07.830 | 03:40   16ms  105M  231G  30/ 54U [GameAnalyzer] Income advantage is now Even
2022-10-25 22:51:08.155 | 03:42   13ms  135M  239G  30/ 54U [GameAnalyzer] Income advantage is now SlightAdvantage
2022-10-25 22:51:08.223 | 03:43   14ms   95M  239G  30/ 54U [TerranUnit] MARINE from BARRACKS at (39.5, 116.5)
2022-10-25 22:51:08.257 | 03:43   13ms   95M  239G  31/ 54U [GameAnalyzer] Income advantage is now Even
2022-10-25 22:51:08.288 | 03:43   14ms   95M  239G  31/ 54U [GameAnalyzer] Income advantage is now SlightAdvantage
2022-10-25 22:51:08.615 | 03:45   14ms  140M  243G  31/ 54U [GameAnalyzer] Income advantage is now Even
2022-10-25 22:51:08.651 | 03:45   14ms  145M  243G  31/ 54U [GameAnalyzer] Income advantage is now SlightAdvantage
2022-10-25 22:51:08.685 | 03:45   14ms  145M  247G  31/ 54U [GameAnalyzer] Income advantage is now Even
2022-10-25 22:51:08.686 | 03:45   14ms  145M  247G  31/ 54U [GameAnalyzer] Known army advantage is now SmallAdvantage
2022-10-25 22:51:08.687 | 03:45   14ms  145M  247G  31/ 54U [GameAnalyzer] Predicted army advantage is now SlightDisadvantage
2022-10-25 22:51:08.690 | 03:45   14ms   95M  247G  31/ 54U [TerranUnit] MARINE from BARRACKS at (40.5, 133.5)
2022-10-25 22:51:08.723 | 03:45   19ms  100M  247G  32/ 54U [GameAnalyzer] Income advantage is now SlightAdvantage
2022-10-25 22:51:08.789 | 03:46   13ms  105M  247G  32/ 54U [GameAnalyzer] Income advantage is now Even
2022-10-25 22:51:08.852 | 03:46   13ms  115M  247G  32/ 54U [GameAnalyzer] Income advantage is now SlightAdvantage
2022-10-25 22:51:08.885 | 03:46   14ms  115M  247G  32/ 54U [GameAnalyzer] Income advantage is now Even
2022-10-25 22:51:08.948 | 03:46   12ms  135M  251G  32/ 54U [GameAnalyzer] Income advantage is now SlightAdvantage
2022-10-25 22:51:08.985 | 03:47   14ms  135M  251G  32/ 54U [GameAnalyzer] Income advantage is now Even
2022-10-25 22:51:09.018 | 03:47   15ms  145M  251G  32/ 54U [GameAnalyzer] Income advantage is now SlightAdvantage
2022-10-25 22:51:09.055 | 03:47   14ms  145M  251G  32/ 54U [GameAnalyzer] Income advantage is now Even
2022-10-25 22:51:09.057 | 03:47   14ms  145M  251G  32/ 54U [GameAnalyzer] Predicted army advantage is now SmallDisadvantage
2022-10-25 22:51:09.153 | 03:48   13ms  145M  251G  32/ 54U [GameAnalyzer] Income advantage is now SlightAdvantage
2022-10-25 22:51:09.191 | 03:48   14ms   95M  251G  32/ 54U [TerranUnit] MARINE from BARRACKS at (48.5, 121.5)
2022-10-25 22:51:09.665 | 03:50   13ms  155M  259G  33/ 54U [GameAnalyzer] Income advantage is now Even
2022-10-25 22:51:09.795 | 03:51   14ms  185M  263G  33/ 54U [GameAnalyzer] Income advantage is now SlightAdvantage
2022-10-25 22:51:09.862 | 03:51   13ms  220M  263G  33/ 54U [GameAnalyzer] Income advantage is now Even
2022-10-25 22:51:09.964 | 03:52   13ms  220M  263G  33/ 54U [GameAnalyzer] Income advantage is now SlightAdvantage
2022-10-25 22:51:10.237 | 03:54   12ms  185M  267G  33/ 54U [TerranUnit] MARINE from BARRACKS at (46.5, 124.5)
2022-10-25 22:51:10.464 | 03:55   14ms  195M  271G  34/ 54U [GameAnalyzer] Income advantage is now Even
2022-10-25 22:51:10.687 | 03:56   13ms  270M  275G  34/ 54U [GameAnalyzer] Income advantage is now SlightAdvantage
2022-10-25 22:51:10.726 | 03:56   15ms  270M  275G  34/ 54U [GameAnalyzer] Income advantage is now Even
2022-10-25 22:51:10.819 | 03:57   12ms  270M  279G  34/ 54U [GameAnalyzer] Income advantage is now SlightAdvantage
2022-10-25 22:51:11.009 | 03:58   12ms  285M  279G  34/ 54U [GameAnalyzer] Predicted army advantage is now SlightDisadvantage
2022-10-25 22:51:11.012 | 03:58   12ms  235M  279G  34/ 54U [TerranUnit] MARINE from BARRACKS at (41.5, 113.5)
2022-10-25 22:51:11.263 | 03:59   13ms  265M  283G  35/ 54U [GameAnalyzer] Income advantage is now Even
2022-10-25 22:51:11.332 | 04:00   17ms  280M  287G  35/ 54U [GameAnalyzer] Income advantage is now SlightAdvantage
2022-10-25 22:51:11.368 | 04:00   15ms  285M  287G  35/ 54U [GameAnalyzer] Income advantage is now Even
2022-10-25 22:51:11.401 | 04:00   14ms  295M  287G  35/ 54U [GameAnalyzer] Income advantage is now SlightAdvantage
2022-10-25 22:51:11.438 | 04:00   16ms  300M  287G  35/ 54U [GameAnalyzer] Income advantage is now Even
2022-10-25 22:51:11.472 | 04:00   15ms  255M  287G  35/ 54U [TerranUnit] MARINE from BARRACKS at (39.5, 116.5)
2022-10-25 22:51:11.633 | 04:01   15ms  275M  291G  36/ 54U [GameAnalyzer] Income advantage is now SlightAdvantage
2022-10-25 22:51:11.664 | 04:01   15ms  275M  291G  36/ 54U [GameAnalyzer] Income advantage is now Even
2022-10-25 22:51:11.699 | 04:02   14ms  280M  291G  36/ 54U [GameAnalyzer] Income advantage is now SlightAdvantage
2022-10-25 22:51:11.731 | 04:02   16ms  280M  291G  36/ 54U [GameAnalyzer] Income advantage is now Even
2022-10-25 22:51:11.795 | 04:02   13ms  285M  291G  36/ 54U [GameAnalyzer] Income advantage is now SlightAdvantage
2022-10-25 22:51:11.914 | 04:03   13ms  315M  295G  36/ 54U [GameAnalyzer] Known army advantage is now ClearAdvantage
2022-10-25 22:51:11.915 | 04:03   13ms  315M  295G  36/ 54U [GameAnalyzer] Predicted army advantage is now Even
2022-10-25 22:51:11.917 | 04:03   13ms  265M  295G  36/ 54U [TerranUnit] MARINE from BARRACKS at (40.5, 133.5)
2022-10-25 22:51:12.172 | 04:04   13ms  280M  299G  37/ 54U [GameAnalyzer] Income advantage is now Even
2022-10-25 22:51:12.205 | 04:05   15ms  290M  299G  37/ 54U [GameAnalyzer] Income advantage is now SlightAdvantage
2022-10-25 22:51:12.236 | 04:05   14ms  290M  299G  37/ 54U [GameAnalyzer] Income advantage is now Even
2022-10-25 22:51:12.403 | 04:06   16ms  345M  299G  37/ 54U [GameAnalyzer] Income advantage is now SlightAdvantage
2022-10-25 22:51:12.404 | 04:06   16ms  345M  299G  37/ 54U [GameAnalyzer] Predicted army advantage is now SlightAdvantage
2022-10-25 22:51:12.408 | 04:06   16ms  295M  299G  37/ 54U [TerranUnit] MARINE from BARRACKS at (48.5, 121.5)
2022-10-25 22:51:12.503 | 04:06   15ms  205M  303G  38/ 54U [GameAnalyzer] Income advantage is now Even
2022-10-25 22:51:12.631 | 04:07   13ms  210M  303G  38/ 54U [GameAnalyzer] Income advantage is now SlightAdvantage
2022-10-25 22:51:12.956 | 04:09   13ms  225M  311G  38/ 54U [GameAnalyzer] Income advantage is now Even
2022-10-25 22:51:13.417 | 04:11   13ms  305M  315G  38/ 54U [GameAnalyzer] Income advantage is now SlightAdvantage
2022-10-25 22:51:13.484 | 04:11   15ms  310M  319G  38/ 54U [GameAnalyzer] Income advantage is now Even
2022-10-25 22:51:13.486 | 04:11   15ms  260M  319G  38/ 54U [TerranUnit] MARINE from BARRACKS at (46.5, 124.5)
2022-10-25 22:51:13.584 | 04:12   14ms  285M  319G  39/ 54U [GameAnalyzer] Income advantage is now SlightAdvantage
2022-10-25 22:51:13.786 | 04:13   16ms  295M  323G  39/ 54U [GameAnalyzer] Income advantage is now Even
2022-10-25 22:51:13.817 | 04:13   15ms  300M  323G  39/ 54U [GameAnalyzer] Income advantage is now SlightAdvantage
2022-10-25 22:51:13.856 | 04:13   15ms  300M  323G  39/ 54U [GameAnalyzer] Income advantage is now Even
2022-10-25 22:51:14.096 | 04:15   15ms  330M  327G  39/ 54U [GameAnalyzer] Income advantage is now SlightAdvantage
2022-10-25 22:51:14.135 | 04:15   15ms  330M  327G  39/ 54U [GameAnalyzer] Income advantage is now Even
2022-10-25 22:51:14.274 | 04:16   13ms  350M  327G  39/ 54U [GameAnalyzer] Income advantage is now SlightAdvantage
2022-10-25 22:51:14.307 | 04:16   17ms  305M  327G  39/ 54U [TerranUnit] MARINE from BARRACKS at (41.5, 113.5)
2022-10-25 22:51:14.346 | 04:16   16ms  305M  331G  40/ 54U [GameAnalyzer] Income advantage is now Even
2022-10-25 22:51:14.480 | 04:17   14ms  330M  331G  40/ 54U [GameAnalyzer] Income advantage is now SlightAdvantage
2022-10-25 22:51:14.647 | 04:18   14ms  340M  335G  40/ 54U [GameAnalyzer] Income advantage is now Even
2022-10-25 22:51:14.684 | 04:18   15ms  345M  335G  40/ 54U [GameAnalyzer] Income advantage is now SlightAdvantage
2022-10-25 22:51:14.717 | 04:18   17ms  345M  335G  40/ 54U [GameAnalyzer] Income advantage is now Even
2022-10-25 22:51:14.785 | 04:18   13ms  350M  335G  40/ 54U [GameAnalyzer] Predicted army advantage is now SmallAdvantage
2022-10-25 22:51:14.789 | 04:18   13ms  300M  335G  40/ 54U [TerranUnit] MARINE from BARRACKS at (39.5, 116.5)
2022-10-25 22:51:14.920 | 04:19   14ms  315M  339G  41/ 54U [GameAnalyzer] Income advantage is now SlightAdvantage
2022-10-25 22:51:14.957 | 04:19   15ms  345M  339G  41/ 54U [GameAnalyzer] Income advantage is now Even
2022-10-25 22:51:15.091 | 04:20   13ms  360M  339G  41/ 54U [GameAnalyzer] Income advantage is now SlightAdvantage
2022-10-25 22:51:15.125 | 04:20   16ms  360M  339G  41/ 54U [GameAnalyzer] Income advantage is now Even
2022-10-25 22:51:15.263 | 04:21   13ms  325M  343G  41/ 54U [TerranUnit] MARINE from BARRACKS at (40.5, 133.5)
2022-10-25 22:51:15.330 | 04:21   16ms  330M  343G  42/ 54U [GameAnalyzer] Income advantage is now SlightAdvantage
2022-10-25 22:51:15.367 | 04:21   15ms  330M  343G  42/ 54U [GameAnalyzer] Income advantage is now Even
2022-10-25 22:51:15.468 | 04:22   14ms  335M  347G  42/ 54U [GameAnalyzer] Income advantage is now SlightAdvantage
2022-10-25 22:51:15.573 | 04:22   13ms  340M  347G  42/ 54U [GameAnalyzer] Income advantage is now Even
2022-10-25 22:51:15.668 | 04:23   13ms  355M  347G  42/ 54U [GameAnalyzer] Income advantage is now SlightAdvantage
2022-10-25 22:51:15.773 | 04:23   14ms  385M  351G  42/ 54U [GameAnalyzer] Income advantage is now Even
2022-10-25 22:51:15.776 | 04:23   14ms  335M  351G  42/ 54U [TerranUnit] MARINE from BARRACKS at (48.5, 121.5)
2022-10-25 22:51:15.978 | 04:25   14ms  350M  351G  43/ 54U [GameAnalyzer] Income advantage is now SlightAdvantage
2022-10-25 22:51:16.050 | 04:25   16ms  360M  355G  43/ 54U [GameAnalyzer] Income advantage is now Even
2022-10-25 22:51:16.184 | 04:26   14ms  375M  355G  43/ 54U [GameAnalyzer] Income advantage is now SlightAdvantage
2022-10-25 22:51:16.255 | 04:26   15ms  375M  355G  43/ 54U [GameAnalyzer] Income advantage is now Even
2022-10-25 22:51:16.352 | 04:26   14ms  405M  359G  43/ 54U [GameAnalyzer] Income advantage is now SlightAdvantage
2022-10-25 22:51:16.423 | 04:27   14ms  410M  359G  43/ 54U [GameAnalyzer] Income advantage is now Even
2022-10-25 22:51:16.528 | 04:27   13ms  425M  359G  43/ 54U [GameAnalyzer] Income advantage is now SlightAdvantage
2022-10-25 22:51:16.631 | 04:28   16ms  430M  363G  43/ 54U [GameAnalyzer] Income advantage is now Even
2022-10-25 22:51:16.696 | 04:28   14ms  430M  363G  43/ 54U [GameAnalyzer] Income advantage is now SlightAdvantage
2022-10-25 22:51:16.734 | 04:28   15ms  430M  363G  43/ 54U [GameAnalyzer] Income advantage is now Even
2022-10-25 22:51:16.799 | 04:29   13ms  435M  363G  43/ 54U [GameAnalyzer] Income advantage is now SlightAdvantage
2022-10-25 22:51:16.899 | 04:29   15ms  450M  367G  43/ 54U [GameAnalyzer] Income advantage is now Even
2022-10-25 22:51:16.902 | 04:29   15ms  400M  367G  43/ 54U [TerranUnit] MARINE from BARRACKS at (46.5, 124.5)
2022-10-25 22:51:17.232 | 04:31   16ms  450M  371G  44/ 54U [GameAnalyzer] Income advantage is now SlightAdvantage
2022-10-25 22:51:17.264 | 04:31   15ms  455M  371G  44/ 54U [GameAnalyzer] Income advantage is now Even
2022-10-25 22:51:17.434 | 04:32   15ms  470M  371G  44/ 54U [GameAnalyzer] Income advantage is now SlightAdvantage
2022-10-25 22:51:17.533 | 04:32   15ms  475M  375G  44/ 54U [GameAnalyzer] Income advantage is now Even
2022-10-25 22:51:17.569 | 04:33   16ms  475M  375G  44/ 54U [GameAnalyzer] Income advantage is now SlightAdvantage
2022-10-25 22:51:17.605 | 04:33   15ms  475M  375G  44/ 54U [GameAnalyzer] Income advantage is now Even
2022-10-25 22:51:17.642 | 04:33   19ms  475M  375G  44/ 54U [GameAnalyzer] Income advantage is now SlightAdvantage
2022-10-25 22:51:17.780 | 04:34   14ms  510M  379G  44/ 62U [GameAnalyzer] Income advantage is now Even
2022-10-25 22:51:17.781 | 04:34   14ms  510M  379G  44/ 62U [GameAnalyzer] Predicted army advantage is now SlightAdvantage
2022-10-25 22:51:17.785 | 04:34   14ms  460M  379G  44/ 62U [TerranUnit] MARINE from BARRACKS at (41.5, 113.5)
2022-10-25 22:51:17.892 | 04:34   14ms  470M  379G  45/ 62U [GameAnalyzer] Income advantage is now SlightAdvantage
2022-10-25 22:51:17.999 | 04:35   13ms  475M  379G  45/ 62U [GameAnalyzer] Income advantage is now Even
2022-10-25 22:51:18.068 | 04:35   15ms  490M  383G  45/ 62U [GameAnalyzer] Income advantage is now SlightAdvantage
2022-10-25 22:51:18.170 | 04:36   17ms  500M  383G  45/ 62U [GameAnalyzer] Income advantage is now Even
2022-10-25 22:51:18.280 | 04:36   16ms  510M  383G  45/ 62U [GameAnalyzer] Predicted army advantage is now SmallAdvantage
2022-10-25 22:51:18.283 | 04:36   16ms  460M  383G  45/ 62U [TerranUnit] MARINE from BARRACKS at (39.5, 116.5)
2022-10-25 22:51:18.313 | 04:36   17ms  465M  383G  46/ 62U [GameAnalyzer] Income advantage is now SlightAdvantage
2022-10-25 22:51:18.384 | 04:37   15ms  370M  387G  46/ 62U [GameAnalyzer] Income advantage is now Even
2022-10-25 22:51:18.518 | 04:37   14ms  395M  387G  46/ 62U [GameAnalyzer] Income advantage is now SlightAdvantage
2022-10-25 22:51:18.686 | 04:38   15ms  405M  391G  46/ 62U [GameAnalyzer] Income advantage is now Even
2022-10-25 22:51:18.752 | 04:39   13ms  410M  391G  46/ 62U [GameAnalyzer] Income advantage is now SlightAdvantage
2022-10-25 22:51:18.753 | 04:39   13ms  410M  391G  46/ 62U [GameAnalyzer] Known army advantage is now OverwhelmingAdvantage
2022-10-25 22:51:18.756 | 04:39   13ms  360M  391G  46/ 62U [TerranUnit] MARINE from BARRACKS at (40.5, 133.5)
2022-10-25 22:51:18.857 | 04:39   14ms  370M  391G  47/ 62U [GameAnalyzer] Income advantage is now Even
2022-10-25 22:51:19.133 | 04:41   14ms  410M  395G  47/ 62U [GameAnalyzer] Income advantage is now SlightAdvantage
2022-10-25 22:51:19.175 | 04:41   15ms  435M  395G  47/ 62U [GameAnalyzer] Income advantage is now Even
2022-10-25 22:51:19.246 | 04:41   14ms  440M  399G  47/ 62U [Tech] Started SHIELDWALL
2022-10-25 22:51:19.284 | 04:41   18ms  290M  299G  47/ 62U [TerranUnit] MARINE from BARRACKS at (48.5, 121.5)
2022-10-25 22:51:19.397 | 04:42   14ms  290M  299G  48/ 62U [GameAnalyzer] Income advantage is now SlightAdvantage
2022-10-25 22:51:19.563 | 04:43   14ms  300M  303G  48/ 62U [GameAnalyzer] Income advantage is now Even
2022-10-25 22:51:19.602 | 04:43   16ms  305M  303G  48/ 62U [GameAnalyzer] Income advantage is now SlightAdvantage
2022-10-25 22:51:19.743 | 04:44   15ms  310M  303G  48/ 62U [GameAnalyzer] Income advantage is now Even
2022-10-25 22:51:20.101 | 04:45   14ms  385M  311G  48/ 62U [GameAnalyzer] Income advantage is now SlightAdvantage
2022-10-25 22:51:20.137 | 04:46   17ms  385M  311G  48/ 62U [GameAnalyzer] Income advantage is now Even
2022-10-25 22:51:20.315 | 04:46   14ms  390M  311G  48/ 62U [GameAnalyzer] Income advantage is now SlightAdvantage
2022-10-25 22:51:20.417 | 04:47   14ms  395M  315G  48/ 62U [GameAnalyzer] Income advantage is now Even
2022-10-25 22:51:20.464 | 04:47   16ms  400M  315G  48/ 62U [GameAnalyzer] Income advantage is now SlightAdvantage
2022-10-25 22:51:20.467 | 04:47   16ms  350M  315G  48/ 62U [TerranUnit] MARINE from BARRACKS at (46.5, 124.5)
2022-10-25 22:51:20.614 | 04:48   16ms  375M  315G  49/ 62U [GameAnalyzer] Income advantage is now Even
2022-10-25 22:51:20.720 | 04:48   18ms  380M  319G  49/ 62U [GameAnalyzer] Income advantage is now SlightAdvantage
2022-10-25 22:51:20.762 | 04:49   17ms  385M  319G  49/ 62U [GameAnalyzer] Income advantage is now Even
2022-10-25 22:51:21.083 | 04:50   14ms  430M  323G  49/ 62U [GameAnalyzer] Income advantage is now SlightAdvantage
2022-10-25 22:51:21.123 | 04:50   15ms  430M  323G  49/ 62U [GameAnalyzer] Income advantage is now Even
2022-10-25 22:51:21.232 | 04:51   14ms  435M  323G  49/ 62U [GameAnalyzer] Income advantage is now SlightAdvantage
2022-10-25 22:51:21.345 | 04:51   14ms  395M  327G  49/ 62U [TerranUnit] MARINE from BARRACKS at (41.5, 113.5)
2022-10-25 22:51:21.692 | 04:53   15ms  430M  331G  50/ 62U [GameAnalyzer] Income advantage is now Even
2022-10-25 22:51:21.847 | 04:54   14ms  400M  331G  50/ 62U [TerranUnit] MARINE from BARRACKS at (39.5, 116.5)
2022-10-25 22:51:22.001 | 04:55   14ms  425M  335G  51/ 62U [GameAnalyzer] Income advantage is now SlightAdvantage
2022-10-25 22:51:22.037 | 04:55   18ms  450M  335G  51/ 62U [GameAnalyzer] Income advantage is now Even
2022-10-25 22:51:22.218 | 04:56   14ms  465M  339G  51/ 62U [GameAnalyzer] Income advantage is now SlightAdvantage
2022-10-25 22:51:22.322 | 04:56   14ms  465M  339G  51/ 62U [GameAnalyzer] Income advantage is now Even
2022-10-25 22:51:22.361 | 04:56   18ms  465M  339G  51/ 62U [GameAnalyzer] Income advantage is now SlightAdvantage
2022-10-25 22:51:22.365 | 04:56   18ms  415M  339G  51/ 62U [TerranUnit] MARINE from BARRACKS at (40.5, 133.5)
2022-10-25 22:51:22.500 | 04:57   13ms  415M  343G  52/ 62U [GameAnalyzer] Income advantage is now Even
2022-10-25 22:51:22.574 | 04:58   15ms  425M  343G  52/ 62U [GameAnalyzer] Income advantage is now SlightAdvantage
2022-10-25 22:51:22.615 | 04:58   16ms  425M  343G  52/ 62U [GameAnalyzer] Income advantage is now Even
2022-10-25 22:51:22.656 | 04:58   18ms  435M  343G  52/ 62U [GameAnalyzer] Income advantage is now SlightAdvantage
2022-10-25 22:51:22.729 | 04:58   14ms  460M  343G  52/ 62U [GameAnalyzer] Income advantage is now Even
2022-10-25 22:51:22.847 | 04:59   16ms  475M  347G  52/ 62U [GameAnalyzer] Income advantage is now SlightAdvantage
2022-10-25 22:51:22.923 | 04:59   15ms  480M  347G  52/ 62U [GameAnalyzer] Income advantage is now Even
2022-10-25 22:51:22.925 | 04:59   15ms  480M  347G  52/ 62U [GameAnalyzer] Predicted army advantage is now ClearAdvantage
2022-10-25 22:51:22.928 | 04:59   15ms  430M  347G  52/ 62U [TerranUnit] MARINE from BARRACKS at (48.5, 121.5)
2022-10-25 22:51:23.108 | 05:00   14ms  455M  347G  53/ 62U [GameAnalyzer] Income advantage is now SlightAdvantage
2022-10-25 22:51:23.187 | 05:00   15ms  460M  351G  53/ 70U [GameAnalyzer] Income advantage is now Even
2022-10-25 22:51:23.259 | 05:01   16ms  460M  351G  53/ 70U [GameAnalyzer] Income advantage is now SlightAdvantage
2022-10-25 22:51:23.440 | 05:02   14ms  460M  355G  53/ 70U [GameAnalyzer] Income advantage is now Even
2022-10-25 22:51:23.477 | 05:02   19ms  465M  355G  53/ 70U [GameAnalyzer] Income advantage is now SlightAdvantage
2022-10-25 22:51:23.657 | 05:03   14ms  505M  355G  53/ 70U [GameAnalyzer] Income advantage is now Even
2022-10-25 22:51:23.696 | 05:03   17ms  505M  355G  53/ 70U [GameAnalyzer] Income advantage is now SlightAdvantage
2022-10-25 22:51:23.875 | 05:04   16ms  525M  359G  53/ 70U [GameAnalyzer] Income advantage is now Even
2022-10-25 22:51:23.984 | 05:04   15ms  540M  359G  53/ 70U [GameAnalyzer] Income advantage is now SlightAdvantage
2022-10-25 22:51:24.087 | 05:05   15ms  580M  363G  53/ 70U [GameAnalyzer] Income advantage is now Even
2022-10-25 22:51:24.126 | 05:05   17ms  580M  363G  53/ 70U [GameAnalyzer] Income advantage is now SlightAdvantage
2022-10-25 22:51:24.129 | 05:05   17ms  530M  363G  53/ 70U [TerranUnit] MARINE from BARRACKS at (46.5, 124.5)
2022-10-25 22:51:24.202 | 05:05   15ms  430M  363G  54/ 70U [GameAnalyzer] Income advantage is now Even
2022-10-25 22:51:24.235 | 05:06   18ms  430M  363G  54/ 70U [GameAnalyzer] Income advantage is now SlightAdvantage
2022-10-25 22:51:24.307 | 05:06   14ms  430M  363G  54/ 70U [GameAnalyzer] Income advantage is now Even
2022-10-25 22:51:24.376 | 05:06   15ms  440M  367G  54/ 70U [GameAnalyzer] Income advantage is now SlightAdvantage
2022-10-25 22:51:24.489 | 05:07   14ms  450M  367G  54/ 70U [GameAnalyzer] Income advantage is now Even
2022-10-25 22:51:25.042 | 05:09   18ms  475M  375G  54/ 70U [TerranUnit] MARINE from BARRACKS at (41.5, 113.5)
2022-10-25 22:51:25.160 | 05:10   19ms  475M  375G  55/ 70U [GameAnalyzer] Income advantage is now SlightAdvantage
2022-10-25 22:51:25.161 | 05:10   19ms  475M  375G  55/ 70U [GameAnalyzer] Known army advantage is now Even
2022-10-25 22:51:25.162 | 05:10   19ms  475M  375G  55/ 70U [GameAnalyzer] Predicted army advantage is now SlightDisadvantage
2022-10-25 22:51:25.211 | 05:10   21ms  475M  375G  55/ 70U [GameAnalyzer] Income advantage is now Even
2022-10-25 22:51:25.612 | 05:12   17ms  520M  379G  55/ 70U [GameAnalyzer] Known army advantage is now SlightAdvantage
2022-10-25 22:51:25.615 | 05:12   17ms  470M  379G  55/ 70U [TerranUnit] MARINE from BARRACKS at (39.5, 116.5)
2022-10-25 22:51:26.185 | 05:14   17ms  465M  387G  56/ 70U [TerranUnit] MARINE from BARRACKS at (40.5, 133.5)
2022-10-25 22:51:26.810 | 05:17   18ms  450M  395G  57/ 70U [TerranUnit] MARINE from BARRACKS at (48.5, 121.5)
2022-10-25 22:51:28.106 | 05:23   17ms  510M  411G  58/ 70U [TerranUnit] MARINE from BARRACKS at (46.5, 124.5)
2022-10-25 22:51:29.037 | 05:27   17ms  555M  423G  59/ 70U [TerranUnit] MARINE from BARRACKS at (41.5, 113.5)
2022-10-25 22:51:29.564 | 05:30   18ms  545M  431G  60/ 78U [TerranUnit] MARINE from BARRACKS at (39.5, 116.5)
2022-10-25 22:51:30.055 | 05:32   16ms  575M  435G  61/ 78U [GameAnalyzer] Income advantage is now SlightAdvantage
2022-10-25 22:51:30.094 | 05:32   19ms  600M  435G  61/ 78U [GameAnalyzer] Income advantage is now Even
2022-10-25 22:51:30.097 | 05:32   19ms  550M  435G  61/ 78U [TerranUnit] MARINE from BARRACKS at (40.5, 133.5)
2022-10-25 22:51:30.675 | 05:35   17ms  450M  443G  62/ 78U [TerranUnit] MARINE from BARRACKS at (48.5, 121.5)
2022-10-25 22:51:30.833 | 05:36   20ms  470M  447G  63/ 78U [GameAnalyzer] Predicted army advantage is now Even
2022-10-25 22:51:31.984 | 05:41   18ms  565M  459G  63/ 78U [GameAnalyzer] Known army advantage is now SmallAdvantage
2022-10-25 22:51:31.986 | 05:41   18ms  515M  459G  63/ 78U [TerranUnit] MARINE from BARRACKS at (46.5, 124.5)
2022-10-25 22:51:32.966 | 05:45   17ms  535M  471G  64/ 78U [TerranUnit] MARINE from BARRACKS at (41.5, 113.5)
2022-10-25 22:51:33.504 | 05:48   18ms  530M  479G  65/ 78U [TerranUnit] MARINE from BARRACKS at (39.5, 116.5)
2022-10-25 22:51:34.068 | 05:50   19ms  535M  483G  66/ 78U [TerranUnit] MARINE from BARRACKS at (40.5, 133.5)
2022-10-25 22:51:34.303 | 05:51   20ms  550M  487G  67/ 78U [GameAnalyzer] Predicted army advantage is now SlightDisadvantage
2022-10-25 22:51:34.549 | 05:52   21ms  555M  491G  67/ 78U [GameAnalyzer] Income advantage is now SlightAdvantage
2022-10-25 22:51:34.604 | 05:52   34ms  555M  491G  67/ 78U [GameAnalyzer] Income advantage is now Even
2022-10-25 22:51:34.688 | 05:53   20ms  560M  491G  67/ 78U [GameAnalyzer] Predicted army advantage is now Even
2022-10-25 22:51:34.691 | 05:53   20ms  510M  491G  67/ 78U [TerranUnit] MARINE from BARRACKS at (48.5, 121.5)
2022-10-25 22:51:35.533 | 05:56   22ms  575M  503G  68/ 78U [GameAnalyzer] Income advantage is now SlightAdvantage
2022-10-25 22:51:35.626 | 05:57   23ms  575M  503G  68/ 78U [GameAnalyzer] Income advantage is now Even
2022-10-25 22:51:36.046 | 05:59   20ms  570M  507G  68/ 86U [TerranUnit] MARINE from BARRACKS at (46.5, 124.5)
2022-10-25 22:51:36.329 | 06:00   19ms  590M  511G  69/ 86U [GameAnalyzer] Income advantage is now SlightAdvantage
2022-10-25 22:51:36.368 | 06:00   20ms  590M  511G  69/ 86U [GameAnalyzer] Income advantage is now Even
2022-10-25 22:51:36.527 | 06:01   20ms  595M  515G  69/ 86U [GameAnalyzer] Income advantage is now SlightAdvantage
2022-10-25 22:51:36.654 | 06:01   22ms  595M  515G  69/ 86U [GameAnalyzer] Income advantage is now Even
2022-10-25 22:51:37.060 | 06:03   19ms  580M  519G  69/ 86U [TerranUnit] MARINE from BARRACKS at (41.5, 113.5)
2022-10-25 22:51:37.579 | 06:05   18ms  515M  527G  70/ 86U [GameAnalyzer] Income advantage is now SlightAdvantage
2022-10-25 22:51:37.621 | 06:05   19ms  515M  527G  70/ 86U [GameAnalyzer] Income advantage is now Even
2022-10-25 22:51:37.623 | 06:05   19ms  465M  527G  70/ 86U [TerranUnit] MARINE from BARRACKS at (39.5, 116.5)
2022-10-25 22:51:37.940 | 06:07   19ms  480M  531G  71/ 86U [GameAnalyzer] Income advantage is now SmallDisadvantage
2022-10-25 22:51:38.152 | 06:08   20ms  490M  531G  71/ 86U [GameAnalyzer] Income advantage is now ClearDisadvantage
2022-10-25 22:51:38.192 | 06:08   19ms  500M  535G  71/ 86U [GameAnalyzer] Income advantage is now SmallDisadvantage
2022-10-25 22:51:38.195 | 06:08   19ms  450M  535G  71/ 86U [TerranUnit] MARINE from BARRACKS at (40.5, 133.5)
2022-10-25 22:51:38.241 | 06:08   21ms  450M  535G  72/ 86U [GameAnalyzer] Income advantage is now ClearDisadvantage
2022-10-25 22:51:38.279 | 06:08   22ms  455M  535G  72/ 86U [GameAnalyzer] Income advantage is now SmallDisadvantage
2022-10-25 22:51:38.532 | 06:09   21ms  475M  535G  72/ 86U [GameAnalyzer] Income advantage is now ClearDisadvantage
2022-10-25 22:51:38.577 | 06:10   19ms  485M  539G  72/ 86U [GameAnalyzer] Income advantage is now SmallDisadvantage
2022-10-25 22:51:38.870 | 06:11   18ms  435M  539G  72/ 86U [TerranUnit] MARINE from BARRACKS at (48.5, 121.5)
2022-10-25 22:51:39.294 | 06:12   18ms  455M  543G  73/ 86U [GameAnalyzer] Income advantage is now ClearDisadvantage
2022-10-25 22:51:39.437 | 06:13   19ms  475M  547G  73/ 86U [GameAnalyzer] Income advantage is now SmallDisadvantage
2022-10-25 22:51:39.578 | 06:13   18ms  485M  547G  73/ 86U [GameAnalyzer] Income advantage is now ClearDisadvantage
2022-10-25 22:51:39.626 | 06:13   20ms  495M  547G  73/ 86U [GameAnalyzer] Income advantage is now SmallDisadvantage
2022-10-25 22:51:39.675 | 06:14   23ms  495M  547G  73/ 86U [GameAnalyzer] Income advantage is now ClearDisadvantage
2022-10-25 22:51:39.722 | 06:14   19ms  500M  551G  73/ 86U [GameAnalyzer] Income advantage is now SmallDisadvantage
2022-10-25 22:51:40.081 | 06:15   21ms  505M  555G  73/ 86U [GameAnalyzer] Income advantage is now ClearDisadvantage
2022-10-25 22:51:40.128 | 06:15   20ms  515M  555G  73/ 86U [GameAnalyzer] Income advantage is now SmallDisadvantage
2022-10-25 22:51:40.400 | 06:16   17ms  475M  555G  73/ 86U [TerranUnit] MARINE from BARRACKS at (46.5, 124.5)
2022-10-25 22:51:40.576 | 06:17   19ms  485M  559G  74/ 86U [GameAnalyzer] Income advantage is now ClearDisadvantage
2022-10-25 22:51:40.795 | 06:18   21ms  510M  559G  74/ 86U [GameAnalyzer] Income advantage is now SmallDisadvantage
2022-10-25 22:51:40.915 | 06:18   23ms  520M  563G  74/ 86U [GameAnalyzer] Income advantage is now ClearDisadvantage
2022-10-25 22:51:40.959 | 06:19   21ms  520M  563G  74/ 86U [GameAnalyzer] Income advantage is now SmallDisadvantage
2022-10-25 22:51:41.161 | 06:19   20ms  525M  563G  74/ 86U [GameAnalyzer] Income advantage is now ClearDisadvantage
2022-10-25 22:51:41.217 | 06:20   22ms  525M  563G  74/ 86U [GameAnalyzer] Income advantage is now SmallDisadvantage
2022-10-25 22:51:41.265 | 06:20   21ms  525M  567G  74/ 86U [GameAnalyzer] Income advantage is now ClearDisadvantage
2022-10-25 22:51:41.321 | 06:20   21ms  535M  567G  74/ 86U [GameAnalyzer] Income advantage is now SmallDisadvantage
2022-10-25 22:51:41.534 | 06:21   23ms  545M  567G  74/ 86U [GameAnalyzer] Income advantage is now ClearDisadvantage
2022-10-25 22:51:41.582 | 06:21   20ms  495M  567G  74/ 86U [TerranUnit] MARINE from BARRACKS at (41.5, 113.5)
2022-10-25 22:51:41.672 | 06:21   20ms  495M  571G  75/ 86U [GameAnalyzer] Income advantage is now SmallDisadvantage
2022-10-25 22:51:41.844 | 06:22   18ms  505M  571G  75/ 86U [GameAnalyzer] Income advantage is now ClearDisadvantage
2022-10-25 22:51:41.989 | 06:22   20ms  520M  571G  75/ 86U [GameAnalyzer] Income advantage is now SmallDisadvantage
2022-10-25 22:51:42.214 | 06:23   20ms  490M  575G  75/ 86U [TerranUnit] MARINE from BARRACKS at (39.5, 116.5)
2022-10-25 22:51:42.384 | 06:24   17ms  490M  575G  76/ 86U [GameAnalyzer] Income advantage is now ClearDisadvantage
2022-10-25 22:51:42.474 | 06:24   20ms  505M  579G  76/ 86U [GameAnalyzer] Income advantage is now SmallDisadvantage
2022-10-25 22:51:42.649 | 06:25   19ms  515M  579G  76/ 86U [GameAnalyzer] Income advantage is now ClearDisadvantage
2022-10-25 22:51:42.740 | 06:25   20ms  515M  579G  76/ 86U [GameAnalyzer] Income advantage is now SmallDisadvantage
2022-10-25 22:51:42.833 | 06:26   20ms  470M  583G  76/ 86U [TerranUnit] MARINE from BARRACKS at (40.5, 133.5)
2022-10-25 22:51:43.458 | 06:28   17ms  510M  587G  77/ 86U [GameAnalyzer] Income advantage is now ClearDisadvantage
2022-10-25 22:51:43.510 | 06:28   21ms  460M  587G  77/ 86U [TerranUnit] MARINE from BARRACKS at (48.5, 121.5)
2022-10-25 22:51:43.551 | 06:29   22ms  465M  591G  78/ 86U [GameAnalyzer] Income advantage is now SmallDisadvantage
2022-10-25 22:51:43.645 | 06:29   21ms  275M  591G  78/ 86U [GameAnalyzer] Income advantage is now ClearDisadvantage
2022-10-25 22:51:43.691 | 06:29   21ms  285M  591G  78/ 86U [GameAnalyzer] Income advantage is now SmallDisadvantage
2022-10-25 22:51:43.782 | 06:30   17ms  285M  591G  78/ 94U [GameAnalyzer] Income advantage is now ClearDisadvantage
2022-10-25 22:51:43.902 | 06:30   18ms  290M  595G  78/ 94U [GameAnalyzer] Income advantage is now SmallDisadvantage
2022-10-25 22:51:44.042 | 06:31   18ms  295M  595G  78/ 94U [GameAnalyzer] Income advantage is now ClearDisadvantage
2022-10-25 22:51:44.123 | 06:31   19ms  300M  595G  78/ 94U [GameAnalyzer] Income advantage is now SmallDisadvantage
2022-10-25 22:51:44.336 | 06:32   21ms  305M  599G  78/ 94U [GameAnalyzer] Income advantage is now ClearDisadvantage
2022-10-25 22:51:44.385 | 06:32   19ms  305M  599G  78/ 94U [GameAnalyzer] Income advantage is now SmallDisadvantage
2022-10-25 22:51:44.654 | 06:33   18ms  330M  603G  78/ 94U [GameAnalyzer] Income advantage is now ClearDisadvantage
2022-10-25 22:51:44.747 | 06:33   21ms  435M  603G  78/ 94U [GameAnalyzer] Income advantage is now SmallDisadvantage
2022-10-25 22:51:44.881 | 06:34   20ms  445M  603G  78/ 94U [GameAnalyzer] Income advantage is now ClearDisadvantage
2022-10-25 22:51:44.969 | 06:34   18ms  445M  603G  78/ 94U [GameAnalyzer] Income advantage is now SmallDisadvantage
2022-10-25 22:51:44.972 | 06:34   18ms  395M  603G  78/ 94U [TerranUnit] MARINE from BARRACKS at (46.5, 124.5)
2022-10-25 22:51:45.101 | 06:35   18ms  405M  607G  79/ 94U [GameAnalyzer] Income advantage is now ClearDisadvantage
2022-10-25 22:51:45.230 | 06:35   19ms  415M  607G  79/ 94U [GameAnalyzer] Income advantage is now SmallDisadvantage
2022-10-25 22:51:45.894 | 06:38   18ms  445M  615G  79/ 94U [GameAnalyzer] Income advantage is now ClearDisadvantage
2022-10-25 22:51:45.937 | 06:38   21ms  450M  615G  79/ 94U [GameAnalyzer] Income advantage is now SmallDisadvantage
2022-10-25 22:51:46.028 | 06:39   18ms  450M  615G  79/ 94U [GameAnalyzer] Income advantage is now ClearDisadvantage
2022-10-25 22:51:46.031 | 06:39   18ms  400M  615G  79/ 94U [TerranUnit] MARINE from BARRACKS at (41.5, 113.5)
2022-10-25 22:51:46.117 | 06:39   18ms  410M  619G  80/ 94U [GameAnalyzer] Income advantage is now SmallDisadvantage
2022-10-25 22:51:46.214 | 06:39   20ms  415M  619G  80/ 94U [GameAnalyzer] Income advantage is now ClearDisadvantage
2022-10-25 22:51:46.304 | 06:40   19ms  425M  619G  80/ 94U [GameAnalyzer] Income advantage is now SmallDisadvantage
2022-10-25 22:51:46.650 | 06:41   21ms  380M  623G  80/ 94U [TerranUnit] MARINE from BARRACKS at (39.5, 116.5)
2022-10-25 22:51:46.957 | 06:42   18ms  400M  627G  81/ 94U [GameAnalyzer] Income advantage is now ClearDisadvantage
2022-10-25 22:51:46.997 | 06:43   21ms  400M  627G  81/ 94U [GameAnalyzer] Income advantage is now SmallDisadvantage
2022-10-25 22:51:47.086 | 06:43   18ms  415M  627G  81/ 94U [GameAnalyzer] Income advantage is now ClearDisadvantage
2022-10-25 22:51:47.175 | 06:43   18ms  420M  631G  81/ 94U [GameAnalyzer] Income advantage is now SmallDisadvantage
2022-10-25 22:51:47.232 | 06:43   19ms  425M  631G  81/ 94U [GameAnalyzer] Income advantage is now ClearDisadvantage
2022-10-25 22:51:47.278 | 06:44   21ms  380M  631G  81/ 94U [TerranUnit] MARINE from BARRACKS at (40.5, 133.5)
2022-10-25 22:51:47.415 | 06:44   20ms  395M  631G  82/ 94U [GameAnalyzer] Income advantage is now SmallDisadvantage
2022-10-25 22:51:47.932 | 06:46   19ms  355M  639G  82/ 94U [TerranUnit] MARINE from BARRACKS at (48.5, 121.5)
2022-10-25 22:51:48.022 | 06:47   19ms  355M  639G  83/ 94U [GameAnalyzer] Income advantage is now ClearDisadvantage
2022-10-25 22:51:48.066 | 06:47   24ms  365M  639G  83/ 94U [GameAnalyzer] Income advantage is now SmallDisadvantage
2022-10-25 22:51:48.341 | 06:48   18ms  390M  643G  83/ 94U [GameAnalyzer] Income advantage is now ClearDisadvantage
2022-10-25 22:51:48.433 | 06:48   18ms  395M  643G  83/ 94U [GameAnalyzer] Income advantage is now SmallDisadvantage
2022-10-25 22:51:48.488 | 06:48   20ms  400M  643G  83/ 94U [GameAnalyzer] Income advantage is now ClearDisadvantage
2022-10-25 22:51:48.621 | 06:49   19ms  420M  643G  83/ 94U [GameAnalyzer] Income advantage is now SmallDisadvantage
2022-10-25 22:51:49.236 | 06:51   18ms  425M  651G  83/ 94U [GameAnalyzer] Income advantage is now ClearDisadvantage
2022-10-25 22:51:49.375 | 06:52   17ms  445M  651G  83/ 94U [GameAnalyzer] Income advantage is now SmallDisadvantage
2022-10-25 22:51:49.472 | 06:52   20ms  450M  655G  83/ 94U [GameAnalyzer] Income advantage is now ClearDisadvantage
2022-10-25 22:51:49.473 | 06:52   20ms  450M  655G  83/ 94U [GameAnalyzer] Known army advantage is now ClearAdvantage
2022-10-25 22:51:49.477 | 06:52   20ms  400M  655G  83/ 94U [TerranUnit] MARINE from BARRACKS at (46.5, 124.5)
2022-10-25 22:51:49.689 | 06:53   18ms  425M  655G  84/ 94U [GameAnalyzer] Income advantage is now SmallDisadvantage
2022-10-25 22:51:50.538 | 06:56   21ms  455M  667G  84/102U [GameAnalyzer] Income advantage is now ClearDisadvantage
2022-10-25 22:51:50.539 | 06:56   21ms  455M  667G  84/102U [GameAnalyzer] Predicted army advantage is now SlightAdvantage
2022-10-25 22:51:50.542 | 06:56   21ms  405M  667G  84/102U [TerranUnit] MARINE from BARRACKS at (41.5, 113.5)
2022-10-25 22:51:50.627 | 06:57   18ms  425M  667G  85/102U [GameAnalyzer] Income advantage is now SmallDisadvantage
2022-10-25 22:51:50.811 | 06:58   20ms  445M  667G  85/102U [GameAnalyzer] Income advantage is now ClearDisadvantage
2022-10-25 22:51:50.904 | 06:58   20ms  450M  667G  85/102U [GameAnalyzer] Income advantage is now SmallDisadvantage
2022-10-25 22:51:51.183 | 06:59   18ms  410M  671G  85/102U [TerranUnit] MARINE from BARRACKS at (39.5, 116.5)
2022-10-25 22:51:51.745 | 07:01   18ms  325M  679G  86/102U [GameAnalyzer] Income advantage is now ClearDisadvantage
2022-10-25 22:51:51.837 | 07:01   18ms  345M  679G  86/102U [GameAnalyzer] Income advantage is now SmallDisadvantage
2022-10-25 22:51:51.840 | 07:01   18ms  295M  679G  86/102U [TerranUnit] MARINE from BARRACKS at (40.5, 133.5)
2022-10-25 22:51:51.929 | 07:02   22ms  305M  679G  87/102U [GameAnalyzer] Income advantage is now ClearDisadvantage
2022-10-25 22:51:52.011 | 07:02   19ms  315M  679G  87/102U [GameAnalyzer] Income advantage is now SmallDisadvantage
2022-10-25 22:51:52.525 | 07:04   19ms  285M  687G  87/102U [TerranUnit] MARINE from BARRACKS at (48.5, 121.5)
2022-10-25 22:51:52.885 | 07:06   21ms  295M  691G  88/102U [GameAnalyzer] Income advantage is now ClearDisadvantage
2022-10-25 22:51:52.925 | 07:06   21ms  305M  691G  88/102U [GameAnalyzer] Income advantage is now SmallDisadvantage
2022-10-25 22:51:53.046 | 07:06   23ms  310M  691G  88/102U [GameAnalyzer] Income advantage is now ClearDisadvantage
2022-10-25 22:51:53.137 | 07:06   18ms  320M  691G  88/102U [GameAnalyzer] Income advantage is now SmallDisadvantage
2022-10-25 22:51:53.869 | 07:09   19ms  360M  699G  88/102U [GameAnalyzer] Income advantage is now ClearDisadvantage
2022-10-25 22:51:53.965 | 07:10   19ms  365M  699G  88/102U [GameAnalyzer] Income advantage is now SmallDisadvantage
2022-10-25 22:51:54.051 | 07:10   18ms  325M  703G  88/102U [TerranUnit] MARINE from BARRACKS at (46.5, 124.5)
2022-10-25 22:51:54.185 | 07:11   20ms  330M  703G  89/102U [GameAnalyzer] Income advantage is now ClearDisadvantage
2022-10-25 22:51:54.281 | 07:11   21ms  330M  703G  89/102U [GameAnalyzer] Income advantage is now SmallDisadvantage
2022-10-25 22:51:55.021 | 07:14   18ms  380M  711G  89/102U [GameAnalyzer] Income advantage is now ClearDisadvantage
2022-10-25 22:51:55.070 | 07:14   20ms  380M  711G  89/102U [GameAnalyzer] Income advantage is now SmallDisadvantage
2022-10-25 22:51:55.166 | 07:14   18ms  340M  715G  89/102U [TerranUnit] MARINE from BARRACKS at (41.5, 113.5)
2022-10-25 22:51:55.346 | 07:15   18ms  350M  715G  90/102U [GameAnalyzer] Income advantage is now ClearDisadvantage
2022-10-25 22:51:55.387 | 07:15   21ms  350M  715G  90/102U [GameAnalyzer] Income advantage is now SmallDisadvantage
2022-10-25 22:51:55.817 | 07:17   22ms  325M  719G  90/102U [TerranUnit] MARINE from BARRACKS at (39.5, 116.5)
2022-10-25 22:51:55.907 | 07:17   19ms  330M  723G  91/102U [GameAnalyzer] Income advantage is now ClearDisadvantage
2022-10-25 22:51:55.948 | 07:17   22ms  330M  723G  91/102U [GameAnalyzer] Income advantage is now SmallDisadvantage
2022-10-25 22:51:56.188 | 07:18   19ms  350M  723G  91/102U [GameAnalyzer] Income advantage is now ClearDisadvantage
2022-10-25 22:51:56.322 | 07:19   19ms  360M  727G  91/102U [GameAnalyzer] Income advantage is now SmallDisadvantage
2022-10-25 22:51:56.468 | 07:19   19ms  370M  727G  91/102U [GameAnalyzer] Income advantage is now ClearDisadvantage
2022-10-25 22:51:56.472 | 07:19   19ms  320M  727G  91/102U [TerranUnit] MARINE from BARRACKS at (40.5, 133.5)
2022-10-25 22:51:56.509 | 07:20   23ms  320M  727G  92/102U [GameAnalyzer] Income advantage is now SmallDisadvantage
2022-10-25 22:51:57.181 | 07:22   19ms  345M  735G  92/102U [GameAnalyzer] Income advantage is now ClearDisadvantage
2022-10-25 22:51:57.184 | 07:22   19ms  295M  735G  92/102U [TerranUnit] MARINE from BARRACKS at (48.5, 121.5)
2022-10-25 22:51:57.224 | 07:22   24ms  330M  735G  93/102U [GameAnalyzer] Income advantage is now SmallDisadvantage
2022-10-25 22:51:57.379 | 07:23   21ms  340M  735G  93/102U [GameAnalyzer] Income advantage is now ClearDisadvantage
2022-10-25 22:51:57.513 | 07:23   21ms  355M  739G  93/102U [GameAnalyzer] Income advantage is now SmallDisadvantage
2022-10-25 22:51:58.508 | 07:27   20ms  405M  747G  93/110U [GameAnalyzer] Income advantage is now ClearDisadvantage
2022-10-25 22:51:58.559 | 07:27   19ms  405M  747G  93/110U [GameAnalyzer] Income advantage is now SmallDisadvantage
2022-10-25 22:51:58.630 | 07:27   20ms  410M  747G  93/110U [GameAnalyzer] Income advantage is now ClearDisadvantage
2022-10-25 22:51:58.731 | 07:28   19ms  425M  751G  93/110U [GameAnalyzer] Income advantage is now SmallDisadvantage
2022-10-25 22:51:58.792 | 07:28   20ms  375M  751G  93/110U [TerranUnit] MARINE from BARRACKS at (46.5, 124.5)
2022-10-25 22:51:59.603 | 07:31   19ms  320M  759G  94/110U [GameAnalyzer] Income advantage is now ClearDisadvantage
2022-10-25 22:51:59.658 | 07:31   22ms  335M  759G  94/110U [GameAnalyzer] Income advantage is now SmallDisadvantage
2022-10-25 22:51:59.804 | 07:32   19ms  350M  759G  94/110U [GameAnalyzer] Income advantage is now ClearDisadvantage
2022-10-25 22:51:59.956 | 07:32   20ms  310M  763G  94/110U [TerranUnit] MARINE from BARRACKS at (41.5, 113.5)
2022-10-25 22:52:00.032 | 07:32   22ms  320M  763G  95/110U [GameAnalyzer] Income advantage is now SmallDisadvantage
2022-10-25 22:52:00.178 | 07:33   21ms  325M  763G  95/110U [GameAnalyzer] Income advantage is now ClearDisadvantage
2022-10-25 22:52:00.229 | 07:33   20ms  330M  763G  95/110U [GameAnalyzer] Income advantage is now SmallDisadvantage
2022-10-25 22:52:00.656 | 07:35   21ms  285M  767G  95/110U [TerranUnit] MARINE from BARRACKS at (39.5, 116.5)
2022-10-25 22:52:00.890 | 07:36   20ms  315M  771G  96/110U [GameAnalyzer] Income advantage is now ClearDisadvantage
2022-10-25 22:52:00.935 | 07:36   20ms  325M  771G  96/110U [GameAnalyzer] Income advantage is now SmallDisadvantage
2022-10-25 22:52:01.056 | 07:36   21ms  340M  771G  96/110U [GameAnalyzer] Income advantage is now ClearDisadvantage
2022-10-25 22:52:01.342 | 07:37   18ms  365M  775G  96/110U [GameAnalyzer] Income advantage is now SmallDisadvantage
2022-10-25 22:52:01.430 | 07:37   23ms  320M  775G  96/110U [TerranUnit] MARINE from BARRACKS at (40.5, 133.5)
2022-10-25 22:52:02.147 | 07:40   20ms  285M  783G  97/110U [TerranUnit] MARINE from BARRACKS at (48.5, 121.5)
2022-10-25 22:52:02.296 | 07:40   20ms  295M  783G  98/110U [GameAnalyzer] Income advantage is now ClearDisadvantage
2022-10-25 22:52:02.496 | 07:41   20ms  315M  787G  98/110U [GameAnalyzer] Income advantage is now SmallDisadvantage
2022-10-25 22:52:02.663 | 07:42   21ms  330M  787G  98/110U [GameAnalyzer] Income advantage is now ClearDisadvantage
2022-10-25 22:52:02.817 | 07:42   21ms  365M  791G  98/110U [GameAnalyzer] Income advantage is now SmallDisadvantage
2022-10-25 22:52:03.637 | 07:45   21ms  390M  799G  98/110U [GameAnalyzer] Income advantage is now ClearDisadvantage
2022-10-25 22:52:03.785 | 07:46   22ms  420M  799G  98/110U [GameAnalyzer] Income advantage is now SmallDisadvantage
2022-10-25 22:52:03.788 | 07:46   22ms  370M  799G  98/110U [TerranUnit] MARINE from BARRACKS at (46.5, 124.5)
2022-10-25 22:52:03.970 | 07:46   18ms  375M  799G  99/110U [GameAnalyzer] Income advantage is now ClearDisadvantage
2022-10-25 22:52:04.018 | 07:47   21ms  380M  803G  99/110U [GameAnalyzer] Income advantage is now SmallDisadvantage
2022-10-25 22:52:04.307 | 07:48   19ms  385M  803G  99/110U [GameAnalyzer] Income advantage is now ClearDisadvantage
2022-10-25 22:52:04.360 | 07:48   23ms  390M  803G  99/110U [GameAnalyzer] Income advantage is now SmallDisadvantage
2022-10-25 22:52:04.903 | 07:50   19ms  440M  811G  99/110U [GameAnalyzer] Income advantage is now ClearDisadvantage
2022-10-25 22:52:04.962 | 07:50   22ms  440M  811G  99/110U [GameAnalyzer] Predicted army advantage is now SmallAdvantage
2022-10-25 22:52:04.965 | 07:50   22ms  390M  811G  99/110U [TerranUnit] MARINE from BARRACKS at (41.5, 113.5)
2022-10-25 22:52:05.058 | 07:50   19ms  405M  811G 100/110U [GameAnalyzer] Income advantage is now SmallDisadvantage
2022-10-25 22:52:05.674 | 07:53   20ms  380M  819G 100/118U [TerranUnit] MARINE from BARRACKS at (39.5, 116.5)
2022-10-25 22:52:06.005 | 07:54   22ms  405M  819G 101/118U [GameAnalyzer] Income advantage is now ClearDisadvantage
2022-10-25 22:52:06.047 | 07:54   21ms  405M  823G 101/118U [GameAnalyzer] Income advantage is now SmallDisadvantage
2022-10-25 22:52:06.344 | 07:55   19ms  370M  823G 101/118U [TerranUnit] MARINE from BARRACKS at (40.5, 133.5)
2022-10-25 22:52:07.002 | 07:57   20ms  325M  831G 102/118U [GameAnalyzer] Income advantage is now ClearDisadvantage
2022-10-25 22:52:07.056 | 07:58   23ms  335M  831G 102/118U [GameAnalyzer] Income advantage is now SmallDisadvantage
2022-10-25 22:52:07.121 | 07:58   21ms  295M  831G 102/118U [TerranUnit] MARINE from BARRACKS at (48.5, 121.5)
2022-10-25 22:52:07.262 | 07:58   20ms  300M  831G 103/118U [GameAnalyzer] Income advantage is now ClearDisadvantage
2022-10-25 22:52:07.316 | 07:58   23ms  300M  835G 103/118U [GameAnalyzer] Income advantage is now SmallDisadvantage
2022-10-25 22:52:08.141 | 08:01   23ms  335M  843G 103/118U [GameAnalyzer] Income advantage is now ClearDisadvantage
2022-10-25 22:52:08.283 | 08:02   21ms  350M  843G 103/118U [GameAnalyzer] Income advantage is now SmallDisadvantage
2022-10-25 22:52:08.440 | 08:02   21ms  360M  843G 103/118U [GameAnalyzer] Income advantage is now ClearDisadvantage
2022-10-25 22:52:08.602 | 08:03   24ms  370M  847G 103/118U [GameAnalyzer] Income advantage is now SmallDisadvantage
2022-10-25 22:52:08.805 | 08:04   20ms  405M  847G 103/118U [GameAnalyzer] Income advantage is now ClearDisadvantage
2022-10-25 22:52:08.809 | 08:04   20ms  355M  847G 103/118U [TerranUnit] MARINE from BARRACKS at (46.5, 124.5)
2022-10-25 22:52:08.853 | 08:04   24ms  360M  847G 104/118U [GameAnalyzer] Income advantage is now SmallDisadvantage
2022-10-25 22:52:09.452 | 08:06   23ms  380M  855G 104/118U [GameAnalyzer] Income advantage is now ClearDisadvantage
2022-10-25 22:52:09.516 | 08:06   28ms  385M  855G 104/118U [GameAnalyzer] Income advantage is now SmallDisadvantage
2022-10-25 22:52:09.779 | 08:07   20ms  400M  855G 104/118U [GameAnalyzer] Income advantage is now ClearDisadvantage
2022-10-25 22:52:10.023 | 08:08   23ms  420M  859G 104/118U [GameAnalyzer] Income advantage is now SmallDisadvantage
2022-10-25 22:52:10.090 | 08:08   27ms  420M  859G 104/118U [GameAnalyzer] Income advantage is now ClearDisadvantage
2022-10-25 22:52:10.166 | 08:08   26ms  375M  859G 104/118U [TerranUnit] MARINE from BARRACKS at (41.5, 113.5)
2022-10-25 22:52:10.280 | 08:08   25ms  375M  859G 105/118U [GameAnalyzer] Income advantage is now SmallDisadvantage
2022-10-25 22:52:10.948 | 08:10   26ms  410M  863G 105/118U [GameAnalyzer] Income advantage is now ClearDisadvantage
2022-10-25 22:52:11.087 | 08:10   29ms  420M  867G 105/118U [GameAnalyzer] Income advantage is now SmallDisadvantage
2022-10-25 22:52:11.091 | 08:10   29ms  370M  867G 105/118U [TerranUnit] MARINE from BARRACKS at (39.5, 116.5)
2022-10-25 22:52:11.287 | 08:11   25ms  385M  867G 106/118U [GameAnalyzer] Income advantage is now ClearDisadvantage
2022-10-25 22:52:11.288 | 08:11   25ms  385M  867G 106/118U [GameAnalyzer] Predicted army advantage is now Even
2022-10-25 22:52:11.623 | 08:12   29ms  405M  871G 106/118U [GameAnalyzer] Income advantage is now SmallDisadvantage
2022-10-25 22:52:11.754 | 08:12   23ms  415M  871G 106/118U [GameAnalyzer] Income advantage is now ClearDisadvantage
2022-10-25 22:52:11.980 | 08:13   32ms  420M  871G 106/118U [GameAnalyzer] Income advantage is now SmallDisadvantage
2022-10-25 22:52:12.041 | 08:13   26ms  375M  871G 106/118U [TerranUnit] MARINE from BARRACKS at (40.5, 133.5)
2022-10-25 22:52:12.541 | 08:15   24ms  375M  875G 107/118U [GameAnalyzer] Income advantage is now ClearDisadvantage
2022-10-25 22:52:12.586 | 08:15   25ms  380M  879G 107/118U [GameAnalyzer] Income advantage is now SmallDisadvantage
2022-10-25 22:52:12.647 | 08:15   23ms  380M  879G 107/118U [GameAnalyzer] Income advantage is now ClearDisadvantage
2022-10-25 22:52:12.694 | 08:15   23ms  395M  879G 107/118U [GameAnalyzer] Income advantage is now SmallDisadvantage
2022-10-25 22:52:12.861 | 08:16   22ms  405M  879G 107/118U [GameAnalyzer] Income advantage is now ClearDisadvantage
2022-10-25 22:52:12.864 | 08:16   22ms  355M  879G 107/118U [TerranUnit] MARINE from BARRACKS at (48.5, 121.5)
2022-10-25 22:52:13.135 | 08:16   21ms  380M  883G 108/118U [GameAnalyzer] Income advantage is now SmallDisadvantage
2022-10-25 22:52:13.270 | 08:17   23ms  385M  883G 108/118U [GameAnalyzer] Income advantage is now ClearDisadvantage
2022-10-25 22:52:13.443 | 08:17   23ms  420M  883G 108/118U [GameAnalyzer] Income advantage is now SmallDisadvantage
2022-10-25 22:52:14.271 | 08:20   22ms  440M  891G 108/126U [GameAnalyzer] Income advantage is now ClearDisadvantage
2022-10-25 22:52:14.331 | 08:20   23ms  450M  891G 108/126U [GameAnalyzer] Income advantage is now SmallDisadvantage
2022-10-25 22:52:14.394 | 08:20   23ms  450M  891G 108/126U [GameAnalyzer] Income advantage is now ClearDisadvantage
2022-10-25 22:52:14.511 | 08:21   21ms  465M  895G 108/126U [GameAnalyzer] Income advantage is now SmallDisadvantage
2022-10-25 22:52:14.572 | 08:21   22ms  465M  895G 108/126U [GameAnalyzer] Income advantage is now ClearDisadvantage
2022-10-25 22:52:14.633 | 08:21   24ms  475M  895G 108/126U [GameAnalyzer] Income advantage is now SmallDisadvantage
2022-10-25 22:52:14.696 | 08:21   25ms  480M  895G 108/126U [GameAnalyzer] Income advantage is now ClearDisadvantage
2022-10-25 22:52:14.761 | 08:21   24ms  430M  895G 108/126U [TerranUnit] MARINE from BARRACKS at (46.5, 124.5)
2022-10-25 22:52:14.806 | 08:22   24ms  430M  895G 109/126U [GameAnalyzer] Income advantage is now SmallDisadvantage
2022-10-25 22:52:15.645 | 08:25   22ms  455M  903G 109/126U [GameAnalyzer] Income advantage is now ClearDisadvantage
2022-10-25 22:52:15.811 | 08:25   22ms  470M  907G 109/126U [GameAnalyzer] Income advantage is now SmallDisadvantage
2022-10-25 22:52:16.059 | 08:26   21ms  520M  907G 109/126U [GameAnalyzer] Income advantage is now ClearDisadvantage
2022-10-25 22:52:16.062 | 08:26   21ms  470M  907G 109/126U [TerranUnit] MARINE from BARRACKS at (41.5, 113.5)
2022-10-25 22:52:16.234 | 08:26   21ms  380M  907G 110/126U [GameAnalyzer] Income advantage is now SmallDisadvantage
2022-10-25 22:52:16.400 | 08:27   21ms  385M  911G 110/126U [GameAnalyzer] Income advantage is now ClearDisadvantage
2022-10-25 22:52:16.498 | 08:27   22ms  390M  911G 110/126U [GameAnalyzer] Income advantage is now SmallDisadvantage
2022-10-25 22:52:16.817 | 08:28   23ms  400M  915G 110/126U [GameAnalyzer] Predicted army advantage is now SlightAdvantage
2022-10-25 22:52:16.821 | 08:28   23ms  350M  915G 110/126U [TerranUnit] MARINE from BARRACKS at (39.5, 116.5)
2022-10-25 22:52:17.103 | 08:29   23ms  350M  915G 111/126U [GameAnalyzer] Income advantage is now ClearDisadvantage
2022-10-25 22:52:17.328 | 08:30   21ms  380M  919G 111/126U [GameAnalyzer] Income advantage is now SmallDisadvantage
2022-10-25 22:52:17.448 | 08:30   22ms  390M  919G 111/126U [GameAnalyzer] Income advantage is now ClearDisadvantage
2022-10-25 22:52:17.618 | 08:31   23ms  390M  919G 111/126U [GameAnalyzer] Income advantage is now SmallDisadvantage
2022-10-25 22:52:17.622 | 08:31   23ms  340M  919G 111/126U [TerranUnit] MARINE from BARRACKS at (40.5, 133.5)
2022-10-25 22:52:17.913 | 08:32   21ms  355M  923G 112/126U [GameAnalyzer] Income advantage is now ClearDisadvantage
2022-10-25 22:52:18.077 | 08:32   21ms  360M  923G 112/126U [GameAnalyzer] Income advantage is now SmallDisadvantage
2022-10-25 22:52:18.460 | 08:33   25ms  345M  927G 112/126U [TerranUnit] MARINE from BARRACKS at (48.5, 121.5)
2022-10-25 22:52:18.576 | 08:34   22ms  345M  931G 113/126U [GameAnalyzer] Income advantage is now ClearDisadvantage
2022-10-25 22:52:18.783 | 08:34   22ms  370M  931G 113/126U [GameAnalyzer] Income advantage is now SmallDisadvantage
2022-10-25 22:52:18.852 | 08:35   24ms  375M  931G 113/126U [GameAnalyzer] Income advantage is now ClearDisadvantage
2022-10-25 22:52:19.085 | 08:35   22ms  385M  935G 113/126U [GameAnalyzer] Income advantage is now SmallDisadvantage
2022-10-25 22:52:19.255 | 08:36   21ms  395M  935G 113/126U [GameAnalyzer] Income advantage is now ClearDisadvantage
2022-10-25 22:52:19.370 | 08:36   23ms  400M  935G 113/126U [GameAnalyzer] Income advantage is now SmallDisadvantage
2022-10-25 22:52:19.977 | 08:38   22ms  415M  939G 113/126U [GameAnalyzer] Income advantage is now ClearDisadvantage
2022-10-25 22:52:20.022 | 08:38   25ms  415M  943G 113/126U [GameAnalyzer] Income advantage is now SmallDisadvantage
2022-10-25 22:52:20.150 | 08:39   21ms  425M  943G 113/126U [GameAnalyzer] Income advantage is now ClearDisadvantage
2022-10-25 22:52:20.207 | 08:39   25ms  435M  943G 113/126U [GameAnalyzer] Income advantage is now SmallDisadvantage
2022-10-25 22:52:20.268 | 08:39   23ms  435M  943G 113/126U [GameAnalyzer] Income advantage is now ClearDisadvantage
2022-10-25 22:52:20.397 | 08:39   23ms  390M  943G 113/126U [TerranUnit] MARINE from BARRACKS at (46.5, 124.5)
2022-10-25 22:52:20.569 | 08:40   23ms  435M  947G 114/126U [GameAnalyzer] Income advantage is now SmallDisadvantage
2022-10-25 22:52:20.757 | 08:40   23ms  435M  947G 114/126U [GameAnalyzer] Income advantage is now ClearDisadvantage
2022-10-25 22:52:20.930 | 08:41   23ms  455M  947G 114/126U [GameAnalyzer] Income advantage is now SmallDisadvantage
2022-10-25 22:52:21.140 | 08:42   22ms  455M  951G 114/126U [GameAnalyzer] Income advantage is now ClearDisadvantage
2022-10-25 22:52:21.244 | 08:42   24ms  460M  951G 114/126U [GameAnalyzer] Income advantage is now SmallDisadvantage
2022-10-25 22:52:21.581 | 08:43   23ms  470M  955G 114/126U [GameAnalyzer] Income advantage is now ClearDisadvantage
2022-10-25 22:52:21.629 | 08:43   23ms  475M  955G 114/126U [GameAnalyzer] Income advantage is now SmallDisadvantage
2022-10-25 22:52:21.752 | 08:44   24ms  480M  955G 114/126U [GameAnalyzer] Income advantage is now ClearDisadvantage
2022-10-25 22:52:21.755 | 08:44   24ms  430M  955G 114/126U [TerranUnit] MARINE from BARRACKS at (41.5, 113.5)
2022-10-25 22:52:21.860 | 08:44   22ms  435M  955G 115/126U [GameAnalyzer] Income advantage is now SmallDisadvantage
2022-10-25 22:52:21.922 | 08:44   24ms  435M  959G 115/126U [GameAnalyzer] Income advantage is now ClearDisadvantage
2022-10-25 22:52:21.969 | 08:44   24ms  440M  959G 115/126U [GameAnalyzer] Income advantage is now SmallDisadvantage
2022-10-25 22:52:22.133 | 08:45   22ms  455M  959G 115/126U [GameAnalyzer] Income advantage is now ClearDisadvantage
2022-10-25 22:52:22.302 | 08:45   23ms  465M  959G 115/126U [GameAnalyzer] Income advantage is now SmallDisadvantage
2022-10-25 22:52:22.425 | 08:46   23ms  475M  963G 115/126U [GameAnalyzer] Income advantage is now ClearDisadvantage
2022-10-25 22:52:22.481 | 08:46   24ms  475M  963G 115/126U [GameAnalyzer] Income advantage is now SmallDisadvantage
2022-10-25 22:52:22.534 | 08:46   25ms  425M  963G 115/126U [TerranUnit] MARINE from BARRACKS at (39.5, 116.5)
2022-10-25 22:52:22.714 | 08:47   23ms  425M  963G 116/126U [GameAnalyzer] Income advantage is now ClearDisadvantage
2022-10-25 22:52:22.777 | 08:47   30ms  455M  963G 116/126U [GameAnalyzer] Income advantage is now SmallDisadvantage
2022-10-25 22:52:22.898 | 08:47   26ms  455M  967G 116/126U [GameAnalyzer] Known army advantage is now SmallAdvantage
2022-10-25 22:52:22.900 | 08:47   26ms  455M  967G 116/126U [GameAnalyzer] Predicted army advantage is now Even
2022-10-25 22:52:23.094 | 08:48   25ms  470M  967G 116/126U [GameAnalyzer] Income advantage is now ClearDisadvantage
2022-10-25 22:52:23.225 | 08:48   26ms  475M  967G 115/126U [GameAnalyzer] Income advantage is now SmallDisadvantage
2022-10-25 22:52:23.437 | 08:49   27ms  425M  971G 114/126U [TerranUnit] MARINE from BARRACKS at (40.5, 133.5)
2022-10-25 22:52:23.663 | 08:49   28ms  435M  971G 114/126U [GameAnalyzer] Income advantage is now ClearDisadvantage
2022-10-25 22:52:23.783 | 08:50   27ms  450M  971G 114/126U [GameAnalyzer] Income advantage is now SmallDisadvantage
2022-10-25 22:52:24.060 | 08:50   34ms  460M  975G 114/126U [GameAnalyzer] Income advantage is now ClearDisadvantage
2022-10-25 22:52:24.206 | 08:51   37ms  470M  975G 114/126U [GameAnalyzer] Income advantage is now SmallDisadvantage
2022-10-25 22:52:24.501 | 08:51   39ms  470M  975G 114/126U [GameAnalyzer] Income advantage is now ClearDisadvantage
2022-10-25 22:52:24.505 | 08:51   39ms  420M  975G 114/126U [TerranUnit] MARINE from BARRACKS at (48.5, 121.5)
2022-10-25 22:52:24.781 | 08:52   34ms  435M  979G 115/126U [GameAnalyzer] Income advantage is now SmallDisadvantage
2022-10-25 22:52:25.280 | 08:53   43ms  445M  979G 115/134U [GameAnalyzer] Predicted army advantage is now SlightDisadvantage
2022-10-25 22:52:28.417 | 08:57   57ms  465M  991G 111/134U [TerranUnit] MARINE from BARRACKS at (46.5, 124.5)
2022-10-25 22:52:29.435 | 08:59   59ms  470M  995G 104/134U [GameAnalyzer] Known army advantage is now SlightAdvantage
2022-10-25 22:52:29.557 | 08:59   66ms  470M  999G 103/134U [GameAnalyzer] Income advantage is now ClearDisadvantage
2022-10-25 22:52:29.937 | 08:59   54ms  480M  999G  99/134U [GameAnalyzer] Income advantage is now SmallDisadvantage
2022-10-25 22:52:30.270 | 09:00   54ms  480M  999G  97/134U [GameAnalyzer] Predicted army advantage is now SmallDisadvantage
2022-10-25 22:52:30.508 | 09:00   55ms  480M 1003G  95/134U [GameAnalyzer] Income advantage is now ClearDisadvantage
2022-10-25 22:52:30.743 | 09:01   55ms  485M 1003G  94/134U [GameAnalyzer] Income advantage is now SmallDisadvantage
2022-10-25 22:52:31.126 | 09:01   51ms  490M 1003G  92/134U [GameAnalyzer] Income advantage is now ClearDisadvantage
2022-10-25 22:52:31.340 | 09:01   48ms  495M 1003G  89/134U [GameAnalyzer] Income advantage is now SmallDisadvantage
2022-10-25 22:52:31.344 | 09:01   48ms  445M 1003G  89/134U [TerranUnit] MARINE from BARRACKS at (41.5, 113.5)
2022-10-25 22:52:31.718 | 09:02   57ms  445M 1007G  89/134U [GameAnalyzer] Income advantage is now ClearDisadvantage
2022-10-25 22:52:31.851 | 09:02   55ms  445M 1007G  87/134U [GameAnalyzer] Known army advantage is now Even
2022-10-25 22:52:31.965 | 09:02   49ms  450M 1007G  85/134U [GameAnalyzer] Income advantage is now SmallDisadvantage
2022-10-25 22:52:32.189 | 09:03   43ms  455M 1007G  83/134U [GameAnalyzer] Known army advantage is now SlightAdvantage
2022-10-25 22:52:32.300 | 09:03   50ms  455M 1007G  82/134U [GameAnalyzer] Income advantage is now ClearDisadvantage
2022-10-25 22:52:32.959 | 09:04   41ms  405M 1011G  77/134U [TerranUnit] MARINE from BARRACKS at (39.5, 116.5)
2022-10-25 22:52:33.163 | 09:04   41ms  410M 1011G  76/134U [GameAnalyzer] Known army advantage is now Even
2022-10-25 22:52:33.528 | 09:05   40ms  415M 1015G  70/134U [GameAnalyzer] Predicted army advantage is now ClearDisadvantage
2022-10-25 22:52:33.614 | 09:05   37ms  425M 1015G  70/134U [GameAnalyzer] Income advantage is now SmallDisadvantage
2022-10-25 22:52:33.707 | 09:05   38ms  425M 1015G  69/134U [GameAnalyzer] Income advantage is now ClearDisadvantage
2022-10-25 22:52:33.876 | 09:06   34ms  425M 1015G  66/134U [GameAnalyzer] Known army advantage is now SlightDisadvantage
2022-10-25 22:52:34.203 | 09:06   34ms  385M 1019G  63/134U [TerranUnit] MARINE from BARRACKS at (40.5, 133.5)
2022-10-25 22:52:34.356 | 09:07   32ms  385M 1019G  64/134U [GameAnalyzer] Income advantage is now SmallDisadvantage
2022-10-25 22:52:34.833 | 09:08   30ms  390M 1023G  55/134U [GameAnalyzer] Known army advantage is now Even
2022-10-25 22:52:34.908 | 09:08   32ms  390M 1023G  55/134U [GameAnalyzer] Income advantage is now ClearDisadvantage
2022-10-25 22:52:35.052 | 09:08   33ms  395M 1023G  54/134U [GameAnalyzer] Income advantage is now SmallDisadvantage
2022-10-25 22:52:35.272 | 09:09   27ms  400M 1023G  51/134U [GameAnalyzer] Income advantage is now ClearDisadvantage
2022-10-25 22:52:35.345 | 09:09   31ms  360M 1027G  50/134U [TerranUnit] MARINE from BARRACKS at (48.5, 121.5)
2022-10-25 22:52:35.557 | 09:10   28ms  370M 1027G  50/134U [GameAnalyzer] Income advantage is now SmallDisadvantage
2022-10-25 22:52:35.559 | 09:10   28ms  370M 1027G  50/134U [GameAnalyzer] Predicted army advantage is now OverwhelmingDisadvantage
2022-10-25 22:52:35.626 | 09:10   30ms  370M 1027G  48/134U [GameAnalyzer] Income advantage is now ClearDisadvantage
2022-10-25 22:52:35.628 | 09:10   30ms  370M 1027G  48/134U [GameAnalyzer] Known army advantage is now SlightDisadvantage
2022-10-25 22:52:35.821 | 09:10   26ms  380M 1027G  44/134U [GameAnalyzer] Known army advantage is now SmallDisadvantage
2022-10-25 22:52:35.889 | 09:11   27ms  385M 1031G  44/134U [GameAnalyzer] Income advantage is now SmallDisadvantage
2022-10-25 22:52:36.024 | 09:11   25ms  385M 1031G  43/134U [GameAnalyzer] Income advantage is now ClearDisadvantage
2022-10-25 22:52:36.156 | 09:11   24ms  390M 1031G  41/134U [GameAnalyzer] Income advantage is now SmallDisadvantage
2022-10-25 22:52:36.340 | 09:12   22ms  390M 1031G  38/134U [GameAnalyzer] Income advantage is now ClearDisadvantage
2022-10-25 22:52:36.399 | 09:12   25ms  390M 1035G  38/134U [GameAnalyzer] Known army advantage is now ClearDisadvantage
2022-10-25 22:52:36.460 | 09:12   26ms  400M 1035G  36/134U [GameAnalyzer] Income advantage is now SmallDisadvantage
2022-10-25 22:52:36.626 | 09:13   20ms  400M 1035G  35/134U [GameAnalyzer] Income advantage is now ClearDisadvantage
2022-10-25 22:52:36.745 | 09:13   24ms  410M 1035G  34/134U [GameAnalyzer] Known army advantage is now SmallDisadvantage
2022-10-25 22:52:36.791 | 09:13   23ms  410M 1035G  33/134U [GameAnalyzer] Income advantage is now SmallDisadvantage
2022-10-25 22:52:36.851 | 09:13   22ms  415M 1035G  33/134U [GameAnalyzer] Known army advantage is now ClearDisadvantage
2022-10-25 22:52:36.957 | 09:14   20ms  415M 1039G  33/134U [GameAnalyzer] Income advantage is now ClearDisadvantage
2022-10-25 22:52:37.073 | 09:14   24ms  430M 1039G  31/134U [GameAnalyzer] Income advantage is now SmallDisadvantage
2022-10-25 22:52:37.182 | 09:15   19ms  430M 1039G  31/134U [GameAnalyzer] Income advantage is now ClearDisadvantage
2022-10-25 22:52:37.335 | 09:15   19ms  395M 1043G  30/134U [TerranUnit] MARINE from BARRACKS at (46.5, 124.5)
2022-10-25 22:52:37.432 | 09:15   20ms  395M 1043G  31/134U [GameAnalyzer] Income advantage is now SmallDisadvantage
2022-10-25 22:52:37.549 | 09:16   25ms  400M 1043G  28/134U [GameAnalyzer] Income advantage is now ClearDisadvantage
2022-10-25 22:52:37.592 | 09:16   20ms  400M 1043G  28/134U [GameAnalyzer] Income advantage is now SmallDisadvantage
2022-10-25 22:52:37.789 | 09:17   18ms  400M 1047G  26/134U [GameAnalyzer] Income advantage is now ClearDisadvantage
2022-10-25 22:52:37.886 | 09:17   18ms  415M 1047G  26/134U [GameAnalyzer] Income advantage is now SmallDisadvantage
2022-10-25 22:52:37.984 | 09:17   21ms  415M 1047G  26/134U [GameAnalyzer] Income advantage is now ClearDisadvantage
2022-10-25 22:52:38.085 | 09:18   24ms  425M 1047G  26/134U [GameAnalyzer] Income advantage is now SmallDisadvantage
2022-10-25 22:52:38.136 | 09:18   22ms  425M 1051G  26/134U [GameAnalyzer] Income advantage is now ClearDisadvantage
2022-10-25 22:52:38.271 | 09:18   19ms  430M 1051G  26/134U [GameAnalyzer] Income advantage is now SmallDisadvantage
2022-10-25 22:52:38.324 | 09:19   19ms  435M 1051G  26/134U [GameAnalyzer] Income advantage is now ClearDisadvantage
2022-10-25 22:52:38.552 | 09:19   17ms  395M 1051G  26/134U [TerranUnit] MARINE from BARRACKS at (41.5, 113.5)
2022-10-25 22:52:38.595 | 09:20   22ms  405M 1055G  27/134U [GameAnalyzer] Income advantage is now SmallDisadvantage
2022-10-25 22:52:38.736 | 09:20   21ms  415M 1055G  27/134U [GameAnalyzer] Income advantage is now ClearDisadvantage
2022-10-25 22:52:38.829 | 09:20   18ms  415M 1055G  27/134U [GameAnalyzer] Income advantage is now SmallDisadvantage
2022-10-25 22:52:38.967 | 09:21   18ms  415M 1059G  27/119U [GameAnalyzer] Income advantage is now ClearDisadvantage
2022-10-25 22:52:38.969 | 09:21   18ms  365M 1059G  27/119U [ActUnit] SCV from COMMANDCENTER at (39.5, 123.5)
2022-10-25 22:52:39.193 | 09:22   18ms  320M 1059G  28/119U [TerranUnit] MARINE from BARRACKS at (39.5, 116.5)
2022-10-25 22:52:39.339 | INFO     | sc2.protocol:_execute:72 - Client status changed to Status.ended (was Status.in_game)
2022-10-25 22:52:39.342 | Result: Defeat
2022-10-25 22:52:39.343 | Duration: 09:22
2022-10-25 22:52:39.344 | Step time min: 5
2022-10-25 22:52:39.345 | Step time avg: 17
2022-10-25 22:52:39.345 | Step time max: 126
2022-10-25 22:52:39.346 | [LostUnitsContents] My lost units minerals and gas: (5100, 0)
2022-10-25 22:52:39.347 | [LostUnitsContents] My lost units minerals by score: 5500.0
2022-10-25 22:52:39.348 | [LostUnitsContents] Enemy lost units minerals and gas: (2100, 275)
2022-10-25 22:52:39.349 | [LostUnitsContents] Enemy lost units minerals by score: 2100.0
2022-10-25 22:52:39.350 | [GameAnalyzerEnd] Own units:
2022-10-25 22:52:39.351 | [GameAnalyzerEnd] MARINE            total:  99 alive:   3 dead:  96 
2022-10-25 22:52:39.351 | [GameAnalyzerEnd] SCV               total:  18 alive:  15 dead:   3 
2022-10-25 22:52:39.352 | [GameAnalyzerEnd] SUPPLYDEPOT       total:  13 alive:  13 dead:   0 
2022-10-25 22:52:39.353 | [GameAnalyzerEnd] BARRACKS          total:   5 alive:   5 dead:   0 
2022-10-25 22:52:39.353 | [GameAnalyzerEnd] ORBITALCOMMAND    total:   2 alive:   1 dead:   1 
2022-10-25 22:52:39.354 | [GameAnalyzerEnd] BUNKER            total:   1 alive:   1 dead:   0 
2022-10-25 22:52:39.355 | [GameAnalyzerEnd] REFINERY          total:   1 alive:   1 dead:   0 
2022-10-25 22:52:39.356 | [GameAnalyzerEnd] TECHLAB           total:   1 alive:   1 dead:   0 
2022-10-25 22:52:39.357 | [GameAnalyzerEnd] Enemy units:
2022-10-25 22:52:39.360 | [GameAnalyzerEnd] SCV               total:  46 alive:  44 dead:   2 
2022-10-25 22:52:39.361 | [GameAnalyzerEnd] MARINE            total:  20 alive:   2 dead:  18 
2022-10-25 22:52:39.362 | [GameAnalyzerEnd] MARAUDER          total:  12 alive:   1 dead:  11 
2022-10-25 22:52:39.363 | [GameAnalyzerEnd] SUPPLYDEPOT       total:  11 alive:  11 dead:   0 
2022-10-25 22:52:39.363 | [GameAnalyzerEnd] BARRACKS          total:   4 alive:   4 dead:   0 
2022-10-25 22:52:39.364 | [GameAnalyzerEnd] TECHLAB           total:   3 alive:   3 dead:   0 
2022-10-25 22:52:39.365 | [GameAnalyzerEnd] SIEGETANK         total:   3 alive:   3 dead:   0 
2022-10-25 22:52:39.365 | [GameAnalyzerEnd] COMMANDCENTER     total:   2 alive:   2 dead:   0 
2022-10-25 22:52:39.366 | [GameAnalyzerEnd] REFINERY          total:   2 alive:   2 dead:   0 
2022-10-25 22:52:39.367 | [GameAnalyzerEnd] ENGINEERINGBAY    total:   2 alive:   2 dead:   0 
2022-10-25 22:52:39.367 | [GameAnalyzerEnd] FACTORY           total:   1 alive:   1 dead:   0 
2022-10-25 22:52:39.368 | [GameAnalyzerEnd] ORBITALCOMMAND    total:   1 alive:   1 dead:   0 
2022-10-25 22:52:39.369 | [GameAnalyzerEnd] REACTOR           total:   1 alive:   1 dead:   0 
2022-10-25 22:52:39.369 | [GameAnalyzerEnd] STARPORT          total:   1 alive:   1 dead:   0 
2022-10-25 22:52:39.370 | [GameAnalyzerEnd] MEDIVAC           total:   1 alive:   1 dead:   0 
2022-10-25 22:52:39.371 | [GameAnalyzerEnd] Minerals max 620 Average 286
2022-10-25 22:52:39.372 | [GameAnalyzerEnd] Vespene max 1059 Average 410
2022-10-25 22:52:39.373 | INFO     | sc2.main:_play_game:228 - Result for player 1 - Bot Turtles(Terran): Defeat
2022-10-25 22:52:40.454 | INFO     | sc2.protocol:__request:48 - Cannot receive: Game has already ended.
2022-10-25 22:52:40.458 | INFO     | sc2.sc2process:_close_connection:231 - Closing connection at 64657...
2022-10-25 22:52:40.459 | INFO     | sc2.sc2process:kill_all:33 - kill_switch: Process cleanup for 1 processes
