2022-10-24 14:39:25.187 | INFO     | sc2.protocol:_execute:72 - Client status changed to Status.launched (was None)
2022-10-24 14:39:25.189 | INFO     | sc2.controller:create_game:37 - Creating new game
2022-10-24 14:39:25.190 | INFO     | sc2.controller:create_game:38 - Map:     OxideAIE
2022-10-24 14:39:25.191 | INFO     | sc2.controller:create_game:39 - Players: Bot Turtles(Terran), Computer VeryHard(Random, RandomBuild)
2022-10-24 14:39:25.193 | INFO     | sc2.protocol:_execute:72 - Client status changed to Status.init_game (was Status.launched)
2022-10-24 14:39:33.343 | INFO     | sc2.protocol:_execute:72 - Client status changed to Status.in_game (was None)
2022-10-24 14:39:33.345 | INFO     | sc2.main:_play_game:221 - Player 1 - Bot Turtles(Terran)
2022-10-24 14:39:33.879 | 00:00    0ms    0M    0G  12/ 15U [Version] 5.0.10.88500
2022-10-24 14:39:33.881 | 00:00    0ms    0M    0G  12/ 15U [Version] 5.0.6 Balance mod recognized.
2022-10-24 14:39:33.949 | 00:00    0ms    0M    0G  12/ 15U [ZoneManager] Map set to: MapName.Oxide from name: Oxide AIE and hash: 3281780.
2022-10-24 14:39:34.678 | [Start] My race: Terran
2022-10-24 14:39:34.680 | [Start] Opponent race: Random
2022-10-24 14:39:34.681 | [Start] OpponentId: None
2022-10-24 14:39:34.858 | 00:00    7ms    0M    0G  13/ 15U [GameAnalyzer] Income advantage is now SlightDisadvantage
2022-10-24 14:39:34.914 | 00:01    5ms    0M    0G  13/ 15U [GameAnalyzer] Income advantage is now Even
2022-10-24 14:39:35.214 | 00:04    8ms    0M    0G  13/ 15U [GameAnalyzer] Income advantage is now SlightDisadvantage
2022-10-24 14:39:35.243 | 00:04    9ms    0M    0G  13/ 15U [GameAnalyzer] Income advantage is now Even
2022-10-24 14:39:35.785 | 00:09    6ms   80M    0G  13/ 15U [GameAnalyzer] Income advantage is now SlightDisadvantage
2022-10-24 14:39:35.821 | 00:09    7ms   85M    0G  13/ 15U [GameAnalyzer] Income advantage is now Even
2022-10-24 14:39:36.305 | 00:14    6ms    0M    0G  13/ 15U [ActUnit] SCV from COMMANDCENTER at (44.5, 56.5)
2022-10-24 14:39:37.574 | 00:26    7ms  110M    0G  14/ 15U [ActUnit] SCV from COMMANDCENTER at (44.5, 56.5)
2022-10-24 14:39:38.578 | 00:36    7ms    0M    0G  15/ 23U [BuildGas] Building REFINERY to (37.5, 59.5)
2022-10-24 14:39:38.602 | 00:36    8ms    5M    0G  15/ 23U [GameAnalyzer] Income advantage is now SlightDisadvantage
2022-10-24 14:39:38.621 | 00:36    9ms   10M    0G  15/ 23U [GameAnalyzer] Income advantage is now Even
2022-10-24 14:39:38.713 | 00:37    6ms   20M    0G  15/ 23U [GameAnalyzer] Income advantage is now SlightDisadvantage
2022-10-24 14:39:38.729 | 00:37    9ms   25M    0G  15/ 23U [GameAnalyzer] Income advantage is now Even
2022-10-24 14:39:39.031 | 00:40    7ms    0M    0G  15/ 23U [ActUnit] SCV from COMMANDCENTER at (44.5, 56.5)
2022-10-24 14:39:39.593 | 00:45    6ms   65M    0G  16/ 23U [GameAnalyzer] Income advantage is now SlightDisadvantage
2022-10-24 14:39:39.632 | 00:46    8ms   75M    0G  16/ 23U [GameAnalyzer] Income advantage is now Even
2022-10-24 14:39:39.634 | 00:46    8ms    0M    0G  16/ 23U [BuildGas] Building REFINERY to (48.5, 49.5)
2022-10-24 14:39:40.059 | 00:50    6ms   40M    0G  16/ 23U [GameAnalyzer] Income advantage is now SlightDisadvantage
2022-10-24 14:39:40.093 | 00:50    7ms   50M    0G  16/ 23U [GameAnalyzer] Income advantage is now Even
2022-10-24 14:39:40.304 | 00:52    8ms   20M    0G  16/ 23U [ActUnit] SCV from COMMANDCENTER at (44.5, 56.5)
2022-10-24 14:39:41.610 | 01:04    7ms  105M    0G  17/ 23U [ActUnit] SCV from COMMANDCENTER at (44.5, 56.5)
2022-10-24 14:39:43.183 | 01:14   24ms  210M   24G  18/ 23U [GameAnalyzer] Income advantage is now SlightAdvantage
2022-10-24 14:39:43.267 | 01:14   21ms  225M   24G  18/ 23U [GameAnalyzer] Income advantage is now SmallAdvantage
2022-10-24 14:39:43.308 | 01:14   20ms  230M   28G  18/ 23U [GameAnalyzer] Income advantage is now SlightAdvantage
2022-10-24 14:39:43.501 | 01:15   23ms  230M   28G  18/ 23U [GameAnalyzer] Income advantage is now Even
2022-10-24 14:39:43.638 | 01:15   23ms  230M   28G  18/ 23U [GameAnalyzer] Income advantage is now SlightAdvantage
2022-10-24 14:39:43.771 | 01:16   24ms  230M   28G  18/ 23U [GameAnalyzer] Income advantage is now Even
2022-10-24 14:39:43.904 | 01:16   22ms  245M   28G  18/ 23U [GameAnalyzer] Income advantage is now SlightAdvantage
2022-10-24 14:39:43.949 | 01:16   22ms  195M   28G  18/ 23U [ActUnit] SCV from COMMANDCENTER at (44.5, 56.5)
2022-10-24 14:39:44.328 | 01:18   23ms  200M   32G  19/ 23U [GameAnalyzer] Income advantage is now Even
2022-10-24 14:39:44.468 | 01:19   10ms  220M   36G  19/ 23U [GameAnalyzer] Income advantage is now SlightAdvantage
2022-10-24 14:39:44.530 | 01:19   15ms  220M   36G  19/ 23U [GameAnalyzer] Income advantage is now Even
2022-10-24 14:39:44.925 | 01:21   10ms  240M   36G  19/ 23U [GameAnalyzer] Income advantage is now SlightDisadvantage
2022-10-24 14:39:44.954 | 01:21   11ms  245M   36G  19/ 23U [GameAnalyzer] Income advantage is now Even
2022-10-24 14:39:45.060 | 01:22   16ms   50M   40G  19/ 23U [TerranUnit] MARINE from BARRACKS at (40.5, 61.5)
2022-10-24 14:39:45.091 | 01:22   17ms  200M   40G  20/ 23U [GameAnalyzer] Predicted army advantage is now SlightDisadvantage
2022-10-24 14:39:45.124 | 01:22   12ms  200M   44G  20/ 23U [GameAnalyzer] Income advantage is now SlightDisadvantage
2022-10-24 14:39:45.224 | 01:23   13ms  215M   44G  20/ 23U [GameAnalyzer] Income advantage is now Even
2022-10-24 14:39:45.307 | 01:23   18ms  220M   44G  20/ 23U [GameAnalyzer] Income advantage is now SlightDisadvantage
2022-10-24 14:39:45.411 | 01:24   15ms  220M   44G  20/ 23U [GameAnalyzer] Income advantage is now Even
2022-10-24 14:39:45.512 | 01:25   10ms  225M   52G  20/ 23U [GameAnalyzer] Income advantage is now SlightDisadvantage
2022-10-24 14:39:45.586 | 01:25   16ms  230M   52G  20/ 23U [GameAnalyzer] Income advantage is now Even
2022-10-24 14:39:45.732 | 01:26   10ms  240M   52G  20/ 23U [GameAnalyzer] Income advantage is now SlightDisadvantage
2022-10-24 14:39:45.765 | 01:26   11ms  240M   52G  20/ 23U [GameAnalyzer] Income advantage is now Even
2022-10-24 14:39:45.911 | 01:27   11ms  250M   56G  20/ 23U [GameAnalyzer] Income advantage is now SlightDisadvantage
2022-10-24 14:39:45.969 | 01:27    9ms  270M   60G  20/ 23U [GameAnalyzer] Income advantage is now Even
2022-10-24 14:39:46.093 | 01:28   10ms  275M   60G  20/ 23U [GameAnalyzer] Income advantage is now SlightDisadvantage
2022-10-24 14:39:46.118 | 01:28   11ms  275M   68G  20/ 23U [GameAnalyzer] Income advantage is now Even
2022-10-24 14:39:46.493 | 01:31    9ms  165M   68G  20/ 23U [GameAnalyzer] Income advantage is now SlightDisadvantage
2022-10-24 14:39:46.521 | 01:31   12ms  165M   76G  20/ 23U [GameAnalyzer] Income advantage is now Even
2022-10-24 14:39:46.623 | 01:32   10ms  180M   76G  20/ 23U [GameAnalyzer] Income advantage is now SlightDisadvantage
2022-10-24 14:39:46.676 | 01:32   11ms  190M   76G  20/ 23U [GameAnalyzer] Income advantage is now Even
2022-10-24 14:39:46.777 | 01:33    9ms  190M   84G  20/ 23U [GameAnalyzer] Income advantage is now SlightDisadvantage
2022-10-24 14:39:46.855 | 01:34    9ms  210M   84G  20/ 23U [GameAnalyzer] Income advantage is now Even
2022-10-24 14:39:46.981 | 01:35   11ms  215M   84G  20/ 23U [GameAnalyzer] Income advantage is now SlightDisadvantage
2022-10-24 14:39:47.033 | 01:35   10ms  220M   84G  20/ 23U [GameAnalyzer] Income advantage is now Even
2022-10-24 14:39:47.134 | 01:36   12ms  225M   92G  20/ 23U [GameAnalyzer] Income advantage is now SlightDisadvantage
2022-10-24 14:39:47.210 | 01:36   12ms  240M   92G  20/ 23U [GameAnalyzer] Income advantage is now Even
2022-10-24 14:39:47.351 | 01:37   10ms  245M   96G  20/ 23U [GameAnalyzer] Income advantage is now SlightDisadvantage
2022-10-24 14:39:47.377 | 01:37   12ms  255M   96G  20/ 23U [GameAnalyzer] Income advantage is now Even
2022-10-24 14:39:47.435 | 01:38   10ms  105M    0G  20/ 23U [GameAnalyzer] Income advantage is now SlightDisadvantage
2022-10-24 14:39:47.459 | 01:38   13ms  110M    0G  20/ 23U [GameAnalyzer] Income advantage is now Even
2022-10-24 14:39:47.511 | 01:38   10ms  120M    0G  20/ 23U [GameAnalyzer] Income advantage is now SlightDisadvantage
2022-10-24 14:39:47.586 | 01:39   10ms  130M    0G  20/ 23U [GameAnalyzer] Income advantage is now Even
2022-10-24 14:39:47.689 | 01:39   13ms  130M    4G  20/ 23U [GameAnalyzer] Income advantage is now SlightDisadvantage
2022-10-24 14:39:47.740 | 01:40   11ms  135M    8G  20/ 23U [GameAnalyzer] Income advantage is now Even
2022-10-24 14:39:47.785 | 01:40   13ms  140M    8G  20/ 23U [GameAnalyzer] Income advantage is now SlightDisadvantage
2022-10-24 14:39:47.787 | 01:40   13ms  140M    8G  20/ 23U [GameAnalyzer] Known army advantage is now SlightAdvantage
2022-10-24 14:39:47.809 | 01:40   13ms  145M    8G  20/ 23U [GameAnalyzer] Income advantage is now Even
2022-10-24 14:39:47.883 | 01:41   10ms  150M   12G  20/ 23U [GameAnalyzer] Income advantage is now SlightDisadvantage
2022-10-24 14:39:47.958 | 01:41   10ms  160M   12G  20/ 23U [GameAnalyzer] Income advantage is now Even
2022-10-24 14:39:48.031 | 01:42   10ms  160M   12G  20/ 23U [GameAnalyzer] Income advantage is now SlightDisadvantage
2022-10-24 14:39:48.155 | 01:43   12ms  185M   16G  20/ 23U [GameAnalyzer] Income advantage is now Even
2022-10-24 14:39:48.210 | 01:43   10ms  185M   20G  20/ 23U [GameAnalyzer] Income advantage is now SlightDisadvantage
2022-10-24 14:39:48.310 | 01:44   12ms  195M   20G  20/ 23U [GameAnalyzer] Income advantage is now Even
2022-10-24 14:39:48.338 | 01:44   12ms  195M   24G  20/ 23U [GameAnalyzer] Income advantage is now SlightDisadvantage
2022-10-24 14:39:48.392 | 01:44   13ms  200M   24G  20/ 23U [GameAnalyzer] Income advantage is now Even
2022-10-24 14:39:48.418 | 01:44   12ms  200M   24G  20/ 23U [GameAnalyzer] Income advantage is now SlightDisadvantage
2022-10-24 14:39:48.467 | 01:45   12ms  210M   28G  20/ 23U [GameAnalyzer] Income advantage is now Even
2022-10-24 14:39:48.589 | 01:46   10ms  220M   28G  20/ 23U [GameAnalyzer] Income advantage is now SlightDisadvantage
2022-10-24 14:39:48.687 | 01:46   11ms  230M   32G  20/ 23U [GameAnalyzer] Income advantage is now Even
2022-10-24 14:39:48.716 | 01:46   12ms  230M   32G  20/ 23U [GameAnalyzer] Income advantage is now SlightDisadvantage
2022-10-24 14:39:48.792 | 01:47   10ms  245M   36G  20/ 23U [GameAnalyzer] Income advantage is now Even
2022-10-24 14:39:48.822 | 01:47   11ms  245M   36G  20/ 23U [GameAnalyzer] Income advantage is now SlightDisadvantage
2022-10-24 14:39:48.846 | 01:47   14ms  250M   36G  20/ 23U [GameAnalyzer] Income advantage is now Even
2022-10-24 14:39:48.924 | 01:48   12ms  255M   36G  20/ 23U [GameAnalyzer] Income advantage is now SlightDisadvantage
2022-10-24 14:39:49.025 | 01:49   10ms  265M   44G  20/ 23U [GameAnalyzer] Income advantage is now Even
2022-10-24 14:39:49.103 | 01:49   10ms  270M   44G  20/ 23U [GameAnalyzer] Income advantage is now SlightDisadvantage
2022-10-24 14:39:49.152 | 01:50   12ms  275M   44G  20/ 23U [GameAnalyzer] Income advantage is now Even
2022-10-24 14:39:49.271 | 01:50   10ms  285M   44G  20/ 23U [GameAnalyzer] Income advantage is now SlightDisadvantage
2022-10-24 14:39:49.372 | 01:51   10ms  300M   52G  20/ 23U [GameAnalyzer] Income advantage is now Even
2022-10-24 14:39:49.476 | 01:52   12ms  305M   52G  20/ 23U [GameAnalyzer] Income advantage is now SlightDisadvantage
2022-10-24 14:39:49.554 | 01:52   12ms  320M   56G  20/ 23U [GameAnalyzer] Income advantage is now Even
2022-10-24 14:39:49.579 | 01:52   12ms  320M   60G  20/ 23U [GameAnalyzer] Income advantage is now SlightDisadvantage
2022-10-24 14:39:49.730 | 01:53   10ms  335M   60G  20/ 23U [GameAnalyzer] Income advantage is now Even
2022-10-24 14:39:49.764 | 01:54   12ms  335M   60G  20/ 23U [GameAnalyzer] Income advantage is now SlightDisadvantage
2022-10-24 14:39:49.765 | 01:54   12ms  285M   60G  20/ 23U [ActUnit] SCV from COMMANDCENTER at (44.5, 56.5)
2022-10-24 14:39:49.838 | 01:54   14ms  290M   60G  21/ 23U [GameAnalyzer] Income advantage is now Even
2022-10-24 14:39:49.888 | 01:54   10ms  290M   60G  21/ 23U [GameAnalyzer] Income advantage is now SlightDisadvantage
2022-10-24 14:39:49.990 | 01:55   11ms  300M   68G  21/ 23U [GameAnalyzer] Income advantage is now Even
2022-10-24 14:39:50.046 | 01:55   11ms  310M   68G  21/ 23U [GameAnalyzer] Income advantage is now SlightDisadvantage
2022-10-24 14:39:50.148 | 01:56   12ms  320M   68G  21/ 23U [GameAnalyzer] Income advantage is now Even
2022-10-24 14:39:50.255 | 01:56   11ms  320M   76G  21/ 23U [GameAnalyzer] Income advantage is now SlightDisadvantage
2022-10-24 14:39:50.421 | 01:57   10ms  345M   76G  21/ 23U [GameAnalyzer] Income advantage is now Even
2022-10-24 14:39:50.476 | 01:58   11ms  345M   76G  21/ 23U [GameAnalyzer] Income advantage is now SlightDisadvantage
2022-10-24 14:39:50.559 | 01:58   10ms  355M   76G  21/ 23U [GameAnalyzer] Income advantage is now Even
2022-10-24 14:39:50.664 | 01:59   10ms  355M   80G  21/ 23U [GameAnalyzer] Income advantage is now SlightDisadvantage
2022-10-24 14:39:50.744 | 01:59   11ms  360M   84G  21/ 23U [GameAnalyzer] Income advantage is now Even
2022-10-24 14:39:50.826 | 02:00   11ms  370M   84G  21/ 23U [GameAnalyzer] Income advantage is now SlightDisadvantage
2022-10-24 14:39:50.902 | 02:00   11ms  380M   88G  21/ 23U [GameAnalyzer] Income advantage is now Even
2022-10-24 14:39:51.001 | 02:01   10ms  385M   92G  21/ 23U [GameAnalyzer] Income advantage is now SlightDisadvantage
2022-10-24 14:39:51.123 | 02:02   11ms  405M   92G  21/ 23U [GameAnalyzer] Income advantage is now Even
2022-10-24 14:39:51.126 | 02:02   11ms  405M   92G  21/ 23U [Expand] Expanding to (69.5, 52.5)
2022-10-24 14:39:51.155 | 02:02   13ms   10M   92G  21/ 23U [GameAnalyzer] Income advantage is now SlightDisadvantage
2022-10-24 14:39:51.397 | 02:03   11ms   45M   96G  21/ 23U [GameAnalyzer] Income advantage is now Even
2022-10-24 14:39:51.443 | 02:03   13ms   45M  100G  21/ 23U [GameAnalyzer] Income advantage is now SlightDisadvantage
2022-10-24 14:39:51.500 | 02:04   11ms    0M  100G  21/ 23U [TerranUnit] MARINE from BARRACKS at (40.5, 61.5)
2022-10-24 14:39:51.578 | 02:04   11ms    5M  104G  22/ 23U [GameAnalyzer] Income advantage is now Even
2022-10-24 14:39:51.611 | 02:04   12ms    5M  104G  22/ 23U [GameAnalyzer] Income advantage is now SlightDisadvantage
2022-10-24 14:39:51.692 | 02:05   11ms   10M  108G  22/ 23U [GameAnalyzer] Income advantage is now Even
2022-10-24 14:39:51.723 | 02:05   13ms   10M  108G  22/ 23U [GameAnalyzer] Income advantage is now SlightDisadvantage
2022-10-24 14:39:51.826 | 02:06   10ms   25M  108G  22/ 23U [GameAnalyzer] Income advantage is now Even
2022-10-24 14:39:51.912 | 02:06   11ms   35M  108G  22/ 23U [GameAnalyzer] Income advantage is now SlightDisadvantage
2022-10-24 14:39:52.049 | 02:07   10ms   45M  112G  22/ 23U [GameAnalyzer] Income advantage is now Even
2022-10-24 14:39:52.078 | 02:07   13ms    0M  112G  22/ 23U [ActUnit] SCV from COMMANDCENTER at (44.5, 56.5)
2022-10-24 14:39:52.128 | 02:08   10ms    0M  116G  23/ 23U [GameAnalyzer] Income advantage is now SlightDisadvantage
2022-10-24 14:39:52.238 | 02:08   12ms   15M  120G  23/ 23U [GameAnalyzer] Income advantage is now Even
2022-10-24 14:39:52.298 | 02:09   12ms   15M  120G  23/ 23U [GameAnalyzer] Income advantage is now SlightDisadvantage
2022-10-24 14:39:52.354 | 02:09   11ms   15M  124G  23/ 23U [GameAnalyzer] Income advantage is now Even
2022-10-24 14:39:52.412 | 02:09   12ms   20M  124G  23/ 23U [GameAnalyzer] Income advantage is now SlightAdvantage
2022-10-24 14:39:54.072 | 02:21   10ms  120M  168G  23/ 23U [GameAnalyzer] Predicted army advantage is now Even
2022-10-24 14:39:55.611 | 02:33   11ms   20M   16G  23/ 23U [GameAnalyzer] Income advantage is now Even
2022-10-24 14:39:55.907 | 02:35   12ms   55M   24G  23/ 23U [GameAnalyzer] Income advantage is now SlightAdvantage
2022-10-24 14:39:55.935 | 02:35   12ms   55M   24G  23/ 23U [GameAnalyzer] Income advantage is now Even
2022-10-24 14:39:55.993 | 02:35   12ms   55M   24G  23/ 23U [GameAnalyzer] Income advantage is now SlightAdvantage
2022-10-24 14:39:56.071 | 02:36   12ms   55M   28G  23/ 23U [GameAnalyzer] Income advantage is now Even
2022-10-24 14:39:56.099 | 02:36   12ms   60M   28G  23/ 23U [GameAnalyzer] Income advantage is now SlightAdvantage
2022-10-24 14:39:56.154 | 02:36   12ms   65M   28G  23/ 23U [GameAnalyzer] Income advantage is now Even
2022-10-24 14:39:56.203 | 02:36   11ms   70M   28G  23/ 23U [GameAnalyzer] Income advantage is now SlightAdvantage
2022-10-24 14:39:56.256 | 02:37   11ms   75M   32G  23/ 23U [GameAnalyzer] Income advantage is now Even
2022-10-24 14:39:56.428 | 02:38   11ms   90M   36G  23/ 23U [GameAnalyzer] Income advantage is now SlightAdvantage
2022-10-24 14:39:56.459 | 02:38   14ms  120M   36G  23/ 23U [GameAnalyzer] Income advantage is now Even
2022-10-24 14:39:56.662 | 02:39   13ms  135M   44G  23/ 23U [GameAnalyzer] Income advantage is now SlightAdvantage
2022-10-24 14:39:56.689 | 02:40   13ms  135M   44G  23/ 23U [GameAnalyzer] Income advantage is now Even
2022-10-24 14:39:56.776 | 02:40   12ms  135M   44G  23/ 23U [GameAnalyzer] Income advantage is now SlightAdvantage
2022-10-24 14:39:56.858 | 02:41   11ms  140M   44G  23/ 23U [GameAnalyzer] Income advantage is now Even
2022-10-24 14:39:56.891 | 02:41   12ms  150M   44G  23/ 23U [GameAnalyzer] Income advantage is now SlightAdvantage
2022-10-24 14:39:56.947 | 02:41   12ms  150M   48G  23/ 23U [GameAnalyzer] Income advantage is now Even
2022-10-24 14:39:57.003 | 02:41   13ms  155M   48G  23/ 23U [GameAnalyzer] Income advantage is now SlightAdvantage
2022-10-24 14:39:57.061 | 02:42   12ms  155M   52G  23/ 23U [GameAnalyzer] Income advantage is now Even
2022-10-24 14:39:57.086 | 02:42   14ms  155M   52G  23/ 23U [GameAnalyzer] Income advantage is now SlightAdvantage
2022-10-24 14:39:57.120 | 02:42   13ms  155M   52G  23/ 23U [GameAnalyzer] Income advantage is now Even
2022-10-24 14:39:57.355 | 02:44   13ms  190M   60G  23/ 23U [GameAnalyzer] Income advantage is now SlightAdvantage
2022-10-24 14:39:59.666 | 03:00   12ms  260M   20G  23/ 31U [ActUnit] SCV from COMMANDCENTER at (44.5, 56.5)
2022-10-24 14:39:59.669 | 03:00   12ms  210M   20G  23/ 31U [TerranUnit] MARINE from BARRACKS at (40.5, 61.5)
2022-10-24 14:39:59.750 | 03:00   12ms  215M   20G  25/ 31U [GameAnalyzer] Income advantage is now Even
2022-10-24 14:39:59.976 | 03:01   11ms  130M   28G  25/ 31U [GameAnalyzer] Income advantage is now SlightAdvantage
2022-10-24 14:40:00.007 | 03:02   12ms  130M   28G  25/ 31U [GameAnalyzer] Income advantage is now Even
2022-10-24 14:40:00.066 | 03:02   11ms  130M   28G  25/ 31U [GameAnalyzer] Income advantage is now SlightAdvantage
2022-10-24 14:40:00.121 | 03:02   13ms  135M   32G  25/ 31U [GameAnalyzer] Income advantage is now Even
2022-10-24 14:40:00.179 | 03:03   11ms  145M   32G  25/ 31U [GameAnalyzer] Income advantage is now SlightAdvantage
2022-10-24 14:40:00.285 | 03:03   12ms  145M   36G  25/ 31U [GameAnalyzer] Income advantage is now Even
2022-10-24 14:40:00.565 | 03:05   11ms  180M   36G  25/ 31U [GameAnalyzer] Income advantage is now SlightAdvantage
2022-10-24 14:40:00.624 | 03:06   13ms  180M   44G  25/ 31U [GameAnalyzer] Income advantage is now Even
2022-10-24 14:40:00.735 | 03:06   11ms  190M   44G  25/ 31U [GameAnalyzer] Income advantage is now SlightAdvantage
2022-10-24 14:40:00.816 | 03:07   11ms  195M   52G  25/ 31U [BuildAddon] UnitTypeId.FACTORYREACTOR to (54.0, 58.0)
2022-10-24 14:40:00.850 | 03:07   15ms  145M    2G  25/ 31U [GameAnalyzer] Income advantage is now Even
2022-10-24 14:40:00.965 | 03:08   12ms  155M    2G  25/ 31U [GameAnalyzer] Income advantage is now SlightAdvantage
2022-10-24 14:40:00.991 | 03:08   12ms  155M    2G  25/ 31U [GameAnalyzer] Income advantage is now Even
2022-10-24 14:40:01.023 | 03:08   12ms  160M    2G  25/ 31U [GameAnalyzer] Income advantage is now SlightAdvantage
2022-10-24 14:40:01.053 | 03:08   14ms  160M    2G  25/ 31U [GameAnalyzer] Income advantage is now Even
2022-10-24 14:40:01.316 | 03:10   11ms  205M   10G  25/ 31U [GameAnalyzer] Income advantage is now SlightAdvantage
2022-10-24 14:40:01.377 | 03:10   12ms  215M   10G  25/ 31U [GameAnalyzer] Income advantage is now Even
2022-10-24 14:40:01.412 | 03:10   13ms  215M   10G  25/ 31U [GameAnalyzer] Income advantage is now SlightAdvantage
2022-10-24 14:40:01.468 | 03:11   11ms  220M   10G  25/ 31U [GameAnalyzer] Income advantage is now Even
2022-10-24 14:40:01.528 | 03:11   13ms  220M   18G  25/ 31U [GameAnalyzer] Income advantage is now SlightAdvantage
2022-10-24 14:40:01.667 | 03:12   11ms  180M   18G  25/ 31U [ActUnit] SCV from COMMANDCENTER at (44.5, 56.5)
2022-10-24 14:40:02.543 | 03:18   15ms  265M   38G  26/ 31U [GameAnalyzer] Predicted army advantage is now SlightAdvantage
2022-10-24 14:40:02.546 | 03:18   15ms  215M   38G  26/ 31U [TerranUnit] MARINE from BARRACKS at (40.5, 61.5)
2022-10-24 14:40:02.854 | 03:19   13ms  245M   50G  27/ 31U [BuildAddon] UnitTypeId.FACTORYREACTOR to (56.0, 55.0)
2022-10-24 14:40:03.232 | 03:22   12ms   70M    8G  27/ 46U [GameAnalyzer] Income advantage is now Even
2022-10-24 14:40:03.288 | 03:22   12ms   80M    8G  27/ 46U [GameAnalyzer] Income advantage is now SlightAdvantage
2022-10-24 14:40:03.575 | 03:24   13ms  125M   16G  27/ 54U [GameAnalyzer] Income advantage is now SmallAdvantage
2022-10-24 14:40:03.607 | 03:24   13ms  125M   20G  27/ 54U [GameAnalyzer] Income advantage is now SlightAdvantage
2022-10-24 14:40:03.641 | 03:24   13ms  130M   20G  27/ 54U [GameAnalyzer] Income advantage is now SmallAdvantage
2022-10-24 14:40:03.791 | 03:25   12ms  145M   20G  27/ 54U [GameAnalyzer] Income advantage is now SlightAdvantage
2022-10-24 14:40:03.885 | 03:26   11ms  150M   28G  27/ 54U [BuildAddon] UnitTypeId.STARPORTTECHLAB to (51.0, 65.0)
2022-10-24 14:40:03.917 | 03:26   17ms  105M    3G  27/ 54U [GameAnalyzer] Income advantage is now SmallAdvantage
2022-10-24 14:40:04.038 | 03:26   13ms  105M    3G  27/ 54U [GameAnalyzer] Income advantage is now SlightAdvantage
2022-10-24 14:40:04.130 | 03:27   13ms  115M    7G  27/ 54U [GameAnalyzer] Income advantage is now SmallAdvantage
2022-10-24 14:40:04.216 | 03:28   13ms  120M    7G  27/ 54U [GameAnalyzer] Income advantage is now SlightAdvantage
2022-10-24 14:40:04.275 | 03:28   11ms  120M   11G  27/ 54U [GameAnalyzer] Income advantage is now SmallAdvantage
2022-10-24 14:40:04.397 | 03:29   15ms  120M   15G  27/ 54U [GameAnalyzer] Income advantage is now SlightAdvantage
2022-10-24 14:40:04.554 | 03:30   11ms  145M   19G  27/ 54U [GameAnalyzer] Income advantage is now SmallAdvantage
2022-10-24 14:40:04.615 | 03:30   11ms  150M   23G  27/ 54U [GameAnalyzer] Income advantage is now SlightAdvantage
2022-10-24 14:40:04.857 | 03:31   13ms  195M   31G  27/ 54U [GameAnalyzer] Income advantage is now SmallAdvantage
2022-10-24 14:40:04.977 | 03:32   11ms  200M   31G  27/ 54U [GameAnalyzer] Income advantage is now SlightAdvantage
2022-10-24 14:40:05.037 | 03:32   13ms  200M   35G  27/ 54U [GameAnalyzer] Income advantage is now SmallAdvantage
2022-10-24 14:40:05.068 | 03:33   13ms  200M   35G  27/ 54U [GameAnalyzer] Income advantage is now SlightAdvantage
2022-10-24 14:40:05.104 | 03:33   14ms  200M   39G  27/ 54U [GameAnalyzer] Income advantage is now SmallAdvantage
2022-10-24 14:40:05.134 | 03:33   15ms  200M   39G  27/ 54U [GameAnalyzer] Income advantage is now SlightAdvantage
2022-10-24 14:40:05.195 | 03:33   12ms  205M   39G  27/ 54U [GameAnalyzer] Income advantage is now SmallAdvantage
2022-10-24 14:40:05.233 | 03:33   15ms  210M   39G  27/ 54U [GameAnalyzer] Income advantage is now SlightAdvantage
2022-10-24 14:40:05.558 | 03:35   11ms  245M   51G  27/ 54U [GameAnalyzer] Income advantage is now SmallAdvantage
2022-10-24 14:40:05.562 | 03:35   11ms  195M   51G  27/ 54U [TerranUnit] MARINE from BARRACKS at (40.5, 61.5)
2022-10-24 14:40:05.597 | 03:36   17ms  200M   51G  28/ 54U [GameAnalyzer] Income advantage is now SlightAdvantage
2022-10-24 14:40:05.656 | 03:36   11ms  210M   55G  28/ 54U [GameAnalyzer] Income advantage is now SmallAdvantage
2022-10-24 14:40:05.684 | 03:36   14ms  210M   55G  28/ 54U [GameAnalyzer] Income advantage is now SlightAdvantage
2022-10-24 14:40:05.715 | 03:36   13ms  215M   55G  28/ 54U [GameAnalyzer] Income advantage is now SmallAdvantage
2022-10-24 14:40:05.745 | 03:36   13ms  215M   55G  28/ 54U [GameAnalyzer] Income advantage is now SlightAdvantage
2022-10-24 14:40:05.803 | 03:37   11ms  220M   59G  28/ 54U [GameAnalyzer] Income advantage is now SmallAdvantage
2022-10-24 14:40:05.894 | 03:37   11ms  220M   63G  28/ 54U [GameAnalyzer] Income advantage is now SlightAdvantage
2022-10-24 14:40:05.922 | 03:38   13ms  225M   63G  28/ 54U [GameAnalyzer] Income advantage is now SmallAdvantage
2022-10-24 14:40:06.020 | 03:38   11ms  260M   63G  28/ 54U [GameAnalyzer] Income advantage is now SlightAdvantage
2022-10-24 14:40:06.473 | 03:41   11ms  320M   79G  28/ 54U [GameAnalyzer] Income advantage is now SmallAdvantage
2022-10-24 14:40:06.516 | 03:41   28ms  320M   79G  28/ 54U [GameAnalyzer] Income advantage is now SlightAdvantage
2022-10-24 14:40:06.571 | 03:41   12ms  325M   83G  28/ 54U [GameAnalyzer] Income advantage is now SmallAdvantage
2022-10-24 14:40:06.685 | 03:42   13ms  325M   87G  28/ 54U [GameAnalyzer] Income advantage is now SlightAdvantage
2022-10-24 14:40:06.713 | 03:42   13ms  325M   87G  28/ 54U [GameAnalyzer] Income advantage is now SmallAdvantage
2022-10-24 14:40:06.776 | 03:43   14ms  335M   87G  28/ 54U [GameAnalyzer] Income advantage is now SlightAdvantage
2022-10-24 14:40:06.812 | 03:43   13ms  235M   87G  28/ 54U [TerranUnit] HELLIONTANK from FACTORY at (51.5, 58.5)
2022-10-24 14:40:06.844 | 03:43   14ms  135M   91G  30/ 54U [TerranUnit] HELLIONTANK from FACTORY at (51.5, 58.5)
2022-10-24 14:40:07.030 | 03:44   11ms  180M   95G  32/ 54U [GameAnalyzer] Income advantage is now SmallAdvantage
2022-10-24 14:40:07.064 | 03:44   14ms  180M   99G  32/ 54U [GameAnalyzer] Income advantage is now SlightAdvantage
2022-10-24 14:40:07.160 | 03:45   11ms  185M  103G  32/ 54U [Tech] Started BANSHEECLOAK
2022-10-24 14:40:07.250 | 03:45   11ms  100M    3G  32/ 54U [GameAnalyzer] Income advantage is now SmallAdvantage
2022-10-24 14:40:07.283 | 03:45   14ms  100M    3G  32/ 54U [GameAnalyzer] Income advantage is now SlightAdvantage
2022-10-24 14:40:07.346 | 03:46   12ms  130M    7G  32/ 54U [GameAnalyzer] Income advantage is now SmallAdvantage
2022-10-24 14:40:07.373 | 03:46   14ms   80M    7G  32/ 54U [ActUnit] SCV from COMMANDCENTER at (69.5, 52.5)
2022-10-24 14:40:07.407 | 03:46   13ms   30M   11G  33/ 54U [ActUnit] SCV from COMMANDCENTER at (44.5, 56.5)
2022-10-24 14:40:07.603 | 03:47   11ms   35M   11G  34/ 54U [GameAnalyzer] Income advantage is now SlightAdvantage
2022-10-24 14:40:08.146 | 03:50   13ms  105M   27G  34/ 54U [GameAnalyzer] Income advantage is now SmallAdvantage
2022-10-24 14:40:08.175 | 03:50   13ms  105M   27G  34/ 54U [GameAnalyzer] Income advantage is now SlightAdvantage
2022-10-24 14:40:08.263 | 03:50   11ms  110M   31G  34/ 54U [GameAnalyzer] Income advantage is now SmallAdvantage
2022-10-24 14:40:08.494 | 03:52   13ms  115M   35G  34/ 54U [GameAnalyzer] Income advantage is now SlightAdvantage
2022-10-24 14:40:08.770 | 03:53   12ms  175M   43G  34/ 54U [GameAnalyzer] Income advantage is now SmallAdvantage
2022-10-24 14:40:08.837 | 03:53   13ms  180M   47G  34/ 54U [GameAnalyzer] Income advantage is now SlightAdvantage
2022-10-24 14:40:08.838 | 03:53   13ms  180M   47G  34/ 54U [GameAnalyzer] Known army advantage is now SmallAdvantage
2022-10-24 14:40:08.839 | 03:53   13ms  180M   47G  34/ 54U [GameAnalyzer] Predicted army advantage is now SmallAdvantage
2022-10-24 14:40:08.961 | 03:54   13ms  210M   51G  34/ 54U [GameAnalyzer] Income advantage is now SmallAdvantage
2022-10-24 14:40:08.964 | 03:54   13ms  160M   51G  34/ 54U [TerranUnit] MARINE from BARRACKS at (40.5, 61.5)
2022-10-24 14:40:08.996 | 03:54   14ms  160M   51G  35/ 54U [GameAnalyzer] Income advantage is now SlightAdvantage
2022-10-24 14:40:09.116 | 03:55   13ms  190M   59G  35/ 54U [GameAnalyzer] Income advantage is now SmallAdvantage
2022-10-24 14:40:09.369 | 03:56   22ms  200M   63G  35/ 54U [GameAnalyzer] Income advantage is now SlightAdvantage
2022-10-24 14:40:09.437 | 03:56   14ms  210M   67G  35/ 54U [GameAnalyzer] Income advantage is now SmallAdvantage
2022-10-24 14:40:09.528 | 03:57   14ms  215M   67G  35/ 54U [GameAnalyzer] Income advantage is now SlightAdvantage
2022-10-24 14:40:09.587 | 03:57   12ms  225M   67G  35/ 54U [GameAnalyzer] Income advantage is now SmallAdvantage
2022-10-24 14:40:09.651 | 03:58   12ms  230M   71G  35/ 54U [GameAnalyzer] Income advantage is now SlightAdvantage
2022-10-24 14:40:09.687 | 03:58   13ms  180M   75G  35/ 54U [ActUnit] SCV from COMMANDCENTER at (69.5, 52.5)
2022-10-24 14:40:09.718 | 03:58   15ms  190M   75G  36/ 54U [GameAnalyzer] Income advantage is now SmallAdvantage
2022-10-24 14:40:09.719 | 03:58   15ms  140M   75G  36/ 54U [ActUnit] SCV from COMMANDCENTER at (44.5, 56.5)
2022-10-24 14:40:09.783 | 03:58   13ms   55M   75G  37/ 54U [GameAnalyzer] Income advantage is now SlightAdvantage
2022-10-24 14:40:10.002 | 04:00   13ms   75M   83G  37/ 54U [GameAnalyzer] Income advantage is now SmallAdvantage
2022-10-24 14:40:10.150 | 04:01   12ms  110M   87G  37/ 54U [GameAnalyzer] Income advantage is now SlightAdvantage
2022-10-24 14:40:10.185 | 04:01   15ms  115M   91G  37/ 54U [GameAnalyzer] Income advantage is now SmallAdvantage
2022-10-24 14:40:10.215 | 04:01   13ms  115M   91G  37/ 54U [GameAnalyzer] Income advantage is now SlightAdvantage
2022-10-24 14:40:10.250 | 04:01   13ms  125M   91G  37/ 54U [GameAnalyzer] Income advantage is now SmallAdvantage
2022-10-24 14:40:10.438 | 04:02   12ms  155M   99G  37/ 54U [GameAnalyzer] Income advantage is now SlightAdvantage
2022-10-24 14:40:10.663 | 04:03   14ms   45M    3G  37/ 54U [TerranUnit] BANSHEE from STARPORT at (48.5, 65.5)
2022-10-24 14:40:10.698 | 04:04   14ms   55M    7G  40/ 54U [GameAnalyzer] Income advantage is now SmallAdvantage
2022-10-24 14:40:10.770 | 04:04   16ms   55M    7G  40/ 54U [GameAnalyzer] Income advantage is now SlightAdvantage
2022-10-24 14:40:10.905 | 04:05   18ms   70M    7G  40/ 54U [GameAnalyzer] Income advantage is now SmallAdvantage
2022-10-24 14:40:11.063 | 04:05   16ms   75M   15G  40/ 54U [GameAnalyzer] Income advantage is now SlightAdvantage
2022-10-24 14:40:11.140 | 04:06   17ms   90M   15G  39/ 54U [GameAnalyzer] Income advantage is now SmallAdvantage
2022-10-24 14:40:11.467 | 04:07   15ms   25M   23G  39/ 54U [TerranUnit] HELLIONTANK from FACTORY at (51.5, 58.5)
2022-10-24 14:40:11.595 | 04:08   15ms   35M   23G  41/ 54U [GameAnalyzer] Income advantage is now SlightAdvantage
2022-10-24 14:40:11.655 | 04:08   18ms   45M   23G  41/ 54U [GameAnalyzer] Known army advantage is now SmallDisadvantage
2022-10-24 14:40:11.656 | 04:08   18ms   45M   23G  41/ 54U [GameAnalyzer] Predicted army advantage is now SmallDisadvantage
2022-10-24 14:40:11.703 | 04:08   18ms   60M   27G  41/ 54U [GameAnalyzer] Income advantage is now SmallAdvantage
2022-10-24 14:40:11.759 | 04:08   19ms   60M   31G  41/ 54U [GameAnalyzer] Income advantage is now Even
2022-10-24 14:40:12.133 | 04:10   18ms    5M   39G  41/ 54U [TerranUnit] HELLIONTANK from FACTORY at (51.5, 58.5)
2022-10-24 14:40:12.342 | 04:10   18ms   15M   39G  41/ 54U [GameAnalyzer] Income advantage is now SlightAdvantage
2022-10-24 14:40:12.474 | 04:11   19ms   40M   43G  40/ 54U [GameAnalyzer] Income advantage is now Even
2022-10-24 14:40:12.611 | 04:11   18ms   45M   47G  39/ 54U [GameAnalyzer] Income advantage is now SlightAdvantage
2022-10-24 14:40:12.696 | 04:12   17ms    0M   47G  38/ 54U [ActUnit] SCV from COMMANDCENTER at (44.5, 56.5)
2022-10-24 14:40:13.109 | 04:13   20ms    5M   47G  37/ 54U [GameAnalyzer] Predicted army advantage is now ClearDisadvantage
2022-10-24 14:40:13.385 | 04:14   18ms   25M   47G  35/ 54U [GameAnalyzer] Income advantage is now Even
2022-10-24 14:40:13.386 | 04:14   18ms   25M   47G  35/ 54U [GameAnalyzer] Known army advantage is now ClearDisadvantage
2022-10-24 14:40:13.481 | 04:15   17ms   40M   47G  35/ 54U [GameAnalyzer] Income advantage is now SlightAdvantage
2022-10-24 14:40:13.679 | 04:15   20ms   45M   55G  31/ 54U [GameAnalyzer] Income advantage is now Even
2022-10-24 14:40:13.757 | 04:16   15ms   45M   55G  31/ 54U [GameAnalyzer] Income advantage is now SlightAdvantage
2022-10-24 14:40:13.795 | 04:16   19ms    0M   55G  30/ 54U [ActUnit] SCV from COMMANDCENTER at (69.5, 52.5)
2022-10-24 14:40:13.928 | 04:16   16ms    5M   55G  31/ 54U [GameAnalyzer] Income advantage is now Even
2022-10-24 14:40:14.040 | 04:17   16ms   10M   55G  29/ 54U [GameAnalyzer] Income advantage is now SlightAdvantage
2022-10-24 14:40:14.156 | 04:17   15ms    8M   55G  28/ 54U [GameAnalyzer] Income advantage is now Even
2022-10-24 14:40:14.540 | 04:19   14ms   37M   63G  28/ 54U [GameAnalyzer] Income advantage is now SlightAdvantage
2022-10-24 14:40:14.613 | 04:20   14ms   37M   63G  28/ 54U [GameAnalyzer] Income advantage is now Even
2022-10-24 14:40:14.773 | 04:20   12ms   52M   63G  27/ 54U [GameAnalyzer] Income advantage is now SlightAdvantage
2022-10-24 14:40:14.776 | 04:20   12ms    2M   63G  27/ 54U [TerranUnit] MARINE from BARRACKS at (40.5, 61.5)
2022-10-24 14:40:14.879 | 04:21   12ms    2M   63G  28/ 54U [GameAnalyzer] Income advantage is now Even
2022-10-24 14:40:14.950 | 04:21   12ms    2M   67G  28/ 54U [GameAnalyzer] Income advantage is now SlightAdvantage
2022-10-24 14:40:15.049 | 04:22   12ms    7M   67G  28/ 54U [GameAnalyzer] Income advantage is now Even
2022-10-24 14:40:15.507 | 04:24   14ms   34M   79G  28/ 54U [GameAnalyzer] Income advantage is now SlightAdvantage
2022-10-24 14:40:15.541 | 04:25   14ms   34M   79G  28/ 54U [GameAnalyzer] Income advantage is now Even
2022-10-24 14:40:15.572 | 04:25   13ms   39M   79G  28/ 62U [GameAnalyzer] Income advantage is now SlightAdvantage
2022-10-24 14:40:15.638 | 04:25   12ms   49M   79G  28/ 62U [GameAnalyzer] Income advantage is now Even
2022-10-24 14:40:15.702 | 04:25   14ms   54M   79G  28/ 62U [GameAnalyzer] Income advantage is now SlightAdvantage
2022-10-24 14:40:15.703 | 04:25   14ms    4M   79G  28/ 62U [ActUnit] SCV from COMMANDCENTER at (44.5, 56.5)
2022-10-24 14:40:15.897 | 04:26   14ms    2M   87G  29/ 62U [GameAnalyzer] Income advantage is now Even
2022-10-24 14:40:15.961 | 04:27   13ms    7M   91G  29/ 62U [GameAnalyzer] Income advantage is now SlightAdvantage
2022-10-24 14:40:16.063 | 04:27   12ms   17M   91G  29/ 62U [GameAnalyzer] Income advantage is now Even
2022-10-24 14:40:16.127 | 04:28   12ms   21M   95G  29/ 62U [GameAnalyzer] Income advantage is now SlightAdvantage
2022-10-24 14:40:16.332 | 04:29   14ms   34M   99G  29/ 62U [GameAnalyzer] Income advantage is now Even
2022-10-24 14:40:16.400 | 04:29   15ms   39M   99G  29/ 62U [GameAnalyzer] Income advantage is now SlightAdvantage
2022-10-24 14:40:16.503 | 04:30   15ms   43M   99G  28/ 62U [GameAnalyzer] Income advantage is now Even
2022-10-24 14:40:16.607 | 04:30   17ms   53M  107G  28/ 62U [GameAnalyzer] Income advantage is now SlightAdvantage
2022-10-24 14:40:16.609 | 04:30   17ms    3M  107G  28/ 62U [ActUnit] SCV from COMMANDCENTER at (69.5, 52.5)
2022-10-24 14:40:16.747 | 04:31   16ms    8M  107G  29/ 62U [GameAnalyzer] Income advantage is now Even
2022-10-24 14:40:16.781 | 04:31   16ms    8M  107G  29/ 62U [GameAnalyzer] Income advantage is now SlightAdvantage
2022-10-24 14:40:17.193 | 04:33   14ms   38M  119G  29/ 62U [GameAnalyzer] Income advantage is now Even
2022-10-24 14:40:17.315 | 04:34   14ms    3M  119G  28/ 47U [TerranUnit] HELLIONTANK from FACTORY at (53.5, 55.5)
2022-10-24 14:40:17.453 | 04:35   15ms    8M  127G  30/ 47U [GameAnalyzer] Income advantage is now SlightDisadvantage
2022-10-24 14:40:17.486 | 04:35   15ms   13M  127G  30/ 47U [GameAnalyzer] Income advantage is now Even
2022-10-24 14:40:17.667 | 04:36   16ms   23M  131G  30/ 47U [GameAnalyzer] Income advantage is now SlightDisadvantage
2022-10-24 14:40:17.742 | 04:36   13ms   28M  135G  30/ 47U [GameAnalyzer] Income advantage is now Even
2022-10-24 14:40:18.092 | 04:38   15ms    3M  139G  28/ 47U [ActUnit] SCV from COMMANDCENTER at (44.5, 56.5)
2022-10-24 14:40:18.236 | 04:38   14ms   13M  139G  27/ 47U [GameAnalyzer] Income advantage is now SlightDisadvantage
2022-10-24 14:40:18.306 | 04:39   15ms   23M  143G  27/ 47U [GameAnalyzer] Income advantage is now Even
2022-10-24 14:40:18.307 | 04:39   15ms   23M  143G  27/ 47U [GameAnalyzer] Known army advantage is now SmallDisadvantage
2022-10-24 14:40:18.511 | 04:40   13ms   33M  147G  27/ 47U [GameAnalyzer] Income advantage is now SlightDisadvantage
2022-10-24 14:40:18.542 | 04:40   16ms   38M  147G  27/ 47U [GameAnalyzer] Income advantage is now Even
2022-10-24 14:40:18.716 | 04:41   13ms    3M  151G  27/ 47U [TerranUnit] MARINE from BARRACKS at (40.5, 61.5)
2022-10-24 14:40:19.118 | 04:43   13ms   28M  155G  28/ 47U [GameAnalyzer] Income advantage is now SlightDisadvantage
2022-10-24 14:40:19.187 | 04:43   14ms   33M  163G  28/ 47U [GameAnalyzer] Income advantage is now Even
2022-10-24 14:40:19.420 | 04:44   13ms   43M  163G  27/ 47U [GameAnalyzer] Income advantage is now SlightDisadvantage
2022-10-24 14:40:19.450 | 04:45   14ms   53M  163G  27/ 47U [GameAnalyzer] Income advantage is now Even
2022-10-24 14:40:19.580 | 04:45   14ms   68M  171G  27/ 47U [GameAnalyzer] Income advantage is now SlightDisadvantage
2022-10-24 14:40:19.643 | 04:46   12ms   73M  171G  27/ 47U [GameAnalyzer] Income advantage is now Even
2022-10-24 14:40:19.769 | 04:46   14ms   83M  171G  27/ 47U [GameAnalyzer] Predicted army advantage is now SmallDisadvantage
2022-10-24 14:40:19.810 | 04:46   15ms   83M  171G  27/ 47U [GameAnalyzer] Income advantage is now SlightDisadvantage
2022-10-24 14:40:19.846 | 04:47   15ms   83M  171G  27/ 47U [GameAnalyzer] Income advantage is now Even
2022-10-24 14:40:20.354 | 04:49   14ms  122M  187G  26/ 47U [GameAnalyzer] Income advantage is now SlightDisadvantage
2022-10-24 14:40:20.355 | 04:49   14ms  122M  187G  26/ 47U [GameAnalyzer] Known army advantage is now ClearDisadvantage
2022-10-24 14:40:20.356 | 04:49   14ms  122M  187G  26/ 47U [GameAnalyzer] Predicted army advantage is now ClearDisadvantage
2022-10-24 14:40:20.396 | 04:49   17ms  132M  187G  26/ 47U [GameAnalyzer] Income advantage is now Even
2022-10-24 14:40:20.435 | 04:50   17ms  137M  187G  26/ 47U [GameAnalyzer] Income advantage is now SlightDisadvantage
2022-10-24 14:40:20.513 | 04:50   15ms  142M  187G  26/ 47U [GameAnalyzer] Income advantage is now Even
2022-10-24 14:40:20.515 | 04:50   15ms   92M  187G  26/ 47U [ActUnit] SCV from COMMANDCENTER at (44.5, 56.5)
2022-10-24 14:40:20.673 | 04:50   13ms  102M  187G  27/ 39U [GameAnalyzer] Income advantage is now SlightDisadvantage
2022-10-24 14:40:20.710 | 04:51   16ms  107M  187G  27/ 39U [GameAnalyzer] Income advantage is now Even
2022-10-24 14:40:21.140 | 04:53   15ms  132M  191G  27/ 39U [GameAnalyzer] Income advantage is now SlightDisadvantage
2022-10-24 14:40:21.248 | 04:53   15ms  137M  199G  27/ 39U [GameAnalyzer] Income advantage is now Even
2022-10-24 14:40:21.390 | 04:54   14ms  147M  199G  27/ 39U [GameAnalyzer] Income advantage is now SlightDisadvantage
2022-10-24 14:40:21.526 | 04:55   41ms  162M  203G  27/ 39U [GameAnalyzer] Income advantage is now Even
2022-10-24 14:40:21.642 | 04:55   13ms  162M  207G  24/ 39U [GameAnalyzer] Income advantage is now SlightDisadvantage
2022-10-24 14:40:21.683 | 04:55   14ms   17M  107G  24/ 39U [TerranUnit] BANSHEE from STARPORT at (48.5, 65.5)
2022-10-24 14:40:21.716 | 04:55   17ms   17M  107G  27/ 39U [GameAnalyzer] Income advantage is now Even
2022-10-24 14:40:21.930 | 04:56   15ms   37M  107G  27/ 39U [GameAnalyzer] Income advantage is now SlightDisadvantage
2022-10-24 14:40:21.972 | 04:57   17ms   41M  107G  27/ 39U [GameAnalyzer] Income advantage is now Even
2022-10-24 14:40:22.183 | 04:58   14ms   50M  115G  25/ 39U [GameAnalyzer] Income advantage is now SlightDisadvantage
2022-10-24 14:40:22.217 | 04:58   14ms   55M  115G  25/ 39U [GameAnalyzer] Income advantage is now Even
2022-10-24 14:40:22.605 | 05:00   14ms   78M  123G  25/ 39U [GameAnalyzer] Income advantage is now SlightDisadvantage
2022-10-24 14:40:22.713 | 05:00   14ms   97M  123G  25/ 39U [GameAnalyzer] Income advantage is now Even
2022-10-24 14:40:22.891 | 05:01   14ms  101M  127G  24/ 39U [GameAnalyzer] Income advantage is now SlightDisadvantage
2022-10-24 14:40:22.922 | 05:01   14ms  106M  127G  24/ 39U [GameAnalyzer] Income advantage is now Even
2022-10-24 14:40:23.030 | 05:02   13ms   65M  131G  24/ 39U [ActUnit] SCV from COMMANDCENTER at (44.5, 56.5)
2022-10-24 14:40:23.171 | 05:03   13ms   68M  135G  25/ 39U [GameAnalyzer] Income advantage is now SlightDisadvantage
2022-10-24 14:40:23.210 | 05:03   20ms   68M  135G  25/ 39U [GameAnalyzer] Income advantage is now SmallDisadvantage
2022-10-24 14:40:23.615 | 05:05   17ms   65M  139G  24/ 39U [GameAnalyzer] Known army advantage is now OverwhelmingDisadvantage
2022-10-24 14:40:23.617 | 05:05   17ms   65M  139G  24/ 39U [GameAnalyzer] Predicted army advantage is now OverwhelmingDisadvantage
2022-10-24 14:40:25.540 | 05:14   14ms   42M  143G  15/ 39U [ActUnit] SCV from COMMANDCENTER at (44.5, 56.5)
2022-10-24 14:40:26.266 | 05:18   12ms   16M  142G  14/ 39U [TerranUnit] MARINE from BARRACKS at (40.5, 61.5)
2022-10-24 14:40:26.826 | 05:21   11ms   15M  142G  12/ 39U [GameAnalyzer] Income advantage is now ClearDisadvantage
2022-10-24 14:40:26.926 | 05:22   12ms   23M  142G  11/ 39U [GameAnalyzer] Income advantage is now SmallDisadvantage
2022-10-24 14:40:26.996 | 05:22   13ms   23M  142G   9/ 39U [GameAnalyzer] Income advantage is now ClearDisadvantage
2022-10-24 14:40:27.160 | 05:23   11ms   21M  142G   8/ 39U [GameAnalyzer] Income advantage is now SmallDisadvantage
2022-10-24 14:40:27.190 | 05:23   14ms   21M  142G   7/ 39U [GameAnalyzer] Income advantage is now ClearDisadvantage
2022-10-24 14:40:29.464 | 05:38   10ms   19M  142G   3/ 39U [GameAnalyzer] Known army advantage is now ClearDisadvantage
2022-10-24 14:40:31.659 | 05:51   12ms   19M  142G   3/ 24U [GameAnalyzer] Known army advantage is now SmallDisadvantage
2022-10-24 14:40:34.086 | 06:06   10ms   19M  142G   3/ 24U [GameAnalyzer] Known army advantage is now ClearDisadvantage
2022-10-24 14:40:34.228 | 06:07   12ms   19M  142G   3/ 24U [GameAnalyzer] Known army advantage is now SmallDisadvantage
2022-10-24 14:40:35.044 | 06:12   11ms   19M  142G   3/ 24U [GameAnalyzer] Known army advantage is now Even
2022-10-24 14:40:36.591 | 06:22   12ms   19M  142G   3/ 24U [GameAnalyzer] Known army advantage is now ClearDisadvantage
2022-10-24 14:40:38.193 | 06:33    9ms   19M  142G   0/ 24U [GameAnalyzer] Known army advantage is now SmallDisadvantage
2022-10-24 14:40:41.700 | INFO     | sc2.protocol:_execute:72 - Client status changed to Status.ended (was Status.in_game)
2022-10-24 14:40:41.701 | Result: Defeat
2022-10-24 14:40:41.702 | Duration: 06:58
2022-10-24 14:40:41.703 | Step time min: 5
2022-10-24 14:40:41.703 | Step time avg: 12
2022-10-24 14:40:41.704 | Step time max: 125
2022-10-24 14:40:41.705 | [LostUnitsContents] My lost units minerals and gas: (3950, 500)
2022-10-24 14:40:41.705 | [LostUnitsContents] My lost units minerals by score: 4818.0
2022-10-24 14:40:41.706 | [LostUnitsContents] Enemy lost units minerals and gas: (1450, 125)
2022-10-24 14:40:41.706 | [LostUnitsContents] Enemy lost units minerals by score: 1450.0
2022-10-24 14:40:41.707 | [GameAnalyzerEnd] Own units:
2022-10-24 14:40:41.708 | [GameAnalyzerEnd] SCV               total:  34 alive:   0 dead:  34 
2022-10-24 14:40:41.708 | [GameAnalyzerEnd] MARINE            total:   9 alive:   0 dead:   9 
2022-10-24 14:40:41.709 | [GameAnalyzerEnd] HELLIONTANK       total:   5 alive:   0 dead:   5 
2022-10-24 14:40:41.710 | [GameAnalyzerEnd] SUPPLYDEPOT       total:   4 alive:   3 dead:   1 
2022-10-24 14:40:41.711 | [GameAnalyzerEnd] REACTOR           total:   2 alive:   2 dead:   0 
2022-10-24 14:40:41.711 | [GameAnalyzerEnd] REFINERY          total:   2 alive:   2 dead:   0 
2022-10-24 14:40:41.712 | [GameAnalyzerEnd] ORBITALCOMMAND    total:   2 alive:   0 dead:   2 
2022-10-24 14:40:41.713 | [GameAnalyzerEnd] BANSHEE           total:   2 alive:   0 dead:   2 
2022-10-24 14:40:41.717 | [GameAnalyzerEnd] FACTORY           total:   2 alive:   0 dead:   2 
2022-10-24 14:40:41.718 | [GameAnalyzerEnd] TECHLAB           total:   1 alive:   1 dead:   0 
2022-10-24 14:40:41.719 | [GameAnalyzerEnd] ARMORY            total:   1 alive:   1 dead:   0 
2022-10-24 14:40:41.719 | [GameAnalyzerEnd] STARPORT          total:   1 alive:   0 dead:   1 
2022-10-24 14:40:41.720 | [GameAnalyzerEnd] BARRACKS          total:   1 alive:   0 dead:   1 
2022-10-24 14:40:41.721 | [GameAnalyzerEnd] Enemy units:
2022-10-24 14:40:41.721 | [GameAnalyzerEnd] SCV               total:  26 alive:  26 dead:   0 
2022-10-24 14:40:41.722 | [GameAnalyzerEnd] MARINE            total:  22 alive:   3 dead:  19 
2022-10-24 14:40:41.722 | [GameAnalyzerEnd] MARAUDER          total:   8 alive:   3 dead:   5 
2022-10-24 14:40:41.723 | [GameAnalyzerEnd] SUPPLYDEPOT       total:   6 alive:   6 dead:   0 
2022-10-24 14:40:41.723 | [GameAnalyzerEnd] BARRACKS          total:   3 alive:   3 dead:   0 
2022-10-24 14:40:41.724 | [GameAnalyzerEnd] REFINERY          total:   2 alive:   2 dead:   0 
2022-10-24 14:40:41.725 | [GameAnalyzerEnd] TECHLAB           total:   2 alive:   2 dead:   0 
2022-10-24 14:40:41.726 | [GameAnalyzerEnd] COMMANDCENTER     total:   1 alive:   1 dead:   0 
2022-10-24 14:40:41.727 | [GameAnalyzerEnd] FACTORY           total:   1 alive:   1 dead:   0 
2022-10-24 14:40:41.728 | [GameAnalyzerEnd] ORBITALCOMMAND    total:   1 alive:   1 dead:   0 
2022-10-24 14:40:41.728 | [GameAnalyzerEnd] ENGINEERINGBAY    total:   1 alive:   1 dead:   0 
2022-10-24 14:40:41.729 | [GameAnalyzerEnd] Minerals max 390 Average 100
2022-10-24 14:40:41.730 | [GameAnalyzerEnd] Vespene max 207 Average 78
2022-10-24 14:40:41.733 | INFO     | sc2.main:_play_game:228 - Result for player 1 - Bot Turtles(Terran): Defeat
2022-10-24 14:40:42.755 | INFO     | sc2.protocol:__request:48 - Cannot receive: Game has already ended.
2022-10-24 14:40:42.756 | INFO     | sc2.sc2process:_close_connection:231 - Closing connection at 57301...
2022-10-24 14:40:42.757 | INFO     | sc2.sc2process:kill_all:33 - kill_switch: Process cleanup for 1 processes
