2022-11-15 12:01:53.514 | INFO     | sc2.protocol:_execute:72 - Client status changed to Status.launched (was None)
2022-11-15 12:01:53.516 | INFO     | sc2.controller:create_game:37 - Creating new game
2022-11-15 12:01:53.517 | INFO     | sc2.controller:create_game:38 - Map:     JagannathaAIE
2022-11-15 12:01:53.518 | INFO     | sc2.controller:create_game:39 - Players: Bot Turtles(Terran), Computer VeryHard(Random, RandomBuild)
2022-11-15 12:01:53.519 | INFO     | sc2.protocol:_execute:72 - Client status changed to Status.init_game (was Status.launched)
2022-11-15 12:02:02.370 | INFO     | sc2.protocol:_execute:72 - Client status changed to Status.in_game (was None)
2022-11-15 12:02:02.372 | INFO     | sc2.main:_play_game:221 - Player 1 - Bot Turtles(Terran)
2022-11-15 12:02:02.992 | 00:00    0ms    0M    0G  12/ 15U [Version] 5.0.10.88500
2022-11-15 12:02:02.993 | 00:00    0ms    0M    0G  12/ 15U [Version] 5.0.6 Balance mod recognized.
2022-11-15 12:02:03.066 | 00:00    0ms    0M    0G  12/ 15U [ZoneManager] Map set to: MapName.Jagannatha from name: Jagannatha AIE and hash: 3355197.
2022-11-15 12:02:03.777 | [Start] My race: Terran
2022-11-15 12:02:03.779 | [Start] Opponent race: Random
2022-11-15 12:02:03.779 | [Start] OpponentId: None
2022-11-15 12:02:03.987 | 00:00    7ms    0M    0G  13/ 15U [GameAnalyzer] Income advantage is now SlightDisadvantage
2022-11-15 12:02:04.072 | 00:01    7ms    0M    0G  13/ 15U [GameAnalyzer] Income advantage is now Even
2022-11-15 12:02:05.634 | 00:15    6ms    5M    0G  13/ 15U [ActUnit] SCV from COMMANDCENTER at (41.5, 34.5)
2022-11-15 12:02:07.018 | 00:27    7ms  105M    0G  14/ 15U [ActUnit] SCV from COMMANDCENTER at (41.5, 34.5)
2022-11-15 12:02:08.012 | 00:35    8ms  220M    0G  15/ 15U [GameAnalyzer] Income advantage is now SlightDisadvantage
2022-11-15 12:02:08.033 | 00:35    8ms  220M    0G  15/ 15U [GameAnalyzer] Income advantage is now Even
2022-11-15 12:02:08.265 | 00:37    7ms   15M    0G  15/ 23U [BuildGas] Building REFINERY to (34.5, 37.5)
2022-11-15 12:02:08.584 | 00:40    7ms    0M    0G  15/ 23U [ActUnit] SCV from COMMANDCENTER at (41.5, 34.5)
2022-11-15 12:02:10.146 | INFO     | sc2.protocol:_execute:72 - Client status changed to Status.ended (was Status.in_game)
2022-11-15 12:02:10.148 | Result: Defeat
2022-11-15 12:02:10.149 | Duration: 00:51
2022-11-15 12:02:10.150 | Step time min: 6
2022-11-15 12:02:10.150 | Step time avg: 7
2022-11-15 12:02:10.151 | Step time max: 71
2022-11-15 12:02:10.151 | [LostUnitsContents] My lost units minerals and gas: (0, 0)
2022-11-15 12:02:10.152 | [LostUnitsContents] My lost units minerals by score: 0.0
2022-11-15 12:02:10.153 | [LostUnitsContents] Enemy lost units minerals and gas: (0, 0)
2022-11-15 12:02:10.153 | [LostUnitsContents] Enemy lost units minerals by score: 0.0
2022-11-15 12:02:10.155 | [GameAnalyzerEnd] Own units:
2022-11-15 12:02:10.156 | [GameAnalyzerEnd] SCV               total:  15 alive:  15 dead:   0 
2022-11-15 12:02:10.156 | [GameAnalyzerEnd] COMMANDCENTER     total:   1 alive:   1 dead:   0 
2022-11-15 12:02:10.157 | [GameAnalyzerEnd] REFINERY          total:   1 alive:   1 dead:   0 
2022-11-15 12:02:10.158 | [GameAnalyzerEnd] SUPPLYDEPOT       total:   1 alive:   1 dead:   0 
2022-11-15 12:02:10.158 | [GameAnalyzerEnd] BARRACKS          total:   1 alive:   1 dead:   0 
2022-11-15 12:02:10.159 | [GameAnalyzerEnd] Enemy units:
2022-11-15 12:02:10.159 | [GameAnalyzerEnd] Minerals max 225 Average 75
2022-11-15 12:02:10.160 | [GameAnalyzerEnd] Vespene max 0 Average 0
2022-11-15 12:02:10.161 | INFO     | sc2.main:_play_game:228 - Result for player 1 - Bot Turtles(Terran): Defeat
2022-11-15 12:02:11.404 | INFO     | sc2.protocol:__request:48 - Cannot receive: Game has already ended.
2022-11-15 12:02:11.405 | INFO     | sc2.sc2process:_close_connection:231 - Closing connection at 50101...
2022-11-15 12:02:11.406 | INFO     | sc2.sc2process:kill_all:33 - kill_switch: Process cleanup for 1 processes
