2022-11-04 22:05:58.897 | INFO     | sc2.protocol:_execute:72 - Client status changed to Status.launched (was None)
2022-11-04 22:05:58.899 | INFO     | sc2.controller:create_game:37 - Creating new game
2022-11-04 22:05:58.900 | INFO     | sc2.controller:create_game:38 - Map:     2000AtmospheresAIE
2022-11-04 22:05:58.902 | INFO     | sc2.controller:create_game:39 - Players: Bot Turtles(Terran), Computer VeryHard(Random, RandomBuild)
2022-11-04 22:05:58.904 | INFO     | sc2.protocol:_execute:72 - Client status changed to Status.init_game (was Status.launched)
2022-11-04 22:06:08.369 | INFO     | sc2.protocol:_execute:72 - Client status changed to Status.in_game (was None)
2022-11-04 22:06:08.372 | INFO     | sc2.main:_play_game:221 - Player 1 - Bot Turtles(Terran)
2022-11-04 22:06:09.123 | 00:00    0ms    0M    0G  12/ 15U [Version] 5.0.10.88500
2022-11-04 22:06:09.125 | 00:00    0ms    0M    0G  12/ 15U [Version] 5.0.6 Balance mod recognized.
2022-11-04 22:06:09.218 | 00:00    0ms    0M    0G  12/ 15U [ZoneManager] Map set to: MapName.Atmospheres2000 from name: 2000 Atmospheres AIE and hash: 3307847.
2022-11-04 22:06:10.225 | ERROR    | sc2.main:initialize_first_step:140 - Caught unknown exception in AI on_start: 'ExecuteDecisions' object has no attribute 'unit_type'
Traceback (most recent call last):

  File "C:\Users\sword\OneDrive\Desktop\27turtles\run.py", line 18, in <module>
    main()
    └ <function main at 0x000002BE8F244820>

  File "C:\Users\sword\OneDrive\Desktop\27turtles\run.py", line 13, in main
    result, opponentid = run_ladder_game(bot)
                         │               └ <sc2.player.Bot object at 0x000002BE8F25D150>
                         └ <function run_ladder_game at 0x000002BEEC889360>

  File "C:\Users\sword\OneDrive\Desktop\27turtles\ladder.py", line 39, in run_ladder_game
    return stand_alone_game(bot), None
           │                └ <sc2.player.Bot object at 0x000002BE8F25D150>
           └ <function stand_alone_game at 0x000002BEFE8095A0>

  File "C:\Users\sword\OneDrive\Desktop\27turtles\ladder.py", line 168, in stand_alone_game
    return sc2.main.run_game(sc2.maps.get(map_name), [bot, Computer(Race.Random, Difficulty.VeryHard)], realtime=False,)
           │   │    │        │   │    │   │           │    │        │    │       │          └ <Difficulty.VeryHard: 7>
           │   │    │        │   │    │   │           │    │        │    │       └ <enum 'Difficulty'>
           │   │    │        │   │    │   │           │    │        │    └ <Race.Random: 4>
           │   │    │        │   │    │   │           │    │        └ <enum 'Race'>
           │   │    │        │   │    │   │           │    └ <class 'sc2.player.Computer'>
           │   │    │        │   │    │   │           └ <sc2.player.Bot object at 0x000002BE8F25D150>
           │   │    │        │   │    │   └ '2000AtmospheresAIE'
           │   │    │        │   │    └ <function get at 0x000002BEFE8B84C0>
           │   │    │        │   └ <module 'sc2.maps' from 'C:\\Users\\sword\\OneDrive\\Desktop\\27turtles\\sc2\\maps.py'>
           │   │    │        └ <module 'sc2' from 'C:\\Users\\sword\\OneDrive\\Desktop\\27turtles\\sc2\\__init__.py'>
           │   │    └ <function run_game at 0x000002BEFE998DC0>
           │   └ <module 'sc2.main' from 'C:\\Users\\sword\\OneDrive\\Desktop\\27turtles\\sc2\\main.py'>
           └ <module 'sc2' from 'C:\\Users\\sword\\OneDrive\\Desktop\\27turtles\\sc2\\__init__.py'>

  File "C:\Users\sword\OneDrive\Desktop\27turtles\sc2\main.py", line 496, in run_game
    result: Result = asyncio.run(_host_game(map_settings, players, **kwargs))
                     │       │   │          │             │          └ {'realtime': False}
                     │       │   │          │             └ [<sc2.player.Bot object at 0x000002BE8F25D150>, <sc2.player.Computer object at 0x000002BE8F25DB70>]
                     │       │   │          └ Map(C:\Program Files (x86)\StarCraft II\maps\2000AtmospheresAIE.SC2Map)
                     │       │   └ <function _host_game at 0x000002BEFE9989D0>
                     │       └ <function run at 0x000002BEEE53D7E0>
                     └ <module 'asyncio' from 'C:\\Users\\sword\\AppData\\Local\\Programs\\Python\\Python310\\lib\\asyncio\\__init__.py'>

  File "C:\Users\sword\AppData\Local\Programs\Python\Python310\lib\asyncio\runners.py", line 44, in run
    return loop.run_until_complete(main)
           │    │                  └ <coroutine object _host_game at 0x000002BE8F0D3F40>
           │    └ <function BaseEventLoop.run_until_complete at 0x000002BEEE53F1C0>
           └ <ProactorEventLoop running=True closed=False debug=False>

  File "C:\Users\sword\AppData\Local\Programs\Python\Python310\lib\asyncio\base_events.py", line 633, in run_until_complete
    self.run_forever()
    │    └ <function ProactorEventLoop.run_forever at 0x000002BEEE5EBBE0>
    └ <ProactorEventLoop running=True closed=False debug=False>

  File "C:\Users\sword\AppData\Local\Programs\Python\Python310\lib\asyncio\windows_events.py", line 321, in run_forever
    super().run_forever()

  File "C:\Users\sword\AppData\Local\Programs\Python\Python310\lib\asyncio\base_events.py", line 600, in run_forever
    self._run_once()
    │    └ <function BaseEventLoop._run_once at 0x000002BEEE544CA0>
    └ <ProactorEventLoop running=True closed=False debug=False>

  File "C:\Users\sword\AppData\Local\Programs\Python\Python310\lib\asyncio\base_events.py", line 1896, in _run_once
    handle._run()
    │      └ <function Handle._run at 0x000002BEEE4AC280>
    └ <Handle Task.task_wakeup(<Future finished result=None>)>

  File "C:\Users\sword\AppData\Local\Programs\Python\Python310\lib\asyncio\events.py", line 80, in _run
    self._context.run(self._callback, *self._args)
    │    │            │    │           │    └ <member '_args' of 'Handle' objects>
    │    │            │    │           └ <Handle Task.task_wakeup(<Future finished result=None>)>
    │    │            │    └ <member '_callback' of 'Handle' objects>
    │    │            └ <Handle Task.task_wakeup(<Future finished result=None>)>
    │    └ <member '_context' of 'Handle' objects>
    └ <Handle Task.task_wakeup(<Future finished result=None>)>

  File "C:\Users\sword\OneDrive\Desktop\27turtles\sc2\main.py", line 369, in _host_game
    result = await _play_game(players[0], client, realtime, portconfig, game_time_limit, rgb_render_config)
                   │          │           │       │         │           │                └ None
                   │          │           │       │         │           └ None
                   │          │           │       │         └ None
                   │          │           │       └ False
                   │          │           └ <sc2.client.Client object at 0x000002BE8F25EB00>
                   │          └ [<sc2.player.Bot object at 0x000002BE8F25D150>, <sc2.player.Computer object at 0x000002BE8F25DB70>]
                   └ <function _play_game at 0x000002BEFE998820>

  File "C:\Users\sword\OneDrive\Desktop\27turtles\sc2\main.py", line 226, in _play_game
    result = await _play_game_ai(client, player_id, player.ai, realtime, game_time_limit)
                   │             │       │          │      │   │         └ None
                   │             │       │          │      │   └ False
                   │             │       │          │      └ <turtles.bot.Turtles object at 0x000002BEEE536C80>
                   │             │       │          └ <sc2.player.Bot object at 0x000002BE8F25D150>
                   │             │       └ 1
                   │             └ <sc2.client.Client object at 0x000002BE8F25EB00>
                   └ <function _play_game_ai at 0x000002BEFE998670>

  File "C:\Users\sword\OneDrive\Desktop\27turtles\sc2\main.py", line 145, in _play_game_ai
    result = await initialize_first_step()
                   └ <function _play_game_ai.<locals>.initialize_first_step at 0x000002BE8F2452D0>

> File "C:\Users\sword\OneDrive\Desktop\27turtles\sc2\main.py", line 136, in initialize_first_step
    await ai.on_start()
          │  └ <function KnowledgeBot.on_start at 0x000002BE8EF06CB0>
          └ <turtles.bot.Turtles object at 0x000002BEEE536C80>

  File "C:\Users\sword\OneDrive\Desktop\27turtles\sharpy\knowledges\knowledge_bot.py", line 71, in on_start
    await self.knowledge.start()
          │    │         └ <function Knowledge.start at 0x000002BEFEA1B010>
          │    └ <sharpy.knowledges.knowledge.Knowledge object at 0x000002BEEC516590>
          └ <turtles.bot.Turtles object at 0x000002BEEE536C80>

  File "C:\Users\sword\OneDrive\Desktop\27turtles\sharpy\knowledges\knowledge.py", line 151, in start
    await manager.post_start()
          │       └ <function ActManager.post_start at 0x000002BEFE884F70>
          └ <sharpy.managers.core.act_manager.ActManager object at 0x000002BE8F493DC0>

  File "C:\Users\sword\OneDrive\Desktop\27turtles\sharpy\managers\core\act_manager.py", line 29, in post_start
    await self.start_component(self._act, self.knowledge)
          │    │               │    │     │    └ <sharpy.knowledges.knowledge.Knowledge object at 0x000002BEEC516590>
          │    │               │    │     └ <sharpy.managers.core.act_manager.ActManager object at 0x000002BE8F493DC0>
          │    │               │    └ <sharpy.plans.build_order.BuildOrder object at 0x000002BE91064EB0>
          │    │               └ <sharpy.managers.core.act_manager.ActManager object at 0x000002BE8F493DC0>
          │    └ <function Component.start_component at 0x000002BEFE80A050>
          └ <sharpy.managers.core.act_manager.ActManager object at 0x000002BE8F493DC0>

  File "C:\Users\sword\OneDrive\Desktop\27turtles\sharpy\general\component.py", line 77, in start_component
    await component.start(knowledge)
          │         │     └ <sharpy.knowledges.knowledge.Knowledge object at 0x000002BEEC516590>
          │         └ <function BuildOrder.start at 0x000002BE8EF1F640>
          └ <sharpy.plans.build_order.BuildOrder object at 0x000002BE91064EB0>

  File "C:\Users\sword\OneDrive\Desktop\27turtles\sharpy\plans\build_order.py", line 285, in start
    await self.start_component(order, knowledge)
          │    │               │      └ <sharpy.knowledges.knowledge.Knowledge object at 0x000002BEEC516590>
          │    │               └ <turtles.reactivebio.ReactiveBio object at 0x000002BE9103B3A0>
          │    └ <function Component.start_component at 0x000002BEFE80A050>
          └ <sharpy.plans.build_order.BuildOrder object at 0x000002BE91064EB0>

  File "C:\Users\sword\OneDrive\Desktop\27turtles\sharpy\general\component.py", line 77, in start_component
    await component.start(knowledge)
          │         │     └ <sharpy.knowledges.knowledge.Knowledge object at 0x000002BEEC516590>
          │         └ <function ReactiveBio.start at 0x000002BE8F0BF910>
          └ <turtles.reactivebio.ReactiveBio object at 0x000002BE9103B3A0>

  File "C:\Users\sword\OneDrive\Desktop\27turtles\turtles\reactivebio.py", line 185, in start
    await super().start(knowledge)
                        └ <sharpy.knowledges.knowledge.Knowledge object at 0x000002BEEC516590>

  File "C:\Users\sword\OneDrive\Desktop\27turtles\sharpy\plans\build_order.py", line 285, in start
    await self.start_component(order, knowledge)
          │    │               │      └ <sharpy.knowledges.knowledge.Knowledge object at 0x000002BEEC516590>
          │    │               └ <sharpy.plans.sequential_list.SequentialList object at 0x000002BE91064A30>
          │    └ <function Component.start_component at 0x000002BEFE80A050>
          └ <turtles.reactivebio.ReactiveBio object at 0x000002BE9103B3A0>

  File "C:\Users\sword\OneDrive\Desktop\27turtles\sharpy\general\component.py", line 77, in start_component
    await component.start(knowledge)
          │         │     └ <sharpy.knowledges.knowledge.Knowledge object at 0x000002BEEC516590>
          │         └ <function SubActs.start at 0x000002BE8EF1F130>
          └ <sharpy.plans.sequential_list.SequentialList object at 0x000002BE91064A30>

  File "C:\Users\sword\OneDrive\Desktop\27turtles\sharpy\plans\sub_acts.py", line 44, in start
    await self.start_component(order, knowledge)
          │    │               │      └ <sharpy.knowledges.knowledge.Knowledge object at 0x000002BEEC516590>
          │    │               └ <turtles.decisions.unitdecisions.ExecuteDecisions object at 0x000002BE910645B0>
          │    └ <function Component.start_component at 0x000002BEFE80A050>
          └ <sharpy.plans.sequential_list.SequentialList object at 0x000002BE91064A30>

  File "C:\Users\sword\OneDrive\Desktop\27turtles\sharpy\general\component.py", line 77, in start_component
    await component.start(knowledge)
          │         │     └ <sharpy.knowledges.knowledge.Knowledge object at 0x000002BEEC516590>
          │         └ <function GridBuilding.start at 0x000002BE8EF1CA60>
          └ <turtles.decisions.unitdecisions.ExecuteDecisions object at 0x000002BE910645B0>

  File "C:\Users\sword\OneDrive\Desktop\27turtles\sharpy\plans\acts\grid_building.py", line 96, in start
    if self.unit_type != UnitTypeId.PYLON:
       │                 │          └ UnitTypeId.PYLON
       │                 └ <enum 'UnitTypeId'>
       └ <turtles.decisions.unitdecisions.ExecuteDecisions object at 0x000002BE910645B0>

AttributeError: 'ExecuteDecisions' object has no attribute 'unit_type'
2022-11-04 22:06:10.360 | ERROR    | sc2.main:initialize_first_step:141 - Resigning due to previous error
2022-11-04 22:06:10.362 | Result: Defeat
2022-11-04 22:06:10.363 | Duration: 00:00
2022-11-04 22:06:10.365 | Step time avg: 0
2022-11-04 22:06:10.367 | Step time max: 0
2022-11-04 22:06:10.367 | [LostUnitsContents] My lost units minerals and gas: (0, 0)
2022-11-04 22:06:10.368 | [LostUnitsContents] My lost units minerals by score: 0.0
2022-11-04 22:06:10.368 | [LostUnitsContents] Enemy lost units minerals and gas: (0, 0)
2022-11-04 22:06:10.371 | [LostUnitsContents] Enemy lost units minerals by score: 0.0
2022-11-04 22:06:10.372 | [GameAnalyzerEnd] Own units:
2022-11-04 22:06:10.373 | [GameAnalyzerEnd] Enemy units:
2022-11-04 22:06:10.374 | [GameAnalyzerEnd] Minerals max 0 Average 0
2022-11-04 22:06:10.374 | [GameAnalyzerEnd] Vespene max 0 Average 0
2022-11-04 22:06:10.375 | INFO     | sc2.main:_play_game:228 - Result for player 1 - Bot Turtles(Terran): Defeat
2022-11-04 22:06:11.320 | INFO     | sc2.protocol:_execute:72 - Client status changed to Status.launched (was Status.in_game)
2022-11-04 22:06:11.326 | INFO     | sc2.protocol:_execute:72 - Client status changed to Status.quit (was Status.launched)
2022-11-04 22:06:11.327 | INFO     | sc2.sc2process:_close_connection:231 - Closing connection at 55598...
2022-11-04 22:06:11.329 | INFO     | sc2.sc2process:kill_all:33 - kill_switch: Process cleanup for 1 processes
