2022-11-04 22:07:19.300 | INFO     | sc2.protocol:_execute:72 - Client status changed to Status.launched (was None)
2022-11-04 22:07:19.302 | INFO     | sc2.controller:create_game:37 - Creating new game
2022-11-04 22:07:19.303 | INFO     | sc2.controller:create_game:38 - Map:     RomanticideAIE
2022-11-04 22:07:19.305 | INFO     | sc2.controller:create_game:39 - Players: Bot Turtles(Terran), Computer VeryHard(Random, RandomBuild)
2022-11-04 22:07:19.307 | INFO     | sc2.protocol:_execute:72 - Client status changed to Status.init_game (was Status.launched)
2022-11-04 22:07:29.002 | INFO     | sc2.protocol:_execute:72 - Client status changed to Status.in_game (was None)
2022-11-04 22:07:29.004 | INFO     | sc2.main:_play_game:221 - Player 1 - Bot Turtles(Terran)
2022-11-04 22:07:29.630 | 00:00    0ms    0M    0G  12/ 15U [Version] 5.0.10.88500
2022-11-04 22:07:29.631 | 00:00    0ms    0M    0G  12/ 15U [Version] 5.0.6 Balance mod recognized.
2022-11-04 22:07:29.703 | 00:00    0ms    0M    0G  12/ 15U [ZoneManager] Map set to: MapName.RomanticideLE from name: Romanticide AIE and hash: 3756032.
2022-11-04 22:07:30.440 | ERROR    | sc2.main:initialize_first_step:140 - Caught unknown exception in AI on_start: 'ExecuteDecisions' object has no attribute 'unit_type'
Traceback (most recent call last):

  File "C:\Users\sword\OneDrive\Desktop\27turtles\run.py", line 18, in <module>
    main()
    └ <function main at 0x000001A8218988B0>

  File "C:\Users\sword\OneDrive\Desktop\27turtles\run.py", line 13, in main
    result, opponentid = run_ladder_game(bot)
                         │               └ <sc2.player.Bot object at 0x000001A8218AD120>
                         └ <function run_ladder_game at 0x000001A87F069360>

  File "C:\Users\sword\OneDrive\Desktop\27turtles\ladder.py", line 39, in run_ladder_game
    return stand_alone_game(bot), None
           │                └ <sc2.player.Bot object at 0x000001A8218AD120>
           └ <function stand_alone_game at 0x000001A81EFA95A0>

  File "C:\Users\sword\OneDrive\Desktop\27turtles\ladder.py", line 168, in stand_alone_game
    return sc2.main.run_game(sc2.maps.get(map_name), [bot, Computer(Race.Random, Difficulty.VeryHard)], realtime=False,)
           │   │    │        │   │    │   │           │    │        │    │       │          └ <Difficulty.VeryHard: 7>
           │   │    │        │   │    │   │           │    │        │    │       └ <enum 'Difficulty'>
           │   │    │        │   │    │   │           │    │        │    └ <Race.Random: 4>
           │   │    │        │   │    │   │           │    │        └ <enum 'Race'>
           │   │    │        │   │    │   │           │    └ <class 'sc2.player.Computer'>
           │   │    │        │   │    │   │           └ <sc2.player.Bot object at 0x000001A8218AD120>
           │   │    │        │   │    │   └ 'RomanticideAIE'
           │   │    │        │   │    └ <function get at 0x000001A81F0584C0>
           │   │    │        │   └ <module 'sc2.maps' from 'C:\\Users\\sword\\OneDrive\\Desktop\\27turtles\\sc2\\maps.py'>
           │   │    │        └ <module 'sc2' from 'C:\\Users\\sword\\OneDrive\\Desktop\\27turtles\\sc2\\__init__.py'>
           │   │    └ <function run_game at 0x000001A81F138DC0>
           │   └ <module 'sc2.main' from 'C:\\Users\\sword\\OneDrive\\Desktop\\27turtles\\sc2\\main.py'>
           └ <module 'sc2' from 'C:\\Users\\sword\\OneDrive\\Desktop\\27turtles\\sc2\\__init__.py'>

  File "C:\Users\sword\OneDrive\Desktop\27turtles\sc2\main.py", line 496, in run_game
    result: Result = asyncio.run(_host_game(map_settings, players, **kwargs))
                     │       │   │          │             │          └ {'realtime': False}
                     │       │   │          │             └ [<sc2.player.Bot object at 0x000001A8218AD120>, <sc2.player.Computer object at 0x000001A8218ADC00>]
                     │       │   │          └ Map(C:\Program Files (x86)\StarCraft II\maps\RomanticideAIE.SC2Map)
                     │       │   └ <function _host_game at 0x000001A81F1389D0>
                     │       └ <function run at 0x000001A87F90D7E0>
                     └ <module 'asyncio' from 'C:\\Users\\sword\\AppData\\Local\\Programs\\Python\\Python310\\lib\\asyncio\\__init__.py'>

  File "C:\Users\sword\AppData\Local\Programs\Python\Python310\lib\asyncio\runners.py", line 44, in run
    return loop.run_until_complete(main)
           │    │                  └ <coroutine object _host_game at 0x000001A8218C8430>
           │    └ <function BaseEventLoop.run_until_complete at 0x000001A87F90F1C0>
           └ <ProactorEventLoop running=True closed=False debug=False>

  File "C:\Users\sword\AppData\Local\Programs\Python\Python310\lib\asyncio\base_events.py", line 633, in run_until_complete
    self.run_forever()
    │    └ <function ProactorEventLoop.run_forever at 0x000001A87F9BBBE0>
    └ <ProactorEventLoop running=True closed=False debug=False>

  File "C:\Users\sword\AppData\Local\Programs\Python\Python310\lib\asyncio\windows_events.py", line 321, in run_forever
    super().run_forever()

  File "C:\Users\sword\AppData\Local\Programs\Python\Python310\lib\asyncio\base_events.py", line 600, in run_forever
    self._run_once()
    │    └ <function BaseEventLoop._run_once at 0x000001A87F910CA0>
    └ <ProactorEventLoop running=True closed=False debug=False>

  File "C:\Users\sword\AppData\Local\Programs\Python\Python310\lib\asyncio\base_events.py", line 1896, in _run_once
    handle._run()
    │      └ <function Handle._run at 0x000001A87F87C280>
    └ <Handle Task.task_wakeup(<Future finished result=None>)>

  File "C:\Users\sword\AppData\Local\Programs\Python\Python310\lib\asyncio\events.py", line 80, in _run
    self._context.run(self._callback, *self._args)
    │    │            │    │           │    └ <member '_args' of 'Handle' objects>
    │    │            │    │           └ <Handle Task.task_wakeup(<Future finished result=None>)>
    │    │            │    └ <member '_callback' of 'Handle' objects>
    │    │            └ <Handle Task.task_wakeup(<Future finished result=None>)>
    │    └ <member '_context' of 'Handle' objects>
    └ <Handle Task.task_wakeup(<Future finished result=None>)>

  File "C:\Users\sword\OneDrive\Desktop\27turtles\sc2\main.py", line 369, in _host_game
    result = await _play_game(players[0], client, realtime, portconfig, game_time_limit, rgb_render_config)
                   │          │           │       │         │           │                └ None
                   │          │           │       │         │           └ None
                   │          │           │       │         └ None
                   │          │           │       └ False
                   │          │           └ <sc2.client.Client object at 0x000001A8218AEB00>
                   │          └ [<sc2.player.Bot object at 0x000001A8218AD120>, <sc2.player.Computer object at 0x000001A8218ADC00>]
                   └ <function _play_game at 0x000001A81F138820>

  File "C:\Users\sword\OneDrive\Desktop\27turtles\sc2\main.py", line 226, in _play_game
    result = await _play_game_ai(client, player_id, player.ai, realtime, game_time_limit)
                   │             │       │          │      │   │         └ None
                   │             │       │          │      │   └ False
                   │             │       │          │      └ <turtles.bot.Turtles object at 0x000001A87F906C80>
                   │             │       │          └ <sc2.player.Bot object at 0x000001A8218AD120>
                   │             │       └ 1
                   │             └ <sc2.client.Client object at 0x000001A8218AEB00>
                   └ <function _play_game_ai at 0x000001A81F138670>

  File "C:\Users\sword\OneDrive\Desktop\27turtles\sc2\main.py", line 145, in _play_game_ai
    result = await initialize_first_step()
                   └ <function _play_game_ai.<locals>.initialize_first_step at 0x000001A821899000>

> File "C:\Users\sword\OneDrive\Desktop\27turtles\sc2\main.py", line 136, in initialize_first_step
    await ai.on_start()
          │  └ <function KnowledgeBot.on_start at 0x000001A821556CB0>
          └ <turtles.bot.Turtles object at 0x000001A87F906C80>

  File "C:\Users\sword\OneDrive\Desktop\27turtles\sharpy\knowledges\knowledge_bot.py", line 71, in on_start
    await self.knowledge.start()
          │    │         └ <function Knowledge.start at 0x000001A81F1BB010>
          │    └ <sharpy.knowledges.knowledge.Knowledge object at 0x000001A87ECF6590>
          └ <turtles.bot.Turtles object at 0x000001A87F906C80>

  File "C:\Users\sword\OneDrive\Desktop\27turtles\sharpy\knowledges\knowledge.py", line 151, in start
    await manager.post_start()
          │       └ <function ActManager.post_start at 0x000001A81F024F70>
          └ <sharpy.managers.core.act_manager.ActManager object at 0x000001A821AE3DF0>

  File "C:\Users\sword\OneDrive\Desktop\27turtles\sharpy\managers\core\act_manager.py", line 29, in post_start
    await self.start_component(self._act, self.knowledge)
          │    │               │    │     │    └ <sharpy.knowledges.knowledge.Knowledge object at 0x000001A87ECF6590>
          │    │               │    │     └ <sharpy.managers.core.act_manager.ActManager object at 0x000001A821AE3DF0>
          │    │               │    └ <sharpy.plans.build_order.BuildOrder object at 0x000001A823335A20>
          │    │               └ <sharpy.managers.core.act_manager.ActManager object at 0x000001A821AE3DF0>
          │    └ <function Component.start_component at 0x000001A81EFAA050>
          └ <sharpy.managers.core.act_manager.ActManager object at 0x000001A821AE3DF0>

  File "C:\Users\sword\OneDrive\Desktop\27turtles\sharpy\general\component.py", line 77, in start_component
    await component.start(knowledge)
          │         │     └ <sharpy.knowledges.knowledge.Knowledge object at 0x000001A87ECF6590>
          │         └ <function BuildOrder.start at 0x000001A82156F640>
          └ <sharpy.plans.build_order.BuildOrder object at 0x000001A823335A20>

  File "C:\Users\sword\OneDrive\Desktop\27turtles\sharpy\plans\build_order.py", line 285, in start
    await self.start_component(order, knowledge)
          │    │               │      └ <sharpy.knowledges.knowledge.Knowledge object at 0x000001A87ECF6590>
          │    │               └ <turtles.reactivebio.ReactiveBio object at 0x000001A823307F10>
          │    └ <function Component.start_component at 0x000001A81EFAA050>
          └ <sharpy.plans.build_order.BuildOrder object at 0x000001A823335A20>

  File "C:\Users\sword\OneDrive\Desktop\27turtles\sharpy\general\component.py", line 77, in start_component
    await component.start(knowledge)
          │         │     └ <sharpy.knowledges.knowledge.Knowledge object at 0x000001A87ECF6590>
          │         └ <function ReactiveBio.start at 0x000001A82170F9A0>
          └ <turtles.reactivebio.ReactiveBio object at 0x000001A823307F10>

  File "C:\Users\sword\OneDrive\Desktop\27turtles\turtles\reactivebio.py", line 185, in start
    await super().start(knowledge)
                        └ <sharpy.knowledges.knowledge.Knowledge object at 0x000001A87ECF6590>

  File "C:\Users\sword\OneDrive\Desktop\27turtles\sharpy\plans\build_order.py", line 285, in start
    await self.start_component(order, knowledge)
          │    │               │      └ <sharpy.knowledges.knowledge.Knowledge object at 0x000001A87ECF6590>
          │    │               └ <sharpy.plans.sequential_list.SequentialList object at 0x000001A8233355A0>
          │    └ <function Component.start_component at 0x000001A81EFAA050>
          └ <turtles.reactivebio.ReactiveBio object at 0x000001A823307F10>

  File "C:\Users\sword\OneDrive\Desktop\27turtles\sharpy\general\component.py", line 77, in start_component
    await component.start(knowledge)
          │         │     └ <sharpy.knowledges.knowledge.Knowledge object at 0x000001A87ECF6590>
          │         └ <function SubActs.start at 0x000001A82156F130>
          └ <sharpy.plans.sequential_list.SequentialList object at 0x000001A8233355A0>

  File "C:\Users\sword\OneDrive\Desktop\27turtles\sharpy\plans\sub_acts.py", line 44, in start
    await self.start_component(order, knowledge)
          │    │               │      └ <sharpy.knowledges.knowledge.Knowledge object at 0x000001A87ECF6590>
          │    │               └ <turtles.decisions.unitdecisions.ExecuteDecisions object at 0x000001A823335120>
          │    └ <function Component.start_component at 0x000001A81EFAA050>
          └ <sharpy.plans.sequential_list.SequentialList object at 0x000001A8233355A0>

  File "C:\Users\sword\OneDrive\Desktop\27turtles\sharpy\general\component.py", line 77, in start_component
    await component.start(knowledge)
          │         │     └ <sharpy.knowledges.knowledge.Knowledge object at 0x000001A87ECF6590>
          │         └ <function ExecuteDecisions.start at 0x000001A82170F880>
          └ <turtles.decisions.unitdecisions.ExecuteDecisions object at 0x000001A823335120>

  File "C:\Users\sword\OneDrive\Desktop\27turtles\turtles\decisions\unitdecisions.py", line 139, in start
    await super().start(knowledge)
                        └ <sharpy.knowledges.knowledge.Knowledge object at 0x000001A87ECF6590>

  File "C:\Users\sword\OneDrive\Desktop\27turtles\sharpy\plans\acts\grid_building.py", line 96, in start
    if self.unit_type != UnitTypeId.PYLON:
       │                 │          └ UnitTypeId.PYLON
       │                 └ <enum 'UnitTypeId'>
       └ <turtles.decisions.unitdecisions.ExecuteDecisions object at 0x000001A823335120>

AttributeError: 'ExecuteDecisions' object has no attribute 'unit_type'
2022-11-04 22:07:30.580 | ERROR    | sc2.main:initialize_first_step:141 - Resigning due to previous error
2022-11-04 22:07:30.582 | Result: Defeat
2022-11-04 22:07:30.583 | Duration: 00:00
2022-11-04 22:07:30.584 | Step time avg: 0
2022-11-04 22:07:30.585 | Step time max: 0
2022-11-04 22:07:30.586 | [LostUnitsContents] My lost units minerals and gas: (0, 0)
2022-11-04 22:07:30.587 | [LostUnitsContents] My lost units minerals by score: 0.0
2022-11-04 22:07:30.588 | [LostUnitsContents] Enemy lost units minerals and gas: (0, 0)
2022-11-04 22:07:30.591 | [LostUnitsContents] Enemy lost units minerals by score: 0.0
2022-11-04 22:07:30.592 | [GameAnalyzerEnd] Own units:
2022-11-04 22:07:30.593 | [GameAnalyzerEnd] Enemy units:
2022-11-04 22:07:30.593 | [GameAnalyzerEnd] Minerals max 0 Average 0
2022-11-04 22:07:30.594 | [GameAnalyzerEnd] Vespene max 0 Average 0
2022-11-04 22:07:30.595 | INFO     | sc2.main:_play_game:228 - Result for player 1 - Bot Turtles(Terran): Defeat
2022-11-04 22:07:31.564 | INFO     | sc2.protocol:_execute:72 - Client status changed to Status.launched (was Status.in_game)
2022-11-04 22:07:31.571 | INFO     | sc2.protocol:_execute:72 - Client status changed to Status.quit (was Status.launched)
2022-11-04 22:07:31.573 | INFO     | sc2.sc2process:_close_connection:231 - Closing connection at 60955...
2022-11-04 22:07:31.574 | INFO     | sc2.sc2process:kill_all:33 - kill_switch: Process cleanup for 1 processes
