2022-11-15 11:36:11.576 | INFO     | sc2.protocol:_execute:72 - Client status changed to Status.launched (was None)
2022-11-15 11:36:11.582 | INFO     | sc2.controller:create_game:37 - Creating new game
2022-11-15 11:36:11.584 | INFO     | sc2.controller:create_game:38 - Map:     2000AtmospheresAIE
2022-11-15 11:36:11.585 | INFO     | sc2.controller:create_game:39 - Players: Bot Turtles(Terran), Computer VeryHard(Random, RandomBuild)
2022-11-15 11:36:11.591 | INFO     | sc2.protocol:_execute:72 - Client status changed to Status.init_game (was Status.launched)
2022-11-15 11:36:20.465 | INFO     | sc2.protocol:_execute:72 - Client status changed to Status.in_game (was None)
2022-11-15 11:36:20.466 | INFO     | sc2.main:_play_game:221 - Player 1 - Bot Turtles(Terran)
2022-11-15 11:36:21.215 | 00:00    0ms    0M    0G  12/ 15U [Version] 5.0.10.88500
2022-11-15 11:36:21.216 | 00:00    0ms    0M    0G  12/ 15U [Version] 5.0.6 Balance mod recognized.
2022-11-15 11:36:21.301 | 00:00    0ms    0M    0G  12/ 15U [ZoneManager] Map set to: MapName.Atmospheres2000 from name: 2000 Atmospheres AIE and hash: 3307847.
2022-11-15 11:36:22.331 | [Start] My race: Terran
2022-11-15 11:36:22.332 | [Start] Opponent race: Random
2022-11-15 11:36:22.334 | [Start] OpponentId: None
2022-11-15 11:36:22.554 | 00:00    8ms    0M    0G  13/ 15U [GameAnalyzer] Income advantage is now SlightDisadvantage
2022-11-15 11:36:22.633 | 00:01    8ms    0M    0G  13/ 15U [GameAnalyzer] Income advantage is now Even
2022-11-15 11:36:23.611 | 00:09    7ms   85M    0G  13/ 15U [GameAnalyzer] Income advantage is now SlightDisadvantage
2022-11-15 11:36:23.641 | 00:09   10ms   85M    0G  13/ 15U [GameAnalyzer] Income advantage is now Even
2022-11-15 11:36:24.455 | 00:14    8ms    0M    0G  13/ 15U [ActUnit] SCV from COMMANDCENTER at (166.5, 143.5)
2022-11-15 11:36:26.096 | 00:26   10ms  100M    0G  14/ 15U [ActUnit] SCV from COMMANDCENTER at (166.5, 143.5)
2022-11-15 11:36:27.425 | 00:36    9ms   10M    0G  15/ 23U [BuildGas] Building REFINERY to (162.5, 150.5)
2022-11-15 11:36:27.916 | 00:40    8ms    0M    0G  15/ 23U [ActUnit] SCV from COMMANDCENTER at (166.5, 143.5)
2022-11-15 11:36:28.394 | 00:44   10ms   40M    0G  16/ 23U [GameAnalyzer] Income advantage is now SlightDisadvantage
2022-11-15 11:36:28.418 | 00:44    8ms   40M    0G  16/ 23U [GameAnalyzer] Income advantage is now Even
2022-11-15 11:36:29.414 | 00:52    7ms   90M    0G  16/ 23U [ActUnit] SCV from COMMANDCENTER at (166.5, 143.5)
2022-11-15 11:36:30.957 | 01:05   10ms  190M    4G  17/ 23U [ActUnit] SCV from COMMANDCENTER at (166.5, 143.5)
2022-11-15 11:36:32.271 | 01:13   18ms  295M   24G  18/ 23U [GameAnalyzer] Income advantage is now SmallAdvantage
2022-11-15 11:36:32.415 | 01:14   18ms  300M   28G  18/ 23U [GameAnalyzer] Income advantage is now SlightAdvantage
2022-11-15 11:36:32.510 | 01:14   17ms  305M   28G  18/ 23U [GameAnalyzer] Income advantage is now Even
2022-11-15 11:36:32.962 | 01:16   26ms  330M   32G  18/ 23U [GameAnalyzer] Income advantage is now SlightAdvantage
2022-11-15 11:36:33.029 | 01:16   22ms  335M   32G  18/ 23U [GameAnalyzer] Income advantage is now Even
2022-11-15 11:36:33.212 | 01:17   10ms  290M   32G  18/ 23U [ActUnit] SCV from COMMANDCENTER at (166.5, 143.5)
2022-11-15 11:36:33.292 | 01:17   30ms  295M   36G  19/ 23U [GameAnalyzer] Income advantage is now SlightAdvantage
2022-11-15 11:36:33.319 | 01:17   11ms  295M   36G  19/ 23U [GameAnalyzer] Income advantage is now Even
2022-11-15 11:36:33.785 | 01:20   12ms  325M   44G  19/ 23U [GameAnalyzer] Income advantage is now SlightDisadvantage
2022-11-15 11:36:33.817 | 01:20   15ms  330M   44G  19/ 23U [GameAnalyzer] Income advantage is now Even
2022-11-15 11:36:33.960 | 01:21   11ms  345M   44G  19/ 23U [GameAnalyzer] Income advantage is now SlightDisadvantage
2022-11-15 11:36:34.046 | 01:21   11ms  350M   48G  19/ 23U [GameAnalyzer] Income advantage is now Even
2022-11-15 11:36:34.110 | 01:22   14ms  355M   48G  19/ 23U [GameAnalyzer] Income advantage is now SlightDisadvantage
2022-11-15 11:36:34.171 | 01:22   12ms  355M   48G  19/ 23U [GameAnalyzer] Income advantage is now Even
2022-11-15 11:36:34.293 | 01:23   14ms  160M   48G  19/ 23U [TerranUnit] MARINE from BARRACKS at (158.5, 142.5)
2022-11-15 11:36:34.332 | 01:23   14ms  310M   52G  20/ 23U [GameAnalyzer] Income advantage is now SlightDisadvantage
2022-11-15 11:36:34.423 | 01:23   13ms  330M   52G  20/ 23U [GameAnalyzer] Income advantage is now Even
2022-11-15 11:36:34.463 | 01:24   13ms  330M   52G  20/ 23U [GameAnalyzer] Income advantage is now SlightDisadvantage
2022-11-15 11:36:34.489 | 01:24   17ms  335M   52G  20/ 23U [GameAnalyzer] Income advantage is now Even
2022-11-15 11:36:34.690 | 01:25   13ms  345M   56G  20/ 23U [GameAnalyzer] Income advantage is now SlightDisadvantage
2022-11-15 11:36:34.749 | 01:25   11ms  350M   56G  20/ 23U [GameAnalyzer] Income advantage is now Even
2022-11-15 11:36:34.811 | 01:26   12ms  355M   56G  20/ 23U [GameAnalyzer] Income advantage is now SlightDisadvantage
2022-11-15 11:36:34.846 | 01:26   14ms  365M   60G  20/ 23U [GameAnalyzer] Income advantage is now Even
2022-11-15 11:36:35.031 | 01:27   11ms  370M   60G  20/ 23U [GameAnalyzer] Income advantage is now SlightDisadvantage
2022-11-15 11:36:35.065 | 01:27   14ms  370M   60G  20/ 23U [GameAnalyzer] Income advantage is now Even
2022-11-15 11:36:35.108 | 01:27   12ms  370M   60G  20/ 23U [GameAnalyzer] Income advantage is now SlightDisadvantage
2022-11-15 11:36:35.139 | 01:27   12ms  375M   64G  20/ 23U [GameAnalyzer] Income advantage is now Even
2022-11-15 11:36:35.299 | 01:28   10ms  395M   64G  20/ 23U [GameAnalyzer] Income advantage is now SlightDisadvantage
2022-11-15 11:36:35.359 | 01:29   12ms  400M   64G  20/ 23U [GameAnalyzer] Income advantage is now Even
2022-11-15 11:36:35.543 | 01:30   13ms  260M   68G  20/ 23U [GameAnalyzer] Income advantage is now SlightDisadvantage
2022-11-15 11:36:35.637 | 01:30   14ms  275M   72G  20/ 23U [GameAnalyzer] Income advantage is now Even
2022-11-15 11:36:35.912 | 01:32   13ms  290M   76G  20/ 23U [GameAnalyzer] Income advantage is now SlightDisadvantage
2022-11-15 11:36:35.940 | 01:32   12ms  295M   76G  20/ 23U [GameAnalyzer] Income advantage is now Even
2022-11-15 11:36:36.339 | 01:35   13ms  335M   80G  20/ 23U [GameAnalyzer] Income advantage is now SlightDisadvantage
2022-11-15 11:36:36.373 | 01:35   13ms  345M   84G  20/ 23U [GameAnalyzer] Income advantage is now Even
2022-11-15 11:36:36.689 | 01:37   13ms  375M   88G  20/ 23U [GameAnalyzer] Income advantage is now SlightDisadvantage
2022-11-15 11:36:36.715 | 01:37   13ms  380M   88G  20/ 23U [GameAnalyzer] Income advantage is now Even
2022-11-15 11:36:37.154 | 01:40   11ms  420M   96G  20/ 23U [GameAnalyzer] Income advantage is now SlightDisadvantage
2022-11-15 11:36:37.187 | 01:40   13ms  420M   96G  20/ 23U [GameAnalyzer] Income advantage is now Even
2022-11-15 11:36:37.307 | 01:40   13ms  425M   96G  20/ 23U [GameAnalyzer] Income advantage is now SlightDisadvantage
2022-11-15 11:36:37.333 | 01:41   13ms  435M  100G  20/ 23U [GameAnalyzer] Income advantage is now Even
2022-11-15 11:36:37.335 | 01:41   13ms  435M  100G  20/ 23U [GameAnalyzer] Known army advantage is now SlightAdvantage
2022-11-15 11:36:37.336 | 01:41   13ms  435M  100G  20/ 23U [GameAnalyzer] Predicted army advantage is now SlightAdvantage
2022-11-15 11:36:37.338 | 01:41   13ms  385M   50G  20/ 23U [TerranUnit] REAPER from BARRACKS at (158.5, 142.5)
2022-11-15 11:36:37.404 | 01:41   14ms  295M   50G  21/ 23U [GameAnalyzer] Income advantage is now SlightDisadvantage
2022-11-15 11:36:37.438 | 01:41   13ms  305M   50G  21/ 23U [GameAnalyzer] Income advantage is now Even
2022-11-15 11:36:37.500 | 01:41   12ms  305M   50G  21/ 23U [GameAnalyzer] Income advantage is now SlightDisadvantage
2022-11-15 11:36:37.591 | 01:42   13ms  310M   54G  21/ 23U [GameAnalyzer] Income advantage is now Even
2022-11-15 11:36:37.724 | 01:43   12ms  310M   54G  21/ 23U [GameAnalyzer] Income advantage is now SlightDisadvantage
2022-11-15 11:36:37.837 | 01:43   11ms  325M   54G  21/ 23U [GameAnalyzer] Income advantage is now Even
2022-11-15 11:36:38.047 | 01:45   11ms  340M   58G  21/ 23U [GameAnalyzer] Income advantage is now SlightDisadvantage
2022-11-15 11:36:38.081 | 01:45   14ms  345M   58G  21/ 23U [GameAnalyzer] Income advantage is now Even
2022-11-15 11:36:38.110 | 01:45   14ms  345M   62G  21/ 23U [GameAnalyzer] Income advantage is now SlightDisadvantage
2022-11-15 11:36:38.233 | 01:46   12ms  375M   62G  21/ 23U [GameAnalyzer] Income advantage is now Even
2022-11-15 11:36:38.509 | 01:47   14ms  380M   66G  21/ 23U [GameAnalyzer] Income advantage is now SlightDisadvantage
2022-11-15 11:36:38.572 | 01:48   13ms  385M   66G  21/ 23U [GameAnalyzer] Income advantage is now Even
2022-11-15 11:36:38.698 | 01:48   11ms  400M   70G  21/ 23U [GameAnalyzer] Income advantage is now SlightDisadvantage
2022-11-15 11:36:38.726 | 01:48   15ms  410M   70G  21/ 23U [GameAnalyzer] Income advantage is now Even
2022-11-15 11:36:38.883 | 01:49   11ms  410M   74G  21/ 23U [GameAnalyzer] Income advantage is now SlightDisadvantage
2022-11-15 11:36:38.940 | 01:50   11ms  420M   74G  21/ 23U [GameAnalyzer] Income advantage is now Even
2022-11-15 11:36:39.043 | 01:50   11ms  435M   74G  21/ 23U [GameAnalyzer] Income advantage is now SlightDisadvantage
2022-11-15 11:36:39.139 | 01:51   11ms  445M   78G  21/ 23U [GameAnalyzer] Income advantage is now Even
2022-11-15 11:36:39.263 | 01:51   12ms  445M   78G  21/ 23U [GameAnalyzer] Income advantage is now SlightDisadvantage
2022-11-15 11:36:39.321 | 01:52   12ms  450M   78G  21/ 23U [GameAnalyzer] Income advantage is now Even
2022-11-15 11:36:39.464 | 01:53   13ms  470M   82G  21/ 23U [GameAnalyzer] Income advantage is now SlightDisadvantage
2022-11-15 11:36:39.525 | 01:53   11ms  470M   82G  21/ 23U [GameAnalyzer] Income advantage is now Even
2022-11-15 11:36:39.621 | 01:54   11ms  480M   82G  21/ 23U [GameAnalyzer] Income advantage is now SlightDisadvantage
2022-11-15 11:36:39.647 | 01:54   14ms  430M   86G  21/ 23U [ActUnit] SCV from COMMANDCENTER at (166.5, 143.5)
2022-11-15 11:36:39.729 | 01:54   12ms  435M   86G  22/ 23U [GameAnalyzer] Income advantage is now Even
2022-11-15 11:36:39.820 | 01:55   11ms  455M   86G  22/ 23U [GameAnalyzer] Income advantage is now SlightDisadvantage
2022-11-15 11:36:39.944 | 01:55   13ms  455M   90G  22/ 23U [GameAnalyzer] Income advantage is now Even
2022-11-15 11:36:40.062 | 01:56   13ms  465M   90G  22/ 23U [GameAnalyzer] Income advantage is now SlightDisadvantage
2022-11-15 11:36:40.186 | 01:57   12ms  485M   94G  22/ 23U [GameAnalyzer] Income advantage is now Even
2022-11-15 11:36:40.222 | 01:57   13ms  485M   94G  22/ 23U [GameAnalyzer] Income advantage is now SlightDisadvantage
2022-11-15 11:36:40.313 | 01:57   12ms  485M   94G  22/ 23U [GameAnalyzer] Income advantage is now Even
2022-11-15 11:36:40.437 | 01:58   14ms  490M   94G  22/ 23U [GameAnalyzer] Income advantage is now SlightDisadvantage
2022-11-15 11:36:40.553 | 01:59   13ms  510M   98G  22/ 23U [GameAnalyzer] Income advantage is now Even
2022-11-15 11:36:40.615 | 01:59   11ms  515M   98G  22/ 23U [GameAnalyzer] Income advantage is now SlightDisadvantage
2022-11-15 11:36:40.703 | 02:00   12ms  520M   98G  22/ 23U [GameAnalyzer] Income advantage is now Even
2022-11-15 11:36:40.828 | 02:00   14ms  520M  102G  22/ 23U [GameAnalyzer] Income advantage is now SlightDisadvantage
2022-11-15 11:36:40.920 | 02:01   13ms  535M  102G  22/ 23U [GameAnalyzer] Income advantage is now Even
2022-11-15 11:36:41.101 | 02:02   14ms  550M  106G  22/ 23U [GameAnalyzer] Income advantage is now SlightDisadvantage
2022-11-15 11:36:41.127 | 02:02   12ms  550M  106G  22/ 23U [GameAnalyzer] Income advantage is now Even
2022-11-15 11:36:41.226 | 02:03   12ms  580M  110G  22/ 23U [GameAnalyzer] Income advantage is now SlightDisadvantage
2022-11-15 11:36:41.311 | 02:03   11ms  595M  110G  22/ 23U [GameAnalyzer] Income advantage is now Even
2022-11-15 11:36:41.407 | 02:04   11ms  605M  110G  22/ 23U [GameAnalyzer] Income advantage is now SlightDisadvantage
2022-11-15 11:36:41.470 | 02:04   14ms  605M  110G  22/ 23U [GameAnalyzer] Income advantage is now Even
2022-11-15 11:36:41.679 | 02:05   12ms  620M  114G  22/ 23U [GameAnalyzer] Income advantage is now SlightDisadvantage
2022-11-15 11:36:41.714 | 02:05   12ms  625M  114G  22/ 23U [GameAnalyzer] Income advantage is now Even
2022-11-15 11:36:41.808 | 02:06   12ms  585M  118G  22/ 23U [ActUnit] SCV from COMMANDCENTER at (166.5, 143.5)
2022-11-15 11:36:41.845 | 02:06   15ms  585M  118G  23/ 31U [GameAnalyzer] Income advantage is now SlightDisadvantage
2022-11-15 11:36:41.909 | 02:06   12ms  590M  118G  23/ 31U [GameAnalyzer] Income advantage is now Even
2022-11-15 11:36:42.001 | 02:07   12ms  590M  122G  23/ 31U [GameAnalyzer] Income advantage is now SlightDisadvantage
2022-11-15 11:36:42.034 | 02:07   14ms  600M  122G  23/ 31U [GameAnalyzer] Income advantage is now Even
2022-11-15 11:36:42.778 | 02:12   11ms  685M  134G  23/ 31U [GameAnalyzer] Income advantage is now SlightDisadvantage
2022-11-15 11:36:42.805 | 02:12   12ms  685M  134G  23/ 31U [GameAnalyzer] Income advantage is now Even
2022-11-15 11:36:42.963 | 02:13   12ms  705M  134G  23/ 31U [BuildAddon] UnitTypeId.BARRACKSREACTOR to (161.0, 142.0)
2022-11-15 11:36:43.000 | 02:13   18ms  655M   88G  23/ 31U [Expand] Expanding to (144.5, 152.5)
2022-11-15 11:36:43.211 | 02:14   15ms  120M   88G  23/ 31U [GameAnalyzer] Income advantage is now SlightDisadvantage
2022-11-15 11:36:43.279 | 02:14   15ms  130M   92G  23/ 31U [GameAnalyzer] Income advantage is now Even
2022-11-15 11:36:43.422 | 02:15   16ms  140M   92G  23/ 31U [GameAnalyzer] Income advantage is now SlightDisadvantage
2022-11-15 11:36:43.490 | 02:15   15ms  140M   92G  23/ 31U [GameAnalyzer] Income advantage is now Even
2022-11-15 11:36:43.599 | 02:16   15ms  150M   96G  23/ 31U [GameAnalyzer] Income advantage is now SlightDisadvantage
2022-11-15 11:36:43.633 | 02:16   16ms  155M   96G  23/ 31U [GameAnalyzer] Income advantage is now Even
2022-11-15 11:36:43.745 | 02:17   15ms  190M   96G  23/ 31U [GameAnalyzer] Income advantage is now SmallDisadvantage
2022-11-15 11:36:44.035 | 02:18   15ms    5M    0G  23/ 31U [ActUnit] SCV from COMMANDCENTER at (166.5, 143.5)
2022-11-15 11:36:44.287 | 02:19   48ms   25M    4G  24/ 31U [GameAnalyzer] Known army advantage is now Even
2022-11-15 11:36:44.289 | 02:19   48ms   25M    4G  24/ 31U [GameAnalyzer] Predicted army advantage is now Even
2022-11-15 11:36:44.400 | 02:20   17ms   25M    4G  24/ 31U [GameAnalyzer] Income advantage is now SlightDisadvantage
2022-11-15 11:36:44.943 | 02:22   15ms   70M   12G  24/ 31U [GameAnalyzer] Income advantage is now Even
2022-11-15 11:36:45.020 | 02:23   17ms   70M   12G  24/ 31U [GameAnalyzer] Income advantage is now SlightDisadvantage
2022-11-15 11:36:45.100 | 02:23   16ms   70M   12G  24/ 31U [GameAnalyzer] Income advantage is now SmallDisadvantage
2022-11-15 11:36:45.143 | 02:23   18ms   75M   16G  24/ 31U [GameAnalyzer] Income advantage is now SlightDisadvantage
2022-11-15 11:36:45.146 | 02:23   18ms    0M   16G  24/ 31U [BuildGas] Building REFINERY to (173.5, 140.5)
2022-11-15 11:36:45.185 | 02:23   19ms    0M   16G  24/ 31U [GameAnalyzer] Income advantage is now SmallDisadvantage
2022-11-15 11:36:45.261 | 02:24   18ms   35M   16G  24/ 31U [GameAnalyzer] Income advantage is now SlightDisadvantage
2022-11-15 11:36:45.298 | 02:24   17ms   40M   16G  24/ 31U [GameAnalyzer] Income advantage is now SmallDisadvantage
2022-11-15 11:36:45.411 | 02:25   15ms   40M   16G  24/ 31U [GameAnalyzer] Income advantage is now SlightDisadvantage
2022-11-15 11:36:45.448 | 02:25   17ms   40M   20G  24/ 31U [GameAnalyzer] Income advantage is now SmallDisadvantage
2022-11-15 11:36:45.592 | 02:25   17ms   55M   20G  24/ 31U [GameAnalyzer] Income advantage is now SlightDisadvantage
2022-11-15 11:36:45.707 | 02:26   17ms   65M   20G  24/ 31U [GameAnalyzer] Income advantage is now SmallDisadvantage
2022-11-15 11:36:45.739 | 02:26   16ms   65M   24G  24/ 31U [GameAnalyzer] Income advantage is now SlightDisadvantage
2022-11-15 11:36:45.850 | 02:27   15ms   65M   24G  24/ 31U [GameAnalyzer] Income advantage is now SmallDisadvantage
2022-11-15 11:36:45.999 | 02:27   14ms   80M   24G  24/ 31U [GameAnalyzer] Income advantage is now SlightDisadvantage
2022-11-15 11:36:46.034 | 02:28   18ms   80M   24G  24/ 31U [GameAnalyzer] Income advantage is now SmallDisadvantage
2022-11-15 11:36:46.074 | 02:28   16ms   90M   28G  24/ 31U [GameAnalyzer] Income advantage is now SlightDisadvantage
2022-11-15 11:36:46.222 | 02:28   14ms   90M   28G  24/ 31U [GameAnalyzer] Income advantage is now SmallDisadvantage
2022-11-15 11:36:46.296 | 02:29   16ms   95M   28G  24/ 31U [GameAnalyzer] Income advantage is now SlightDisadvantage
2022-11-15 11:36:46.456 | 02:30   15ms  105M   32G  24/ 31U [GameAnalyzer] Income advantage is now SmallDisadvantage
2022-11-15 11:36:46.568 | 02:30   15ms  120M   32G  24/ 31U [GameAnalyzer] Income advantage is now SlightDisadvantage
2022-11-15 11:36:46.612 | 02:30   18ms   70M   32G  24/ 31U [ActUnit] SCV from COMMANDCENTER at (166.5, 143.5)
2022-11-15 11:36:46.845 | 02:31   17ms  100M   36G  25/ 31U [GameAnalyzer] Income advantage is now SmallDisadvantage
2022-11-15 11:36:47.044 | 02:32   15ms  130M   40G  25/ 31U [GameAnalyzer] Income advantage is now SlightDisadvantage
2022-11-15 11:36:47.301 | 02:33   17ms  130M   40G  25/ 31U [GameAnalyzer] Income advantage is now SmallDisadvantage
2022-11-15 11:36:47.334 | 02:34   16ms  135M   44G  25/ 31U [GameAnalyzer] Income advantage is now SlightDisadvantage
2022-11-15 11:36:47.527 | 02:35   17ms  155M   44G  25/ 31U [GameAnalyzer] Income advantage is now SmallDisadvantage
2022-11-15 11:36:47.559 | 02:35   16ms  155M   44G  25/ 31U [GameAnalyzer] Income advantage is now SlightDisadvantage
2022-11-15 11:36:47.775 | 02:36   14ms  160M   48G  25/ 31U [GameAnalyzer] Income advantage is now SmallDisadvantage
2022-11-15 11:36:47.887 | 02:36   16ms  175M   48G  25/ 31U [GameAnalyzer] Income advantage is now SlightDisadvantage
2022-11-15 11:36:47.927 | 02:36   17ms  180M   52G  25/ 31U [GameAnalyzer] Income advantage is now SmallDisadvantage
2022-11-15 11:36:47.967 | 02:37   20ms  190M   52G  25/ 31U [GameAnalyzer] Income advantage is now SlightDisadvantage
2022-11-15 11:36:48.002 | 02:37   16ms  195M   52G  25/ 31U [GameAnalyzer] Income advantage is now SmallDisadvantage
2022-11-15 11:36:48.041 | 02:37   17ms  195M   52G  25/ 31U [GameAnalyzer] Income advantage is now SlightDisadvantage
2022-11-15 11:36:48.293 | 02:38   17ms  230M   56G  25/ 31U [GameAnalyzer] Income advantage is now SmallDisadvantage
2022-11-15 11:36:48.364 | 02:39   16ms  240M   56G  25/ 31U [GameAnalyzer] Income advantage is now SlightDisadvantage
2022-11-15 11:36:48.504 | 02:39   17ms  250M   56G  25/ 31U [GameAnalyzer] Income advantage is now SmallDisadvantage
2022-11-15 11:36:48.581 | 02:40   16ms  250M   60G  25/ 31U [GameAnalyzer] Income advantage is now SlightDisadvantage
2022-11-15 11:36:48.764 | 02:40   17ms  255M   60G  25/ 31U [GameAnalyzer] Income advantage is now SmallDisadvantage
2022-11-15 11:36:48.891 | 02:41   20ms  275M   64G  25/ 31U [GameAnalyzer] Income advantage is now SlightDisadvantage
2022-11-15 11:36:48.982 | 02:41   14ms  280M   64G  25/ 31U [GameAnalyzer] Income advantage is now SmallDisadvantage
2022-11-15 11:36:49.011 | 02:41   18ms  285M   64G  25/ 31U [GameAnalyzer] Income advantage is now SlightDisadvantage
2022-11-15 11:36:49.199 | 02:42   15ms  245M   68G  25/ 31U [ActUnit] SCV from COMMANDCENTER at (166.5, 143.5)
2022-11-15 11:36:49.385 | 02:43   16ms  260M   68G  26/ 31U [GameAnalyzer] Income advantage is now SmallDisadvantage
2022-11-15 11:36:49.462 | 02:44   20ms  270M   68G  26/ 31U [GameAnalyzer] Income advantage is now SlightDisadvantage
2022-11-15 11:36:49.657 | 02:45   16ms  270M   72G  26/ 31U [GameAnalyzer] Income advantage is now SmallDisadvantage
2022-11-15 11:36:49.691 | 02:45   20ms  300M   72G  26/ 31U [GameAnalyzer] Income advantage is now SlightDisadvantage
2022-11-15 11:36:49.899 | 02:46   18ms  320M   76G  26/ 31U [GameAnalyzer] Income advantage is now SmallDisadvantage
2022-11-15 11:36:49.984 | 02:46   17ms  325M   76G  26/ 31U [GameAnalyzer] Income advantage is now SlightDisadvantage
2022-11-15 11:36:50.222 | 02:47   17ms  335M   80G  26/ 31U [GameAnalyzer] Income advantage is now SmallDisadvantage
2022-11-15 11:36:50.266 | 02:47   17ms  335M   80G  26/ 31U [GameAnalyzer] Income advantage is now SlightDisadvantage
2022-11-15 11:36:50.731 | 02:49   15ms  210M   84G  26/ 31U [TerranUnit] MARINE from BARRACKS at (158.5, 142.5)
2022-11-15 11:36:50.774 | 02:49   17ms  160M   84G  27/ 31U [TerranUnit] MARINE from BARRACKS at (158.5, 142.5)
2022-11-15 11:36:50.955 | 02:50   15ms  175M   88G  28/ 31U [GameAnalyzer] Income advantage is now SmallDisadvantage
2022-11-15 11:36:51.028 | 02:50   18ms  185M   92G  28/ 31U [GameAnalyzer] Income advantage is now SlightDisadvantage
2022-11-15 11:36:51.260 | 02:51   19ms  190M   96G  28/ 31U [GameAnalyzer] Income advantage is now SmallDisadvantage
2022-11-15 11:36:51.301 | 02:51   17ms  195M  100G  28/ 31U [GameAnalyzer] Income advantage is now SlightDisadvantage
2022-11-15 11:36:51.338 | 02:51   17ms  195M  100G  28/ 31U [GameAnalyzer] Income advantage is now SmallDisadvantage
2022-11-15 11:36:51.384 | 02:52   18ms  200M  100G  28/ 31U [GameAnalyzer] Income advantage is now SlightDisadvantage
2022-11-15 11:36:51.715 | 02:53   18ms  235M  100G  28/ 31U [GameAnalyzer] Income advantage is now SmallDisadvantage
2022-11-15 11:36:51.834 | 02:54   18ms  250M  100G  28/ 31U [GameAnalyzer] Income advantage is now SlightDisadvantage
2022-11-15 11:36:51.952 | 02:54   17ms  255M  108G  28/ 31U [GameAnalyzer] Income advantage is now SmallDisadvantage
2022-11-15 11:36:51.993 | 02:55   18ms  260M  108G  28/ 31U [GameAnalyzer] Income advantage is now SlightDisadvantage
2022-11-15 11:36:51.995 | 02:55   18ms  210M  108G  28/ 31U [ActUnit] SCV from COMMANDCENTER at (166.5, 143.5)
2022-11-15 11:36:52.228 | 02:56   16ms  215M  112G  29/ 31U [GameAnalyzer] Income advantage is now SmallDisadvantage
2022-11-15 11:36:52.264 | 02:56   17ms  220M  112G  29/ 31U [GameAnalyzer] Income advantage is now SlightDisadvantage
2022-11-15 11:36:52.320 | 02:56   20ms  225M  116G  29/ 31U [GameAnalyzer] Income advantage is now SmallDisadvantage
2022-11-15 11:36:52.356 | 02:56   19ms  225M  116G  29/ 31U [GameAnalyzer] Income advantage is now SlightDisadvantage
2022-11-15 11:36:52.557 | 02:57   20ms  230M  116G  29/ 31U [GameAnalyzer] Income advantage is now SmallDisadvantage
2022-11-15 11:36:52.596 | 02:57   18ms  230M  116G  29/ 31U [GameAnalyzer] Income advantage is now SlightDisadvantage
2022-11-15 11:36:53.381 | 03:01   18ms  300M  132G  29/ 31U [GameAnalyzer] Known army advantage is now SlightDisadvantage
2022-11-15 11:36:53.382 | 03:01   18ms  300M  132G  29/ 31U [GameAnalyzer] Predicted army advantage is now SlightDisadvantage
2022-11-15 11:36:53.385 | 03:01   18ms  300M  132G  29/ 31U [BuildAddon] UnitTypeId.BARRACKSTECHLAB to (172.0, 151.0)
2022-11-15 11:36:53.464 | 03:01   17ms  255M  111G  29/ 31U [GameAnalyzer] Income advantage is now SmallDisadvantage
2022-11-15 11:36:53.506 | 03:01   20ms  260M  111G  29/ 31U [GameAnalyzer] Income advantage is now SlightDisadvantage
2022-11-15 11:36:54.009 | 03:04   14ms   85M  119G  28/ 31U [GameAnalyzer] Income advantage is now SmallDisadvantage
2022-11-15 11:36:54.014 | 03:04   14ms   85M  119G  28/ 31U [BuildAddon] UnitTypeId.FACTORYREACTOR to (169.0, 134.0)
2022-11-15 11:36:54.065 | 03:04   18ms   40M   73G  28/ 31U [GameAnalyzer] Income advantage is now SlightDisadvantage
2022-11-15 11:36:54.417 | 03:06   17ms   60M   81G  28/ 31U [GameAnalyzer] Income advantage is now SmallDisadvantage
2022-11-15 11:36:54.451 | 03:06   16ms   65M   81G  28/ 31U [GameAnalyzer] Income advantage is now SlightDisadvantage
2022-11-15 11:36:54.595 | 03:06   14ms  105M   81G  28/ 31U [GameAnalyzer] Known army advantage is now Even
2022-11-15 11:36:54.596 | 03:06   14ms  105M   81G  28/ 31U [GameAnalyzer] Predicted army advantage is now Even
2022-11-15 11:36:54.599 | 03:06   14ms   55M   81G  28/ 31U [TerranUnit] MARINE from BARRACKS at (158.5, 142.5)
2022-11-15 11:36:54.637 | 03:07   18ms   55M   81G  29/ 31U [GameAnalyzer] Income advantage is now Even
2022-11-15 11:36:54.638 | 03:07   18ms   55M   81G  29/ 31U [GameAnalyzer] Known army advantage is now SlightAdvantage
2022-11-15 11:36:54.639 | 03:07   18ms   55M   81G  29/ 31U [GameAnalyzer] Predicted army advantage is now SlightAdvantage
2022-11-15 11:36:54.640 | 03:07   18ms    5M   81G  29/ 31U [ActUnit] SCV from COMMANDCENTER at (166.5, 143.5)
2022-11-15 11:36:54.676 | 03:07   22ms    5M   85G  30/ 31U [GameAnalyzer] Income advantage is now SlightDisadvantage
2022-11-15 11:36:54.987 | 03:08   18ms   25M   93G  30/ 31U [GameAnalyzer] Income advantage is now Even
2022-11-15 11:36:55.100 | 03:09   18ms   25M   93G  30/ 31U [GameAnalyzer] Income advantage is now SlightDisadvantage
2022-11-15 11:36:55.423 | 03:10   16ms   85M   93G  30/ 31U [TerranUnit] MARINE from BARRACKS at (158.5, 142.5)
2022-11-15 11:36:55.502 | 03:10   17ms   90M   97G  31/ 31U [GameAnalyzer] Income advantage is now Even
2022-11-15 11:36:55.543 | 03:10   18ms   90M   97G  31/ 31U [GameAnalyzer] Income advantage is now SlightDisadvantage
2022-11-15 11:36:55.807 | 03:11   19ms  120M  105G  31/ 31U [GameAnalyzer] Income advantage is now Even
2022-11-15 11:36:55.909 | 03:12   18ms  120M  105G  31/ 31U [GameAnalyzer] Income advantage is now SlightDisadvantage
2022-11-15 11:36:56.010 | 03:13   16ms  150M  109G  31/ 31U [GameAnalyzer] Income advantage is now Even
2022-11-15 11:36:56.049 | 03:13   16ms    5M    9G  31/ 31U [GameAnalyzer] Income advantage is now SlightDisadvantage
2022-11-15 11:36:56.206 | INFO     | sc2.protocol:_execute:72 - Client status changed to Status.ended (was Status.in_game)
2022-11-15 11:36:56.208 | Result: Defeat
2022-11-15 11:36:56.209 | Duration: 03:13
2022-11-15 11:36:56.210 | Step time min: 6
2022-11-15 11:36:56.210 | Step time avg: 13
2022-11-15 11:36:56.211 | Step time max: 133
2022-11-15 11:36:56.213 | [LostUnitsContents] My lost units minerals and gas: (50, 50)
2022-11-15 11:36:56.214 | [LostUnitsContents] My lost units minerals by score: 50.0
2022-11-15 11:36:56.215 | [LostUnitsContents] Enemy lost units minerals and gas: (50, 0)
2022-11-15 11:36:56.216 | [LostUnitsContents] Enemy lost units minerals by score: 50.0
2022-11-15 11:36:56.216 | [GameAnalyzerEnd] Own units:
2022-11-15 11:36:56.217 | [GameAnalyzerEnd] SCV               total:  23 alive:  23 dead:   0 
2022-11-15 11:36:56.218 | [GameAnalyzerEnd] SUPPLYDEPOT       total:   4 alive:   4 dead:   0 
2022-11-15 11:36:56.219 | [GameAnalyzerEnd] MARINE            total:   3 alive:   3 dead:   0 
2022-11-15 11:36:56.219 | [GameAnalyzerEnd] REACTOR           total:   2 alive:   2 dead:   0 
2022-11-15 11:36:56.220 | [GameAnalyzerEnd] REFINERY          total:   2 alive:   2 dead:   0 
2022-11-15 11:36:56.221 | [GameAnalyzerEnd] BARRACKS          total:   2 alive:   2 dead:   0 
2022-11-15 11:36:56.221 | [GameAnalyzerEnd] MULE              total:   1 alive:   1 dead:   0 
2022-11-15 11:36:56.222 | [GameAnalyzerEnd] COMMANDCENTER     total:   1 alive:   1 dead:   0 
2022-11-15 11:36:56.222 | [GameAnalyzerEnd] FACTORY           total:   1 alive:   1 dead:   0 
2022-11-15 11:36:56.223 | [GameAnalyzerEnd] ORBITALCOMMAND    total:   1 alive:   1 dead:   0 
2022-11-15 11:36:56.224 | [GameAnalyzerEnd] STARPORT          total:   1 alive:   1 dead:   0 
2022-11-15 11:36:56.225 | [GameAnalyzerEnd] TECHLAB           total:   1 alive:   1 dead:   0 
2022-11-15 11:36:56.225 | [GameAnalyzerEnd] REAPER            total:   1 alive:   0 dead:   1 
2022-11-15 11:36:56.226 | [GameAnalyzerEnd] Enemy units:
2022-11-15 11:36:56.226 | [GameAnalyzerEnd] PROBE             total:  25 alive:  24 dead:   1 
2022-11-15 11:36:56.227 | [GameAnalyzerEnd] NEXUS             total:   2 alive:   2 dead:   0 
2022-11-15 11:36:56.231 | [GameAnalyzerEnd] PYLON             total:   2 alive:   2 dead:   0 
2022-11-15 11:36:56.232 | [GameAnalyzerEnd] GATEWAY           total:   1 alive:   1 dead:   0 
2022-11-15 11:36:56.233 | [GameAnalyzerEnd] ASSIMILATOR       total:   1 alive:   1 dead:   0 
2022-11-15 11:36:56.233 | [GameAnalyzerEnd] ZEALOT            total:   1 alive:   1 dead:   0 
2022-11-15 11:36:56.234 | [GameAnalyzerEnd] Minerals max 705 Average 221
2022-11-15 11:36:56.235 | [GameAnalyzerEnd] Vespene max 134 Average 46
2022-11-15 11:36:56.236 | INFO     | sc2.main:_play_game:228 - Result for player 1 - Bot Turtles(Terran): Defeat
2022-11-15 11:36:57.402 | INFO     | sc2.protocol:__request:48 - Cannot receive: Game has already ended.
2022-11-15 11:36:57.403 | INFO     | sc2.sc2process:_close_connection:231 - Closing connection at 54638...
2022-11-15 11:36:57.404 | INFO     | sc2.sc2process:kill_all:33 - kill_switch: Process cleanup for 1 processes
