2022-11-04 21:25:24.127 | INFO     | sc2.protocol:_execute:72 - Client status changed to Status.launched (was None)
2022-11-04 21:25:24.129 | INFO     | sc2.controller:create_game:37 - Creating new game
2022-11-04 21:25:24.130 | INFO     | sc2.controller:create_game:38 - Map:     2000AtmospheresAIE
2022-11-04 21:25:24.131 | INFO     | sc2.controller:create_game:39 - Players: Bot Turtles(Terran), Computer VeryHard(Random, RandomBuild)
2022-11-04 21:25:24.133 | INFO     | sc2.protocol:_execute:72 - Client status changed to Status.init_game (was Status.launched)
2022-11-04 21:25:34.465 | INFO     | sc2.protocol:_execute:72 - Client status changed to Status.in_game (was None)
2022-11-04 21:25:34.467 | INFO     | sc2.main:_play_game:221 - Player 1 - Bot Turtles(Terran)
2022-11-04 21:25:35.288 | 00:00    0ms    0M    0G  12/ 15U [Version] 5.0.10.88500
2022-11-04 21:25:35.290 | 00:00    0ms    0M    0G  12/ 15U [Version] 5.0.6 Balance mod recognized.
2022-11-04 21:25:35.371 | 00:00    0ms    0M    0G  12/ 15U [ZoneManager] Map set to: MapName.Atmospheres2000 from name: 2000 Atmospheres AIE and hash: 3307847.
2022-11-04 21:25:36.436 | [Start] My race: Terran
2022-11-04 21:25:36.437 | [Start] Opponent race: Random
2022-11-04 21:25:36.438 | [Start] OpponentId: None
2022-11-04 21:25:36.644 | 00:00    8ms    0M    0G  13/ 15U [GameAnalyzer] Income advantage is now SlightDisadvantage
2022-11-04 21:25:36.722 | 00:01    8ms    0M    0G  13/ 15U [GameAnalyzer] Income advantage is now Even
2022-11-04 21:25:37.706 | 00:09    6ms   80M    0G  13/ 15U [GameAnalyzer] Income advantage is now SlightDisadvantage
2022-11-04 21:25:37.725 | 00:09    8ms   85M    0G  13/ 15U [GameAnalyzer] Income advantage is now Even
2022-11-04 21:25:38.373 | 00:15    8ms    0M    0G  13/ 15U [ActUnit] SCV from COMMANDCENTER at (57.5, 60.5)
2022-11-04 21:25:40.022 | 00:27    8ms  100M    0G  14/ 15U [ActUnit] SCV from COMMANDCENTER at (57.5, 60.5)
2022-11-04 21:25:41.900 | 00:37    8ms    0M    0G  15/ 23U [BuildGas] Building REFINERY to (61.5, 53.5)
2022-11-04 21:25:42.068 | 00:38    7ms   25M    0G  15/ 23U [GameAnalyzer] Income advantage is now SlightDisadvantage
2022-11-04 21:25:42.090 | 00:38   11ms   25M    0G  15/ 23U [GameAnalyzer] Income advantage is now Even
2022-11-04 21:25:42.570 | 00:42    9ms    0M    0G  15/ 23U [ActUnit] SCV from COMMANDCENTER at (57.5, 60.5)
2022-11-04 21:25:44.119 | 00:54    9ms  100M    0G  16/ 23U [ActUnit] SCV from COMMANDCENTER at (57.5, 60.5)
2022-11-04 21:25:44.967 | 01:00    9ms  175M    0G  17/ 23U [GameAnalyzer] Income advantage is now SlightDisadvantage
2022-11-04 21:25:44.986 | 01:00   10ms  185M    0G  17/ 23U [GameAnalyzer] Income advantage is now Even
2022-11-04 21:25:45.750 | 01:06    7ms  195M    4G  17/ 23U [ActUnit] SCV from COMMANDCENTER at (57.5, 60.5)
2022-11-04 21:25:46.358 | 01:10    8ms  235M   12G  18/ 23U [GameAnalyzer] Income advantage is now SmallDisadvantage
2022-11-04 21:25:46.402 | 01:10  143ms  240M   12G  18/ 23U [GameAnalyzer] Income advantage is now SlightDisadvantage
2022-11-04 21:25:46.567 | 01:10   24ms  250M   12G  18/ 23U [GameAnalyzer] Income advantage is now SmallDisadvantage
2022-11-04 21:25:46.701 | 01:11   24ms  255M   12G  18/ 23U [GameAnalyzer] Income advantage is now SlightDisadvantage
2022-11-04 21:25:46.808 | 01:11   27ms  260M   16G  18/ 23U [GameAnalyzer] Income advantage is now SmallDisadvantage
2022-11-04 21:25:46.893 | 01:12   19ms  260M   16G  18/ 23U [GameAnalyzer] Income advantage is now SlightDisadvantage
2022-11-04 21:25:47.187 | 01:13   19ms  275M   20G  18/ 23U [GameAnalyzer] Income advantage is now SmallDisadvantage
2022-11-04 21:25:47.334 | 01:13   19ms  285M   20G  18/ 23U [GameAnalyzer] Income advantage is now SlightDisadvantage
2022-11-04 21:25:47.472 | 01:14   25ms  285M   20G  18/ 23U [GameAnalyzer] Income advantage is now SmallDisadvantage
2022-11-04 21:25:47.713 | 01:14   18ms  290M   24G  18/ 23U [GameAnalyzer] Income advantage is now SlightDisadvantage
2022-11-04 21:25:47.776 | 01:15   20ms  295M   24G  18/ 23U [GameAnalyzer] Income advantage is now Even
2022-11-04 21:25:48.118 | 01:15   19ms  310M   28G  18/ 23U [GameAnalyzer] Income advantage is now SlightDisadvantage
2022-11-04 21:25:48.207 | 01:16   14ms  315M   28G  18/ 23U [GameAnalyzer] Income advantage is now SmallDisadvantage
2022-11-04 21:25:48.364 | 01:17   11ms  320M   28G  18/ 23U [GameAnalyzer] Income advantage is now SlightDisadvantage
2022-11-04 21:25:48.392 | 01:17   13ms  320M   28G  18/ 23U [GameAnalyzer] Income advantage is now SmallDisadvantage
2022-11-04 21:25:48.428 | 01:17   11ms  325M   32G  18/ 23U [GameAnalyzer] Predicted army advantage is now SlightDisadvantage
2022-11-04 21:25:48.553 | 01:18   11ms  345M   32G  18/ 23U [GameAnalyzer] Income advantage is now SlightDisadvantage
2022-11-04 21:25:48.614 | 01:18   10ms  295M   32G  18/ 23U [ActUnit] SCV from COMMANDCENTER at (57.5, 60.5)
2022-11-04 21:25:48.645 | 01:18   13ms  295M   32G  19/ 23U [GameAnalyzer] Income advantage is now SmallDisadvantage
2022-11-04 21:25:48.713 | 01:19   10ms  295M   36G  19/ 23U [GameAnalyzer] Income advantage is now SlightDisadvantage
2022-11-04 21:25:48.815 | 01:19   12ms  295M   36G  19/ 23U [GameAnalyzer] Income advantage is now SmallDisadvantage
2022-11-04 21:25:48.847 | 01:19   12ms  300M   36G  19/ 23U [GameAnalyzer] Income advantage is now SlightDisadvantage
2022-11-04 21:25:48.976 | 01:20   11ms  310M   36G  19/ 23U [GameAnalyzer] Income advantage is now SmallDisadvantage
2022-11-04 21:25:49.101 | 01:21   12ms  330M   40G  19/ 23U [GameAnalyzer] Income advantage is now SlightDisadvantage
2022-11-04 21:25:49.222 | 01:21   11ms  330M   40G  19/ 23U [GameAnalyzer] Income advantage is now SmallDisadvantage
2022-11-04 21:25:49.403 | 01:22   10ms  355M   44G  19/ 23U [GameAnalyzer] Income advantage is now SlightDisadvantage
2022-11-04 21:25:49.467 | 01:23   14ms  355M   44G  19/ 23U [GameAnalyzer] Income advantage is now SmallDisadvantage
2022-11-04 21:25:49.530 | 01:23   11ms  355M   48G  19/ 23U [GameAnalyzer] Income advantage is now SlightDisadvantage
2022-11-04 21:25:49.533 | 01:23   11ms  155M   48G  19/ 23U [TerranUnit] MARINE from BARRACKS at (63.5, 61.5)
2022-11-04 21:25:49.578 | 01:23   16ms  305M   48G  20/ 23U [GameAnalyzer] Income advantage is now SmallDisadvantage
2022-11-04 21:25:49.644 | 01:24   11ms  305M   48G  20/ 23U [GameAnalyzer] Income advantage is now SlightDisadvantage
2022-11-04 21:25:49.708 | 01:24   11ms  305M   48G  20/ 23U [GameAnalyzer] Income advantage is now SmallDisadvantage
2022-11-04 21:25:50.042 | 01:26   13ms  345M   56G  20/ 23U [GameAnalyzer] Income advantage is now SlightDisadvantage
2022-11-04 21:25:50.077 | 01:26   13ms  345M   56G  20/ 23U [GameAnalyzer] Income advantage is now SmallDisadvantage
2022-11-04 21:25:50.343 | 01:28   13ms  365M   60G  20/ 23U [GameAnalyzer] Income advantage is now SlightDisadvantage
2022-11-04 21:25:50.447 | 01:28   14ms  365M   60G  20/ 23U [GameAnalyzer] Income advantage is now SmallDisadvantage
2022-11-04 21:25:51.056 | 01:31   10ms  270M   68G  20/ 23U [GameAnalyzer] Income advantage is now SlightDisadvantage
2022-11-04 21:25:51.087 | 01:32   11ms  275M   68G  20/ 23U [GameAnalyzer] Income advantage is now SmallDisadvantage
2022-11-04 21:25:51.181 | 01:32   11ms  285M   72G  20/ 23U [GameAnalyzer] Income advantage is now SlightDisadvantage
2022-11-04 21:25:51.271 | 01:33   10ms  290M   72G  20/ 23U [GameAnalyzer] Income advantage is now SmallDisadvantage
2022-11-04 21:25:51.997 | 01:37   14ms  360M   84G  20/ 23U [GameAnalyzer] Income advantage is now SlightDisadvantage
2022-11-04 21:25:52.027 | 01:37   13ms  360M   84G  20/ 23U [GameAnalyzer] Income advantage is now SmallDisadvantage
2022-11-04 21:25:52.152 | 01:38   11ms  375M   88G  20/ 23U [GameAnalyzer] Income advantage is now SlightDisadvantage
2022-11-04 21:25:52.193 | 01:38   15ms  375M   88G  20/ 23U [GameAnalyzer] Income advantage is now SmallDisadvantage
2022-11-04 21:25:52.368 | 01:39   12ms  390M   88G  20/ 23U [GameAnalyzer] Income advantage is now SlightDisadvantage
2022-11-04 21:25:52.407 | 01:39   16ms  390M   92G  20/ 23U [GameAnalyzer] Income advantage is now SmallDisadvantage
2022-11-04 21:25:52.558 | 01:40   11ms  405M   92G  20/ 23U [GameAnalyzer] Income advantage is now SlightDisadvantage
2022-11-04 21:25:52.617 | 01:41   11ms  405M   92G  20/ 23U [GameAnalyzer] Income advantage is now SmallDisadvantage
2022-11-04 21:25:52.677 | 01:41   12ms  410M   96G  20/ 23U [GameAnalyzer] Known army advantage is now SlightAdvantage
2022-11-04 21:25:52.680 | 01:41   12ms  360M   46G  20/ 23U [TerranUnit] REAPER from BARRACKS at (63.5, 61.5)
2022-11-04 21:25:52.718 | 01:41   14ms  365M   46G  21/ 23U [GameAnalyzer] Income advantage is now SlightDisadvantage
2022-11-04 21:25:52.747 | 01:41   12ms  265M   46G  21/ 23U [GameAnalyzer] Income advantage is now SmallDisadvantage
2022-11-04 21:25:53.882 | 01:48   11ms  365M   62G  21/ 23U [GameAnalyzer] Income advantage is now SlightDisadvantage
2022-11-04 21:25:53.917 | 01:48   13ms  365M   66G  21/ 23U [GameAnalyzer] Income advantage is now SmallDisadvantage
2022-11-04 21:25:54.838 | 01:54   10ms  450M   78G  21/ 23U [GameAnalyzer] Income advantage is now SlightDisadvantage
2022-11-04 21:25:55.038 | 01:55   11ms  410M   82G  21/ 23U [ActUnit] SCV from COMMANDCENTER at (57.5, 60.5)
2022-11-04 21:25:55.278 | 01:56   13ms  440M   86G  22/ 23U [GameAnalyzer] Income advantage is now SmallDisadvantage
2022-11-04 21:25:55.397 | 01:57   11ms  445M   90G  22/ 23U [GameAnalyzer] Income advantage is now SlightDisadvantage
2022-11-04 21:25:55.482 | 01:58   11ms  450M   90G  22/ 23U [GameAnalyzer] Income advantage is now SmallDisadvantage
2022-11-04 21:25:56.032 | 02:01   11ms  510M   98G  22/ 23U [GameAnalyzer] Income advantage is now SlightDisadvantage
2022-11-04 21:25:56.074 | 02:01   14ms  510M   98G  22/ 23U [GameAnalyzer] Income advantage is now SmallDisadvantage
2022-11-04 21:25:56.161 | 02:01   12ms  510M  102G  22/ 23U [GameAnalyzer] Income advantage is now SlightDisadvantage
2022-11-04 21:25:56.192 | 02:02   13ms  510M  102G  22/ 23U [GameAnalyzer] Income advantage is now SmallDisadvantage
2022-11-04 21:25:56.415 | 02:03   13ms  530M  106G  22/ 23U [GameAnalyzer] Income advantage is now SlightDisadvantage
2022-11-04 21:25:56.446 | 02:03   13ms  535M  106G  22/ 23U [GameAnalyzer] Income advantage is now SmallDisadvantage
2022-11-04 21:25:56.614 | 02:04   14ms  550M  106G  22/ 23U [GameAnalyzer] Income advantage is now SlightDisadvantage
2022-11-04 21:25:56.679 | 02:04   11ms  550M  110G  22/ 23U [GameAnalyzer] Income advantage is now SmallDisadvantage
2022-11-04 21:25:56.819 | 02:05   11ms  565M  110G  22/ 23U [GameAnalyzer] Income advantage is now SlightDisadvantage
2022-11-04 21:25:56.855 | 02:05   12ms  590M  110G  22/ 23U [GameAnalyzer] Income advantage is now SmallDisadvantage
2022-11-04 21:25:56.941 | 02:06   11ms  605M  114G  22/ 23U [GameAnalyzer] Income advantage is now SlightDisadvantage
2022-11-04 21:25:57.038 | 02:06   12ms  605M  114G  22/ 23U [GameAnalyzer] Income advantage is now SmallDisadvantage
2022-11-04 21:25:57.214 | 02:07   12ms  615M  118G  22/ 31U [GameAnalyzer] Income advantage is now SlightDisadvantage
2022-11-04 21:25:57.216 | 02:07   12ms  565M  118G  22/ 31U [ActUnit] SCV from COMMANDCENTER at (57.5, 60.5)
2022-11-04 21:25:57.351 | 02:08   12ms  580M  118G  23/ 31U [GameAnalyzer] Income advantage is now SmallDisadvantage
2022-11-04 21:25:57.441 | 02:09   12ms  595M  118G  23/ 31U [GameAnalyzer] Income advantage is now SlightDisadvantage
2022-11-04 21:25:57.533 | 02:09   12ms  595M  122G  23/ 31U [GameAnalyzer] Income advantage is now SmallDisadvantage
2022-11-04 21:25:57.559 | 02:09   14ms  600M  122G  23/ 31U [GameAnalyzer] Income advantage is now SlightDisadvantage
2022-11-04 21:25:57.708 | 02:10   11ms  610M  126G  23/ 31U [GameAnalyzer] Income advantage is now SmallDisadvantage
2022-11-04 21:25:57.735 | 02:10   16ms  615M  126G  23/ 31U [GameAnalyzer] Income advantage is now SlightDisadvantage
2022-11-04 21:25:58.003 | 02:12   13ms  660M  130G  23/ 31U [GameAnalyzer] Income advantage is now SmallDisadvantage
2022-11-04 21:25:58.030 | 02:12   12ms  665M  130G  23/ 31U [GameAnalyzer] Income advantage is now SlightDisadvantage
2022-11-04 21:25:58.066 | 02:12   12ms  665M  130G  23/ 31U [GameAnalyzer] Income advantage is now SmallDisadvantage
2022-11-04 21:25:58.123 | 02:13   11ms  680M  130G  23/ 31U [GameAnalyzer] Income advantage is now SlightDisadvantage
2022-11-04 21:25:58.192 | 02:13   13ms  680M  130G  23/ 31U [GameAnalyzer] Income advantage is now SmallDisadvantage
2022-11-04 21:25:58.194 | 02:13   13ms  680M  130G  23/ 31U [BuildAddon] UnitTypeId.BARRACKSREACTOR to (66.0, 61.0)
2022-11-04 21:25:58.234 | 02:13   19ms  630M   84G  23/ 31U [Expand] Expanding to (79.5, 51.5)
2022-11-04 21:25:58.745 | 02:16   15ms  125M   88G  23/ 31U [GameAnalyzer] Income advantage is now SlightDisadvantage
2022-11-04 21:25:58.781 | 02:16   16ms  125M   92G  23/ 31U [GameAnalyzer] Income advantage is now SmallDisadvantage
2022-11-04 21:25:59.468 | 02:20   20ms   40M    0G  23/ 31U [GameAnalyzer] Income advantage is now SlightDisadvantage
2022-11-04 21:25:59.503 | 02:20   16ms   45M    0G  23/ 31U [GameAnalyzer] Income advantage is now SmallDisadvantage
2022-11-04 21:25:59.610 | 02:20   14ms   55M    0G  23/ 31U [GameAnalyzer] Income advantage is now Even
2022-11-04 21:25:59.612 | 02:20   14ms    5M    0G  23/ 31U [ActUnit] SCV from COMMANDCENTER at (57.5, 60.5)
2022-11-04 21:25:59.794 | 02:21   17ms   20M    4G  24/ 31U [GameAnalyzer] Income advantage is now SlightDisadvantage
2022-11-04 21:25:59.835 | 02:21   17ms   20M    4G  24/ 31U [GameAnalyzer] Income advantage is now Even
2022-11-04 21:26:00.691 | 02:25   16ms    0M   16G  24/ 31U [BuildGas] Building REFINERY to (50.5, 63.5)
2022-11-04 21:26:00.883 | 02:26   17ms   35M   16G  24/ 31U [GameAnalyzer] Income advantage is now SlightDisadvantage
2022-11-04 21:26:00.928 | 02:26   20ms   35M   20G  24/ 31U [GameAnalyzer] Income advantage is now Even
2022-11-04 21:26:02.123 | 02:32   18ms   70M   36G  24/ 31U [ActUnit] SCV from COMMANDCENTER at (57.5, 60.5)
2022-11-04 21:26:04.645 | 02:45   14ms  235M   68G  25/ 31U [ActUnit] SCV from COMMANDCENTER at (57.5, 60.5)
2022-11-04 21:26:05.601 | 02:49   16ms  170M   80G  26/ 31U [TerranUnit] MARINE from BARRACKS at (63.5, 61.5)
2022-11-04 21:26:05.645 | 02:49   18ms  130M   80G  27/ 31U [TerranUnit] MARINE from BARRACKS at (63.5, 61.5)
2022-11-04 21:26:05.936 | 02:50   16ms  145M   84G  28/ 31U [GameAnalyzer] Known army advantage is now SlightDisadvantage
2022-11-04 21:26:05.937 | 02:50   16ms  145M   84G  28/ 31U [GameAnalyzer] Predicted army advantage is now SmallDisadvantage
2022-11-04 21:26:07.303 | 02:56   17ms  240M  112G  28/ 31U [GameAnalyzer] Income advantage is now SlightDisadvantage
2022-11-04 21:26:07.338 | 02:57   18ms  245M  112G  28/ 31U [GameAnalyzer] Income advantage is now Even
2022-11-04 21:26:07.340 | 02:57   18ms  195M  112G  28/ 31U [ActUnit] SCV from COMMANDCENTER at (57.5, 60.5)
2022-11-04 21:26:07.384 | 02:57   18ms  195M  112G  29/ 31U [GameAnalyzer] Income advantage is now SlightDisadvantage
2022-11-04 21:26:07.418 | 02:57   19ms  205M  112G  29/ 31U [GameAnalyzer] Income advantage is now Even
2022-11-04 21:26:07.543 | 02:58   20ms  210M  116G  29/ 31U [GameAnalyzer] Income advantage is now SlightDisadvantage
2022-11-04 21:26:07.620 | 02:58   16ms  210M  120G  29/ 31U [GameAnalyzer] Income advantage is now Even
2022-11-04 21:26:08.225 | 03:01   17ms  265M  132G  29/ 31U [GameAnalyzer] Income advantage is now SlightDisadvantage
2022-11-04 21:26:08.226 | 03:01   17ms  265M  132G  29/ 31U [GameAnalyzer] Predicted army advantage is now ClearDisadvantage
2022-11-04 21:26:08.396 | 03:01   22ms  280M  132G  29/ 31U [GameAnalyzer] Income advantage is now Even
2022-11-04 21:26:08.682 | 03:03   17ms  295M  140G  29/ 31U [GameAnalyzer] Income advantage is now SlightDisadvantage
2022-11-04 21:26:08.685 | 03:03   17ms  295M  140G  29/ 31U [BuildAddon] UnitTypeId.BARRACKSTECHLAB to (68.0, 58.0)
2022-11-04 21:26:08.766 | 03:03   19ms  245M  115G  29/ 31U [GameAnalyzer] Income advantage is now Even
2022-11-04 21:26:09.098 | 03:04   16ms  270M  123G  29/ 31U [GameAnalyzer] Income advantage is now SlightDisadvantage
2022-11-04 21:26:09.329 | 03:05   19ms   85M  131G  29/ 31U [BuildAddon] UnitTypeId.FACTORYREACTOR to (58.0, 69.0)
2022-11-04 21:26:09.465 | 03:06   18ms   45M   81G  29/ 31U [GameAnalyzer] Income advantage is now Even
2022-11-04 21:26:09.501 | 03:06   17ms   45M   81G  29/ 31U [GameAnalyzer] Income advantage is now SlightDisadvantage
2022-11-04 21:26:09.502 | 03:06   17ms   45M   81G  29/ 31U [GameAnalyzer] Known army advantage is now SmallDisadvantage
2022-11-04 21:26:09.587 | 03:06   18ms   50M   81G  29/ 31U [GameAnalyzer] Income advantage is now SmallDisadvantage
2022-11-04 21:26:09.656 | 03:06   18ms   50M   89G  29/ 31U [GameAnalyzer] Income advantage is now SlightDisadvantage
2022-11-04 21:26:09.746 | 03:07   19ms    5M   89G  29/ 31U [TerranUnit] MARINE from BARRACKS at (63.5, 61.5)
2022-11-04 21:26:10.195 | 03:09   18ms    0M   97G  29/ 31U [ActUnit] SCV from COMMANDCENTER at (57.5, 60.5)
2022-11-04 21:26:10.233 | 03:09   18ms   50M   97G  30/ 31U [TerranUnit] MARINE from BARRACKS at (63.5, 61.5)
2022-11-04 21:26:10.277 | 03:09   17ms   55M  101G  31/ 31U [GameAnalyzer] Income advantage is now Even
2022-11-04 21:26:10.320 | 03:09   19ms   55M  101G  31/ 31U [GameAnalyzer] Income advantage is now SlightDisadvantage
2022-11-04 21:26:10.482 | 03:10   15ms   70M  101G  31/ 31U [GameAnalyzer] Income advantage is now Even
2022-11-04 21:26:10.604 | 03:11   15ms   75M  101G  31/ 31U [GameAnalyzer] Income advantage is now SlightDisadvantage
2022-11-04 21:26:10.679 | 03:11   17ms   80M  109G  31/ 31U [EnemyArmyPredicter] Predicting negative free minerals for enemy: -606
2022-11-04 21:26:10.680 | 03:11   17ms   80M  109G  31/ 31U [GameAnalyzer] Predicted army advantage is now SmallDisadvantage
2022-11-04 21:26:10.794 | 03:11   18ms   95M  113G  31/ 31U [GameAnalyzer] Income advantage is now Even
2022-11-04 21:26:10.839 | 03:12   18ms   95M  113G  31/ 31U [GameAnalyzer] Income advantage is now SlightDisadvantage
2022-11-04 21:26:10.993 | 03:12   15ms  110M  117G  31/ 31U [GameAnalyzer] Income advantage is now Even
2022-11-04 21:26:11.106 | 03:13   15ms  115M  121G  31/ 31U [GameAnalyzer] Income advantage is now SlightDisadvantage
2022-11-04 21:26:11.273 | 03:14   17ms  125M  125G  31/ 31U [GameAnalyzer] Income advantage is now Even
2022-11-04 21:26:11.318 | 03:14   17ms  130M  125G  31/ 31U [GameAnalyzer] Income advantage is now SlightDisadvantage
2022-11-04 21:26:11.472 | 03:15   14ms  135M  125G  31/ 31U [GameAnalyzer] Income advantage is now Even
2022-11-04 21:26:11.509 | 03:15   18ms  165M  125G  31/ 39U [GameAnalyzer] Income advantage is now SlightDisadvantage
2022-11-04 21:26:11.711 | 03:16   14ms   40M   33G  31/ 39U [GameAnalyzer] Income advantage is now Even
2022-11-04 21:26:11.746 | 03:16   19ms   40M   33G  31/ 39U [GameAnalyzer] Income advantage is now SlightDisadvantage
2022-11-04 21:26:11.825 | 03:16   16ms   45M   33G  31/ 39U [EnemyArmyPredicter] Predicting negative free minerals for enemy: -481
2022-11-04 21:26:11.895 | 03:16   15ms   45M   37G  31/ 39U [GameAnalyzer] Income advantage is now Even
2022-11-04 21:26:11.969 | 03:17   17ms   50M   41G  31/ 39U [GameAnalyzer] Income advantage is now SlightDisadvantage
2022-11-04 21:26:12.155 | 03:18   15ms   75M   45G  31/ 39U [GameAnalyzer] Income advantage is now Even
2022-11-04 21:26:12.241 | 03:18   14ms   80M   49G  31/ 39U [GameAnalyzer] Income advantage is now SlightDisadvantage
2022-11-04 21:26:12.349 | 03:19   14ms   85M   49G  31/ 39U [GameAnalyzer] Income advantage is now Even
2022-11-04 21:26:12.499 | 03:19   15ms   85M   53G  31/ 39U [GameAnalyzer] Income advantage is now SlightDisadvantage
2022-11-04 21:26:12.680 | 03:20   47ms  110M   57G  31/ 39U [GameAnalyzer] Income advantage is now Even
2022-11-04 21:26:12.765 | 03:20   16ms  115M   57G  31/ 39U [GameAnalyzer] Income advantage is now SlightDisadvantage
2022-11-04 21:26:12.804 | 03:21   18ms   65M   61G  31/ 39U [TerranUnit] MARINE from BARRACKS at (65.5, 58.5)
2022-11-04 21:26:12.883 | 03:21   15ms   20M   65G  32/ 39U [ActUnit] SCV from COMMANDCENTER at (57.5, 60.5)
2022-11-04 21:26:12.925 | 03:21   20ms   25M   65G  33/ 39U [GameAnalyzer] Income advantage is now Even
2022-11-04 21:26:12.963 | 03:21   16ms   25M   65G  33/ 39U [EnemyArmyPredicter] Predicting negative free minerals for enemy: -357
2022-11-04 21:26:13.046 | 03:22   18ms   25M   65G  33/ 39U [GameAnalyzer] Income advantage is now SlightDisadvantage
2022-11-04 21:26:13.195 | 03:22   14ms   80M   69G  33/ 39U [GameAnalyzer] Income advantage is now Even
2022-11-04 21:26:13.313 | 03:23   15ms   80M   73G  33/ 39U [GameAnalyzer] Income advantage is now SlightDisadvantage
2022-11-04 21:26:13.463 | 03:24   15ms   85M   77G  33/ 39U [GameAnalyzer] Income advantage is now Even
2022-11-04 21:26:13.500 | 03:24   19ms   85M   77G  33/ 39U [GameAnalyzer] Income advantage is now SlightDisadvantage
2022-11-04 21:26:13.652 | 03:25   15ms  100M   81G  33/ 39U [GameAnalyzer] Known army advantage is now SlightDisadvantage
2022-11-04 21:26:13.653 | 03:25   15ms  100M   81G  33/ 39U [GameAnalyzer] Predicted army advantage is now SlightDisadvantage
2022-11-04 21:26:13.656 | 03:25   15ms   50M   81G  33/ 39U [TerranUnit] MARINE from BARRACKS at (63.5, 61.5)
2022-11-04 21:26:13.774 | 03:25   15ms   70M   85G  34/ 39U [GameAnalyzer] Income advantage is now Even
2022-11-04 21:26:13.854 | 03:25   18ms   70M   89G  34/ 39U [GameAnalyzer] Income advantage is now SlightDisadvantage
2022-11-04 21:26:14.083 | 03:26   17ms   80M   93G  34/ 39U [EnemyArmyPredicter] Predicting negative free minerals for enemy: -233
2022-11-04 21:26:14.084 | 03:26   17ms   80M   93G  34/ 39U [GameAnalyzer] Income advantage is now Even
2022-11-04 21:26:14.117 | 03:27   18ms   80M   93G  34/ 39U [GameAnalyzer] Income advantage is now SlightDisadvantage
2022-11-04 21:26:14.162 | 03:27   17ms   90M   97G  34/ 39U [GameAnalyzer] Known army advantage is now Even
2022-11-04 21:26:14.163 | 03:27   17ms   90M   97G  34/ 39U [GameAnalyzer] Predicted army advantage is now Even
2022-11-04 21:26:14.166 | 03:27   17ms   40M   97G  34/ 39U [TerranUnit] MARINE from BARRACKS at (63.5, 61.5)
2022-11-04 21:26:14.237 | 03:27   16ms   50M   97G  35/ 39U [GameAnalyzer] Income advantage is now Even
2022-11-04 21:26:14.273 | 03:27   16ms   50M   97G  35/ 39U [GameAnalyzer] Income advantage is now SlightDisadvantage
2022-11-04 21:26:14.347 | 03:28   15ms   50M   97G  35/ 39U [GameAnalyzer] Income advantage is now Even
2022-11-04 21:26:14.426 | 03:28   17ms   55M  101G  35/ 39U [GameAnalyzer] Income advantage is now SlightDisadvantage
2022-11-04 21:26:14.580 | 03:29   16ms   70M  105G  35/ 39U [GameAnalyzer] Income advantage is now Even
2022-11-04 21:26:14.630 | 03:29   17ms  100M  105G  35/ 39U [GameAnalyzer] Income advantage is now SlightDisadvantage
2022-11-04 21:26:14.633 | 03:29   17ms  100M  105G  35/ 39U [Tech] Started STIMPACK
2022-11-04 21:26:14.822 | 03:30   16ms   20M   13G  35/ 47U [GameAnalyzer] Income advantage is now Even
2022-11-04 21:26:14.911 | 03:30   17ms   20M   13G  35/ 47U [GameAnalyzer] Income advantage is now SlightDisadvantage
2022-11-04 21:26:15.154 | 03:31   17ms   35M   21G  35/ 47U [GameAnalyzer] Income advantage is now Even
2022-11-04 21:26:15.198 | 03:31   17ms   40M   21G  35/ 47U [GameAnalyzer] Income advantage is now SlightDisadvantage
2022-11-04 21:26:15.246 | 03:32   16ms   40M   21G  35/ 62U [EnemyArmyPredicter] Predicting negative free minerals for enemy: -109
2022-11-04 21:26:15.247 | 03:32   16ms   40M   21G  35/ 62U [GameAnalyzer] Income advantage is now Even
2022-11-04 21:26:16.438 | 03:37   19ms  150M   53G  35/ 62U [GameAnalyzer] Income advantage is now SlightDisadvantage
2022-11-04 21:26:16.473 | 03:37   17ms    0M   53G  35/ 62U [GameAnalyzer] Income advantage is now Even
2022-11-04 21:26:16.520 | 03:38   17ms    5M   53G  35/ 62U [GameAnalyzer] Income advantage is now SlightDisadvantage
2022-11-04 21:26:16.553 | 03:38   19ms   20M   53G  35/ 62U [GameAnalyzer] Income advantage is now Even
2022-11-04 21:26:16.981 | 03:40   15ms    0M   61G  35/ 62U [TerranUnit] MARINE from BARRACKS at (65.5, 58.5)
2022-11-04 21:26:17.396 | 03:42   16ms   30M   77G  36/ 62U [GameAnalyzer] Income advantage is now SlightDisadvantage
2022-11-04 21:26:17.441 | 03:42   19ms   35M   77G  36/ 62U [GameAnalyzer] Income advantage is now Even
2022-11-04 21:26:17.477 | 03:42   20ms   40M   77G  36/ 62U [GameAnalyzer] Predicted army advantage is now SmallDisadvantage
2022-11-04 21:26:17.563 | 03:42   18ms   55M   77G  36/ 62U [GameAnalyzer] Known army advantage is now SlightAdvantage
2022-11-04 21:26:17.565 | 03:42   18ms   55M   77G  36/ 62U [GameAnalyzer] Predicted army advantage is now SlightDisadvantage
2022-11-04 21:26:17.567 | 03:42   18ms    5M   77G  36/ 62U [TerranUnit] MARINE from BARRACKS at (63.5, 61.5)
2022-11-04 21:26:17.614 | 03:43   22ms    5M   77G  37/ 62U [GameAnalyzer] Income advantage is now SlightDisadvantage
2022-11-04 21:26:17.700 | 03:43   17ms   25M   81G  37/ 62U [GameAnalyzer] Income advantage is now Even
2022-11-04 21:26:18.134 | 03:45   19ms   80M   93G  37/ 62U [GameAnalyzer] Known army advantage is now SmallAdvantage
2022-11-04 21:26:18.136 | 03:45   19ms   80M   93G  37/ 62U [GameAnalyzer] Predicted army advantage is now Even
2022-11-04 21:26:18.138 | 03:45   19ms   30M   93G  37/ 62U [TerranUnit] MARINE from BARRACKS at (63.5, 61.5)
2022-11-04 21:26:18.664 | 03:47   17ms   80M  101G  38/ 62U [GameAnalyzer] Predicted army advantage is now SmallDisadvantage
2022-11-04 21:26:19.157 | 03:49   17ms  120M  117G  38/ 62U [GameAnalyzer] Income advantage is now SlightDisadvantage
2022-11-04 21:26:19.200 | 03:49   18ms  125M  117G  38/ 62U [GameAnalyzer] Income advantage is now Even
2022-11-04 21:26:19.633 | 03:51   15ms  190M  125G  38/ 62U [GameAnalyzer] Income advantage is now SlightDisadvantage
2022-11-04 21:26:19.680 | 03:51   17ms  200M  125G  38/ 62U [GameAnalyzer] Income advantage is now Even
2022-11-04 21:26:21.012 | 03:57   16ms  320M  157G  38/ 62U [GameAnalyzer] Predicted army advantage is now ClearDisadvantage
2022-11-04 21:26:21.062 | 03:58   20ms  275M  161G  38/ 62U [TerranUnit] MARINE from BARRACKS at (65.5, 58.5)
2022-11-04 21:26:21.722 | 04:00   22ms  360M  173G  39/ 62U [GameAnalyzer] Predicted army advantage is now SmallDisadvantage
2022-11-04 21:26:21.726 | 04:00   22ms  310M  173G  39/ 62U [TerranUnit] MARINE from BARRACKS at (63.5, 61.5)
2022-11-04 21:26:22.156 | 04:02   19ms  335M  185G  40/ 62U [GameAnalyzer] Income advantage is now SlightDisadvantage
2022-11-04 21:26:22.210 | 04:02   19ms  295M  189G  40/ 62U [ActUnit] SCV from COMMANDCENTER at (57.5, 60.5)
2022-11-04 21:26:22.251 | 04:02   22ms  305M  189G  41/ 62U [GameAnalyzer] Income advantage is now Even
2022-11-04 21:26:22.253 | 04:02   22ms  255M  189G  41/ 62U [ActUnit] SCV from COMMANDCENTER at (79.5, 51.5)
2022-11-04 21:26:22.299 | 04:03   20ms  260M  189G  42/ 62U [GameAnalyzer] Known army advantage is now ClearAdvantage
2022-11-04 21:26:22.304 | 04:03   20ms  260M  189G  42/ 62U [BuildAddon] UnitTypeId.FACTORYTECHLAB to (56.0, 72.0)
2022-11-04 21:26:22.306 | 04:03   20ms  210M  189G  42/ 62U [TerranUnit] MARINE from BARRACKS at (63.5, 61.5)
2022-11-04 21:26:23.558 | 04:08   18ms  295M  192G  43/ 62U [GameAnalyzer] Predicted army advantage is now ClearDisadvantage
2022-11-04 21:26:24.224 | 04:11   17ms  350M  204G  43/ 62U [GameAnalyzer] Income advantage is now SlightDisadvantage
2022-11-04 21:26:24.268 | 04:11   18ms  380M  208G  43/ 62U [GameAnalyzer] Income advantage is now Even
2022-11-04 21:26:24.308 | 04:11   19ms  380M  208G  43/ 62U [GameAnalyzer] Income advantage is now SlightDisadvantage
2022-11-04 21:26:24.357 | 04:11   18ms  400M  212G  43/ 62U [GameAnalyzer] Income advantage is now Even
2022-11-04 21:26:25.108 | 04:14   16ms  435M  228G  43/ 62U [ActUnit] SCV from COMMANDCENTER at (57.5, 60.5)
2022-11-04 21:26:25.147 | 04:15   18ms  385M  228G  44/ 62U [ActUnit] SCV from COMMANDCENTER at (79.5, 51.5)
2022-11-04 21:26:25.388 | 04:15   17ms  260M  232G  45/ 62U [TerranUnit] MARINE from BARRACKS at (65.5, 58.5)
2022-11-04 21:26:26.049 | 04:18   18ms  290M  248G  46/ 62U [TerranUnit] MARINE from BARRACKS at (63.5, 61.5)
2022-11-04 21:26:26.093 | 04:18   20ms  195M  148G  47/ 62U [TerranUnit] MEDIVAC from STARPORT at (55.5, 69.5)
2022-11-04 21:26:26.142 | 04:18   24ms  100M   52G  49/ 62U [TerranUnit] MEDIVAC from STARPORT at (55.5, 69.5)
2022-11-04 21:26:28.222 | 04:26   20ms  285M   92G  51/ 62U [ActUnit] SCV from COMMANDCENTER at (57.5, 60.5)
2022-11-04 21:26:28.263 | 04:27   19ms  240M   92G  52/ 62U [ActUnit] SCV from COMMANDCENTER at (79.5, 51.5)
2022-11-04 21:26:29.906 | 04:33   17ms  225M  132G  53/ 62U [GameAnalyzer] Predicted army advantage is now SmallDisadvantage
2022-11-04 21:26:31.419 | 04:39   20ms  440M  156G  53/ 62U [ActUnit] SCV from COMMANDCENTER at (57.5, 60.5)
2022-11-04 21:26:31.473 | 04:39   25ms  395M  160G  54/ 62U [ActUnit] SCV from COMMANDCENTER at (79.5, 51.5)
2022-11-04 21:26:33.800 | 04:47   23ms  645M  204G  55/ 70U [GameAnalyzer] Income advantage is now SlightAdvantage
2022-11-04 21:26:33.857 | 04:47   20ms  645M  204G  55/ 70U [GameAnalyzer] Income advantage is now Even
2022-11-04 21:26:34.249 | 04:48   22ms  695M  212G  55/ 70U [GameAnalyzer] Predicted army advantage is now Even
2022-11-04 21:26:35.027 | 04:51   23ms  730M  224G  55/ 70U [ActUnit] SCV from COMMANDCENTER at (57.5, 60.5)
2022-11-04 21:26:35.053 | INFO     | sc2.protocol:_execute:72 - Client status changed to Status.ended (was Status.in_game)
2022-11-04 21:26:35.055 | Result: Defeat
2022-11-04 21:26:35.055 | Duration: 04:51
2022-11-04 21:26:35.056 | Step time min: 6
2022-11-04 21:26:35.058 | Step time avg: 15
2022-11-04 21:26:35.059 | Step time max: 143
2022-11-04 21:26:35.060 | [LostUnitsContents] My lost units minerals and gas: (50, 50)
2022-11-04 21:26:35.061 | [LostUnitsContents] My lost units minerals by score: 50.0
2022-11-04 21:26:35.062 | [LostUnitsContents] Enemy lost units minerals and gas: (25, 0)
2022-11-04 21:26:35.063 | [LostUnitsContents] Enemy lost units minerals by score: 25.0
2022-11-04 21:26:35.064 | [GameAnalyzerEnd] Own units:
2022-11-04 21:26:35.065 | [GameAnalyzerEnd] SCV               total:  32 alive:  32 dead:   0 
2022-11-04 21:26:35.066 | [GameAnalyzerEnd] MARINE            total:  16 alive:  16 dead:   0 
2022-11-04 21:26:35.067 | [GameAnalyzerEnd] SUPPLYDEPOT       total:   6 alive:   6 dead:   0 
2022-11-04 21:26:35.067 | [GameAnalyzerEnd] ORBITALCOMMAND    total:   2 alive:   2 dead:   0 
2022-11-04 21:26:35.068 | [GameAnalyzerEnd] MULE              total:   2 alive:   2 dead:   0 
2022-11-04 21:26:35.069 | [GameAnalyzerEnd] REFINERY          total:   2 alive:   2 dead:   0 
2022-11-04 21:26:35.069 | [GameAnalyzerEnd] REACTOR           total:   2 alive:   2 dead:   0 
2022-11-04 21:26:35.070 | [GameAnalyzerEnd] BARRACKS          total:   2 alive:   2 dead:   0 
2022-11-04 21:26:35.070 | [GameAnalyzerEnd] TECHLAB           total:   2 alive:   2 dead:   0 
2022-11-04 21:26:35.071 | [GameAnalyzerEnd] MEDIVAC           total:   2 alive:   2 dead:   0 
2022-11-04 21:26:35.072 | [GameAnalyzerEnd] STARPORT          total:   1 alive:   1 dead:   0 
2022-11-04 21:26:35.072 | [GameAnalyzerEnd] FACTORY           total:   1 alive:   1 dead:   0 
2022-11-04 21:26:35.076 | [GameAnalyzerEnd] REAPER            total:   1 alive:   0 dead:   1 
2022-11-04 21:26:35.077 | [GameAnalyzerEnd] Enemy units:
2022-11-04 21:26:35.078 | [GameAnalyzerEnd] DRONE             total:  25 alive:  25 dead:   0 
2022-11-04 21:26:35.079 | [GameAnalyzerEnd] ZERGLING          total:   5 alive:   4 dead:   1 
2022-11-04 21:26:35.081 | [GameAnalyzerEnd] OVERLORD          total:   3 alive:   3 dead:   0 
2022-11-04 21:26:35.082 | [GameAnalyzerEnd] HATCHERY          total:   2 alive:   2 dead:   0 
2022-11-04 21:26:35.083 | [GameAnalyzerEnd] EXTRACTOR         total:   2 alive:   2 dead:   0 
2022-11-04 21:26:35.083 | [GameAnalyzerEnd] QUEEN             total:   2 alive:   2 dead:   0 
2022-11-04 21:26:35.084 | [GameAnalyzerEnd] SPAWNINGPOOL      total:   1 alive:   1 dead:   0 
2022-11-04 21:26:35.085 | [GameAnalyzerEnd] ROACHWARREN       total:   1 alive:   1 dead:   0 
2022-11-04 21:26:35.085 | [GameAnalyzerEnd] Minerals max 745 Average 218
2022-11-04 21:26:35.086 | [GameAnalyzerEnd] Vespene max 244 Average 71
2022-11-04 21:26:35.087 | INFO     | sc2.main:_play_game:228 - Result for player 1 - Bot Turtles(Terran): Defeat
2022-11-04 21:26:36.213 | INFO     | sc2.protocol:__request:48 - Cannot receive: Game has already ended.
2022-11-04 21:26:36.215 | INFO     | sc2.sc2process:_close_connection:231 - Closing connection at 51962...
2022-11-04 21:26:36.216 | INFO     | sc2.sc2process:kill_all:33 - kill_switch: Process cleanup for 1 processes
