2022-10-26 13:29:39.607 | INFO     | sc2.protocol:_execute:72 - Client status changed to Status.launched (was None)
2022-10-26 13:29:39.609 | INFO     | sc2.controller:create_game:37 - Creating new game
2022-10-26 13:29:39.610 | INFO     | sc2.controller:create_game:38 - Map:     BlackburnAIE
2022-10-26 13:29:39.611 | INFO     | sc2.controller:create_game:39 - Players: Bot Turtles(Terran), Computer VeryHard(Random, RandomBuild)
2022-10-26 13:29:39.614 | INFO     | sc2.protocol:_execute:72 - Client status changed to Status.init_game (was Status.launched)
2022-10-26 13:29:48.561 | INFO     | sc2.protocol:_execute:72 - Client status changed to Status.in_game (was None)
2022-10-26 13:29:48.563 | INFO     | sc2.main:_play_game:221 - Player 1 - Bot Turtles(Terran)
2022-10-26 13:29:49.134 | 00:00    0ms    0M    0G  12/ 15U [Version] 5.0.10.88500
2022-10-26 13:29:49.135 | 00:00    0ms    0M    0G  12/ 15U [Version] 5.0.6 Balance mod recognized.
2022-10-26 13:29:49.223 | 00:00    0ms    0M    0G  12/ 15U [ZoneManager] Map set to: MapName.Blackburn from name: Blackburn AIE and hash: 2657237.
2022-10-26 13:29:49.863 | [Start] My race: Terran
2022-10-26 13:29:49.865 | [Start] Opponent race: Random
2022-10-26 13:29:49.866 | [Start] OpponentId: None
2022-10-26 13:29:50.136 | 00:00    8ms    0M    0G  13/ 15U [GameAnalyzer] Income advantage is now SlightDisadvantage
2022-10-26 13:29:50.238 | 00:01    9ms    0M    0G  13/ 15U [GameAnalyzer] Income advantage is now Even
2022-10-26 13:29:50.620 | 00:04    6ms   15M    0G  13/ 15U [GameAnalyzer] Income advantage is now SlightDisadvantage
2022-10-26 13:29:50.640 | 00:04    8ms   25M    0G  13/ 15U [GameAnalyzer] Income advantage is now Even
2022-10-26 13:29:50.788 | 00:05    7ms   40M    0G  13/ 15U [GameAnalyzer] Income advantage is now SlightDisadvantage
2022-10-26 13:29:50.829 | 00:06   12ms   40M    0G  13/ 15U [GameAnalyzer] Income advantage is now Even
2022-10-26 13:29:51.788 | 00:15    6ms    5M    0G  13/ 15U [ActUnit] SCV from COMMANDCENTER at (36.5, 31.5)
2022-10-26 13:29:53.192 | 00:27    7ms  115M    0G  14/ 15U [ActUnit] SCV from COMMANDCENTER at (36.5, 31.5)
2022-10-26 13:29:54.419 | 00:37    7ms   25M    0G  15/ 23U [BuildGas] Building REFINERY to (39.5, 24.5)
2022-10-26 13:29:54.685 | 00:39    7ms    0M    0G  15/ 23U [ActUnit] SCV from COMMANDCENTER at (36.5, 31.5)
2022-10-26 13:29:56.046 | 00:50    7ms  125M    0G  16/ 23U [GameAnalyzer] Income advantage is now SlightDisadvantage
2022-10-26 13:29:56.071 | 00:50    8ms  125M    0G  16/ 23U [GameAnalyzer] Income advantage is now Even
2022-10-26 13:29:56.222 | 00:51    9ms  100M    0G  16/ 23U [ActUnit] SCV from COMMANDCENTER at (36.5, 31.5)
2022-10-26 13:29:58.062 | 01:03    9ms  200M    0G  17/ 23U [ActUnit] SCV from COMMANDCENTER at (36.5, 31.5)
2022-10-26 13:30:00.081 | 01:14   18ms  340M   28G  18/ 23U [GameAnalyzer] Income advantage is now SmallAdvantage
2022-10-26 13:30:00.179 | 01:15   22ms  345M   28G  18/ 23U [GameAnalyzer] Income advantage is now SlightAdvantage
2022-10-26 13:30:00.275 | 01:15   20ms  345M   28G  18/ 23U [GameAnalyzer] Income advantage is now Even
2022-10-26 13:30:00.380 | 01:15   21ms  310M   32G  18/ 23U [ActUnit] SCV from COMMANDCENTER at (36.5, 31.5)
2022-10-26 13:30:01.713 | 01:24   10ms  405M   52G  19/ 23U [GameAnalyzer] Income advantage is now SlightDisadvantage
2022-10-26 13:30:01.790 | 01:24   10ms  425M   52G  19/ 23U [GameAnalyzer] Income advantage is now Even
2022-10-26 13:30:01.825 | 01:24   12ms  225M    6G  19/ 23U [TerranUnit] REAPER from BARRACKS at (39.5, 37.5)
2022-10-26 13:30:01.943 | 01:25   10ms  385M    6G  20/ 23U [GameAnalyzer] Income advantage is now SlightDisadvantage
2022-10-26 13:30:01.967 | 01:25   11ms  385M    6G  20/ 23U [GameAnalyzer] Income advantage is now Even
2022-10-26 13:30:02.283 | 01:27   10ms  405M   14G  20/ 23U [GameAnalyzer] Predicted army advantage is now SlightDisadvantage
2022-10-26 13:30:02.863 | 01:31   12ms  310M   22G  20/ 23U [GameAnalyzer] Income advantage is now SlightDisadvantage
2022-10-26 13:30:02.893 | 01:31   12ms  315M   22G  20/ 23U [GameAnalyzer] Income advantage is now Even
2022-10-26 13:30:03.113 | 01:32   13ms  325M   26G  20/ 23U [GameAnalyzer] Income advantage is now SlightDisadvantage
2022-10-26 13:30:03.145 | 01:33   12ms  335M   26G  20/ 23U [GameAnalyzer] Income advantage is now Even
2022-10-26 13:30:03.202 | 01:33   11ms  340M   26G  20/ 23U [GameAnalyzer] Income advantage is now SlightDisadvantage
2022-10-26 13:30:03.229 | 01:33   11ms  345M   30G  20/ 23U [GameAnalyzer] Income advantage is now Even
2022-10-26 13:30:03.401 | 01:34   10ms  355M   30G  20/ 23U [GameAnalyzer] Income advantage is now SlightDisadvantage
2022-10-26 13:30:03.438 | 01:34   12ms  360M   30G  20/ 23U [GameAnalyzer] Income advantage is now Even
2022-10-26 13:30:03.882 | 01:37   10ms  405M   38G  20/ 23U [GameAnalyzer] Income advantage is now SlightDisadvantage
2022-10-26 13:30:03.908 | 01:38   11ms  405M   42G  20/ 23U [GameAnalyzer] Income advantage is now Even
2022-10-26 13:30:04.243 | 01:39   12ms  440M   46G  20/ 23U [GameAnalyzer] Income advantage is now SlightDisadvantage
2022-10-26 13:30:04.303 | 01:40   10ms  450M   46G  20/ 23U [GameAnalyzer] Income advantage is now Even
2022-10-26 13:30:04.445 | 01:41   10ms  455M   50G  20/ 23U [GameAnalyzer] Income advantage is now SlightDisadvantage
2022-10-26 13:30:04.502 | 01:41   12ms  460M   50G  20/ 23U [GameAnalyzer] Income advantage is now Even
2022-10-26 13:30:04.858 | 01:43   17ms  495M   54G  20/ 23U [GameAnalyzer] Income advantage is now SlightDisadvantage
2022-10-26 13:30:04.886 | 01:43   16ms  500M   54G  20/ 23U [GameAnalyzer] Income advantage is now Even
2022-10-26 13:30:05.065 | 01:44   11ms  520M   58G  20/ 23U [GameAnalyzer] Income advantage is now SlightDisadvantage
2022-10-26 13:30:05.097 | 01:45   14ms  525M   58G  20/ 23U [GameAnalyzer] Income advantage is now Even
2022-10-26 13:30:05.351 | 01:46   12ms  545M   62G  20/ 23U [GameAnalyzer] Income advantage is now SlightDisadvantage
2022-10-26 13:30:05.384 | 01:46   20ms  550M   62G  20/ 23U [GameAnalyzer] Income advantage is now Even
2022-10-26 13:30:05.543 | 01:47   12ms  560M   66G  20/ 23U [GameAnalyzer] Income advantage is now SlightDisadvantage
2022-10-26 13:30:05.574 | 01:48   11ms  570M   66G  20/ 23U [GameAnalyzer] Income advantage is now Even
2022-10-26 13:30:05.860 | 01:49   10ms  600M   74G  20/ 23U [GameAnalyzer] Income advantage is now SlightDisadvantage
2022-10-26 13:30:05.907 | 01:50   10ms  605M   74G  20/ 23U [GameAnalyzer] Income advantage is now Even
2022-10-26 13:30:05.911 | 01:50   10ms  605M   74G  20/ 23U [Expand] Expanding to (36.5, 54.5)
2022-10-26 13:30:06.021 | 01:50   10ms  215M   74G  20/ 23U [GameAnalyzer] Income advantage is now SlightDisadvantage
2022-10-26 13:30:06.075 | 01:51   11ms  220M   78G  20/ 23U [GameAnalyzer] Income advantage is now Even
2022-10-26 13:30:06.312 | 01:52   10ms  245M   82G  20/ 23U [GameAnalyzer] Income advantage is now SlightDisadvantage
2022-10-26 13:30:06.338 | 01:53   11ms  245M   82G  20/ 23U [GameAnalyzer] Income advantage is now Even
2022-10-26 13:30:06.340 | 01:53   11ms  195M   82G  20/ 23U [ActUnit] SCV from COMMANDCENTER at (36.5, 31.5)
2022-10-26 13:30:06.595 | 01:54   12ms  215M   86G  21/ 23U [GameAnalyzer] Income advantage is now SlightDisadvantage
2022-10-26 13:30:06.678 | 01:54   12ms  230M   86G  21/ 23U [GameAnalyzer] Income advantage is now Even
2022-10-26 13:30:07.038 | 01:56   12ms  260M   90G  21/ 23U [GameAnalyzer] Known army advantage is now SlightAdvantage
2022-10-26 13:30:07.040 | 01:56   12ms  260M   90G  21/ 23U [BuildAddon] UnitTypeId.BARRACKSREACTOR to (42.0, 37.0)
2022-10-26 13:30:07.144 | 01:57   15ms   60M   44G  21/ 23U [GameAnalyzer] Income advantage is now SlightDisadvantage
2022-10-26 13:30:07.249 | 01:58   16ms   65M   44G  21/ 23U [GameAnalyzer] Income advantage is now Even
2022-10-26 13:30:08.657 | 02:05   15ms   90M   64G  21/ 23U [GameAnalyzer] Income advantage is now SlightAdvantage
2022-10-26 13:30:08.659 | 02:05   15ms   40M   64G  21/ 23U [ActUnit] SCV from COMMANDCENTER at (36.5, 31.5)
2022-10-26 13:30:08.693 | 02:05   17ms   40M   64G  22/ 23U [GameAnalyzer] Income advantage is now Even
2022-10-26 13:30:08.969 | 02:06   16ms   60M   68G  22/ 23U [GameAnalyzer] Income advantage is now SlightAdvantage
2022-10-26 13:30:09.001 | 02:06   16ms   60M   68G  22/ 23U [GameAnalyzer] Income advantage is now Even
2022-10-26 13:30:09.073 | 02:07   15ms   65M   68G  22/ 23U [GameAnalyzer] Income advantage is now SlightAdvantage
2022-10-26 13:30:09.115 | 02:07   21ms   65M   68G  22/ 23U [GameAnalyzer] Income advantage is now Even
2022-10-26 13:30:09.271 | 02:08   13ms   80M   72G  22/ 23U [GameAnalyzer] Income advantage is now SlightAdvantage
2022-10-26 13:30:09.351 | 02:08   14ms   80M   72G  22/ 23U [GameAnalyzer] Income advantage is now Even
2022-10-26 13:30:09.650 | 02:09   15ms  125M   76G  22/ 23U [GameAnalyzer] Income advantage is now SlightAdvantage
2022-10-26 13:30:09.754 | 02:10   16ms  130M   76G  22/ 23U [GameAnalyzer] Income advantage is now Even
2022-10-26 13:30:10.037 | 02:11   14ms  155M   80G  22/ 23U [GameAnalyzer] Income advantage is now SlightAdvantage
2022-10-26 13:30:10.075 | 02:11   16ms  155M   80G  22/ 23U [GameAnalyzer] Income advantage is now Even
2022-10-26 13:30:10.307 | 02:12   14ms  170M   84G  22/ 23U [GameAnalyzer] Income advantage is now SlightAdvantage
2022-10-26 13:30:10.377 | 02:13   14ms  170M   84G  22/ 23U [GameAnalyzer] Income advantage is now Even
2022-10-26 13:30:10.654 | 02:14   17ms  195M   88G  22/ 23U [GameAnalyzer] Income advantage is now SlightAdvantage
2022-10-26 13:30:10.777 | 02:15   16ms  195M   92G  22/ 23U [GameAnalyzer] Income advantage is now Even
2022-10-26 13:30:10.918 | 02:15   14ms  205M   92G  22/ 23U [GameAnalyzer] Income advantage is now SlightAdvantage
2022-10-26 13:30:10.986 | 02:16   15ms  235M   92G  22/ 23U [GameAnalyzer] Income advantage is now Even
2022-10-26 13:30:11.137 | 02:16   13ms  250M   96G  22/ 23U [GameAnalyzer] Income advantage is now SlightAdvantage
2022-10-26 13:30:11.221 | 02:17   17ms  250M   96G  22/ 23U [GameAnalyzer] Income advantage is now Even
2022-10-26 13:30:11.223 | 02:17   17ms  200M   96G  22/ 23U [ActUnit] SCV from COMMANDCENTER at (36.5, 31.5)
2022-10-26 13:30:11.297 | 02:17   17ms  205M   96G  23/ 23U [GameAnalyzer] Income advantage is now SlightAdvantage
2022-10-26 13:30:11.410 | 02:18   17ms   60M    0G  23/ 23U [GameAnalyzer] Income advantage is now Even
2022-10-26 13:30:11.478 | 02:18   14ms   70M    0G  23/ 23U [GameAnalyzer] Income advantage is now SlightAdvantage
2022-10-26 13:30:11.518 | 02:18   15ms   70M    0G  23/ 23U [GameAnalyzer] Income advantage is now Even
2022-10-26 13:30:11.589 | 02:19   14ms   80M    0G  23/ 23U [GameAnalyzer] Income advantage is now SlightAdvantage
2022-10-26 13:30:11.592 | 02:19   14ms    5M    0G  23/ 23U [BuildGas] Building REFINERY to (29.5, 34.5)
2022-10-26 13:30:11.627 | 02:19   17ms    5M    4G  23/ 23U [GameAnalyzer] Income advantage is now Even
2022-10-26 13:30:11.698 | 02:19   14ms   10M    4G  23/ 23U [GameAnalyzer] Known army advantage is now SlightDisadvantage
2022-10-26 13:30:11.739 | 02:19   15ms   10M    4G  23/ 23U [GameAnalyzer] Income advantage is now SlightAdvantage
2022-10-26 13:30:11.775 | 02:20   17ms   10M    4G  23/ 23U [GameAnalyzer] Income advantage is now Even
2022-10-26 13:30:12.164 | 02:21   13ms   35M    8G  22/ 23U [GameAnalyzer] Income advantage is now SlightAdvantage
2022-10-26 13:30:12.196 | 02:22   17ms   35M    8G  22/ 23U [GameAnalyzer] Income advantage is now Even
2022-10-26 13:30:12.432 | 02:23   13ms   75M   12G  22/ 23U [GameAnalyzer] Income advantage is now SlightAdvantage
2022-10-26 13:30:12.465 | 02:23   16ms   80M   12G  22/ 23U [GameAnalyzer] Income advantage is now Even
2022-10-26 13:30:12.732 | 02:25   14ms   95M   16G  22/ 23U [GameAnalyzer] Income advantage is now SlightAdvantage
2022-10-26 13:30:12.770 | 02:25   16ms   95M   20G  22/ 23U [GameAnalyzer] Income advantage is now Even
2022-10-26 13:30:12.838 | 02:25   14ms  100M   20G  22/ 23U [GameAnalyzer] Income advantage is now SlightAdvantage
2022-10-26 13:30:12.878 | 02:25   16ms  100M   20G  22/ 23U [GameAnalyzer] Income advantage is now Even
2022-10-26 13:30:13.047 | 02:26   13ms  115M   24G  22/ 31U [GameAnalyzer] Income advantage is now SlightAdvantage
2022-10-26 13:30:13.159 | 02:27   14ms  115M   24G  22/ 31U [GameAnalyzer] Income advantage is now Even
2022-10-26 13:30:13.197 | 02:27   16ms  115M   24G  22/ 31U [GameAnalyzer] Income advantage is now SlightAdvantage
2022-10-26 13:30:13.228 | 02:27   16ms  115M   24G  22/ 31U [GameAnalyzer] Income advantage is now Even
2022-10-26 13:30:13.298 | 02:27   14ms  120M   24G  22/ 31U [GameAnalyzer] Income advantage is now SlightAdvantage
2022-10-26 13:30:13.336 | 02:28   17ms  120M   24G  22/ 31U [GameAnalyzer] Income advantage is now Even
2022-10-26 13:30:13.402 | 02:28   13ms  135M   28G  22/ 31U [GameAnalyzer] Income advantage is now SlightAdvantage
2022-10-26 13:30:13.502 | 02:28   13ms  140M   28G  22/ 31U [GameAnalyzer] Income advantage is now Even
2022-10-26 13:30:13.541 | 02:29   16ms  140M   28G  22/ 31U [GameAnalyzer] Income advantage is now SlightAdvantage
2022-10-26 13:30:13.575 | 02:29   15ms  140M   28G  22/ 31U [GameAnalyzer] Income advantage is now Even
2022-10-26 13:30:13.621 | 02:29   16ms  145M   28G  22/ 31U [GameAnalyzer] Income advantage is now SlightAdvantage
2022-10-26 13:30:13.623 | 02:29   16ms   95M   28G  22/ 31U [ActUnit] SCV from COMMANDCENTER at (36.5, 31.5)
2022-10-26 13:30:14.125 | 02:31   16ms  145M   36G  23/ 31U [GameAnalyzer] Income advantage is now Even
2022-10-26 13:30:14.196 | 02:32   14ms  150M   36G  22/ 31U [GameAnalyzer] Income advantage is now SlightAdvantage
2022-10-26 13:30:14.304 | 02:32   13ms  160M   40G  22/ 31U [GameAnalyzer] Income advantage is now Even
2022-10-26 13:30:14.333 | 02:32   15ms  165M   40G  22/ 31U [GameAnalyzer] Income advantage is now SlightAdvantage
2022-10-26 13:30:14.336 | 02:32   15ms  115M   40G  22/ 31U [TerranUnit] MARINE from BARRACKS at (39.5, 37.5)
2022-10-26 13:30:14.373 | 02:33   16ms  115M   40G  23/ 31U [GameAnalyzer] Income advantage is now Even
2022-10-26 13:30:14.376 | 02:33   16ms   65M   40G  23/ 31U [TerranUnit] MARINE from BARRACKS at (39.5, 37.5)
2022-10-26 13:30:14.439 | 02:33   14ms   70M   40G  24/ 31U [GameAnalyzer] Income advantage is now SlightAdvantage
2022-10-26 13:30:14.688 | 02:34   12ms   75M   44G  24/ 31U [GameAnalyzer] Income advantage is now Even
2022-10-26 13:30:14.715 | 02:35   14ms   90M   44G  24/ 31U [GameAnalyzer] Income advantage is now SlightAdvantage
2022-10-26 13:30:14.905 | 02:36   14ms  100M   48G  24/ 31U [GameAnalyzer] Income advantage is now Even
2022-10-26 13:30:14.968 | 02:36   13ms  110M   48G  24/ 31U [GameAnalyzer] Income advantage is now SlightAdvantage
2022-10-26 13:30:15.154 | 02:37   18ms  120M   52G  24/ 31U [GameAnalyzer] Income advantage is now Even
2022-10-26 13:30:15.189 | 02:37   15ms  125M   52G  24/ 31U [GameAnalyzer] Income advantage is now SlightAdvantage
2022-10-26 13:30:15.617 | 02:39   15ms  175M   56G  24/ 31U [GameAnalyzer] Income advantage is now Even
2022-10-26 13:30:15.710 | 02:40   14ms  185M   60G  24/ 31U [GameAnalyzer] Income advantage is now SlightAdvantage
2022-10-26 13:30:15.870 | 02:40   21ms  190M   60G  24/ 31U [GameAnalyzer] Income advantage is now Even
2022-10-26 13:30:15.898 | 02:41   14ms  200M   60G  24/ 31U [GameAnalyzer] Income advantage is now SlightAdvantage
2022-10-26 13:30:15.935 | 02:41   13ms  200M   60G  24/ 31U [GameAnalyzer] Income advantage is now Even
2022-10-26 13:30:15.999 | 02:41   12ms  210M   64G  24/ 31U [GameAnalyzer] Income advantage is now SlightAdvantage
2022-10-26 13:30:16.000 | 02:41   12ms  160M   64G  24/ 31U [ActUnit] SCV from COMMANDCENTER at (36.5, 31.5)
2022-10-26 13:30:16.441 | 02:44   14ms  180M   68G  25/ 31U [GameAnalyzer] Income advantage is now SmallAdvantage
2022-10-26 13:30:16.471 | 02:44   14ms  180M   72G  25/ 31U [GameAnalyzer] Income advantage is now SlightAdvantage
2022-10-26 13:30:16.707 | 02:45   12ms  230M   72G  25/ 31U [BuildAddon] UnitTypeId.BARRACKSTECHLAB to (36.0, 37.0)
2022-10-26 13:30:16.846 | 02:46   14ms  190M   55G  25/ 31U [GameAnalyzer] Income advantage is now SmallAdvantage
2022-10-26 13:30:16.875 | 02:46   16ms  190M   55G  25/ 31U [GameAnalyzer] Income advantage is now SlightAdvantage
2022-10-26 13:30:17.057 | 02:47   13ms  200M   59G  25/ 31U [GameAnalyzer] Income advantage is now SmallAdvantage
2022-10-26 13:30:17.099 | 02:47   14ms  200M   59G  25/ 31U [GameAnalyzer] Income advantage is now SlightAdvantage
2022-10-26 13:30:17.227 | 02:48   14ms  215M   63G  25/ 31U [GameAnalyzer] Income advantage is now SmallAdvantage
2022-10-26 13:30:17.321 | 02:48   15ms  220M   67G  25/ 31U [GameAnalyzer] Income advantage is now SlightAdvantage
2022-10-26 13:30:17.568 | 02:50   19ms  240M   75G  25/ 31U [GameAnalyzer] Income advantage is now SmallAdvantage
2022-10-26 13:30:17.640 | 02:50   14ms  245M   75G  25/ 31U [GameAnalyzer] Income advantage is now SlightAdvantage
2022-10-26 13:30:17.670 | 02:50   14ms  195M   75G  25/ 31U [TerranUnit] MARINE from BARRACKS at (39.5, 37.5)
2022-10-26 13:30:17.713 | 02:50   14ms  145M   75G  26/ 31U [TerranUnit] MARINE from BARRACKS at (39.5, 37.5)
2022-10-26 13:30:18.275 | 02:53   15ms  210M   91G  27/ 31U [GameAnalyzer] Income advantage is now SmallAdvantage
2022-10-26 13:30:18.276 | 02:53   15ms  160M   91G  27/ 31U [ActUnit] SCV from COMMANDCENTER at (36.5, 31.5)
2022-10-26 13:30:18.345 | 02:54   13ms  165M   91G  28/ 31U [GameAnalyzer] Income advantage is now SlightAdvantage
2022-10-26 13:30:18.509 | 02:55   12ms  190M   99G  28/ 31U [GameAnalyzer] Income advantage is now SmallAdvantage
2022-10-26 13:30:18.611 | 02:55   13ms  190M   99G  28/ 31U [GameAnalyzer] Income advantage is now SlightAdvantage
2022-10-26 13:30:18.962 | 02:57   14ms  220M  107G  28/ 31U [GameAnalyzer] Income advantage is now SmallAdvantage
2022-10-26 13:30:19.033 | 02:57   14ms  225M  111G  28/ 31U [GameAnalyzer] Income advantage is now SlightAdvantage
2022-10-26 13:30:19.192 | 02:58   12ms  235M  115G  28/ 31U [GameAnalyzer] Income advantage is now SmallAdvantage
2022-10-26 13:30:19.258 | 02:58   13ms  235M  115G  28/ 31U [GameAnalyzer] Income advantage is now SlightAdvantage
2022-10-26 13:30:19.290 | 02:58   15ms  240M  115G  28/ 31U [GameAnalyzer] Income advantage is now SmallAdvantage
2022-10-26 13:30:19.333 | 02:59   17ms  240M  119G  28/ 31U [GameAnalyzer] Income advantage is now SlightAdvantage
2022-10-26 13:30:19.434 | 02:59   14ms  280M  123G  28/ 31U [GameAnalyzer] Income advantage is now SmallAdvantage
2022-10-26 13:30:19.573 | 03:00   13ms  285M  123G  28/ 31U [GameAnalyzer] Income advantage is now SlightAdvantage
2022-10-26 13:30:19.967 | 03:01   15ms  310M  131G  28/ 31U [GameAnalyzer] Income advantage is now SmallAdvantage
2022-10-26 13:30:20.044 | 03:02   13ms  315M  135G  28/ 31U [GameAnalyzer] Income advantage is now SlightAdvantage
2022-10-26 13:30:20.145 | 03:02   14ms  325M  139G  28/ 31U [GameAnalyzer] Income advantage is now SmallAdvantage
2022-10-26 13:30:20.182 | 03:02   17ms  325M  139G  28/ 31U [GameAnalyzer] Income advantage is now SlightAdvantage
2022-10-26 13:30:20.281 | 03:03   14ms  340M  143G  28/ 31U [GameAnalyzer] Income advantage is now SmallAdvantage
2022-10-26 13:30:20.285 | 03:03   14ms  340M  143G  28/ 31U [BuildAddon] UnitTypeId.FACTORYREACTOR to (48.0, 31.0)
2022-10-26 13:30:20.286 | 03:03   14ms  340M  143G  28/ 31U [Tech] Started STIMPACK
2022-10-26 13:30:20.290 | 03:03   14ms  190M   43G  28/ 31U [TerranUnit] MARINE from BARRACKS at (33.5, 37.5)
2022-10-26 13:30:20.334 | 03:03   21ms  240M   93G  29/ 31U [GameAnalyzer] Income advantage is now SlightAdvantage
2022-10-26 13:30:20.366 | 03:03   16ms  245M   97G  29/ 31U [GameAnalyzer] Income advantage is now SmallAdvantage
2022-10-26 13:30:20.420 | INFO     | sc2.protocol:_execute:72 - Client status changed to Status.ended (was Status.in_game)
2022-10-26 13:30:20.422 | Result: Defeat
2022-10-26 13:30:20.423 | Duration: 03:03
2022-10-26 13:30:20.425 | Step time min: 6
2022-10-26 13:30:20.425 | Step time avg: 11
2022-10-26 13:30:20.426 | Step time max: 124
2022-10-26 13:30:20.427 | [LostUnitsContents] My lost units minerals and gas: (100, 50)
2022-10-26 13:30:20.428 | [LostUnitsContents] My lost units minerals by score: 100.0
2022-10-26 13:30:20.429 | [LostUnitsContents] Enemy lost units minerals and gas: (50, 0)
2022-10-26 13:30:20.429 | [LostUnitsContents] Enemy lost units minerals by score: 50.0
2022-10-26 13:30:20.430 | [GameAnalyzerEnd] Own units:
2022-10-26 13:30:20.431 | [GameAnalyzerEnd] SCV               total:  22 alive:  21 dead:   1 
2022-10-26 13:30:20.432 | [GameAnalyzerEnd] MARINE            total:   2 alive:   2 dead:   0 
2022-10-26 13:30:20.432 | [GameAnalyzerEnd] REFINERY          total:   2 alive:   2 dead:   0 
2022-10-26 13:30:20.433 | [GameAnalyzerEnd] BARRACKS          total:   2 alive:   2 dead:   0 
2022-10-26 13:30:20.434 | [GameAnalyzerEnd] REACTOR           total:   2 alive:   2 dead:   0 
2022-10-26 13:30:20.435 | [GameAnalyzerEnd] SUPPLYDEPOT       total:   2 alive:   2 dead:   0 
2022-10-26 13:30:20.435 | [GameAnalyzerEnd] ORBITALCOMMAND    total:   1 alive:   1 dead:   0 
2022-10-26 13:30:20.439 | [GameAnalyzerEnd] FACTORY           total:   1 alive:   1 dead:   0 
2022-10-26 13:30:20.440 | [GameAnalyzerEnd] TECHLAB           total:   1 alive:   1 dead:   0 
2022-10-26 13:30:20.440 | [GameAnalyzerEnd] COMMANDCENTER     total:   1 alive:   1 dead:   0 
2022-10-26 13:30:20.441 | [GameAnalyzerEnd] MULE              total:   1 alive:   1 dead:   0 
2022-10-26 13:30:20.442 | [GameAnalyzerEnd] REAPER            total:   1 alive:   0 dead:   1 
2022-10-26 13:30:20.443 | [GameAnalyzerEnd] Enemy units:
2022-10-26 13:30:20.443 | [GameAnalyzerEnd] SCV               total:  19 alive:  18 dead:   1 
2022-10-26 13:30:20.444 | [GameAnalyzerEnd] MARINE            total:   3 alive:   3 dead:   0 
2022-10-26 13:30:20.444 | [GameAnalyzerEnd] BARRACKS          total:   2 alive:   2 dead:   0 
2022-10-26 13:30:20.444 | [GameAnalyzerEnd] COMMANDCENTER     total:   1 alive:   1 dead:   0 
2022-10-26 13:30:20.445 | [GameAnalyzerEnd] SUPPLYDEPOT       total:   1 alive:   1 dead:   0 
2022-10-26 13:30:20.446 | [GameAnalyzerEnd] REFINERY          total:   1 alive:   1 dead:   0 
2022-10-26 13:30:20.447 | [GameAnalyzerEnd] Minerals max 595 Average 188
2022-10-26 13:30:20.447 | [GameAnalyzerEnd] Vespene max 139 Average 34
2022-10-26 13:30:20.448 | INFO     | sc2.main:_play_game:228 - Result for player 1 - Bot Turtles(Terran): Defeat
2022-10-26 13:30:21.602 | INFO     | sc2.protocol:__request:48 - Cannot receive: Game has already ended.
2022-10-26 13:30:21.603 | INFO     | sc2.sc2process:_close_connection:231 - Closing connection at 60492...
2022-10-26 13:30:21.606 | INFO     | sc2.sc2process:kill_all:33 - kill_switch: Process cleanup for 1 processes
