2022-11-15 13:37:27.281 | INFO     | sc2.protocol:_execute:72 - Client status changed to Status.launched (was None)
2022-11-15 13:37:27.283 | INFO     | sc2.controller:create_game:37 - Creating new game
2022-11-15 13:37:27.284 | INFO     | sc2.controller:create_game:38 - Map:     RomanticideAIE
2022-11-15 13:37:27.286 | INFO     | sc2.controller:create_game:39 - Players: Bot Turtles(Terran), Computer VeryHard(Random, RandomBuild)
2022-11-15 13:37:27.289 | INFO     | sc2.protocol:_execute:72 - Client status changed to Status.init_game (was Status.launched)
2022-11-15 13:37:37.201 | INFO     | sc2.protocol:_execute:72 - Client status changed to Status.in_game (was None)
2022-11-15 13:37:37.203 | INFO     | sc2.main:_play_game:221 - Player 1 - Bot Turtles(Terran)
2022-11-15 13:37:37.851 | 00:00    0ms    0M    0G  12/ 15U [Version] 5.0.10.88500
2022-11-15 13:37:37.852 | 00:00    0ms    0M    0G  12/ 15U [Version] 5.0.6 Balance mod recognized.
2022-11-15 13:37:37.928 | 00:00    0ms    0M    0G  12/ 15U [ZoneManager] Map set to: MapName.RomanticideLE from name: Romanticide AIE and hash: 3756032.
2022-11-15 13:37:38.773 | [Start] My race: Terran
2022-11-15 13:37:38.774 | [Start] Opponent race: Random
2022-11-15 13:37:38.775 | [Start] OpponentId: None
2022-11-15 13:37:39.001 | 00:00    6ms    0M    0G  13/ 15U [GameAnalyzer] Income advantage is now SlightDisadvantage
2022-11-15 13:37:39.108 | 00:01    8ms    0M    0G  13/ 15U [GameAnalyzer] Income advantage is now Even
2022-11-15 13:37:40.113 | 00:09    8ms   85M    0G  13/ 15U [GameAnalyzer] Income advantage is now SlightDisadvantage
2022-11-15 13:37:40.134 | 00:09    9ms   85M    0G  13/ 15U [GameAnalyzer] Income advantage is now Even
2022-11-15 13:37:40.814 | 00:14    8ms    0M    0G  13/ 15U [ActUnit] SCV from COMMANDCENTER at (158.5, 36.5)
2022-11-15 13:37:42.991 | 00:26    9ms  105M    0G  14/ 15U [ActUnit] SCV from COMMANDCENTER at (158.5, 36.5)
2022-11-15 13:37:44.766 | 00:38    7ms   15M    0G  15/ 23U [BuildGas] Building REFINERY to (154.5, 29.5)
2022-11-15 13:37:45.056 | 00:40    8ms    0M    0G  15/ 23U [ActUnit] SCV from COMMANDCENTER at (158.5, 36.5)
2022-11-15 13:37:46.523 | 00:52    7ms   95M    0G  16/ 23U [ActUnit] SCV from COMMANDCENTER at (158.5, 36.5)
2022-11-15 13:37:48.096 | 01:04    8ms  210M    0G  17/ 23U [ActUnit] SCV from COMMANDCENTER at (158.5, 36.5)
2022-11-15 13:37:50.120 | 01:16   21ms  305M   28G  18/ 23U [ActUnit] SCV from COMMANDCENTER at (158.5, 36.5)
2022-11-15 13:37:50.209 | 01:17   16ms  315M   28G  19/ 23U [GameAnalyzer] Income advantage is now SmallAdvantage
2022-11-15 13:37:50.255 | 01:17   22ms  315M   28G  19/ 23U [GameAnalyzer] Income advantage is now SlightAdvantage
2022-11-15 13:37:50.350 | 01:17   20ms  320M   32G  19/ 23U [GameAnalyzer] Income advantage is now Even
2022-11-15 13:37:50.633 | 01:19   10ms  335M   36G  19/ 23U [GameAnalyzer] Income advantage is now SlightDisadvantage
2022-11-15 13:37:50.662 | 01:19   13ms  350M   36G  19/ 23U [GameAnalyzer] Income advantage is now Even
2022-11-15 13:37:51.100 | 01:22   12ms  375M   44G  19/ 23U [GameAnalyzer] Income advantage is now SlightDisadvantage
2022-11-15 13:37:51.125 | 01:22   11ms  375M   44G  19/ 23U [GameAnalyzer] Income advantage is now Even
2022-11-15 13:37:51.187 | 01:22   13ms  385M   44G  19/ 23U [EnemyArmyPredicter] Predicting negative free minerals for enemy: -70
2022-11-15 13:37:51.327 | 01:23   10ms  395M   48G  19/ 23U [GameAnalyzer] Income advantage is now SlightDisadvantage
2022-11-15 13:37:51.361 | 01:23   14ms  400M   48G  19/ 23U [GameAnalyzer] Income advantage is now Even
2022-11-15 13:37:51.481 | 01:24   10ms  210M   48G  19/ 23U [TerranUnit] MARINE from BARRACKS at (150.5, 35.5)
2022-11-15 13:37:52.466 | 01:29   11ms  275M   64G  20/ 23U [GameAnalyzer] Income advantage is now SlightDisadvantage
2022-11-15 13:37:52.500 | 01:30   17ms  280M   64G  20/ 23U [GameAnalyzer] Income advantage is now Even
2022-11-15 13:37:52.917 | 01:32   17ms  305M   72G  20/ 23U [GameAnalyzer] Income advantage is now SlightDisadvantage
2022-11-15 13:37:52.957 | 01:32   15ms  325M   72G  20/ 23U [GameAnalyzer] Income advantage is now Even
2022-11-15 13:37:53.959 | 01:38   12ms  410M   88G  20/ 23U [GameAnalyzer] Income advantage is now SmallDisadvantage
2022-11-15 13:37:54.597 | 01:42   10ms  480M   96G  20/ 23U [GameAnalyzer] Known army advantage is now SlightAdvantage
2022-11-15 13:37:54.599 | 01:42   10ms  480M   96G  20/ 23U [GameAnalyzer] Predicted army advantage is now SlightAdvantage
2022-11-15 13:37:54.601 | 01:42   10ms  430M   46G  20/ 23U [TerranUnit] REAPER from BARRACKS at (150.5, 35.5)
2022-11-15 13:37:56.696 | 01:53   12ms  455M   78G  21/ 23U [ActUnit] SCV from COMMANDCENTER at (158.5, 36.5)
2022-11-15 13:37:58.944 | 02:06   14ms  610M  114G  22/ 23U [ActUnit] SCV from COMMANDCENTER at (158.5, 36.5)
2022-11-15 13:38:00.457 | 02:14   13ms  755M  134G  23/ 31U [BuildAddon] UnitTypeId.BARRACKSREACTOR to (153.0, 35.0)
2022-11-15 13:38:00.494 | 02:14   21ms  705M   84G  23/ 31U [Expand] Expanding to (153.5, 68.5)
2022-11-15 13:38:01.210 | 02:18   16ms  185M   96G  23/ 31U [ActUnit] SCV from COMMANDCENTER at (158.5, 36.5)
2022-11-15 13:38:01.549 | 02:19   15ms   55M    0G  24/ 31U [GameAnalyzer] Known army advantage is now Even
2022-11-15 13:38:01.550 | 02:19   15ms   55M    0G  24/ 31U [GameAnalyzer] Predicted army advantage is now Even
2022-11-15 13:38:01.743 | 02:20   18ms    0M    0G  24/ 31U [BuildGas] Building REFINERY to (165.5, 39.5)
2022-11-15 13:38:02.129 | 02:22   15ms   15M    8G  24/ 31U [GameAnalyzer] Income advantage is now SlightDisadvantage
2022-11-15 13:38:02.827 | 02:25   15ms   95M   16G  23/ 31U [GameAnalyzer] Income advantage is now Even
2022-11-15 13:38:02.863 | 02:25   22ms   95M   16G  23/ 31U [GameAnalyzer] Income advantage is now SlightDisadvantage
2022-11-15 13:38:03.500 | 02:28   18ms  135M   24G  23/ 31U [GameAnalyzer] Income advantage is now Even
2022-11-15 13:38:03.548 | 02:28   16ms  135M   24G  23/ 31U [GameAnalyzer] Income advantage is now SlightDisadvantage
2022-11-15 13:38:03.803 | 02:29   18ms  140M   28G  23/ 31U [GameAnalyzer] Income advantage is now Even
2022-11-15 13:38:03.849 | 02:29   19ms  140M   28G  23/ 31U [GameAnalyzer] Income advantage is now SlightDisadvantage
2022-11-15 13:38:04.014 | 02:30   17ms  155M   28G  23/ 31U [GameAnalyzer] Income advantage is now Even
2022-11-15 13:38:04.016 | 02:30   17ms  105M   28G  23/ 31U [ActUnit] SCV from COMMANDCENTER at (158.5, 36.5)
2022-11-15 13:38:04.095 | 02:30   17ms  110M   28G  24/ 31U [GameAnalyzer] Income advantage is now SlightDisadvantage
2022-11-15 13:38:04.703 | 02:33   17ms  170M   36G  24/ 31U [GameAnalyzer] Income advantage is now Even
2022-11-15 13:38:04.805 | 02:33   17ms  175M   36G  24/ 31U [GameAnalyzer] Income advantage is now SlightDisadvantage
2022-11-15 13:38:04.857 | 02:33   19ms  175M   36G  24/ 31U [GameAnalyzer] Income advantage is now Even
2022-11-15 13:38:05.041 | 02:34   15ms  180M   40G  24/ 31U [GameAnalyzer] Income advantage is now SlightDisadvantage
2022-11-15 13:38:05.086 | 02:34   17ms  180M   40G  24/ 31U [GameAnalyzer] Income advantage is now Even
2022-11-15 13:38:05.173 | 02:34   14ms  185M   40G  24/ 31U [GameAnalyzer] Income advantage is now SlightDisadvantage
2022-11-15 13:38:05.300 | 02:35   16ms  200M   40G  24/ 31U [GameAnalyzer] Income advantage is now Even
2022-11-15 13:38:05.437 | 02:35   15ms  210M   44G  24/ 31U [GameAnalyzer] Income advantage is now SlightDisadvantage
2022-11-15 13:38:05.619 | 02:36   21ms  220M   44G  24/ 31U [GameAnalyzer] Income advantage is now Even
2022-11-15 13:38:05.706 | 02:36   14ms  220M   44G  24/ 31U [GameAnalyzer] Income advantage is now SlightDisadvantage
2022-11-15 13:38:05.835 | 02:37   14ms  230M   48G  24/ 31U [GameAnalyzer] Income advantage is now Even
2022-11-15 13:38:05.887 | 02:37   17ms  230M   48G  24/ 31U [GameAnalyzer] Income advantage is now SlightDisadvantage
2022-11-15 13:38:05.918 | 02:37   15ms  235M   48G  24/ 31U [GameAnalyzer] Income advantage is now Even
2022-11-15 13:38:05.967 | 02:38   16ms  260M   48G  24/ 31U [GameAnalyzer] Income advantage is now SlightDisadvantage
2022-11-15 13:38:06.049 | 02:38   17ms  270M   48G  24/ 31U [GameAnalyzer] Income advantage is now Even
2022-11-15 13:38:06.137 | 02:38   16ms  270M   52G  24/ 31U [GameAnalyzer] Income advantage is now SlightDisadvantage
2022-11-15 13:38:06.202 | 02:38   36ms  275M   52G  24/ 31U [GameAnalyzer] Income advantage is now Even
2022-11-15 13:38:06.321 | 02:39   16ms  275M   52G  24/ 31U [GameAnalyzer] Income advantage is now SlightDisadvantage
2022-11-15 13:38:06.472 | 02:40   15ms  295M   56G  24/ 31U [GameAnalyzer] Income advantage is now Even
2022-11-15 13:38:06.558 | 02:40   16ms  300M   56G  24/ 31U [GameAnalyzer] Income advantage is now SlightDisadvantage
2022-11-15 13:38:06.681 | 02:41   15ms  310M   56G  24/ 31U [GameAnalyzer] Income advantage is now Even
2022-11-15 13:38:06.886 | 02:41   17ms  310M   60G  24/ 31U [GameAnalyzer] Income advantage is now SlightDisadvantage
2022-11-15 13:38:06.959 | 02:42   14ms  320M   60G  24/ 31U [GameAnalyzer] Income advantage is now Even
2022-11-15 13:38:07.046 | 02:42   16ms  270M   60G  24/ 31U [ActUnit] SCV from COMMANDCENTER at (158.5, 36.5)
2022-11-15 13:38:07.127 | 02:42   15ms  280M   60G  25/ 31U [GameAnalyzer] Income advantage is now SlightDisadvantage
2022-11-15 13:38:07.165 | 02:43   17ms  285M   64G  25/ 31U [GameAnalyzer] Income advantage is now Even
2022-11-15 13:38:07.287 | 02:43   16ms  290M   64G  25/ 31U [GameAnalyzer] Income advantage is now SlightDisadvantage
2022-11-15 13:38:07.332 | 02:43   16ms  295M   64G  25/ 31U [GameAnalyzer] Income advantage is now Even
2022-11-15 13:38:08.166 | 02:46   15ms  360M   72G  25/ 31U [GameAnalyzer] Income advantage is now SlightDisadvantage
2022-11-15 13:38:08.292 | 02:47   18ms  365M   76G  25/ 31U [GameAnalyzer] Income advantage is now Even
2022-11-15 13:38:08.576 | 02:48   16ms  375M   84G  25/ 31U [GameAnalyzer] Income advantage is now SlightDisadvantage
2022-11-15 13:38:08.674 | 02:48   19ms  380M   84G  25/ 31U [GameAnalyzer] Income advantage is now Even
2022-11-15 13:38:08.777 | 02:49   17ms  390M   84G  25/ 31U [GameAnalyzer] Income advantage is now SlightDisadvantage
2022-11-15 13:38:09.043 | 02:50   21ms  410M   88G  25/ 31U [GameAnalyzer] Income advantage is now Even
2022-11-15 13:38:09.089 | 02:50   22ms  310M   88G  25/ 31U [GameAnalyzer] Income advantage is now SlightDisadvantage
2022-11-15 13:38:09.093 | 02:50   22ms  260M   88G  25/ 31U [TerranUnit] MARINE from BARRACKS at (150.5, 35.5)
2022-11-15 13:38:09.138 | 02:50   22ms  210M   88G  26/ 31U [TerranUnit] MARINE from BARRACKS at (150.5, 35.5)
2022-11-15 13:38:09.684 | 02:52   18ms  260M  100G  27/ 31U [GameAnalyzer] Income advantage is now Even
2022-11-15 13:38:09.685 | 02:52   18ms  260M  100G  27/ 31U [GameAnalyzer] Known army advantage is now SlightDisadvantage
2022-11-15 13:38:09.686 | 02:52   18ms  260M  100G  27/ 31U [GameAnalyzer] Predicted army advantage is now SlightDisadvantage
2022-11-15 13:38:09.730 | 02:52   17ms  260M  100G  27/ 31U [GameAnalyzer] Income advantage is now SlightDisadvantage
2022-11-15 13:38:10.210 | 02:54   16ms  230M  104G  27/ 31U [ActUnit] SCV from COMMANDCENTER at (158.5, 36.5)
2022-11-15 13:38:11.464 | 02:59   17ms  280M  124G  28/ 31U [GameAnalyzer] Income advantage is now SmallDisadvantage
2022-11-15 13:38:11.558 | 02:59   17ms  290M  124G  28/ 31U [GameAnalyzer] Income advantage is now SlightDisadvantage
2022-11-15 13:38:11.758 | 03:00   19ms  330M  128G  28/ 31U [GameAnalyzer] Income advantage is now SmallDisadvantage
2022-11-15 13:38:11.926 | 03:01   19ms  335M  132G  28/ 31U [GameAnalyzer] Income advantage is now SlightDisadvantage
2022-11-15 13:38:12.748 | 03:03   17ms  360M  144G  28/ 31U [BuildAddon] UnitTypeId.BARRACKSTECHLAB to (164.0, 45.0)
2022-11-15 13:38:12.790 | 03:04   22ms  310M  119G  28/ 31U [GameAnalyzer] Income advantage is now SmallDisadvantage
2022-11-15 13:38:12.837 | 03:04   20ms  315M  119G  28/ 31U [GameAnalyzer] Income advantage is now SlightDisadvantage
2022-11-15 13:38:12.926 | 03:04   19ms  335M  119G  28/ 31U [GameAnalyzer] Income advantage is now Even
2022-11-15 13:38:12.973 | 03:04   18ms  335M  119G  28/ 31U [GameAnalyzer] Income advantage is now SlightDisadvantage
2022-11-15 13:38:13.129 | 03:05   17ms  335M  127G  28/ 31U [GameAnalyzer] Income advantage is now SmallDisadvantage
2022-11-15 13:38:13.173 | 03:05   18ms  350M  127G  28/ 31U [GameAnalyzer] Income advantage is now SlightDisadvantage
2022-11-15 13:38:13.343 | 03:06   17ms  150M  127G  28/ 31U [BuildAddon] UnitTypeId.FACTORYREACTOR to (169.0, 42.0)
2022-11-15 13:38:13.393 | 03:06   18ms  125M   77G  28/ 31U [GameAnalyzer] Income advantage is now SmallDisadvantage
2022-11-15 13:38:13.464 | 03:06   23ms  125M   77G  28/ 31U [GameAnalyzer] Income advantage is now SlightDisadvantage
2022-11-15 13:38:13.570 | 03:06   18ms   85M   81G  28/ 31U [ActUnit] SCV from COMMANDCENTER at (158.5, 36.5)
2022-11-15 13:38:13.997 | 03:08   19ms   95M   89G  29/ 31U [GameAnalyzer] Known army advantage is now SlightAdvantage
2022-11-15 13:38:13.998 | 03:08   19ms   95M   89G  29/ 31U [GameAnalyzer] Predicted army advantage is now SlightAdvantage
2022-11-15 13:38:14.003 | 03:08   19ms   45M   89G  29/ 31U [TerranUnit] MARINE from BARRACKS at (150.5, 35.5)
2022-11-15 13:38:14.289 | 03:09   17ms   10M   89G  30/ 31U [TerranUnit] MARINE from BARRACKS at (150.5, 35.5)
2022-11-15 13:38:15.214 | 03:12   21ms    5M    5G  31/ 31U [GameAnalyzer] Income advantage is now SmallDisadvantage
2022-11-15 13:38:15.270 | 03:12   21ms   10M    5G  31/ 31U [GameAnalyzer] Income advantage is now SlightDisadvantage
2022-11-15 13:38:15.812 | 03:14   20ms   55M   13G  31/ 31U [GameAnalyzer] Income advantage is now SmallDisadvantage
2022-11-15 13:38:15.863 | 03:14   21ms   65M   17G  31/ 31U [GameAnalyzer] Income advantage is now SlightDisadvantage
2022-11-15 13:38:17.087 | 03:18   20ms   80M   41G  31/ 39U [ActUnit] SCV from COMMANDCENTER at (158.5, 36.5)
2022-11-15 13:38:17.177 | 03:19   18ms   85M   41G  32/ 39U [GameAnalyzer] Income advantage is now Even
2022-11-15 13:38:17.319 | 03:19   15ms   90M   41G  32/ 39U [GameAnalyzer] Income advantage is now SlightDisadvantage
2022-11-15 13:38:17.406 | 03:20   17ms  125M   49G  32/ 39U [GameAnalyzer] Income advantage is now Even
2022-11-15 13:38:17.456 | 03:20   17ms  125M   49G  32/ 39U [GameAnalyzer] Income advantage is now SlightDisadvantage
2022-11-15 13:38:17.737 | 03:21   15ms  140M   53G  32/ 39U [GameAnalyzer] Income advantage is now Even
2022-11-15 13:38:17.823 | 03:21   17ms   95M   57G  32/ 39U [TerranUnit] MARINE from BARRACKS at (161.5, 45.5)
2022-11-15 13:38:17.873 | 03:21   19ms   95M   57G  33/ 39U [GameAnalyzer] Income advantage is now SlightDisadvantage
2022-11-15 13:38:18.035 | 03:22   19ms  120M   61G  33/ 39U [GameAnalyzer] Income advantage is now Even
2022-11-15 13:38:18.168 | 03:23   19ms  125M   65G  33/ 39U [GameAnalyzer] Income advantage is now SlightDisadvantage
2022-11-15 13:38:18.260 | 03:23   19ms  125M   65G  33/ 39U [GameAnalyzer] Income advantage is now Even
2022-11-15 13:38:18.432 | 03:24   17ms  130M   65G  33/ 39U [GameAnalyzer] Income advantage is now SlightDisadvantage
2022-11-15 13:38:18.525 | 03:24   18ms  145M   73G  33/ 39U [GameAnalyzer] Income advantage is now Even
2022-11-15 13:38:18.698 | 03:25   18ms  160M   73G  33/ 39U [GameAnalyzer] Income advantage is now SlightDisadvantage
2022-11-15 13:38:18.848 | 03:25   19ms  160M   77G  33/ 39U [GameAnalyzer] Income advantage is now Even
2022-11-15 13:38:18.888 | 03:26   18ms  110M   81G  33/ 39U [TerranUnit] MARINE from BARRACKS at (150.5, 35.5)
2022-11-15 13:38:18.971 | 03:26   18ms  115M   81G  34/ 39U [GameAnalyzer] Income advantage is now SlightDisadvantage
2022-11-15 13:38:19.125 | 03:26   18ms  130M   81G  34/ 39U [GameAnalyzer] Known army advantage is now SmallAdvantage
2022-11-15 13:38:19.126 | 03:26   18ms  130M   81G  34/ 39U [GameAnalyzer] Predicted army advantage is now SmallAdvantage
2022-11-15 13:38:19.131 | 03:26   18ms   80M   81G  34/ 39U [TerranUnit] MARINE from BARRACKS at (150.5, 35.5)
2022-11-15 13:38:19.228 | 03:27   17ms  120M   85G  35/ 39U [GameAnalyzer] Income advantage is now Even
2022-11-15 13:38:19.323 | 03:27   16ms  125M   89G  35/ 39U [GameAnalyzer] Income advantage is now SlightDisadvantage
2022-11-15 13:38:19.421 | 03:28   18ms  125M   89G  35/ 39U [GameAnalyzer] Income advantage is now Even
2022-11-15 13:38:19.468 | 03:28   20ms  125M   89G  35/ 39U [GameAnalyzer] Income advantage is now SlightDisadvantage
2022-11-15 13:38:19.615 | 03:28   17ms  130M   89G  35/ 39U [GameAnalyzer] Income advantage is now Even
2022-11-15 13:38:19.655 | 03:28   18ms  130M   97G  35/ 39U [GameAnalyzer] Income advantage is now SlightDisadvantage
2022-11-15 13:38:19.743 | 03:29   17ms  150M   97G  35/ 39U [GameAnalyzer] Income advantage is now Even
2022-11-15 13:38:19.841 | 03:29   17ms  150M   97G  35/ 39U [GameAnalyzer] Income advantage is now SlightDisadvantage
2022-11-15 13:38:20.000 | 03:30   18ms  160M   97G  35/ 39U [GameAnalyzer] Income advantage is now Even
2022-11-15 13:38:20.046 | 03:30   20ms  160M  101G  35/ 39U [Tech] Started STIMPACK
2022-11-15 13:38:20.193 | 03:30   19ms   60M    5G  35/ 39U [GameAnalyzer] Income advantage is now SlightDisadvantage
2022-11-15 13:38:20.245 | 03:31   17ms   60M    5G  35/ 39U [GameAnalyzer] Income advantage is now Even
2022-11-15 13:38:20.247 | 03:31   17ms   10M    5G  35/ 39U [ActUnit] SCV from COMMANDCENTER at (158.5, 36.5)
2022-11-15 13:38:20.519 | 03:32   16ms   40M   13G  36/ 47U [GameAnalyzer] Income advantage is now SlightDisadvantage
2022-11-15 13:38:20.602 | 03:32   17ms   50M   13G  36/ 47U [GameAnalyzer] Income advantage is now Even
2022-11-15 13:38:20.854 | 03:33   20ms   50M   21G  36/ 47U [GameAnalyzer] Income advantage is now SlightDisadvantage
2022-11-15 13:38:20.951 | 03:33   17ms   70M   21G  36/ 62U [GameAnalyzer] Income advantage is now Even
2022-11-15 13:38:22.661 | 03:40   15ms    0M   53G  35/ 62U [TerranUnit] MARINE from BARRACKS at (161.5, 45.5)
2022-11-15 13:38:23.420 | 03:43   17ms   35M   77G  36/ 62U [TerranUnit] MARINE from BARRACKS at (150.5, 35.5)
2022-11-15 13:38:23.642 | 03:44   18ms   10M   77G  37/ 62U [TerranUnit] MARINE from BARRACKS at (150.5, 35.5)
2022-11-15 13:38:26.888 | 03:58   15ms  270M  153G  38/ 62U [TerranUnit] MARINE from BARRACKS at (161.5, 45.5)
2022-11-15 13:38:27.683 | 04:01   22ms  340M  173G  39/ 62U [GameAnalyzer] Known army advantage is now ClearAdvantage
2022-11-15 13:38:27.684 | 04:01   22ms  340M  173G  39/ 62U [GameAnalyzer] Predicted army advantage is now ClearAdvantage
2022-11-15 13:38:27.687 | 04:01   22ms  290M  173G  39/ 62U [TerranUnit] MARINE from BARRACKS at (150.5, 35.5)
2022-11-15 13:38:27.901 | 04:02   17ms  275M  173G  40/ 62U [ActUnit] SCV from COMMANDCENTER at (153.5, 68.5)
2022-11-15 13:38:27.904 | 04:02   17ms  225M  173G  40/ 62U [TerranUnit] MARINE from BARRACKS at (150.5, 35.5)
2022-11-15 13:38:27.948 | 04:02   22ms  200M  177G  42/ 62U [ActUnit] SCV from COMMANDCENTER at (158.5, 36.5)
2022-11-15 13:38:28.879 | 04:06   19ms  275M  197G  43/ 62U [BuildAddon] UnitTypeId.FACTORYTECHLAB to (162.0, 48.0)
2022-11-15 13:38:30.816 | 04:14   16ms  410M  216G  43/ 62U [ActUnit] SCV from COMMANDCENTER at (153.5, 68.5)
2022-11-15 13:38:30.865 | 04:15   18ms  360M  220G  44/ 62U [ActUnit] SCV from COMMANDCENTER at (158.5, 36.5)
2022-11-15 13:38:31.155 | 04:16   19ms  240M  224G  45/ 62U [TerranUnit] MARINE from BARRACKS at (161.5, 45.5)
2022-11-15 13:38:31.985 | 04:19   17ms  315M  244G  46/ 62U [TerranUnit] MARINE from BARRACKS at (150.5, 35.5)
2022-11-15 13:38:32.044 | 04:19   20ms  215M  144G  47/ 62U [TerranUnit] MEDIVAC from STARPORT at (166.5, 42.5)
2022-11-15 13:38:32.082 | 04:20   20ms  120M   44G  49/ 62U [TerranUnit] MEDIVAC from STARPORT at (166.5, 42.5)
2022-11-15 13:38:34.037 | 04:26   21ms  275M   84G  51/ 62U [ActUnit] SCV from COMMANDCENTER at (153.5, 68.5)
2022-11-15 13:38:34.101 | 04:27   25ms  225M   84G  52/ 62U [ActUnit] SCV from COMMANDCENTER at (158.5, 36.5)
2022-11-15 13:38:35.786 | 04:33   19ms  325M  116G  53/ 62U [GameAnalyzer] Income advantage is now SlightAdvantage
2022-11-15 13:38:35.828 | 04:33   20ms  325M  120G  53/ 62U [GameAnalyzer] Income advantage is now Even
2022-11-15 13:38:36.647 | 04:36   22ms  400M  136G  53/ 62U [Expand] Expanding to (131.5, 45.5)
2022-11-15 13:38:37.281 | 04:39   20ms   20M  148G  53/ 62U [ActUnit] SCV from COMMANDCENTER at (153.5, 68.5)
2022-11-15 13:38:37.587 | 04:40   21ms   30M  156G  54/ 70U [ActUnit] SCV from COMMANDCENTER at (158.5, 36.5)
2022-11-15 13:38:37.880 | 04:41   20ms   55M  160G  55/ 70U [GameAnalyzer] Income advantage is now SlightAdvantage
2022-11-15 13:38:38.024 | 04:41   22ms   55M  164G  55/ 70U [GameAnalyzer] Income advantage is now Even
2022-11-15 13:38:38.160 | 04:42   21ms   65M  164G  55/ 70U [GameAnalyzer] Income advantage is now SlightAdvantage
2022-11-15 13:38:38.257 | 04:42   21ms   70M  168G  55/ 70U [GameAnalyzer] Income advantage is now Even
2022-11-15 13:38:38.485 | 04:43   21ms   95M  172G  55/ 70U [GameAnalyzer] Income advantage is now SlightAdvantage
2022-11-15 13:38:38.532 | 04:43   56ms  100M  172G  55/ 70U [GameAnalyzer] Income advantage is now Even
2022-11-15 13:38:38.687 | 04:44   25ms  115M  176G  55/ 70U [GameAnalyzer] Income advantage is now SmallAdvantage
2022-11-15 13:38:40.140 | 04:48   23ms  285M  200G  55/ 70U [GameAnalyzer] Income advantage is now SlightAdvantage
2022-11-15 13:38:40.239 | 04:49   24ms  310M  204G  55/ 70U [GameAnalyzer] Income advantage is now SmallAdvantage
2022-11-15 13:38:40.462 | 04:50   40ms   25M  108G  55/ 70U [GameAnalyzer] Known army advantage is now OverwhelmingAdvantage
2022-11-15 13:38:40.463 | 04:50   40ms   25M  108G  55/ 70U [GameAnalyzer] Predicted army advantage is now OverwhelmingAdvantage
2022-11-15 13:38:41.169 | 04:51   42ms    5M  116G  55/ 70U [ActUnit] SCV from COMMANDCENTER at (153.5, 68.5)
2022-11-15 13:38:41.777 | 04:53   41ms    0M  124G  56/ 78U [ActUnit] SCV from COMMANDCENTER at (158.5, 36.5)
2022-11-15 13:38:42.345 | 04:54   47ms    0M  228G  57/ 78U [BuildUnitsMarine] MARINE from BARRACKS at (161.5, 45.5)
2022-11-15 13:38:43.005 | 04:55   40ms    5M  240G  58/ 78U [BuildUnitsMarine] MARINE from BARRACKS at (150.5, 35.5)
2022-11-15 13:38:43.631 | 04:57   42ms   30M  248G  59/ 78U [GameAnalyzer] Income advantage is now SlightAdvantage
2022-11-15 13:38:43.702 | 04:57   39ms   35M  248G  59/ 78U [GameAnalyzer] Income advantage is now SmallAdvantage
2022-11-15 13:38:43.861 | 04:58   44ms    5M  252G  59/ 78U [BuildUnitsMarine] MARINE from BARRACKS at (150.5, 35.5)
2022-11-15 13:38:45.444 | 05:01   47ms  150M  272G  60/ 78U [GameAnalyzer] Income advantage is now SlightAdvantage
2022-11-15 13:38:45.517 | 05:01   44ms    5M  272G  60/ 78U [GameAnalyzer] Income advantage is now SmallAdvantage
2022-11-15 13:38:46.257 | 05:03   38ms    5M  280G  60/ 78U [ActUnit] SCV from COMMANDCENTER at (153.5, 68.5)
2022-11-15 13:38:46.622 | 05:04   38ms   30M  288G  61/ 78U [GameAnalyzer] Income advantage is now Even
2022-11-15 13:38:46.893 | 05:05   56ms   35M  288G  61/ 78U [GameAnalyzer] Predicted army advantage is now Even
2022-11-15 13:38:47.148 | 05:05   60ms    0M  292G  61/ 78U [ActUnit] SCV from COMMANDCENTER at (158.5, 36.5)
2022-11-15 13:38:49.311 | 05:10   62ms   70M  316G  62/ 78U [GameAnalyzer] Known army advantage is now ClearAdvantage
2022-11-15 13:38:50.355 | 05:12   55ms   75M  328G  62/ 78U [BuildUnitsMarine] MARINE from BARRACKS at (161.5, 45.5)
2022-11-15 13:38:51.109 | 05:13   61ms  130M  336G  63/ 78U [GameAnalyzer] Known army advantage is now OverwhelmingAdvantage
2022-11-15 13:38:51.135 | 05:13   61ms   80M  336G  63/ 78U [BuildUnitsMarine] MARINE from BARRACKS at (150.5, 35.5)
2022-11-15 13:38:52.299 | 05:15   68ms  100M  348G  64/ 78U [ActUnit] SCV from COMMANDCENTER at (153.5, 68.5)
2022-11-15 13:38:52.320 | 05:15   68ms   50M  348G  64/ 78U [BuildUnitsMarine] MARINE from BARRACKS at (150.5, 35.5)
2022-11-15 13:38:53.366 | 05:17   64ms   40M  356G  66/ 78U [ActUnit] SCV from COMMANDCENTER at (158.5, 36.5)
2022-11-15 13:38:54.800 | 05:20   72ms  130M  372G  67/ 78U [GameAnalyzer] Known army advantage is now SmallAdvantage
2022-11-15 13:38:54.801 | 05:20   72ms  130M  372G  67/ 78U [GameAnalyzer] Predicted army advantage is now SlightDisadvantage
2022-11-15 13:38:55.339 | 05:21   63ms   70M  351G  66/ 78U [BuildUnitsWidowMine] WIDOWMINE from FACTORY at (159.5, 48.5)
2022-11-15 13:38:55.662 | 05:21   76ms   75M  355G  66/ 78U [GameAnalyzer] Predicted army advantage is now SmallDisadvantage
2022-11-15 13:38:56.080 | 05:22   70ms  100M  359G  66/ 78U [GameAnalyzer] Known army advantage is now SlightAdvantage
2022-11-15 13:38:57.012 | 05:24   72ms  145M  367G  62/ 78U [GameAnalyzer] Known army advantage is now Even
2022-11-15 13:38:57.797 | 05:25   65ms   50M  275G  59/ 78U [GameAnalyzer] Predicted army advantage is now Even
2022-11-15 13:38:59.113 | 05:28   70ms   65M  287G  56/ 78U [ActUnit] SCV from COMMANDCENTER at (153.5, 68.5)
2022-11-15 13:39:00.187 | 05:30   71ms   70M  299G  54/ 78U [ActUnit] SCV from COMMANDCENTER at (158.5, 36.5)
2022-11-15 13:39:00.205 | 05:30   71ms   20M  299G  54/ 78U [BuildUnitsMarine] MARINE from BARRACKS at (161.5, 45.5)
2022-11-15 13:39:00.864 | 05:31   62ms   60M  307G  56/ 78U [GameAnalyzer] Income advantage is now SlightAdvantage
2022-11-15 13:39:00.959 | 05:31   65ms   60M  307G  56/ 78U [GameAnalyzer] Income advantage is now Even
2022-11-15 13:39:01.060 | 05:31   76ms   60M  307G  56/ 78U [GameAnalyzer] Income advantage is now SlightAdvantage
2022-11-15 13:39:01.076 | 05:31   76ms   10M  307G  56/ 78U [BuildUnitsMarine] MARINE from BARRACKS at (150.5, 35.5)
2022-11-15 13:39:01.156 | 05:31   69ms   10M  307G  57/ 78U [GameAnalyzer] Income advantage is now Even
2022-11-15 13:39:02.198 | 05:33   71ms   25M  319G  57/ 78U [BuildUnitsMarine] MARINE from BARRACKS at (150.5, 35.5)
2022-11-15 13:39:03.260 | 05:35   68ms   95M  331G  58/ 86U [GameAnalyzer] Income advantage is now SlightAdvantage
2022-11-15 13:39:03.550 | 05:36   71ms   95M  331G  58/ 86U [GameAnalyzer] Income advantage is now Even
2022-11-15 13:39:03.732 | 05:36   66ms  100M  331G  58/ 86U [GameAnalyzer] Income advantage is now SlightAdvantage
2022-11-15 13:39:04.010 | 05:37   61ms  115M  339G  58/ 86U [GameAnalyzer] Income advantage is now Even
2022-11-15 13:39:04.383 | 05:37   65ms  155M  339G  58/ 86U [GameAnalyzer] Income advantage is now SlightAdvantage
2022-11-15 13:39:04.570 | 05:38   67ms    5M  243G  58/ 86U [GameAnalyzer] Income advantage is now Even
2022-11-15 13:39:05.330 | 05:39   60ms   10M  247G  58/ 86U [BuildUnitsMarine] MARINE from BARRACKS at (148.5, 38.5)
2022-11-15 13:39:05.595 | 05:40   58ms   35M  255G  59/ 86U [GameAnalyzer] Income advantage is now SlightAdvantage
2022-11-15 13:39:05.863 | 05:40   62ms   35M  255G  59/ 86U [GameAnalyzer] Income advantage is now Even
2022-11-15 13:39:06.143 | 05:41   67ms   50M  259G  59/ 86U [GameAnalyzer] Income advantage is now SlightAdvantage
2022-11-15 13:39:06.145 | 05:41   67ms    0M  259G  59/ 86U [ActUnit] SCV from COMMANDCENTER at (153.5, 68.5)
2022-11-15 13:39:06.425 | 05:41   69ms   15M  263G  60/ 86U [GameAnalyzer] Income advantage is now Even
2022-11-15 13:39:06.705 | 05:42   60ms   30M  263G  60/ 86U [GameAnalyzer] Income advantage is now SlightAdvantage
2022-11-15 13:39:06.975 | 05:42   66ms    0M  267G  60/ 86U [ActUnit] SCV from COMMANDCENTER at (158.5, 36.5)
2022-11-15 13:39:07.072 | 05:43   65ms    0M  271G  61/ 86U [GameAnalyzer] Income advantage is now Even
2022-11-15 13:39:07.357 | 05:43   68ms   35M  271G  61/ 86U [GameAnalyzer] Income advantage is now SlightAdvantage
2022-11-15 13:39:07.745 | 05:44   70ms   45M  275G  61/ 86U [GameAnalyzer] Income advantage is now Even
2022-11-15 13:39:07.832 | 05:44   63ms   55M  279G  61/ 86U [GameAnalyzer] Income advantage is now SlightAdvantage
2022-11-15 13:39:07.856 | 05:44   63ms    5M  279G  61/ 86U [BuildUnitsMarine] MARINE from BARRACKS at (154.5, 46.5)
2022-11-15 13:39:08.117 | 05:45   63ms   20M  279G  62/ 86U [GameAnalyzer] Income advantage is now Even
2022-11-15 13:39:08.206 | 05:45   66ms   30M  279G  62/ 86U [GameAnalyzer] Income advantage is now SlightAdvantage
2022-11-15 13:39:08.387 | 05:45   63ms   35M  279G  62/ 86U [GameAnalyzer] Income advantage is now Even
2022-11-15 13:39:08.470 | 05:45   65ms   50M  283G  62/ 86U [GameAnalyzer] Income advantage is now SlightAdvantage
2022-11-15 13:39:08.745 | 05:46   69ms   55M  287G  62/ 86U [GameAnalyzer] Income advantage is now Even
2022-11-15 13:39:08.836 | 05:46   64ms   55M  287G  62/ 86U [GameAnalyzer] Income advantage is now SlightAdvantage
2022-11-15 13:39:09.258 | 05:47   64ms    0M  266G  62/ 86U [BuildUnitsWidowMine] WIDOWMINE from FACTORY at (159.5, 48.5)
2022-11-15 13:39:09.325 | 05:47   69ms    5M  266G  64/ 86U [GameAnalyzer] Income advantage is now Even
2022-11-15 13:39:09.527 | 05:47   69ms   20M  270G  64/ 86U [GameAnalyzer] Income advantage is now SlightAdvantage
2022-11-15 13:39:09.809 | 05:48   63ms   45M  270G  64/ 86U [GameAnalyzer] Income advantage is now Even
2022-11-15 13:39:09.907 | 05:48   64ms   50M  270G  64/ 86U [GameAnalyzer] Income advantage is now SlightAdvantage
2022-11-15 13:39:09.924 | 05:48   64ms    0M  270G  64/ 86U [BuildUnitsMarine] MARINE from BARRACKS at (161.5, 45.5)
2022-11-15 13:39:10.415 | 05:49   81ms   15M  278G  65/ 86U [GameAnalyzer] Income advantage is now Even
2022-11-15 13:39:10.603 | 05:49   64ms   35M  278G  65/ 86U [GameAnalyzer] Income advantage is now SlightAdvantage
2022-11-15 13:39:10.806 | 05:50   67ms    0M  278G  65/ 86U [BuildUnitsMarine] MARINE from BARRACKS at (150.5, 35.5)
2022-11-15 13:39:10.872 | 05:50   63ms   10M  282G  66/ 86U [GameAnalyzer] Income advantage is now SmallAdvantage
2022-11-15 13:39:10.975 | 05:50   72ms   10M  286G  66/ 86U [GameAnalyzer] Income advantage is now SlightAdvantage
2022-11-15 13:39:11.071 | 05:50   68ms   15M  286G  66/ 86U [GameAnalyzer] Income advantage is now Even
2022-11-15 13:39:11.160 | 05:50   65ms   15M  286G  66/ 86U [GameAnalyzer] Income advantage is now SlightAdvantage
2022-11-15 13:39:11.662 | 05:51   72ms   25M  290G  66/ 86U [GameAnalyzer] Income advantage is now Even
2022-11-15 13:39:11.974 | 05:52   86ms   60M  294G  66/ 86U [GameAnalyzer] Income advantage is now SlightAdvantage
2022-11-15 13:39:11.999 | 05:52   86ms   10M  294G  66/ 86U [BuildUnitsMarine] MARINE from BARRACKS at (150.5, 35.5)
2022-11-15 13:39:12.412 | 05:52   71ms   30M  294G  67/ 86U [GameAnalyzer] Income advantage is now Even
2022-11-15 13:39:12.591 | 05:53   65ms   35M  298G  67/ 86U [GameAnalyzer] Income advantage is now SlightAdvantage
2022-11-15 13:39:12.972 | 05:53   71ms    0M  302G  67/ 86U [ActUnit] SCV from COMMANDCENTER at (153.5, 68.5)
2022-11-15 13:39:13.079 | 05:54   70ms    0M  302G  68/ 86U [GameAnalyzer] Income advantage is now Even
2022-11-15 13:39:13.480 | 05:54   68ms   40M  310G  68/ 86U [GameAnalyzer] Income advantage is now SlightAdvantage
2022-11-15 13:39:13.761 | 05:55   65ms    0M  310G  68/ 86U [ActUnit] SCV from COMMANDCENTER at (158.5, 36.5)
2022-11-15 13:39:13.855 | 05:55   66ms   10M  310G  69/101U [GameAnalyzer] Income advantage is now SmallAdvantage
2022-11-15 13:39:14.166 | 05:56   74ms   20M  314G  69/101U [GameAnalyzer] Income advantage is now SlightAdvantage
2022-11-15 13:39:14.648 | 05:56   72ms   60M  318G  69/101U [GameAnalyzer] Income advantage is now SmallAdvantage
2022-11-15 13:39:15.466 | 05:58   66ms   80M  326G  69/101U [GameAnalyzer] Income advantage is now SlightAdvantage
2022-11-15 13:39:15.669 | 05:58   76ms  110M  326G  69/101U [GameAnalyzer] Income advantage is now SmallAdvantage
2022-11-15 13:39:16.085 | 05:59   72ms  130M  334G  68/101U [GameAnalyzer] Income advantage is now SlightAdvantage
2022-11-15 13:39:16.276 | 05:59   71ms  140M  334G  68/101U [GameAnalyzer] Income advantage is now SmallAdvantage
2022-11-15 13:39:16.565 | 06:00   66ms    5M  334G  68/101U [GameAnalyzer] Income advantage is now SlightAdvantage
2022-11-15 13:39:16.856 | 06:00   63ms   30M  342G  68/101U [GameAnalyzer] Income advantage is now SmallAdvantage
2022-11-15 13:39:17.153 | 06:01   71ms   50M  342G  68/101U [GameAnalyzer] Income advantage is now SlightAdvantage
2022-11-15 13:39:17.176 | 06:01   71ms    0M  342G  68/101U [BuildUnitsMarine] MARINE from BARRACKS at (148.5, 38.5)
2022-11-15 13:39:17.654 | 06:02   72ms   25M  350G  69/101U [GameAnalyzer] Income advantage is now SmallAdvantage
2022-11-15 13:39:17.951 | 06:02   69ms   35M  350G  69/101U [GameAnalyzer] Income advantage is now SlightAdvantage
2022-11-15 13:39:18.063 | 06:03   78ms   45M  350G  69/101U [GameAnalyzer] Income advantage is now SmallAdvantage
2022-11-15 13:39:18.290 | 06:03   74ms   10M  350G  69/101U [BuildUnitsMarine] MARINE from BARRACKS at (154.5, 46.5)
2022-11-15 13:39:18.477 | 06:03   66ms   25M  358G  70/101U [GameAnalyzer] Income advantage is now SlightAdvantage
2022-11-15 13:39:18.587 | 06:03   80ms   30M  358G  70/101U [GameAnalyzer] Income advantage is now SmallAdvantage
2022-11-15 13:39:18.914 | 06:04   78ms   45M  358G  70/101U [GameAnalyzer] Income advantage is now SlightAdvantage
2022-11-15 13:39:19.023 | 06:04   76ms   45M  358G  70/101U [GameAnalyzer] Income advantage is now Even
2022-11-15 13:39:19.176 | 06:04   85ms    5M  358G  70/101U [BuildUnitsMarine] MARINE from BARRACKS at (148.5, 29.5)
2022-11-15 13:39:19.379 | 06:05   79ms   20M  366G  71/101U [GameAnalyzer] Income advantage is now SlightAdvantage
2022-11-15 13:39:19.508 | 06:05   91ms   25M  366G  71/101U [GameAnalyzer] Income advantage is now Even
2022-11-15 13:39:20.092 | 06:06   82ms   10M  366G  71/101U [BuildUnitsMarine] MARINE from BARRACKS at (161.5, 45.5)
2022-11-15 13:39:21.110 | 06:07   79ms   80M  374G  72/101U [GameAnalyzer] Income advantage is now SlightAdvantage
2022-11-15 13:39:21.139 | 06:07   79ms   30M  374G  72/101U [BuildUnitsMarine] MARINE from BARRACKS at (150.5, 35.5)
2022-11-15 13:39:21.227 | 06:08   80ms   30M  382G  73/101U [GameAnalyzer] Income advantage is now Even
2022-11-15 13:39:21.708 | 06:08   92ms   60M  382G  73/101U [GameAnalyzer] Income advantage is now SlightAdvantage
2022-11-15 13:39:22.080 | 06:09   83ms   65M  382G  73/101U [GameAnalyzer] Income advantage is now Even
2022-11-15 13:39:22.264 | 06:09   91ms    0M  361G  73/101U [BuildUnitsWidowMine] WIDOWMINE from FACTORY at (159.5, 48.5)
2022-11-15 13:39:22.477 | 06:09   88ms   20M  365G  75/101U [GameAnalyzer] Income advantage is now SlightAdvantage
2022-11-15 13:39:22.591 | 06:10   85ms   20M  365G  75/101U [GameAnalyzer] Income advantage is now Even
2022-11-15 13:39:22.951 | 06:10   85ms   40M  365G  75/101U [GameAnalyzer] Income advantage is now SlightAdvantage
2022-11-15 13:39:23.187 | 06:10   76ms   50M  365G  75/101U [GameAnalyzer] Income advantage is now Even
2022-11-15 13:39:23.212 | 06:10   76ms    0M  365G  75/101U [BuildUnitsMarine] MARINE from BARRACKS at (150.5, 35.5)
2022-11-15 13:39:23.658 | 06:11   86ms   20M  373G  76/101U [GameAnalyzer] Income advantage is now SlightAdvantage
2022-11-15 13:39:23.892 | 06:11   75ms   35M  373G  76/101U [GameAnalyzer] Income advantage is now Even
2022-11-15 13:39:24.044 | 06:12  118ms   50M  373G  76/101U [GameAnalyzer] Income advantage is now SlightAdvantage
2022-11-15 13:39:24.308 | 06:12   89ms   65M  381G  76/101U [GameAnalyzer] Income advantage is now Even
2022-11-15 13:39:24.525 | 06:12   74ms   75M  381G  76/101U [GameAnalyzer] Income advantage is now SlightAdvantage
2022-11-15 13:39:24.560 | 06:12   74ms    0M  356G  76/101U [BuildUnitsWidowMine] WIDOWMINE from FACTORY at (153.5, 24.5)
2022-11-15 13:39:24.652 | 06:13   80ms    0M  356G  78/101U [GameAnalyzer] Income advantage is now Even
2022-11-15 13:39:24.974 | 06:13   75ms   35M  356G  78/101U [GameAnalyzer] Income advantage is now SlightAdvantage
2022-11-15 13:39:25.490 | 06:14   86ms   60M  364G  78/101U [GameAnalyzer] Income advantage is now Even
2022-11-15 13:39:25.822 | 06:14   74ms   75M  364G  78/101U [GameAnalyzer] Income advantage is now SlightAdvantage
2022-11-15 13:39:26.307 | 06:15   79ms    0M  372G  78/101U [GameAnalyzer] Income advantage is now Even
2022-11-15 13:39:27.403 | 06:17   85ms   75M  380G  78/101U [GameAnalyzer] Income advantage is now SlightAdvantage
2022-11-15 13:39:27.528 | 06:17   85ms   80M  380G  78/101U [GameAnalyzer] Income advantage is now Even
2022-11-15 13:39:27.654 | 06:17   81ms   85M  380G  78/101U [GameAnalyzer] Known army advantage is now SlightDisadvantage
2022-11-15 13:39:27.655 | 06:17   81ms   85M  380G  78/101U [GameAnalyzer] Predicted army advantage is now SmallDisadvantage
2022-11-15 13:39:28.325 | 06:18   92ms  125M  388G  78/101U [GameAnalyzer] Income advantage is now SlightAdvantage
2022-11-15 13:39:28.711 | 06:18   91ms  145M  388G  78/101U [GameAnalyzer] Income advantage is now Even
2022-11-15 13:39:28.961 | 06:19   85ms  155M  388G  78/101U [GameAnalyzer] Known army advantage is now Even
2022-11-15 13:39:29.347 | 06:19   95ms   30M  292G  78/101U [GameAnalyzer] Income advantage is now SlightAdvantage
2022-11-15 13:39:29.349 | 06:19   95ms   30M  292G  78/101U [GameAnalyzer] Known army advantage is now SlightDisadvantage
2022-11-15 13:39:29.478 | 06:20   90ms   35M  296G  77/101U [GameAnalyzer] Income advantage is now Even
2022-11-15 13:39:29.980 | 06:20   95ms   60M  296G  76/101U [GameAnalyzer] Income advantage is now SlightAdvantage
2022-11-15 13:39:30.009 | 06:20   95ms   10M  296G  76/101U [BuildUnitsMarine] MARINE from BARRACKS at (148.5, 38.5)
2022-11-15 13:39:30.110 | 06:20   82ms   15M  296G  77/101U [GameAnalyzer] Income advantage is now Even
2022-11-15 13:39:30.600 | 06:21   77ms    5M  304G  77/101U [BuildUnitsMarine] MARINE from BARRACKS at (154.5, 46.5)
2022-11-15 13:39:31.279 | 06:22   93ms   35M  304G  77/101U [GameAnalyzer] Known army advantage is now Even
2022-11-15 13:39:31.412 | 06:22   88ms   50M  312G  77/101U [GameAnalyzer] Income advantage is now SlightAdvantage
2022-11-15 13:39:31.447 | 06:22   88ms    0M  312G  77/101U [BuildUnitsMarine] MARINE from BARRACKS at (148.5, 29.5)
2022-11-15 13:39:31.544 | 06:23   88ms    0M  312G  77/101U [GameAnalyzer] Income advantage is now Even
2022-11-15 13:39:31.923 | 06:23   85ms   35M  312G  77/101U [GameAnalyzer] Income advantage is now SlightAdvantage
2022-11-15 13:39:32.065 | 06:23   96ms   40M  312G  77/101U [GameAnalyzer] Income advantage is now Even
2022-11-15 13:39:32.197 | 06:23   94ms   50M  312G  77/101U [GameAnalyzer] Income advantage is now SlightAdvantage
2022-11-15 13:39:32.335 | 06:24   89ms   55M  312G  76/101U [GameAnalyzer] Income advantage is now Even
2022-11-15 13:39:32.365 | 06:24   89ms    5M  312G  76/101U [BuildUnitsMarine] MARINE from BARRACKS at (161.5, 45.5)
2022-11-15 13:39:32.841 | 06:24   85ms   25M  320G  77/101U [GameAnalyzer] Income advantage is now SlightAdvantage
2022-11-15 13:39:33.146 | 06:25   84ms   40M  320G  77/101U [GameAnalyzer] Income advantage is now Even
2022-11-15 13:39:33.293 | 06:25  102ms    0M  320G  77/101U [ActUnit] SCV from COMMANDCENTER at (131.5, 45.5)
2022-11-15 13:39:34.087 | INFO     | sc2.protocol:_execute:72 - Client status changed to Status.ended (was Status.in_game)
2022-11-15 13:39:34.089 | Result: Defeat
2022-11-15 13:39:34.090 | Duration: 06:26
2022-11-15 13:39:34.091 | Step time min: 6
2022-11-15 13:39:34.091 | Step time avg: 28
2022-11-15 13:39:34.092 | Step time max: 130
2022-11-15 13:39:34.093 | [LostUnitsContents] My lost units minerals and gas: (1250, 50)
2022-11-15 13:39:34.094 | [LostUnitsContents] My lost units minerals by score: 1250.0
2022-11-15 13:39:34.095 | [LostUnitsContents] Enemy lost units minerals and gas: (850, 150)
2022-11-15 13:39:34.096 | [LostUnitsContents] Enemy lost units minerals by score: 850.0
2022-11-15 13:39:34.097 | [GameAnalyzerEnd] Own units:
2022-11-15 13:39:34.097 | [GameAnalyzerEnd] SCV               total:  46 alive:  45 dead:   1 
2022-11-15 13:39:34.098 | [GameAnalyzerEnd] MARINE            total:  35 alive:  12 dead:  23 
2022-11-15 13:39:34.099 | [GameAnalyzerEnd] SUPPLYDEPOT       total:   8 alive:   8 dead:   0 
2022-11-15 13:39:34.099 | [GameAnalyzerEnd] BARRACKS          total:   5 alive:   5 dead:   0 
2022-11-15 13:39:34.100 | [GameAnalyzerEnd] FACTORY           total:   3 alive:   3 dead:   0 
2022-11-15 13:39:34.101 | [GameAnalyzerEnd] ORBITALCOMMAND    total:   3 alive:   3 dead:   0 
2022-11-15 13:39:34.101 | [GameAnalyzerEnd] REFINERY          total:   2 alive:   2 dead:   0 
2022-11-15 13:39:34.102 | [GameAnalyzerEnd] MEDIVAC           total:   2 alive:   2 dead:   0 
2022-11-15 13:39:34.103 | [GameAnalyzerEnd] REACTOR           total:   2 alive:   2 dead:   0 
2022-11-15 13:39:34.103 | [GameAnalyzerEnd] WIDOWMINE         total:   2 alive:   2 dead:   0 
2022-11-15 13:39:34.104 | [GameAnalyzerEnd] TECHLAB           total:   2 alive:   2 dead:   0 
2022-11-15 13:39:34.107 | [GameAnalyzerEnd] STARPORT          total:   1 alive:   1 dead:   0 
2022-11-15 13:39:34.108 | [GameAnalyzerEnd] REAPER            total:   1 alive:   0 dead:   1 
2022-11-15 13:39:34.109 | [GameAnalyzerEnd] Enemy units:
2022-11-15 13:39:34.110 | [GameAnalyzerEnd] PROBE             total:  50 alive:  44 dead:   6 
2022-11-15 13:39:34.111 | [GameAnalyzerEnd] PYLON             total:   5 alive:   5 dead:   0 
2022-11-15 13:39:34.112 | [GameAnalyzerEnd] STALKER           total:   5 alive:   3 dead:   2 
2022-11-15 13:39:34.113 | [GameAnalyzerEnd] ADEPT             total:   5 alive:   3 dead:   2 
2022-11-15 13:39:34.113 | [GameAnalyzerEnd] ASSIMILATOR       total:   4 alive:   4 dead:   0 
2022-11-15 13:39:34.114 | [GameAnalyzerEnd] ZEALOT            total:   3 alive:   2 dead:   1 
2022-11-15 13:39:34.115 | [GameAnalyzerEnd] NEXUS             total:   2 alive:   2 dead:   0 
2022-11-15 13:39:34.115 | [GameAnalyzerEnd] WARPGATE          total:   2 alive:   2 dead:   0 
2022-11-15 13:39:34.116 | [GameAnalyzerEnd] ROBOTICSFACILITY  total:   2 alive:   2 dead:   0 
2022-11-15 13:39:34.117 | [GameAnalyzerEnd] GATEWAY           total:   1 alive:   1 dead:   0 
2022-11-15 13:39:34.117 | [GameAnalyzerEnd] CYBERNETICSCORE   total:   1 alive:   1 dead:   0 
2022-11-15 13:39:34.118 | [GameAnalyzerEnd] IMMORTAL          total:   1 alive:   1 dead:   0 
2022-11-15 13:39:34.119 | [GameAnalyzerEnd] Minerals max 750 Average 185
2022-11-15 13:39:34.120 | [GameAnalyzerEnd] Vespene max 388 Average 128
2022-11-15 13:39:34.120 | INFO     | sc2.main:_play_game:228 - Result for player 1 - Bot Turtles(Terran): Defeat
2022-11-15 13:39:35.375 | INFO     | sc2.protocol:__request:48 - Cannot receive: Game has already ended.
2022-11-15 13:39:35.378 | INFO     | sc2.sc2process:_close_connection:231 - Closing connection at 62555...
2022-11-15 13:39:35.380 | INFO     | sc2.sc2process:kill_all:33 - kill_switch: Process cleanup for 1 processes
