2022-10-25 23:39:17.337 | INFO     | sc2.protocol:_execute:72 - Client status changed to Status.launched (was None)
2022-10-25 23:39:17.339 | INFO     | sc2.controller:create_game:37 - Creating new game
2022-10-25 23:39:17.340 | INFO     | sc2.controller:create_game:38 - Map:     RomanticideAIE
2022-10-25 23:39:17.342 | INFO     | sc2.controller:create_game:39 - Players: Bot Turtles(Terran), Computer VeryHard(Random, RandomBuild)
2022-10-25 23:39:17.344 | INFO     | sc2.protocol:_execute:72 - Client status changed to Status.init_game (was Status.launched)
2022-10-25 23:39:26.481 | INFO     | sc2.protocol:_execute:72 - Client status changed to Status.in_game (was None)
2022-10-25 23:39:26.483 | INFO     | sc2.main:_play_game:221 - Player 1 - Bot Turtles(Terran)
2022-10-25 23:39:27.095 | 00:00    0ms    0M    0G  12/ 15U [Version] 5.0.10.88500
2022-10-25 23:39:27.097 | 00:00    0ms    0M    0G  12/ 15U [Version] 5.0.6 Balance mod recognized.
2022-10-25 23:39:27.170 | 00:00    0ms    0M    0G  12/ 15U [ZoneManager] Map set to: MapName.RomanticideLE from name: Romanticide AIE and hash: 3756032.
2022-10-25 23:39:27.956 | [Start] My race: Terran
2022-10-25 23:39:27.958 | [Start] Opponent race: Random
2022-10-25 23:39:27.959 | [Start] OpponentId: None
2022-10-25 23:39:28.219 | 00:00    7ms    0M    0G  13/ 15U [GameAnalyzer] Income advantage is now SlightDisadvantage
2022-10-25 23:39:28.290 | 00:01    7ms    0M    0G  13/ 15U [GameAnalyzer] Income advantage is now Even
2022-10-25 23:39:28.658 | 00:04    8ms   10M    0G  13/ 15U [GameAnalyzer] Income advantage is now SlightDisadvantage
2022-10-25 23:39:28.675 | 00:04    7ms   20M    0G  13/ 15U [GameAnalyzer] Income advantage is now Even
2022-10-25 23:39:29.204 | 00:09    6ms   85M    0G  13/ 15U [GameAnalyzer] Income advantage is now SlightDisadvantage
2022-10-25 23:39:29.223 | 00:09    8ms   85M    0G  13/ 15U [GameAnalyzer] Income advantage is now Even
2022-10-25 23:39:29.342 | 00:10    6ms    5M    0G  13/ 15U [GameAnalyzer] Income advantage is now SlightDisadvantage
2022-10-25 23:39:29.358 | 00:10    9ms    5M    0G  13/ 15U [GameAnalyzer] Income advantage is now Even
2022-10-25 23:39:29.750 | 00:14    8ms    5M    0G  13/ 15U [ActUnit] SCV from COMMANDCENTER at (41.5, 135.5)
2022-10-25 23:39:31.315 | 00:26   10ms  110M    0G  14/ 15U [ActUnit] SCV from COMMANDCENTER at (41.5, 135.5)
2022-10-25 23:39:31.718 | 00:28    7ms  130M    0G  15/ 15U [GameAnalyzer] Income advantage is now SlightDisadvantage
2022-10-25 23:39:31.755 | 00:29   11ms  140M    0G  15/ 15U [GameAnalyzer] Income advantage is now Even
2022-10-25 23:39:32.917 | 00:37   11ms   20M    0G  15/ 23U [BuildGas] Building REFINERY to (34.5, 132.5)
2022-10-25 23:39:33.206 | 00:39    8ms    0M    0G  15/ 23U [ActUnit] SCV from COMMANDCENTER at (41.5, 135.5)
2022-10-25 23:39:34.755 | 00:51    7ms   95M    0G  16/ 23U [ActUnit] SCV from COMMANDCENTER at (41.5, 135.5)
2022-10-25 23:39:36.247 | 01:03    7ms  200M    0G  17/ 23U [ActUnit] SCV from COMMANDCENTER at (41.5, 135.5)
2022-10-25 23:39:38.017 | 01:15   14ms  355M   32G  18/ 23U [GameAnalyzer] Income advantage is now SlightAdvantage
2022-10-25 23:39:38.064 | 01:15   17ms  355M   32G  18/ 23U [GameAnalyzer] Income advantage is now SmallAdvantage
2022-10-25 23:39:38.099 | 01:15   23ms  310M   32G  18/ 23U [ActUnit] SCV from COMMANDCENTER at (41.5, 135.5)
2022-10-25 23:39:38.202 | 01:16   20ms  315M   32G  19/ 23U [GameAnalyzer] Income advantage is now SlightAdvantage
2022-10-25 23:39:38.260 | 01:16   27ms  315M   32G  19/ 23U [GameAnalyzer] Income advantage is now Even
2022-10-25 23:39:38.462 | 01:17   10ms  325M   36G  19/ 23U [EnemyArmyPredicter] Predicting negative free minerals for enemy: -25
2022-10-25 23:39:39.206 | 01:22   12ms  400M   52G  19/ 23U [EnemyArmyPredicter] Predicting negative free minerals for enemy: -63
2022-10-25 23:39:39.270 | 01:23   11ms  400M   52G  19/ 23U [GameAnalyzer] Income advantage is now SlightDisadvantage
2022-10-25 23:39:39.299 | 01:23   15ms  410M   52G  19/ 23U [GameAnalyzer] Income advantage is now Even
2022-10-25 23:39:39.364 | 01:23   11ms  215M    2G  19/ 23U [TerranUnit] REAPER from BARRACKS at (40.5, 128.5)
2022-10-25 23:39:39.428 | 01:23   11ms  380M    6G  20/ 23U [GameAnalyzer] Income advantage is now SlightDisadvantage
2022-10-25 23:39:39.489 | 01:24   13ms  380M    6G  20/ 23U [GameAnalyzer] Income advantage is now Even
2022-10-25 23:39:39.803 | 01:26   11ms  405M   10G  20/ 23U [GameAnalyzer] Income advantage is now SlightDisadvantage
2022-10-25 23:39:39.827 | 01:26   11ms  410M   10G  20/ 23U [GameAnalyzer] Income advantage is now Even
2022-10-25 23:39:39.965 | 01:27   12ms  415M   14G  20/ 23U [GameAnalyzer] Income advantage is now SlightDisadvantage
2022-10-25 23:39:40.017 | 01:27   10ms  415M   14G  20/ 23U [GameAnalyzer] Income advantage is now Even
2022-10-25 23:39:40.105 | 01:28   10ms  285M   18G  20/ 23U [GameAnalyzer] Income advantage is now SlightDisadvantage
2022-10-25 23:39:40.222 | 01:29   12ms  305M   18G  20/ 23U [GameAnalyzer] Income advantage is now Even
2022-10-25 23:39:40.485 | 01:30   12ms  320M   22G  20/ 23U [GameAnalyzer] Income advantage is now SlightDisadvantage
2022-10-25 23:39:40.534 | 01:31   10ms  325M   22G  20/ 23U [GameAnalyzer] Income advantage is now Even
2022-10-25 23:39:40.722 | 01:32   12ms  330M   26G  20/ 23U [GameAnalyzer] Income advantage is now SlightDisadvantage
2022-10-25 23:39:40.747 | 01:32   12ms  340M   26G  20/ 23U [GameAnalyzer] Income advantage is now Even
2022-10-25 23:39:40.861 | 01:33   10ms  355M   30G  20/ 23U [GameAnalyzer] Income advantage is now SlightDisadvantage
2022-10-25 23:39:40.917 | 01:33   10ms  365M   30G  20/ 23U [GameAnalyzer] Income advantage is now Even
2022-10-25 23:39:41.199 | 01:35   10ms  380M   34G  20/ 23U [GameAnalyzer] Income advantage is now SlightDisadvantage
2022-10-25 23:39:41.225 | 01:35   11ms  390M   34G  20/ 23U [GameAnalyzer] Income advantage is now Even
2022-10-25 23:39:41.736 | 01:38   12ms  440M   46G  20/ 23U [GameAnalyzer] Income advantage is now SlightDisadvantage
2022-10-25 23:39:41.761 | 01:38   11ms  445M   46G  20/ 23U [GameAnalyzer] Income advantage is now Even
2022-10-25 23:39:41.890 | 01:39   12ms  460M   46G  20/ 23U [GameAnalyzer] Income advantage is now SlightDisadvantage
2022-10-25 23:39:41.940 | 01:40   10ms  470M   50G  20/ 23U [GameAnalyzer] Income advantage is now Even
2022-10-25 23:39:42.124 | 01:41   10ms  475M   50G  20/ 23U [GameAnalyzer] Income advantage is now SlightDisadvantage
2022-10-25 23:39:42.153 | 01:41   13ms  480M   50G  20/ 23U [GameAnalyzer] Income advantage is now Even
2022-10-25 23:39:42.268 | 01:42   10ms  495M   54G  20/ 23U [GameAnalyzer] Income advantage is now SlightDisadvantage
2022-10-25 23:39:42.296 | 01:42   13ms  500M   54G  20/ 23U [GameAnalyzer] Income advantage is now Even
2022-10-25 23:39:42.432 | 01:43   10ms  510M   58G  20/ 23U [GameAnalyzer] Income advantage is now SlightDisadvantage
2022-10-25 23:39:42.467 | 01:43   12ms  515M   58G  20/ 23U [GameAnalyzer] Predicted army advantage is now SlightDisadvantage
2022-10-25 23:39:42.521 | 01:43   11ms  525M   58G  20/ 23U [GameAnalyzer] Income advantage is now Even
2022-10-25 23:39:42.622 | 01:44   11ms  535M   62G  20/ 23U [GameAnalyzer] Income advantage is now SlightDisadvantage
2022-10-25 23:39:42.654 | 01:44   13ms  540M   62G  20/ 23U [GameAnalyzer] Income advantage is now Even
2022-10-25 23:39:42.909 | 01:46   10ms  565M   66G  20/ 23U [GameAnalyzer] Income advantage is now SlightDisadvantage
2022-10-25 23:39:42.962 | 01:46   12ms  570M   66G  20/ 23U [GameAnalyzer] Income advantage is now Even
2022-10-25 23:39:43.094 | 01:47   10ms  585M   70G  20/ 23U [GameAnalyzer] Income advantage is now SlightDisadvantage
2022-10-25 23:39:43.173 | 01:48   11ms  600M   70G  20/ 23U [GameAnalyzer] Income advantage is now Even
2022-10-25 23:39:43.202 | 01:48   14ms  605M   70G  20/ 23U [Expand] Expanding to (46.5, 103.5)
2022-10-25 23:39:43.233 | 01:48   13ms  205M   70G  20/ 23U [GameAnalyzer] Income advantage is now SlightDisadvantage
2022-10-25 23:39:43.262 | 01:48   12ms  210M   70G  20/ 23U [GameAnalyzer] Income advantage is now Even
2022-10-25 23:39:43.398 | 01:49   10ms  215M   74G  20/ 23U [GameAnalyzer] Income advantage is now SlightDisadvantage
2022-10-25 23:39:43.456 | 01:50   12ms  220M   74G  20/ 23U [GameAnalyzer] Income advantage is now Even
2022-10-25 23:39:43.486 | 01:50   12ms  220M   74G  20/ 23U [GameAnalyzer] Income advantage is now SlightDisadvantage
2022-10-25 23:39:43.516 | 01:50   12ms  235M   78G  20/ 23U [GameAnalyzer] Income advantage is now Even
2022-10-25 23:39:43.604 | 01:50   10ms  240M   78G  20/ 23U [GameAnalyzer] Income advantage is now SlightDisadvantage
2022-10-25 23:39:43.688 | 01:51   10ms  250M   78G  20/ 23U [GameAnalyzer] Income advantage is now Even
2022-10-25 23:39:43.915 | 01:52   10ms  270M   82G  20/ 23U [GameAnalyzer] Income advantage is now SlightDisadvantage
2022-10-25 23:39:43.917 | 01:52   10ms  220M   82G  20/ 23U [ActUnit] SCV from COMMANDCENTER at (41.5, 135.5)
2022-10-25 23:39:44.070 | 01:53   10ms  235M   86G  21/ 23U [GameAnalyzer] Income advantage is now Even
2022-10-25 23:39:44.159 | 01:54   11ms  235M   86G  21/ 23U [GameAnalyzer] Income advantage is now SlightDisadvantage
2022-10-25 23:39:44.275 | 01:54   12ms  250M   90G  21/ 23U [GameAnalyzer] Income advantage is now Even
2022-10-25 23:39:44.422 | 01:55   10ms  260M   90G  21/ 23U [GameAnalyzer] Known army advantage is now SlightAdvantage
2022-10-25 23:39:44.425 | 01:55   10ms  260M   90G  21/ 23U [BuildAddon] UnitTypeId.BARRACKSREACTOR to (43.0, 128.0)
2022-10-25 23:39:44.617 | 01:56   12ms   65M   44G  21/ 23U [GameAnalyzer] Income advantage is now SlightDisadvantage
2022-10-25 23:39:44.650 | 01:56   15ms   65M   44G  21/ 23U [GameAnalyzer] Income advantage is now Even
2022-10-25 23:39:46.025 | 02:05   13ms  115M   64G  21/ 23U [GameAnalyzer] Income advantage is now SlightAdvantage
2022-10-25 23:39:46.027 | 02:05   13ms   65M   64G  21/ 23U [ActUnit] SCV from COMMANDCENTER at (41.5, 135.5)
2022-10-25 23:39:46.061 | 02:05   14ms   65M   68G  22/ 23U [GameAnalyzer] Income advantage is now Even
2022-10-25 23:39:46.242 | 02:06   12ms   75M   68G  22/ 23U [GameAnalyzer] Income advantage is now SlightAdvantage
2022-10-25 23:39:46.278 | 02:06   13ms   75M   68G  22/ 23U [GameAnalyzer] Income advantage is now Even
2022-10-25 23:39:46.954 | 02:10   12ms  150M   80G  22/ 23U [GameAnalyzer] Income advantage is now SlightAdvantage
2022-10-25 23:39:46.992 | 02:10   13ms  150M   80G  22/ 23U [GameAnalyzer] Income advantage is now Even
2022-10-25 23:39:47.198 | 02:11   12ms  165M   84G  22/ 23U [GameAnalyzer] Income advantage is now SlightAdvantage
2022-10-25 23:39:47.230 | 02:11   15ms  165M   84G  22/ 23U [GameAnalyzer] Income advantage is now Even
2022-10-25 23:39:47.605 | 02:13   12ms  200M   88G  22/ 23U [GameAnalyzer] Income advantage is now SlightAdvantage
2022-10-25 23:39:47.644 | 02:13   14ms  200M   88G  22/ 23U [GameAnalyzer] Income advantage is now Even
2022-10-25 23:39:47.815 | 02:14   12ms  210M   92G  22/ 23U [GameAnalyzer] Income advantage is now SlightAdvantage
2022-10-25 23:39:47.854 | 02:14   14ms  210M   92G  22/ 23U [GameAnalyzer] Income advantage is now Even
2022-10-25 23:39:48.063 | 02:15   12ms  230M   96G  22/ 23U [GameAnalyzer] Income advantage is now SlightAdvantage
2022-10-25 23:39:48.095 | 02:15   15ms  255M   96G  22/ 23U [GameAnalyzer] Income advantage is now Even
2022-10-25 23:39:48.305 | 02:16   14ms  270M   96G  22/ 23U [GameAnalyzer] Income advantage is now SlightAdvantage
2022-10-25 23:39:48.344 | 02:16   13ms  270M  100G  22/ 23U [GameAnalyzer] Income advantage is now Even
2022-10-25 23:39:48.381 | 02:17   14ms   70M    0G  22/ 23U [ActUnit] SCV from COMMANDCENTER at (41.5, 135.5)
2022-10-25 23:39:48.422 | 02:17   16ms    0M    0G  23/ 23U [BuildGas] Building REFINERY to (45.5, 142.5)
2022-10-25 23:39:48.535 | 02:17   15ms   15M    0G  23/ 23U [GameAnalyzer] Income advantage is now SlightAdvantage
2022-10-25 23:39:48.572 | 02:18   14ms   15M    0G  23/ 23U [GameAnalyzer] Income advantage is now Even
2022-10-25 23:39:48.911 | 02:19   12ms   25M    4G  23/ 23U [GameAnalyzer] Known army advantage is now SlightDisadvantage
2022-10-25 23:39:48.960 | 02:19   14ms   35M    8G  23/ 23U [GameAnalyzer] Income advantage is now SlightAdvantage
2022-10-25 23:39:48.999 | 02:20   15ms   35M    8G  23/ 23U [GameAnalyzer] Income advantage is now Even
2022-10-25 23:39:49.957 | 02:24   13ms  120M   20G  23/ 23U [GameAnalyzer] Income advantage is now SlightAdvantage
2022-10-25 23:39:50.001 | 02:24   15ms  120M   20G  23/ 31U [GameAnalyzer] Income advantage is now Even
2022-10-25 23:39:50.211 | 02:25   13ms  125M   24G  23/ 31U [GameAnalyzer] Income advantage is now SlightAdvantage
2022-10-25 23:39:50.287 | 02:26   13ms  125M   24G  23/ 31U [GameAnalyzer] Income advantage is now Even
2022-10-25 23:39:50.484 | 02:26   12ms  135M   24G  22/ 31U [GameAnalyzer] Income advantage is now SlightAdvantage
2022-10-25 23:39:50.559 | 02:26   15ms  135M   24G  22/ 31U [GameAnalyzer] Income advantage is now Even
2022-10-25 23:39:50.695 | 02:27   12ms  150M   28G  22/ 31U [GameAnalyzer] Income advantage is now SlightAdvantage
2022-10-25 23:39:50.966 | 02:29   12ms  115M   32G  22/ 31U [ActUnit] SCV from COMMANDCENTER at (41.5, 135.5)
2022-10-25 23:39:51.132 | INFO     | sc2.protocol:_execute:72 - Client status changed to Status.ended (was Status.in_game)
2022-10-25 23:39:51.134 | Result: Defeat
2022-10-25 23:39:51.135 | Duration: 02:30
2022-10-25 23:39:51.135 | Step time min: 6
2022-10-25 23:39:51.136 | Step time avg: 10
2022-10-25 23:39:51.137 | Step time max: 122
2022-10-25 23:39:51.137 | [LostUnitsContents] My lost units minerals and gas: (50, 0)
2022-10-25 23:39:51.138 | [LostUnitsContents] My lost units minerals by score: 50.0
2022-10-25 23:39:51.139 | [LostUnitsContents] Enemy lost units minerals and gas: (0, 0)
2022-10-25 23:39:51.140 | [LostUnitsContents] Enemy lost units minerals by score: 0.0
2022-10-25 23:39:51.141 | [GameAnalyzerEnd] Own units:
2022-10-25 23:39:51.141 | [GameAnalyzerEnd] SCV               total:  21 alive:  20 dead:   1 
2022-10-25 23:39:51.143 | [GameAnalyzerEnd] SUPPLYDEPOT       total:   2 alive:   2 dead:   0 
2022-10-25 23:39:51.144 | [GameAnalyzerEnd] REFINERY          total:   2 alive:   2 dead:   0 
2022-10-25 23:39:51.145 | [GameAnalyzerEnd] BARRACKS          total:   2 alive:   2 dead:   0 
2022-10-25 23:39:51.146 | [GameAnalyzerEnd] COMMANDCENTER     total:   1 alive:   1 dead:   0 
2022-10-25 23:39:51.146 | [GameAnalyzerEnd] REAPER            total:   1 alive:   1 dead:   0 
2022-10-25 23:39:51.147 | [GameAnalyzerEnd] ORBITALCOMMAND    total:   1 alive:   1 dead:   0 
2022-10-25 23:39:51.148 | [GameAnalyzerEnd] FACTORY           total:   1 alive:   1 dead:   0 
2022-10-25 23:39:51.148 | [GameAnalyzerEnd] REACTOR           total:   1 alive:   1 dead:   0 
2022-10-25 23:39:51.149 | [GameAnalyzerEnd] MULE              total:   1 alive:   1 dead:   0 
2022-10-25 23:39:51.149 | [GameAnalyzerEnd] Enemy units:
2022-10-25 23:39:51.150 | [GameAnalyzerEnd] SCV               total:  23 alive:  23 dead:   0 
2022-10-25 23:39:51.151 | [GameAnalyzerEnd] SUPPLYDEPOT       total:   3 alive:   3 dead:   0 
2022-10-25 23:39:51.151 | [GameAnalyzerEnd] MARINE            total:   2 alive:   2 dead:   0 
2022-10-25 23:39:51.152 | [GameAnalyzerEnd] BARRACKS          total:   1 alive:   1 dead:   0 
2022-10-25 23:39:51.153 | [GameAnalyzerEnd] COMMANDCENTER     total:   1 alive:   1 dead:   0 
2022-10-25 23:39:51.154 | [GameAnalyzerEnd] REFINERY          total:   1 alive:   1 dead:   0 
2022-10-25 23:39:51.154 | [GameAnalyzerEnd] FACTORY           total:   1 alive:   1 dead:   0 
2022-10-25 23:39:51.155 | [GameAnalyzerEnd] Minerals max 600 Average 191
2022-10-25 23:39:51.156 | [GameAnalyzerEnd] Vespene max 96 Average 25
2022-10-25 23:39:51.156 | INFO     | sc2.main:_play_game:228 - Result for player 1 - Bot Turtles(Terran): Defeat
2022-10-25 23:39:52.123 | INFO     | sc2.protocol:__request:48 - Cannot receive: Game has already ended.
2022-10-25 23:39:52.125 | INFO     | sc2.sc2process:_close_connection:231 - Closing connection at 63068...
2022-10-25 23:39:52.127 | INFO     | sc2.sc2process:kill_all:33 - kill_switch: Process cleanup for 1 processes
