2022-10-26 13:21:01.689 | INFO     | sc2.protocol:_execute:72 - Client status changed to Status.launched (was None)
2022-10-26 13:21:01.691 | INFO     | sc2.controller:create_game:37 - Creating new game
2022-10-26 13:21:01.692 | INFO     | sc2.controller:create_game:38 - Map:     BlackburnAIE
2022-10-26 13:21:01.693 | INFO     | sc2.controller:create_game:39 - Players: Bot Turtles(Terran), Computer VeryHard(Random, RandomBuild)
2022-10-26 13:21:01.696 | INFO     | sc2.protocol:_execute:72 - Client status changed to Status.init_game (was Status.launched)
2022-10-26 13:21:11.180 | INFO     | sc2.protocol:_execute:72 - Client status changed to Status.in_game (was None)
2022-10-26 13:21:11.182 | INFO     | sc2.main:_play_game:221 - Player 1 - Bot Turtles(Terran)
2022-10-26 13:21:11.753 | 00:00    0ms    0M    0G  12/ 15U [Version] 5.0.10.88500
2022-10-26 13:21:11.754 | 00:00    0ms    0M    0G  12/ 15U [Version] 5.0.6 Balance mod recognized.
2022-10-26 13:21:11.838 | 00:00    0ms    0M    0G  12/ 15U [ZoneManager] Map set to: MapName.Blackburn from name: Blackburn AIE and hash: 2657237.
2022-10-26 13:21:12.502 | [Start] My race: Terran
2022-10-26 13:21:12.503 | [Start] Opponent race: Random
2022-10-26 13:21:12.504 | [Start] OpponentId: None
2022-10-26 13:21:12.791 | 00:00    7ms    0M    0G  13/ 15U [GameAnalyzer] Income advantage is now SlightDisadvantage
2022-10-26 13:21:12.834 | 00:01    6ms    0M    0G  13/ 15U [GameAnalyzer] Income advantage is now Even
2022-10-26 13:21:14.411 | 00:15    6ms    0M    0G  13/ 15U [ActUnit] SCV from COMMANDCENTER at (36.5, 31.5)
2022-10-26 13:21:16.128 | 00:27   12ms  115M    0G  14/ 15U [ActUnit] SCV from COMMANDCENTER at (36.5, 31.5)
2022-10-26 13:21:17.775 | 00:37    9ms   25M    0G  15/ 23U [BuildGas] Building REFINERY to (29.5, 34.5)
2022-10-26 13:21:18.097 | 00:39    8ms   40M    0G  15/ 23U [GameAnalyzer] Income advantage is now SlightDisadvantage
2022-10-26 13:21:18.155 | 00:39    9ms   55M    0G  15/ 23U [GameAnalyzer] Income advantage is now Even
2022-10-26 13:21:18.157 | 00:39    9ms    5M    0G  15/ 23U [ActUnit] SCV from COMMANDCENTER at (36.5, 31.5)
2022-10-26 13:21:19.789 | 00:51    7ms  100M    0G  16/ 23U [ActUnit] SCV from COMMANDCENTER at (36.5, 31.5)
2022-10-26 13:21:21.581 | 01:04    7ms  200M    4G  17/ 23U [ActUnit] SCV from COMMANDCENTER at (36.5, 31.5)
2022-10-26 13:21:23.025 | 01:11   18ms  290M   20G  18/ 23U [GameAnalyzer] Income advantage is now SmallDisadvantage
2022-10-26 13:21:23.071 | 01:11   22ms  290M   20G  18/ 23U [GameAnalyzer] Income advantage is now SlightDisadvantage
2022-10-26 13:21:23.174 | 01:12   18ms  290M   24G  18/ 23U [GameAnalyzer] Income advantage is now SmallDisadvantage
2022-10-26 13:21:23.444 | 01:13   22ms  315M   24G  18/ 23U [GameAnalyzer] Income advantage is now SlightDisadvantage
2022-10-26 13:21:23.548 | 01:13   20ms  315M   24G  18/ 23U [GameAnalyzer] Income advantage is now SmallDisadvantage
2022-10-26 13:21:23.768 | 01:14   23ms  320M   28G  18/ 23U [GameAnalyzer] Income advantage is now SlightDisadvantage
2022-10-26 13:21:23.864 | 01:14   19ms  320M   28G  18/ 23U [GameAnalyzer] Income advantage is now SmallDisadvantage
2022-10-26 13:21:24.114 | 01:15   20ms  335M   32G  18/ 23U [GameAnalyzer] Income advantage is now Even
2022-10-26 13:21:24.345 | 01:16   20ms  340M   32G  18/ 23U [GameAnalyzer] Income advantage is now SlightDisadvantage
2022-10-26 13:21:24.393 | 01:16   26ms  345M   32G  18/ 23U [GameAnalyzer] Income advantage is now Even
2022-10-26 13:21:24.394 | 01:16   26ms  295M   32G  18/ 23U [ActUnit] SCV from COMMANDCENTER at (36.5, 31.5)
2022-10-26 13:21:24.453 | 01:16   10ms  295M   36G  19/ 23U [GameAnalyzer] Income advantage is now SlightDisadvantage
2022-10-26 13:21:24.600 | 01:17   12ms  320M   36G  19/ 23U [GameAnalyzer] Income advantage is now Even
2022-10-26 13:21:24.602 | 01:17   12ms  320M   36G  19/ 23U [GameAnalyzer] Predicted army advantage is now SlightDisadvantage
2022-10-26 13:21:24.639 | 01:17   13ms  320M   36G  19/ 23U [GameAnalyzer] Income advantage is now SlightDisadvantage
2022-10-26 13:21:24.667 | 01:17   14ms  325M   40G  19/ 23U [GameAnalyzer] Income advantage is now Even
2022-10-26 13:21:24.796 | 01:18    9ms  325M   40G  19/ 23U [GameAnalyzer] Income advantage is now SlightDisadvantage
2022-10-26 13:21:24.888 | 01:19   10ms  330M   40G  19/ 23U [GameAnalyzer] Income advantage is now Even
2022-10-26 13:21:24.914 | 01:19   11ms  330M   40G  19/ 23U [GameAnalyzer] Income advantage is now SlightDisadvantage
2022-10-26 13:21:25.008 | 01:19   11ms  345M   44G  19/ 23U [GameAnalyzer] Income advantage is now Even
2022-10-26 13:21:25.036 | 01:20   13ms  345M   44G  19/ 23U [GameAnalyzer] Income advantage is now SlightDisadvantage
2022-10-26 13:21:25.363 | 01:21   11ms  375M   48G  19/ 23U [GameAnalyzer] Income advantage is now SmallDisadvantage
2022-10-26 13:21:25.544 | 01:23   10ms  385M   52G  19/ 23U [GameAnalyzer] Income advantage is now SlightDisadvantage
2022-10-26 13:21:25.602 | 01:23   10ms  385M   52G  19/ 23U [GameAnalyzer] Income advantage is now SmallDisadvantage
2022-10-26 13:21:25.843 | 01:24   12ms  210M    6G  19/ 23U [TerranUnit] REAPER from BARRACKS at (39.5, 37.5)
2022-10-26 13:21:26.329 | 01:27   10ms  400M   14G  20/ 23U [GameAnalyzer] Income advantage is now SlightDisadvantage
2022-10-26 13:21:26.417 | 01:28   11ms  400M   18G  20/ 23U [GameAnalyzer] Income advantage is now SmallDisadvantage
2022-10-26 13:21:26.540 | 01:28   11ms  265M   18G  20/ 23U [GameAnalyzer] Income advantage is now SlightDisadvantage
2022-10-26 13:21:26.599 | 01:29   11ms  265M   18G  20/ 23U [GameAnalyzer] Income advantage is now SmallDisadvantage
2022-10-26 13:21:26.695 | 01:29   12ms  275M   22G  20/ 23U [GameAnalyzer] Income advantage is now SlightDisadvantage
2022-10-26 13:21:26.729 | 01:30   12ms  275M   22G  20/ 23U [GameAnalyzer] Income advantage is now SmallDisadvantage
2022-10-26 13:21:26.763 | 01:30   14ms  275M   22G  20/ 23U [GameAnalyzer] Income advantage is now SlightDisadvantage
2022-10-26 13:21:26.794 | 01:30   12ms  280M   22G  20/ 23U [GameAnalyzer] Income advantage is now SmallDisadvantage
2022-10-26 13:21:27.217 | 01:32   13ms  325M   30G  20/ 23U [GameAnalyzer] Income advantage is now SlightDisadvantage
2022-10-26 13:21:27.246 | 01:33   13ms  325M   30G  20/ 23U [GameAnalyzer] Income advantage is now SmallDisadvantage
2022-10-26 13:21:27.394 | 01:33   11ms  335M   30G  20/ 23U [GameAnalyzer] Income advantage is now SlightDisadvantage
2022-10-26 13:21:27.424 | 01:34   12ms  335M   34G  20/ 23U [GameAnalyzer] Income advantage is now SmallDisadvantage
2022-10-26 13:21:27.576 | 01:35   13ms  355M   34G  20/ 23U [GameAnalyzer] Income advantage is now SlightDisadvantage
2022-10-26 13:21:27.604 | 01:35   13ms  355M   34G  20/ 23U [GameAnalyzer] Income advantage is now SmallDisadvantage
2022-10-26 13:21:29.456 | 01:46   11ms  540M   66G  20/ 23U [GameAnalyzer] Income advantage is now SlightDisadvantage
2022-10-26 13:21:29.492 | 01:47   12ms  540M   66G  20/ 23U [GameAnalyzer] Income advantage is now SmallDisadvantage
2022-10-26 13:21:30.120 | 01:51   12ms  605M   78G  20/ 23U [Expand] Expanding to (36.5, 54.5)
2022-10-26 13:21:30.376 | 01:52   11ms  230M   82G  20/ 23U [GameAnalyzer] Income advantage is now SlightDisadvantage
2022-10-26 13:21:30.474 | 01:53   10ms  180M   86G  20/ 23U [ActUnit] SCV from COMMANDCENTER at (36.5, 31.5)
2022-10-26 13:21:31.052 | 01:56   11ms  240M   94G  21/ 23U [GameAnalyzer] Known army advantage is now SlightAdvantage
2022-10-26 13:21:31.055 | 01:56   11ms  240M   94G  21/ 23U [BuildAddon] UnitTypeId.BARRACKSREACTOR to (42.0, 37.0)
2022-10-26 13:21:31.123 | 01:57   10ms   40M   44G  21/ 23U [GameAnalyzer] Income advantage is now SmallDisadvantage
2022-10-26 13:21:31.492 | 01:59   12ms   65M   52G  21/ 23U [GameAnalyzer] Income advantage is now Even
2022-10-26 13:21:32.534 | 02:05   13ms    0M   68G  21/ 23U [ActUnit] SCV from COMMANDCENTER at (36.5, 31.5)
2022-10-26 13:21:32.712 | 02:06   13ms    5M   68G  22/ 23U [GameAnalyzer] Income advantage is now SlightDisadvantage
2022-10-26 13:21:32.758 | 02:06   17ms   15M   72G  22/ 23U [GameAnalyzer] Income advantage is now Even
2022-10-26 13:21:32.914 | 02:07   13ms   15M   72G  22/ 23U [GameAnalyzer] Income advantage is now SlightDisadvantage
2022-10-26 13:21:32.945 | 02:07   15ms   15M   72G  22/ 23U [GameAnalyzer] Income advantage is now Even
2022-10-26 13:21:34.375 | 02:15   12ms  135M   96G  22/ 23U [GameAnalyzer] Income advantage is now SlightDisadvantage
2022-10-26 13:21:34.411 | 02:15   14ms  145M   96G  22/ 23U [GameAnalyzer] Income advantage is now Even
2022-10-26 13:21:34.773 | 02:17   13ms   20M    0G  22/ 23U [GameAnalyzer] Income advantage is now SlightDisadvantage
2022-10-26 13:21:34.814 | 02:17   21ms   30M    0G  22/ 23U [GameAnalyzer] Income advantage is now Even
2022-10-26 13:21:35.125 | 02:19   13ms    0M    4G  22/ 23U [ActUnit] SCV from COMMANDCENTER at (36.5, 31.5)
2022-10-26 13:21:35.658 | 02:22   13ms   60M   12G  23/ 23U [GameAnalyzer] Income advantage is now SlightDisadvantage
2022-10-26 13:21:35.691 | 02:22   14ms   65M   12G  23/ 23U [GameAnalyzer] Income advantage is now Even
2022-10-26 13:21:35.756 | 02:22   12ms    0M   16G  23/ 23U [BuildGas] Building REFINERY to (39.5, 24.5)
2022-10-26 13:21:36.033 | 02:24   15ms   10M   20G  23/ 23U [GameAnalyzer] Income advantage is now SlightDisadvantage
2022-10-26 13:21:36.069 | 02:24   14ms   10M   20G  23/ 23U [GameAnalyzer] Income advantage is now Even
2022-10-26 13:21:36.271 | 02:25   25ms   20M   20G  23/ 23U [GameAnalyzer] Income advantage is now SlightDisadvantage
2022-10-26 13:21:36.408 | 02:25   21ms   35M   24G  23/ 23U [GameAnalyzer] Income advantage is now Even
2022-10-26 13:21:36.446 | 02:25   20ms   35M   24G  23/ 23U [GameAnalyzer] Income advantage is now SlightDisadvantage
2022-10-26 13:21:36.481 | 02:26   17ms   40M   24G  23/ 23U [GameAnalyzer] Income advantage is now Even
2022-10-26 13:21:36.522 | 02:26   14ms   40M   24G  23/ 23U [GameAnalyzer] Income advantage is now SlightDisadvantage
2022-10-26 13:21:36.623 | 02:26   16ms   45M   24G  23/ 23U [GameAnalyzer] Income advantage is now Even
2022-10-26 13:21:37.158 | 02:29   14ms  105M   32G  23/ 31U [GameAnalyzer] Income advantage is now SlightDisadvantage
2022-10-26 13:21:37.225 | 02:30   13ms  110M   32G  23/ 31U [GameAnalyzer] Income advantage is now Even
2022-10-26 13:21:37.328 | 02:30   12ms  115M   36G  23/ 31U [GameAnalyzer] Income advantage is now SlightDisadvantage
2022-10-26 13:21:37.394 | 02:30   13ms  120M   36G  23/ 31U [GameAnalyzer] Income advantage is now Even
2022-10-26 13:21:37.552 | 02:31   13ms   80M   40G  23/ 31U [ActUnit] SCV from COMMANDCENTER at (36.5, 31.5)
2022-10-26 13:21:37.856 | 02:32   15ms   45M   40G  24/ 31U [TerranUnit] MARINE from BARRACKS at (39.5, 37.5)
2022-10-26 13:21:37.932 | 02:33   13ms    0M   44G  25/ 31U [TerranUnit] MARINE from BARRACKS at (39.5, 37.5)
2022-10-26 13:21:38.094 | 02:34   12ms   15M   44G  26/ 31U [GameAnalyzer] Income advantage is now SlightDisadvantage
2022-10-26 13:21:38.131 | 02:34   14ms   15M   44G  26/ 31U [GameAnalyzer] Income advantage is now Even
2022-10-26 13:21:38.323 | 02:34   12ms   25M   48G  26/ 31U [GameAnalyzer] Income advantage is now SlightDisadvantage
2022-10-26 13:21:38.390 | 02:35   13ms   50M   48G  26/ 31U [GameAnalyzer] Income advantage is now Even
2022-10-26 13:21:38.875 | INFO     | sc2.protocol:_execute:72 - Client status changed to Status.ended (was Status.in_game)
2022-10-26 13:21:38.878 | Result: Defeat
2022-10-26 13:21:38.879 | Duration: 02:37
2022-10-26 13:21:38.880 | Step time min: 6
2022-10-26 13:21:38.881 | Step time avg: 11
2022-10-26 13:21:38.882 | Step time max: 125
2022-10-26 13:21:38.883 | [LostUnitsContents] My lost units minerals and gas: (0, 0)
2022-10-26 13:21:38.884 | [LostUnitsContents] My lost units minerals by score: 0.0
2022-10-26 13:21:38.884 | [LostUnitsContents] Enemy lost units minerals and gas: (0, 0)
2022-10-26 13:21:38.885 | [LostUnitsContents] Enemy lost units minerals by score: 0.0
2022-10-26 13:21:38.886 | [GameAnalyzerEnd] Own units:
2022-10-26 13:21:38.887 | [GameAnalyzerEnd] SCV               total:  22 alive:  22 dead:   0 
2022-10-26 13:21:38.887 | [GameAnalyzerEnd] SUPPLYDEPOT       total:   2 alive:   2 dead:   0 
2022-10-26 13:21:38.888 | [GameAnalyzerEnd] REFINERY          total:   2 alive:   2 dead:   0 
2022-10-26 13:21:38.890 | [GameAnalyzerEnd] BARRACKS          total:   2 alive:   2 dead:   0 
2022-10-26 13:21:38.891 | [GameAnalyzerEnd] REACTOR           total:   1 alive:   1 dead:   0 
2022-10-26 13:21:38.892 | [GameAnalyzerEnd] ORBITALCOMMAND    total:   1 alive:   1 dead:   0 
2022-10-26 13:21:38.893 | [GameAnalyzerEnd] MULE              total:   1 alive:   1 dead:   0 
2022-10-26 13:21:38.893 | [GameAnalyzerEnd] REAPER            total:   1 alive:   1 dead:   0 
2022-10-26 13:21:38.894 | [GameAnalyzerEnd] COMMANDCENTER     total:   1 alive:   1 dead:   0 
2022-10-26 13:21:38.895 | [GameAnalyzerEnd] FACTORY           total:   1 alive:   1 dead:   0 
2022-10-26 13:21:38.895 | [GameAnalyzerEnd] Enemy units:
2022-10-26 13:21:38.896 | [GameAnalyzerEnd] DRONE             total:  18 alive:  18 dead:   0 
2022-10-26 13:21:38.897 | [GameAnalyzerEnd] HATCHERY          total:   2 alive:   2 dead:   0 
2022-10-26 13:21:38.898 | [GameAnalyzerEnd] OVERLORD          total:   2 alive:   2 dead:   0 
2022-10-26 13:21:38.899 | [GameAnalyzerEnd] SPAWNINGPOOL      total:   1 alive:   1 dead:   0 
2022-10-26 13:21:38.899 | [GameAnalyzerEnd] EXTRACTOR         total:   1 alive:   1 dead:   0 
2022-10-26 13:21:38.900 | [GameAnalyzerEnd] Minerals max 585 Average 171
2022-10-26 13:21:38.901 | [GameAnalyzerEnd] Vespene max 96 Average 27
2022-10-26 13:21:38.902 | INFO     | sc2.main:_play_game:228 - Result for player 1 - Bot Turtles(Terran): Defeat
2022-10-26 13:21:40.099 | INFO     | sc2.protocol:__request:48 - Cannot receive: Game has already ended.
2022-10-26 13:21:40.101 | INFO     | sc2.sc2process:_close_connection:231 - Closing connection at 52920...
2022-10-26 13:21:40.103 | INFO     | sc2.sc2process:kill_all:33 - kill_switch: Process cleanup for 1 processes
