2022-10-26 13:45:49.697 | INFO     | sc2.protocol:_execute:72 - Client status changed to Status.launched (was None)
2022-10-26 13:45:49.698 | INFO     | sc2.controller:create_game:37 - Creating new game
2022-10-26 13:45:49.700 | INFO     | sc2.controller:create_game:38 - Map:     JagannathaAIE
2022-10-26 13:45:49.701 | INFO     | sc2.controller:create_game:39 - Players: Bot Turtles(Terran), Computer VeryHard(Random, RandomBuild)
2022-10-26 13:45:49.704 | INFO     | sc2.protocol:_execute:72 - Client status changed to Status.init_game (was Status.launched)
2022-10-26 13:45:59.152 | INFO     | sc2.protocol:_execute:72 - Client status changed to Status.in_game (was None)
2022-10-26 13:45:59.154 | INFO     | sc2.main:_play_game:221 - Player 1 - Bot Turtles(Terran)
2022-10-26 13:45:59.754 | 00:00    0ms    0M    0G  12/ 15U [Version] 5.0.10.88500
2022-10-26 13:45:59.755 | 00:00    0ms    0M    0G  12/ 15U [Version] 5.0.6 Balance mod recognized.
2022-10-26 13:45:59.829 | 00:00    0ms    0M    0G  12/ 15U [ZoneManager] Map set to: MapName.Jagannatha from name: Jagannatha AIE and hash: 3355197.
2022-10-26 13:46:00.535 | [Start] My race: Terran
2022-10-26 13:46:00.536 | [Start] Opponent race: Random
2022-10-26 13:46:00.537 | [Start] OpponentId: None
2022-10-26 13:46:00.746 | 00:00    8ms    0M    0G  13/ 15U [GameAnalyzer] Income advantage is now SlightDisadvantage
2022-10-26 13:46:00.832 | 00:01    7ms    0M    0G  13/ 15U [GameAnalyzer] Income advantage is now Even
2022-10-26 13:46:01.368 | 00:05    6ms   40M    0G  13/ 15U [GameAnalyzer] Income advantage is now SlightDisadvantage
2022-10-26 13:46:01.392 | 00:06    9ms   40M    0G  13/ 15U [GameAnalyzer] Income advantage is now Even
2022-10-26 13:46:01.743 | 00:09    6ms   80M    0G  13/ 15U [GameAnalyzer] Income advantage is now SlightDisadvantage
2022-10-26 13:46:01.784 | 00:09    7ms   90M    0G  13/ 15U [GameAnalyzer] Income advantage is now Even
2022-10-26 13:46:02.130 | 00:13    8ms   20M    0G  13/ 15U [GameAnalyzer] Income advantage is now SlightDisadvantage
2022-10-26 13:46:02.147 | 00:13    7ms   25M    0G  13/ 15U [GameAnalyzer] Income advantage is now Even
2022-10-26 13:46:02.333 | 00:14    7ms    5M    0G  13/ 15U [ActUnit] SCV from COMMANDCENTER at (126.5, 151.5)
2022-10-26 13:46:03.780 | 00:26    9ms  110M    0G  14/ 15U [ActUnit] SCV from COMMANDCENTER at (126.5, 151.5)
2022-10-26 13:46:04.948 | 00:36    9ms    0M    0G  15/ 23U [BuildGas] Building REFINERY to (133.5, 148.5)
2022-10-26 13:46:05.528 | 00:41    8ms    0M    0G  15/ 23U [ActUnit] SCV from COMMANDCENTER at (126.5, 151.5)
2022-10-26 13:46:07.249 | 00:53   10ms  105M    0G  16/ 23U [ActUnit] SCV from COMMANDCENTER at (126.5, 151.5)
2022-10-26 13:46:08.461 | 01:02    8ms  200M    0G  17/ 23U [GameAnalyzer] Income advantage is now SlightDisadvantage
2022-10-26 13:46:08.487 | 01:02    9ms  210M    0G  17/ 23U [GameAnalyzer] Income advantage is now Even
2022-10-26 13:46:08.937 | 01:05    9ms  180M    8G  17/ 23U [ActUnit] SCV from COMMANDCENTER at (126.5, 151.5)
2022-10-26 13:46:10.471 | 01:14   22ms  285M   28G  18/ 23U [GameAnalyzer] Income advantage is now SmallAdvantage
2022-10-26 13:46:10.577 | 01:14   19ms  290M   32G  18/ 23U [GameAnalyzer] Income advantage is now SlightAdvantage
2022-10-26 13:46:10.622 | 01:14   24ms  290M   32G  18/ 23U [GameAnalyzer] Income advantage is now SmallAdvantage
2022-10-26 13:46:10.679 | 01:14   21ms  290M   32G  18/ 23U [GameAnalyzer] Income advantage is now SlightAdvantage
2022-10-26 13:46:10.798 | 01:15   47ms  300M   32G  18/ 23U [GameAnalyzer] Income advantage is now Even
2022-10-26 13:46:11.219 | 01:17   11ms  280M   40G  18/ 23U [ActUnit] SCV from COMMANDCENTER at (126.5, 151.5)
2022-10-26 13:46:11.795 | 01:21    9ms  340M   48G  19/ 23U [GameAnalyzer] Income advantage is now SlightDisadvantage
2022-10-26 13:46:11.849 | 01:22   11ms  340M   52G  19/ 23U [GameAnalyzer] Income advantage is now Even
2022-10-26 13:46:11.962 | 01:22   10ms  345M   52G  19/ 23U [GameAnalyzer] Income advantage is now SlightDisadvantage
2022-10-26 13:46:11.965 | 01:22   10ms  145M    2G  19/ 23U [TerranUnit] REAPER from BARRACKS at (121.5, 144.5)
2022-10-26 13:46:11.990 | 01:23   13ms  300M    2G  20/ 23U [GameAnalyzer] Income advantage is now Even
2022-10-26 13:46:12.130 | 01:23   11ms  310M    6G  20/ 23U [GameAnalyzer] Income advantage is now SlightDisadvantage
2022-10-26 13:46:12.157 | 01:24   11ms  315M    6G  20/ 23U [GameAnalyzer] Income advantage is now Even
2022-10-26 13:46:12.213 | 01:24   10ms  315M    6G  20/ 23U [GameAnalyzer] Income advantage is now SlightDisadvantage
2022-10-26 13:46:12.268 | 01:24   11ms  325M   10G  20/ 23U [GameAnalyzer] Income advantage is now Even
2022-10-26 13:46:12.353 | 01:25   11ms  335M   10G  20/ 23U [GameAnalyzer] Income advantage is now SlightDisadvantage
2022-10-26 13:46:12.378 | 01:25   11ms  335M   10G  20/ 23U [GameAnalyzer] Income advantage is now Even
2022-10-26 13:46:12.437 | 01:25   12ms  345M   10G  20/ 23U [GameAnalyzer] Income advantage is now SlightDisadvantage
2022-10-26 13:46:12.468 | 01:26   11ms  350M   10G  20/ 23U [GameAnalyzer] Income advantage is now Even
2022-10-26 13:46:12.580 | 01:26   10ms  355M   14G  20/ 23U [GameAnalyzer] Income advantage is now SlightDisadvantage
2022-10-26 13:46:12.606 | 01:26   13ms  360M   14G  20/ 23U [GameAnalyzer] Income advantage is now Even
2022-10-26 13:46:12.693 | 01:27   12ms  360M   14G  20/ 23U [GameAnalyzer] Income advantage is now SlightDisadvantage
2022-10-26 13:46:12.720 | 01:27   12ms  365M   14G  20/ 23U [GameAnalyzer] Income advantage is now Even
2022-10-26 13:46:12.822 | 01:28   10ms  370M   18G  20/ 23U [GameAnalyzer] Income advantage is now SlightDisadvantage
2022-10-26 13:46:12.848 | 01:28   11ms  375M   18G  20/ 23U [GameAnalyzer] Income advantage is now Even
2022-10-26 13:46:13.028 | 01:29   10ms  385M   22G  20/ 23U [GameAnalyzer] Income advantage is now SlightDisadvantage
2022-10-26 13:46:13.082 | 01:29   11ms  400M   22G  20/ 23U [GameAnalyzer] Income advantage is now Even
2022-10-26 13:46:13.173 | 01:30   10ms  250M   22G  20/ 23U [GameAnalyzer] Income advantage is now SlightDisadvantage
2022-10-26 13:46:13.255 | 01:30   10ms  260M   26G  20/ 23U [GameAnalyzer] Income advantage is now Even
2022-10-26 13:46:13.366 | 01:31   10ms  265M   26G  20/ 23U [GameAnalyzer] Income advantage is now SlightDisadvantage
2022-10-26 13:46:13.424 | 01:31   11ms  275M   26G  20/ 23U [GameAnalyzer] Income advantage is now Even
2022-10-26 13:46:13.545 | 01:32   10ms  285M   30G  20/ 23U [GameAnalyzer] Income advantage is now SlightDisadvantage
2022-10-26 13:46:13.637 | 01:33   12ms  295M   30G  20/ 23U [GameAnalyzer] Income advantage is now Even
2022-10-26 13:46:13.879 | 01:34   10ms  310M   34G  20/ 23U [GameAnalyzer] Income advantage is now SlightDisadvantage
2022-10-26 13:46:13.911 | 01:34   12ms  320M   34G  20/ 23U [GameAnalyzer] Income advantage is now Even
2022-10-26 13:46:14.164 | 01:36   11ms  335M   38G  20/ 23U [GameAnalyzer] Income advantage is now SlightDisadvantage
2022-10-26 13:46:14.194 | 01:36   15ms  345M   42G  20/ 23U [GameAnalyzer] Income advantage is now Even
2022-10-26 13:46:14.619 | 01:39   12ms  385M   46G  20/ 23U [GameAnalyzer] Income advantage is now SlightDisadvantage
2022-10-26 13:46:14.675 | 01:39   11ms  395M   50G  20/ 23U [GameAnalyzer] Income advantage is now Even
2022-10-26 13:46:14.838 | 01:40   11ms  400M   50G  20/ 23U [GameAnalyzer] Income advantage is now SlightDisadvantage
2022-10-26 13:46:14.862 | 01:40   14ms  400M   50G  20/ 23U [GameAnalyzer] Income advantage is now Even
2022-10-26 13:46:14.948 | 01:41   13ms  415M   54G  20/ 23U [GameAnalyzer] Income advantage is now SlightDisadvantage
2022-10-26 13:46:15.008 | 01:41   11ms  430M   54G  20/ 23U [GameAnalyzer] Income advantage is now Even
2022-10-26 13:46:15.152 | 01:42   11ms  430M   58G  20/ 23U [GameAnalyzer] Income advantage is now SlightDisadvantage
2022-10-26 13:46:15.211 | 01:43   13ms  440M   58G  20/ 23U [GameAnalyzer] Income advantage is now Even
2022-10-26 13:46:15.412 | 01:44   11ms  460M   62G  20/ 23U [GameAnalyzer] Income advantage is now SlightDisadvantage
2022-10-26 13:46:15.439 | 01:44   11ms  460M   62G  20/ 23U [GameAnalyzer] Income advantage is now Even
2022-10-26 13:46:15.759 | 01:46   13ms  495M   66G  20/ 23U [GameAnalyzer] Income advantage is now SlightDisadvantage
2022-10-26 13:46:15.788 | 01:46   11ms  495M   66G  20/ 23U [GameAnalyzer] Income advantage is now Even
2022-10-26 13:46:15.986 | 01:47   11ms  515M   70G  20/ 23U [GameAnalyzer] Income advantage is now SlightDisadvantage
2022-10-26 13:46:16.073 | 01:48   11ms  535M   70G  20/ 23U [GameAnalyzer] Income advantage is now Even
2022-10-26 13:46:16.219 | 01:49   12ms  535M   74G  20/ 23U [GameAnalyzer] Income advantage is now SlightDisadvantage
2022-10-26 13:46:16.277 | 01:49   13ms  540M   74G  20/ 23U [GameAnalyzer] Income advantage is now Even
2022-10-26 13:46:16.568 | 01:51   11ms  570M   78G  20/ 23U [GameAnalyzer] Income advantage is now SlightDisadvantage
2022-10-26 13:46:16.600 | 01:51   12ms  570M   82G  20/ 23U [GameAnalyzer] Income advantage is now Even
2022-10-26 13:46:16.771 | 01:52   11ms  590M   82G  20/ 23U [GameAnalyzer] Income advantage is now SlightDisadvantage
2022-10-26 13:46:16.798 | 01:52   14ms  595M   82G  20/ 23U [GameAnalyzer] Income advantage is now Even
2022-10-26 13:46:16.831 | 01:52   12ms  595M   86G  20/ 23U [GameAnalyzer] Income advantage is now SlightDisadvantage
2022-10-26 13:46:16.859 | 01:53   12ms  600M   86G  20/ 23U [GameAnalyzer] Income advantage is now Even
2022-10-26 13:46:16.891 | 01:53   13ms  610M   86G  20/ 23U [Expand] Expanding to (98.5, 151.5)
2022-10-26 13:46:17.030 | 01:54   10ms  215M   86G  20/ 23U [GameAnalyzer] Income advantage is now SlightDisadvantage
2022-10-26 13:46:17.086 | 01:54   11ms  225M   90G  20/ 23U [GameAnalyzer] Income advantage is now Even
2022-10-26 13:46:17.187 | 01:55   11ms  230M   90G  20/ 23U [GameAnalyzer] Known army advantage is now SlightAdvantage
2022-10-26 13:46:17.189 | 01:55   11ms  230M   90G  20/ 23U [GameAnalyzer] Predicted army advantage is now SlightAdvantage
2022-10-26 13:46:17.191 | 01:55   11ms  180M   90G  20/ 23U [ActUnit] SCV from COMMANDCENTER at (126.5, 151.5)
2022-10-26 13:46:17.193 | 01:55   11ms  180M   90G  20/ 23U [BuildAddon] UnitTypeId.BARRACKSREACTOR to (124.0, 144.0)
2022-10-26 13:46:17.313 | 01:55   16ms  135M   40G  21/ 23U [GameAnalyzer] Income advantage is now SlightDisadvantage
2022-10-26 13:46:17.385 | 01:55   14ms  135M   44G  21/ 23U [GameAnalyzer] Income advantage is now Even
2022-10-26 13:46:17.592 | 01:56   15ms   10M   44G  21/ 23U [GameAnalyzer] Income advantage is now SlightDisadvantage
2022-10-26 13:46:17.630 | 01:56   18ms   15M   44G  21/ 23U [GameAnalyzer] Income advantage is now Even
2022-10-26 13:46:17.698 | 01:57   14ms   15M   48G  21/ 23U [GameAnalyzer] Income advantage is now SlightDisadvantage
2022-10-26 13:46:17.873 | 01:58   14ms   30M   48G  21/ 23U [GameAnalyzer] Income advantage is now Even
2022-10-26 13:46:17.983 | 01:58   14ms   35M   52G  21/ 23U [GameAnalyzer] Income advantage is now SlightDisadvantage
2022-10-26 13:46:18.079 | 01:59   14ms   45M   52G  21/ 23U [GameAnalyzer] Income advantage is now Even
2022-10-26 13:46:18.149 | 01:59   17ms   45M   52G  21/ 23U [GameAnalyzer] Income advantage is now SlightDisadvantage
2022-10-26 13:46:18.186 | 01:59   16ms   45M   52G  21/ 23U [GameAnalyzer] Income advantage is now Even
2022-10-26 13:46:18.402 | 02:00   14ms   60M   56G  21/ 23U [GameAnalyzer] Income advantage is now SlightDisadvantage
2022-10-26 13:46:18.500 | 02:01   14ms   70M   56G  21/ 23U [GameAnalyzer] Income advantage is now Even
2022-10-26 13:46:18.901 | 02:03   15ms  130M   64G  21/ 23U [GameAnalyzer] Income advantage is now SlightAdvantage
2022-10-26 13:46:18.932 | 02:03   16ms   30M   64G  21/ 23U [GameAnalyzer] Income advantage is now Even
2022-10-26 13:46:19.159 | 02:04   13ms   45M   68G  21/ 23U [GameAnalyzer] Income advantage is now SlightAdvantage
2022-10-26 13:46:19.188 | 02:05   16ms   45M   68G  21/ 23U [GameAnalyzer] Income advantage is now Even
2022-10-26 13:46:19.573 | 02:07   15ms   25M   72G  21/ 23U [ActUnit] SCV from COMMANDCENTER at (126.5, 151.5)
2022-10-26 13:46:19.706 | 02:07   13ms   35M   76G  22/ 23U [GameAnalyzer] Income advantage is now SlightAdvantage
2022-10-26 13:46:19.806 | 02:08   14ms   40M   76G  22/ 23U [GameAnalyzer] Income advantage is now Even
2022-10-26 13:46:20.097 | 02:10   14ms   85M   80G  22/ 23U [GameAnalyzer] Income advantage is now SlightAdvantage
2022-10-26 13:46:20.135 | 02:10   16ms   85M   80G  22/ 23U [GameAnalyzer] Income advantage is now Even
2022-10-26 13:46:20.328 | 02:11   13ms  105M   84G  22/ 23U [GameAnalyzer] Income advantage is now SlightAdvantage
2022-10-26 13:46:20.395 | 02:11   14ms  110M   84G  22/ 23U [GameAnalyzer] Income advantage is now Even
2022-10-26 13:46:20.726 | 02:13   14ms  135M   92G  22/ 23U [GameAnalyzer] Income advantage is now SlightAdvantage
2022-10-26 13:46:20.793 | 02:13   14ms  135M   92G  22/ 23U [GameAnalyzer] Income advantage is now Even
2022-10-26 13:46:20.950 | 02:14   16ms  150M   92G  22/ 23U [GameAnalyzer] Income advantage is now SlightAdvantage
2022-10-26 13:46:21.020 | 02:15   14ms  150M   96G  22/ 23U [GameAnalyzer] Income advantage is now Even
2022-10-26 13:46:21.565 | 02:17   15ms   70M    4G  22/ 23U [GameAnalyzer] Income advantage is now SlightAdvantage
2022-10-26 13:46:21.601 | 02:18   14ms   70M    4G  22/ 23U [GameAnalyzer] Income advantage is now Even
2022-10-26 13:46:21.670 | 02:18   14ms    0M    4G  22/ 23U [BuildGas] Building REFINERY to (123.5, 158.5)
2022-10-26 13:46:22.248 | 02:21   13ms   30M   12G  22/ 23U [GameAnalyzer] Income advantage is now SlightAdvantage
2022-10-26 13:46:22.282 | 02:21   14ms   30M   12G  22/ 23U [GameAnalyzer] Income advantage is now Even
2022-10-26 13:46:22.573 | 02:22   13ms   20M   12G  22/ 23U [ActUnit] SCV from COMMANDCENTER at (126.5, 151.5)
2022-10-26 13:46:22.919 | 02:24   13ms   50M   16G  23/ 23U [GameAnalyzer] Income advantage is now SlightAdvantage
2022-10-26 13:46:22.959 | 02:24   18ms   50M   20G  23/ 23U [GameAnalyzer] Income advantage is now Even
2022-10-26 13:46:22.993 | 02:25   15ms   50M   20G  23/ 23U [GameAnalyzer] Income advantage is now SlightDisadvantage
2022-10-26 13:46:23.535 | 02:27   14ms   80M   28G  23/ 23U [GameAnalyzer] Income advantage is now Even
2022-10-26 13:46:23.634 | 02:28   15ms   85M   28G  23/ 23U [GameAnalyzer] Income advantage is now SlightDisadvantage
2022-10-26 13:46:23.822 | 02:28   13ms  100M   28G  23/ 23U [GameAnalyzer] Income advantage is now Even
2022-10-26 13:46:23.856 | 02:29   17ms  100M   32G  23/ 23U [GameAnalyzer] Income advantage is now SlightDisadvantage
2022-10-26 13:46:24.033 | 02:30   14ms  135M   32G  23/ 23U [GameAnalyzer] Known army advantage is now SlightDisadvantage
2022-10-26 13:46:24.033 | 02:30   14ms  135M   32G  23/ 23U [GameAnalyzer] Predicted army advantage is now SlightDisadvantage
2022-10-26 13:46:24.210 | 02:30   14ms  155M   36G  23/ 31U [GameAnalyzer] Income advantage is now Even
2022-10-26 13:46:24.214 | 02:30   14ms  105M   36G  23/ 31U [TerranUnit] MARINE from BARRACKS at (121.5, 144.5)
2022-10-26 13:46:24.256 | 02:31   17ms   55M   36G  24/ 31U [TerranUnit] MARINE from BARRACKS at (121.5, 144.5)
2022-10-26 13:46:24.293 | 02:31   19ms   55M   36G  25/ 31U [GameAnalyzer] Income advantage is now SlightDisadvantage
2022-10-26 13:46:24.369 | 02:31   15ms   55M   36G  25/ 31U [GameAnalyzer] Income advantage is now Even
2022-10-26 13:46:24.619 | 02:32   14ms   55M   40G  25/ 31U [GameAnalyzer] Income advantage is now SlightDisadvantage
2022-10-26 13:46:24.655 | 02:32   20ms   65M   40G  25/ 31U [GameAnalyzer] Income advantage is now Even
2022-10-26 13:46:24.862 | 02:33   13ms   75M   40G  25/ 31U [GameAnalyzer] Income advantage is now SlightDisadvantage
2022-10-26 13:46:25.242 | 02:35   16ms   55M   48G  25/ 31U [ActUnit] SCV from COMMANDCENTER at (126.5, 151.5)
2022-10-26 13:46:25.288 | 02:35   16ms   55M   48G  26/ 31U [GameAnalyzer] Predicted army advantage is now OverwhelmingDisadvantage
2022-10-26 13:46:25.977 | 02:38   16ms  110M   56G  26/ 31U [GameAnalyzer] Income advantage is now SmallDisadvantage
2022-10-26 13:46:26.017 | 02:38   17ms  115M   56G  26/ 31U [GameAnalyzer] Income advantage is now SlightDisadvantage
2022-10-26 13:46:26.120 | 02:38   15ms  125M   56G  26/ 31U [GameAnalyzer] Income advantage is now SmallDisadvantage
2022-10-26 13:46:26.230 | 02:39   19ms  140M   56G  26/ 31U [GameAnalyzer] Income advantage is now SlightDisadvantage
2022-10-26 13:46:26.380 | 02:39   15ms  140M   60G  26/ 31U [GameAnalyzer] Income advantage is now SmallDisadvantage
2022-10-26 13:46:26.503 | 02:40   15ms  145M   60G  26/ 31U [GameAnalyzer] Income advantage is now SlightDisadvantage
2022-10-26 13:46:26.540 | 02:40   16ms  145M   60G  26/ 31U [GameAnalyzer] Income advantage is now SmallDisadvantage
2022-10-26 13:46:26.613 | 02:40   15ms  145M   60G  26/ 31U [GameAnalyzer] Income advantage is now SlightDisadvantage
2022-10-26 13:46:27.304 | 02:43   15ms  210M   68G  26/ 31U [BuildAddon] UnitTypeId.BARRACKSTECHLAB to (133.0, 159.0)
2022-10-26 13:46:27.387 | 02:44   17ms  160M   47G  26/ 31U [GameAnalyzer] Income advantage is now SmallDisadvantage
2022-10-26 13:46:27.427 | 02:44   17ms  170M   47G  26/ 31U [GameAnalyzer] Income advantage is now SlightDisadvantage
2022-10-26 13:46:28.034 | 02:47   14ms  200M   59G  26/ 31U [GameAnalyzer] Income advantage is now Even
2022-10-26 13:46:28.036 | 02:47   14ms  150M   59G  26/ 31U [ActUnit] SCV from COMMANDCENTER at (126.5, 151.5)
2022-10-26 13:46:28.074 | 02:47   20ms  150M   59G  27/ 31U [GameAnalyzer] Income advantage is now SlightDisadvantage
2022-10-26 13:46:28.376 | 02:48   14ms  145M   63G  27/ 31U [TerranUnit] MARINE from BARRACKS at (121.5, 144.5)
2022-10-26 13:46:28.428 | 02:48   17ms  150M   67G  27/ 31U [GameAnalyzer] Known army advantage is now Even
2022-10-26 13:46:28.430 | 02:48   17ms  100M   67G  27/ 31U [TerranUnit] MARINE from BARRACKS at (121.5, 144.5)
2022-10-26 13:46:28.862 | 02:51   15ms  120M   75G  28/ 31U [GameAnalyzer] Income advantage is now Even
2022-10-26 13:46:28.893 | 02:51   15ms  120M   75G  28/ 31U [GameAnalyzer] Income advantage is now SlightDisadvantage
2022-10-26 13:46:28.967 | 02:51   14ms  120M   75G  28/ 31U [GameAnalyzer] Income advantage is now SmallDisadvantage
2022-10-26 13:46:29.006 | 02:51   14ms  130M   79G  28/ 31U [GameAnalyzer] Income advantage is now SlightDisadvantage
2022-10-26 13:46:29.071 | 02:52   14ms  145M   79G  28/ 31U [GameAnalyzer] Income advantage is now Even
2022-10-26 13:46:29.101 | 02:52   14ms  145M   83G  28/ 31U [GameAnalyzer] Income advantage is now SlightDisadvantage
2022-10-26 13:46:29.235 | 02:53   13ms  150M   87G  28/ 31U [GameAnalyzer] Income advantage is now Even
2022-10-26 13:46:29.298 | 02:53   13ms  155M   91G  28/ 31U [GameAnalyzer] Income advantage is now SlightDisadvantage
2022-10-26 13:46:29.494 | 02:54   13ms  180M   95G  28/ 31U [GameAnalyzer] Income advantage is now Even
2022-10-26 13:46:29.535 | 02:54   15ms  180M   99G  28/ 31U [GameAnalyzer] Income advantage is now SlightDisadvantage
2022-10-26 13:46:29.692 | 02:55   13ms  205M   99G  28/ 31U [GameAnalyzer] Income advantage is now Even
2022-10-26 13:46:29.763 | 02:55   16ms  210M   99G  28/ 31U [GameAnalyzer] Income advantage is now SlightDisadvantage
2022-10-26 13:46:29.830 | 02:56   13ms  210M  107G  28/ 31U [GameAnalyzer] Income advantage is now SmallDisadvantage
2022-10-26 13:46:29.865 | 02:56   15ms  220M  107G  28/ 31U [GameAnalyzer] Income advantage is now SlightDisadvantage
2022-10-26 13:46:30.380 | 02:59   12ms  220M  123G  28/ 31U [ActUnit] SCV from COMMANDCENTER at (126.5, 151.5)
2022-10-26 13:46:30.517 | 03:00   14ms  220M  123G  29/ 31U [GameAnalyzer] Income advantage is now Even
2022-10-26 13:46:30.588 | 03:00   44ms  220M  123G  29/ 31U [GameAnalyzer] Income advantage is now SlightDisadvantage
2022-10-26 13:46:30.685 | 03:00   14ms  230M  131G  29/ 31U [GameAnalyzer] Income advantage is now Even
2022-10-26 13:46:30.756 | 03:01   13ms  260M  131G  29/ 31U [GameAnalyzer] Income advantage is now SlightDisadvantage
2022-10-26 13:46:30.883 | 03:01   17ms  270M  131G  29/ 31U [Tech] Started STIMPACK
2022-10-26 13:46:30.917 | 03:01   17ms  120M   31G  29/ 31U [TerranUnit] MARINE from BARRACKS at (130.5, 159.5)
2022-10-26 13:46:30.951 | 03:01   15ms  125M   31G  30/ 31U [GameAnalyzer] Income advantage is now Even
2022-10-26 13:46:30.985 | 03:02   14ms  125M   39G  30/ 31U [GameAnalyzer] Income advantage is now SlightDisadvantage
2022-10-26 13:46:31.326 | 03:03   13ms  155M   47G  30/ 31U [GameAnalyzer] Income advantage is now Even
2022-10-26 13:46:31.493 | 03:04   15ms  155M   47G  30/ 31U [GameAnalyzer] Income advantage is now SlightDisadvantage
2022-10-26 13:46:31.565 | 03:05   16ms  160M   55G  30/ 31U [GameAnalyzer] Income advantage is now Even
2022-10-26 13:46:31.569 | 03:05   16ms  160M   55G  30/ 31U [BuildAddon] UnitTypeId.FACTORYREACTOR to (119.0, 149.0)
2022-10-26 13:46:31.900 | 03:06   32ms  125M    5G  30/ 31U [GameAnalyzer] Income advantage is now SlightDisadvantage
2022-10-26 13:46:31.983 | 03:06   15ms  135M    9G  30/ 31U [GameAnalyzer] Income advantage is now Even
2022-10-26 13:46:32.020 | 03:06   18ms  140M   13G  30/ 31U [GameAnalyzer] Known army advantage is now SlightAdvantage
2022-10-26 13:46:32.024 | 03:06   18ms   90M   13G  30/ 31U [TerranUnit] MARINE from BARRACKS at (121.5, 144.5)
2022-10-26 13:46:32.169 | 03:07   16ms  120M   13G  31/ 31U [GameAnalyzer] Income advantage is now SlightDisadvantage
2022-10-26 13:46:32.241 | 03:07   17ms  125M   13G  31/ 31U [GameAnalyzer] Income advantage is now Even
2022-10-26 13:46:32.279 | 03:07   16ms  125M   13G  31/ 31U [GameAnalyzer] Income advantage is now SlightDisadvantage
2022-10-26 13:46:32.293 | INFO     | sc2.protocol:_execute:72 - Client status changed to Status.ended (was Status.in_game)
2022-10-26 13:46:32.294 | Result: Defeat
2022-10-26 13:46:32.295 | Duration: 03:07
2022-10-26 13:46:32.296 | Step time min: 5
2022-10-26 13:46:32.298 | Step time avg: 12
2022-10-26 13:46:32.299 | Step time max: 129
2022-10-26 13:46:32.299 | [LostUnitsContents] My lost units minerals and gas: (50, 50)
2022-10-26 13:46:32.300 | [LostUnitsContents] My lost units minerals by score: 50.0
2022-10-26 13:46:32.301 | [LostUnitsContents] Enemy lost units minerals and gas: (100, 0)
2022-10-26 13:46:32.302 | [LostUnitsContents] Enemy lost units minerals by score: 100.0
2022-10-26 13:46:32.303 | [GameAnalyzerEnd] Own units:
2022-10-26 13:46:32.304 | [GameAnalyzerEnd] SCV               total:  22 alive:  22 dead:   0 
2022-10-26 13:46:32.304 | [GameAnalyzerEnd] MARINE            total:   4 alive:   4 dead:   0 
2022-10-26 13:46:32.305 | [GameAnalyzerEnd] BARRACKS          total:   2 alive:   2 dead:   0 
2022-10-26 13:46:32.306 | [GameAnalyzerEnd] REACTOR           total:   2 alive:   2 dead:   0 
2022-10-26 13:46:32.306 | [GameAnalyzerEnd] REFINERY          total:   2 alive:   2 dead:   0 
2022-10-26 13:46:32.307 | [GameAnalyzerEnd] SUPPLYDEPOT       total:   2 alive:   2 dead:   0 
2022-10-26 13:46:32.308 | [GameAnalyzerEnd] TECHLAB           total:   1 alive:   1 dead:   0 
2022-10-26 13:46:32.308 | [GameAnalyzerEnd] FACTORY           total:   1 alive:   1 dead:   0 
2022-10-26 13:46:32.309 | [GameAnalyzerEnd] MULE              total:   1 alive:   1 dead:   0 
2022-10-26 13:46:32.310 | [GameAnalyzerEnd] COMMANDCENTER     total:   1 alive:   1 dead:   0 
2022-10-26 13:46:32.311 | [GameAnalyzerEnd] ORBITALCOMMAND    total:   1 alive:   1 dead:   0 
2022-10-26 13:46:32.311 | [GameAnalyzerEnd] REAPER            total:   1 alive:   0 dead:   1 
2022-10-26 13:46:32.312 | [GameAnalyzerEnd] Enemy units:
2022-10-26 13:46:32.313 | [GameAnalyzerEnd] PROBE             total:  25 alive:  23 dead:   2 
2022-10-26 13:46:32.316 | [GameAnalyzerEnd] PYLON             total:   3 alive:   3 dead:   0 
2022-10-26 13:46:32.316 | [GameAnalyzerEnd] GATEWAY           total:   2 alive:   2 dead:   0 
2022-10-26 13:46:32.317 | [GameAnalyzerEnd] NEXUS             total:   2 alive:   2 dead:   0 
2022-10-26 13:46:32.318 | [GameAnalyzerEnd] ZEALOT            total:   2 alive:   2 dead:   0 
2022-10-26 13:46:32.319 | [GameAnalyzerEnd] ASSIMILATOR       total:   1 alive:   1 dead:   0 
2022-10-26 13:46:32.320 | [GameAnalyzerEnd] CYBERNETICSCORE   total:   1 alive:   1 dead:   0 
2022-10-26 13:46:32.321 | [GameAnalyzerEnd] Minerals max 590 Average 167
2022-10-26 13:46:32.322 | [GameAnalyzerEnd] Vespene max 131 Average 33
2022-10-26 13:46:32.323 | INFO     | sc2.main:_play_game:228 - Result for player 1 - Bot Turtles(Terran): Defeat
2022-10-26 13:46:33.442 | INFO     | sc2.protocol:__request:48 - Cannot receive: Game has already ended.
2022-10-26 13:46:33.445 | INFO     | sc2.sc2process:_close_connection:231 - Closing connection at 60120...
2022-10-26 13:46:33.446 | INFO     | sc2.sc2process:kill_all:33 - kill_switch: Process cleanup for 1 processes
