2022-11-15 11:43:46.561 | INFO     | sc2.protocol:_execute:72 - Client status changed to Status.launched (was None)
2022-11-15 11:43:46.563 | INFO     | sc2.controller:create_game:37 - Creating new game
2022-11-15 11:43:46.564 | INFO     | sc2.controller:create_game:38 - Map:     2000AtmospheresAIE
2022-11-15 11:43:46.565 | INFO     | sc2.controller:create_game:39 - Players: Bot Turtles(Terran), Computer VeryHard(Random, RandomBuild)
2022-11-15 11:43:46.567 | INFO     | sc2.protocol:_execute:72 - Client status changed to Status.init_game (was Status.launched)
2022-11-15 11:43:58.158 | INFO     | sc2.protocol:_execute:72 - Client status changed to Status.in_game (was None)
2022-11-15 11:43:58.160 | INFO     | sc2.main:_play_game:221 - Player 1 - Bot Turtles(Terran)
2022-11-15 11:43:58.914 | 00:00    0ms    0M    0G  12/ 15U [Version] 5.0.10.88500
2022-11-15 11:43:58.915 | 00:00    0ms    0M    0G  12/ 15U [Version] 5.0.6 Balance mod recognized.
2022-11-15 11:43:59.002 | 00:00    0ms    0M    0G  12/ 15U [ZoneManager] Map set to: MapName.Atmospheres2000 from name: 2000 Atmospheres AIE and hash: 3307847.
2022-11-15 11:44:00.006 | [Start] My race: Terran
2022-11-15 11:44:00.008 | [Start] Opponent race: Random
2022-11-15 11:44:00.008 | [Start] OpponentId: None
2022-11-15 11:44:00.212 | 00:00    8ms    0M    0G  13/ 15U [GameAnalyzer] Income advantage is now SlightDisadvantage
2022-11-15 11:44:00.291 | 00:01    9ms    0M    0G  13/ 15U [GameAnalyzer] Income advantage is now Even
2022-11-15 11:44:00.680 | 00:04    8ms   10M    0G  13/ 15U [GameAnalyzer] Income advantage is now SlightDisadvantage
2022-11-15 11:44:00.723 | 00:04    8ms   20M    0G  13/ 15U [GameAnalyzer] Income advantage is now Even
2022-11-15 11:44:01.297 | 00:09    7ms   80M    0G  13/ 15U [GameAnalyzer] Income advantage is now SlightDisadvantage
2022-11-15 11:44:01.318 | 00:09    9ms   85M    0G  13/ 15U [GameAnalyzer] Income advantage is now Even
2022-11-15 11:44:01.444 | 00:10    7ms    5M    0G  13/ 15U [GameAnalyzer] Income advantage is now SlightDisadvantage
2022-11-15 11:44:01.464 | 00:10    9ms    5M    0G  13/ 15U [GameAnalyzer] Income advantage is now Even
2022-11-15 11:44:01.888 | 00:14    7ms   35M    0G  13/ 15U [GameAnalyzer] Income advantage is now SlightDisadvantage
2022-11-15 11:44:01.912 | 00:14    8ms   40M    0G  13/ 15U [GameAnalyzer] Income advantage is now Even
2022-11-15 11:44:01.941 | 00:14   15ms    0M    0G  13/ 15U [ActUnit] SCV from COMMANDCENTER at (166.5, 143.5)
2022-11-15 11:44:02.060 | 00:15    8ms   10M    0G  14/ 15U [GameAnalyzer] Income advantage is now SlightDisadvantage
2022-11-15 11:44:02.088 | 00:15    9ms   20M    0G  14/ 15U [GameAnalyzer] Income advantage is now Even
2022-11-15 11:44:03.781 | 00:26    9ms  100M    0G  14/ 15U [ActUnit] SCV from COMMANDCENTER at (166.5, 143.5)
2022-11-15 11:44:05.217 | 00:36    9ms   15M    0G  15/ 23U [BuildGas] Building REFINERY to (173.5, 140.5)
2022-11-15 11:44:05.314 | 00:37    8ms   15M    0G  15/ 23U [GameAnalyzer] Income advantage is now SlightDisadvantage
2022-11-15 11:44:05.333 | 00:37   11ms   20M    0G  15/ 23U [GameAnalyzer] Income advantage is now Even
2022-11-15 11:44:05.619 | 00:39   12ms    0M    0G  15/ 23U [ActUnit] SCV from COMMANDCENTER at (166.5, 143.5)
2022-11-15 11:44:07.168 | 00:51    8ms   95M    0G  16/ 23U [ActUnit] SCV from COMMANDCENTER at (166.5, 143.5)
2022-11-15 11:44:08.790 | 01:04    8ms  180M    4G  17/ 23U [ActUnit] SCV from COMMANDCENTER at (166.5, 143.5)
2022-11-15 11:44:10.447 | 01:14   20ms  325M   28G  18/ 23U [GameAnalyzer] Income advantage is now SmallAdvantage
2022-11-15 11:44:10.555 | 01:14   25ms  330M   28G  18/ 23U [GameAnalyzer] Income advantage is now SlightAdvantage
2022-11-15 11:44:10.720 | 01:15   25ms  330M   28G  18/ 23U [GameAnalyzer] Income advantage is now Even
2022-11-15 11:44:10.935 | 01:16   13ms  295M   32G  18/ 23U [ActUnit] SCV from COMMANDCENTER at (166.5, 143.5)
2022-11-15 11:44:11.142 | 01:17   11ms  300M   36G  19/ 23U [EnemyArmyPredicter] Predicting negative free minerals for enemy: -165
2022-11-15 11:44:11.925 | 01:21   12ms  365M   48G  19/ 23U [GameAnalyzer] Income advantage is now SlightDisadvantage
2022-11-15 11:44:11.958 | 01:22   15ms  370M   48G  19/ 23U [GameAnalyzer] Income advantage is now Even
2022-11-15 11:44:11.986 | 01:22   12ms  370M   48G  19/ 23U [GameAnalyzer] Income advantage is now SlightDisadvantage
2022-11-15 11:44:12.020 | 01:22   14ms  380M   48G  19/ 23U [GameAnalyzer] Income advantage is now Even
2022-11-15 11:44:12.049 | 01:22   15ms  380M   52G  19/ 23U [GameAnalyzer] Predicted army advantage is now SlightDisadvantage
2022-11-15 11:44:12.114 | 01:23   13ms  180M    2G  19/ 23U [TerranUnit] REAPER from BARRACKS at (158.5, 142.5)
2022-11-15 11:44:12.217 | 01:23   12ms  235M    2G  20/ 23U [GameAnalyzer] Income advantage is now SlightDisadvantage
2022-11-15 11:44:12.303 | 01:24   12ms  255M    6G  20/ 23U [GameAnalyzer] Income advantage is now Even
2022-11-15 11:44:12.337 | 01:24   15ms  255M    6G  20/ 23U [GameAnalyzer] Income advantage is now SlightDisadvantage
2022-11-15 11:44:12.424 | 01:24   14ms  270M    6G  20/ 23U [GameAnalyzer] Income advantage is now Even
2022-11-15 11:44:13.068 | 01:28   14ms  295M   14G  20/ 23U [GameAnalyzer] Income advantage is now SlightDisadvantage
2022-11-15 11:44:13.104 | 01:28   16ms  155M   18G  20/ 23U [GameAnalyzer] Income advantage is now Even
2022-11-15 11:44:13.137 | 01:28   14ms  155M   18G  20/ 23U [GameAnalyzer] Income advantage is now SlightDisadvantage
2022-11-15 11:44:13.181 | 01:28   16ms  165M   18G  20/ 23U [GameAnalyzer] Income advantage is now Even
2022-11-15 11:44:13.361 | 01:29   15ms  180M   18G  20/ 23U [GameAnalyzer] Income advantage is now SlightDisadvantage
2022-11-15 11:44:13.475 | 01:30   14ms  185M   22G  20/ 23U [GameAnalyzer] Income advantage is now Even
2022-11-15 11:44:13.510 | 01:30   18ms  190M   22G  20/ 23U [GameAnalyzer] Income advantage is now SlightDisadvantage
2022-11-15 11:44:13.667 | 01:31   15ms  200M   22G  20/ 23U [GameAnalyzer] Income advantage is now Even
2022-11-15 11:44:13.818 | 01:31   15ms  205M   26G  20/ 23U [GameAnalyzer] Income advantage is now SlightDisadvantage
2022-11-15 11:44:13.867 | 01:32   16ms  210M   26G  20/ 23U [GameAnalyzer] Income advantage is now Even
2022-11-15 11:44:14.049 | 01:33   15ms  215M   30G  20/ 23U [GameAnalyzer] Income advantage is now SlightDisadvantage
2022-11-15 11:44:14.191 | 01:33   13ms  235M   30G  20/ 23U [GameAnalyzer] Income advantage is now Even
2022-11-15 11:44:14.326 | 01:34   15ms  245M   30G  20/ 23U [GameAnalyzer] Income advantage is now SlightDisadvantage
2022-11-15 11:44:14.423 | 01:34   12ms  250M   34G  20/ 23U [GameAnalyzer] Income advantage is now Even
2022-11-15 11:44:14.471 | 01:34   14ms  250M   34G  20/ 23U [GameAnalyzer] Income advantage is now SlightDisadvantage
2022-11-15 11:44:14.603 | 01:35   15ms  265M   34G  20/ 23U [GameAnalyzer] Income advantage is now Even
2022-11-15 11:44:14.728 | 01:36   15ms  270M   38G  20/ 23U [GameAnalyzer] Income advantage is now SlightDisadvantage
2022-11-15 11:44:14.799 | 01:36   14ms  275M   38G  20/ 23U [GameAnalyzer] Income advantage is now Even
2022-11-15 11:44:14.946 | 01:37   13ms  285M   42G  20/ 23U [GameAnalyzer] Income advantage is now SlightDisadvantage
2022-11-15 11:44:15.004 | 01:37   13ms  290M   42G  20/ 23U [GameAnalyzer] Income advantage is now Even
2022-11-15 11:44:15.169 | 01:38   16ms  310M   42G  20/ 23U [GameAnalyzer] Income advantage is now SlightDisadvantage
2022-11-15 11:44:15.235 | 01:39   13ms  320M   46G  20/ 23U [GameAnalyzer] Income advantage is now Even
2022-11-15 11:44:15.325 | 01:39   13ms  325M   46G  20/ 23U [GameAnalyzer] Income advantage is now SlightDisadvantage
2022-11-15 11:44:15.422 | 01:40   12ms  330M   46G  20/ 23U [GameAnalyzer] Income advantage is now Even
2022-11-15 11:44:15.578 | 01:41   14ms  340M   50G  20/ 23U [GameAnalyzer] Income advantage is now SlightDisadvantage
2022-11-15 11:44:15.611 | 01:41   14ms  345M   50G  20/ 23U [GameAnalyzer] Income advantage is now Even
2022-11-15 11:44:15.985 | 01:43   13ms  370M   58G  20/ 23U [GameAnalyzer] Income advantage is now SlightDisadvantage
2022-11-15 11:44:16.094 | 01:43   12ms  390M   58G  20/ 23U [GameAnalyzer] Income advantage is now Even
2022-11-15 11:44:16.222 | 01:44   13ms  400M   58G  20/ 23U [GameAnalyzer] Income advantage is now SlightDisadvantage
2022-11-15 11:44:16.318 | 01:45   13ms  405M   62G  20/ 23U [GameAnalyzer] Income advantage is now Even
2022-11-15 11:44:16.504 | 01:46   14ms  415M   62G  20/ 23U [GameAnalyzer] Income advantage is now SlightDisadvantage
2022-11-15 11:44:16.565 | 01:46   13ms  430M   66G  20/ 23U [GameAnalyzer] Income advantage is now Even
2022-11-15 11:44:16.798 | 01:47   15ms  435M   70G  20/ 23U [GameAnalyzer] Income advantage is now SlightDisadvantage
2022-11-15 11:44:16.893 | 01:48   14ms  450M   70G  20/ 23U [GameAnalyzer] Income advantage is now Even
2022-11-15 11:44:16.931 | 01:48   16ms  450M   70G  20/ 31U [GameAnalyzer] Income advantage is now SlightDisadvantage
2022-11-15 11:44:16.964 | 01:48   15ms  465M   70G  20/ 31U [GameAnalyzer] Income advantage is now Even
2022-11-15 11:44:17.006 | 01:48   15ms  465M   70G  20/ 31U [GameAnalyzer] Income advantage is now SlightDisadvantage
2022-11-15 11:44:17.071 | 01:49   13ms  470M   70G  20/ 31U [GameAnalyzer] Income advantage is now Even
2022-11-15 11:44:17.204 | 01:49   13ms  475M   74G  20/ 31U [GameAnalyzer] Income advantage is now SlightDisadvantage
2022-11-15 11:44:17.232 | 01:50   17ms  480M   74G  20/ 31U [GameAnalyzer] Income advantage is now Even
2022-11-15 11:44:17.420 | 01:51   16ms  495M   78G  20/ 31U [GameAnalyzer] Income advantage is now SlightDisadvantage
2022-11-15 11:44:17.455 | 01:51   14ms  500M   78G  20/ 31U [GameAnalyzer] Income advantage is now Even
2022-11-15 11:44:17.614 | 01:52   16ms  505M   82G  20/ 31U [GameAnalyzer] Income advantage is now SlightDisadvantage
2022-11-15 11:44:17.680 | 01:52   15ms  505M   82G  20/ 31U [GameAnalyzer] Income advantage is now Even
2022-11-15 11:44:17.787 | 01:53   16ms  525M   82G  20/ 31U [GameAnalyzer] Income advantage is now SlightDisadvantage
2022-11-15 11:44:17.853 | 01:53   13ms  480M   82G  20/ 31U [ActUnit] SCV from COMMANDCENTER at (166.5, 143.5)
2022-11-15 11:44:17.933 | 01:53   14ms  485M   86G  21/ 31U [GameAnalyzer] Income advantage is now Even
2022-11-15 11:44:18.087 | 01:54   13ms  495M   86G  21/ 31U [GameAnalyzer] Income advantage is now SlightDisadvantage
2022-11-15 11:44:18.150 | 01:54   16ms  500M   86G  21/ 31U [GameAnalyzer] Income advantage is now Even
2022-11-15 11:44:18.227 | 01:55   13ms  515M   90G  21/ 31U [GameAnalyzer] Known army advantage is now SlightAdvantage
2022-11-15 11:44:18.230 | 01:55   13ms  515M   90G  21/ 31U [BuildAddon] UnitTypeId.BARRACKSREACTOR to (161.0, 142.0)
2022-11-15 11:44:18.295 | 01:55   22ms  465M   40G  21/ 31U [Expand] Expanding to (144.5, 152.5)
2022-11-15 11:44:18.326 | 01:55   18ms   65M   40G  21/ 31U [GameAnalyzer] Income advantage is now SlightDisadvantage
2022-11-15 11:44:18.444 | 01:56   18ms   70M   40G  21/ 31U [GameAnalyzer] Income advantage is now Even
2022-11-15 11:44:18.589 | 01:56   16ms   75M   44G  21/ 31U [GameAnalyzer] Income advantage is now SlightDisadvantage
2022-11-15 11:44:18.621 | 01:56   19ms   80M   44G  21/ 31U [GameAnalyzer] Income advantage is now Even
2022-11-15 11:44:19.085 | 01:58   17ms  105M   48G  21/ 31U [GameAnalyzer] Income advantage is now SlightDisadvantage
2022-11-15 11:44:19.161 | 01:59   22ms  105M   48G  21/ 31U [GameAnalyzer] Income advantage is now Even
2022-11-15 11:44:19.196 | 01:59   18ms  110M   48G  21/ 31U [GameAnalyzer] Income advantage is now SlightDisadvantage
2022-11-15 11:44:19.314 | 01:59   17ms  125M   52G  21/ 31U [GameAnalyzer] Income advantage is now Even
2022-11-15 11:44:19.350 | 02:00   19ms  130M   52G  21/ 31U [GameAnalyzer] Income advantage is now SlightDisadvantage
2022-11-15 11:44:19.399 | 02:00   22ms  130M   52G  21/ 31U [GameAnalyzer] Income advantage is now Even
2022-11-15 11:44:19.571 | 02:01   17ms  135M   56G  21/ 31U [GameAnalyzer] Income advantage is now SlightDisadvantage
2022-11-15 11:44:19.607 | 02:01   19ms  135M   56G  21/ 31U [GameAnalyzer] Income advantage is now Even
2022-11-15 11:44:19.838 | INFO     | sc2.protocol:_execute:72 - Client status changed to Status.ended (was Status.in_game)
2022-11-15 11:44:19.841 | Result: Defeat
2022-11-15 11:44:19.842 | Duration: 02:02
2022-11-15 11:44:19.843 | Step time min: 6
2022-11-15 11:44:19.844 | Step time avg: 12
2022-11-15 11:44:19.845 | Step time max: 138
2022-11-15 11:44:19.846 | [LostUnitsContents] My lost units minerals and gas: (0, 0)
2022-11-15 11:44:19.847 | [LostUnitsContents] My lost units minerals by score: 0.0
2022-11-15 11:44:19.847 | [LostUnitsContents] Enemy lost units minerals and gas: (0, 0)
2022-11-15 11:44:19.848 | [LostUnitsContents] Enemy lost units minerals by score: 0.0
2022-11-15 11:44:19.849 | [GameAnalyzerEnd] Own units:
2022-11-15 11:44:19.849 | [GameAnalyzerEnd] SCV               total:  18 alive:  18 dead:   0 
2022-11-15 11:44:19.850 | [GameAnalyzerEnd] SUPPLYDEPOT       total:   2 alive:   2 dead:   0 
2022-11-15 11:44:19.851 | [GameAnalyzerEnd] REAPER            total:   1 alive:   1 dead:   0 
2022-11-15 11:44:19.851 | [GameAnalyzerEnd] BARRACKS          total:   1 alive:   1 dead:   0 
2022-11-15 11:44:19.852 | [GameAnalyzerEnd] ORBITALCOMMAND    total:   1 alive:   1 dead:   0 
2022-11-15 11:44:19.853 | [GameAnalyzerEnd] REFINERY          total:   1 alive:   1 dead:   0 
2022-11-15 11:44:19.853 | [GameAnalyzerEnd] COMMANDCENTER     total:   1 alive:   1 dead:   0 
2022-11-15 11:44:19.854 | [GameAnalyzerEnd] MULE              total:   1 alive:   1 dead:   0 
2022-11-15 11:44:19.857 | [GameAnalyzerEnd] REACTOR           total:   1 alive:   1 dead:   0 
2022-11-15 11:44:19.857 | [GameAnalyzerEnd] Enemy units:
2022-11-15 11:44:19.858 | [GameAnalyzerEnd] SCV               total:  19 alive:  19 dead:   0 
2022-11-15 11:44:19.859 | [GameAnalyzerEnd] SUPPLYDEPOT       total:   1 alive:   1 dead:   0 
2022-11-15 11:44:19.859 | [GameAnalyzerEnd] COMMANDCENTER     total:   1 alive:   1 dead:   0 
2022-11-15 11:44:19.860 | [GameAnalyzerEnd] BARRACKS          total:   1 alive:   1 dead:   0 
2022-11-15 11:44:19.861 | [GameAnalyzerEnd] REFINERY          total:   1 alive:   1 dead:   0 
2022-11-15 11:44:19.862 | [GameAnalyzerEnd] Minerals max 505 Average 187
2022-11-15 11:44:19.863 | [GameAnalyzerEnd] Vespene max 86 Average 19
2022-11-15 11:44:19.864 | INFO     | sc2.main:_play_game:228 - Result for player 1 - Bot Turtles(Terran): Defeat
2022-11-15 11:44:21.059 | INFO     | sc2.protocol:__request:48 - Cannot receive: Game has already ended.
2022-11-15 11:44:21.062 | INFO     | sc2.sc2process:_close_connection:231 - Closing connection at 57739...
2022-11-15 11:44:21.063 | INFO     | sc2.sc2process:kill_all:33 - kill_switch: Process cleanup for 1 processes
