2022-10-28 10:08:45.634 | INFO     | sc2.protocol:_execute:72 - Client status changed to Status.launched (was None)
2022-10-28 10:08:45.636 | INFO     | sc2.controller:create_game:37 - Creating new game
2022-10-28 10:08:45.637 | INFO     | sc2.controller:create_game:38 - Map:     JagannathaAIE
2022-10-28 10:08:45.638 | INFO     | sc2.controller:create_game:39 - Players: Bot Turtles(Terran), Computer VeryHard(Random, RandomBuild)
2022-10-28 10:08:45.640 | INFO     | sc2.protocol:_execute:72 - Client status changed to Status.init_game (was Status.launched)
2022-10-28 10:08:56.231 | INFO     | sc2.protocol:_execute:72 - Client status changed to Status.in_game (was None)
2022-10-28 10:08:56.234 | INFO     | sc2.main:_play_game:221 - Player 1 - Bot Turtles(Terran)
2022-10-28 10:08:56.803 | 00:00    0ms    0M    0G  12/ 15U [Version] 5.0.10.88500
2022-10-28 10:08:56.805 | 00:00    0ms    0M    0G  12/ 15U [Version] 5.0.6 Balance mod recognized.
2022-10-28 10:08:56.877 | 00:00    0ms    0M    0G  12/ 15U [ZoneManager] Map set to: MapName.Jagannatha from name: Jagannatha AIE and hash: 3355197.
2022-10-28 10:08:57.587 | [Start] My race: Terran
2022-10-28 10:08:57.589 | [Start] Opponent race: Random
2022-10-28 10:08:57.590 | [Start] OpponentId: None
2022-10-28 10:08:57.802 | 00:00    7ms    0M    0G  13/ 15U [GameAnalyzer] Income advantage is now SlightDisadvantage
2022-10-28 10:08:57.883 | 00:01    7ms    0M    0G  13/ 15U [GameAnalyzer] Income advantage is now Even
2022-10-28 10:08:59.355 | 00:15    6ms    0M    0G  13/ 15U [ActUnit] SCV from COMMANDCENTER at (126.5, 151.5)
2022-10-28 10:09:00.787 | 00:27    7ms  105M    0G  14/ 15U [ActUnit] SCV from COMMANDCENTER at (126.5, 151.5)
2022-10-28 10:09:01.264 | 00:30    7ms  145M    0G  15/ 15U [GameAnalyzer] Income advantage is now SlightDisadvantage
2022-10-28 10:09:01.289 | 00:31    9ms  145M    0G  15/ 15U [GameAnalyzer] Income advantage is now Even
2022-10-28 10:09:01.984 | 00:36   12ms  220M    0G  15/ 15U [GameAnalyzer] Income advantage is now SlightDisadvantage
2022-10-28 10:09:02.038 | 00:36   16ms  220M    0G  15/ 15U [GameAnalyzer] Income advantage is now Even
2022-10-28 10:09:02.214 | 00:36   11ms    5M    0G  15/ 23U [BuildGas] Building REFINERY to (133.5, 148.5)
2022-10-28 10:09:02.839 | 00:41    7ms    5M    0G  15/ 23U [ActUnit] SCV from COMMANDCENTER at (126.5, 151.5)
2022-10-28 10:09:04.131 | 00:51   11ms  110M    0G  16/ 23U [GameAnalyzer] Income advantage is now SlightDisadvantage
2022-10-28 10:09:04.152 | 00:51    8ms  120M    0G  16/ 23U [GameAnalyzer] Income advantage is now Even
2022-10-28 10:09:04.474 | 00:53    9ms   90M    0G  16/ 23U [ActUnit] SCV from COMMANDCENTER at (126.5, 151.5)
2022-10-28 10:09:05.423 | 01:00    7ms  190M    0G  17/ 23U [GameAnalyzer] Income advantage is now SlightDisadvantage
2022-10-28 10:09:05.449 | 01:01    8ms  200M    0G  17/ 23U [GameAnalyzer] Income advantage is now Even
2022-10-28 10:09:06.034 | 01:05    7ms  195M    8G  17/ 23U [ActUnit] SCV from COMMANDCENTER at (126.5, 151.5)
2022-10-28 10:09:08.152 | 01:13   20ms  295M   24G  18/ 23U [GameAnalyzer] Income advantage is now SmallAdvantage
2022-10-28 10:09:08.250 | 01:14   19ms  295M   24G  18/ 23U [GameAnalyzer] Income advantage is now SlightAdvantage
2022-10-28 10:09:08.403 | 01:14   20ms  295M   28G  18/ 23U [GameAnalyzer] Income advantage is now Even
2022-10-28 10:09:08.696 | 01:16   19ms  330M   32G  18/ 23U [GameAnalyzer] Income advantage is now SlightAdvantage
2022-10-28 10:09:08.758 | 01:16   26ms  330M   32G  18/ 23U [GameAnalyzer] Income advantage is now Even
2022-10-28 10:09:09.278 | 01:18    9ms  295M   36G  18/ 23U [ActUnit] SCV from COMMANDCENTER at (126.5, 151.5)
2022-10-28 10:09:09.331 | 01:18   11ms  305M   36G  19/ 23U [GameAnalyzer] Income advantage is now SlightAdvantage
2022-10-28 10:09:09.388 | 01:18    9ms  305M   40G  19/ 23U [GameAnalyzer] Income advantage is now Even
2022-10-28 10:09:09.907 | 01:21   10ms  350M   48G  19/ 23U [GameAnalyzer] Income advantage is now SlightDisadvantage
2022-10-28 10:09:09.932 | 01:22   13ms  350M   48G  19/ 23U [GameAnalyzer] Income advantage is now Even
2022-10-28 10:09:09.991 | 01:22   10ms  355M   48G  19/ 23U [GameAnalyzer] Income advantage is now SlightDisadvantage
2022-10-28 10:09:10.021 | 01:22   13ms  360M   48G  19/ 23U [GameAnalyzer] Income advantage is now Even
2022-10-28 10:09:10.139 | 01:23   10ms  165M    2G  19/ 23U [TerranUnit] REAPER from BARRACKS at (121.5, 144.5)
2022-10-28 10:09:10.613 | 01:26   11ms  360M   10G  20/ 23U [GameAnalyzer] Income advantage is now SlightDisadvantage
2022-10-28 10:09:10.641 | 01:26   12ms  365M   10G  20/ 23U [GameAnalyzer] Income advantage is now Even
2022-10-28 10:09:10.807 | 01:27   11ms  375M   14G  20/ 23U [GameAnalyzer] Income advantage is now SlightDisadvantage
2022-10-28 10:09:10.834 | 01:27   12ms  380M   14G  20/ 23U [GameAnalyzer] Income advantage is now Even
2022-10-28 10:09:10.835 | 01:27   12ms  380M   14G  20/ 23U [GameAnalyzer] Predicted army advantage is now SlightDisadvantage
2022-10-28 10:09:10.974 | 01:28   10ms  385M   14G  20/ 23U [GameAnalyzer] Income advantage is now SlightDisadvantage
2022-10-28 10:09:11.034 | 01:29   12ms  395M   18G  20/ 23U [GameAnalyzer] Income advantage is now Even
2022-10-28 10:09:11.187 | 01:30   10ms  405M   18G  20/ 23U [GameAnalyzer] Income advantage is now SlightDisadvantage
2022-10-28 10:09:11.222 | 01:30   13ms  410M   18G  20/ 23U [GameAnalyzer] Income advantage is now Even
2022-10-28 10:09:11.342 | 01:30   11ms  270M   22G  20/ 23U [GameAnalyzer] Income advantage is now SlightDisadvantage
2022-10-28 10:09:11.427 | 01:31   10ms  290M   22G  20/ 23U [GameAnalyzer] Income advantage is now Even
2022-10-28 10:09:11.544 | 01:32   10ms  290M   26G  20/ 23U [GameAnalyzer] Income advantage is now SlightDisadvantage
2022-10-28 10:09:11.600 | 01:32   11ms  295M   26G  20/ 23U [GameAnalyzer] Income advantage is now Even
2022-10-28 10:09:11.825 | 01:33   12ms  310M   30G  20/ 23U [GameAnalyzer] Income advantage is now SlightDisadvantage
2022-10-28 10:09:11.907 | 01:34   10ms  320M   30G  20/ 23U [GameAnalyzer] Income advantage is now Even
2022-10-28 10:09:12.039 | 01:35   10ms  330M   34G  20/ 23U [GameAnalyzer] Income advantage is now SmallDisadvantage
2022-10-28 10:09:14.864 | 01:52   10ms  610M   82G  20/ 23U [Expand] Expanding to (98.5, 151.5)
2022-10-28 10:09:14.898 | 01:53   13ms  615M   82G  20/ 23U [Expand] Expanding to (98.5, 151.5)
2022-10-28 10:09:15.223 | 01:55   10ms  190M   86G  20/ 23U [ActUnit] SCV from COMMANDCENTER at (126.5, 151.5)
2022-10-28 10:09:15.304 | 01:55   10ms  200M   86G  21/ 23U [GameAnalyzer] Known army advantage is now SlightAdvantage
2022-10-28 10:09:15.307 | 01:55   10ms  200M   86G  21/ 23U [BuildAddon] UnitTypeId.BARRACKSREACTOR to (124.0, 144.0)
2022-10-28 10:09:16.455 | 02:01   14ms   75M   52G  21/ 23U [GameAnalyzer] Income advantage is now SlightDisadvantage
2022-10-28 10:09:16.523 | 02:01   16ms   90M   56G  21/ 23U [GameAnalyzer] Income advantage is now Even
2022-10-28 10:09:16.617 | 02:02   16ms   95M   56G  21/ 23U [GameAnalyzer] Income advantage is now SlightDisadvantage
2022-10-28 10:09:16.685 | 02:02   14ms  105M   56G  21/ 23U [GameAnalyzer] Income advantage is now Even
2022-10-28 10:09:16.817 | 02:03   16ms    5M   60G  21/ 23U [GameAnalyzer] Income advantage is now SlightDisadvantage
2022-10-28 10:09:16.881 | 02:03   14ms    5M   60G  21/ 23U [GameAnalyzer] Income advantage is now Even
2022-10-28 10:09:16.916 | 02:03   17ms   30M   60G  21/ 23U [GameAnalyzer] Income advantage is now SlightDisadvantage
2022-10-28 10:09:17.022 | 02:04   16ms   45M   64G  21/ 23U [GameAnalyzer] Income advantage is now Even
2022-10-28 10:09:17.064 | 02:04   15ms   45M   64G  21/ 23U [GameAnalyzer] Income advantage is now SlightDisadvantage
2022-10-28 10:09:17.522 | 02:07   15ms   90M   68G  21/ 23U [GameAnalyzer] Income advantage is now Even
2022-10-28 10:09:17.555 | 02:07   15ms   40M   68G  21/ 23U [ActUnit] SCV from COMMANDCENTER at (126.5, 151.5)
2022-10-28 10:09:17.849 | 02:08   13ms   45M   76G  22/ 23U [GameAnalyzer] Income advantage is now SlightDisadvantage
2022-10-28 10:09:17.915 | 02:09   15ms   55M   76G  22/ 23U [GameAnalyzer] Income advantage is now Even
2022-10-28 10:09:18.024 | 02:09   14ms   60M   76G  22/ 23U [GameAnalyzer] Income advantage is now SlightDisadvantage
2022-10-28 10:09:18.159 | 02:10   14ms   80M   80G  22/ 23U [GameAnalyzer] Income advantage is now Even
2022-10-28 10:09:18.228 | 02:10   17ms  110M   80G  22/ 23U [GameAnalyzer] Income advantage is now SlightDisadvantage
2022-10-28 10:09:18.361 | 02:11   15ms  125M   80G  22/ 23U [GameAnalyzer] Income advantage is now Even
2022-10-28 10:09:18.510 | 02:12   14ms  125M   84G  22/ 23U [GameAnalyzer] Income advantage is now SlightDisadvantage
2022-10-28 10:09:18.577 | 02:12   13ms  130M   84G  22/ 23U [GameAnalyzer] Income advantage is now Even
2022-10-28 10:09:18.862 | 02:14   13ms  140M   88G  22/ 23U [GameAnalyzer] Income advantage is now SlightDisadvantage
2022-10-28 10:09:18.990 | 02:15   14ms  160M   92G  22/ 23U [GameAnalyzer] Income advantage is now Even
2022-10-28 10:09:19.021 | 02:15   18ms  160M   92G  22/ 23U [GameAnalyzer] Income advantage is now SlightDisadvantage
2022-10-28 10:09:19.055 | 02:15   15ms  165M   92G  22/ 23U [GameAnalyzer] Income advantage is now Even
2022-10-28 10:09:19.089 | 02:15   15ms  170M   92G  22/ 23U [GameAnalyzer] Income advantage is now SlightDisadvantage
2022-10-28 10:09:19.156 | 02:15   14ms  175M   92G  22/ 23U [GameAnalyzer] Income advantage is now Even
2022-10-28 10:09:19.254 | 02:16   14ms  185M   96G  22/ 23U [GameAnalyzer] Income advantage is now SlightDisadvantage
2022-10-28 10:09:19.283 | 02:16   15ms  190M   96G  22/ 23U [GameAnalyzer] Income advantage is now Even
2022-10-28 10:09:19.319 | 02:16   16ms  190M   96G  22/ 23U [GameAnalyzer] Income advantage is now SlightDisadvantage
2022-10-28 10:09:19.383 | 02:17   13ms  195M   96G  22/ 23U [GameAnalyzer] Income advantage is now Even
2022-10-28 10:09:19.476 | 02:17   13ms  195M  100G  22/ 23U [GameAnalyzer] Income advantage is now SlightDisadvantage
2022-10-28 10:09:19.537 | 02:18   13ms   70M    0G  22/ 23U [GameAnalyzer] Income advantage is now Even
2022-10-28 10:09:19.573 | 02:18   15ms    0M    0G  22/ 23U [BuildGas] Building REFINERY to (123.5, 158.5)
2022-10-28 10:09:19.635 | 02:18   13ms    0M    0G  22/ 23U [GameAnalyzer] Income advantage is now SlightDisadvantage
2022-10-28 10:09:19.821 | 02:19   13ms   20M    4G  22/ 23U [GameAnalyzer] Income advantage is now Even
2022-10-28 10:09:19.853 | 02:19   15ms   20M    4G  22/ 23U [GameAnalyzer] Income advantage is now SlightDisadvantage
2022-10-28 10:09:20.201 | 02:21   12ms   45M    8G  22/ 23U [GameAnalyzer] Income advantage is now Even
2022-10-28 10:09:20.234 | 02:21   14ms   45M    8G  22/ 23U [GameAnalyzer] Income advantage is now SlightDisadvantage
2022-10-28 10:09:20.358 | 02:22   14ms    0M    8G  22/ 23U [ActUnit] SCV from COMMANDCENTER at (126.5, 151.5)
2022-10-28 10:09:20.392 | 02:22   14ms    0M    8G  23/ 23U [GameAnalyzer] Income advantage is now Even
2022-10-28 10:09:20.423 | 02:23   14ms    0M    8G  23/ 23U [GameAnalyzer] Income advantage is now SlightDisadvantage
2022-10-28 10:09:20.555 | 02:23   14ms    5M   12G  23/ 23U [GameAnalyzer] Income advantage is now Even
2022-10-28 10:09:20.622 | 02:24   13ms   10M   12G  23/ 23U [GameAnalyzer] Income advantage is now SlightDisadvantage
2022-10-28 10:09:20.829 | 02:25   13ms   25M   16G  23/ 23U [GameAnalyzer] Income advantage is now Even
2022-10-28 10:09:20.868 | 02:25   16ms   25M   16G  23/ 23U [GameAnalyzer] Income advantage is now SlightDisadvantage
2022-10-28 10:09:21.010 | 02:26   13ms   40M   20G  23/ 23U [GameAnalyzer] Income advantage is now Even
2022-10-28 10:09:21.044 | 02:26   15ms   65M   20G  23/ 23U [GameAnalyzer] Income advantage is now SlightDisadvantage
2022-10-28 10:09:21.215 | 02:27   13ms   75M   20G  23/ 23U [GameAnalyzer] Income advantage is now Even
2022-10-28 10:09:21.250 | 02:27   16ms   75M   20G  23/ 23U [GameAnalyzer] Income advantage is now SlightDisadvantage
2022-10-28 10:09:21.408 | 02:28   14ms   85M   24G  23/ 23U [GameAnalyzer] Income advantage is now Even
2022-10-28 10:09:21.448 | 02:28   14ms   85M   24G  23/ 23U [GameAnalyzer] Income advantage is now SlightDisadvantage
2022-10-28 10:09:21.790 | 02:30   15ms  110M   28G  23/ 23U [GameAnalyzer] Income advantage is now Even
2022-10-28 10:09:21.792 | 02:30   15ms  110M   28G  23/ 23U [GameAnalyzer] Known army advantage is now Even
2022-10-28 10:09:21.824 | 02:30   18ms  110M   28G  23/ 23U [GameAnalyzer] Income advantage is now SlightDisadvantage
2022-10-28 10:09:21.961 | 02:30   14ms  125M   32G  23/ 31U [GameAnalyzer] Income advantage is now Even
2022-10-28 10:09:22.002 | 02:31   15ms  125M   32G  23/ 31U [GameAnalyzer] Income advantage is now SlightDisadvantage
2022-10-28 10:09:22.036 | 02:31   17ms  125M   32G  23/ 31U [GameAnalyzer] Income advantage is now Even
2022-10-28 10:09:22.039 | 02:31   17ms   75M   32G  23/ 31U [TerranUnit] MARINE from BARRACKS at (121.5, 144.5)
2022-10-28 10:09:22.078 | 02:31   16ms   30M   32G  24/ 31U [TerranUnit] MARINE from BARRACKS at (121.5, 144.5)
2022-10-28 10:09:22.113 | 02:31   15ms   35M   32G  25/ 31U [GameAnalyzer] Income advantage is now SlightDisadvantage
2022-10-28 10:09:22.289 | 02:32   14ms   45M   36G  25/ 31U [GameAnalyzer] Income advantage is now Even
2022-10-28 10:09:22.427 | 02:33   13ms   70M   36G  25/ 31U [GameAnalyzer] Income advantage is now SlightDisadvantage
2022-10-28 10:09:22.529 | 02:33   13ms   80M   40G  25/ 31U [GameAnalyzer] Income advantage is now Even
2022-10-28 10:09:22.710 | 02:34   14ms   95M   40G  25/ 31U [GameAnalyzer] Income advantage is now SlightDisadvantage
2022-10-28 10:09:22.746 | 02:34   16ms   95M   40G  25/ 31U [GameAnalyzer] Income advantage is now Even
2022-10-28 10:09:22.747 | 02:34   16ms   45M   40G  25/ 31U [ActUnit] SCV from COMMANDCENTER at (126.5, 151.5)
2022-10-28 10:09:22.852 | 02:35   14ms   45M   44G  26/ 31U [GameAnalyzer] Known army advantage is now SlightDisadvantage
2022-10-28 10:09:22.897 | 02:35   16ms   45M   44G  26/ 31U [GameAnalyzer] Income advantage is now SlightDisadvantage
2022-10-28 10:09:23.416 | 02:37   16ms   80M   48G  25/ 31U [GameAnalyzer] Income advantage is now Even
2022-10-28 10:09:23.458 | 02:37   17ms   80M   52G  25/ 31U [GameAnalyzer] Income advantage is now SlightDisadvantage
2022-10-28 10:09:23.925 | 02:40   15ms  130M   56G  25/ 31U [GameAnalyzer] Income advantage is now SmallDisadvantage
2022-10-28 10:09:23.963 | 02:40   18ms  140M   56G  25/ 31U [GameAnalyzer] Income advantage is now SlightDisadvantage
2022-10-28 10:09:24.411 | 02:42   14ms  165M   60G  25/ 31U [GameAnalyzer] Income advantage is now Even
2022-10-28 10:09:24.449 | 02:42   16ms  165M   64G  25/ 31U [GameAnalyzer] Income advantage is now SlightDisadvantage
2022-10-28 10:09:24.543 | 02:42   20ms  170M   64G  25/ 31U [BuildAddon] UnitTypeId.BARRACKSTECHLAB to (133.0, 159.0)
2022-10-28 10:09:24.599 | 02:42   19ms  130M   39G  25/ 31U [GameAnalyzer] Income advantage is now Even
2022-10-28 10:09:24.679 | 02:43   18ms  130M   39G  25/ 31U [GameAnalyzer] Income advantage is now SlightDisadvantage
2022-10-28 10:09:24.725 | 02:43   16ms  135M   39G  25/ 31U [GameAnalyzer] Income advantage is now Even
2022-10-28 10:09:24.778 | 02:43   19ms  135M   39G  25/ 31U [GameAnalyzer] Income advantage is now SlightDisadvantage
2022-10-28 10:09:24.992 | 02:44   15ms  145M   43G  25/ 31U [GameAnalyzer] Income advantage is now Even
2022-10-28 10:09:25.119 | 02:45   15ms  150M   43G  25/ 31U [GameAnalyzer] Income advantage is now SlightDisadvantage
2022-10-28 10:09:25.235 | 02:45   14ms  165M   47G  25/ 31U [GameAnalyzer] Income advantage is now Even
2022-10-28 10:09:25.311 | 02:45   14ms  165M   47G  25/ 31U [GameAnalyzer] Income advantage is now SlightDisadvantage
2022-10-28 10:09:25.363 | 02:46   16ms  165M   47G  25/ 31U [GameAnalyzer] Income advantage is now Even
2022-10-28 10:09:25.567 | 02:46   14ms  120M   55G  25/ 31U [ActUnit] SCV from COMMANDCENTER at (126.5, 151.5)
2022-10-28 10:09:25.613 | 02:47   16ms  120M   55G  26/ 31U [GameAnalyzer] Income advantage is now SlightDisadvantage
2022-10-28 10:09:25.684 | 02:47   15ms  155M   55G  26/ 31U [GameAnalyzer] Income advantage is now Even
2022-10-28 10:09:25.772 | 02:47   16ms  165M   59G  26/ 31U [GameAnalyzer] Income advantage is now SlightDisadvantage
2022-10-28 10:09:25.929 | 02:48   14ms  165M   59G  26/ 31U [GameAnalyzer] Income advantage is now Even
2022-10-28 10:09:25.971 | 02:48   16ms  165M   59G  26/ 31U [GameAnalyzer] Income advantage is now SlightDisadvantage
2022-10-28 10:09:26.069 | 02:49   14ms  125M   59G  26/ 31U [TerranUnit] MARINE from BARRACKS at (121.5, 144.5)
2022-10-28 10:09:26.112 | 02:49   16ms  130M   63G  27/ 31U [GameAnalyzer] Known army advantage is now SlightAdvantage
2022-10-28 10:09:26.115 | 02:49   16ms   80M   63G  27/ 31U [TerranUnit] MARINE from BARRACKS at (121.5, 144.5)
2022-10-28 10:09:26.147 | 02:49   19ms   85M   63G  28/ 31U [GameAnalyzer] Income advantage is now Even
2022-10-28 10:09:26.267 | 02:50   16ms   90M   67G  28/ 31U [GameAnalyzer] Income advantage is now SlightDisadvantage
2022-10-28 10:09:26.365 | 02:50   23ms   95M   67G  28/ 31U [GameAnalyzer] Income advantage is now Even
2022-10-28 10:09:26.482 | 02:50   14ms   95M   71G  28/ 31U [GameAnalyzer] Income advantage is now SlightDisadvantage
2022-10-28 10:09:26.853 | 02:52   14ms  125M   83G  28/ 31U [GameAnalyzer] Income advantage is now Even
2022-10-28 10:09:26.892 | 02:52   18ms  125M   83G  28/ 31U [GameAnalyzer] Income advantage is now SlightDisadvantage
2022-10-28 10:09:26.971 | 02:53   15ms  130M   83G  28/ 31U [GameAnalyzer] Income advantage is now Even
2022-10-28 10:09:27.053 | 02:53   14ms  135M   83G  28/ 31U [GameAnalyzer] Income advantage is now SlightDisadvantage
2022-10-28 10:09:27.261 | 02:54   16ms  180M   91G  28/ 31U [GameAnalyzer] Income advantage is now Even
2022-10-28 10:09:27.429 | 02:55   15ms  180M   91G  28/ 31U [GameAnalyzer] Income advantage is now SlightDisadvantage
2022-10-28 10:09:27.466 | 02:55   15ms  180M   95G  28/ 31U [GameAnalyzer] Income advantage is now Even
2022-10-28 10:09:27.603 | 02:55   16ms  185M   99G  28/ 31U [GameAnalyzer] Income advantage is now SlightDisadvantage
2022-10-28 10:09:27.761 | 02:56   16ms  205M   99G  28/ 31U [GameAnalyzer] Income advantage is now Even
2022-10-28 10:09:27.797 | 02:56   17ms  205M   99G  28/ 31U [GameAnalyzer] Income advantage is now SlightDisadvantage
2022-10-28 10:09:27.946 | 02:57   14ms  220M  107G  28/ 31U [GameAnalyzer] Income advantage is now Even
2022-10-28 10:09:28.026 | 02:57   14ms  220M  107G  28/ 31U [GameAnalyzer] Income advantage is now SlightDisadvantage
2022-10-28 10:09:28.374 | 02:59   15ms  250M  115G  28/ 31U [GameAnalyzer] Income advantage is now Even
2022-10-28 10:09:28.375 | 02:59   15ms  200M  115G  28/ 31U [ActUnit] SCV from COMMANDCENTER at (126.5, 151.5)
2022-10-28 10:09:28.530 | 02:59   15ms  200M  123G  29/ 31U [GameAnalyzer] Income advantage is now SlightDisadvantage
2022-10-28 10:09:28.574 | 03:00   16ms  200M  123G  29/ 31U [GameAnalyzer] Income advantage is now Even
2022-10-28 10:09:28.612 | 03:00   19ms  205M  123G  29/ 31U [GameAnalyzer] Income advantage is now SlightDisadvantage
2022-10-28 10:09:28.694 | 03:00   15ms  210M  123G  29/ 31U [Tech] Started STIMPACK
2022-10-28 10:09:28.698 | 03:00   15ms   60M   23G  29/ 31U [TerranUnit] MARINE from BARRACKS at (130.5, 159.5)
2022-10-28 10:09:28.758 | 03:00   23ms   70M   23G  30/ 31U [GameAnalyzer] Income advantage is now Even
2022-10-28 10:09:28.843 | 03:01   14ms   75M   27G  30/ 31U [GameAnalyzer] Income advantage is now SlightDisadvantage
2022-10-28 10:09:28.928 | 03:01   15ms  100M   31G  30/ 31U [GameAnalyzer] Income advantage is now Even
2022-10-28 10:09:29.053 | 03:01   15ms  105M   31G  30/ 31U [GameAnalyzer] Income advantage is now SlightDisadvantage
2022-10-28 10:09:29.137 | 03:02   17ms  115M   31G  30/ 31U [GameAnalyzer] Income advantage is now Even
2022-10-28 10:09:29.198 | 03:02   16ms  115M   31G  30/ 31U [GameAnalyzer] Income advantage is now SlightDisadvantage
2022-10-28 10:09:29.240 | 03:02   16ms  125M   35G  30/ 31U [GameAnalyzer] Income advantage is now Even
2022-10-28 10:09:29.324 | 03:03   15ms  135M   39G  30/ 31U [GameAnalyzer] Income advantage is now SlightDisadvantage
2022-10-28 10:09:29.492 | 03:03   17ms  140M   39G  30/ 31U [GameAnalyzer] Income advantage is now Even
2022-10-28 10:09:29.565 | 03:04   15ms  140M   43G  29/ 31U [GameAnalyzer] Known army advantage is now Even
2022-10-28 10:09:29.668 | 03:04   13ms  140M   47G  29/ 31U [GameAnalyzer] Income advantage is now SlightDisadvantage
2022-10-28 10:09:29.729 | 03:05   14ms  155M   47G  29/ 31U [GameAnalyzer] Income advantage is now Even
2022-10-28 10:09:29.832 | 03:05   14ms  160M   51G  29/ 31U [BuildAddon] UnitTypeId.FACTORYREACTOR to (119.0, 149.0)
2022-10-28 10:09:30.059 | 03:06   13ms  120M    5G  29/ 31U [GameAnalyzer] Income advantage is now SlightDisadvantage
2022-10-28 10:09:30.092 | 03:06   15ms  120M    5G  29/ 31U [GameAnalyzer] Known army advantage is now SlightAdvantage
2022-10-28 10:09:30.095 | 03:06   15ms   70M    5G  29/ 31U [TerranUnit] MARINE from BARRACKS at (121.5, 144.5)
2022-10-28 10:09:30.129 | 03:07   18ms   95M    9G  30/ 31U [GameAnalyzer] Income advantage is now Even
2022-10-28 10:09:30.131 | 03:07   18ms   95M    9G  30/ 31U [GameAnalyzer] Predicted army advantage is now Even
2022-10-28 10:09:30.134 | 03:07   18ms   45M    9G  30/ 31U [TerranUnit] MARINE from BARRACKS at (121.5, 144.5)
2022-10-28 10:09:30.229 | 03:07   14ms   70M   13G  31/ 31U [GameAnalyzer] Income advantage is now SlightDisadvantage
2022-10-28 10:09:30.263 | 03:07   14ms   75M   13G  31/ 31U [GameAnalyzer] Income advantage is now Even
2022-10-28 10:09:30.298 | 03:08   14ms   75M   13G  31/ 31U [GameAnalyzer] Income advantage is now SlightDisadvantage
2022-10-28 10:09:30.334 | 03:08   15ms   75M   13G  31/ 31U [GameAnalyzer] Income advantage is now Even
2022-10-28 10:09:31.287 | 03:13   46ms  145M   41G  31/ 46U [GameAnalyzer] Income advantage is now SlightDisadvantage
2022-10-28 10:09:31.320 | 03:13   17ms  150M   45G  31/ 46U [GameAnalyzer] Income advantage is now Even
2022-10-28 10:09:32.351 | 03:18   17ms  110M   69G  31/ 46U [GameAnalyzer] Income advantage is now SlightDisadvantage
2022-10-28 10:09:32.352 | 03:18   17ms  110M   69G  31/ 46U [GameAnalyzer] Known army advantage is now SmallAdvantage
2022-10-28 10:09:32.353 | 03:18   17ms  110M   69G  31/ 46U [GameAnalyzer] Predicted army advantage is now SlightAdvantage
2022-10-28 10:09:32.355 | 03:18   17ms   60M   69G  31/ 46U [TerranUnit] MARINE from BARRACKS at (130.5, 159.5)
2022-10-28 10:09:32.384 | 03:18   18ms   70M   69G  32/ 46U [GameAnalyzer] Income advantage is now Even
2022-10-28 10:09:33.622 | 03:24   14ms   45M    5G  32/ 46U [GameAnalyzer] Predicted army advantage is now SmallAdvantage
2022-10-28 10:09:33.657 | 03:25   16ms    0M    9G  32/ 46U [TerranUnit] MARINE from BARRACKS at (121.5, 144.5)
2022-10-28 10:09:34.274 | 03:28   14ms    5M   25G  33/ 46U [TerranUnit] MARINE from BARRACKS at (121.5, 144.5)
2022-10-28 10:09:35.358 | 03:33   13ms   30M   57G  34/ 46U [GameAnalyzer] Income advantage is now SlightDisadvantage
2022-10-28 10:09:35.390 | 03:33   16ms   35M   57G  34/ 46U [GameAnalyzer] Income advantage is now Even
2022-10-28 10:09:35.460 | 03:34   14ms   35M   57G  34/ 46U [GameAnalyzer] Income advantage is now SlightDisadvantage
2022-10-28 10:09:35.500 | 03:34   17ms   40M   57G  34/ 46U [GameAnalyzer] Income advantage is now Even
2022-10-28 10:09:35.843 | 03:36   13ms   40M   65G  34/ 46U [TerranUnit] MARINE from BARRACKS at (130.5, 159.5)
2022-10-28 10:09:36.005 | 03:37   15ms   45M   73G  35/ 46U [GameAnalyzer] Income advantage is now SlightDisadvantage
2022-10-28 10:09:36.045 | 03:37   15ms   50M   73G  35/ 46U [GameAnalyzer] Income advantage is now Even
2022-10-28 10:09:36.219 | 03:38   15ms   80M   81G  35/ 46U [GameAnalyzer] Income advantage is now SlightDisadvantage
2022-10-28 10:09:36.220 | 03:38   15ms   30M   81G  35/ 46U [ActUnit] SCV from COMMANDCENTER at (126.5, 151.5)
2022-10-28 10:09:36.273 | 03:38   16ms   35M   81G  36/ 46U [GameAnalyzer] Income advantage is now Even
2022-10-28 10:09:36.518 | 03:39   14ms    0M   89G  36/ 46U [ActUnit] SCV from COMMANDCENTER at (98.5, 151.5)
2022-10-28 10:09:37.075 | 03:42   16ms   35M   97G  37/ 46U [GameAnalyzer] Income advantage is now SlightDisadvantage
2022-10-28 10:09:37.197 | 03:42   16ms   55M  105G  37/ 46U [GameAnalyzer] Income advantage is now Even
2022-10-28 10:09:37.200 | 03:42   16ms    5M  105G  37/ 46U [TerranUnit] MARINE from BARRACKS at (121.5, 144.5)
2022-10-28 10:09:37.499 | 03:44   21ms   45M  113G  38/ 46U [GameAnalyzer] Income advantage is now SlightDisadvantage
2022-10-28 10:09:37.538 | 03:44   19ms   50M  113G  38/ 46U [GameAnalyzer] Income advantage is now Even
2022-10-28 10:09:37.951 | 03:46   16ms   70M  121G  38/ 46U [GameAnalyzer] Income advantage is now SlightDisadvantage
2022-10-28 10:09:37.953 | 03:46   16ms   70M  121G  38/ 46U [GameAnalyzer] Known army advantage is now ClearAdvantage
2022-10-28 10:09:37.953 | 03:46   16ms   70M  121G  38/ 46U [GameAnalyzer] Predicted army advantage is now ClearAdvantage
2022-10-28 10:09:37.956 | 03:46   16ms   20M  121G  38/ 46U [TerranUnit] MARINE from BARRACKS at (121.5, 144.5)
2022-10-28 10:09:37.998 | 03:46   22ms   30M  121G  39/ 46U [GameAnalyzer] Income advantage is now Even
2022-10-28 10:09:38.168 | 03:46   17ms   65M  129G  39/ 46U [GameAnalyzer] Income advantage is now SlightDisadvantage
2022-10-28 10:09:38.208 | 03:47   18ms   70M  129G  39/ 46U [GameAnalyzer] Income advantage is now Even
2022-10-28 10:09:38.257 | 03:47   20ms    5M  104G  39/ 46U [TerranUnit] WIDOWMINE from FACTORY at (116.5, 149.5)
2022-10-28 10:09:38.459 | 03:48   18ms   15M  108G  41/ 46U [GameAnalyzer] Income advantage is now SlightDisadvantage
2022-10-28 10:09:38.504 | 03:48   21ms   20M  108G  41/ 46U [GameAnalyzer] Income advantage is now Even
2022-10-28 10:09:38.716 | 03:49   19ms   35M  112G  41/ 46U [GameAnalyzer] Income advantage is now SlightDisadvantage
2022-10-28 10:09:38.759 | 03:49   21ms   40M  112G  41/ 46U [GameAnalyzer] Income advantage is now Even
2022-10-28 10:09:38.963 | 03:50   17ms    0M  120G  41/ 46U [ActUnit] SCV from COMMANDCENTER at (126.5, 151.5)
2022-10-28 10:09:39.299 | 03:51   17ms    0M  128G  42/ 46U [ActUnit] SCV from COMMANDCENTER at (98.5, 151.5)
2022-10-28 10:09:39.775 | 03:53   17ms   60M  136G  43/ 46U [GameAnalyzer] Income advantage is now SlightDisadvantage
2022-10-28 10:09:39.851 | 03:54   16ms   70M  136G  43/ 46U [GameAnalyzer] Income advantage is now Even
2022-10-28 10:09:39.856 | 03:54   16ms   20M  136G  43/ 46U [TerranUnit] MARINE from BARRACKS at (130.5, 159.5)
2022-10-28 10:09:40.250 | 03:55   18ms   40M  152G  44/ 46U [GameAnalyzer] Income advantage is now SlightDisadvantage
2022-10-28 10:09:40.284 | 03:56   18ms   40M  152G  44/ 46U [GameAnalyzer] Income advantage is now Even
2022-10-28 10:09:40.563 | 03:57   17ms   65M  160G  44/ 46U [GameAnalyzer] Income advantage is now SlightDisadvantage
2022-10-28 10:09:40.601 | 03:57   20ms   70M  160G  44/ 46U [GameAnalyzer] Income advantage is now Even
2022-10-28 10:09:40.644 | 03:57   18ms    0M  135G  44/ 46U [TerranUnit] WIDOWMINE from FACTORY at (116.5, 149.5)
2022-10-28 10:09:41.867 | 04:03   18ms    0M  163G  46/ 54U [ActUnit] SCV from COMMANDCENTER at (126.5, 151.5)
2022-10-28 10:09:42.403 | 04:05   18ms   15M  175G  47/ 54U [ActUnit] SCV from COMMANDCENTER at (98.5, 151.5)
2022-10-28 10:09:42.649 | 04:06   17ms    0M  183G  48/ 54U [TerranUnit] MARINE from BARRACKS at (121.5, 144.5)
2022-10-28 10:09:43.282 | 04:08   18ms    5M  195G  49/ 54U [TerranUnit] MARINE from BARRACKS at (121.5, 144.5)
2022-10-28 10:09:43.999 | 04:11   19ms   30M  211G  50/ 54U [TerranUnit] MARINE from BARRACKS at (130.5, 159.5)
2022-10-28 10:09:45.235 | 04:17   18ms    0M  239G  51/ 54U [ActUnit] SCV from COMMANDCENTER at (126.5, 151.5)
2022-10-28 10:09:45.455 | 04:18   17ms    5M  247G  52/ 54U [ActUnit] SCV from COMMANDCENTER at (98.5, 151.5)
2022-10-28 10:09:46.824 | 04:23   18ms   30M  175G  53/ 62U [TerranUnit] MEDIVAC from STARPORT at (116.5, 149.5)
2022-10-28 10:09:47.003 | 04:24   19ms   10M  179G  55/ 62U [TerranUnit] MARINE from BARRACKS at (121.5, 144.5)
2022-10-28 10:09:47.220 | 04:25   18ms   55M  183G  56/ 62U [GameAnalyzer] Income advantage is now SlightAdvantage
2022-10-28 10:09:47.261 | 04:25   21ms   55M  187G  56/ 62U [GameAnalyzer] Income advantage is now Even
2022-10-28 10:09:47.610 | 04:26   18ms    5M  195G  56/ 62U [GameAnalyzer] Known army advantage is now OverwhelmingAdvantage
2022-10-28 10:09:47.612 | 04:26   18ms    5M  195G  56/ 62U [GameAnalyzer] Predicted army advantage is now OverwhelmingAdvantage
2022-10-28 10:09:48.116 | 04:28   18ms    5M  203G  56/ 62U [TerranUnit] MARINE from BARRACKS at (121.5, 144.5)
2022-10-28 10:09:48.384 | 04:29   18ms   25M  211G  57/ 62U [GameAnalyzer] Income advantage is now SlightAdvantage
2022-10-28 10:09:48.426 | 04:30   21ms   25M  211G  57/ 62U [GameAnalyzer] Income advantage is now Even
2022-10-28 10:09:48.721 | 04:31   18ms    0M  215G  57/ 62U [ActUnit] SCV from COMMANDCENTER at (126.5, 151.5)
2022-10-28 10:09:49.032 | 04:32   20ms   15M  219G  58/ 62U [ActUnit] SCV from COMMANDCENTER at (98.5, 151.5)
2022-10-28 10:09:49.260 | 04:33   19ms   55M  227G  59/ 62U [BuildAddon] UnitTypeId.FACTORYTECHLAB to (117.0, 152.0)
2022-10-28 10:09:49.261 | 04:33   19ms    5M  227G  59/ 62U [TerranUnit] MARINE from BARRACKS at (130.5, 159.5)
2022-10-28 10:09:49.898 | 04:35   20ms    0M  214G  59/ 62U [TerranUnit] MARINE from BARRACKS at (130.5, 159.5)
2022-10-28 10:09:50.072 | 04:36   18ms   15M  218G  60/ 62U [GameAnalyzer] Income advantage is now SlightAdvantage
2022-10-28 10:09:50.166 | 04:36   20ms   20M  218G  60/ 62U [GameAnalyzer] Income advantage is now Even
2022-10-28 10:09:50.682 | 04:38   18ms   10M  134G  60/ 62U [TerranUnit] MEDIVAC from STARPORT at (116.5, 149.5)
2022-10-28 10:09:51.214 | 04:40   19ms   80M  142G  62/ 62U [GameAnalyzer] Income advantage is now SlightAdvantage
2022-10-28 10:09:51.257 | 04:40   22ms   80M  142G  62/ 62U [GameAnalyzer] Income advantage is now Even
2022-10-28 10:09:51.917 | 04:43   23ms    0M  158G  62/ 70U [ActUnit] SCV from COMMANDCENTER at (126.5, 151.5)
2022-10-28 10:09:52.192 | 04:44   19ms   30M  166G  63/ 70U [GameAnalyzer] Income advantage is now SlightAdvantage
2022-10-28 10:09:52.237 | 04:44   23ms   30M  166G  63/ 70U [GameAnalyzer] Income advantage is now Even
2022-10-28 10:09:52.370 | 04:45   21ms   10M  166G  63/ 70U [ActUnit] SCV from COMMANDCENTER at (98.5, 151.5)
2022-10-28 10:09:52.412 | 04:45   21ms   10M  166G  64/ 70U [GameAnalyzer] Income advantage is now SlightAdvantage
2022-10-28 10:09:52.557 | 04:45   20ms   15M  174G  64/ 70U [GameAnalyzer] Income advantage is now Even
2022-10-28 10:09:52.701 | 04:46   20ms   60M  174G  64/ 70U [GameAnalyzer] Income advantage is now SlightAdvantage
2022-10-28 10:09:52.817 | 04:46   30ms   70M  174G  64/ 70U [GameAnalyzer] Income advantage is now Even
2022-10-28 10:09:52.912 | 04:47   20ms   80M  174G  64/ 70U [GameAnalyzer] Income advantage is now SlightAdvantage
2022-10-28 10:09:53.136 | 04:48   20ms  100M  182G  64/ 70U [GameAnalyzer] Income advantage is now Even
2022-10-28 10:09:53.140 | 04:48   20ms  100M  182G  64/ 70U [Tech] Started SHIELDWALL
2022-10-28 10:09:53.297 | 04:48   19ms   15M   82G  64/ 70U [GameAnalyzer] Income advantage is now SlightAdvantage
2022-10-28 10:09:53.348 | 04:48   21ms   20M   86G  64/ 70U [GameAnalyzer] Income advantage is now Even
2022-10-28 10:09:53.635 | 04:49   20ms   45M   90G  64/ 70U [GameAnalyzer] Income advantage is now SlightAdvantage
2022-10-28 10:09:53.730 | 04:50   19ms   50M   94G  64/ 70U [GameAnalyzer] Income advantage is now Even
2022-10-28 10:09:54.008 | 04:51   19ms  110M   98G  64/ 78U [GameAnalyzer] Income advantage is now SlightAdvantage
2022-10-28 10:09:54.369 | 04:52   19ms  125M  106G  64/ 78U [GameAnalyzer] Income advantage is now Even
2022-10-28 10:09:54.510 | 04:53   20ms  145M  106G  64/ 78U [GameAnalyzer] Income advantage is now SlightAdvantage
2022-10-28 10:09:54.609 | 04:53   20ms  185M  114G  64/ 78U [GameAnalyzer] Income advantage is now Even
2022-10-28 10:09:54.614 | 04:53   20ms   85M   89G  64/ 78U [TerranUnit] MARAUDER from BARRACKS at (130.5, 159.5)
2022-10-28 10:09:54.820 | 04:54   21ms  105M   89G  66/ 78U [GameAnalyzer] Income advantage is now SlightAdvantage
2022-10-28 10:09:54.958 | 04:54   20ms  110M   93G  66/ 78U [GameAnalyzer] Income advantage is now Even
2022-10-28 10:09:55.101 | 04:55   20ms  135M   97G  66/ 78U [GameAnalyzer] Income advantage is now SlightAdvantage
2022-10-28 10:09:55.191 | 04:55   19ms   90M   97G  66/ 78U [ActUnit] SCV from COMMANDCENTER at (126.5, 151.5)
2022-10-28 10:09:55.285 | 04:55   21ms   90M   97G  67/ 78U [GameAnalyzer] Income advantage is now Even
2022-10-28 10:09:55.327 | 04:56   21ms   90M  101G  67/ 78U [GameAnalyzer] Income advantage is now SlightAdvantage
2022-10-28 10:09:55.605 | 04:57   20ms  140M  105G  67/ 78U [GameAnalyzer] Income advantage is now Even
2022-10-28 10:09:55.656 | 04:57   22ms   90M  105G  67/ 78U [ActUnit] SCV from COMMANDCENTER at (98.5, 151.5)
2022-10-28 10:09:55.710 | 04:57   23ms  110M  109G  68/ 78U [GameAnalyzer] Income advantage is now SlightAdvantage
2022-10-28 10:09:55.759 | 04:57   22ms  110M  113G  68/ 78U [GameAnalyzer] Income advantage is now Even
2022-10-28 10:09:55.854 | 04:58   22ms  130M  113G  68/ 78U [GameAnalyzer] Income advantage is now SlightAdvantage
2022-10-28 10:09:55.953 | 04:58   21ms  140M  113G  68/ 78U [GameAnalyzer] Income advantage is now SmallAdvantage
2022-10-28 10:09:56.006 | 04:58   27ms  140M  113G  68/ 78U [GameAnalyzer] Income advantage is now SlightAdvantage
2022-10-28 10:09:56.054 | 04:58   22ms  140M  113G  68/ 78U [GameAnalyzer] Income advantage is now Even
2022-10-28 10:09:56.204 | 04:59   20ms  155M  121G  68/ 78U [GameAnalyzer] Income advantage is now SlightAdvantage
2022-10-28 10:09:56.253 | 04:59   23ms  160M  121G  68/ 78U [GameAnalyzer] Income advantage is now Even
2022-10-28 10:09:56.304 | 04:59   25ms  170M  121G  68/ 78U [GameAnalyzer] Income advantage is now SlightAdvantage
2022-10-28 10:09:56.511 | 05:00   30ms  135M  121G  68/ 78U [BuildGas] Building REFINERY to (95.5, 158.5)
2022-10-28 10:09:57.035 | 05:02   23ms  180M  137G  68/ 78U [GameAnalyzer] Income advantage is now Even
2022-10-28 10:09:57.184 | 05:02   22ms  210M  137G  68/ 78U [GameAnalyzer] Income advantage is now SlightAdvantage
2022-10-28 10:09:57.190 | 05:02   22ms  135M  137G  68/ 78U [BuildGas] Building REFINERY to (91.5, 154.5)
2022-10-28 10:09:57.337 | 05:03   22ms  140M  141G  68/ 78U [GameAnalyzer] Income advantage is now Even
2022-10-28 10:09:57.471 | 05:03   22ms  155M  145G  68/ 78U [GameAnalyzer] Income advantage is now SlightAdvantage
2022-10-28 10:09:57.667 | 05:04   21ms  195M  145G  68/ 78U [GameAnalyzer] Income advantage is now Even
2022-10-28 10:09:57.761 | 05:05   23ms  215M  149G  68/ 78U [GameAnalyzer] Income advantage is now SlightAdvantage
2022-10-28 10:09:57.908 | 05:05   21ms  220M  153G  68/ 78U [GameAnalyzer] Income advantage is now Even
2022-10-28 10:09:58.164 | 05:06   20ms  100M   82G  68/ 78U [TerranUnit] VIKINGFIGHTER from STARPORT at (116.5, 149.5)
2022-10-28 10:09:58.315 | 05:06   21ms   10M   86G  70/ 78U [GameAnalyzer] Income advantage is now SlightDisadvantage
2022-10-28 10:09:58.359 | 05:07   23ms   15M   86G  70/ 78U [GameAnalyzer] Income advantage is now Even
2022-10-28 10:09:58.511 | 05:07   23ms    0M   86G  70/ 78U [ActUnit] SCV from COMMANDCENTER at (126.5, 151.5)
2022-10-28 10:09:59.043 | 05:09   26ms    0M  102G  71/ 86U [ActUnit] SCV from COMMANDCENTER at (98.5, 151.5)
2022-10-28 10:09:59.351 | 05:10   30ms   20M  102G  72/ 86U [GameAnalyzer] Predicted army advantage is now Even
2022-10-28 10:10:00.897 | 05:14   27ms   75M  101G  72/ 86U [TerranUnit] MARAUDER from BARRACKS at (130.5, 159.5)
2022-10-28 10:10:02.110 | 05:18   30ms  110M   25G  74/ 86U [TerranUnit] MEDIVAC from STARPORT at (116.5, 149.5)
2022-10-28 10:10:02.638 | 05:19   27ms  100M   33G  76/ 86U [ActUnit] SCV from COMMANDCENTER at (126.5, 151.5)
2022-10-28 10:10:03.362 | 05:21   29ms    5M   41G  77/ 86U [ActUnit] SCV from COMMANDCENTER at (98.5, 151.5)
2022-10-28 10:10:04.775 | 05:25   33ms  130M   65G  78/ 86U [GameAnalyzer] Known army advantage is now ClearAdvantage
2022-10-28 10:10:04.776 | 05:25   33ms  130M   65G  78/ 86U [GameAnalyzer] Predicted army advantage is now SlightDisadvantage
2022-10-28 10:10:06.728 | 05:31   29ms  280M   97G  78/ 94U [GameAnalyzer] Income advantage is now SlightAdvantage
2022-10-28 10:10:06.928 | 05:31   30ms  285M  109G  78/ 94U [GameAnalyzer] Income advantage is now Even
2022-10-28 10:10:07.005 | 05:31   35ms  310M  109G  78/ 94U [GameAnalyzer] Income advantage is now SlightAdvantage
2022-10-28 10:10:07.087 | 05:31   34ms  310M  109G  78/ 94U [GameAnalyzer] Income advantage is now Even
2022-10-28 10:10:07.089 | 05:31   34ms  260M  109G  78/ 94U [ActUnit] SCV from COMMANDCENTER at (126.5, 151.5)
2022-10-28 10:10:07.197 | 05:32   36ms  210M  109G  78/ 94U [TerranUnit] MARINE from BARRACKS at (121.5, 144.5)
2022-10-28 10:10:07.415 | 05:32   32ms  235M  109G  78/ 94U [GameAnalyzer] Predicted army advantage is now SmallDisadvantage
2022-10-28 10:10:07.420 | 05:32   32ms  185M  109G  78/ 94U [TerranUnit] MARINE from BARRACKS at (121.5, 144.5)
2022-10-28 10:10:07.504 | 05:32   37ms  195M  109G  79/ 94U [GameAnalyzer] Income advantage is now SlightAdvantage
2022-10-28 10:10:07.584 | 05:32   38ms  195M  113G  79/ 94U [GameAnalyzer] Income advantage is now Even
2022-10-28 10:10:07.585 | 05:32   38ms  195M  113G  79/ 94U [GameAnalyzer] Known army advantage is now SmallAdvantage
2022-10-28 10:10:07.976 | 05:33   32ms  240M  125G  77/ 94U [GameAnalyzer] Income advantage is now SlightAdvantage
2022-10-28 10:10:08.058 | 05:33   36ms  190M  125G  76/ 94U [ActUnit] SCV from COMMANDCENTER at (98.5, 151.5)
2022-10-28 10:10:08.141 | 05:34   34ms  190M  125G  77/ 94U [GameAnalyzer] Income advantage is now Even
2022-10-28 10:10:08.384 | 05:34   30ms  205M  133G  75/ 94U [GameAnalyzer] Income advantage is now SlightAdvantage
2022-10-28 10:10:08.731 | 05:35   32ms  220M  141G  75/ 94U [GameAnalyzer] Income advantage is now Even
2022-10-28 10:10:08.884 | 05:35   31ms  235M  145G  74/ 94U [GameAnalyzer] Income advantage is now SlightAdvantage
2022-10-28 10:10:08.955 | 05:36   30ms  240M  149G  74/ 94U [GameAnalyzer] Known army advantage is now ClearAdvantage
2022-10-28 10:10:09.024 | 05:36   31ms  240M  149G  74/ 94U [GameAnalyzer] Predicted army advantage is now SlightDisadvantage
2022-10-28 10:10:09.029 | 05:36   31ms  190M  149G  74/ 94U [TerranUnit] MARINE from BARRACKS at (130.5, 159.5)
2022-10-28 10:10:09.332 | 05:36   32ms  200M  153G  74/ 94U [GameAnalyzer] Income advantage is now Even
2022-10-28 10:10:09.339 | 05:36   32ms  100M   53G  74/ 94U [TerranUnit] MEDIVAC from STARPORT at (116.5, 149.5)
2022-10-28 10:10:09.622 | 05:37   31ms  140M   65G  76/ 94U [GameAnalyzer] Income advantage is now SlightAdvantage
2022-10-28 10:10:09.860 | 05:38   30ms  155M   69G  76/ 94U [GameAnalyzer] Income advantage is now Even
2022-10-28 10:10:09.984 | 05:38   28ms  195M   69G  75/ 94U [GameAnalyzer] Income advantage is now SlightAdvantage
2022-10-28 10:10:10.053 | 05:38   33ms  195M   73G  75/ 94U [GameAnalyzer] Income advantage is now Even
2022-10-28 10:10:10.126 | 05:38   32ms  200M   77G  75/ 94U [GameAnalyzer] Income advantage is now SlightAdvantage
2022-10-28 10:10:10.198 | 05:39   31ms  200M   77G  75/ 94U [GameAnalyzer] Income advantage is now Even
2022-10-28 10:10:10.415 | 05:39   29ms  230M   85G  75/ 94U [GameAnalyzer] Income advantage is now SlightAdvantage
2022-10-28 10:10:10.709 | 05:40   30ms  235M   89G  75/ 94U [GameAnalyzer] Income advantage is now Even
2022-10-28 10:10:10.838 | 05:40   29ms  240M   93G  75/ 94U [GameAnalyzer] Income advantage is now SlightAdvantage
2022-10-28 10:10:10.966 | 05:41   27ms  255M   97G  75/ 94U [GameAnalyzer] Income advantage is now SmallAdvantage
2022-10-28 10:10:11.032 | 05:41   28ms  255M  101G  75/ 94U [GameAnalyzer] Income advantage is now SlightAdvantage
2022-10-28 10:10:11.033 | 05:41   28ms  255M  101G  75/ 94U [GameAnalyzer] Known army advantage is now OverwhelmingAdvantage
2022-10-28 10:10:11.034 | 05:41   28ms  255M  101G  75/ 94U [GameAnalyzer] Predicted army advantage is now Even
2022-10-28 10:10:11.103 | 05:41   32ms  255M  101G  75/ 94U [GameAnalyzer] Income advantage is now Even
2022-10-28 10:10:11.705 | 05:43   31ms  325M  117G  75/ 94U [GameAnalyzer] Income advantage is now SlightAdvantage
2022-10-28 10:10:11.774 | 05:43   29ms  330M  121G  75/ 94U [GameAnalyzer] Income advantage is now Even
2022-10-28 10:10:11.956 | 05:43   27ms  340M  125G  75/ 94U [GameAnalyzer] Income advantage is now SlightDisadvantage
2022-10-28 10:10:12.094 | 05:44   30ms  305M  133G  75/102U [ActUnit] SCV from COMMANDCENTER at (126.5, 151.5)
2022-10-28 10:10:12.156 | 05:44   29ms  310M  133G  76/102U [GameAnalyzer] Income advantage is now Even
2022-10-28 10:10:12.818 | 05:46   28ms  320M  149G  76/102U [ActUnit] SCV from COMMANDCENTER at (98.5, 151.5)
2022-10-28 10:10:12.987 | 05:46   29ms  335M  157G  77/102U [GameAnalyzer] Predicted army advantage is now SlightDisadvantage
2022-10-28 10:10:13.724 | 05:48   29ms  410M  173G  77/102U [GameAnalyzer] Predicted army advantage is now Even
2022-10-28 10:10:13.731 | 05:48   29ms  410M  173G  77/102U [Expand] Expanding to (66.5, 152.5)
2022-10-28 10:10:13.895 | 05:48   23ms   25M  181G  77/102U [GameAnalyzer] Income advantage is now SlightAdvantage
2022-10-28 10:10:13.966 | 05:48   31ms   25M  181G  77/102U [GameAnalyzer] Income advantage is now Even
2022-10-28 10:10:14.028 | 05:49   27ms   35M  185G  77/102U [GameAnalyzer] Income advantage is now SlightAdvantage
2022-10-28 10:10:14.270 | 05:49   27ms   45M  189G  77/102U [GameAnalyzer] Income advantage is now SmallAdvantage
2022-10-28 10:10:14.332 | 05:50   29ms   50M  197G  77/102U [GameAnalyzer] Income advantage is now SlightAdvantage
2022-10-28 10:10:14.337 | 05:50   29ms    0M  197G  77/102U [TerranUnit] MARINE from BARRACKS at (121.5, 144.5)
2022-10-28 10:10:14.582 | 05:50   26ms   25M  205G  78/102U [GameAnalyzer] Income advantage is now SmallAdvantage
2022-10-28 10:10:14.707 | 05:51   29ms   35M  205G  78/102U [GameAnalyzer] Income advantage is now SlightAdvantage
2022-10-28 10:10:14.913 | 05:51   31ms    0M  213G  78/102U [TerranUnit] MARINE from BARRACKS at (121.5, 144.5)
2022-10-28 10:10:15.225 | 05:52   29ms   10M  221G  79/102U [GameAnalyzer] Income advantage is now Even
2022-10-28 10:10:15.356 | 05:52   27ms   45M  225G  79/102U [GameAnalyzer] Income advantage is now SlightAdvantage
2022-10-28 10:10:15.699 | 05:53   29ms   75M  237G  79/102U [GameAnalyzer] Income advantage is now Even
2022-10-28 10:10:15.764 | 05:53   30ms   85M  237G  79/102U [GameAnalyzer] Income advantage is now SlightAdvantage
2022-10-28 10:10:15.831 | 05:54   28ms   85M  237G  79/102U [GameAnalyzer] Income advantage is now SmallAdvantage
2022-10-28 10:10:15.837 | 05:54   28ms   35M  237G  79/102U [TerranUnit] MARINE from BARRACKS at (130.5, 159.5)
2022-10-28 10:10:15.905 | 05:54   36ms   35M  237G  80/102U [GameAnalyzer] Income advantage is now SlightAdvantage
2022-10-28 10:10:15.979 | 05:54   29ms   35M  245G  80/102U [GameAnalyzer] Income advantage is now Even
2022-10-28 10:10:16.045 | 05:54   30ms   35M  245G  80/102U [GameAnalyzer] Income advantage is now SlightAdvantage
2022-10-28 10:10:16.644 | 05:56   26ms   90M  261G  80/102U [GameAnalyzer] Income advantage is now SmallAdvantage
2022-10-28 10:10:16.646 | 05:56   26ms   40M  261G  80/102U [ActUnit] SCV from COMMANDCENTER at (126.5, 151.5)
2022-10-28 10:10:16.713 | 05:56   31ms   50M  265G  81/102U [GameAnalyzer] Income advantage is now SlightAdvantage
2022-10-28 10:10:16.840 | 05:56   26ms   55M  269G  81/102U [GameAnalyzer] Income advantage is now Even
2022-10-28 10:10:16.905 | 05:56   34ms   60M  269G  81/102U [GameAnalyzer] Income advantage is now SlightAdvantage
2022-10-28 10:10:17.051 | 05:57   27ms   70M  277G  81/102U [GameAnalyzer] Income advantage is now Even
2022-10-28 10:10:17.394 | 05:58   30ms   65M  285G  81/102U [ActUnit] SCV from COMMANDCENTER at (98.5, 151.5)
2022-10-28 10:10:17.465 | 05:58   31ms   70M  285G  82/102U [GameAnalyzer] Income advantage is now SmallAdvantage
2022-10-28 10:10:18.883 | 06:01   29ms  165M  325G  82/102U [EnemyArmyPredicter] Predicting negative free minerals for enemy: -288
2022-10-28 10:10:18.885 | 06:01   29ms  165M  325G  82/102U [GameAnalyzer] Predicted army advantage is now OverwhelmingAdvantage
2022-10-28 10:10:19.173 | 06:02   29ms  205M  333G  82/102U [GameAnalyzer] Income advantage is now ClearAdvantage
2022-10-28 10:10:19.876 | 06:04   30ms  245M  349G  81/102U [GameAnalyzer] Income advantage is now SmallAdvantage
2022-10-28 10:10:19.939 | 06:04   30ms  250M  353G  81/102U [GameAnalyzer] Income advantage is now ClearAdvantage
2022-10-28 10:10:19.945 | 06:04   30ms  100M  228G  81/102U [TerranUnit] SIEGETANK from FACTORY at (114.5, 152.5)
2022-10-28 10:10:20.646 | 06:06   27ms  160M  248G  81/102U [Tech] Started PUNISHERGRENADES
2022-10-28 10:10:20.837 | 06:07   31ms   10M  206G  81/102U [GameAnalyzer] Income advantage is now SmallAdvantage
2022-10-28 10:10:20.838 | 06:07   31ms   10M  206G  81/102U [GameAnalyzer] Predicted army advantage is now Even
2022-10-28 10:10:20.971 | 06:07   27ms   15M  206G  81/102U [GameAnalyzer] Income advantage is now ClearAdvantage
2022-10-28 10:10:21.042 | 06:07   30ms   25M  214G  81/102U [GameAnalyzer] Income advantage is now SmallAdvantage
2022-10-28 10:10:21.104 | 06:07   30ms   40M  214G  80/102U [GameAnalyzer] Income advantage is now ClearAdvantage
2022-10-28 10:10:21.237 | 06:08   29ms    0M  218G  80/102U [TerranUnit] MARINE from BARRACKS at (121.5, 144.5)
2022-10-28 10:10:21.818 | 06:09   29ms    0M  234G  81/102U [ActUnit] SCV from COMMANDCENTER at (126.5, 151.5)
2022-10-28 10:10:22.528 | 06:11   29ms    0M  254G  82/102U [ActUnit] SCV from COMMANDCENTER at (98.5, 151.5)
2022-10-28 10:10:23.047 | 06:13   27ms    0M  270G  83/102U [TerranUnit] MARINE from BARRACKS at (121.5, 144.5)
2022-10-28 10:10:23.631 | 06:14   27ms    0M  286G  84/102U [TerranUnit] MARINE from BARRACKS at (130.5, 159.5)
2022-10-28 10:10:26.000 | 06:21   25ms   25M  366G  78/102U [ActUnit] SCV from COMMANDCENTER at (126.5, 151.5)
2022-10-28 10:10:26.605 | 06:23   23ms   35M  390G  79/102U [ActUnit] SCV from COMMANDCENTER at (98.5, 151.5)
2022-10-28 10:10:27.214 | 06:26   23ms   45M  414G  80/102U [TerranUnit] MARINE from BARRACKS at (121.5, 144.5)
2022-10-28 10:10:28.661 | 06:31   24ms  155M  462G  81/102U [TerranUnit] MARINE from BARRACKS at (121.5, 144.5)
2022-10-28 10:10:29.145 | 06:32   24ms  150M  486G  82/102U [TerranUnit] MARINE from BARRACKS at (130.5, 159.5)
2022-10-28 10:10:29.596 | 06:34   29ms  150M  498G  83/102U [ActUnit] SCV from COMMANDCENTER at (126.5, 151.5)
2022-10-28 10:10:29.953 | 06:35   28ms  185M  510G  84/102U [Tech] Started TERRANINFANTRYWEAPONSLEVEL1
2022-10-28 10:10:30.237 | 06:36   27ms   60M  418G  84/102U [ActUnit] SCV from COMMANDCENTER at (98.5, 151.5)
2022-10-28 10:10:30.870 | INFO     | sc2.protocol:_execute:72 - Client status changed to Status.ended (was Status.in_game)
2022-10-28 10:10:30.872 | Result: Defeat
2022-10-28 10:10:30.873 | Duration: 06:37
2022-10-28 10:10:30.874 | Step time min: 6
2022-10-28 10:10:30.874 | Step time avg: 18
2022-10-28 10:10:30.875 | Step time max: 133
2022-10-28 10:10:30.876 | [LostUnitsContents] My lost units minerals and gas: (1200, 75)
2022-10-28 10:10:30.877 | [LostUnitsContents] My lost units minerals by score: 1200.0
2022-10-28 10:10:30.878 | [LostUnitsContents] Enemy lost units minerals and gas: (2900, 225)
2022-10-28 10:10:30.878 | [LostUnitsContents] Enemy lost units minerals by score: 3000.0
2022-10-28 10:10:30.879 | [GameAnalyzerEnd] Own units:
2022-10-28 10:10:30.880 | [GameAnalyzerEnd] SCV               total:  49 alive:  48 dead:   1 
2022-10-28 10:10:30.882 | [GameAnalyzerEnd] MARINE            total:  29 alive:   9 dead:  20 
2022-10-28 10:10:30.883 | [GameAnalyzerEnd] SUPPLYDEPOT       total:   9 alive:   9 dead:   0 
2022-10-28 10:10:30.883 | [GameAnalyzerEnd] MEDIVAC           total:   4 alive:   4 dead:   0 
2022-10-28 10:10:30.884 | [GameAnalyzerEnd] REFINERY          total:   4 alive:   4 dead:   0 
2022-10-28 10:10:30.885 | [GameAnalyzerEnd] ENGINEERINGBAY    total:   2 alive:   2 dead:   0 
2022-10-28 10:10:30.885 | [GameAnalyzerEnd] BARRACKS          total:   2 alive:   2 dead:   0 
2022-10-28 10:10:30.886 | [GameAnalyzerEnd] MARAUDER          total:   2 alive:   1 dead:   1 
2022-10-28 10:10:30.886 | [GameAnalyzerEnd] REACTOR           total:   2 alive:   2 dead:   0 
2022-10-28 10:10:30.887 | [GameAnalyzerEnd] WIDOWMINE         total:   2 alive:   2 dead:   0 
2022-10-28 10:10:30.888 | [GameAnalyzerEnd] ORBITALCOMMAND    total:   2 alive:   2 dead:   0 
2022-10-28 10:10:30.888 | [GameAnalyzerEnd] TECHLAB           total:   2 alive:   2 dead:   0 
2022-10-28 10:10:30.889 | [GameAnalyzerEnd] VIKINGFIGHTER     total:   1 alive:   1 dead:   0 
2022-10-28 10:10:30.890 | [GameAnalyzerEnd] STARPORT          total:   1 alive:   1 dead:   0 
2022-10-28 10:10:30.890 | [GameAnalyzerEnd] FACTORY           total:   1 alive:   1 dead:   0 
2022-10-28 10:10:30.891 | [GameAnalyzerEnd] COMMANDCENTER     total:   1 alive:   1 dead:   0 
2022-10-28 10:10:30.892 | [GameAnalyzerEnd] SIEGETANK         total:   1 alive:   1 dead:   0 
2022-10-28 10:10:30.892 | [GameAnalyzerEnd] REAPER            total:   1 alive:   0 dead:   1 
2022-10-28 10:10:30.893 | [GameAnalyzerEnd] Enemy units:
2022-10-28 10:10:30.894 | [GameAnalyzerEnd] SCV               total:  45 alive:  20 dead:  25 
2022-10-28 10:10:30.894 | [GameAnalyzerEnd] MARINE            total:  15 alive:   1 dead:  14 
2022-10-28 10:10:30.895 | [GameAnalyzerEnd] SUPPLYDEPOT       total:   5 alive:   5 dead:   0 
2022-10-28 10:10:30.896 | [GameAnalyzerEnd] MARAUDER          total:   5 alive:   1 dead:   4 
2022-10-28 10:10:30.896 | [GameAnalyzerEnd] BARRACKS          total:   3 alive:   3 dead:   0 
2022-10-28 10:10:30.899 | [GameAnalyzerEnd] COMMANDCENTER     total:   3 alive:   2 dead:   1 
2022-10-28 10:10:30.900 | [GameAnalyzerEnd] REFINERY          total:   3 alive:   3 dead:   0 
2022-10-28 10:10:30.901 | [GameAnalyzerEnd] TECHLAB           total:   3 alive:   3 dead:   0 
2022-10-28 10:10:30.901 | [GameAnalyzerEnd] ORBITALCOMMAND    total:   2 alive:   2 dead:   0 
2022-10-28 10:10:30.902 | [GameAnalyzerEnd] FACTORY           total:   1 alive:   1 dead:   0 
2022-10-28 10:10:30.902 | [GameAnalyzerEnd] SIEGETANK         total:   1 alive:   0 dead:   1 
2022-10-28 10:10:30.903 | [GameAnalyzerEnd] Minerals max 600 Average 127
2022-10-28 10:10:30.904 | [GameAnalyzerEnd] Vespene max 502 Average 105
2022-10-28 10:10:30.904 | INFO     | sc2.main:_play_game:228 - Result for player 1 - Bot Turtles(Terran): Defeat
2022-10-28 10:10:31.940 | INFO     | sc2.protocol:__request:48 - Cannot receive: Game has already ended.
2022-10-28 10:10:31.942 | INFO     | sc2.sc2process:_close_connection:231 - Closing connection at 60554...
2022-10-28 10:10:31.944 | INFO     | sc2.sc2process:kill_all:33 - kill_switch: Process cleanup for 1 processes
