2022-10-24 11:24:36.373 | INFO     | sc2.protocol:_execute:72 - Client status changed to Status.launched (was None)
2022-10-24 11:24:36.374 | INFO     | sc2.controller:create_game:37 - Creating new game
2022-10-24 11:24:36.375 | INFO     | sc2.controller:create_game:38 - Map:     BlackburnAIE
2022-10-24 11:24:36.377 | INFO     | sc2.controller:create_game:39 - Players: Bot Turtles(Terran), Computer VeryHard(Random, RandomBuild)
2022-10-24 11:24:36.379 | INFO     | sc2.protocol:_execute:72 - Client status changed to Status.init_game (was Status.launched)
2022-10-24 11:24:44.309 | INFO     | sc2.protocol:_execute:72 - Client status changed to Status.in_game (was None)
2022-10-24 11:24:44.312 | INFO     | sc2.main:_play_game:221 - Player 1 - Bot Turtles(Terran)
2022-10-24 11:24:44.799 | 00:00    0ms    0M    0G  12/ 15U [Version] 5.0.10.88500
2022-10-24 11:24:44.800 | 00:00    0ms    0M    0G  12/ 15U [Version] 5.0.6 Balance mod recognized.
2022-10-24 11:24:44.871 | 00:00    0ms    0M    0G  12/ 15U [ZoneManager] Map set to: MapName.Blackburn from name: Blackburn AIE and hash: 2657237.
2022-10-24 11:24:45.432 | [Start] My race: Terran
2022-10-24 11:24:45.433 | [Start] Opponent race: Random
2022-10-24 11:24:45.433 | [Start] OpponentId: None
2022-10-24 11:24:45.714 | 00:00    6ms    0M    0G  13/ 15U [GameAnalyzer] Income advantage is now SlightDisadvantage
2022-10-24 11:24:45.782 | 00:01    7ms    0M    0G  13/ 15U [GameAnalyzer] Income advantage is now Even
2022-10-24 11:24:46.906 | 00:12    5ms   60M    0G  13/ 15U [ActUnit] SCV from COMMANDCENTER at (147.5, 31.5)
2022-10-24 11:24:48.204 | 00:24    7ms   70M    0G  14/ 15U [ActUnit] SCV from COMMANDCENTER at (147.5, 31.5)
2022-10-24 11:24:50.283 | 00:41    6ms  240M    0G  15/ 23U [ActUnit] SCV from COMMANDCENTER at (147.5, 31.5)
2022-10-24 11:24:51.660 | 00:53    6ms   95M    0G  16/ 23U [ActUnit] SCV from COMMANDCENTER at (147.5, 31.5)
2022-10-24 11:24:53.267 | 01:05   13ms  195M    0G  17/ 23U [ActUnit] SCV from COMMANDCENTER at (147.5, 31.5)
2022-10-24 11:24:55.196 | 01:17   17ms  315M    0G  18/ 31U [ActUnit] SCV from COMMANDCENTER at (147.5, 31.5)
2022-10-24 11:24:55.466 | 01:18   17ms  330M    0G  19/ 31U [GameAnalyzer] Income advantage is now SlightAdvantage
2022-10-24 11:24:55.565 | 01:19   19ms  335M    0G  19/ 31U [GameAnalyzer] Income advantage is now SmallAdvantage
2022-10-24 11:24:55.658 | 01:19   23ms  345M    0G  19/ 31U [GameAnalyzer] Income advantage is now SlightAdvantage
2022-10-24 11:24:55.705 | 01:19   19ms  345M    0G  19/ 31U [GameAnalyzer] Income advantage is now Even
2022-10-24 11:24:55.844 | 01:20   17ms  365M    0G  19/ 31U [GameAnalyzer] Income advantage is now SlightAdvantage
2022-10-24 11:24:55.991 | 01:20   20ms  365M    0G  19/ 31U [GameAnalyzer] Income advantage is now Even
2022-10-24 11:24:56.635 | 01:22   10ms  395M    0G  19/ 31U [EnemyArmyPredicter] Predicting negative free minerals for enemy: -310
2022-10-24 11:24:57.010 | 01:25    9ms  430M    0G  19/ 31U [GameAnalyzer] Income advantage is now SlightDisadvantage
2022-10-24 11:24:57.042 | 01:25   11ms  435M    0G  19/ 31U [GameAnalyzer] Income advantage is now Even
2022-10-24 11:24:57.210 | 01:25   10ms  435M    0G  19/ 31U [GameAnalyzer] Income advantage is now SlightDisadvantage
2022-10-24 11:24:57.260 | 01:26   10ms  450M    0G  19/ 31U [GameAnalyzer] Income advantage is now Even
2022-10-24 11:24:57.316 | 01:26   10ms  450M    0G  19/ 31U [GameAnalyzer] Income advantage is now SlightDisadvantage
2022-10-24 11:24:57.375 | 01:26   11ms  460M    0G  19/ 31U [GameAnalyzer] Income advantage is now Even
2022-10-24 11:24:57.402 | 01:27   10ms  465M    0G  19/ 31U [GameAnalyzer] Income advantage is now SlightDisadvantage
2022-10-24 11:24:57.473 | 01:27   11ms  470M    0G  19/ 31U [GameAnalyzer] Income advantage is now Even
2022-10-24 11:24:57.529 | 01:27   10ms  470M    0G  19/ 31U [GameAnalyzer] Income advantage is now SlightDisadvantage
2022-10-24 11:24:57.712 | 01:28    9ms  490M    0G  19/ 31U [GameAnalyzer] Income advantage is now Even
2022-10-24 11:24:57.819 | 01:29   10ms  500M    0G  19/ 31U [GameAnalyzer] Income advantage is now SlightDisadvantage
2022-10-24 11:24:57.845 | 01:29   11ms  450M    0G  19/ 31U [ActUnit] SCV from COMMANDCENTER at (147.5, 31.5)
2022-10-24 11:24:57.937 | 01:30   10ms  460M    0G  20/ 31U [GameAnalyzer] Income advantage is now Even
2022-10-24 11:24:58.023 | 01:30   10ms  470M    0G  20/ 31U [GameAnalyzer] Income advantage is now SlightDisadvantage
2022-10-24 11:24:58.113 | 01:31   12ms  480M    0G  20/ 31U [GameAnalyzer] Income advantage is now Even
2022-10-24 11:24:58.229 | 01:31   10ms  485M    0G  20/ 31U [GameAnalyzer] Income advantage is now SlightDisadvantage
2022-10-24 11:24:58.320 | 01:32   10ms  505M    0G  20/ 31U [GameAnalyzer] Income advantage is now Even
2022-10-24 11:24:58.380 | 01:32   11ms  510M    0G  20/ 31U [GameAnalyzer] Income advantage is now SlightDisadvantage
2022-10-24 11:24:58.439 | 01:33   10ms  515M    0G  20/ 31U [GameAnalyzer] Income advantage is now Even
2022-10-24 11:24:58.672 | 01:34   10ms  530M    0G  20/ 31U [GameAnalyzer] Income advantage is now SlightDisadvantage
2022-10-24 11:24:58.718 | 01:34   11ms  540M    0G  20/ 31U [GameAnalyzer] Income advantage is now Even
2022-10-24 11:24:58.887 | 01:35   10ms  550M    0G  20/ 31U [GameAnalyzer] Income advantage is now SlightDisadvantage
2022-10-24 11:24:58.945 | 01:36   12ms  565M    0G  20/ 31U [GameAnalyzer] Income advantage is now Even
2022-10-24 11:24:59.039 | 01:36   12ms  565M    0G  20/ 31U [GameAnalyzer] Income advantage is now SlightDisadvantage
2022-10-24 11:24:59.157 | 01:37   10ms  590M    0G  20/ 31U [GameAnalyzer] Income advantage is now Even
2022-10-24 11:24:59.343 | 01:38   10ms  600M    0G  20/ 31U [GameAnalyzer] Income advantage is now SlightDisadvantage
2022-10-24 11:24:59.369 | 01:38   12ms  600M    0G  20/ 31U [GameAnalyzer] Income advantage is now Even
2022-10-24 11:24:59.402 | 01:38   12ms  600M    0G  20/ 31U [GameAnalyzer] Income advantage is now SlightDisadvantage
2022-10-24 11:24:59.541 | 01:39   10ms  625M    0G  20/ 31U [GameAnalyzer] Income advantage is now Even
2022-10-24 11:24:59.596 | 01:39   11ms  625M    0G  20/ 31U [GameAnalyzer] Income advantage is now SlightDisadvantage
2022-10-24 11:24:59.652 | 01:40   10ms  630M    0G  20/ 31U [GameAnalyzer] Income advantage is now Even
2022-10-24 11:24:59.733 | 01:40   10ms  635M    0G  20/ 31U [GameAnalyzer] Income advantage is now SlightDisadvantage
2022-10-24 11:24:59.790 | 01:41   10ms  645M    0G  20/ 31U [GameAnalyzer] Income advantage is now Even
2022-10-24 11:24:59.905 | 01:41   11ms  655M    0G  20/ 31U [GameAnalyzer] Income advantage is now SlightDisadvantage
2022-10-24 11:24:59.966 | 01:42   11ms  520M    0G  20/ 31U [GameAnalyzer] Income advantage is now Even
2022-10-24 11:25:00.086 | 01:42   10ms  525M    0G  20/ 31U [GameAnalyzer] Income advantage is now SlightDisadvantage
2022-10-24 11:25:00.117 | 01:43   13ms  525M    0G  20/ 31U [GameAnalyzer] Income advantage is now SmallDisadvantage
2022-10-24 11:25:00.147 | 01:43   13ms  525M    0G  20/ 31U [GameAnalyzer] Income advantage is now SlightDisadvantage
2022-10-24 11:25:00.172 | 01:43   12ms  530M    0G  20/ 31U [GameAnalyzer] Income advantage is now Even
2022-10-24 11:25:00.284 | 01:44   11ms  550M    0G  20/ 31U [GameAnalyzer] Income advantage is now SlightDisadvantage
2022-10-24 11:25:00.334 | 01:44   10ms  560M    0G  20/ 31U [GameAnalyzer] Income advantage is now Even
2022-10-24 11:25:00.446 | 01:45   11ms  565M    0G  20/ 31U [GameAnalyzer] Income advantage is now SlightDisadvantage
2022-10-24 11:25:00.497 | 01:45   10ms  570M    0G  20/ 31U [GameAnalyzer] Income advantage is now Even
2022-10-24 11:25:00.662 | 01:46   10ms  585M    0G  20/ 31U [GameAnalyzer] Income advantage is now SlightDisadvantage
2022-10-24 11:25:00.686 | 01:46   12ms  590M    0G  20/ 31U [GameAnalyzer] Income advantage is now Even
2022-10-24 11:25:00.993 | 01:48   10ms  625M    0G  20/ 31U [GameAnalyzer] Income advantage is now SlightDisadvantage
2022-10-24 11:25:01.019 | 01:48   12ms  625M    0G  20/ 31U [GameAnalyzer] Income advantage is now Even
2022-10-24 11:25:01.223 | 01:50   11ms  650M    0G  20/ 31U [GameAnalyzer] Income advantage is now SlightDisadvantage
2022-10-24 11:25:01.401 | 01:50   10ms  660M    0G  20/ 31U [GameAnalyzer] Income advantage is now Even
2022-10-24 11:25:01.612 | 01:51   10ms  675M    0G  20/ 31U [GameAnalyzer] Income advantage is now SlightDisadvantage
2022-10-24 11:25:01.642 | 01:51   12ms  680M    0G  20/ 31U [GameAnalyzer] Income advantage is now Even
2022-10-24 11:25:01.668 | 01:52   13ms  680M    0G  20/ 31U [GameAnalyzer] Income advantage is now SlightDisadvantage
2022-10-24 11:25:01.701 | 01:52   11ms  695M    0G  20/ 31U [GameAnalyzer] Income advantage is now Even
2022-10-24 11:25:01.920 | 01:53   12ms  710M    0G  20/ 31U [GameAnalyzer] Income advantage is now SlightDisadvantage
2022-10-24 11:25:01.947 | 01:53   11ms  715M    0G  20/ 31U [GameAnalyzer] Income advantage is now Even
2022-10-24 11:25:02.143 | 01:55   10ms  740M    0G  20/ 31U [GameAnalyzer] Income advantage is now SlightDisadvantage
2022-10-24 11:25:02.171 | 01:55   14ms  740M    0G  20/ 31U [GameAnalyzer] Income advantage is now Even
2022-10-24 11:25:02.329 | 01:56   11ms  755M    0G  20/ 31U [GameAnalyzer] Income advantage is now SlightDisadvantage
2022-10-24 11:25:02.339 | INFO     | sc2.protocol:_execute:72 - Client status changed to Status.ended (was Status.in_game)
2022-10-24 11:25:02.341 | Result: Defeat
2022-10-24 11:25:02.342 | Duration: 01:56
2022-10-24 11:25:02.343 | Step time min: 5
2022-10-24 11:25:02.345 | Step time avg: 9
2022-10-24 11:25:02.345 | Step time max: 124
2022-10-24 11:25:02.346 | [LostUnitsContents] My lost units minerals and gas: (0, 0)
2022-10-24 11:25:02.347 | [LostUnitsContents] My lost units minerals by score: 0.0
2022-10-24 11:25:02.348 | [LostUnitsContents] Enemy lost units minerals and gas: (0, 0)
2022-10-24 11:25:02.348 | [LostUnitsContents] Enemy lost units minerals by score: 0.0
2022-10-24 11:25:02.349 | [GameAnalyzerEnd] Own units:
2022-10-24 11:25:02.350 | [GameAnalyzerEnd] SCV               total:  20 alive:  20 dead:   0 
2022-10-24 11:25:02.351 | [GameAnalyzerEnd] SUPPLYDEPOT       total:   2 alive:   2 dead:   0 
2022-10-24 11:25:02.352 | [GameAnalyzerEnd] COMMANDCENTER     total:   1 alive:   1 dead:   0 
2022-10-24 11:25:02.352 | [GameAnalyzerEnd] BARRACKS          total:   1 alive:   1 dead:   0 
2022-10-24 11:25:02.353 | [GameAnalyzerEnd] Enemy units:
2022-10-24 11:25:02.353 | [GameAnalyzerEnd] PROBE             total:  21 alive:  21 dead:   0 
2022-10-24 11:25:02.354 | [GameAnalyzerEnd] PYLON             total:   2 alive:   2 dead:   0 
2022-10-24 11:25:02.355 | [GameAnalyzerEnd] NEXUS             total:   1 alive:   1 dead:   0 
2022-10-24 11:25:02.355 | [GameAnalyzerEnd] GATEWAY           total:   1 alive:   1 dead:   0 
2022-10-24 11:25:02.356 | [GameAnalyzerEnd] ASSIMILATOR       total:   1 alive:   1 dead:   0 
2022-10-24 11:25:02.357 | [GameAnalyzerEnd] CYBERNETICSCORE   total:   1 alive:   1 dead:   0 
2022-10-24 11:25:02.358 | [GameAnalyzerEnd] Minerals max 750 Average 272
2022-10-24 11:25:02.358 | [GameAnalyzerEnd] Vespene max 0 Average 0
2022-10-24 11:25:02.362 | INFO     | sc2.main:_play_game:228 - Result for player 1 - Bot Turtles(Terran): Defeat
2022-10-24 11:25:03.461 | INFO     | sc2.protocol:__request:48 - Cannot receive: Game has already ended.
2022-10-24 11:25:03.463 | INFO     | sc2.sc2process:_close_connection:231 - Closing connection at 61617...
2022-10-24 11:25:03.464 | INFO     | sc2.sc2process:kill_all:33 - kill_switch: Process cleanup for 1 processes
