2022-10-25 23:18:53.618 | INFO     | sc2.protocol:_execute:72 - Client status changed to Status.launched (was None)
2022-10-25 23:18:53.619 | INFO     | sc2.controller:create_game:37 - Creating new game
2022-10-25 23:18:53.621 | INFO     | sc2.controller:create_game:38 - Map:     StargazersAIE
2022-10-25 23:18:53.622 | INFO     | sc2.controller:create_game:39 - Players: Bot Turtles(Terran), Computer VeryHard(Random, RandomBuild)
2022-10-25 23:18:53.624 | INFO     | sc2.protocol:_execute:72 - Client status changed to Status.init_game (was Status.launched)
2022-10-25 23:19:01.442 | INFO     | sc2.protocol:_execute:72 - Client status changed to Status.in_game (was None)
2022-10-25 23:19:01.444 | INFO     | sc2.main:_play_game:221 - Player 1 - Bot Turtles(Terran)
2022-10-25 23:19:01.993 | 00:00    0ms    0M    0G  12/ 15U [Version] 5.0.10.88500
2022-10-25 23:19:01.995 | 00:00    0ms    0M    0G  12/ 15U [Version] 5.0.6 Balance mod recognized.
2022-10-25 23:19:02.078 | 00:00    0ms    0M    0G  12/ 15U [ZoneManager] Map set to: MapName.Unknown from name: StargazersAIE and hash: 3330616.
2022-10-25 23:19:02.798 | [Start] My race: Terran
2022-10-25 23:19:02.799 | [Start] Opponent race: Random
2022-10-25 23:19:02.800 | [Start] OpponentId: None
2022-10-25 23:19:03.020 | 00:00    7ms    0M    0G  13/ 15U [GameAnalyzer] Income advantage is now SlightDisadvantage
2022-10-25 23:19:03.104 | 00:01    7ms    0M    0G  13/ 15U [GameAnalyzer] Income advantage is now Even
2022-10-25 23:19:03.434 | 00:04    7ms    5M    0G  13/ 15U [GameAnalyzer] Income advantage is now SlightDisadvantage
2022-10-25 23:19:03.452 | 00:04    8ms   15M    0G  13/ 15U [GameAnalyzer] Income advantage is now Even
2022-10-25 23:19:04.677 | 00:15    7ms    0M    0G  13/ 15U [ActUnit] SCV from COMMANDCENTER at (160.5, 123.5)
2022-10-25 23:19:06.640 | 00:27    6ms  105M    0G  14/ 15U [ActUnit] SCV from COMMANDCENTER at (160.5, 123.5)
2022-10-25 23:19:07.897 | 00:38    8ms   15M    0G  15/ 23U [BuildGas] Building REFINERY to (167.5, 120.5)
2022-10-25 23:19:08.313 | 00:42    6ms    0M    0G  15/ 23U [ActUnit] SCV from COMMANDCENTER at (160.5, 123.5)
2022-10-25 23:19:08.472 | 00:43    6ms   20M    0G  16/ 23U [GameAnalyzer] Income advantage is now SlightDisadvantage
2022-10-25 23:19:08.496 | 00:43    8ms   20M    0G  16/ 23U [GameAnalyzer] Income advantage is now Even
2022-10-25 23:19:08.582 | 00:44    7ms   35M    0G  16/ 23U [GameAnalyzer] Income advantage is now SlightDisadvantage
2022-10-25 23:19:08.602 | 00:44    8ms   45M    0G  16/ 23U [GameAnalyzer] Income advantage is now Even
2022-10-25 23:19:09.718 | 00:54    6ms  110M    0G  16/ 23U [ActUnit] SCV from COMMANDCENTER at (160.5, 123.5)
2022-10-25 23:19:11.369 | 01:06   10ms  205M    8G  17/ 23U [ActUnit] SCV from COMMANDCENTER at (160.5, 123.5)
2022-10-25 23:19:13.221 | 01:16   18ms  335M   28G  18/ 23U [GameAnalyzer] Income advantage is now SlightAdvantage
2022-10-25 23:19:13.270 | 01:16   25ms  340M   32G  18/ 23U [GameAnalyzer] Income advantage is now SmallAdvantage
2022-10-25 23:19:13.310 | 01:16   19ms  340M   32G  18/ 23U [GameAnalyzer] Income advantage is now SlightAdvantage
2022-10-25 23:19:13.433 | 01:17   30ms  340M   32G  18/ 23U [GameAnalyzer] Income advantage is now Even
2022-10-25 23:19:13.656 | 01:18    9ms  310M   36G  18/ 23U [ActUnit] SCV from COMMANDCENTER at (160.5, 123.5)
2022-10-25 23:19:14.222 | 01:22   12ms  360M   44G  19/ 23U [EnemyArmyPredicter] Predicting negative free minerals for enemy: -185
2022-10-25 23:19:14.469 | 01:24   12ms  380M   52G  19/ 23U [GameAnalyzer] Income advantage is now SlightDisadvantage
2022-10-25 23:19:14.554 | 01:24   12ms  390M   52G  19/ 23U [GameAnalyzer] Income advantage is now Even
2022-10-25 23:19:14.582 | 01:25   12ms  390M   52G  19/ 23U [GameAnalyzer] Income advantage is now SlightDisadvantage
2022-10-25 23:19:14.585 | 01:25   12ms  190M    2G  19/ 23U [TerranUnit] REAPER from BARRACKS at (157.5, 116.5)
2022-10-25 23:19:14.645 | 01:25   12ms  355M    2G  20/ 23U [GameAnalyzer] Income advantage is now Even
2022-10-25 23:19:14.678 | 01:25   13ms  355M    2G  20/ 23U [GameAnalyzer] Income advantage is now SlightDisadvantage
2022-10-25 23:19:14.707 | 01:25   12ms  360M    6G  20/ 23U [GameAnalyzer] Income advantage is now Even
2022-10-25 23:19:14.816 | 01:26   13ms  360M    6G  20/ 23U [GameAnalyzer] Income advantage is now SlightDisadvantage
2022-10-25 23:19:14.845 | 01:26   11ms  360M    6G  20/ 23U [GameAnalyzer] Income advantage is now Even
2022-10-25 23:19:15.051 | 01:28   11ms  375M   10G  20/ 23U [GameAnalyzer] Income advantage is now SlightDisadvantage
2022-10-25 23:19:15.134 | 01:28   13ms  390M   10G  20/ 23U [GameAnalyzer] Income advantage is now Even
2022-10-25 23:19:15.165 | 01:28   11ms  390M   14G  20/ 23U [GameAnalyzer] Income advantage is now SlightDisadvantage
2022-10-25 23:19:15.278 | 01:29   11ms  405M   14G  20/ 23U [GameAnalyzer] Income advantage is now Even
2022-10-25 23:19:15.335 | 01:29   10ms  410M   14G  20/ 23U [GameAnalyzer] Income advantage is now SlightDisadvantage
2022-10-25 23:19:15.440 | 01:30   10ms  420M   18G  20/ 23U [GameAnalyzer] Income advantage is now Even
2022-10-25 23:19:15.884 | 01:33   10ms  300M   26G  20/ 23U [GameAnalyzer] Income advantage is now SlightDisadvantage
2022-10-25 23:19:15.936 | 01:33   10ms  305M   26G  20/ 23U [GameAnalyzer] Income advantage is now Even
2022-10-25 23:19:16.070 | 01:34   13ms  325M   26G  20/ 23U [GameAnalyzer] Income advantage is now SlightDisadvantage
2022-10-25 23:19:16.094 | 01:34   12ms  325M   30G  20/ 23U [GameAnalyzer] Income advantage is now Even
2022-10-25 23:19:16.451 | 01:37   11ms  355M   34G  20/ 23U [GameAnalyzer] Income advantage is now SmallDisadvantage
2022-10-25 23:19:18.747 | 01:52    9ms  610M   78G  20/ 23U [Expand] Expanding to (159.5, 96.5)
2022-10-25 23:19:19.169 | 01:55   12ms  205M   86G  20/ 23U [ActUnit] SCV from COMMANDCENTER at (160.5, 123.5)
2022-10-25 23:19:19.469 | 01:57   36ms  220M   90G  21/ 23U [GameAnalyzer] Known army advantage is now SlightAdvantage
2022-10-25 23:19:19.470 | 01:57   36ms  220M   90G  21/ 23U [GameAnalyzer] Predicted army advantage is now SlightAdvantage
2022-10-25 23:19:19.472 | 01:57   36ms  220M   90G  21/ 23U [BuildAddon] UnitTypeId.BARRACKSREACTOR to (160.0, 116.0)
2022-10-25 23:19:20.088 | 02:01   12ms   80M   52G  21/ 23U [GameAnalyzer] Income advantage is now SlightDisadvantage
2022-10-25 23:19:20.121 | 02:01   15ms   85M   52G  21/ 23U [GameAnalyzer] Income advantage is now Even
2022-10-25 23:19:20.150 | 02:01   13ms   85M   52G  21/ 23U [GameAnalyzer] Income advantage is now SlightDisadvantage
2022-10-25 23:19:20.491 | 02:03   13ms   20M   56G  21/ 23U [GameAnalyzer] Income advantage is now Even
2022-10-25 23:19:20.517 | 02:04   12ms   20M   60G  21/ 23U [GameAnalyzer] Income advantage is now SlightDisadvantage
2022-10-25 23:19:20.653 | 02:05   12ms   60M   60G  21/ 23U [GameAnalyzer] Income advantage is now Even
2022-10-25 23:19:20.682 | 02:05   12ms   60M   60G  21/ 23U [GameAnalyzer] Income advantage is now SlightDisadvantage
2022-10-25 23:19:21.028 | 02:07   11ms   90M   68G  21/ 23U [GameAnalyzer] Income advantage is now Even
2022-10-25 23:19:21.058 | 02:07   14ms   90M   68G  21/ 23U [GameAnalyzer] Income advantage is now SlightDisadvantage
2022-10-25 23:19:21.118 | 02:08   12ms   40M   68G  21/ 23U [ActUnit] SCV from COMMANDCENTER at (160.5, 123.5)
2022-10-25 23:19:21.198 | 02:08   11ms   55M   72G  22/ 23U [GameAnalyzer] Income advantage is now Even
2022-10-25 23:19:21.252 | 02:08   11ms   55M   72G  22/ 23U [GameAnalyzer] Income advantage is now SlightDisadvantage
2022-10-25 23:19:21.420 | 02:09   12ms   70M   72G  22/ 23U [GameAnalyzer] Income advantage is now Even
2022-10-25 23:19:21.446 | 02:10   13ms   70M   76G  22/ 23U [GameAnalyzer] Income advantage is now SlightDisadvantage
2022-10-25 23:19:21.738 | 02:11   11ms  125M   80G  22/ 23U [GameAnalyzer] Income advantage is now Even
2022-10-25 23:19:21.800 | 02:12   11ms  125M   80G  22/ 23U [GameAnalyzer] Income advantage is now SlightDisadvantage
2022-10-25 23:19:21.833 | 02:12   13ms  125M   80G  22/ 23U [GameAnalyzer] Income advantage is now Even
2022-10-25 23:19:21.860 | 02:12   14ms  125M   80G  22/ 23U [GameAnalyzer] Income advantage is now SlightDisadvantage
2022-10-25 23:19:21.919 | 02:12   11ms  130M   84G  22/ 23U [GameAnalyzer] Income advantage is now Even
2022-10-25 23:19:22.010 | 02:13   12ms  140M   84G  22/ 23U [GameAnalyzer] Income advantage is now SlightDisadvantage
2022-10-25 23:19:22.447 | 02:16   14ms  185M   92G  22/ 23U [GameAnalyzer] Income advantage is now Even
2022-10-25 23:19:22.905 | 02:19   11ms    0M    0G  22/ 23U [BuildGas] Building REFINERY to (156.5, 130.5)
2022-10-25 23:19:23.379 | 02:22   10ms    0M    8G  22/ 23U [ActUnit] SCV from COMMANDCENTER at (160.5, 123.5)
2022-10-25 23:19:24.935 | 02:32   12ms  100M   36G  23/ 31U [TerranUnit] MARINE from BARRACKS at (157.5, 116.5)
2022-10-25 23:19:24.959 | 02:33   13ms   50M   36G  24/ 31U [TerranUnit] MARINE from BARRACKS at (157.5, 116.5)
2022-10-25 23:19:25.163 | 02:34   12ms   55M   40G  25/ 31U [ActUnit] SCV from COMMANDCENTER at (160.5, 123.5)
2022-10-25 23:19:26.979 | 02:46   11ms  180M   72G  26/ 31U [ActUnit] SCV from COMMANDCENTER at (160.5, 123.5)
2022-10-25 23:19:26.982 | 02:46   11ms  180M   72G  26/ 31U [BuildAddon] UnitTypeId.BARRACKSTECHLAB to (155.0, 122.0)
2022-10-25 23:19:27.601 | 02:50   11ms  160M   63G  27/ 31U [TerranUnit] MARINE from BARRACKS at (157.5, 116.5)
2022-10-25 23:19:27.628 | 02:50   13ms  110M   63G  28/ 31U [TerranUnit] MARINE from BARRACKS at (157.5, 116.5)
2022-10-25 23:19:27.864 | 02:52   15ms  125M   71G  29/ 31U [GameAnalyzer] Income advantage is now SlightDisadvantage
2022-10-25 23:19:27.894 | 02:52   15ms  135M   71G  29/ 31U [GameAnalyzer] Income advantage is now Even
2022-10-25 23:19:28.812 | 02:57   12ms  230M   91G  29/ 31U [GameAnalyzer] Income advantage is now SlightDisadvantage
2022-10-25 23:19:28.848 | 02:57   15ms  235M   91G  29/ 31U [GameAnalyzer] Income advantage is now Even
2022-10-25 23:19:29.026 | 02:58   12ms  255M   95G  29/ 31U [GameAnalyzer] Income advantage is now SlightDisadvantage
2022-10-25 23:19:29.052 | 02:58   15ms  255M   99G  29/ 31U [GameAnalyzer] Income advantage is now Even
2022-10-25 23:19:29.088 | 02:58   13ms  210M   99G  29/ 31U [ActUnit] SCV from COMMANDCENTER at (160.5, 123.5)
2022-10-25 23:19:30.095 | 03:04   13ms  310M  131G  30/ 31U [Tech] Started STIMPACK
2022-10-25 23:19:30.098 | 03:04   13ms  160M   31G  30/ 31U [TerranUnit] MARINE from BARRACKS at (152.5, 122.5)
2022-10-25 23:19:30.507 | 03:06   12ms  195M   39G  31/ 31U [GameAnalyzer] Income advantage is now SlightDisadvantage
2022-10-25 23:19:30.543 | 03:06   14ms  215M   39G  31/ 31U [GameAnalyzer] Income advantage is now Even
2022-10-25 23:19:30.843 | 03:08   14ms  255M   51G  31/ 31U [GameAnalyzer] Known army advantage is now SmallAdvantage
2022-10-25 23:19:30.844 | 03:08   14ms  255M   51G  31/ 31U [GameAnalyzer] Predicted army advantage is now SmallAdvantage
2022-10-25 23:19:31.584 | 03:12   13ms  120M   71G  31/ 46U [TerranUnit] MARINE from BARRACKS at (157.5, 116.5)
2022-10-25 23:19:31.623 | 03:12   15ms   70M   71G  32/ 46U [TerranUnit] MARINE from BARRACKS at (157.5, 116.5)
2022-10-25 23:19:33.318 | 03:22   13ms  210M  127G  33/ 46U [TerranUnit] MARINE from BARRACKS at (152.5, 122.5)
2022-10-25 23:19:34.816 | 03:30   13ms  370M  167G  34/ 46U [TerranUnit] MARINE from BARRACKS at (157.5, 116.5)
2022-10-25 23:19:34.846 | 03:30   16ms  320M  167G  35/ 46U [TerranUnit] MARINE from BARRACKS at (157.5, 116.5)
2022-10-25 23:19:35.067 | 03:31   13ms  350M  175G  36/ 46U [BuildAddon] UnitTypeId.FACTORYREACTOR to (167.0, 114.0)
2022-10-25 23:19:35.434 | 03:33   15ms   70M   41G  36/ 46U [GameAnalyzer] Income advantage is now SlightDisadvantage
2022-10-25 23:19:35.472 | 03:34   15ms   80M   41G  36/ 46U [GameAnalyzer] Income advantage is now Even
2022-10-25 23:19:36.176 | 03:37   16ms  120M   57G  36/ 46U [ActUnit] SCV from COMMANDCENTER at (159.5, 96.5)
2022-10-25 23:19:36.206 | 03:37   15ms   70M   57G  37/ 46U [ActUnit] SCV from COMMANDCENTER at (160.5, 123.5)
2022-10-25 23:19:36.698 | 03:40   21ms   65M   73G  38/ 46U [TerranUnit] MARINE from BARRACKS at (152.5, 122.5)
2022-10-25 23:19:38.302 | 03:48   14ms  255M  113G  39/ 46U [GameAnalyzer] Known army advantage is now ClearAdvantage
2022-10-25 23:19:38.303 | 03:48   14ms  255M  113G  39/ 46U [GameAnalyzer] Predicted army advantage is now ClearAdvantage
2022-10-25 23:19:38.305 | 03:48   14ms  205M  113G  39/ 46U [TerranUnit] MARINE from BARRACKS at (157.5, 116.5)
2022-10-25 23:19:38.343 | 03:48   16ms  155M  121G  40/ 46U [TerranUnit] MARINE from BARRACKS at (157.5, 116.5)
2022-10-25 23:19:38.573 | 03:49   14ms   35M  121G  41/ 46U [ActUnit] SCV from COMMANDCENTER at (159.5, 96.5)
2022-10-25 23:19:38.787 | 03:50   14ms    0M  129G  42/ 46U [ActUnit] SCV from COMMANDCENTER at (160.5, 123.5)
2022-10-25 23:19:40.160 | 03:58   16ms   30M  169G  43/ 46U [TerranUnit] MARINE from BARRACKS at (152.5, 122.5)
2022-10-25 23:19:40.968 | 04:01   15ms  180M  193G  44/ 54U [ActUnit] SCV from COMMANDCENTER at (159.5, 96.5)
2022-10-25 23:19:41.192 | 04:03   15ms  140M  193G  45/ 54U [ActUnit] SCV from COMMANDCENTER at (160.5, 123.5)
2022-10-25 23:19:41.872 | 04:06   15ms  200M  217G  46/ 54U [TerranUnit] MARINE from BARRACKS at (157.5, 116.5)
2022-10-25 23:19:41.915 | 04:06   16ms  160M  217G  47/ 54U [TerranUnit] MARINE from BARRACKS at (157.5, 116.5)
2022-10-25 23:19:42.211 | 04:07   15ms    0M  200G  48/ 54U [TerranUnit] WIDOWMINE from FACTORY at (164.5, 114.5)
2022-10-25 23:19:42.980 | 04:11   18ms    5M  191G  50/ 54U [TerranUnit] WIDOWMINE from FACTORY at (164.5, 114.5)
2022-10-25 23:19:43.724 | 04:14   19ms   60M  207G  52/ 54U [ActUnit] SCV from COMMANDCENTER at (159.5, 96.5)
2022-10-25 23:19:43.965 | 04:15   18ms   30M  215G  53/ 54U [ActUnit] SCV from COMMANDCENTER at (160.5, 123.5)
2022-10-25 23:19:44.049 | 04:15   16ms   45M  215G  54/ 62U [GameAnalyzer] Income advantage is now SlightAdvantage
2022-10-25 23:19:44.133 | 04:15   17ms   45M  215G  54/ 62U [GameAnalyzer] Income advantage is now Even
2022-10-25 23:19:44.186 | 04:16   19ms    0M  215G  54/ 62U [TerranUnit] MARINE from BARRACKS at (152.5, 122.5)
2022-10-25 23:19:44.267 | 04:16   18ms    5M  215G  55/ 62U [GameAnalyzer] Income advantage is now SlightAdvantage
2022-10-25 23:19:44.395 | 04:16   19ms   10M  223G  55/ 62U [GameAnalyzer] Income advantage is now Even
2022-10-25 23:19:44.524 | 04:17   18ms   25M  223G  55/ 62U [GameAnalyzer] Income advantage is now SlightAdvantage
2022-10-25 23:19:44.646 | 04:18   17ms   35M  231G  55/ 62U [GameAnalyzer] Income advantage is now Even
2022-10-25 23:19:45.241 | 04:20   19ms   40M  239G  55/ 62U [GameAnalyzer] Income advantage is now SlightAdvantage
2022-10-25 23:19:45.285 | 04:20   20ms   40M  239G  55/ 62U [GameAnalyzer] Income advantage is now Even
2022-10-25 23:19:45.323 | 04:20   19ms   45M  239G  55/ 62U [GameAnalyzer] Income advantage is now SlightAdvantage
2022-10-25 23:19:45.370 | 04:21   21ms   45M  247G  55/ 62U [GameAnalyzer] Income advantage is now Even
2022-10-25 23:19:45.453 | 04:21   17ms   50M  247G  55/ 62U [GameAnalyzer] Income advantage is now SlightAdvantage
2022-10-25 23:19:45.494 | 04:21   21ms   50M  247G  55/ 62U [GameAnalyzer] Income advantage is now Even
2022-10-25 23:19:45.618 | 04:22   19ms   70M  247G  55/ 62U [GameAnalyzer] Income advantage is now SlightAdvantage
2022-10-25 23:19:45.657 | 04:22   18ms   70M  247G  55/ 62U [GameAnalyzer] Income advantage is now Even
2022-10-25 23:19:45.733 | 04:22   18ms   75M  255G  55/ 62U [GameAnalyzer] Income advantage is now SlightAdvantage
2022-10-25 23:19:45.781 | 04:22   18ms   75M  255G  55/ 62U [GameAnalyzer] Income advantage is now Even
2022-10-25 23:19:46.022 | 04:23   17ms  115M  263G  55/ 62U [GameAnalyzer] Income advantage is now SlightAdvantage
2022-10-25 23:19:46.068 | 04:24   19ms  120M  263G  55/ 62U [GameAnalyzer] Income advantage is now Even
2022-10-25 23:19:46.073 | 04:24   19ms   70M  263G  55/ 62U [TerranUnit] MARINE from BARRACKS at (157.5, 116.5)
2022-10-25 23:19:46.120 | 04:24   23ms   25M  263G  56/ 62U [TerranUnit] MARINE from BARRACKS at (157.5, 116.5)
2022-10-25 23:19:46.321 | 04:25   18ms   35M  263G  57/ 62U [GameAnalyzer] Income advantage is now SlightAdvantage
2022-10-25 23:19:46.410 | 04:25   18ms   40M  271G  57/ 62U [GameAnalyzer] Income advantage is now Even
2022-10-25 23:19:46.493 | 04:25   19ms  100M  271G  57/ 62U [GameAnalyzer] Income advantage is now SlightAdvantage
2022-10-25 23:19:46.541 | 04:26   19ms  100M  271G  57/ 62U [GameAnalyzer] Income advantage is now Even
2022-10-25 23:19:46.584 | 04:26   19ms   55M  271G  57/ 62U [ActUnit] SCV from COMMANDCENTER at (159.5, 96.5)
2022-10-25 23:19:46.858 | 04:27   18ms   25M  279G  58/ 62U [ActUnit] SCV from COMMANDCENTER at (160.5, 123.5)
2022-10-25 23:19:46.947 | 04:27   19ms   40M  279G  59/ 62U [GameAnalyzer] Income advantage is now SlightAdvantage
2022-10-25 23:19:47.122 | 04:28   19ms   50M  287G  59/ 62U [GameAnalyzer] Income advantage is now Even
2022-10-25 23:19:47.253 | 04:28   17ms   75M  287G  59/ 62U [GameAnalyzer] Income advantage is now SlightAdvantage
2022-10-25 23:19:47.517 | 04:30   18ms   95M  295G  59/ 62U [GameAnalyzer] Income advantage is now Even
2022-10-25 23:19:47.556 | 04:30   22ms  100M  295G  59/ 62U [GameAnalyzer] Income advantage is now SlightAdvantage
2022-10-25 23:19:47.648 | 04:30   18ms  100M  295G  59/ 62U [GameAnalyzer] Income advantage is now Even
2022-10-25 23:19:47.814 | 04:31   19ms  130M  299G  59/ 62U [GameAnalyzer] Income advantage is now SlightAdvantage
2022-10-25 23:19:47.961 | 04:31   19ms  140M  303G  59/ 70U [GameAnalyzer] Income advantage is now Even
2022-10-25 23:19:48.144 | 04:32   19ms  155M  303G  59/ 70U [GameAnalyzer] Income advantage is now SlightAdvantage
2022-10-25 23:19:48.146 | 04:32   19ms  155M  303G  59/ 70U [GameAnalyzer] Known army advantage is now OverwhelmingAdvantage
2022-10-25 23:19:48.147 | 04:32   19ms  155M  303G  59/ 70U [GameAnalyzer] Predicted army advantage is now OverwhelmingAdvantage
2022-10-25 23:19:48.352 | 04:33   19ms  215M  311G  59/ 70U [GameAnalyzer] Income advantage is now Even
2022-10-25 23:19:48.435 | 04:33   18ms  230M  311G  59/ 70U [GameAnalyzer] Income advantage is now SlightAdvantage
2022-10-25 23:19:48.552 | 04:33   20ms  190M  311G  59/ 70U [TerranUnit] MARINE from BARRACKS at (152.5, 122.5)
2022-10-25 23:19:48.605 | 04:34   49ms   95M  211G  60/ 70U [TerranUnit] MEDIVAC from STARPORT at (164.5, 114.5)
2022-10-25 23:19:48.652 | 04:34   21ms    0M  119G  62/ 70U [TerranUnit] MEDIVAC from STARPORT at (164.5, 114.5)
2022-10-25 23:19:48.737 | 04:34   19ms   10M  119G  64/ 70U [GameAnalyzer] Income advantage is now Even
2022-10-25 23:19:48.866 | 04:35   20ms   20M  119G  64/ 70U [GameAnalyzer] Income advantage is now SlightAdvantage
2022-10-25 23:19:49.087 | 04:36   20ms   40M  127G  64/ 70U [GameAnalyzer] Income advantage is now Even
2022-10-25 23:19:49.176 | 04:36   19ms   50M  127G  64/ 70U [GameAnalyzer] Income advantage is now SlightAdvantage
2022-10-25 23:19:49.644 | 04:38   19ms   40M  135G  64/ 70U [ActUnit] SCV from COMMANDCENTER at (159.5, 96.5)
2022-10-25 23:19:49.871 | 04:39   21ms   70M  143G  65/ 70U [GameAnalyzer] Income advantage is now Even
2022-10-25 23:19:49.917 | 04:39   23ms   80M  143G  65/ 70U [GameAnalyzer] Income advantage is now SlightAdvantage
2022-10-25 23:19:49.919 | 04:39   23ms   30M  143G  65/ 70U [ActUnit] SCV from COMMANDCENTER at (160.5, 123.5)
2022-10-25 23:19:49.973 | 04:39   22ms   55M  143G  66/ 70U [GameAnalyzer] Income advantage is now Even
2022-10-25 23:19:50.013 | 04:39   23ms   85M  143G  66/ 70U [GameAnalyzer] Income advantage is now SlightAdvantage
2022-10-25 23:19:50.197 | 04:40   18ms    0M  151G  66/ 70U [GameAnalyzer] Income advantage is now Even
2022-10-25 23:19:50.330 | 04:41   18ms   15M  151G  66/ 70U [GameAnalyzer] Income advantage is now SlightAdvantage
2022-10-25 23:19:50.472 | 04:41   18ms   35M  159G  66/ 70U [GameAnalyzer] Income advantage is now Even
2022-10-25 23:19:50.521 | 04:41   19ms   40M  159G  66/ 70U [GameAnalyzer] Income advantage is now SlightAdvantage
2022-10-25 23:19:50.562 | 04:41   21ms   40M  159G  66/ 70U [GameAnalyzer] Income advantage is now Even
2022-10-25 23:19:50.618 | 04:42   20ms   45M  159G  66/ 70U [GameAnalyzer] Income advantage is now SlightAdvantage
2022-10-25 23:19:50.699 | 04:42   20ms   50M  159G  66/ 70U [GameAnalyzer] Income advantage is now SmallAdvantage
2022-10-25 23:19:50.746 | 04:42   21ms   50M  159G  66/ 70U [GameAnalyzer] Income advantage is now SlightAdvantage
2022-10-25 23:19:50.841 | 04:43   22ms   55M  163G  66/ 70U [GameAnalyzer] Income advantage is now Even
2022-10-25 23:19:50.956 | 04:43   20ms   75M  167G  66/ 70U [GameAnalyzer] Income advantage is now SlightAdvantage
2022-10-25 23:19:51.175 | 04:44   21ms   95M  167G  66/ 78U [GameAnalyzer] Income advantage is now Even
2022-10-25 23:19:51.232 | 04:44   20ms  105M  167G  66/ 78U [GameAnalyzer] Income advantage is now SlightAdvantage
2022-10-25 23:19:51.290 | 04:44   27ms  110M  167G  66/ 78U [Tech] Started SHIELDWALL
2022-10-25 23:19:51.610 | 04:45   21ms   45M   75G  66/ 78U [GameAnalyzer] Income advantage is now SmallAdvantage
2022-10-25 23:19:51.672 | 04:45   22ms   50M   75G  66/ 78U [GameAnalyzer] Income advantage is now SlightAdvantage
2022-10-25 23:19:51.702 | 04:45   22ms   50M   75G  66/ 78U [BuildAddon] UnitTypeId.FACTORYTECHLAB to (155.0, 114.0)
2022-10-25 23:19:51.948 | 04:46   20ms   20M   58G  66/ 78U [GameAnalyzer] Income advantage is now SmallAdvantage
2022-10-25 23:19:51.997 | 04:46   19ms   50M   58G  66/ 78U [GameAnalyzer] Income advantage is now SlightAdvantage
2022-10-25 23:19:52.169 | 04:47   17ms   60M   66G  66/ 78U [GameAnalyzer] Income advantage is now SmallAdvantage
2022-10-25 23:19:52.215 | 04:47   21ms   65M   66G  66/ 78U [GameAnalyzer] Income advantage is now SlightAdvantage
2022-10-25 23:19:52.449 | 04:48   18ms  105M   66G  66/ 78U [GameAnalyzer] Income advantage is now SmallAdvantage
2022-10-25 23:19:52.542 | 04:49   18ms  115M   74G  66/ 78U [GameAnalyzer] Income advantage is now SlightAdvantage
2022-10-25 23:19:52.899 | 04:50   19ms  125M   82G  66/ 78U [ActUnit] SCV from COMMANDCENTER at (159.5, 96.5)
2022-10-25 23:19:53.077 | 04:51   19ms  145M   82G  67/ 78U [GameAnalyzer] Income advantage is now SmallAdvantage
2022-10-25 23:19:53.128 | 04:51   21ms  145M   82G  67/ 78U [GameAnalyzer] Income advantage is now SlightAdvantage
2022-10-25 23:19:53.175 | 04:51   21ms   95M   82G  67/ 78U [ActUnit] SCV from COMMANDCENTER at (160.5, 123.5)
2022-10-25 23:19:53.221 | 04:51   21ms    0M   57G  68/ 78U [TerranUnit] MARAUDER from BARRACKS at (152.5, 122.5)
2022-10-25 23:19:53.311 | 04:52   22ms   15M   65G  70/ 78U [GameAnalyzer] Income advantage is now SmallAdvantage
2022-10-25 23:19:53.366 | 04:52   22ms   20M   65G  70/ 78U [GameAnalyzer] Income advantage is now SlightAdvantage
2022-10-25 23:19:53.410 | 04:52   22ms   25M   65G  70/ 78U [GameAnalyzer] Income advantage is now SmallAdvantage
2022-10-25 23:19:53.474 | 04:52   24ms   25M   65G  70/ 78U [GameAnalyzer] Income advantage is now SlightAdvantage
2022-10-25 23:19:53.517 | 04:52   22ms   25M   65G  70/ 78U [GameAnalyzer] Income advantage is now Even
2022-10-25 23:19:53.569 | 04:53   22ms   35M   65G  70/ 78U [GameAnalyzer] Income advantage is now SlightAdvantage
2022-10-25 23:19:53.707 | 04:53   20ms   60M   73G  70/ 78U [GameAnalyzer] Income advantage is now SmallAdvantage
2022-10-25 23:19:53.756 | 04:53   23ms   60M   73G  70/ 78U [GameAnalyzer] Income advantage is now SlightAdvantage
2022-10-25 23:19:53.889 | 04:54   21ms   95M   73G  70/ 78U [GameAnalyzer] Income advantage is now SmallAdvantage
2022-10-25 23:19:53.942 | 04:54   22ms  100M   73G  70/ 78U [GameAnalyzer] Income advantage is now SlightAdvantage
2022-10-25 23:19:54.263 | 04:55   19ms   40M   81G  70/ 78U [GameAnalyzer] Income advantage is now SmallAdvantage
2022-10-25 23:19:54.316 | 04:55   24ms   40M   81G  70/ 78U [GameAnalyzer] Income advantage is now SlightAdvantage
2022-10-25 23:19:54.535 | 04:56   20ms   95M   89G  70/ 78U [GameAnalyzer] Income advantage is now SmallAdvantage
2022-10-25 23:19:54.627 | 04:57   20ms    0M   89G  70/ 78U [GameAnalyzer] Income advantage is now SlightAdvantage
2022-10-25 23:19:55.231 | 04:59   18ms   75M  105G  70/ 78U [GameAnalyzer] Income advantage is now SmallAdvantage
2022-10-25 23:19:55.284 | 04:59   21ms   75M  105G  70/ 78U [GameAnalyzer] Income advantage is now SlightAdvantage
2022-10-25 23:19:55.545 | 05:00   20ms  105M  109G  70/ 78U [GameAnalyzer] Income advantage is now SmallAdvantage
2022-10-25 23:19:55.588 | 05:00   20ms  210M  113G  70/ 78U [GameAnalyzer] Income advantage is now SlightAdvantage
2022-10-25 23:19:55.594 | 05:00   20ms  135M  113G  70/ 78U [BuildGas] Building REFINERY to (163.5, 103.5)
2022-10-25 23:19:55.646 | 05:01   22ms  160M  113G  70/ 78U [GameAnalyzer] Income advantage is now Even
2022-10-25 23:19:55.685 | 05:01   22ms  165M  113G  70/ 78U [GameAnalyzer] Income advantage is now SlightAdvantage
2022-10-25 23:19:55.776 | 05:01   19ms  185M  113G  70/ 78U [GameAnalyzer] Income advantage is now SmallAdvantage
2022-10-25 23:19:55.826 | 05:01   22ms  185M  113G  70/ 78U [GameAnalyzer] Income advantage is now SlightAdvantage
2022-10-25 23:19:56.049 | 05:02   20ms  155M  121G  70/ 78U [ActUnit] SCV from COMMANDCENTER at (159.5, 96.5)
2022-10-25 23:19:56.100 | 05:02   22ms  160M  121G  71/ 78U [GameAnalyzer] Income advantage is now SmallAdvantage
2022-10-25 23:19:56.146 | 05:03   21ms  165M  121G  71/ 78U [GameAnalyzer] Income advantage is now SlightAdvantage
2022-10-25 23:19:56.330 | 05:03   19ms  200M  129G  71/ 78U [GameAnalyzer] Income advantage is now SmallAdvantage
2022-10-25 23:19:56.332 | 05:03   19ms  150M  129G  71/ 78U [ActUnit] SCV from COMMANDCENTER at (160.5, 123.5)
2022-10-25 23:19:56.425 | 05:04   20ms  155M  129G  72/ 78U [GameAnalyzer] Income advantage is now SlightAdvantage
2022-10-25 23:19:56.663 | 05:05   24ms  200M  129G  72/ 78U [GameAnalyzer] Income advantage is now SmallAdvantage
2022-10-25 23:19:56.759 | 05:05   21ms  205M  137G  72/ 78U [GameAnalyzer] Income advantage is now SlightAdvantage
2022-10-25 23:19:56.987 | 05:06   22ms  240M  137G  72/ 86U [GameAnalyzer] Income advantage is now SmallAdvantage
2022-10-25 23:19:57.042 | 05:06   23ms  245M  137G  72/ 86U [GameAnalyzer] Income advantage is now SlightAdvantage
2022-10-25 23:19:57.092 | 05:06   24ms  250M  141G  72/ 86U [GameAnalyzer] Income advantage is now Even
2022-10-25 23:19:57.097 | 05:06   24ms  100M   66G  72/ 86U [TerranUnit] VIKINGFIGHTER from STARPORT at (164.5, 114.5)
2022-10-25 23:19:57.490 | 05:08   22ms  160M   70G  74/ 86U [GameAnalyzer] Income advantage is now SlightDisadvantage
2022-10-25 23:19:57.542 | 05:08   24ms  170M   78G  74/ 86U [GameAnalyzer] Income advantage is now Even
2022-10-25 23:19:57.944 | 05:09   20ms  135M   86G  74/ 86U [BuildGas] Building REFINERY to (166.5, 99.5)
2022-10-25 23:19:58.039 | 05:10   21ms  140M   86G  74/ 86U [GameAnalyzer] Income advantage is now SlightDisadvantage
2022-10-25 23:19:58.082 | 05:10   24ms  150M   86G  74/ 86U [GameAnalyzer] Income advantage is now Even
2022-10-25 23:19:58.135 | 05:10   24ms  165M   86G  74/ 86U [GameAnalyzer] Predicted army advantage is now Even
2022-10-25 23:19:58.291 | 05:10   25ms  200M   86G  74/ 86U [GameAnalyzer] Income advantage is now SlightDisadvantage
2022-10-25 23:19:58.350 | 05:11   22ms  210M   94G  74/ 86U [GameAnalyzer] Income advantage is now Even
2022-10-25 23:19:58.790 | 05:12   24ms  250M  102G  74/ 86U [GameAnalyzer] Income advantage is now SlightDisadvantage
2022-10-25 23:19:58.935 | 05:13   21ms  170M   77G  74/ 86U [TerranUnit] MARAUDER from BARRACKS at (152.5, 122.5)
2022-10-25 23:19:58.987 | 05:13   23ms  180M   77G  76/ 86U [GameAnalyzer] Income advantage is now Even
2022-10-25 23:19:59.257 | 05:14   23ms  190M   85G  76/ 86U [GameAnalyzer] Income advantage is now SlightDisadvantage
2022-10-25 23:19:59.366 | 05:14   24ms  205M   85G  76/ 86U [GameAnalyzer] Income advantage is now Even
2022-10-25 23:19:59.415 | 05:14   24ms  170M   85G  76/ 86U [ActUnit] SCV from COMMANDCENTER at (159.5, 96.5)
2022-10-25 23:19:59.571 | 05:15   23ms   80M   85G  77/ 86U [GameAnalyzer] Income advantage is now SlightDisadvantage
2022-10-25 23:19:59.732 | 05:15   23ms   85M   93G  77/ 86U [GameAnalyzer] Income advantage is now Even
2022-10-25 23:19:59.734 | 05:15   23ms   35M   93G  77/ 86U [ActUnit] SCV from COMMANDCENTER at (160.5, 123.5)
2022-10-25 23:20:00.036 | 05:16   22ms   75M  101G  78/ 86U [GameAnalyzer] Income advantage is now SlightDisadvantage
2022-10-25 23:20:00.093 | 05:17   26ms   75M  101G  78/ 86U [GameAnalyzer] Income advantage is now Even
2022-10-25 23:20:01.271 | 05:21   22ms  120M   25G  78/ 94U [TerranUnit] MEDIVAC from STARPORT at (164.5, 114.5)
2022-10-25 23:20:01.894 | 05:23   23ms  180M   33G  80/ 94U [GameAnalyzer] Income advantage is now SlightDisadvantage
2022-10-25 23:20:01.944 | 05:23   24ms  190M   33G  80/ 94U [GameAnalyzer] Income advantage is now Even
2022-10-25 23:20:02.432 | 05:25   22ms  255M   41G  80/ 94U [GameAnalyzer] Income advantage is now SlightDisadvantage
2022-10-25 23:20:02.476 | 05:25   27ms  265M   49G  80/ 94U [GameAnalyzer] Income advantage is now Even
2022-10-25 23:20:02.768 | 05:26   23ms  240M   49G  80/ 94U [ActUnit] SCV from COMMANDCENTER at (159.5, 96.5)
2022-10-25 23:20:03.065 | 05:28   23ms  230M   57G  81/ 94U [ActUnit] SCV from COMMANDCENTER at (160.5, 123.5)
2022-10-25 23:20:03.387 | 05:29   25ms  265M   65G  82/ 94U [GameAnalyzer] Income advantage is now SlightDisadvantage
2022-10-25 23:20:03.446 | 05:29   26ms  265M   65G  82/ 94U [GameAnalyzer] Income advantage is now Even
2022-10-25 23:20:03.754 | 05:30   22ms  295M   73G  82/ 94U [GameAnalyzer] Income advantage is now SlightDisadvantage
2022-10-25 23:20:03.807 | 05:30   24ms  305M   73G  82/ 94U [GameAnalyzer] Income advantage is now Even
2022-10-25 23:20:04.589 | 05:33   21ms  415M   89G  82/ 94U [Expand] Expanding to (125.5, 129.5)
2022-10-25 23:20:05.030 | 05:34   24ms   35M   97G  82/ 94U [PlanZoneAttack] Power 33.00 is larger than required attack power 27.00 -> attack!
2022-10-25 23:20:05.032 | 05:34   24ms   35M   97G  82/ 94U [PlanZoneAttack] Attack started at 33.00 power.
2022-10-25 23:20:05.926 | 05:37   27ms    0M   96G  82/ 94U [TerranUnit] MARAUDER from BARRACKS at (152.5, 122.5)
2022-10-25 23:20:06.536 | 05:39   26ms   30M  112G  84/ 94U [ActUnit] SCV from COMMANDCENTER at (159.5, 96.5)
2022-10-25 23:20:06.920 | 05:40   26ms   15M  120G  85/102U [ActUnit] SCV from COMMANDCENTER at (160.5, 123.5)
2022-10-25 23:20:07.036 | 05:40   26ms   20M  128G  86/102U [GameAnalyzer] Income advantage is now SlightAdvantage
2022-10-25 23:20:07.322 | 05:41   27ms   35M  128G  86/102U [GameAnalyzer] Income advantage is now Even
2022-10-25 23:20:07.772 | 05:42   28ms  280M   44G  86/102U [TerranUnit] MEDIVAC from STARPORT at (164.5, 114.5)
2022-10-25 23:20:07.828 | 05:42   29ms  295M   44G  88/102U [GameAnalyzer] Income advantage is now SlightAdvantage
2022-10-25 23:20:07.959 | 05:43   28ms  300M   44G  88/102U [GameAnalyzer] Income advantage is now Even
2022-10-25 23:20:08.603 | 05:44   27ms  355M   68G  88/102U [GameAnalyzer] Income advantage is now SlightAdvantage
2022-10-25 23:20:08.669 | 05:45   28ms  360M   76G  88/102U [GameAnalyzer] Income advantage is now Even
2022-10-25 23:20:08.989 | 05:45   27ms  415M   84G  88/102U [Expand] Expanding to (125.5, 129.5)
2022-10-25 23:20:09.104 | 05:46   28ms   35M   84G  88/102U [GameAnalyzer] Income advantage is now SlightAdvantage
2022-10-25 23:20:09.165 | 05:46   27ms   35M   92G  88/102U [GameAnalyzer] Income advantage is now Even
2022-10-25 23:20:09.426 | 05:47   26ms   50M   92G  88/102U [GameAnalyzer] Income advantage is now SlightAdvantage
2022-10-25 23:20:09.491 | 05:47   29ms   50M   92G  88/102U [GameAnalyzer] Income advantage is now Even
2022-10-25 23:20:10.117 | 05:49   27ms  515M  112G  88/102U [Expand] Expanding to (125.5, 129.5)
2022-10-25 23:20:10.177 | 05:49   31ms  515M  112G  88/102U [GameAnalyzer] Income advantage is now SlightAdvantage
2022-10-25 23:20:10.184 | 05:49   31ms  515M  112G  88/102U [Expand] Expanding to (125.5, 129.5)
2022-10-25 23:20:10.246 | 05:49   35ms  520M  124G  88/102U [Expand] Expanding to (125.5, 129.5)
2022-10-25 23:20:10.302 | 05:49   31ms  520M  124G  88/102U [GameAnalyzer] Income advantage is now Even
2022-10-25 23:20:10.310 | 05:49   31ms  520M  124G  88/102U [Expand] Expanding to (125.5, 129.5)
2022-10-25 23:20:10.376 | 05:49   32ms  525M  124G  88/102U [Expand] Expanding to (125.5, 129.5)
2022-10-25 23:20:10.440 | 05:50   34ms  525M  124G  88/102U [Expand] Expanding to (125.5, 129.5)
2022-10-25 23:20:10.501 | 05:50   30ms  525M  124G  88/102U [Expand] Expanding to (125.5, 129.5)
2022-10-25 23:20:10.566 | 05:50   31ms  545M  128G  88/102U [Expand] Expanding to (125.5, 129.5)
2022-10-25 23:20:10.628 | 05:50   32ms  550M  128G  88/102U [Expand] Expanding to (125.5, 129.5)
2022-10-25 23:20:10.692 | 05:50   31ms  560M  128G  88/102U [Expand] Expanding to (125.5, 129.5)
2022-10-25 23:20:10.760 | 05:50   31ms  575M  140G  88/102U [Expand] Expanding to (125.5, 129.5)
2022-10-25 23:20:10.828 | 05:51   36ms  580M  140G  88/102U [Expand] Expanding to (125.5, 129.5)
2022-10-25 23:20:10.885 | 05:51   31ms  130M  140G  88/102U [ActUnit] SCV from COMMANDCENTER at (159.5, 96.5)
2022-10-25 23:20:11.269 | 05:52   29ms   95M  156G  89/102U [ActUnit] SCV from COMMANDCENTER at (160.5, 123.5)
2022-10-25 23:20:11.451 | 05:52   28ms  540M  156G  90/102U [GameAnalyzer] Income advantage is now SlightAdvantage
2022-10-25 23:20:11.459 | 05:52   28ms  540M  156G  90/102U [Expand] Expanding to (125.5, 129.5)
2022-10-25 23:20:11.520 | 05:53   32ms  540M  156G  90/102U [GameAnalyzer] Income advantage is now Even
2022-10-25 23:20:11.528 | 05:53   32ms  540M  156G  90/102U [Expand] Expanding to (125.5, 129.5)
2022-10-25 23:20:11.593 | 05:53   35ms  545M  160G  90/102U [Expand] Expanding to (125.5, 129.5)
2022-10-25 23:20:11.663 | 05:53   31ms  545M  160G  90/102U [Expand] Expanding to (125.5, 129.5)
2022-10-25 23:20:11.738 | 05:53   31ms  550M  160G  90/102U [Expand] Expanding to (125.5, 129.5)
2022-10-25 23:20:11.814 | 05:53   33ms  550M  168G  90/102U [Expand] Expanding to (125.5, 129.5)
2022-10-25 23:20:11.884 | 05:53   34ms  560M  172G  90/102U [GameAnalyzer] Income advantage is now SlightAdvantage
2022-10-25 23:20:11.892 | 05:53   34ms  560M  172G  90/102U [Expand] Expanding to (125.5, 129.5)
2022-10-25 23:20:11.958 | 05:54   33ms  560M  172G  90/102U [Expand] Expanding to (125.5, 129.5)
2022-10-25 23:20:12.023 | 05:54   32ms  560M  172G  90/102U [Expand] Expanding to (125.5, 129.5)
2022-10-25 23:20:12.083 | 05:54   30ms  565M  172G  90/102U [GameAnalyzer] Income advantage is now Even
2022-10-25 23:20:12.091 | 05:54   30ms  565M  172G  90/102U [Expand] Expanding to (125.5, 129.5)
2022-10-25 23:20:12.152 | 05:54   34ms  565M  172G  90/102U [Expand] Expanding to (125.5, 129.5)
2022-10-25 23:20:12.224 | 05:54   32ms  575M  176G  90/102U [Expand] Expanding to (125.5, 129.5)
2022-10-25 23:20:12.286 | 05:55   33ms  575M  176G  90/102U [GameAnalyzer] Income advantage is now SlightAdvantage
2022-10-25 23:20:12.294 | 05:55   33ms  575M  176G  90/102U [Expand] Expanding to (125.5, 129.5)
2022-10-25 23:20:12.362 | 05:55   32ms  185M  176G  90/102U [GameAnalyzer] Income advantage is now Even
2022-10-25 23:20:12.368 | 05:55   32ms  135M  176G  90/102U [TerranUnit] MARINE from BARRACKS at (157.5, 116.5)
2022-10-25 23:20:12.489 | 05:55   27ms  105M  188G  91/102U [TerranUnit] MARINE from BARRACKS at (157.5, 116.5)
2022-10-25 23:20:12.545 | 05:55   29ms  115M  188G  92/102U [GameAnalyzer] Income advantage is now SlightAdvantage
2022-10-25 23:20:12.604 | 05:55   30ms  115M  188G  92/102U [GameAnalyzer] Income advantage is now Even
2022-10-25 23:20:12.662 | 05:56   28ms  120M  188G  92/102U [GameAnalyzer] Income advantage is now SlightAdvantage
2022-10-25 23:20:12.723 | 05:56   29ms  120M  192G  92/102U [GameAnalyzer] Income advantage is now Even
2022-10-25 23:20:13.033 | 05:57   27ms  555M  204G  92/102U [Expand] Expanding to (125.5, 129.5)
2022-10-25 23:20:13.102 | 05:57   31ms  565M  204G  92/102U [Expand] Expanding to (125.5, 129.5)
2022-10-25 23:20:13.165 | 05:57   34ms  575M  204G  92/102U [Expand] Expanding to (125.5, 129.5)
2022-10-25 23:20:13.231 | 05:57   31ms  575M  208G  92/102U [Expand] Expanding to (125.5, 129.5)
2022-10-25 23:20:13.288 | 05:57   31ms  580M  208G  92/102U [GameAnalyzer] Income advantage is now SlightAdvantage
2022-10-25 23:20:13.296 | 05:57   31ms  580M  208G  92/102U [Expand] Expanding to (125.5, 129.5)
2022-10-25 23:20:13.359 | 05:58   35ms  580M  208G  92/102U [Expand] Expanding to (125.5, 129.5)
2022-10-25 23:20:13.421 | 05:58   31ms  585M  220G  92/102U [GameAnalyzer] Income advantage is now Even
2022-10-25 23:20:13.430 | 05:58   31ms  585M  220G  92/102U [Expand] Expanding to (125.5, 129.5)
2022-10-25 23:20:13.496 | 05:58   34ms  590M  220G  92/102U [Expand] Expanding to (125.5, 129.5)
2022-10-25 23:20:13.554 | 05:58   35ms  590M  220G  92/102U [Expand] Expanding to (125.5, 129.5)
2022-10-25 23:20:13.615 | 05:58   31ms  490M  195G  92/102U [TerranUnit] MARAUDER from BARRACKS at (152.5, 122.5)
2022-10-25 23:20:13.619 | 05:58   31ms  490M  195G  92/102U [Expand] Expanding to (125.5, 129.5)
2022-10-25 23:20:13.686 | 05:58   34ms  500M  195G  94/102U [GameAnalyzer] Income advantage is now SlightAdvantage
2022-10-25 23:20:13.755 | 05:59   34ms  400M  199G  94/102U [GameAnalyzer] Income advantage is now Even
2022-10-25 23:20:14.896 | 06:01   30ms  400M  227G  94/102U [GameAnalyzer] Predicted army advantage is now SlightDisadvantage
2022-10-25 23:20:15.038 | 06:02   32ms  410M  231G  94/102U [Expand] Expanding to (125.5, 129.5)
2022-10-25 23:20:15.177 | 06:02   28ms   20M  243G  94/102U [GameAnalyzer] Income advantage is now SlightAdvantage
2022-10-25 23:20:15.365 | 06:03   28ms   25M  243G  94/102U [GameAnalyzer] Income advantage is now Even
2022-10-25 23:20:15.511 | 06:03   30ms   75M  247G  94/102U [ActUnit] SCV from COMMANDCENTER at (159.5, 96.5)
2022-10-25 23:20:15.516 | 06:03   30ms   75M  247G  94/102U [Tech] Started PUNISHERGRENADES
2022-10-25 23:20:15.615 | 06:03   68ms   30M  197G  95/102U [GameAnalyzer] Income advantage is now SlightAdvantage
2022-10-25 23:20:15.715 | 06:03   33ms   35M  197G  95/102U [GameAnalyzer] Income advantage is now Even
2022-10-25 23:20:15.924 | 06:04   33ms   60M  209G  95/102U [GameAnalyzer] Income advantage is now SlightAdvantage
2022-10-25 23:20:15.925 | 06:04   33ms   10M  209G  95/102U [ActUnit] SCV from COMMANDCENTER at (160.5, 123.5)
2022-10-25 23:20:16.001 | 06:04   32ms   10M  209G  96/102U [GameAnalyzer] Income advantage is now Even
2022-10-25 23:20:16.397 | 06:05   31ms   45M  217G  96/102U [GameAnalyzer] Income advantage is now SlightAdvantage
2022-10-25 23:20:16.472 | 06:05   31ms   45M  225G  96/102U [GameAnalyzer] Income advantage is now Even
2022-10-25 23:20:16.799 | 06:06   29ms   80M  225G  96/102U [GameAnalyzer] Income advantage is now SlightAdvantage
2022-10-25 23:20:16.954 | 06:06   32ms   80M  229G  96/110U [GameAnalyzer] Income advantage is now Even
2022-10-25 23:20:17.192 | 06:07   35ms   90M  241G  96/110U [GameAnalyzer] Known army advantage is now Even
2022-10-25 23:20:17.193 | 06:07   35ms   90M  241G  96/110U [GameAnalyzer] Predicted army advantage is now Even
2022-10-25 23:20:17.613 | 06:08   38ms  130M  245G  96/110U [GameAnalyzer] Income advantage is now SlightDisadvantage
2022-10-25 23:20:17.690 | 06:08   38ms  135M  245G  96/110U [GameAnalyzer] Income advantage is now Even
2022-10-25 23:20:17.927 | 06:08   36ms  150M  257G  96/110U [GameAnalyzer] Income advantage is now SlightDisadvantage
2022-10-25 23:20:18.181 | 06:09   41ms  180M  257G  96/110U [GameAnalyzer] Income advantage is now Even
2022-10-25 23:20:18.534 | 06:10   36ms  195M  269G  96/110U [GameAnalyzer] Income advantage is now SlightDisadvantage
2022-10-25 23:20:18.803 | 06:10   49ms  335M  273G  96/110U [GameAnalyzer] Income advantage is now Even
2022-10-25 23:20:19.266 | 06:11   43ms  355M  281G  96/110U [GameAnalyzer] Income advantage is now SlightDisadvantage
2022-10-25 23:20:19.355 | 06:11   47ms  360M  289G  96/110U [GameAnalyzer] Income advantage is now Even
2022-10-25 23:20:19.622 | 06:12   43ms  385M  289G  96/110U [GameAnalyzer] Income advantage is now SlightDisadvantage
2022-10-25 23:20:19.807 | 06:12   47ms  405M  293G  96/110U [GameAnalyzer] Income advantage is now Even
2022-10-25 23:20:19.816 | 06:12   47ms  255M  143G  96/110U [TerranUnit] LIBERATOR from STARPORT at (164.5, 114.5)
2022-10-25 23:20:20.005 | 06:12   44ms  255M  143G  99/110U [GameAnalyzer] Income advantage is now SlightDisadvantage
2022-10-25 23:20:20.101 | 06:13   51ms  265M  151G  99/110U [GameAnalyzer] Income advantage is now Even
2022-10-25 23:20:21.331 | 06:15   45ms  180M   25G  98/110U [TerranUnit] LIBERATOR from STARPORT at (164.5, 114.5)
2022-10-25 23:20:21.532 | 06:15   45ms   30M   25G 101/110U [ActUnit] SCV from COMMANDCENTER at (159.5, 96.5)
2022-10-25 23:20:22.009 | 06:16   46ms   10M   37G 102/110U [ActUnit] SCV from COMMANDCENTER at (160.5, 123.5)
2022-10-25 23:20:23.172 | 06:18   46ms   75M   57G 102/110U [GameAnalyzer] Income advantage is now SlightDisadvantage
2022-10-25 23:20:23.258 | 06:18   43ms   85M   65G 102/110U [GameAnalyzer] Income advantage is now Even
2022-10-25 23:20:23.871 | 06:20   40ms   25M   48G 102/110U [TerranUnit] MARAUDER from BARRACKS at (152.5, 122.5)
2022-10-25 23:20:24.830 | 06:22   43ms   90M   76G 103/110U [GameAnalyzer] Income advantage is now SlightDisadvantage
2022-10-25 23:20:24.914 | 06:22   42ms   95M   76G 103/110U [GameAnalyzer] Income advantage is now Even
2022-10-25 23:20:25.091 | 06:22   42ms  105M   80G 103/110U [GameAnalyzer] Income advantage is now ClearAdvantage
2022-10-25 23:20:25.367 | 06:23   45ms  115M   84G 103/110U [GameAnalyzer] Income advantage is now SmallAdvantage
2022-10-25 23:20:25.457 | 06:23   45ms  130M   88G 103/110U [GameAnalyzer] Income advantage is now ClearAdvantage
2022-10-25 23:20:25.549 | 06:23   46ms  130M   92G 103/110U [GameAnalyzer] Income advantage is now SmallAdvantage
2022-10-25 23:20:25.640 | 06:23   47ms  140M   92G 103/110U [GameAnalyzer] Income advantage is now ClearAdvantage
2022-10-25 23:20:25.830 | 06:24   44ms  155M   92G 103/118U [GameAnalyzer] Income advantage is now SmallAdvantage
2022-10-25 23:20:26.016 | 06:24   45ms  165M   96G 103/118U [GameAnalyzer] Income advantage is now ClearAdvantage
2022-10-25 23:20:26.669 | 06:25   44ms  140M  112G 102/118U [TerranUnit] MARINE from BARRACKS at (157.5, 116.5)
2022-10-25 23:20:27.226 | 06:26   41ms  190M  124G 103/118U [GameAnalyzer] Income advantage is now SmallAdvantage
2022-10-25 23:20:27.311 | 06:26   45ms  200M  124G 103/118U [GameAnalyzer] Income advantage is now ClearAdvantage
2022-10-25 23:20:27.761 | 06:27   42ms  165M  136G 103/118U [ActUnit] SCV from COMMANDCENTER at (159.5, 96.5)
2022-10-25 23:20:28.219 | 06:28   42ms  145M  144G 103/118U [ActUnit] SCV from COMMANDCENTER at (160.5, 123.5)
2022-10-25 23:20:28.225 | 06:28   42ms   95M  144G 103/118U [TerranUnit] MARINE from BARRACKS at (157.5, 116.5)
2022-10-25 23:20:28.798 | 06:29   38ms  125M  156G 103/118U [GameAnalyzer] Income advantage is now SmallAdvantage
2022-10-25 23:20:28.888 | 06:30   42ms  135M  156G 103/118U [GameAnalyzer] Income advantage is now ClearAdvantage
2022-10-25 23:20:30.178 | 06:32   35ms  210M  188G  98/118U [Tech] Started TERRANINFANTRYWEAPONSLEVEL1
2022-10-25 23:20:31.232 | 06:35   35ms  200M  112G  96/118U [Tech] Started TERRANINFANTRYARMORSLEVEL1
2022-10-25 23:20:31.932 | 06:36   36ms  160M   32G  93/118U [PlanZoneAttack] Retreat started at 12.70 own local power against 16.15 enemy local power.
2022-10-25 23:20:33.138 | 06:40   27ms  205M   68G  89/126U [ActUnit] SCV from COMMANDCENTER at (159.5, 96.5)
2022-10-25 23:20:33.466 | 06:40   29ms  180M   76G  86/126U [ActUnit] SCV from COMMANDCENTER at (160.5, 123.5)
2022-10-25 23:20:33.710 | 06:41   27ms  170M   84G  87/126U [TerranUnit] MARINE from BARRACKS at (152.5, 122.5)
2022-10-25 23:20:34.430 | 06:43   33ms  170M  104G  84/126U [TerranUnit] MARINE from BARRACKS at (157.5, 116.5)
2022-10-25 23:20:35.498 | 06:46   28ms  225M  136G  85/126U [TerranUnit] MARINE from BARRACKS at (157.5, 116.5)
2022-10-25 23:20:37.267 | 06:51   29ms  380M  196G  86/126U [GameAnalyzer] Income advantage is now SmallAdvantage
2022-10-25 23:20:37.328 | 06:51   30ms  390M  196G  86/126U [GameAnalyzer] Income advantage is now ClearAdvantage
2022-10-25 23:20:37.390 | 06:52   31ms  350M  200G  86/126U [ActUnit] SCV from COMMANDCENTER at (159.5, 96.5)
2022-10-25 23:20:37.712 | 06:53   32ms  335M  208G  87/126U [ActUnit] SCV from COMMANDCENTER at (160.5, 123.5)
2022-10-25 23:20:38.477 | 06:55   29ms  410M  232G  88/126U [Expand] Expanding to (125.5, 129.5)
2022-10-25 23:20:39.075 | 06:56   33ms   50M  248G  88/126U [PlanZoneAttack] Retreat stopped.
2022-10-25 23:20:40.084 | 06:59   31ms   95M  276G  88/126U [TerranUnit] MARINE from BARRACKS at (152.5, 122.5)
2022-10-25 23:20:40.365 | 07:00   33ms  110M  288G  89/126U [GameAnalyzer] Income advantage is now SmallAdvantage
2022-10-25 23:20:40.429 | 07:00   32ms  115M  288G  89/126U [GameAnalyzer] Income advantage is now ClearAdvantage
2022-10-25 23:20:40.856 | 07:01   30ms  105M  296G  89/126U [TerranUnit] MARINE from BARRACKS at (157.5, 116.5)
2022-10-25 23:20:41.320 | 07:02   30ms  145M  312G  90/126U [GameAnalyzer] Income advantage is now SmallAdvantage
2022-10-25 23:20:41.455 | 07:03   30ms  155M  320G  90/126U [GameAnalyzer] Income advantage is now SlightAdvantage
2022-10-25 23:20:41.732 | 07:03   30ms  185M  324G  90/126U [GameAnalyzer] Income advantage is now SmallAdvantage
2022-10-25 23:20:41.863 | 07:04   30ms  200M  328G  90/126U [GameAnalyzer] Income advantage is now SlightAdvantage
2022-10-25 23:20:41.974 | 07:04   36ms  155M  328G  90/126U [ActUnit] SCV from COMMANDCENTER at (159.5, 96.5)
2022-10-25 23:20:42.042 | 07:04   40ms  505M  332G  91/126U [TerranUnit] MARINE from BARRACKS at (157.5, 116.5)
2022-10-25 23:20:42.044 | 07:04   40ms  355M  182G  91/126U [TerranUnit] LIBERATOR from STARPORT at (164.5, 114.5)
2022-10-25 23:20:42.115 | 07:04   33ms  205M   36G  95/126U [TerranUnit] LIBERATOR from STARPORT at (164.5, 114.5)
2022-10-25 23:20:42.313 | 07:05   30ms  170M   40G  98/126U [ActUnit] SCV from COMMANDCENTER at (160.5, 123.5)
2022-10-25 23:20:42.849 | 07:06   31ms  225M   52G  99/126U [GameAnalyzer] Income advantage is now Even
2022-10-25 23:20:42.929 | 07:06   38ms  230M   56G  99/126U [GameAnalyzer] Income advantage is now SlightAdvantage
2022-10-25 23:20:42.995 | 07:06   42ms  245M   60G  99/126U [GameAnalyzer] Income advantage is now SmallAdvantage
2022-10-25 23:20:43.061 | 07:07   32ms  250M   60G  99/126U [GameAnalyzer] Income advantage is now SlightAdvantage
2022-10-25 23:20:43.124 | 07:07   31ms  255M   60G  99/126U [GameAnalyzer] Income advantage is now SmallAdvantage
2022-10-25 23:20:43.196 | 07:07   31ms  255M   68G  99/126U [GameAnalyzer] Income advantage is now SlightAdvantage
2022-10-25 23:20:44.261 | 07:10   34ms  365M   96G  99/126U [GameAnalyzer] Income advantage is now SmallAdvantage
2022-10-25 23:20:44.325 | 07:10   32ms  365M  100G  99/126U [GameAnalyzer] Income advantage is now SlightAdvantage
2022-10-25 23:20:44.922 | 07:12   30ms  403M  114G  99/126U [Expand] Expanding to (125.5, 129.5)
2022-10-25 23:20:45.408 | 07:13   30ms   48M  130G  99/126U [GameAnalyzer] Income advantage is now SmallAdvantage
2022-10-25 23:20:45.606 | 07:13   29ms   63M  130G  99/126U [GameAnalyzer] Income advantage is now SlightAdvantage
2022-10-25 23:20:45.673 | 07:14   32ms   72M  133G  99/126U [GameAnalyzer] Income advantage is now SmallAdvantage
2022-10-25 23:20:45.739 | 07:14   30ms   72M  137G  99/126U [GameAnalyzer] Income advantage is now SlightAdvantage
2022-10-25 23:20:46.235 | 07:15   30ms  112M  145G  99/126U [GameAnalyzer] Income advantage is now SmallAdvantage
2022-10-25 23:20:46.375 | 07:15   31ms  127M  153G  99/126U [GameAnalyzer] Income advantage is now SlightAdvantage
2022-10-25 23:20:46.445 | 07:16   33ms  132M  153G  99/126U [GameAnalyzer] Income advantage is now SmallAdvantage
2022-10-25 23:20:46.581 | 07:16   31ms  141M  160G  99/126U [GameAnalyzer] Income advantage is now SlightAdvantage
2022-10-25 23:20:46.583 | 07:16   31ms   91M  160G  99/126U [ActUnit] SCV from COMMANDCENTER at (159.5, 96.5)
2022-10-25 23:20:46.785 | 07:16   33ms  121M  160G 100/126U [GameAnalyzer] Income advantage is now SmallAdvantage
2022-10-25 23:20:46.936 | 07:17   40ms  126M  168G 100/126U [GameAnalyzer] Income advantage is now SlightAdvantage
2022-10-25 23:20:46.938 | 07:17   40ms   76M  168G 100/126U [ActUnit] SCV from COMMANDCENTER at (160.5, 123.5)
2022-10-25 23:20:46.944 | 07:17   40ms   26M  168G 100/126U [TerranUnit] MARINE from BARRACKS at (152.5, 122.5)
2022-10-25 23:20:47.003 | 07:17   36ms   36M  168G 102/126U [GameAnalyzer] Income advantage is now SmallAdvantage
2022-10-25 23:20:47.075 | 07:17   32ms   36M  168G 102/126U [GameAnalyzer] Income advantage is now SlightAdvantage
2022-10-25 23:20:47.552 | 07:18   32ms   89M  182G 100/126U [GameAnalyzer] Income advantage is now SmallAdvantage
2022-10-25 23:20:47.701 | 07:19   29ms   49M  190G 100/126U [TerranUnit] MARINE from BARRACKS at (157.5, 116.5)
2022-10-25 23:20:47.773 | 07:19   34ms   49M  190G 101/126U [GameAnalyzer] Income advantage is now SlightAdvantage
2022-10-25 23:20:47.915 | 07:19   30ms  458M  189G 101/126U [Expand] Expanding to (125.5, 129.5)
2022-10-25 23:20:47.997 | 07:20   38ms  463M  189G 101/126U [Expand] Expanding to (125.5, 129.5)
2022-10-25 23:20:48.070 | 07:20   36ms  473M  197G 101/126U [Expand] Expanding to (125.5, 129.5)
2022-10-25 23:20:48.173 | 07:20   36ms  483M  197G 101/126U [Expand] Expanding to (125.5, 129.5)
2022-10-25 23:20:48.240 | 07:20   68ms  488M  197G 101/126U [Expand] Expanding to (125.5, 129.5)
2022-10-25 23:20:48.321 | 07:20   35ms  498M  205G 101/126U [Expand] Expanding to (125.5, 129.5)
2022-10-25 23:20:48.396 | 07:20   36ms  502M  204G 101/126U [Expand] Expanding to (125.5, 129.5)
2022-10-25 23:20:48.476 | 07:21   38ms  507M  204G 101/126U [Expand] Expanding to (125.5, 129.5)
2022-10-25 23:20:48.560 | 07:21   39ms  512M  204G 101/126U [Expand] Expanding to (125.5, 129.5)
2022-10-25 23:20:48.638 | 07:21   36ms  522M  204G 101/126U [Expand] Expanding to (125.5, 129.5)
2022-10-25 23:20:48.722 | 07:21   37ms  552M  212G 101/126U [Expand] Expanding to (125.5, 129.5)
2022-10-25 23:20:48.797 | 07:21   43ms  552M  212G 101/126U [Expand] Expanding to (125.5, 129.5)
2022-10-25 23:20:48.874 | 07:21   35ms  557M  212G 101/126U [Expand] Expanding to (125.5, 129.5)
2022-10-25 23:20:48.942 | 07:22   36ms  567M  216G 101/126U [Expand] Expanding to (125.5, 129.5)
2022-10-25 23:20:49.021 | 07:22   35ms  122M  220G 101/126U [TerranUnit] MARINE from BARRACKS at (157.5, 116.5)
2022-10-25 23:20:49.351 | 07:23   33ms  161M  227G 102/126U [GameAnalyzer] Income advantage is now SmallAdvantage
2022-10-25 23:20:49.420 | 07:23   32ms  161M  227G 102/126U [GameAnalyzer] Income advantage is now SlightAdvantage
2022-10-25 23:20:49.491 | 07:23   32ms  166M  227G 102/126U [GameAnalyzer] Income advantage is now Even
2022-10-25 23:20:49.558 | 07:23   34ms  171M  235G 102/126U [GameAnalyzer] Income advantage is now SlightAdvantage
2022-10-25 23:20:49.840 | 07:24   31ms  586M  235G 102/126U [Expand] Expanding to (125.5, 129.5)
2022-10-25 23:20:49.914 | 07:24   36ms  586M  243G 102/126U [Expand] Expanding to (125.5, 129.5)
2022-10-25 23:20:49.980 | 07:24   39ms  601M  243G 102/126U [GameAnalyzer] Income advantage is now SmallAdvantage
2022-10-25 23:20:49.989 | 07:24   39ms  601M  243G 102/126U [Expand] Expanding to (125.5, 129.5)
2022-10-25 23:20:50.065 | 07:25   38ms  610M  242G 102/126U [Expand] Expanding to (125.5, 129.5)
2022-10-25 23:20:50.131 | 07:25   37ms  610M  250G 102/126U [GameAnalyzer] Income advantage is now SlightAdvantage
2022-10-25 23:20:50.141 | 07:25   37ms  610M  250G 102/126U [Expand] Expanding to (125.5, 129.5)
2022-10-25 23:20:50.200 | 07:25   39ms  615M  250G 102/126U [GameAnalyzer] Income advantage is now SmallAdvantage
2022-10-25 23:20:50.209 | 07:25   39ms  615M  250G 102/126U [Expand] Expanding to (125.5, 129.5)
2022-10-25 23:20:50.282 | 07:25   37ms  630M  250G 102/126U [Expand] Expanding to (125.5, 129.5)
2022-10-25 23:20:50.354 | 07:25   36ms  635M  250G 102/126U [Expand] Expanding to (125.5, 129.5)
2022-10-25 23:20:50.425 | 07:25   37ms  640M  250G 102/126U [Expand] Expanding to (125.5, 129.5)
2022-10-25 23:20:50.496 | 07:26   35ms  645M  258G 102/126U [Expand] Expanding to (125.5, 129.5)
2022-10-25 23:20:50.564 | 07:26   35ms  645M  258G 102/126U [Expand] Expanding to (125.5, 129.5)
2022-10-25 23:20:50.635 | 07:26   37ms  645M  258G 102/126U [Expand] Expanding to (125.5, 129.5)
2022-10-25 23:20:50.706 | 07:26   35ms  655M  266G 102/126U [Expand] Expanding to (125.5, 129.5)
2022-10-25 23:20:50.775 | 07:26   36ms  105M  141G 102/126U [TerranUnit] SIEGETANK from FACTORY at (152.5, 114.5)
2022-10-25 23:20:50.843 | 07:26   36ms  105M  141G 105/126U [GameAnalyzer] Income advantage is now SlightAdvantage
2022-10-25 23:20:50.985 | 07:27   31ms  124M  140G 105/126U [GameAnalyzer] Income advantage is now SmallAdvantage
2022-10-25 23:20:51.326 | 07:28   32ms  189M  156G 105/126U [GameAnalyzer] Income advantage is now SlightAdvantage
2022-10-25 23:20:51.462 | 07:28   32ms  159M  156G 105/126U [ActUnit] SCV from COMMANDCENTER at (159.5, 96.5)
2022-10-25 23:20:51.610 | 07:28   32ms  559M  156G 106/126U [Expand] Expanding to (125.5, 129.5)
2022-10-25 23:20:51.673 | 07:29   38ms  564M  164G 106/126U [GameAnalyzer] Income advantage is now SmallAdvantage
2022-10-25 23:20:51.681 | 07:29   38ms  564M  164G 106/126U [Expand] Expanding to (125.5, 129.5)
2022-10-25 23:20:51.754 | 07:29   36ms  573M  163G 106/126U [Expand] Expanding to (125.5, 129.5)
2022-10-25 23:20:51.819 | 07:29   37ms  528M  163G 106/126U [ActUnit] SCV from COMMANDCENTER at (160.5, 123.5)
2022-10-25 23:20:51.828 | 07:29   37ms  528M  163G 106/126U [Expand] Expanding to (125.5, 129.5)
2022-10-25 23:20:51.902 | 07:29   40ms  538M  171G 107/126U [Expand] Expanding to (125.5, 129.5)
2022-10-25 23:20:51.985 | 07:29   40ms  543M  171G 107/126U [Expand] Expanding to (125.5, 129.5)
2022-10-25 23:20:52.059 | 07:30   37ms  548M  171G 107/126U [GameAnalyzer] Income advantage is now SlightAdvantage
2022-10-25 23:20:52.071 | 07:30   37ms  548M  171G 107/126U [Expand] Expanding to (125.5, 129.5)
2022-10-25 23:20:52.134 | 07:30   43ms  563M  171G 107/126U [GameAnalyzer] Income advantage is now SmallAdvantage
2022-10-25 23:20:52.144 | 07:30   43ms  563M  171G 107/126U [Expand] Expanding to (125.5, 129.5)
2022-10-25 23:20:52.213 | 07:30   37ms  568M  171G 107/126U [Expand] Expanding to (125.5, 129.5)
2022-10-25 23:20:52.280 | 07:30   36ms  568M  179G 107/126U [GameAnalyzer] Income advantage is now SlightAdvantage
2022-10-25 23:20:52.290 | 07:30   36ms  568M  179G 107/126U [Expand] Expanding to (125.5, 129.5)
2022-10-25 23:20:52.354 | 07:30   39ms  583M  179G 107/126U [GameAnalyzer] Income advantage is now SmallAdvantage
2022-10-25 23:20:52.363 | 07:30   39ms  583M  179G 107/126U [Expand] Expanding to (125.5, 129.5)
2022-10-25 23:20:52.433 | 07:30   36ms  583M  179G 107/126U [Expand] Expanding to (125.5, 129.5)
2022-10-25 23:20:52.514 | 07:31   36ms  583M  187G 107/126U [Expand] Expanding to (125.5, 129.5)
2022-10-25 23:20:52.582 | 07:31   38ms  183M  187G 107/126U [GameAnalyzer] Income advantage is now SlightAdvantage
2022-10-25 23:20:52.655 | 07:31   33ms  188M  187G 107/126U [GameAnalyzer] Income advantage is now SmallAdvantage
2022-10-25 23:20:53.159 | 07:32   36ms  243M  203G 107/126U [GameAnalyzer] Income advantage is now SlightAdvantage
2022-10-25 23:20:53.225 | 07:32   37ms  248M  203G 107/126U [GameAnalyzer] Income advantage is now SmallAdvantage
2022-10-25 23:20:53.374 | 07:33   33ms  658M  203G 107/126U [Expand] Expanding to (125.5, 129.5)
2022-10-25 23:20:53.444 | 07:33   40ms  658M  207G 107/126U [GameAnalyzer] Income advantage is now SlightAdvantage
2022-10-25 23:20:53.454 | 07:33   40ms  658M  207G 107/126U [Expand] Expanding to (125.5, 129.5)
2022-10-25 23:20:53.516 | 07:33   37ms  668M  211G 107/126U [GameAnalyzer] Income advantage is now SmallAdvantage
2022-10-25 23:20:53.527 | 07:33   37ms  668M  211G 107/126U [Expand] Expanding to (125.5, 129.5)
2022-10-25 23:20:53.596 | 07:33   38ms  678M  211G 107/126U [Expand] Expanding to (125.5, 129.5)
2022-10-25 23:20:53.670 | 07:33   37ms  683M  215G 107/126U [Expand] Expanding to (125.5, 129.5)
2022-10-25 23:20:53.748 | 07:34   36ms  707M  218G 107/126U [Expand] Expanding to (125.5, 129.5)
2022-10-25 23:20:53.822 | 07:34   42ms  707M  218G 107/126U [GameAnalyzer] Income advantage is now SlightAdvantage
2022-10-25 23:20:53.832 | 07:34   42ms  707M  218G 107/126U [Expand] Expanding to (125.5, 129.5)
2022-10-25 23:20:53.909 | 07:34   40ms  712M  218G 107/126U [Expand] Expanding to (125.5, 129.5)
2022-10-25 23:20:53.967 | 07:34   41ms  732M  218G 107/126U [GameAnalyzer] Income advantage is now SmallAdvantage
2022-10-25 23:20:53.977 | 07:34   41ms  732M  218G 107/126U [Expand] Expanding to (125.5, 129.5)
2022-10-25 23:20:54.050 | 07:34   36ms  742M  218G 107/126U [Expand] Expanding to (125.5, 129.5)
2022-10-25 23:20:54.120 | 07:35   36ms  742M  226G 107/126U [Expand] Expanding to (125.5, 129.5)
2022-10-25 23:20:54.185 | 07:35   36ms  752M  226G 107/126U [GameAnalyzer] Predicted army advantage is now SlightDisadvantage
2022-10-25 23:20:54.191 | 07:35   36ms  702M  226G 107/126U [TerranUnit] MARINE from BARRACKS at (152.5, 122.5)
2022-10-25 23:20:54.195 | 07:35   36ms  702M  226G 107/126U [Expand] Expanding to (125.5, 129.5)
2022-10-25 23:20:54.268 | 07:35   38ms  707M  226G 108/126U [GameAnalyzer] Income advantage is now SlightAdvantage
2022-10-25 23:20:54.278 | 07:35   38ms  707M  226G 108/126U [Expand] Expanding to (125.5, 129.5)
2022-10-25 23:20:54.410 | 07:35   34ms  317M  234G 108/126U [GameAnalyzer] Income advantage is now SmallAdvantage
2022-10-25 23:20:54.622 | 07:36   35ms  327M  234G 108/126U [GameAnalyzer] Income advantage is now SlightAdvantage
2022-10-25 23:20:54.791 | 07:36   36ms  352M  242G 108/126U [GameAnalyzer] Income advantage is now SmallAdvantage
2022-10-25 23:20:55.007 | 07:37   36ms  322M  250G 108/126U [TerranUnit] MARINE from BARRACKS at (157.5, 116.5)
2022-10-25 23:20:55.219 | 07:37   36ms  632M  250G 109/126U [Expand] Expanding to (125.5, 129.5)
2022-10-25 23:20:55.293 | 07:37   38ms  637M  254G 109/126U [Expand] Expanding to (125.5, 129.5)
2022-10-25 23:20:55.358 | 07:38   37ms  642M  258G 109/126U [GameAnalyzer] Income advantage is now SlightAdvantage
2022-10-25 23:20:55.369 | 07:38   37ms  642M  258G 109/126U [Expand] Expanding to (125.5, 129.5)
2022-10-25 23:20:55.446 | 07:38   40ms  642M  258G 109/126U [Expand] Expanding to (125.5, 129.5)
2022-10-25 23:20:55.519 | 07:38   37ms  647M  266G 109/126U [Expand] Expanding to (125.5, 129.5)
2022-10-25 23:20:55.593 | 07:38   36ms  662M  266G 109/126U [Expand] Expanding to (125.5, 129.5)
2022-10-25 23:20:55.656 | 07:38   38ms  677M  266G 109/126U [GameAnalyzer] Income advantage is now SmallAdvantage
2022-10-25 23:20:55.666 | 07:38   38ms  677M  266G 109/126U [Expand] Expanding to (125.5, 129.5)
2022-10-25 23:20:55.740 | 07:38   38ms  682M  266G 109/126U [Expand] Expanding to (125.5, 129.5)
2022-10-25 23:20:55.804 | 07:39   40ms  682M  266G 109/126U [GameAnalyzer] Income advantage is now SlightAdvantage
2022-10-25 23:20:55.814 | 07:39   40ms  682M  266G 109/126U [Expand] Expanding to (125.5, 129.5)
2022-10-25 23:20:55.884 | 07:39   40ms  682M  270G 109/126U [Expand] Expanding to (125.5, 129.5)
2022-10-25 23:20:55.952 | 07:39   37ms  692M  274G 109/126U [GameAnalyzer] Income advantage is now SmallAdvantage
2022-10-25 23:20:55.961 | 07:39   37ms  692M  274G 109/126U [Expand] Expanding to (125.5, 129.5)
2022-10-25 23:20:56.032 | 07:39   38ms  702M  274G 109/126U [Expand] Expanding to (125.5, 129.5)
2022-10-25 23:20:56.103 | 07:39   37ms  707M  278G 109/126U [Expand] Expanding to (125.5, 129.5)
2022-10-25 23:20:56.237 | 07:40   35ms  332M  282G 109/126U [GameAnalyzer] Income advantage is now SlightAdvantage
2022-10-25 23:20:56.244 | 07:40   35ms  282M  282G 109/126U [TerranUnit] MARINE from BARRACKS at (157.5, 116.5)
2022-10-25 23:20:56.319 | 07:40   39ms  287M  282G 110/126U [GameAnalyzer] Predicted army advantage is now Even
2022-10-25 23:20:56.465 | 07:40   38ms  312M  282G 110/126U [GameAnalyzer] Income advantage is now SmallAdvantage
2022-10-25 23:20:56.467 | 07:40   38ms  262M  282G 110/126U [ActUnit] SCV from COMMANDCENTER at (159.5, 96.5)
2022-10-25 23:20:56.608 | 07:41   37ms  277M  290G 111/126U [GameAnalyzer] Income advantage is now SlightAdvantage
2022-10-25 23:20:56.845 | 07:41   39ms  242M  298G 111/126U [ActUnit] SCV from COMMANDCENTER at (160.5, 123.5)
2022-10-25 23:20:56.918 | 07:41   42ms  242M  298G 112/126U [GameAnalyzer] Income advantage is now SmallAdvantage
2022-10-25 23:20:57.078 | 07:42   35ms  647M  298G 112/126U [Expand] Expanding to (125.5, 129.5)
2022-10-25 23:20:57.146 | 07:42   45ms  647M  302G 112/126U [GameAnalyzer] Income advantage is now SlightAdvantage
2022-10-25 23:20:57.156 | 07:42   45ms  647M  302G 112/126U [Expand] Expanding to (125.5, 129.5)
2022-10-25 23:20:57.229 | 07:42   40ms  662M  306G 112/126U [Expand] Expanding to (125.5, 129.5)
2022-10-25 23:20:57.294 | 07:42   38ms  672M  306G 112/126U [GameAnalyzer] Income advantage is now SmallAdvantage
2022-10-25 23:20:57.303 | 07:42   38ms  672M  306G 112/126U [Expand] Expanding to (125.5, 129.5)
2022-10-25 23:20:57.373 | 07:42   38ms  682M  314G 112/126U [Expand] Expanding to (125.5, 129.5)
2022-10-25 23:20:57.452 | 07:43   39ms  687M  314G 112/126U [Expand] Expanding to (125.5, 129.5)
2022-10-25 23:20:57.525 | 07:43   38ms  697M  314G 112/126U [Expand] Expanding to (125.5, 129.5)
2022-10-25 23:20:57.597 | 07:43   37ms  702M  314G 112/126U [Expand] Expanding to (125.5, 129.5)
2022-10-25 23:20:57.670 | 07:43   38ms  707M  314G 112/126U [GameAnalyzer] Income advantage is now SlightAdvantage
2022-10-25 23:20:57.681 | 07:43   38ms  707M  314G 112/126U [Expand] Expanding to (125.5, 129.5)
2022-10-25 23:20:57.742 | 07:43   39ms  712M  318G 112/126U [GameAnalyzer] Income advantage is now SmallAdvantage
2022-10-25 23:20:57.752 | 07:43   39ms  712M  318G 112/126U [Expand] Expanding to (125.5, 129.5)
2022-10-25 23:20:57.825 | 07:43   39ms  722M  322G 112/126U [Expand] Expanding to (125.5, 129.5)
2022-10-25 23:20:57.894 | 07:44   40ms  722M  322G 112/126U [Expand] Expanding to (125.5, 129.5)
2022-10-25 23:20:57.971 | 07:44   37ms  722M  330G 112/126U [Expand] Expanding to (125.5, 129.5)
2022-10-25 23:20:58.912 | 07:46   38ms  676M  345G 112/126U [GameAnalyzer] Income advantage is now SlightAdvantage
2022-10-25 23:20:58.922 | 07:46   38ms  676M  345G 112/126U [Expand] Expanding to (125.5, 129.5)
2022-10-25 23:20:58.989 | 07:46   40ms  685M  348G 112/126U [GameAnalyzer] Income advantage is now SmallAdvantage
2022-10-25 23:20:58.999 | 07:46   40ms  685M  348G 112/126U [Expand] Expanding to (125.5, 129.5)
2022-10-25 23:20:59.070 | 07:46   38ms  690M  352G 112/126U [Expand] Expanding to (125.5, 129.5)
2022-10-25 23:20:59.146 | 07:47   38ms  700M  352G 112/126U [Expand] Expanding to (125.5, 129.5)
2022-10-25 23:20:59.214 | 07:47   40ms  555M  285G 112/126U [TerranUnit] VIKINGFIGHTER from STARPORT at (164.5, 114.5)
2022-10-25 23:20:59.218 | 07:47   40ms  555M  285G 112/126U [Expand] Expanding to (125.5, 129.5)
2022-10-25 23:20:59.292 | 07:47   39ms  415M  135G 114/126U [TerranUnit] LIBERATOR from STARPORT at (164.5, 114.5)
2022-10-25 23:20:59.296 | 07:47   39ms  415M  135G 114/126U [Expand] Expanding to (125.5, 129.5)
2022-10-25 23:20:59.440 | 07:47   37ms  325M  135G 117/126U [GameAnalyzer] Income advantage is now SlightAdvantage
2022-10-25 23:20:59.521 | 07:48   37ms  235M  135G 117/126U [GameAnalyzer] Income advantage is now SmallAdvantage
2022-10-25 23:20:59.738 | 07:48   37ms  234M  142G 117/126U [GameAnalyzer] Income advantage is now SlightAdvantage
2022-10-25 23:20:59.880 | 07:48   33ms  254M  150G 117/126U [GameAnalyzer] Income advantage is now SmallAdvantage
2022-10-25 23:21:00.100 | 07:49   38ms  269M  150G 117/126U [GameAnalyzer] Income advantage is now SlightAdvantage
2022-10-25 23:21:00.356 | INFO     | sc2.protocol:_execute:72 - Client status changed to Status.ended (was Status.in_game)
2022-10-25 23:21:00.358 | Result: Defeat
2022-10-25 23:21:00.359 | Duration: 07:49
2022-10-25 23:21:00.359 | Step time min: 5
2022-10-25 23:21:00.360 | Step time avg: 20
2022-10-25 23:21:00.360 | Step time max: 120
2022-10-25 23:21:00.361 | [LostUnitsContents] My lost units minerals and gas: (1550, 225)
2022-10-25 23:21:00.362 | [LostUnitsContents] My lost units minerals by score: 1550.0
2022-10-25 23:21:00.363 | [LostUnitsContents] Enemy lost units minerals and gas: (2800, 250)
2022-10-25 23:21:00.363 | [LostUnitsContents] Enemy lost units minerals by score: 2800.0
2022-10-25 23:21:00.364 | [GameAnalyzerEnd] Own units:
2022-10-25 23:21:00.365 | [GameAnalyzerEnd] SCV               total:  62 alive:  62 dead:   0 
2022-10-25 23:21:00.366 | [GameAnalyzerEnd] MARINE            total:  33 alive:  13 dead:  20 
2022-10-25 23:21:00.367 | [GameAnalyzerEnd] SUPPLYDEPOT       total:  14 alive:  14 dead:   0 
2022-10-25 23:21:00.367 | [GameAnalyzerEnd] MARAUDER          total:   5 alive:   3 dead:   2 
2022-10-25 23:21:00.368 | [GameAnalyzerEnd] REFINERY          total:   4 alive:   4 dead:   0 
2022-10-25 23:21:00.368 | [GameAnalyzerEnd] MEDIVAC           total:   4 alive:   4 dead:   0 
2022-10-25 23:21:00.369 | [GameAnalyzerEnd] LIBERATOR         total:   4 alive:   4 dead:   0 
2022-10-25 23:21:00.370 | [GameAnalyzerEnd] BARRACKS          total:   3 alive:   3 dead:   0 
2022-10-25 23:21:00.370 | [GameAnalyzerEnd] ORBITALCOMMAND    total:   2 alive:   2 dead:   0 
2022-10-25 23:21:00.373 | [GameAnalyzerEnd] ENGINEERINGBAY    total:   2 alive:   2 dead:   0 
2022-10-25 23:21:00.374 | [GameAnalyzerEnd] TECHLAB           total:   2 alive:   2 dead:   0 
2022-10-25 23:21:00.374 | [GameAnalyzerEnd] REACTOR           total:   2 alive:   2 dead:   0 
2022-10-25 23:21:00.375 | [GameAnalyzerEnd] WIDOWMINE         total:   2 alive:   0 dead:   2 
2022-10-25 23:21:00.376 | [GameAnalyzerEnd] FACTORY           total:   1 alive:   1 dead:   0 
2022-10-25 23:21:00.377 | [GameAnalyzerEnd] MULE              total:   1 alive:   1 dead:   0 
2022-10-25 23:21:00.378 | [GameAnalyzerEnd] STARPORT          total:   1 alive:   1 dead:   0 
2022-10-25 23:21:00.379 | [GameAnalyzerEnd] REAPER            total:   1 alive:   0 dead:   1 
2022-10-25 23:21:00.380 | [GameAnalyzerEnd] VIKINGFIGHTER     total:   1 alive:   0 dead:   1 
2022-10-25 23:21:00.381 | [GameAnalyzerEnd] Enemy units:
2022-10-25 23:21:00.381 | [GameAnalyzerEnd] PROBE             total:  57 alive:  35 dead:  22 
2022-10-25 23:21:00.382 | [GameAnalyzerEnd] PYLON             total:   9 alive:   9 dead:   0 
2022-10-25 23:21:00.382 | [GameAnalyzerEnd] ZEALOT            total:   7 alive:   2 dead:   5 
2022-10-25 23:21:00.383 | [GameAnalyzerEnd] ADEPT             total:   5 alive:   1 dead:   4 
2022-10-25 23:21:00.384 | [GameAnalyzerEnd] STALKER           total:   5 alive:   4 dead:   1 
2022-10-25 23:21:00.384 | [GameAnalyzerEnd] ASSIMILATOR       total:   4 alive:   4 dead:   0 
2022-10-25 23:21:00.385 | [GameAnalyzerEnd] NEXUS             total:   3 alive:   2 dead:   1 
2022-10-25 23:21:00.386 | [GameAnalyzerEnd] WARPGATE          total:   3 alive:   3 dead:   0 
2022-10-25 23:21:00.387 | [GameAnalyzerEnd] ROBOTICSFACILITY  total:   2 alive:   2 dead:   0 
2022-10-25 23:21:00.389 | [GameAnalyzerEnd] IMMORTAL          total:   2 alive:   1 dead:   1 
2022-10-25 23:21:00.390 | [GameAnalyzerEnd] HIGHTEMPLAR       total:   2 alive:   2 dead:   0 
2022-10-25 23:21:00.391 | [GameAnalyzerEnd] GATEWAY           total:   1 alive:   1 dead:   0 
2022-10-25 23:21:00.391 | [GameAnalyzerEnd] CYBERNETICSCORE   total:   1 alive:   1 dead:   0 
2022-10-25 23:21:00.392 | [GameAnalyzerEnd] SENTRY            total:   1 alive:   1 dead:   0 
2022-10-25 23:21:00.393 | [GameAnalyzerEnd] TWILIGHTCOUNCIL   total:   1 alive:   1 dead:   0 
2022-10-25 23:21:00.394 | [GameAnalyzerEnd] TEMPLARARCHIVE    total:   1 alive:   1 dead:   0 
2022-10-25 23:21:00.395 | [GameAnalyzerEnd] ARCHON            total:   1 alive:   1 dead:   0 
2022-10-25 23:21:00.395 | [GameAnalyzerEnd] Minerals max 722 Average 190
2022-10-25 23:21:00.396 | [GameAnalyzerEnd] Vespene max 352 Average 103
2022-10-25 23:21:00.397 | INFO     | sc2.main:_play_game:228 - Result for player 1 - Bot Turtles(Terran): Defeat
2022-10-25 23:21:03.196 | INFO     | sc2.protocol:__request:48 - Cannot receive: Game has already ended.
2022-10-25 23:21:03.199 | INFO     | sc2.sc2process:_close_connection:231 - Closing connection at 64806...
2022-10-25 23:21:03.200 | INFO     | sc2.sc2process:kill_all:33 - kill_switch: Process cleanup for 1 processes
