2022-10-26 13:46:45.890 | INFO     | sc2.protocol:_execute:72 - Client status changed to Status.launched (was None)
2022-10-26 13:46:45.892 | INFO     | sc2.controller:create_game:37 - Creating new game
2022-10-26 13:46:45.893 | INFO     | sc2.controller:create_game:38 - Map:     OxideAIE
2022-10-26 13:46:45.895 | INFO     | sc2.controller:create_game:39 - Players: Bot Turtles(Terran), Computer VeryHard(Random, RandomBuild)
2022-10-26 13:46:45.898 | INFO     | sc2.protocol:_execute:72 - Client status changed to Status.init_game (was Status.launched)
2022-10-26 13:46:56.462 | INFO     | sc2.protocol:_execute:72 - Client status changed to Status.in_game (was None)
2022-10-26 13:46:56.465 | INFO     | sc2.main:_play_game:221 - Player 1 - Bot Turtles(Terran)
2022-10-26 13:46:57.010 | 00:00    0ms    0M    0G  12/ 15U [Version] 5.0.10.88500
2022-10-26 13:46:57.011 | 00:00    0ms    0M    0G  12/ 15U [Version] 5.0.6 Balance mod recognized.
2022-10-26 13:46:57.081 | 00:00    0ms    0M    0G  12/ 15U [ZoneManager] Map set to: MapName.Oxide from name: Oxide AIE and hash: 3281780.
2022-10-26 13:46:57.862 | [Start] My race: Terran
2022-10-26 13:46:57.863 | [Start] Opponent race: Random
2022-10-26 13:46:57.865 | [Start] OpponentId: None
2022-10-26 13:46:58.033 | 00:00    7ms    0M    0G  13/ 15U [GameAnalyzer] Income advantage is now SlightDisadvantage
2022-10-26 13:46:58.112 | 00:01    5ms    0M    0G  13/ 15U [GameAnalyzer] Income advantage is now Even
2022-10-26 13:46:58.975 | 00:09    6ms   85M    0G  13/ 15U [GameAnalyzer] Income advantage is now SlightDisadvantage
2022-10-26 13:46:59.000 | 00:09    8ms   85M    0G  13/ 15U [GameAnalyzer] Income advantage is now Even
2022-10-26 13:46:59.545 | 00:15    6ms    5M    0G  13/ 15U [ActUnit] SCV from COMMANDCENTER at (44.5, 56.5)
2022-10-26 13:47:00.893 | 00:27    7ms  120M    0G  14/ 15U [ActUnit] SCV from COMMANDCENTER at (44.5, 56.5)
2022-10-26 13:47:02.200 | 00:36   10ms   10M    0G  15/ 23U [BuildGas] Building REFINERY to (48.5, 49.5)
2022-10-26 13:47:02.225 | 00:36    9ms   10M    0G  15/ 23U [GameAnalyzer] Income advantage is now SlightDisadvantage
2022-10-26 13:47:02.244 | 00:36   11ms   15M    0G  15/ 23U [GameAnalyzer] Income advantage is now Even
2022-10-26 13:47:02.597 | 00:39    7ms    0M    0G  15/ 23U [ActUnit] SCV from COMMANDCENTER at (44.5, 56.5)
2022-10-26 13:47:04.187 | 00:51    7ms  100M    0G  16/ 23U [ActUnit] SCV from COMMANDCENTER at (44.5, 56.5)
2022-10-26 13:47:05.865 | 01:03    8ms  200M    4G  17/ 23U [ActUnit] SCV from COMMANDCENTER at (44.5, 56.5)
2022-10-26 13:47:08.054 | 01:14   18ms  340M   28G  18/ 23U [GameAnalyzer] Income advantage is now SlightAdvantage
2022-10-26 13:47:08.164 | 01:15   23ms  340M   32G  18/ 23U [GameAnalyzer] Income advantage is now SmallAdvantage
2022-10-26 13:47:08.242 | 01:15   19ms  340M   32G  18/ 23U [GameAnalyzer] Income advantage is now SlightAdvantage
2022-10-26 13:47:08.343 | 01:15   24ms  345M   32G  18/ 23U [GameAnalyzer] Income advantage is now Even
2022-10-26 13:47:08.417 | 01:16   18ms  295M   32G  18/ 23U [ActUnit] SCV from COMMANDCENTER at (44.5, 56.5)
2022-10-26 13:47:08.618 | 01:17    9ms  320M   36G  19/ 23U [EnemyArmyPredicter] Predicting negative free minerals for enemy: -220
2022-10-26 13:47:09.376 | 01:22    9ms  185M    2G  19/ 23U [TerranUnit] REAPER from BARRACKS at (40.5, 61.5)
2022-10-26 13:47:09.404 | 01:22   14ms  335M    2G  20/ 23U [EnemyArmyPredicter] Predicting negative free minerals for enemy: -185
2022-10-26 13:47:09.521 | 01:23   10ms  345M    2G  20/ 23U [GameAnalyzer] Income advantage is now SlightDisadvantage
2022-10-26 13:47:09.552 | 01:23   11ms  360M    2G  20/ 23U [GameAnalyzer] Income advantage is now Even
2022-10-26 13:47:10.198 | 01:27   10ms  410M   14G  20/ 23U [GameAnalyzer] Predicted army advantage is now SlightDisadvantage
2022-10-26 13:47:11.026 | 01:33   10ms  335M   30G  20/ 23U [GameAnalyzer] Income advantage is now SlightDisadvantage
2022-10-26 13:47:11.055 | 01:33   11ms  340M   30G  20/ 23U [GameAnalyzer] Income advantage is now Even
2022-10-26 13:47:11.233 | 01:34   11ms  360M   34G  20/ 23U [GameAnalyzer] Income advantage is now SlightDisadvantage
2022-10-26 13:47:11.259 | 01:34   19ms  365M   34G  20/ 23U [GameAnalyzer] Income advantage is now Even
2022-10-26 13:47:11.346 | 01:35   11ms  370M   34G  20/ 23U [GameAnalyzer] Income advantage is now SmallDisadvantage
2022-10-26 13:47:13.514 | 01:50   10ms  605M   74G  20/ 23U [Expand] Expanding to (69.5, 52.5)
2022-10-26 13:47:13.946 | 01:53   11ms  210M   82G  20/ 23U [ActUnit] SCV from COMMANDCENTER at (44.5, 56.5)
2022-10-26 13:47:14.180 | 01:54    9ms  220M   86G  21/ 23U [GameAnalyzer] Known army advantage is now SlightAdvantage
2022-10-26 13:47:14.183 | 01:54    9ms  220M   86G  21/ 23U [BuildAddon] UnitTypeId.BARRACKSREACTOR to (43.0, 61.0)
2022-10-26 13:47:14.871 | 01:58   13ms   80M   48G  21/ 23U [GameAnalyzer] Income advantage is now SlightDisadvantage
2022-10-26 13:47:14.927 | 01:59   13ms   85M   48G  21/ 23U [GameAnalyzer] Income advantage is now Even
2022-10-26 13:47:15.525 | 02:02   15ms   55M   60G  21/ 23U [GameAnalyzer] Income advantage is now SlightDisadvantage
2022-10-26 13:47:15.557 | 02:03   15ms   65M   60G  21/ 23U [GameAnalyzer] Income advantage is now Even
2022-10-26 13:47:15.742 | 02:04   13ms   75M   64G  21/ 23U [GameAnalyzer] Income advantage is now SlightDisadvantage
2022-10-26 13:47:15.854 | 02:04   13ms   85M   64G  21/ 23U [GameAnalyzer] Income advantage is now Even
2022-10-26 13:47:15.977 | 02:05   13ms   40M   68G  21/ 23U [ActUnit] SCV from COMMANDCENTER at (44.5, 56.5)
2022-10-26 13:47:16.069 | 02:05   13ms   40M   68G  22/ 23U [GameAnalyzer] Income advantage is now SlightDisadvantage
2022-10-26 13:47:16.096 | 02:06   16ms   40M   68G  22/ 23U [GameAnalyzer] Income advantage is now Even
2022-10-26 13:47:16.132 | 02:06   14ms   45M   68G  22/ 23U [GameAnalyzer] Income advantage is now SlightDisadvantage
2022-10-26 13:47:16.222 | 02:06   13ms   65M   72G  22/ 23U [GameAnalyzer] Income advantage is now Even
2022-10-26 13:47:16.312 | 02:07   13ms   70M   72G  22/ 23U [GameAnalyzer] Income advantage is now SlightDisadvantage
2022-10-26 13:47:16.342 | 02:07   15ms   70M   72G  22/ 23U [GameAnalyzer] Income advantage is now Even
2022-10-26 13:47:16.655 | 02:09   15ms   95M   76G  22/ 23U [GameAnalyzer] Income advantage is now SlightDisadvantage
2022-10-26 13:47:16.690 | 02:09   14ms  125M   76G  22/ 23U [GameAnalyzer] Income advantage is now Even
2022-10-26 13:47:16.727 | 02:09   15ms  125M   76G  22/ 23U [GameAnalyzer] Income advantage is now SlightDisadvantage
2022-10-26 13:47:16.760 | 02:09   16ms  130M   80G  22/ 23U [GameAnalyzer] Income advantage is now Even
2022-10-26 13:47:16.920 | 02:10   13ms  130M   80G  22/ 23U [GameAnalyzer] Income advantage is now SlightDisadvantage
2022-10-26 13:47:16.950 | 02:10   16ms  140M   80G  22/ 23U [GameAnalyzer] Income advantage is now Even
2022-10-26 13:47:17.070 | 02:11   13ms  155M   84G  22/ 23U [GameAnalyzer] Income advantage is now SlightDisadvantage
2022-10-26 13:47:17.098 | 02:11   15ms  155M   84G  22/ 23U [GameAnalyzer] Income advantage is now Even
2022-10-26 13:47:17.326 | 02:13   15ms  165M   88G  22/ 23U [GameAnalyzer] Income advantage is now SlightDisadvantage
2022-10-26 13:47:17.442 | 02:13   13ms  185M   88G  22/ 23U [GameAnalyzer] Income advantage is now Even
2022-10-26 13:47:17.533 | 02:14   14ms  190M   92G  22/ 23U [GameAnalyzer] Income advantage is now SlightDisadvantage
2022-10-26 13:47:17.593 | 02:14   15ms  195M   92G  22/ 23U [GameAnalyzer] Income advantage is now Even
2022-10-26 13:47:17.753 | 02:15   13ms  200M   92G  22/ 23U [GameAnalyzer] Income advantage is now SlightDisadvantage
2022-10-26 13:47:17.782 | 02:15   18ms  210M   96G  22/ 23U [GameAnalyzer] Income advantage is now Even
2022-10-26 13:47:17.877 | 02:16   14ms  220M   96G  22/ 23U [GameAnalyzer] Income advantage is now SlightDisadvantage
2022-10-26 13:47:17.905 | 02:16   14ms  225M   96G  22/ 23U [GameAnalyzer] Income advantage is now Even
2022-10-26 13:47:18.070 | 02:17   16ms  100M    0G  22/ 23U [GameAnalyzer] Income advantage is now SlightDisadvantage
2022-10-26 13:47:18.074 | 02:17   16ms   25M    0G  22/ 23U [BuildGas] Building REFINERY to (37.5, 59.5)
2022-10-26 13:47:18.194 | 02:18   13ms    0M    0G  22/ 23U [ActUnit] SCV from COMMANDCENTER at (44.5, 56.5)
2022-10-26 13:47:18.254 | 02:18   14ms   10M    0G  23/ 23U [GameAnalyzer] Income advantage is now Even
2022-10-26 13:47:18.284 | 02:18   14ms   10M    4G  23/ 23U [GameAnalyzer] Income advantage is now SlightDisadvantage
2022-10-26 13:47:18.346 | 02:18   15ms   10M    4G  23/ 23U [GameAnalyzer] Income advantage is now Even
2022-10-26 13:47:18.660 | 02:20   13ms   25M    8G  23/ 23U [GameAnalyzer] Income advantage is now SlightDisadvantage
2022-10-26 13:47:18.723 | 02:21   14ms   30M    8G  23/ 23U [GameAnalyzer] Income advantage is now Even
2022-10-26 13:47:18.850 | 02:21   13ms   35M   12G  23/ 23U [GameAnalyzer] Income advantage is now SlightDisadvantage
2022-10-26 13:47:19.135 | 02:23   13ms   70M   16G  23/ 23U [GameAnalyzer] Income advantage is now Even
2022-10-26 13:47:19.234 | 02:23   13ms   70M   16G  23/ 23U [GameAnalyzer] Income advantage is now SlightDisadvantage
2022-10-26 13:47:19.387 | 02:24   13ms  250M   20G  23/ 23U [GameAnalyzer] Income advantage is now Even
2022-10-26 13:47:19.492 | 02:25   14ms  105M   20G  23/ 23U [GameAnalyzer] Income advantage is now SlightDisadvantage
2022-10-26 13:47:19.836 | 02:27   13ms  140M   24G  23/ 23U [GameAnalyzer] Known army advantage is now Even
2022-10-26 13:47:20.189 | 02:29   18ms  165M   32G  23/ 31U [GameAnalyzer] Income advantage is now Even
2022-10-26 13:47:20.333 | 02:30   13ms  170M   32G  23/ 31U [GameAnalyzer] Known army advantage is now SlightDisadvantage
2022-10-26 13:47:20.367 | 02:30   17ms  120M   32G  23/ 31U [ActUnit] SCV from COMMANDCENTER at (44.5, 56.5)
2022-10-26 13:47:20.485 | 02:30   14ms   80M   36G  24/ 31U [TerranUnit] MARINE from BARRACKS at (40.5, 61.5)
2022-10-26 13:47:20.513 | 02:30   16ms   30M   36G  25/ 31U [TerranUnit] MARINE from BARRACKS at (40.5, 61.5)
2022-10-26 13:47:21.392 | 02:35   14ms  115M   48G  26/ 31U [GameAnalyzer] Predicted army advantage is now SmallDisadvantage
2022-10-26 13:47:22.419 | 02:40   14ms  220M   60G  26/ 31U [GameAnalyzer] Income advantage is now SlightDisadvantage
2022-10-26 13:47:22.486 | 02:40   16ms  220M   64G  26/ 31U [GameAnalyzer] Income advantage is now Even
2022-10-26 13:47:22.761 | 02:42   13ms  200M   68G  26/ 31U [ActUnit] SCV from COMMANDCENTER at (44.5, 56.5)
2022-10-26 13:47:23.894 | 02:48   15ms  260M   92G  27/ 31U [TerranUnit] MARINE from BARRACKS at (40.5, 61.5)
2022-10-26 13:47:23.923 | 02:48   14ms  260M   92G  28/ 31U [GameAnalyzer] Known army advantage is now SlightAdvantage
2022-10-26 13:47:23.926 | 02:48   14ms  210M   92G  28/ 31U [TerranUnit] MARINE from BARRACKS at (40.5, 61.5)
2022-10-26 13:47:23.970 | 02:48   18ms  210M   92G  29/ 31U [GameAnalyzer] Income advantage is now SlightDisadvantage
2022-10-26 13:47:24.156 | 02:49   16ms  245M   96G  29/ 31U [GameAnalyzer] Income advantage is now Even
2022-10-26 13:47:24.198 | 02:49   18ms  245M   96G  29/ 31U [GameAnalyzer] Income advantage is now SlightDisadvantage
2022-10-26 13:47:24.439 | 02:51   17ms  255M  100G  29/ 31U [GameAnalyzer] Income advantage is now Even
2022-10-26 13:47:24.513 | 02:51   15ms  260M  100G  29/ 31U [GameAnalyzer] Income advantage is now SlightDisadvantage
2022-10-26 13:47:24.621 | 02:51   16ms  260M  100G  29/ 31U [GameAnalyzer] Income advantage is now Even
2022-10-26 13:47:24.767 | 02:52   17ms  265M  108G  29/ 31U [GameAnalyzer] Income advantage is now SlightDisadvantage
2022-10-26 13:47:24.837 | 02:53   15ms  300M  108G  29/ 31U [GameAnalyzer] Income advantage is now Even
2022-10-26 13:47:24.923 | 02:53   15ms  300M  108G  29/ 31U [GameAnalyzer] Income advantage is now SlightDisadvantage
2022-10-26 13:47:25.041 | 02:53   16ms  320M  116G  29/ 31U [GameAnalyzer] Income advantage is now Even
2022-10-26 13:47:25.168 | 02:54   16ms  280M  116G  29/ 31U [ActUnit] SCV from COMMANDCENTER at (44.5, 56.5)
2022-10-26 13:47:25.278 | 02:55   16ms  285M  116G  30/ 31U [GameAnalyzer] Income advantage is now SlightDisadvantage
2022-10-26 13:47:25.318 | 02:55   18ms  285M  116G  30/ 31U [GameAnalyzer] Income advantage is now Even
2022-10-26 13:47:25.479 | 02:55   18ms  300M  124G  30/ 31U [GameAnalyzer] Known army advantage is now SlightDisadvantage
2022-10-26 13:47:25.560 | 02:56   48ms  300M  124G  30/ 31U [GameAnalyzer] Income advantage is now SlightDisadvantage
2022-10-26 13:47:25.601 | 02:56   19ms  300M  124G  30/ 31U [GameAnalyzer] Income advantage is now Even
2022-10-26 13:47:26.096 | 02:58   14ms  330M  140G  30/ 31U [GameAnalyzer] Income advantage is now SlightDisadvantage
2022-10-26 13:47:26.183 | 02:58   15ms  335M  140G  30/ 31U [GameAnalyzer] Income advantage is now Even
2022-10-26 13:47:26.408 | 02:59   16ms  350M  144G  30/ 31U [GameAnalyzer] Income advantage is now SlightDisadvantage
2022-10-26 13:47:26.479 | 03:00   14ms  390M  148G  30/ 31U [GameAnalyzer] Income advantage is now Even
2022-10-26 13:47:26.597 | 03:00   15ms  395M  148G  30/ 31U [GameAnalyzer] Income advantage is now SlightDisadvantage
2022-10-26 13:47:26.658 | 03:00   19ms  400M  148G  30/ 31U [GameAnalyzer] Income advantage is now Even
2022-10-26 13:47:26.988 | 03:02   14ms  400M  156G  30/ 31U [GameAnalyzer] Income advantage is now SlightDisadvantage
2022-10-26 13:47:27.021 | 03:02   19ms  410M  156G  30/ 31U [GameAnalyzer] Income advantage is now Even
2022-10-26 13:47:27.261 | 03:03   16ms  430M  164G  30/ 31U [GameAnalyzer] Income advantage is now SlightDisadvantage
2022-10-26 13:47:27.367 | 03:03   52ms  430M  164G  30/ 31U [GameAnalyzer] Income advantage is now Even
2022-10-26 13:47:27.508 | 03:04   14ms  440M  172G  30/ 31U [GameAnalyzer] Income advantage is now SlightDisadvantage
2022-10-26 13:47:27.565 | 03:04   24ms  450M  172G  30/ 31U [GameAnalyzer] Income advantage is now Even
2022-10-26 13:47:27.805 | 03:05   14ms  470M  176G  30/ 31U [GameAnalyzer] Income advantage is now SlightDisadvantage
2022-10-26 13:47:27.901 | 03:05   14ms  470M  180G  30/ 31U [GameAnalyzer] Income advantage is now Even
2022-10-26 13:47:28.091 | 03:06   27ms  500M  180G  30/ 31U [GameAnalyzer] Known army advantage is now SlightAdvantage
2022-10-26 13:47:28.094 | 03:06   27ms  450M  180G  30/ 31U [TerranUnit] MARINE from BARRACKS at (40.5, 61.5)
2022-10-26 13:47:28.283 | 03:06   14ms  460M  184G  31/ 31U [GameAnalyzer] Income advantage is now SlightDisadvantage
2022-10-26 13:47:28.314 | 03:07   17ms  465M  188G  31/ 31U [GameAnalyzer] Income advantage is now Even
2022-10-26 13:47:28.617 | 03:08   15ms  475M  192G  31/ 31U [GameAnalyzer] Income advantage is now SlightDisadvantage
2022-10-26 13:47:28.657 | 03:08   16ms  480M  192G  31/ 31U [GameAnalyzer] Income advantage is now Even
2022-10-26 13:47:28.825 | 03:08   23ms  495M  196G  31/ 31U [GameAnalyzer] Income advantage is now SlightDisadvantage
2022-10-26 13:47:28.866 | 03:09   16ms  500M  196G  31/ 31U [GameAnalyzer] Income advantage is now Even
2022-10-26 13:47:29.167 | 03:10   16ms  320M  204G  31/ 46U [TerranUnit] MARINE from BARRACKS at (40.5, 61.5)
2022-10-26 13:47:29.614 | 03:12   14ms  200M  212G  32/ 46U [BuildAddon] UnitTypeId.BARRACKSTECHLAB to (56.0, 55.0)
2022-10-26 13:47:29.661 | 03:12   21ms  150M  187G  32/ 46U [BuildAddon] UnitTypeId.FACTORYREACTOR to (54.0, 58.0)
2022-10-26 13:47:30.359 | 03:15   19ms   10M   53G  32/ 46U [GameAnalyzer] Income advantage is now SlightDisadvantage
2022-10-26 13:47:30.403 | 03:15   17ms   20M   53G  32/ 46U [GameAnalyzer] Income advantage is now Even
2022-10-26 13:47:30.453 | 03:15   17ms   20M   53G  32/ 46U [GameAnalyzer] Income advantage is now SlightDisadvantage
2022-10-26 13:47:30.495 | 03:15   18ms   30M   57G  32/ 46U [GameAnalyzer] Income advantage is now Even
2022-10-26 13:47:30.714 | 03:16   15ms   40M   61G  32/ 46U [GameAnalyzer] Known army advantage is now Even
2022-10-26 13:47:30.715 | 03:16   15ms   40M   61G  32/ 46U [GameAnalyzer] Predicted army advantage is now SlightDisadvantage
2022-10-26 13:47:31.195 | 03:18   17ms   75M   69G  32/ 46U [GameAnalyzer] Income advantage is now SlightDisadvantage
2022-10-26 13:47:31.325 | 03:19   16ms   85M   77G  32/ 46U [GameAnalyzer] Income advantage is now Even
2022-10-26 13:47:31.413 | 03:19   18ms   85M   77G  32/ 46U [GameAnalyzer] Income advantage is now SlightDisadvantage
2022-10-26 13:47:31.978 | 03:21   15ms   40M   89G  32/ 46U [EnemyArmyPredicter] Predicting negative free minerals for enemy: -118
2022-10-26 13:47:31.980 | 03:21   15ms   40M   89G  32/ 46U [GameAnalyzer] Predicted army advantage is now Even
2022-10-26 13:47:32.551 | 03:24   16ms   85M  101G  32/ 46U [GameAnalyzer] Known army advantage is now SlightAdvantage
2022-10-26 13:47:32.628 | 03:24   16ms   85M  101G  32/ 46U [GameAnalyzer] Predicted army advantage is now SlightAdvantage
2022-10-26 13:47:32.631 | 03:24   16ms   35M  101G  32/ 46U [TerranUnit] MARINE from BARRACKS at (40.5, 61.5)
2022-10-26 13:47:33.301 | 03:26   17ms   85M  117G  33/ 46U [GameAnalyzer] Income advantage is now Even
2022-10-26 13:47:33.388 | 03:27   16ms   85M  117G  33/ 46U [GameAnalyzer] Income advantage is now SlightDisadvantage
2022-10-26 13:47:33.433 | 03:27   18ms   85M  121G  33/ 46U [GameAnalyzer] Income advantage is now Even
2022-10-26 13:47:33.476 | 03:27   17ms   85M  121G  33/ 46U [GameAnalyzer] Income advantage is now SlightDisadvantage
2022-10-26 13:47:33.626 | 03:28   16ms   45M  125G  33/ 46U [TerranUnit] MARINE from BARRACKS at (40.5, 61.5)
2022-10-26 13:47:34.133 | 03:30   21ms  115M  133G  34/ 46U [Tech] Started STIMPACK
2022-10-26 13:47:34.768 | 03:32   15ms    0M   49G  34/ 46U [TerranUnit] MARINE from BARRACKS at (53.5, 55.5)
2022-10-26 13:47:34.955 | 03:33   18ms   20M   53G  35/ 46U [GameAnalyzer] Income advantage is now SmallDisadvantage
2022-10-26 13:47:35.000 | 03:33   17ms   25M   53G  35/ 46U [GameAnalyzer] Income advantage is now SlightDisadvantage
2022-10-26 13:47:35.461 | 03:35   15ms   10M   65G  35/ 46U [ActUnit] SCV from COMMANDCENTER at (44.5, 56.5)
2022-10-26 13:47:35.877 | 03:36   15ms    0M   73G  36/ 46U [ActUnit] SCV from COMMANDCENTER at (69.5, 52.5)
2022-10-26 13:47:35.948 | 03:37   15ms    5M   73G  37/ 46U [GameAnalyzer] Known army advantage is now SmallAdvantage
2022-10-26 13:47:35.949 | 03:37   15ms    5M   73G  37/ 46U [GameAnalyzer] Predicted army advantage is now SmallAdvantage
2022-10-26 13:47:36.091 | 03:37   15ms   15M   77G  37/ 46U [GameAnalyzer] Income advantage is now SmallDisadvantage
2022-10-26 13:47:36.239 | 03:38   15ms   30M   81G  37/ 46U [GameAnalyzer] Income advantage is now SlightDisadvantage
2022-10-26 13:47:36.318 | 03:38   17ms   45M   81G  37/ 46U [GameAnalyzer] Income advantage is now Even
2022-10-26 13:47:36.369 | 03:38   18ms   45M   81G  37/ 46U [GameAnalyzer] Income advantage is now SlightDisadvantage
2022-10-26 13:47:36.411 | 03:39   16ms   45M   81G  37/ 46U [GameAnalyzer] Income advantage is now SmallDisadvantage
2022-10-26 13:47:36.457 | 03:39   19ms   45M   85G  37/ 46U [GameAnalyzer] Income advantage is now SlightDisadvantage
2022-10-26 13:47:36.726 | 03:40   17ms   65M   89G  36/ 46U [GameAnalyzer] Known army advantage is now SlightAdvantage
2022-10-26 13:47:36.727 | 03:40   17ms   65M   89G  36/ 46U [GameAnalyzer] Predicted army advantage is now SlightAdvantage
2022-10-26 13:47:36.914 | 03:41   14ms   70M   97G  36/ 46U [GameAnalyzer] Income advantage is now SmallDisadvantage
2022-10-26 13:47:36.952 | 03:41   17ms   80M   97G  36/ 46U [GameAnalyzer] Income advantage is now SlightDisadvantage
2022-10-26 13:47:37.057 | 03:41   16ms   90M   97G  36/ 46U [GameAnalyzer] Known army advantage is now SmallAdvantage
2022-10-26 13:47:37.058 | 03:41   16ms   90M   97G  36/ 46U [GameAnalyzer] Predicted army advantage is now SmallAdvantage
2022-10-26 13:47:37.060 | 03:41   16ms   40M   97G  36/ 46U [TerranUnit] MARINE from BARRACKS at (40.5, 61.5)
2022-10-26 13:47:37.169 | 03:42   15ms   45M  105G  37/ 46U [GameAnalyzer] Income advantage is now SmallDisadvantage
2022-10-26 13:47:37.170 | 03:42   15ms   45M  105G  37/ 46U [GameAnalyzer] Predicted army advantage is now Even
2022-10-26 13:47:37.249 | 03:42   14ms   50M  105G  37/ 46U [GameAnalyzer] Income advantage is now SlightDisadvantage
2022-10-26 13:47:37.400 | 03:43   43ms   65M  105G  37/ 46U [GameAnalyzer] Income advantage is now SmallDisadvantage
2022-10-26 13:47:37.437 | 03:43   17ms   75M  105G  37/ 46U [GameAnalyzer] Income advantage is now SlightDisadvantage
2022-10-26 13:47:37.678 | 03:44   15ms  135M  113G  37/ 46U [GameAnalyzer] Income advantage is now SmallDisadvantage
2022-10-26 13:47:37.717 | 03:44   15ms  135M  113G  37/ 46U [GameAnalyzer] Income advantage is now SlightDisadvantage
2022-10-26 13:47:37.981 | 03:46   14ms  110M  121G  37/ 46U [TerranUnit] MARINE from BARRACKS at (40.5, 61.5)
2022-10-26 13:47:38.268 | 03:47   14ms  135M  129G  38/ 54U [GameAnalyzer] Income advantage is now Even
2022-10-26 13:47:38.269 | 03:47   14ms  135M  129G  38/ 54U [GameAnalyzer] Predicted army advantage is now SlightDisadvantage
2022-10-26 13:47:38.271 | 03:47   14ms   85M  129G  38/ 54U [ActUnit] SCV from COMMANDCENTER at (44.5, 56.5)
2022-10-26 13:47:38.311 | 03:47   17ms   85M  129G  39/ 54U [GameAnalyzer] Income advantage is now SlightDisadvantage
2022-10-26 13:47:38.831 | 03:50   18ms   35M  145G  39/ 54U [GameAnalyzer] Income advantage is now Even
2022-10-26 13:47:38.883 | 03:50   17ms   35M  145G  39/ 54U [GameAnalyzer] Income advantage is now SlightDisadvantage
2022-10-26 13:47:39.133 | 03:51   17ms   75M  149G  39/ 54U [GameAnalyzer] Income advantage is now Even
2022-10-26 13:47:39.134 | 03:51   17ms   25M  149G  39/ 54U [ActUnit] SCV from COMMANDCENTER at (69.5, 52.5)
2022-10-26 13:47:39.193 | 03:51   20ms   50M  153G  40/ 54U [GameAnalyzer] Income advantage is now SlightDisadvantage
2022-10-26 13:47:39.197 | 03:51   20ms    0M  153G  40/ 54U [TerranUnit] MARINE from BARRACKS at (53.5, 55.5)
2022-10-26 13:47:39.233 | 03:51   23ms    5M  153G  41/ 54U [GameAnalyzer] Income advantage is now Even
2022-10-26 13:47:39.381 | 03:52   19ms   10M  153G  41/ 54U [GameAnalyzer] Income advantage is now SlightDisadvantage
2022-10-26 13:47:39.598 | 03:52   19ms   20M  157G  41/ 54U [GameAnalyzer] Predicted army advantage is now SmallDisadvantage
2022-10-26 13:47:39.975 | INFO     | sc2.protocol:_execute:72 - Client status changed to Status.ended (was Status.in_game)
2022-10-26 13:47:39.977 | Result: Defeat
2022-10-26 13:47:39.978 | Duration: 03:54
2022-10-26 13:47:39.998 | Step time min: 5
2022-10-26 13:47:39.999 | Step time avg: 13
2022-10-26 13:47:40.000 | Step time max: 131
2022-10-26 13:47:40.001 | [LostUnitsContents] My lost units minerals and gas: (50, 50)
2022-10-26 13:47:40.001 | [LostUnitsContents] My lost units minerals by score: 50.0
2022-10-26 13:47:40.002 | [LostUnitsContents] Enemy lost units minerals and gas: (225, 0)
2022-10-26 13:47:40.003 | [LostUnitsContents] Enemy lost units minerals by score: 225.0
2022-10-26 13:47:40.004 | [GameAnalyzerEnd] Own units:
2022-10-26 13:47:40.005 | [GameAnalyzerEnd] SCV               total:  25 alive:  25 dead:   0 
2022-10-26 13:47:40.005 | [GameAnalyzerEnd] MARINE            total:   9 alive:   9 dead:   0 
2022-10-26 13:47:40.006 | [GameAnalyzerEnd] SUPPLYDEPOT       total:   4 alive:   4 dead:   0 
2022-10-26 13:47:40.007 | [GameAnalyzerEnd] BARRACKS          total:   3 alive:   3 dead:   0 
2022-10-26 13:47:40.008 | [GameAnalyzerEnd] REFINERY          total:   2 alive:   2 dead:   0 
2022-10-26 13:47:40.009 | [GameAnalyzerEnd] REACTOR           total:   2 alive:   2 dead:   0 
2022-10-26 13:47:40.010 | [GameAnalyzerEnd] MULE              total:   2 alive:   2 dead:   0 
2022-10-26 13:47:40.011 | [GameAnalyzerEnd] ORBITALCOMMAND    total:   2 alive:   2 dead:   0 
2022-10-26 13:47:40.012 | [GameAnalyzerEnd] FACTORY           total:   1 alive:   1 dead:   0 
2022-10-26 13:47:40.013 | [GameAnalyzerEnd] TECHLAB           total:   1 alive:   1 dead:   0 
2022-10-26 13:47:40.014 | [GameAnalyzerEnd] STARPORT          total:   1 alive:   1 dead:   0 
2022-10-26 13:47:40.015 | [GameAnalyzerEnd] REAPER            total:   1 alive:   0 dead:   1 
2022-10-26 13:47:40.016 | [GameAnalyzerEnd] Enemy units:
2022-10-26 13:47:40.017 | [GameAnalyzerEnd] DRONE             total:  30 alive:  27 dead:   3 
2022-10-26 13:47:40.017 | [GameAnalyzerEnd] ZERGLING          total:   4 alive:   1 dead:   3 
2022-10-26 13:47:40.018 | [GameAnalyzerEnd] OVERLORD          total:   3 alive:   3 dead:   0 
2022-10-26 13:47:40.022 | [GameAnalyzerEnd] HATCHERY          total:   2 alive:   2 dead:   0 
2022-10-26 13:47:40.023 | [GameAnalyzerEnd] EXTRACTOR         total:   2 alive:   2 dead:   0 
2022-10-26 13:47:40.024 | [GameAnalyzerEnd] QUEEN             total:   2 alive:   2 dead:   0 
2022-10-26 13:47:40.025 | [GameAnalyzerEnd] SPAWNINGPOOL      total:   1 alive:   1 dead:   0 
2022-10-26 13:47:40.025 | [GameAnalyzerEnd] ROACHWARREN       total:   1 alive:   1 dead:   0 
2022-10-26 13:47:40.026 | [GameAnalyzerEnd] Minerals max 590 Average 181
2022-10-26 13:47:40.027 | [GameAnalyzerEnd] Vespene max 212 Average 54
2022-10-26 13:47:40.028 | INFO     | sc2.main:_play_game:228 - Result for player 1 - Bot Turtles(Terran): Defeat
2022-10-26 13:47:40.996 | INFO     | sc2.protocol:__request:48 - Cannot receive: Game has already ended.
2022-10-26 13:47:40.998 | INFO     | sc2.sc2process:_close_connection:231 - Closing connection at 54682...
2022-10-26 13:47:41.000 | INFO     | sc2.sc2process:kill_all:33 - kill_switch: Process cleanup for 1 processes
