2022-11-04 19:40:28.286 | INFO     | sc2.protocol:_execute:72 - Client status changed to Status.launched (was None)
2022-11-04 19:40:28.287 | INFO     | sc2.controller:create_game:37 - Creating new game
2022-11-04 19:40:28.288 | INFO     | sc2.controller:create_game:38 - Map:     OxideAIE
2022-11-04 19:40:28.290 | INFO     | sc2.controller:create_game:39 - Players: Bot Turtles(Terran), Computer VeryHard(Random, RandomBuild)
2022-11-04 19:40:28.292 | INFO     | sc2.protocol:_execute:72 - Client status changed to Status.init_game (was Status.launched)
2022-11-04 19:40:36.919 | INFO     | sc2.protocol:_execute:72 - Client status changed to Status.in_game (was None)
2022-11-04 19:40:36.921 | INFO     | sc2.main:_play_game:221 - Player 1 - Bot Turtles(Terran)
2022-11-04 19:40:37.470 | 00:00    0ms    0M    0G  12/ 15U [Version] 5.0.10.88500
2022-11-04 19:40:37.472 | 00:00    0ms    0M    0G  12/ 15U [Version] 5.0.6 Balance mod recognized.
2022-11-04 19:40:37.540 | 00:00    0ms    0M    0G  12/ 15U [ZoneManager] Map set to: MapName.Oxide from name: Oxide AIE and hash: 3281780.
2022-11-04 19:40:38.415 | ERROR    | sc2.main:initialize_first_step:140 - Caught unknown exception in AI on_start: GridBuilding.__init__() missing 1 required positional argument: 'unit_type'
Traceback (most recent call last):

  File "C:\Users\sword\OneDrive\Desktop\27turtles\run.py", line 18, in <module>
    main()
    └ <function main at 0x000001A056E14700>

  File "C:\Users\sword\OneDrive\Desktop\27turtles\run.py", line 13, in main
    result, opponentid = run_ladder_game(bot)
                         │               └ <sc2.player.Bot object at 0x000001A056E2D060>
                         └ <function run_ladder_game at 0x000001A034529360>

  File "C:\Users\sword\OneDrive\Desktop\27turtles\ladder.py", line 39, in run_ladder_game
    return stand_alone_game(bot), None
           │                └ <sc2.player.Bot object at 0x000001A056E2D060>
           └ <function stand_alone_game at 0x000001A0545295A0>

  File "C:\Users\sword\OneDrive\Desktop\27turtles\ladder.py", line 168, in stand_alone_game
    return sc2.main.run_game(sc2.maps.get(map_name), [bot, Computer(Race.Random, Difficulty.VeryHard)], realtime=False,)
           │   │    │        │   │    │   │           │    │        │    │       │          └ <Difficulty.VeryHard: 7>
           │   │    │        │   │    │   │           │    │        │    │       └ <enum 'Difficulty'>
           │   │    │        │   │    │   │           │    │        │    └ <Race.Random: 4>
           │   │    │        │   │    │   │           │    │        └ <enum 'Race'>
           │   │    │        │   │    │   │           │    └ <class 'sc2.player.Computer'>
           │   │    │        │   │    │   │           └ <sc2.player.Bot object at 0x000001A056E2D060>
           │   │    │        │   │    │   └ 'OxideAIE'
           │   │    │        │   │    └ <function get at 0x000001A0545DC4C0>
           │   │    │        │   └ <module 'sc2.maps' from 'C:\\Users\\sword\\OneDrive\\Desktop\\27turtles\\sc2\\maps.py'>
           │   │    │        └ <module 'sc2' from 'C:\\Users\\sword\\OneDrive\\Desktop\\27turtles\\sc2\\__init__.py'>
           │   │    └ <function run_game at 0x000001A0546B8DC0>
           │   └ <module 'sc2.main' from 'C:\\Users\\sword\\OneDrive\\Desktop\\27turtles\\sc2\\main.py'>
           └ <module 'sc2' from 'C:\\Users\\sword\\OneDrive\\Desktop\\27turtles\\sc2\\__init__.py'>

  File "C:\Users\sword\OneDrive\Desktop\27turtles\sc2\main.py", line 496, in run_game
    result: Result = asyncio.run(_host_game(map_settings, players, **kwargs))
                     │       │   │          │             │          └ {'realtime': False}
                     │       │   │          │             └ [<sc2.player.Bot object at 0x000001A056E2D060>, <sc2.player.Computer object at 0x000001A056E2DAE0>]
                     │       │   │          └ Map(C:\Program Files (x86)\StarCraft II\maps\OxideAIE.SC2Map)
                     │       │   └ <function _host_game at 0x000001A0546B89D0>
                     │       └ <function run at 0x000001A03624D7E0>
                     └ <module 'asyncio' from 'C:\\Users\\sword\\AppData\\Local\\Programs\\Python\\Python310\\lib\\asyncio\\__init__.py'>

  File "C:\Users\sword\AppData\Local\Programs\Python\Python310\lib\asyncio\runners.py", line 44, in run
    return loop.run_until_complete(main)
           │    │                  └ <coroutine object _host_game at 0x000001A056E48120>
           │    └ <function BaseEventLoop.run_until_complete at 0x000001A03624F1C0>
           └ <ProactorEventLoop running=True closed=False debug=False>

  File "C:\Users\sword\AppData\Local\Programs\Python\Python310\lib\asyncio\base_events.py", line 633, in run_until_complete
    self.run_forever()
    │    └ <function ProactorEventLoop.run_forever at 0x000001A0362FBBE0>
    └ <ProactorEventLoop running=True closed=False debug=False>

  File "C:\Users\sword\AppData\Local\Programs\Python\Python310\lib\asyncio\windows_events.py", line 321, in run_forever
    super().run_forever()

  File "C:\Users\sword\AppData\Local\Programs\Python\Python310\lib\asyncio\base_events.py", line 600, in run_forever
    self._run_once()
    │    └ <function BaseEventLoop._run_once at 0x000001A036254CA0>
    └ <ProactorEventLoop running=True closed=False debug=False>

  File "C:\Users\sword\AppData\Local\Programs\Python\Python310\lib\asyncio\base_events.py", line 1896, in _run_once
    handle._run()
    │      └ <function Handle._run at 0x000001A0361AC280>
    └ <Handle Task.task_wakeup(<Future finished result=None>)>

  File "C:\Users\sword\AppData\Local\Programs\Python\Python310\lib\asyncio\events.py", line 80, in _run
    self._context.run(self._callback, *self._args)
    │    │            │    │           │    └ <member '_args' of 'Handle' objects>
    │    │            │    │           └ <Handle Task.task_wakeup(<Future finished result=None>)>
    │    │            │    └ <member '_callback' of 'Handle' objects>
    │    │            └ <Handle Task.task_wakeup(<Future finished result=None>)>
    │    └ <member '_context' of 'Handle' objects>
    └ <Handle Task.task_wakeup(<Future finished result=None>)>

  File "C:\Users\sword\OneDrive\Desktop\27turtles\sc2\main.py", line 369, in _host_game
    result = await _play_game(players[0], client, realtime, portconfig, game_time_limit, rgb_render_config)
                   │          │           │       │         │           │                └ None
                   │          │           │       │         │           └ None
                   │          │           │       │         └ None
                   │          │           │       └ False
                   │          │           └ <sc2.client.Client object at 0x000001A056E2EA10>
                   │          └ [<sc2.player.Bot object at 0x000001A056E2D060>, <sc2.player.Computer object at 0x000001A056E2DAE0>]
                   └ <function _play_game at 0x000001A0546B8820>

  File "C:\Users\sword\OneDrive\Desktop\27turtles\sc2\main.py", line 226, in _play_game
    result = await _play_game_ai(client, player_id, player.ai, realtime, game_time_limit)
                   │             │       │          │      │   │         └ None
                   │             │       │          │      │   └ False
                   │             │       │          │      └ <turtles.bot.Turtles object at 0x000001A036246C80>
                   │             │       │          └ <sc2.player.Bot object at 0x000001A056E2D060>
                   │             │       └ 1
                   │             └ <sc2.client.Client object at 0x000001A056E2EA10>
                   └ <function _play_game_ai at 0x000001A0546B8670>

  File "C:\Users\sword\OneDrive\Desktop\27turtles\sc2\main.py", line 145, in _play_game_ai
    result = await initialize_first_step()
                   └ <function _play_game_ai.<locals>.initialize_first_step at 0x000001A056E14D30>

> File "C:\Users\sword\OneDrive\Desktop\27turtles\sc2\main.py", line 136, in initialize_first_step
    await ai.on_start()
          │  └ <function KnowledgeBot.on_start at 0x000001A056AD6CB0>
          └ <turtles.bot.Turtles object at 0x000001A036246C80>

  File "C:\Users\sword\OneDrive\Desktop\27turtles\sharpy\knowledges\knowledge_bot.py", line 71, in on_start
    await self.knowledge.start()
          │    │         └ <function Knowledge.start at 0x000001A05473B010>
          │    └ <sharpy.knowledges.knowledge.Knowledge object at 0x000001A0341B6590>
          └ <turtles.bot.Turtles object at 0x000001A036246C80>

  File "C:\Users\sword\OneDrive\Desktop\27turtles\sharpy\knowledges\knowledge.py", line 151, in start
    await manager.post_start()
          │       └ <function ActManager.post_start at 0x000001A0545A4F70>
          └ <sharpy.managers.core.act_manager.ActManager object at 0x000001A057063B50>

  File "C:\Users\sword\OneDrive\Desktop\27turtles\sharpy\managers\core\act_manager.py", line 25, in post_start
    self._act = await self._act_or_func()
    │                 │    └ <bound method Turtles.create_plan of <turtles.bot.Turtles object at 0x000001A036246C80>>
    │                 └ <sharpy.managers.core.act_manager.ActManager object at 0x000001A057063B50>
    └ <sharpy.managers.core.act_manager.ActManager object at 0x000001A057063B50>

  File "C:\Users\sword\OneDrive\Desktop\27turtles\turtles\bot.py", line 53, in create_plan
    self.build = ReactiveBio()
    │    │       └ <class 'turtles.reactivebio.ReactiveBio'>
    │    └ <function BotAI.build at 0x000001A0544ABE20>
    └ <turtles.bot.Turtles object at 0x000001A036246C80>

  File "C:\Users\sword\OneDrive\Desktop\27turtles\turtles\reactivebio.py", line 159, in __init__
    UnitDecisions()
    └ <class 'turtles.decisions.unitdecisions.UnitDecisions'>

  File "C:\Users\sword\OneDrive\Desktop\27turtles\turtles\decisions\unitdecisions.py", line 45, in __init__
    super().__init__()

TypeError: GridBuilding.__init__() missing 1 required positional argument: 'unit_type'
2022-11-04 19:40:38.516 | ERROR    | sc2.main:initialize_first_step:141 - Resigning due to previous error
2022-11-04 19:40:38.518 | Result: Defeat
2022-11-04 19:40:38.518 | Duration: 00:00
2022-11-04 19:40:38.519 | Step time avg: 0
2022-11-04 19:40:38.520 | Step time max: 0
2022-11-04 19:40:38.520 | [LostUnitsContents] My lost units minerals and gas: (0, 0)
2022-11-04 19:40:38.521 | [LostUnitsContents] My lost units minerals by score: 0.0
2022-11-04 19:40:38.522 | [LostUnitsContents] Enemy lost units minerals and gas: (0, 0)
2022-11-04 19:40:38.523 | [LostUnitsContents] Enemy lost units minerals by score: 0.0
2022-11-04 19:40:38.524 | [GameAnalyzerEnd] Own units:
2022-11-04 19:40:38.524 | [GameAnalyzerEnd] Enemy units:
2022-11-04 19:40:38.527 | [GameAnalyzerEnd] Minerals max 0 Average 0
2022-11-04 19:40:38.528 | [GameAnalyzerEnd] Vespene max 0 Average 0
2022-11-04 19:40:38.529 | INFO     | sc2.main:_play_game:228 - Result for player 1 - Bot Turtles(Terran): Defeat
2022-11-04 19:40:39.456 | INFO     | sc2.protocol:_execute:72 - Client status changed to Status.launched (was Status.in_game)
2022-11-04 19:40:39.461 | INFO     | sc2.protocol:_execute:72 - Client status changed to Status.quit (was Status.launched)
2022-11-04 19:40:39.463 | INFO     | sc2.sc2process:_close_connection:231 - Closing connection at 54238...
2022-11-04 19:40:39.465 | INFO     | sc2.sc2process:kill_all:33 - kill_switch: Process cleanup for 1 processes
