2022-11-15 11:23:22.456 | INFO     | sc2.protocol:_execute:72 - Client status changed to Status.launched (was None)
2022-11-15 11:23:22.457 | INFO     | sc2.controller:create_game:37 - Creating new game
2022-11-15 11:23:22.458 | INFO     | sc2.controller:create_game:38 - Map:     LightshadeAIE
2022-11-15 11:23:22.460 | INFO     | sc2.controller:create_game:39 - Players: Bot Turtles(Terran), Computer VeryHard(Random, RandomBuild)
2022-11-15 11:23:22.462 | INFO     | sc2.protocol:_execute:72 - Client status changed to Status.init_game (was Status.launched)
2022-11-15 11:23:32.440 | INFO     | sc2.protocol:_execute:72 - Client status changed to Status.in_game (was None)
2022-11-15 11:23:32.442 | INFO     | sc2.main:_play_game:221 - Player 1 - Bot Turtles(Terran)
2022-11-15 11:23:33.343 | 00:00    0ms    0M    0G  12/ 15U [Version] 5.0.10.88500
2022-11-15 11:23:33.419 | 00:00    0ms    0M    0G  12/ 15U [Version] 5.0.6 Balance mod recognized.
2022-11-15 11:23:33.511 | 00:00    0ms    0M    0G  12/ 15U [ZoneManager] Map set to: MapName.Lightshade from name: Lightshade AIE and hash: 3553876.
2022-11-15 11:23:34.313 | [Start] My race: Terran
2022-11-15 11:23:34.315 | [Start] Opponent race: Random
2022-11-15 11:23:34.316 | [Start] OpponentId: None
2022-11-15 11:23:34.541 | 00:00    7ms    0M    0G  13/ 15U [GameAnalyzer] Income advantage is now SlightDisadvantage
2022-11-15 11:23:34.632 | 00:01    6ms    0M    0G  13/ 15U [GameAnalyzer] Income advantage is now Even
2022-11-15 11:23:35.680 | 00:09    7ms   85M    0G  13/ 15U [GameAnalyzer] Income advantage is now SlightDisadvantage
2022-11-15 11:23:35.721 | 00:09    7ms   95M    0G  13/ 15U [GameAnalyzer] Income advantage is now Even
2022-11-15 11:23:35.822 | 00:10    7ms    0M    0G  13/ 15U [GameAnalyzer] Income advantage is now SlightDisadvantage
2022-11-15 11:23:35.839 | 00:10    8ms    5M    0G  13/ 15U [GameAnalyzer] Income advantage is now Even
2022-11-15 11:23:36.066 | 00:13    8ms   20M    0G  13/ 15U [GameAnalyzer] Income advantage is now SlightDisadvantage
2022-11-15 11:23:36.088 | 00:13    8ms   25M    0G  13/ 15U [GameAnalyzer] Income advantage is now Even
2022-11-15 11:23:36.242 | 00:14    7ms    0M    0G  13/ 15U [ActUnit] SCV from COMMANDCENTER at (40.5, 131.5)
2022-11-15 11:23:37.697 | 00:26    7ms  110M    0G  14/ 15U [ActUnit] SCV from COMMANDCENTER at (40.5, 131.5)
2022-11-15 11:23:39.036 | 00:37    9ms   25M    0G  15/ 23U [BuildGas] Building REFINERY to (33.5, 128.5)
2022-11-15 11:23:39.370 | 00:39    7ms    0M    0G  15/ 23U [ActUnit] SCV from COMMANDCENTER at (40.5, 131.5)
2022-11-15 11:23:40.885 | 00:51    7ms  105M    0G  16/ 23U [ActUnit] SCV from COMMANDCENTER at (40.5, 131.5)
2022-11-15 11:23:42.426 | 01:03   10ms  205M    4G  17/ 23U [ActUnit] SCV from COMMANDCENTER at (40.5, 131.5)
2022-11-15 11:23:44.128 | 01:13   19ms  325M   28G  18/ 23U [GameAnalyzer] Income advantage is now SlightAdvantage
2022-11-15 11:23:44.175 | 01:13   21ms  330M   28G  18/ 23U [GameAnalyzer] Income advantage is now SmallAdvantage
2022-11-15 11:23:44.229 | 01:14   24ms  330M   28G  18/ 23U [GameAnalyzer] Income advantage is now SlightAdvantage
2022-11-15 11:23:44.333 | 01:14   19ms  335M   28G  18/ 23U [GameAnalyzer] Income advantage is now Even
2022-11-15 11:23:44.591 | 01:16   11ms  305M   32G  18/ 23U [ActUnit] SCV from COMMANDCENTER at (40.5, 131.5)
2022-11-15 11:23:44.818 | 01:17   10ms  325M   36G  19/ 23U [EnemyArmyPredicter] Predicting negative free minerals for enemy: -245
2022-11-15 11:23:45.121 | 01:19   12ms  345M   44G  19/ 23U [GameAnalyzer] Income advantage is now SlightDisadvantage
2022-11-15 11:23:45.151 | 01:19   10ms  350M   44G  19/ 23U [GameAnalyzer] Income advantage is now Even
2022-11-15 11:23:45.355 | 01:20   11ms  360M   44G  19/ 23U [GameAnalyzer] Income advantage is now SlightDisadvantage
2022-11-15 11:23:45.442 | 01:21   10ms  380M   48G  19/ 23U [GameAnalyzer] Income advantage is now Even
2022-11-15 11:23:45.501 | 01:21   11ms  380M   48G  19/ 23U [GameAnalyzer] Income advantage is now SlightDisadvantage
2022-11-15 11:23:45.587 | 01:22   12ms  390M   48G  19/ 23U [GameAnalyzer] Income advantage is now Even
2022-11-15 11:23:45.674 | 01:22   12ms  390M   52G  19/ 23U [EnemyArmyPredicter] Predicting negative free minerals for enemy: -240
2022-11-15 11:23:45.734 | 01:23   11ms  390M   52G  19/ 23U [GameAnalyzer] Income advantage is now SlightDisadvantage
2022-11-15 11:23:45.759 | 01:23   13ms  395M   52G  19/ 23U [GameAnalyzer] Income advantage is now Even
2022-11-15 11:23:45.797 | 01:23   12ms  200M    2G  19/ 23U [TerranUnit] REAPER from BARRACKS at (48.5, 131.5)
2022-11-15 11:23:45.853 | 01:23   11ms  255M    2G  20/ 23U [GameAnalyzer] Income advantage is now SlightDisadvantage
2022-11-15 11:23:46.016 | 01:24   13ms  270M    6G  20/ 23U [GameAnalyzer] Income advantage is now Even
2022-11-15 11:23:46.099 | 01:25   11ms  275M   10G  20/ 23U [GameAnalyzer] Income advantage is now SlightDisadvantage
2022-11-15 11:23:46.241 | 01:26   11ms  295M   10G  20/ 23U [GameAnalyzer] Income advantage is now Even
2022-11-15 11:23:46.272 | 01:26   12ms  295M   10G  20/ 23U [GameAnalyzer] Income advantage is now SlightDisadvantage
2022-11-15 11:23:46.298 | 01:26   11ms  300M   10G  20/ 23U [GameAnalyzer] Income advantage is now Even
2022-11-15 11:23:46.332 | 01:26   13ms  305M   14G  20/ 23U [GameAnalyzer] Income advantage is now SlightDisadvantage
2022-11-15 11:23:46.386 | 01:27   10ms  305M   14G  20/ 23U [GameAnalyzer] Income advantage is now Even
2022-11-15 11:23:46.550 | 01:28   10ms  310M   14G  20/ 23U [GameAnalyzer] Income advantage is now SlightDisadvantage
2022-11-15 11:23:46.618 | 01:28   12ms  170M   18G  20/ 23U [GameAnalyzer] Income advantage is now Even
2022-11-15 11:23:46.746 | 01:29   11ms  175M   18G  20/ 23U [GameAnalyzer] Income advantage is now SlightDisadvantage
2022-11-15 11:23:46.781 | 01:29   11ms  180M   18G  20/ 23U [GameAnalyzer] Income advantage is now Even
2022-11-15 11:23:46.952 | 01:30   10ms  190M   22G  20/ 23U [GameAnalyzer] Income advantage is now SlightDisadvantage
2022-11-15 11:23:47.013 | 01:30   10ms  205M   22G  20/ 23U [GameAnalyzer] Income advantage is now Even
2022-11-15 11:23:47.154 | 01:31   11ms  215M   26G  20/ 23U [GameAnalyzer] Income advantage is now SlightDisadvantage
2022-11-15 11:23:47.181 | 01:31   12ms  220M   26G  20/ 23U [GameAnalyzer] Income advantage is now Even
2022-11-15 11:23:47.296 | 01:32   10ms  225M   30G  20/ 23U [GameAnalyzer] Income advantage is now SlightDisadvantage
2022-11-15 11:23:47.386 | 01:33   10ms  235M   30G  20/ 23U [GameAnalyzer] Income advantage is now Even
2022-11-15 11:23:47.529 | 01:34   11ms  250M   34G  20/ 23U [GameAnalyzer] Income advantage is now SlightDisadvantage
2022-11-15 11:23:47.585 | 01:34   11ms  255M   34G  20/ 23U [GameAnalyzer] Income advantage is now Even
2022-11-15 11:23:47.719 | 01:35   10ms  265M   34G  20/ 23U [GameAnalyzer] Income advantage is now SlightDisadvantage
2022-11-15 11:23:47.772 | 01:35   11ms  275M   38G  20/ 23U [GameAnalyzer] Income advantage is now Even
2022-11-15 11:23:47.916 | 01:36   12ms  290M   38G  20/ 23U [GameAnalyzer] Income advantage is now SlightDisadvantage
2022-11-15 11:23:47.971 | 01:36   10ms  295M   38G  20/ 23U [GameAnalyzer] Income advantage is now Even
2022-11-15 11:23:48.053 | 01:37   11ms  300M   42G  20/ 23U [GameAnalyzer] Income advantage is now SlightDisadvantage
2022-11-15 11:23:48.142 | 01:38   11ms  310M   42G  20/ 23U [GameAnalyzer] Income advantage is now Even
2022-11-15 11:23:48.284 | 01:38   10ms  320M   46G  20/ 23U [GameAnalyzer] Income advantage is now SlightDisadvantage
2022-11-15 11:23:48.341 | 01:39   13ms  325M   46G  20/ 23U [GameAnalyzer] Income advantage is now Even
2022-11-15 11:23:48.515 | 01:40   12ms  340M   50G  20/ 23U [GameAnalyzer] Income advantage is now SlightDisadvantage
2022-11-15 11:23:48.563 | 01:40   10ms  355M   50G  20/ 23U [GameAnalyzer] Income advantage is now Even
2022-11-15 11:23:48.618 | 01:41   11ms  355M   50G  20/ 23U [GameAnalyzer] Income advantage is now SlightDisadvantage
2022-11-15 11:23:48.643 | 01:41   11ms  360M   50G  20/ 23U [GameAnalyzer] Income advantage is now Even
2022-11-15 11:23:48.675 | 01:41   14ms  365M   50G  20/ 23U [GameAnalyzer] Income advantage is now SlightDisadvantage
2022-11-15 11:23:48.702 | 01:41   12ms  365M   54G  20/ 23U [GameAnalyzer] Income advantage is now Even
2022-11-15 11:23:48.767 | 01:41   12ms  370M   54G  20/ 23U [GameAnalyzer] Income advantage is now SlightDisadvantage
2022-11-15 11:23:48.826 | 01:42   12ms  375M   54G  20/ 23U [GameAnalyzer] Income advantage is now Even
2022-11-15 11:23:48.857 | 01:42   13ms  375M   54G  20/ 23U [GameAnalyzer] Income advantage is now SlightDisadvantage
2022-11-15 11:23:48.884 | 01:42   12ms  380M   54G  20/ 23U [GameAnalyzer] Income advantage is now Even
2022-11-15 11:23:49.095 | 01:43   11ms  400M   58G  20/ 23U [GameAnalyzer] Income advantage is now SlightDisadvantage
2022-11-15 11:23:49.152 | 01:44   10ms  410M   58G  20/ 23U [GameAnalyzer] Income advantage is now Even
2022-11-15 11:23:49.320 | 01:45   13ms  415M   62G  20/ 23U [GameAnalyzer] Income advantage is now SlightDisadvantage
2022-11-15 11:23:49.387 | 01:45   10ms  425M   62G  20/ 23U [GameAnalyzer] Income advantage is now Even
2022-11-15 11:23:49.565 | 01:46   29ms  440M   66G  20/ 23U [GameAnalyzer] Income advantage is now SlightDisadvantage
2022-11-15 11:23:49.621 | 01:46   12ms  445M   66G  20/ 23U [GameAnalyzer] Income advantage is now Even
2022-11-15 11:23:49.736 | 01:47   10ms  450M   70G  20/ 23U [GameAnalyzer] Income advantage is now SlightDisadvantage
2022-11-15 11:23:49.820 | 01:48   11ms  460M   70G  20/ 23U [GameAnalyzer] Income advantage is now Even
2022-11-15 11:23:49.948 | 01:48   11ms  475M   70G  20/ 23U [GameAnalyzer] Income advantage is now SlightDisadvantage
2022-11-15 11:23:50.008 | 01:49   11ms  480M   74G  20/ 23U [GameAnalyzer] Income advantage is now Even
2022-11-15 11:23:50.159 | 01:50   12ms  485M   74G  20/ 31U [GameAnalyzer] Income advantage is now SlightDisadvantage
2022-11-15 11:23:50.208 | 01:50   11ms  490M   78G  20/ 31U [GameAnalyzer] Income advantage is now Even
2022-11-15 11:23:50.267 | 01:50   11ms  505M   78G  20/ 31U [GameAnalyzer] Income advantage is now SlightDisadvantage
2022-11-15 11:23:50.323 | 01:51   13ms  510M   78G  20/ 31U [GameAnalyzer] Income advantage is now Even
2022-11-15 11:23:50.561 | 01:52   11ms  520M   82G  20/ 31U [GameAnalyzer] Income advantage is now SlightDisadvantage
2022-11-15 11:23:50.593 | 01:52   12ms  540M   82G  20/ 31U [GameAnalyzer] Income advantage is now Even
2022-11-15 11:23:50.655 | 01:53   12ms  495M   82G  20/ 31U [ActUnit] SCV from COMMANDCENTER at (40.5, 131.5)
2022-11-15 11:23:50.986 | 01:55   12ms  515M   90G  21/ 31U [GameAnalyzer] Income advantage is now SlightDisadvantage
2022-11-15 11:23:51.086 | 01:55   11ms  530M   90G  21/ 31U [GameAnalyzer] Income advantage is now Even
2022-11-15 11:23:51.088 | 01:55   11ms  530M   90G  21/ 31U [GameAnalyzer] Known army advantage is now SlightAdvantage
2022-11-15 11:23:51.088 | 01:55   11ms  530M   90G  21/ 31U [GameAnalyzer] Predicted army advantage is now SlightAdvantage
2022-11-15 11:23:51.090 | 01:55   11ms  530M   90G  21/ 31U [BuildAddon] UnitTypeId.BARRACKSREACTOR to (51.0, 131.0)
2022-11-15 11:23:51.129 | 01:55   22ms  485M   40G  21/ 31U [Expand] Expanding to (38.5, 102.5)
2022-11-15 11:23:51.450 | 01:57   15ms   95M   44G  21/ 31U [GameAnalyzer] Income advantage is now SlightDisadvantage
2022-11-15 11:23:51.545 | 01:57   14ms  115M   48G  21/ 31U [GameAnalyzer] Income advantage is now Even
2022-11-15 11:23:51.818 | 01:58   17ms  120M   48G  21/ 31U [GameAnalyzer] Income advantage is now SlightDisadvantage
2022-11-15 11:23:51.887 | 01:58   15ms  125M   48G  21/ 31U [GameAnalyzer] Income advantage is now Even
2022-11-15 11:23:52.023 | 01:59   17ms  130M   52G  21/ 31U [GameAnalyzer] Income advantage is now SlightDisadvantage
2022-11-15 11:23:52.122 | 02:00   16ms  145M   52G  21/ 31U [GameAnalyzer] Income advantage is now Even
2022-11-15 11:23:52.248 | 02:00   16ms    5M   52G  21/ 31U [GameAnalyzer] Income advantage is now SlightDisadvantage
2022-11-15 11:23:52.285 | 02:00   18ms    5M   56G  21/ 31U [GameAnalyzer] Income advantage is now Even
2022-11-15 11:23:52.319 | 02:00   16ms    5M   56G  21/ 31U [GameAnalyzer] Income advantage is now SlightDisadvantage
2022-11-15 11:23:52.364 | 02:01   17ms   10M   56G  21/ 31U [GameAnalyzer] Income advantage is now Even
2022-11-15 11:23:52.507 | 02:01   15ms   40M   56G  21/ 31U [GameAnalyzer] Income advantage is now SlightDisadvantage
2022-11-15 11:23:52.710 | 02:02   16ms   65M   60G  21/ 31U [GameAnalyzer] Income advantage is now Even
2022-11-15 11:23:52.809 | 02:03   16ms   65M   60G  21/ 31U [GameAnalyzer] Income advantage is now SlightDisadvantage
2022-11-15 11:23:52.878 | 02:03   15ms   70M   64G  21/ 31U [GameAnalyzer] Income advantage is now Even
2022-11-15 11:23:53.009 | 02:04   16ms   85M   64G  21/ 31U [GameAnalyzer] Income advantage is now SlightAdvantage
2022-11-15 11:23:53.046 | 02:04   14ms   85M   64G  21/ 31U [GameAnalyzer] Income advantage is now Even
2022-11-15 11:23:53.185 | 02:05   14ms   45M   68G  21/ 31U [ActUnit] SCV from COMMANDCENTER at (40.5, 131.5)
2022-11-15 11:23:53.215 | 02:05   18ms   45M   68G  22/ 31U [GameAnalyzer] Income advantage is now SlightAdvantage
2022-11-15 11:23:53.283 | 02:05   13ms   50M   68G  22/ 31U [GameAnalyzer] Income advantage is now Even
2022-11-15 11:23:53.421 | 02:06   16ms   65M   72G  22/ 31U [GameAnalyzer] Income advantage is now SlightAdvantage
2022-11-15 11:23:53.536 | 02:07   17ms   65M   72G  22/ 31U [GameAnalyzer] Income advantage is now Even
2022-11-15 11:23:53.608 | 02:07   14ms   75M   72G  22/ 31U [GameAnalyzer] Income advantage is now SlightAdvantage
2022-11-15 11:23:53.774 | 02:08   14ms   85M   76G  22/ 31U [GameAnalyzer] Income advantage is now Even
2022-11-15 11:23:53.877 | 02:08   14ms  120M   76G  22/ 31U [GameAnalyzer] Income advantage is now SlightAdvantage
2022-11-15 11:23:54.015 | 02:09   14ms  125M   80G  22/ 31U [GameAnalyzer] Income advantage is now Even
2022-11-15 11:23:54.295 | 02:11   14ms  160M   84G  22/ 31U [GameAnalyzer] Income advantage is now SlightAdvantage
2022-11-15 11:23:54.329 | 02:11   16ms  160M   84G  22/ 31U [GameAnalyzer] Income advantage is now Even
2022-11-15 11:23:54.600 | 02:12   15ms  170M   88G  22/ 31U [GameAnalyzer] Income advantage is now SlightAdvantage
2022-11-15 11:23:54.729 | 02:12   16ms  180M   88G  22/ 31U [GameAnalyzer] Income advantage is now Even
2022-11-15 11:23:54.904 | 02:13   15ms  190M   88G  22/ 31U [GameAnalyzer] Income advantage is now SlightAdvantage
2022-11-15 11:23:55.049 | 02:14   14ms  190M   92G  22/ 31U [GameAnalyzer] Income advantage is now Even
2022-11-15 11:23:55.286 | 02:15   15ms  225M   96G  22/ 31U [GameAnalyzer] Income advantage is now SlightAdvantage
2022-11-15 11:23:55.407 | 02:16   14ms  255M   96G  22/ 31U [GameAnalyzer] Income advantage is now Even
2022-11-15 11:23:55.560 | 02:16   16ms  255M   96G  22/ 31U [GameAnalyzer] Income advantage is now SlightAdvantage
2022-11-15 11:23:55.594 | 02:16   16ms  255M  100G  22/ 31U [GameAnalyzer] Income advantage is now Even
2022-11-15 11:23:55.633 | 02:17   15ms   35M    0G  22/ 31U [BuildGas] Building REFINERY to (44.5, 138.5)
2022-11-15 11:23:55.728 | 02:17   15ms    0M    0G  22/ 31U [ActUnit] SCV from COMMANDCENTER at (40.5, 131.5)
2022-11-15 11:23:55.763 | 02:17   16ms    5M    0G  23/ 31U [GameAnalyzer] Income advantage is now SlightAdvantage
2022-11-15 11:23:55.793 | 02:18   15ms    5M    0G  23/ 31U [GameAnalyzer] Income advantage is now Even
2022-11-15 11:23:55.913 | 02:18   14ms   10M    4G  23/ 31U [GameAnalyzer] Income advantage is now SlightDisadvantage
2022-11-15 11:23:55.977 | 02:18   15ms   10M    4G  23/ 31U [GameAnalyzer] Income advantage is now Even
2022-11-15 11:23:56.008 | 02:19   15ms   10M    4G  23/ 31U [GameAnalyzer] Income advantage is now SlightDisadvantage
2022-11-15 11:23:56.666 | 02:22   13ms   60M   12G  23/ 31U [GameAnalyzer] Known army advantage is now Even
2022-11-15 11:23:56.667 | 02:22   13ms   60M   12G  23/ 31U [GameAnalyzer] Predicted army advantage is now Even
2022-11-15 11:23:57.178 | 02:24   16ms  110M   20G  23/ 31U [GameAnalyzer] Known army advantage is now SlightDisadvantage
2022-11-15 11:23:57.179 | 02:24   16ms  110M   20G  23/ 31U [GameAnalyzer] Predicted army advantage is now OverwhelmingDisadvantage
2022-11-15 11:23:57.942 | 02:28   16ms  155M   28G  23/ 31U [GameAnalyzer] Income advantage is now SmallDisadvantage
2022-11-15 11:23:58.020 | 02:28   14ms  165M   28G  23/ 31U [GameAnalyzer] Income advantage is now SlightDisadvantage
2022-11-15 11:23:58.304 | 02:29   16ms  175M   32G  23/ 31U [GameAnalyzer] Income advantage is now SmallDisadvantage
2022-11-15 11:23:58.344 | 02:29   17ms  125M   32G  23/ 31U [ActUnit] SCV from COMMANDCENTER at (40.5, 131.5)
2022-11-15 11:23:58.386 | 02:30   17ms  130M   32G  24/ 31U [GameAnalyzer] Income advantage is now SlightDisadvantage
2022-11-15 11:23:58.570 | 02:30   15ms  145M   36G  24/ 31U [GameAnalyzer] Income advantage is now SmallDisadvantage
2022-11-15 11:23:58.647 | 02:31   16ms  175M   36G  24/ 31U [GameAnalyzer] Income advantage is now SlightDisadvantage
2022-11-15 11:23:58.652 | 02:31   16ms  125M   36G  24/ 31U [TerranUnit] MARINE from BARRACKS at (48.5, 131.5)
2022-11-15 11:23:58.770 | 02:31   16ms   30M   40G  25/ 31U [GameAnalyzer] Income advantage is now SmallDisadvantage
2022-11-15 11:23:58.881 | 02:32   16ms   40M   40G  25/ 31U [GameAnalyzer] Income advantage is now SlightDisadvantage
2022-11-15 11:23:58.980 | 02:32   19ms   50M   40G  25/ 31U [GameAnalyzer] Income advantage is now SmallDisadvantage
2022-11-15 11:23:58.985 | 02:32   19ms    0M   40G  25/ 31U [TerranUnit] MARINE from BARRACKS at (48.5, 131.5)
2022-11-15 11:23:59.018 | 02:32   18ms    0M   40G  26/ 31U [GameAnalyzer] Income advantage is now SlightDisadvantage
2022-11-15 11:23:59.050 | 02:33   15ms    5M   40G  26/ 31U [GameAnalyzer] Income advantage is now SmallDisadvantage
2022-11-15 11:23:59.090 | 02:33   15ms   10M   44G  26/ 31U [GameAnalyzer] Income advantage is now SlightDisadvantage
2022-11-15 11:23:59.374 | 02:34   14ms   15M   48G  26/ 31U [GameAnalyzer] Income advantage is now SmallDisadvantage
2022-11-15 11:23:59.407 | 02:34   16ms   25M   48G  26/ 31U [GameAnalyzer] Income advantage is now SlightDisadvantage
2022-11-15 11:23:59.704 | 02:36   16ms   35M   52G  26/ 31U [GameAnalyzer] Income advantage is now SmallDisadvantage
2022-11-15 11:23:59.749 | 02:36   16ms   45M   52G  26/ 31U [GameAnalyzer] Income advantage is now SlightDisadvantage
2022-11-15 11:23:59.830 | 02:36   16ms   45M   52G  26/ 31U [GameAnalyzer] Income advantage is now SmallDisadvantage
2022-11-15 11:23:59.957 | 02:37   16ms   65M   52G  26/ 31U [GameAnalyzer] Income advantage is now SlightDisadvantage
2022-11-15 11:24:00.906 | 02:41   15ms   95M   68G  26/ 31U [ActUnit] SCV from COMMANDCENTER at (40.5, 131.5)
2022-11-15 11:24:02.213 | 02:49   13ms  215M   92G  27/ 31U [GameAnalyzer] Known army advantage is now Even
2022-11-15 11:24:02.217 | 02:49   13ms  165M   92G  27/ 31U [TerranUnit] MARINE from BARRACKS at (48.5, 131.5)
2022-11-15 11:24:02.258 | 02:49   17ms  165M   96G  28/ 31U [BuildAddon] UnitTypeId.BARRACKSTECHLAB to (45.0, 123.0)
2022-11-15 11:24:02.339 | 02:49   16ms  115M   71G  28/ 31U [GameAnalyzer] Income advantage is now Even
2022-11-15 11:24:02.378 | 02:49   18ms  115M   71G  28/ 31U [GameAnalyzer] Income advantage is now SlightDisadvantage
2022-11-15 11:24:02.523 | 02:50   17ms  160M   71G  28/ 31U [GameAnalyzer] Known army advantage is now SlightAdvantage
2022-11-15 11:24:02.527 | 02:50   17ms  110M   71G  28/ 31U [TerranUnit] MARINE from BARRACKS at (48.5, 131.5)
2022-11-15 11:24:02.766 | 02:51   16ms  130M   75G  29/ 31U [GameAnalyzer] Income advantage is now Even
2022-11-15 11:24:02.873 | 02:52   16ms  130M   79G  29/ 31U [GameAnalyzer] Income advantage is now SlightDisadvantage
2022-11-15 11:24:03.019 | 02:53   16ms  145M   83G  29/ 31U [GameAnalyzer] Income advantage is now Even
2022-11-15 11:24:03.059 | 02:53   21ms  145M   83G  29/ 31U [GameAnalyzer] Income advantage is now SlightDisadvantage
2022-11-15 11:24:03.233 | 02:54   15ms  105M   87G  29/ 31U [ActUnit] SCV from COMMANDCENTER at (40.5, 131.5)
2022-11-15 11:24:03.342 | 02:54   15ms    5M   87G  30/ 31U [GameAnalyzer] Income advantage is now SmallDisadvantage
2022-11-15 11:24:03.374 | 02:54   17ms    5M   87G  30/ 31U [GameAnalyzer] Income advantage is now SlightDisadvantage
2022-11-15 11:24:03.564 | 02:55   16ms   30M   95G  30/ 31U [GameAnalyzer] Income advantage is now SmallDisadvantage
2022-11-15 11:24:03.599 | 02:55   18ms   35M   95G  30/ 31U [GameAnalyzer] Income advantage is now SlightDisadvantage
2022-11-15 11:24:03.671 | 02:56   15ms   40M   95G  30/ 31U [GameAnalyzer] Income advantage is now Even
2022-11-15 11:24:03.780 | 02:56   17ms   40M   99G  30/ 31U [GameAnalyzer] Income advantage is now SlightDisadvantage
2022-11-15 11:24:03.927 | 02:57   17ms   75M  103G  30/ 31U [GameAnalyzer] Income advantage is now Even
2022-11-15 11:24:03.998 | 02:57   16ms   75M  103G  30/ 39U [GameAnalyzer] Income advantage is now SlightDisadvantage
2022-11-15 11:24:04.607 | 03:00   18ms  115M  115G  30/ 39U [GameAnalyzer] Income advantage is now Even
2022-11-15 11:24:04.681 | 03:01   15ms  115M  119G  30/ 39U [GameAnalyzer] Known army advantage is now SlightDisadvantage
2022-11-15 11:24:04.718 | 03:01   21ms  115M  119G  30/ 39U [GameAnalyzer] Income advantage is now SlightDisadvantage
2022-11-15 11:24:04.899 | 03:01   16ms  130M  123G  30/ 39U [GameAnalyzer] Income advantage is now Even
2022-11-15 11:24:04.974 | 03:02   17ms  130M  123G  30/ 39U [GameAnalyzer] Income advantage is now SlightDisadvantage
2022-11-15 11:24:05.009 | 03:02   17ms  135M  127G  30/ 39U [GameAnalyzer] Income advantage is now Even
2022-11-15 11:24:05.012 | 03:02   17ms  135M  127G  30/ 39U [BuildAddon] UnitTypeId.FACTORYREACTOR to (38.0, 122.0)
2022-11-15 11:24:05.088 | 03:02   18ms   85M   77G  30/ 39U [GameAnalyzer] Income advantage is now SlightDisadvantage
2022-11-15 11:24:05.458 | 03:04   17ms  115M   85G  30/ 39U [GameAnalyzer] Income advantage is now Even
2022-11-15 11:24:05.740 | 03:05   16ms  150M   93G  30/ 39U [GameAnalyzer] Income advantage is now SlightDisadvantage
2022-11-15 11:24:05.775 | 03:06   19ms  155M   93G  30/ 39U [GameAnalyzer] Income advantage is now Even
2022-11-15 11:24:05.818 | 03:06   18ms  110M   93G  30/ 39U [ActUnit] SCV from COMMANDCENTER at (40.5, 131.5)
2022-11-15 11:24:05.976 | 03:06   16ms  115M   97G  31/ 39U [GameAnalyzer] Income advantage is now SlightDisadvantage
2022-11-15 11:24:05.977 | 03:06   16ms  115M   97G  31/ 39U [GameAnalyzer] Known army advantage is now Even
2022-11-15 11:24:05.981 | 03:06   16ms   65M   97G  31/ 39U [TerranUnit] MARINE from BARRACKS at (48.5, 131.5)
2022-11-15 11:24:06.058 | 03:07   17ms   20M   97G  32/ 39U [TerranUnit] MARINE from BARRACKS at (42.5, 123.5)
2022-11-15 11:24:06.129 | 03:07   17ms   25M   97G  33/ 39U [GameAnalyzer] Income advantage is now Even
2022-11-15 11:24:06.174 | 03:07   20ms   30M   97G  33/ 39U [GameAnalyzer] Income advantage is now SlightDisadvantage
2022-11-15 11:24:06.350 | 03:08   17ms   45M   97G  33/ 39U [GameAnalyzer] Known army advantage is now SlightAdvantage
2022-11-15 11:24:06.400 | 03:08   23ms   50M  105G  33/ 39U [GameAnalyzer] Income advantage is now Even
2022-11-15 11:24:06.406 | 03:08   23ms    0M  105G  33/ 39U [TerranUnit] MARINE from BARRACKS at (48.5, 131.5)
2022-11-15 11:24:06.665 | 03:09   18ms    5M  109G  34/ 39U [GameAnalyzer] Income advantage is now SlightDisadvantage
2022-11-15 11:24:06.901 | 03:10   17ms   30M  113G  34/ 39U [GameAnalyzer] Income advantage is now Even
2022-11-15 11:24:07.098 | 03:11   17ms   30M  117G  34/ 39U [GameAnalyzer] Income advantage is now SlightDisadvantage
2022-11-15 11:24:07.170 | 03:12   15ms   35M  117G  34/ 39U [GameAnalyzer] Income advantage is now Even
2022-11-15 11:24:07.245 | 03:12   17ms   45M  117G  34/ 39U [GameAnalyzer] Income advantage is now SlightDisadvantage
2022-11-15 11:24:07.348 | 03:13   17ms   85M  125G  34/ 39U [GameAnalyzer] Income advantage is now Even
2022-11-15 11:24:07.492 | 03:13   16ms   90M  125G  34/ 39U [GameAnalyzer] Income advantage is now SlightDisadvantage
2022-11-15 11:24:07.565 | 03:14   19ms  100M  125G  34/ 39U [GameAnalyzer] Income advantage is now Even
2022-11-15 11:24:07.571 | 03:14   19ms  100M  125G  34/ 39U [Tech] Started STIMPACK
2022-11-15 11:24:07.610 | 03:14   20ms    0M   29G  34/ 39U [GameAnalyzer] Income advantage is now SlightDisadvantage
2022-11-15 11:24:07.645 | 03:14   18ms    5M   33G  34/ 39U [GameAnalyzer] Income advantage is now Even
2022-11-15 11:24:07.696 | INFO     | sc2.protocol:_execute:72 - Client status changed to Status.ended (was Status.in_game)
2022-11-15 11:24:07.698 | Result: Defeat
2022-11-15 11:24:07.699 | Duration: 03:14
2022-11-15 11:24:07.699 | Step time min: 5
2022-11-15 11:24:07.700 | Step time avg: 12
2022-11-15 11:24:07.701 | Step time max: 135
2022-11-15 11:24:07.702 | [LostUnitsContents] My lost units minerals and gas: (0, 0)
2022-11-15 11:24:07.703 | [LostUnitsContents] My lost units minerals by score: 0.0
2022-11-15 11:24:07.704 | [LostUnitsContents] Enemy lost units minerals and gas: (0, 0)
2022-11-15 11:24:07.706 | [LostUnitsContents] Enemy lost units minerals by score: 0.0
2022-11-15 11:24:07.707 | [GameAnalyzerEnd] Own units:
2022-11-15 11:24:07.708 | [GameAnalyzerEnd] SCV               total:  23 alive:  23 dead:   0 
2022-11-15 11:24:07.709 | [GameAnalyzerEnd] MARINE            total:   4 alive:   4 dead:   0 
2022-11-15 11:24:07.710 | [GameAnalyzerEnd] SUPPLYDEPOT       total:   4 alive:   4 dead:   0 
2022-11-15 11:24:07.711 | [GameAnalyzerEnd] BARRACKS          total:   2 alive:   2 dead:   0 
2022-11-15 11:24:07.712 | [GameAnalyzerEnd] REACTOR           total:   2 alive:   2 dead:   0 
2022-11-15 11:24:07.712 | [GameAnalyzerEnd] REFINERY          total:   2 alive:   2 dead:   0 
2022-11-15 11:24:07.713 | [GameAnalyzerEnd] TECHLAB           total:   1 alive:   1 dead:   0 
2022-11-15 11:24:07.714 | [GameAnalyzerEnd] MULE              total:   1 alive:   1 dead:   0 
2022-11-15 11:24:07.714 | [GameAnalyzerEnd] FACTORY           total:   1 alive:   1 dead:   0 
2022-11-15 11:24:07.715 | [GameAnalyzerEnd] ORBITALCOMMAND    total:   1 alive:   1 dead:   0 
2022-11-15 11:24:07.716 | [GameAnalyzerEnd] COMMANDCENTER     total:   1 alive:   1 dead:   0 
2022-11-15 11:24:07.716 | [GameAnalyzerEnd] REAPER            total:   1 alive:   1 dead:   0 
2022-11-15 11:24:07.717 | [GameAnalyzerEnd] Enemy units:
2022-11-15 11:24:07.718 | [GameAnalyzerEnd] PROBE             total:  23 alive:  23 dead:   0 
2022-11-15 11:24:07.719 | [GameAnalyzerEnd] PYLON             total:   3 alive:   3 dead:   0 
2022-11-15 11:24:07.720 | [GameAnalyzerEnd] GATEWAY           total:   2 alive:   2 dead:   0 
2022-11-15 11:24:07.721 | [GameAnalyzerEnd] NEXUS             total:   2 alive:   2 dead:   0 
2022-11-15 11:24:07.724 | [GameAnalyzerEnd] ZEALOT            total:   2 alive:   2 dead:   0 
2022-11-15 11:24:07.724 | [GameAnalyzerEnd] ASSIMILATOR       total:   1 alive:   1 dead:   0 
2022-11-15 11:24:07.725 | [GameAnalyzerEnd] CYBERNETICSCORE   total:   1 alive:   1 dead:   0 
2022-11-15 11:24:07.726 | [GameAnalyzerEnd] Minerals max 520 Average 163
2022-11-15 11:24:07.726 | [GameAnalyzerEnd] Vespene max 125 Average 38
2022-11-15 11:24:07.727 | INFO     | sc2.main:_play_game:228 - Result for player 1 - Bot Turtles(Terran): Defeat
2022-11-15 11:24:08.868 | INFO     | sc2.protocol:__request:48 - Cannot receive: Game has already ended.
2022-11-15 11:24:08.871 | INFO     | sc2.sc2process:_close_connection:231 - Closing connection at 53473...
2022-11-15 11:24:08.873 | INFO     | sc2.sc2process:kill_all:33 - kill_switch: Process cleanup for 1 processes
