2022-10-27 14:47:27.685 | INFO     | sc2.protocol:_execute:72 - Client status changed to Status.launched (was None)
2022-10-27 14:47:27.687 | INFO     | sc2.controller:create_game:37 - Creating new game
2022-10-27 14:47:27.689 | INFO     | sc2.controller:create_game:38 - Map:     OxideAIE
2022-10-27 14:47:27.691 | INFO     | sc2.controller:create_game:39 - Players: Bot Turtles(Terran), Computer VeryHard(Random, RandomBuild)
2022-10-27 14:47:27.694 | INFO     | sc2.protocol:_execute:72 - Client status changed to Status.init_game (was Status.launched)
2022-10-27 14:47:35.707 | INFO     | sc2.protocol:_execute:72 - Client status changed to Status.in_game (was None)
2022-10-27 14:47:35.709 | INFO     | sc2.main:_play_game:221 - Player 1 - Bot Turtles(Terran)
2022-10-27 14:47:36.254 | 00:00    0ms    0M    0G  12/ 15U [Version] 5.0.10.88500
2022-10-27 14:47:36.255 | 00:00    0ms    0M    0G  12/ 15U [Version] 5.0.6 Balance mod recognized.
2022-10-27 14:47:36.323 | 00:00    0ms    0M    0G  12/ 15U [ZoneManager] Map set to: MapName.Oxide from name: Oxide AIE and hash: 3281780.
2022-10-27 14:47:37.098 | [Start] My race: Terran
2022-10-27 14:47:37.100 | [Start] Opponent race: Random
2022-10-27 14:47:37.101 | [Start] OpponentId: None
2022-10-27 14:47:37.263 | 00:00    6ms    0M    0G  13/ 15U [GameAnalyzer] Income advantage is now SlightDisadvantage
2022-10-27 14:47:37.370 | 00:01    7ms    0M    0G  13/ 15U [GameAnalyzer] Income advantage is now Even
2022-10-27 14:47:38.181 | 00:09    6ms   85M    0G  13/ 15U [GameAnalyzer] Income advantage is now SlightDisadvantage
2022-10-27 14:47:38.198 | 00:09    7ms   85M    0G  13/ 15U [GameAnalyzer] Income advantage is now Even
2022-10-27 14:47:38.710 | 00:15    6ms    0M    0G  13/ 15U [ActUnit] SCV from COMMANDCENTER at (44.5, 56.5)
2022-10-27 14:47:40.164 | 00:26    7ms  140M    0G  14/ 15U [GameAnalyzer] Income advantage is now SlightDisadvantage
2022-10-27 14:47:40.184 | 00:26    8ms  150M    0G  14/ 15U [GameAnalyzer] Income advantage is now Even
2022-10-27 14:47:40.223 | 00:27    7ms  115M    0G  14/ 15U [ActUnit] SCV from COMMANDCENTER at (44.5, 56.5)
2022-10-27 14:47:41.499 | 00:36    9ms    0M    0G  15/ 23U [BuildGas] Building REFINERY to (48.5, 49.5)
2022-10-27 14:47:41.964 | 00:40    6ms    0M    0G  15/ 23U [ActUnit] SCV from COMMANDCENTER at (44.5, 56.5)
2022-10-27 14:47:43.305 | 00:52    8ms   85M    0G  16/ 23U [ActUnit] SCV from COMMANDCENTER at (44.5, 56.5)
2022-10-27 14:47:44.659 | 01:04    6ms  180M    4G  17/ 23U [ActUnit] SCV from COMMANDCENTER at (44.5, 56.5)
2022-10-27 14:47:46.002 | 01:15   19ms  315M   28G  18/ 23U [GameAnalyzer] Income advantage is now SmallAdvantage
2022-10-27 14:47:46.194 | 01:16   19ms  315M   32G  18/ 23U [GameAnalyzer] Income advantage is now SlightAdvantage
2022-10-27 14:47:46.293 | 01:16   20ms  315M   32G  18/ 23U [GameAnalyzer] Income advantage is now Even
2022-10-27 14:47:46.366 | 01:16   19ms  325M   32G  18/ 23U [GameAnalyzer] Income advantage is now SlightAdvantage
2022-10-27 14:47:46.393 | 01:16    9ms  280M   32G  18/ 23U [ActUnit] SCV from COMMANDCENTER at (44.5, 56.5)
2022-10-27 14:47:46.420 | 01:17    9ms  280M   32G  19/ 23U [GameAnalyzer] Income advantage is now Even
2022-10-27 14:47:46.544 | 01:18    9ms  305M   36G  19/ 23U [GameAnalyzer] Income advantage is now SlightAdvantage
2022-10-27 14:47:46.597 | 01:18   11ms  305M   36G  19/ 23U [GameAnalyzer] Income advantage is now Even
2022-10-27 14:47:47.191 | 01:22   13ms  355M   48G  19/ 23U [GameAnalyzer] Predicted army advantage is now SlightDisadvantage
2022-10-27 14:47:47.249 | 01:23   10ms  365M   48G  19/ 23U [GameAnalyzer] Income advantage is now SlightDisadvantage
2022-10-27 14:47:47.273 | 01:23   12ms  370M   48G  19/ 23U [GameAnalyzer] Income advantage is now Even
2022-10-27 14:47:47.324 | 01:23   10ms  170M    2G  19/ 23U [TerranUnit] REAPER from BARRACKS at (40.5, 61.5)
2022-10-27 14:47:47.661 | 01:26    9ms  345M    6G  20/ 23U [GameAnalyzer] Income advantage is now SlightDisadvantage
2022-10-27 14:47:47.731 | 01:26    9ms  355M   10G  20/ 23U [GameAnalyzer] Income advantage is now Even
2022-10-27 14:47:47.832 | 01:27    9ms  360M   10G  20/ 23U [GameAnalyzer] Income advantage is now SlightDisadvantage
2022-10-27 14:47:47.880 | 01:27    9ms  375M   10G  20/ 23U [GameAnalyzer] Income advantage is now Even
2022-10-27 14:47:47.983 | 01:28    9ms  385M   14G  20/ 23U [GameAnalyzer] Income advantage is now SlightDisadvantage
2022-10-27 14:47:48.014 | 01:28   15ms  385M   14G  20/ 23U [GameAnalyzer] Income advantage is now Even
2022-10-27 14:47:48.339 | 01:30   12ms  265M   18G  20/ 23U [GameAnalyzer] Income advantage is now SlightDisadvantage
2022-10-27 14:47:48.414 | 01:31   12ms  270M   22G  20/ 23U [GameAnalyzer] Income advantage is now Even
2022-10-27 14:47:48.538 | 01:31   12ms  280M   22G  20/ 23U [GameAnalyzer] Income advantage is now SlightDisadvantage
2022-10-27 14:47:48.562 | 01:31   11ms  280M   22G  20/ 23U [GameAnalyzer] Income advantage is now Even
2022-10-27 14:47:48.602 | 01:32   11ms  280M   22G  20/ 23U [GameAnalyzer] Income advantage is now SlightDisadvantage
2022-10-27 14:47:48.626 | 01:32   12ms  295M   26G  20/ 23U [GameAnalyzer] Income advantage is now Even
2022-10-27 14:47:48.703 | 01:32   10ms  300M   26G  20/ 23U [GameAnalyzer] Income advantage is now SlightDisadvantage
2022-10-27 14:47:48.771 | 01:32   13ms  305M   26G  20/ 23U [GameAnalyzer] Income advantage is now Even
2022-10-27 14:47:48.918 | 01:33   11ms  315M   30G  20/ 23U [GameAnalyzer] Income advantage is now SlightDisadvantage
2022-10-27 14:47:48.943 | 01:34   11ms  320M   30G  20/ 23U [GameAnalyzer] Income advantage is now Even
2022-10-27 14:47:49.090 | 01:35   10ms  335M   30G  20/ 23U [GameAnalyzer] Income advantage is now SlightDisadvantage
2022-10-27 14:47:49.116 | 01:35   11ms  335M   34G  20/ 23U [GameAnalyzer] Income advantage is now Even
2022-10-27 14:47:49.255 | 01:36   10ms  350M   34G  20/ 23U [GameAnalyzer] Income advantage is now SlightDisadvantage
2022-10-27 14:47:49.283 | 01:36   11ms  355M   34G  20/ 23U [GameAnalyzer] Income advantage is now Even
2022-10-27 14:47:49.379 | 01:37   11ms  365M   38G  20/ 23U [GameAnalyzer] Income advantage is now SlightDisadvantage
2022-10-27 14:47:49.450 | 01:37   12ms  370M   38G  20/ 23U [GameAnalyzer] Income advantage is now Even
2022-10-27 14:47:49.588 | 01:38   10ms  390M   42G  20/ 23U [GameAnalyzer] Income advantage is now SlightDisadvantage
2022-10-27 14:47:49.620 | 01:38   13ms  390M   42G  20/ 23U [GameAnalyzer] Income advantage is now Even
2022-10-27 14:47:49.669 | 01:39   10ms  400M   42G  20/ 23U [GameAnalyzer] Income advantage is now SlightDisadvantage
2022-10-27 14:47:49.696 | 01:39   13ms  405M   42G  20/ 23U [GameAnalyzer] Income advantage is now Even
2022-10-27 14:47:49.926 | 01:40   11ms  420M   46G  20/ 23U [GameAnalyzer] Income advantage is now SlightDisadvantage
2022-10-27 14:47:49.949 | 01:41   11ms  430M   46G  20/ 23U [GameAnalyzer] Income advantage is now Even
2022-10-27 14:47:50.045 | 01:41    9ms  440M   50G  20/ 23U [GameAnalyzer] Income advantage is now SlightDisadvantage
2022-10-27 14:47:50.092 | 01:42    9ms  445M   50G  20/ 23U [GameAnalyzer] Income advantage is now Even
2022-10-27 14:47:50.194 | 01:42   10ms  455M   54G  20/ 23U [GameAnalyzer] Income advantage is now SlightDisadvantage
2022-10-27 14:47:50.223 | 01:43   12ms  455M   54G  20/ 23U [GameAnalyzer] Income advantage is now Even
2022-10-27 14:47:50.363 | 01:43    9ms  480M   54G  20/ 23U [GameAnalyzer] Income advantage is now SlightDisadvantage
2022-10-27 14:47:50.413 | 01:44   10ms  485M   58G  20/ 23U [GameAnalyzer] Income advantage is now Even
2022-10-27 14:47:50.962 | 01:48   11ms  550M   66G  20/ 23U [GameAnalyzer] Income advantage is now SlightDisadvantage
2022-10-27 14:47:50.986 | 01:48   11ms  555M   70G  20/ 23U [GameAnalyzer] Income advantage is now Even
2022-10-27 14:47:51.277 | 01:50    9ms  580M   74G  20/ 23U [GameAnalyzer] Income advantage is now SlightDisadvantage
2022-10-27 14:47:51.300 | 01:50   11ms  590M   74G  20/ 23U [GameAnalyzer] Income advantage is now Even
2022-10-27 14:47:51.470 | 01:52   11ms  605M   78G  20/ 23U [Expand] Expanding to (69.5, 52.5)
2022-10-27 14:47:51.519 | 01:52    9ms  210M   78G  20/ 23U [GameAnalyzer] Income advantage is now SlightDisadvantage
2022-10-27 14:47:51.569 | 01:52    9ms  225M   78G  20/ 23U [GameAnalyzer] Income advantage is now Even
2022-10-27 14:47:51.620 | 01:53   11ms  230M   82G  20/ 23U [GameAnalyzer] Income advantage is now SlightDisadvantage
2022-10-27 14:47:51.643 | 01:53   11ms  235M   82G  20/ 23U [GameAnalyzer] Income advantage is now Even
2022-10-27 14:47:51.714 | 01:53    9ms  240M   82G  20/ 23U [GameAnalyzer] Income advantage is now SlightDisadvantage
2022-10-27 14:47:51.741 | 01:54   11ms  240M   82G  20/ 23U [GameAnalyzer] Income advantage is now Even
2022-10-27 14:47:51.743 | 01:54   11ms  190M   82G  20/ 23U [ActUnit] SCV from COMMANDCENTER at (44.5, 56.5)
2022-10-27 14:47:51.979 | 01:55    9ms  205M   86G  21/ 23U [GameAnalyzer] Income advantage is now SlightDisadvantage
2022-10-27 14:47:52.007 | 01:55   11ms  215M   86G  21/ 23U [GameAnalyzer] Income advantage is now Even
2022-10-27 14:47:52.008 | 01:55   11ms  215M   86G  21/ 23U [GameAnalyzer] Known army advantage is now SlightAdvantage
2022-10-27 14:47:52.010 | 01:55   11ms  215M   86G  21/ 23U [BuildAddon] UnitTypeId.BARRACKSREACTOR to (43.0, 61.0)
2022-10-27 14:47:52.193 | 01:56   13ms   20M   40G  21/ 23U [GameAnalyzer] Income advantage is now SlightDisadvantage
2022-10-27 14:47:52.313 | 01:57   13ms   40M   40G  21/ 23U [GameAnalyzer] Income advantage is now Even
2022-10-27 14:47:52.341 | 01:57   16ms   40M   44G  21/ 23U [GameAnalyzer] Income advantage is now SlightDisadvantage
2022-10-27 14:47:52.456 | 01:58   13ms   55M   44G  21/ 23U [GameAnalyzer] Income advantage is now Even
2022-10-27 14:47:52.522 | 01:58   16ms   60M   44G  21/ 23U [GameAnalyzer] Income advantage is now SlightDisadvantage
2022-10-27 14:47:52.641 | 01:59   13ms   70M   48G  21/ 23U [GameAnalyzer] Income advantage is now Even
2022-10-27 14:47:52.817 | 02:00   13ms   80M   52G  21/ 23U [GameAnalyzer] Income advantage is now SlightAdvantage
2022-10-27 14:47:52.877 | 02:00   15ms   80M   52G  21/ 23U [GameAnalyzer] Income advantage is now Even
2022-10-27 14:47:53.742 | 02:05   12ms   80M   64G  21/ 23U [GameAnalyzer] Income advantage is now SlightAdvantage
2022-10-27 14:47:53.815 | 02:06   12ms   30M   68G  21/ 23U [ActUnit] SCV from COMMANDCENTER at (44.5, 56.5)
2022-10-27 14:47:53.848 | 02:06   14ms   30M   68G  22/ 23U [GameAnalyzer] Income advantage is now Even
2022-10-27 14:47:54.345 | 02:09   13ms   80M   72G  22/ 23U [GameAnalyzer] Income advantage is now SlightAdvantage
2022-10-27 14:47:54.377 | 02:09   16ms   80M   76G  22/ 23U [GameAnalyzer] Income advantage is now Even
2022-10-27 14:47:54.497 | 02:10   13ms   80M   76G  22/ 23U [GameAnalyzer] Income advantage is now SlightAdvantage
2022-10-27 14:47:54.620 | 02:10   13ms  115M   80G  22/ 23U [GameAnalyzer] Income advantage is now Even
2022-10-27 14:47:54.713 | 02:11   13ms  125M   80G  22/ 23U [GameAnalyzer] Income advantage is now SlightAdvantage
2022-10-27 14:47:54.773 | 02:11   13ms  125M   80G  22/ 23U [GameAnalyzer] Income advantage is now Even
2022-10-27 14:47:54.952 | 02:12   12ms  145M   84G  22/ 23U [GameAnalyzer] Income advantage is now SlightAdvantage
2022-10-27 14:47:55.050 | 02:13   14ms  150M   84G  22/ 23U [GameAnalyzer] Income advantage is now Even
2022-10-27 14:47:55.168 | 02:13   12ms  165M   88G  22/ 23U [GameAnalyzer] Income advantage is now SlightAdvantage
2022-10-27 14:47:55.198 | 02:13   14ms  165M   88G  22/ 23U [GameAnalyzer] Income advantage is now Even
2022-10-27 14:47:55.344 | 02:14   12ms  175M   88G  22/ 23U [GameAnalyzer] Income advantage is now SlightAdvantage
2022-10-27 14:47:55.408 | 02:15   14ms  175M   92G  22/ 23U [GameAnalyzer] Income advantage is now Even
2022-10-27 14:47:55.921 | 02:18   12ms   25M    0G  22/ 23U [BuildGas] Building REFINERY to (37.5, 59.5)
2022-10-27 14:47:56.322 | 02:20   15ms    0M    4G  22/ 23U [ActUnit] SCV from COMMANDCENTER at (44.5, 56.5)
2022-10-27 14:47:56.414 | 02:21   15ms    5M    8G  23/ 23U [GameAnalyzer] Income advantage is now SlightAdvantage
2022-10-27 14:47:56.448 | 02:21   14ms    5M    8G  23/ 23U [GameAnalyzer] Income advantage is now Even
2022-10-27 14:47:57.051 | 02:24   16ms   75M   16G  23/ 23U [GameAnalyzer] Known army advantage is now Even
2022-10-27 14:47:57.336 | 02:26   13ms   95M   20G  23/ 23U [GameAnalyzer] Income advantage is now SlightAdvantage
2022-10-27 14:47:57.369 | 02:26   17ms   95M   20G  23/ 23U [GameAnalyzer] Income advantage is now Even
2022-10-27 14:47:57.499 | 02:27   13ms  105M   24G  23/ 23U [GameAnalyzer] Income advantage is now SlightAdvantage
2022-10-27 14:47:57.564 | 02:27   14ms  105M   24G  23/ 23U [GameAnalyzer] Income advantage is now Even
2022-10-27 14:47:57.992 | 02:29   13ms  140M   32G  23/ 31U [GameAnalyzer] Income advantage is now SlightAdvantage
2022-10-27 14:47:58.026 | 02:30   15ms  140M   32G  23/ 31U [GameAnalyzer] Income advantage is now Even
2022-10-27 14:47:58.028 | 02:30   15ms  140M   32G  23/ 31U [GameAnalyzer] Known army advantage is now SlightDisadvantage
2022-10-27 14:47:58.157 | 02:30   15ms  155M   32G  23/ 31U [GameAnalyzer] Income advantage is now SlightAdvantage
2022-10-27 14:47:58.194 | 02:30   15ms  180M   32G  23/ 31U [GameAnalyzer] Income advantage is now Even
2022-10-27 14:47:58.227 | 02:31   15ms  180M   32G  23/ 31U [GameAnalyzer] Income advantage is now SlightAdvantage
2022-10-27 14:47:58.266 | 02:31   18ms  180M   36G  23/ 31U [GameAnalyzer] Income advantage is now Even
2022-10-27 14:47:58.336 | 02:31   13ms  135M   36G  23/ 31U [TerranUnit] MARINE from BARRACKS at (40.5, 61.5)
2022-10-27 14:47:58.365 | 02:31   16ms   85M   36G  24/ 31U [TerranUnit] MARINE from BARRACKS at (40.5, 61.5)
2022-10-27 14:47:58.401 | 02:31   15ms   90M   36G  25/ 31U [GameAnalyzer] Income advantage is now SlightAdvantage
2022-10-27 14:47:58.469 | 02:32   14ms   90M   36G  25/ 31U [GameAnalyzer] Income advantage is now Even
2022-10-27 14:47:58.538 | 02:32   13ms   40M   36G  25/ 31U [ActUnit] SCV from COMMANDCENTER at (44.5, 56.5)
2022-10-27 14:47:58.605 | 02:33   13ms   60M   40G  26/ 31U [GameAnalyzer] Income advantage is now SlightAdvantage
2022-10-27 14:47:58.699 | 02:33   12ms   65M   40G  25/ 31U [GameAnalyzer] Income advantage is now Even
2022-10-27 14:47:58.885 | 02:34   12ms   75M   44G  25/ 31U [GameAnalyzer] Income advantage is now SlightAdvantage
2022-10-27 14:47:58.920 | 02:34   13ms   75M   44G  25/ 31U [GameAnalyzer] Income advantage is now Even
2022-10-27 14:47:58.948 | 02:35   16ms   75M   44G  25/ 31U [GameAnalyzer] Income advantage is now SlightAdvantage
2022-10-27 14:47:58.982 | 02:35   14ms   75M   44G  25/ 31U [GameAnalyzer] Income advantage is now Even
2022-10-27 14:47:59.012 | 02:35   14ms   85M   44G  25/ 31U [GameAnalyzer] Income advantage is now SlightAdvantage
2022-10-27 14:47:59.070 | 02:35   12ms   90M   48G  25/ 31U [GameAnalyzer] Income advantage is now Even
2022-10-27 14:47:59.506 | 02:38   13ms  150M   52G  25/ 31U [GameAnalyzer] Income advantage is now SlightAdvantage
2022-10-27 14:47:59.583 | 02:38   12ms  150M   52G  25/ 31U [GameAnalyzer] Income advantage is now Even
2022-10-27 14:47:59.657 | 02:38   12ms  155M   56G  25/ 31U [GameAnalyzer] Income advantage is now SlightAdvantage
2022-10-27 14:47:59.711 | 02:39   13ms  155M   56G  25/ 31U [GameAnalyzer] Income advantage is now Even
2022-10-27 14:47:59.853 | 02:39   14ms  165M   56G  25/ 31U [GameAnalyzer] Income advantage is now SlightAdvantage
2022-10-27 14:47:59.883 | 02:40   13ms  165M   56G  25/ 31U [GameAnalyzer] Income advantage is now Even
2022-10-27 14:47:59.977 | 02:40   12ms  180M   60G  25/ 31U [GameAnalyzer] Income advantage is now SlightAdvantage
2022-10-27 14:48:00.065 | 02:40   13ms  185M   60G  24/ 31U [GameAnalyzer] Income advantage is now Even
2022-10-27 14:48:00.186 | 02:41   12ms  190M   64G  24/ 31U [GameAnalyzer] Income advantage is now SlightAdvantage
2022-10-27 14:48:00.325 | 02:42   13ms  210M   64G  24/ 31U [GameAnalyzer] Income advantage is now Even
2022-10-27 14:48:00.357 | 02:42   13ms  210M   64G  24/ 31U [GameAnalyzer] Income advantage is now SlightAdvantage
2022-10-27 14:48:00.685 | 02:44   13ms  250M   72G  24/ 31U [GameAnalyzer] Income advantage is now Even
2022-10-27 14:48:00.718 | 02:44   13ms  255M   72G  24/ 31U [GameAnalyzer] Income advantage is now SlightAdvantage
2022-10-27 14:48:00.719 | 02:44   13ms  205M   72G  24/ 31U [ActUnit] SCV from COMMANDCENTER at (44.5, 56.5)
2022-10-27 14:48:00.722 | 02:44   13ms  205M   72G  24/ 31U [BuildAddon] UnitTypeId.BARRACKSTECHLAB to (54.0, 58.0)
2022-10-27 14:48:00.754 | 02:45   18ms  155M   51G  25/ 31U [GameAnalyzer] Income advantage is now Even
2022-10-27 14:48:00.786 | 02:45   16ms  160M   51G  25/ 31U [GameAnalyzer] Income advantage is now SlightAdvantage
2022-10-27 14:48:00.967 | 02:46   13ms  180M   55G  25/ 31U [GameAnalyzer] Income advantage is now Even
2022-10-27 14:48:00.995 | 02:46   13ms  185M   55G  25/ 31U [GameAnalyzer] Income advantage is now SlightAdvantage
2022-10-27 14:48:01.231 | 02:47   13ms  205M   59G  25/ 31U [GameAnalyzer] Income advantage is now SmallAdvantage
2022-10-27 14:48:01.281 | 02:48   15ms  205M   59G  25/ 31U [GameAnalyzer] Income advantage is now SlightAdvantage
2022-10-27 14:48:01.509 | 02:49   15ms  165M   67G  25/ 31U [TerranUnit] MARINE from BARRACKS at (40.5, 61.5)
2022-10-27 14:48:01.537 | 02:49   13ms  115M   67G  26/ 31U [TerranUnit] MARINE from BARRACKS at (40.5, 61.5)
2022-10-27 14:48:02.774 | 02:56   13ms  195M  107G  27/ 31U [ActUnit] SCV from COMMANDCENTER at (44.5, 56.5)
2022-10-27 14:48:03.187 | 02:59   13ms  250M  119G  28/ 31U [GameAnalyzer] Income advantage is now SmallAdvantage
2022-10-27 14:48:03.226 | 02:59   14ms  250M  123G  28/ 31U [GameAnalyzer] Income advantage is now SlightAdvantage
2022-10-27 14:48:03.786 | 03:02   12ms  315M  139G  28/ 31U [Tech] Started STIMPACK
2022-10-27 14:48:03.817 | 03:02   17ms  165M   39G  28/ 31U [TerranUnit] MARINE from BARRACKS at (51.5, 58.5)
2022-10-27 14:48:03.965 | 03:03   12ms  175M   43G  29/ 31U [GameAnalyzer] Income advantage is now SmallAdvantage
2022-10-27 14:48:03.993 | 03:03   15ms  175M   47G  29/ 31U [GameAnalyzer] Income advantage is now SlightAdvantage
2022-10-27 14:48:04.242 | 03:05   20ms  200M   51G  29/ 31U [BuildAddon] UnitTypeId.FACTORYREACTOR to (56.0, 55.0)
2022-10-27 14:48:04.391 | 03:06   14ms  160M    5G  29/ 31U [GameAnalyzer] Income advantage is now SmallAdvantage
2022-10-27 14:48:04.427 | 03:06   14ms  185M    5G  29/ 31U [GameAnalyzer] Income advantage is now SlightAdvantage
2022-10-27 14:48:04.428 | 03:06   14ms  185M    5G  29/ 31U [GameAnalyzer] Predicted army advantage is now SmallDisadvantage
2022-10-27 14:48:04.637 | 03:07   12ms  210M   13G  29/ 31U [GameAnalyzer] Known army advantage is now Even
2022-10-27 14:48:04.640 | 03:07   12ms  160M   13G  29/ 31U [TerranUnit] MARINE from BARRACKS at (40.5, 61.5)
2022-10-27 14:48:04.678 | 03:07   15ms  160M   13G  30/ 31U [GameAnalyzer] Known army advantage is now SlightAdvantage
2022-10-27 14:48:04.681 | 03:07   15ms  110M   13G  30/ 31U [TerranUnit] MARINE from BARRACKS at (40.5, 61.5)
2022-10-27 14:48:04.975 | 03:09   12ms  130M   21G  31/ 31U [GameAnalyzer] Income advantage is now SmallAdvantage
2022-10-27 14:48:05.008 | 03:09   15ms  130M   21G  31/ 31U [GameAnalyzer] Income advantage is now SlightAdvantage
2022-10-27 14:48:05.127 | 03:10   13ms  145M   29G  31/ 31U [GameAnalyzer] Income advantage is now SmallAdvantage
2022-10-27 14:48:05.155 | 03:10   14ms  145M   29G  31/ 31U [GameAnalyzer] Income advantage is now SlightAdvantage
2022-10-27 14:48:05.189 | 03:10   15ms  155M   29G  31/ 31U [GameAnalyzer] Income advantage is now SmallAdvantage
2022-10-27 14:48:05.255 | 03:10   13ms  155M   29G  31/ 31U [GameAnalyzer] Income advantage is now SlightAdvantage
2022-10-27 14:48:05.318 | 03:11   13ms  160M   33G  31/ 46U [GameAnalyzer] Income advantage is now SmallAdvantage
2022-10-27 14:48:05.351 | 03:11   15ms   10M   37G  31/ 46U [GameAnalyzer] Income advantage is now SlightAdvantage
2022-10-27 14:48:05.463 | 03:11   12ms   20M   37G  31/ 46U [GameAnalyzer] Income advantage is now SmallAdvantage
2022-10-27 14:48:05.663 | 03:12   13ms   40M   45G  31/ 46U [GameAnalyzer] Income advantage is now SlightAdvantage
2022-10-27 14:48:05.724 | 03:13   13ms   45M   45G  31/ 46U [GameAnalyzer] Income advantage is now SmallAdvantage
2022-10-27 14:48:05.909 | 03:14   13ms   85M   53G  31/ 46U [GameAnalyzer] Income advantage is now SlightAdvantage
2022-10-27 14:48:05.938 | 03:14   14ms   85M   53G  31/ 46U [GameAnalyzer] Income advantage is now SmallAdvantage
2022-10-27 14:48:06.154 | 03:15   14ms  110M   61G  31/ 46U [GameAnalyzer] Income advantage is now SlightAdvantage
2022-10-27 14:48:06.184 | 03:15   14ms  115M   61G  31/ 46U [GameAnalyzer] Income advantage is now SmallAdvantage
2022-10-27 14:48:06.249 | 03:16   14ms  120M   61G  31/ 46U [GameAnalyzer] Income advantage is now SlightAdvantage
2022-10-27 14:48:06.348 | 03:16   15ms  135M   61G  31/ 46U [GameAnalyzer] Income advantage is now SmallAdvantage
2022-10-27 14:48:06.473 | 03:17   14ms  150M   69G  31/ 46U [GameAnalyzer] Income advantage is now SlightAdvantage
2022-10-27 14:48:06.570 | 03:18   14ms  160M   69G  31/ 46U [GameAnalyzer] Income advantage is now SmallAdvantage
2022-10-27 14:48:06.890 | 03:19   14ms  210M   81G  31/ 46U [GameAnalyzer] Income advantage is now SlightAdvantage
2022-10-27 14:48:06.925 | 03:20   16ms  215M   81G  31/ 46U [GameAnalyzer] Income advantage is now SmallAdvantage
2022-10-27 14:48:07.021 | 03:20   16ms  230M   85G  31/ 46U [GameAnalyzer] Income advantage is now SlightAdvantage
2022-10-27 14:48:07.066 | 03:20   16ms  230M   85G  31/ 46U [GameAnalyzer] Known army advantage is now SmallAdvantage
2022-10-27 14:48:07.070 | 03:20   16ms  180M   85G  31/ 46U [TerranUnit] MARINE from BARRACKS at (51.5, 58.5)
2022-10-27 14:48:07.206 | 03:21   14ms  195M   89G  32/ 46U [GameAnalyzer] Income advantage is now SmallAdvantage
2022-10-27 14:48:07.238 | 03:21   18ms  200M   93G  32/ 46U [GameAnalyzer] Income advantage is now SlightAdvantage
2022-10-27 14:48:07.305 | 03:21   15ms  215M   93G  32/ 46U [GameAnalyzer] Income advantage is now SmallAdvantage
2022-10-27 14:48:07.437 | 03:22   16ms  220M   93G  32/ 46U [GameAnalyzer] Income advantage is now SlightAdvantage
2022-10-27 14:48:07.471 | 03:22   16ms  220M   97G  32/ 46U [GameAnalyzer] Income advantage is now SmallAdvantage
2022-10-27 14:48:07.696 | 03:24   14ms   85M    1G  32/ 46U [GameAnalyzer] Income advantage is now SlightAdvantage
2022-10-27 14:48:07.767 | 03:24   14ms   95M    5G  32/ 46U [GameAnalyzer] Income advantage is now SmallAdvantage
2022-10-27 14:48:07.805 | 03:24   16ms  100M    9G  32/ 46U [GameAnalyzer] Income advantage is now SlightAdvantage
2022-10-27 14:48:07.900 | 03:25   14ms   15M    9G  32/ 46U [GameAnalyzer] Predicted army advantage is now SlightDisadvantage
2022-10-27 14:48:08.029 | 03:25   15ms   30M   13G  32/ 46U [GameAnalyzer] Income advantage is now SmallAdvantage
2022-10-27 14:48:08.066 | 03:26   16ms   30M   17G  32/ 46U [GameAnalyzer] Income advantage is now SlightAdvantage
2022-10-27 14:48:08.102 | 03:26   16ms   30M   17G  32/ 46U [GameAnalyzer] Income advantage is now Even
2022-10-27 14:48:08.137 | 03:26   18ms   35M   17G  32/ 46U [GameAnalyzer] Income advantage is now SlightAdvantage
2022-10-27 14:48:08.202 | 03:26   14ms   55M   17G  32/ 46U [GameAnalyzer] Income advantage is now SmallAdvantage
2022-10-27 14:48:08.234 | 03:26   17ms   55M   17G  32/ 46U [GameAnalyzer] Income advantage is now SlightAdvantage
2022-10-27 14:48:08.266 | 03:27   15ms   85M   17G  32/ 46U [GameAnalyzer] Income advantage is now SmallAdvantage
2022-10-27 14:48:08.298 | 03:27   15ms   85M   21G  32/ 46U [GameAnalyzer] Income advantage is now SlightAdvantage
2022-10-27 14:48:08.335 | 03:27   17ms   35M   25G  32/ 46U [TerranUnit] MARINE from BARRACKS at (40.5, 61.5)
2022-10-27 14:48:08.394 | 03:27   13ms   40M   25G  33/ 46U [GameAnalyzer] Income advantage is now SmallAdvantage
2022-10-27 14:48:08.543 | 03:28   12ms   45M   29G  33/ 46U [GameAnalyzer] Income advantage is now SlightAdvantage
2022-10-27 14:48:08.580 | 03:28   14ms    0M   33G  33/ 46U [TerranUnit] MARINE from BARRACKS at (40.5, 61.5)
2022-10-27 14:48:08.639 | 03:29   13ms   10M   33G  34/ 46U [GameAnalyzer] Income advantage is now SmallAdvantage
2022-10-27 14:48:08.669 | 03:29   14ms   15M   33G  34/ 46U [GameAnalyzer] Income advantage is now SlightAdvantage
2022-10-27 14:48:08.823 | 03:30   13ms   35M   37G  34/ 46U [GameAnalyzer] Income advantage is now SmallAdvantage
2022-10-27 14:48:08.888 | 03:30   14ms   35M   41G  34/ 46U [GameAnalyzer] Income advantage is now SlightAdvantage
2022-10-27 14:48:09.038 | 03:31   13ms   60M   41G  34/ 46U [GameAnalyzer] Income advantage is now SmallAdvantage
2022-10-27 14:48:09.073 | 03:31   16ms   60M   45G  34/ 46U [GameAnalyzer] Income advantage is now SlightAdvantage
2022-10-27 14:48:09.102 | 03:31   15ms   65M   49G  34/ 46U [GameAnalyzer] Income advantage is now SmallAdvantage
2022-10-27 14:48:09.198 | 03:32   13ms   70M   49G  34/ 46U [GameAnalyzer] Income advantage is now SlightAdvantage
2022-10-27 14:48:09.230 | 03:32   14ms   70M   49G  34/ 46U [GameAnalyzer] Income advantage is now SmallAdvantage
2022-10-27 14:48:09.331 | 03:33   13ms   70M   53G  34/ 46U [GameAnalyzer] Income advantage is now SlightAdvantage
2022-10-27 14:48:09.758 | 03:35   13ms  150M   65G  34/ 46U [GameAnalyzer] Income advantage is now SmallAdvantage
2022-10-27 14:48:09.792 | 03:35   15ms  150M   65G  34/ 46U [GameAnalyzer] Income advantage is now SlightAdvantage
2022-10-27 14:48:09.830 | 03:36   16ms  100M   69G  34/ 46U [ActUnit] SCV from COMMANDCENTER at (69.5, 52.5)
2022-10-27 14:48:09.860 | 03:36   15ms   60M   69G  35/ 46U [ActUnit] SCV from COMMANDCENTER at (44.5, 56.5)
2022-10-27 14:48:09.896 | 03:36   15ms   65M   73G  36/ 46U [GameAnalyzer] Income advantage is now SmallAdvantage
2022-10-27 14:48:10.048 | 03:37   13ms   75M   73G  36/ 46U [GameAnalyzer] Income advantage is now SlightAdvantage
2022-10-27 14:48:10.275 | 03:38   13ms  100M   81G  36/ 46U [GameAnalyzer] Predicted army advantage is now Even
2022-10-27 14:48:10.277 | 03:38   13ms   50M   81G  36/ 46U [TerranUnit] MARINE from BARRACKS at (51.5, 58.5)
2022-10-27 14:48:10.375 | 03:39   13ms   60M   85G  37/ 46U [GameAnalyzer] Income advantage is now SmallAdvantage
2022-10-27 14:48:10.480 | 03:39   13ms   65M   89G  37/ 46U [GameAnalyzer] Income advantage is now SlightAdvantage
2022-10-27 14:48:10.606 | 03:40   14ms   80M   89G  37/ 46U [GameAnalyzer] Income advantage is now SmallAdvantage
2022-10-27 14:48:10.671 | 03:40   13ms   85M   97G  37/ 46U [GameAnalyzer] Income advantage is now SlightAdvantage
2022-10-27 14:48:10.742 | 03:41   14ms   35M   72G  37/ 46U [TerranUnit] WIDOWMINE from FACTORY at (53.5, 55.5)
2022-10-27 14:48:10.815 | 03:41   17ms   50M   72G  39/ 46U [GameAnalyzer] Income advantage is now SmallAdvantage
2022-10-27 14:48:10.914 | 03:41   15ms   50M   76G  39/ 46U [GameAnalyzer] Income advantage is now SlightAdvantage
2022-10-27 14:48:11.045 | 03:42   14ms   75M   80G  39/ 46U [GameAnalyzer] Income advantage is now SmallAdvantage
2022-10-27 14:48:11.048 | 03:42   14ms    0M   55G  39/ 46U [TerranUnit] WIDOWMINE from FACTORY at (53.5, 55.5)
2022-10-27 14:48:11.086 | 03:42   17ms    0M   55G  41/ 46U [GameAnalyzer] Income advantage is now SlightAdvantage
2022-10-27 14:48:11.293 | 03:43   14ms   15M   63G  41/ 46U [GameAnalyzer] Income advantage is now SmallAdvantage
2022-10-27 14:48:11.327 | 03:44   19ms   15M   63G  41/ 46U [GameAnalyzer] Income advantage is now SlightAdvantage
2022-10-27 14:48:11.531 | 03:45   16ms   65M   71G  41/ 46U [GameAnalyzer] Income advantage is now SmallAdvantage
2022-10-27 14:48:11.569 | 03:45   16ms   65M   71G  41/ 46U [GameAnalyzer] Income advantage is now SlightAdvantage
2022-10-27 14:48:11.570 | 03:45   16ms   65M   71G  41/ 46U [GameAnalyzer] Predicted army advantage is now SlightAdvantage
2022-10-27 14:48:11.575 | 03:45   16ms   15M   71G  41/ 46U [TerranUnit] MARINE from BARRACKS at (40.5, 61.5)
2022-10-27 14:48:11.606 | 03:45   20ms   15M   71G  42/ 46U [GameAnalyzer] Income advantage is now SmallAdvantage
2022-10-27 14:48:11.657 | 03:45   18ms   15M   71G  42/ 46U [GameAnalyzer] Income advantage is now SlightAdvantage
2022-10-27 14:48:11.737 | 03:46   15ms   20M   71G  42/ 46U [GameAnalyzer] Income advantage is now SmallAdvantage
2022-10-27 14:48:11.811 | 03:46   15ms   30M   75G  42/ 46U [GameAnalyzer] Income advantage is now SlightAdvantage
2022-10-27 14:48:11.888 | 03:46   17ms   30M   79G  42/ 46U [GameAnalyzer] Known army advantage is now ClearAdvantage
2022-10-27 14:48:11.965 | 03:47   15ms    0M   79G  42/ 46U [TerranUnit] MARINE from BARRACKS at (40.5, 61.5)
2022-10-27 14:48:12.042 | 03:47   15ms   30M   79G  43/ 46U [GameAnalyzer] Predicted army advantage is now Even
2022-10-27 14:48:12.112 | 03:47   17ms   35M   83G  43/ 46U [GameAnalyzer] Income advantage is now SmallAdvantage
2022-10-27 14:48:12.151 | 03:48   17ms   35M   83G  43/ 46U [GameAnalyzer] Income advantage is now SlightAdvantage
2022-10-27 14:48:12.228 | 03:48   17ms   40M   87G  43/ 46U [GameAnalyzer] Income advantage is now SmallAdvantage
2022-10-27 14:48:12.272 | 03:48   17ms   40M   87G  43/ 46U [GameAnalyzer] Income advantage is now SlightAdvantage
2022-10-27 14:48:12.346 | 03:48   17ms   50M   87G  43/ 46U [GameAnalyzer] Income advantage is now SmallAdvantage
2022-10-27 14:48:12.348 | 03:48   17ms    0M   87G  43/ 46U [ActUnit] SCV from COMMANDCENTER at (69.5, 52.5)
2022-10-27 14:48:12.464 | 03:49   17ms   15M   91G  44/ 46U [GameAnalyzer] Income advantage is now SlightAdvantage
2022-10-27 14:48:12.578 | 03:50   17ms   15M   95G  44/ 46U [GameAnalyzer] Income advantage is now SmallAdvantage
2022-10-27 14:48:12.765 | 03:50   16ms   20M   99G  44/ 46U [GameAnalyzer] Income advantage is now SlightAdvantage
2022-10-27 14:48:12.881 | 03:51   17ms   45M  103G  44/ 54U [GameAnalyzer] Income advantage is now SmallAdvantage
2022-10-27 14:48:12.916 | 03:51   20ms    5M  103G  44/ 54U [ActUnit] SCV from COMMANDCENTER at (44.5, 56.5)
2022-10-27 14:48:13.001 | 03:51   16ms   35M  103G  45/ 54U [GameAnalyzer] Income advantage is now SlightAdvantage
2022-10-27 14:48:13.117 | 03:52   16ms   35M  111G  45/ 54U [GameAnalyzer] Income advantage is now SmallAdvantage
2022-10-27 14:48:13.275 | 03:53   18ms   50M  111G  45/ 54U [GameAnalyzer] Income advantage is now SlightAdvantage
2022-10-27 14:48:13.353 | 03:53   16ms   70M  111G  45/ 54U [GameAnalyzer] Income advantage is now SmallAdvantage
2022-10-27 14:48:13.717 | 03:55   17ms    5M  123G  45/ 54U [GameAnalyzer] Income advantage is now SlightAdvantage
2022-10-27 14:48:13.832 | 03:55   21ms   25M  127G  45/ 54U [GameAnalyzer] Income advantage is now SmallAdvantage
2022-10-27 14:48:14.158 | 03:57   16ms    0M  135G  45/ 54U [TerranUnit] MARINE from BARRACKS at (51.5, 58.5)
2022-10-27 14:48:14.410 | 03:58   15ms   30M  143G  46/ 54U [GameAnalyzer] Income advantage is now SlightAdvantage
2022-10-27 14:48:14.447 | 03:58   17ms   60M  143G  46/ 54U [GameAnalyzer] Income advantage is now SmallAdvantage
2022-10-27 14:48:14.598 | 03:59   17ms   65M  147G  46/ 54U [GameAnalyzer] Income advantage is now SlightAdvantage
2022-10-27 14:48:14.745 | 04:00   16ms   85M  151G  46/ 54U [GameAnalyzer] Income advantage is now SmallAdvantage
2022-10-27 14:48:14.824 | 04:00   17ms   95M  151G  46/ 54U [GameAnalyzer] Income advantage is now SlightAdvantage
2022-10-27 14:48:14.939 | 04:01   18ms   35M  155G  46/ 54U [GameAnalyzer] Income advantage is now SmallAdvantage
2022-10-27 14:48:15.087 | 04:01   16ms   40M  159G  46/ 54U [GameAnalyzer] Income advantage is now SlightAdvantage
2022-10-27 14:48:15.138 | 04:02   16ms   45M  159G  46/ 54U [GameAnalyzer] Income advantage is now SmallAdvantage
2022-10-27 14:48:15.252 | 04:02   16ms   50M  159G  46/ 54U [GameAnalyzer] Predicted army advantage is now SlightAdvantage
2022-10-27 14:48:15.254 | 04:02   16ms    0M  159G  46/ 54U [ActUnit] SCV from COMMANDCENTER at (69.5, 52.5)
2022-10-27 14:48:15.609 | 04:04   17ms   25M  171G  47/ 54U [GameAnalyzer] Predicted army advantage is now SmallAdvantage
2022-10-27 14:48:15.731 | 04:04   16ms   30M  175G  47/ 54U [GameAnalyzer] Income advantage is now SlightAdvantage
2022-10-27 14:48:15.771 | 04:04   18ms   45M  175G  47/ 54U [GameAnalyzer] Income advantage is now SmallAdvantage
2022-10-27 14:48:15.811 | 04:05   19ms    0M  175G  47/ 54U [ActUnit] SCV from COMMANDCENTER at (44.5, 56.5)
2022-10-27 14:48:16.127 | 04:06   17ms    5M  183G  48/ 54U [TerranUnit] MARINE from BARRACKS at (40.5, 61.5)
2022-10-27 14:48:16.703 | 04:09   17ms    0M  199G  49/ 54U [TerranUnit] MARINE from BARRACKS at (40.5, 61.5)
2022-10-27 14:48:17.362 | 04:11   18ms   90M  215G  50/ 54U [BuildAddon] UnitTypeId.FACTORYTECHLAB to (55.0, 49.0)
2022-10-27 14:48:17.820 | 04:14   18ms   15M   98G  50/ 54U [TerranUnit] MEDIVAC from STARPORT at (53.5, 55.5)
2022-10-27 14:48:18.124 | 04:15   18ms    0M  106G  52/ 54U [ActUnit] SCV from COMMANDCENTER at (69.5, 52.5)
2022-10-27 14:48:18.520 | 04:17   19ms    0M  118G  53/ 54U [ActUnit] SCV from COMMANDCENTER at (44.5, 56.5)
2022-10-27 14:48:19.698 | 04:22   16ms    0M  146G  54/ 62U [TerranUnit] MARINE from BARRACKS at (51.5, 58.5)
2022-10-27 14:48:20.249 | 04:24   32ms    5M  154G  55/ 62U [TerranUnit] MARINE from BARRACKS at (40.5, 61.5)
2022-10-27 14:48:21.120 | 04:26   30ms   70M  170G  56/ 70U [GameAnalyzer] Known army advantage is now OverwhelmingAdvantage
2022-10-27 14:48:21.124 | 04:26   30ms   20M  170G  56/ 70U [TerranUnit] MARINE from BARRACKS at (40.5, 61.5)
2022-10-27 14:48:21.311 | 04:27   35ms   50M  170G  57/ 70U [GameAnalyzer] Income advantage is now SlightAdvantage
2022-10-27 14:48:21.373 | 04:27   34ms   65M  174G  57/ 70U [GameAnalyzer] Income advantage is now SmallAdvantage
2022-10-27 14:48:21.375 | 04:27   34ms   15M  174G  57/ 70U [ActUnit] SCV from COMMANDCENTER at (69.5, 52.5)
2022-10-27 14:48:22.095 | 04:29   32ms    0M  186G  58/ 70U [ActUnit] SCV from COMMANDCENTER at (44.5, 56.5)
2022-10-27 14:48:22.630 | 04:31   29ms   75M  194G  59/ 70U [GameAnalyzer] Income advantage is now ClearAdvantage
2022-10-27 14:48:22.693 | 04:31   30ms   75M  194G  59/ 70U [GameAnalyzer] Income advantage is now SmallAdvantage
2022-10-27 14:48:23.060 | 04:32   29ms    0M  102G  59/ 70U [TerranUnit] MEDIVAC from STARPORT at (53.5, 55.5)
2022-10-27 14:48:23.900 | 04:35   30ms   85M  114G  61/ 70U [GameAnalyzer] Known army advantage is now ClearAdvantage
2022-10-27 14:48:24.212 | 04:36   31ms   15M  118G  61/ 70U [GameAnalyzer] Predicted army advantage is now SlightAdvantage
2022-10-27 14:48:25.336 | 04:39   29ms  105M  134G  58/ 70U [GameAnalyzer] Known army advantage is now SlightDisadvantage
2022-10-27 14:48:25.338 | 04:39   29ms  105M  134G  58/ 70U [GameAnalyzer] Predicted army advantage is now SmallDisadvantage
2022-10-27 14:48:25.532 | 04:39   32ms   70M  142G  58/ 70U [ActUnit] SCV from COMMANDCENTER at (69.5, 52.5)
2022-10-27 14:48:25.715 | 04:40   29ms   95M  142G  59/ 70U [GameAnalyzer] Known army advantage is now Even
2022-10-27 14:48:25.719 | 04:40   29ms   45M  142G  59/ 70U [TerranUnit] MARINE from BARRACKS at (51.5, 58.5)
2022-10-27 14:48:26.070 | 04:41   36ms   60M  150G  60/ 70U [GameAnalyzer] Income advantage is now ClearAdvantage
2022-10-27 14:48:26.291 | 04:41   36ms   65M  150G  60/ 70U [GameAnalyzer] Income advantage is now SmallAdvantage
2022-10-27 14:48:26.425 | 04:41   34ms   45M  150G  60/ 70U [ActUnit] SCV from COMMANDCENTER at (44.5, 56.5)
2022-10-27 14:48:26.490 | 04:42   35ms   60M  150G  61/ 70U [GameAnalyzer] Income advantage is now ClearAdvantage
2022-10-27 14:48:26.494 | 04:42   35ms   10M  150G  61/ 70U [TerranUnit] MARINE from BARRACKS at (40.5, 61.5)
2022-10-27 14:48:26.568 | 04:42   38ms   15M  150G  60/ 70U [GameAnalyzer] Known army advantage is now SlightDisadvantage
2022-10-27 14:48:26.703 | 04:42   34ms   20M  158G  60/ 70U [GameAnalyzer] Income advantage is now SmallAdvantage
2022-10-27 14:48:27.060 | 04:43   32ms   40M  158G  59/ 70U [GameAnalyzer] Income advantage is now ClearAdvantage
2022-10-27 14:48:27.126 | 04:43   30ms   45M  158G  59/ 70U [GameAnalyzer] Income advantage is now SmallAdvantage
2022-10-27 14:48:27.335 | 04:44   19ms   60M  166G  58/ 70U [GameAnalyzer] Known army advantage is now Even
2022-10-27 14:48:27.337 | 04:44   19ms   60M  166G  58/ 70U [GameAnalyzer] Predicted army advantage is now SlightDisadvantage
2022-10-27 14:48:27.440 | 04:44   19ms  105M  166G  58/ 70U [Tech] Started SHIELDWALL
2022-10-27 14:48:27.631 | 04:45   20ms   15M   74G  56/ 70U [GameAnalyzer] Predicted army advantage is now SmallDisadvantage
2022-10-27 14:48:27.950 | 04:46   20ms    0M   78G  54/ 78U [TerranUnit] MARINE from BARRACKS at (40.5, 61.5)
2022-10-27 14:48:28.164 | 04:47   18ms   25M   82G  55/ 78U [GameAnalyzer] Income advantage is now ClearAdvantage
2022-10-27 14:48:28.211 | 04:47   22ms   25M   82G  55/ 78U [GameAnalyzer] Income advantage is now SmallAdvantage
2022-10-27 14:48:28.430 | 04:48   19ms   75M   90G  55/ 78U [GameAnalyzer] Income advantage is now ClearAdvantage
2022-10-27 14:48:28.476 | 04:48   22ms   75M   90G  55/ 78U [GameAnalyzer] Income advantage is now SmallAdvantage
2022-10-27 14:48:28.857 | 04:50   19ms  120M   98G  55/ 78U [GameAnalyzer] Income advantage is now ClearAdvantage
2022-10-27 14:48:28.903 | 04:50   22ms  120M   98G  55/ 78U [GameAnalyzer] Income advantage is now SmallAdvantage
2022-10-27 14:48:29.029 | 04:51   25ms  135M   98G  55/ 78U [GameAnalyzer] Income advantage is now ClearAdvantage
2022-10-27 14:48:29.079 | 04:51   20ms  150M  102G  55/ 78U [GameAnalyzer] Income advantage is now SmallAdvantage
2022-10-27 14:48:29.255 | 04:51   18ms  145M  106G  55/ 78U [ActUnit] SCV from COMMANDCENTER at (69.5, 52.5)
2022-10-27 14:48:29.300 | 04:52   23ms  150M  106G  56/ 78U [GameAnalyzer] Income advantage is now ClearAdvantage
2022-10-27 14:48:29.513 | 04:53   19ms  155M  114G  56/ 78U [GameAnalyzer] Income advantage is now SmallAdvantage
2022-10-27 14:48:29.553 | 04:53   22ms  165M  114G  56/ 78U [GameAnalyzer] Income advantage is now ClearAdvantage
2022-10-27 14:48:29.689 | 04:53   23ms  175M  114G  56/ 78U [GameAnalyzer] Income advantage is now SmallAdvantage
2022-10-27 14:48:29.781 | 04:54   18ms  150M  118G  56/ 78U [ActUnit] SCV from COMMANDCENTER at (44.5, 56.5)
2022-10-27 14:48:29.905 | 04:54   18ms  165M  122G  57/ 78U [GameAnalyzer] Income advantage is now ClearAdvantage
2022-10-27 14:48:29.986 | 04:55   19ms  170M  122G  57/ 78U [GameAnalyzer] Income advantage is now SmallAdvantage
2022-10-27 14:48:30.031 | 04:55   20ms  200M  122G  57/ 78U [GameAnalyzer] Income advantage is now ClearAdvantage
2022-10-27 14:48:30.155 | 04:55   18ms  210M  126G  57/ 78U [GameAnalyzer] Income advantage is now SmallAdvantage
2022-10-27 14:48:30.160 | 04:55   18ms  135M  126G  57/ 78U [BuildGas] Building REFINERY to (73.5, 45.5)
2022-10-27 14:48:30.239 | 04:56   18ms  155M  130G  57/ 78U [GameAnalyzer] Income advantage is now ClearAdvantage
2022-10-27 14:48:30.327 | 04:56   20ms  160M  130G  57/ 78U [GameAnalyzer] Income advantage is now SmallAdvantage
2022-10-27 14:48:30.369 | 04:56   19ms  160M  130G  57/ 78U [GameAnalyzer] Income advantage is now ClearAdvantage
2022-10-27 14:48:30.458 | 04:56   21ms  170M  130G  57/ 78U [GameAnalyzer] Income advantage is now SmallAdvantage
2022-10-27 14:48:30.501 | 04:57   21ms  175M  134G  57/ 78U [GameAnalyzer] Income advantage is now ClearAdvantage
2022-10-27 14:48:30.587 | 04:57   20ms  175M  138G  57/ 78U [GameAnalyzer] Income advantage is now SmallAdvantage
2022-10-27 14:48:30.630 | 04:57   19ms  185M  138G  57/ 78U [GameAnalyzer] Income advantage is now ClearAdvantage
2022-10-27 14:48:30.674 | 04:57   20ms  190M  138G  57/ 78U [GameAnalyzer] Income advantage is now SmallAdvantage
2022-10-27 14:48:30.714 | 04:58   21ms  200M  138G  57/ 78U [GameAnalyzer] Income advantage is now ClearAdvantage
2022-10-27 14:48:30.757 | 04:58   19ms  155M  138G  57/ 78U [TerranUnit] MARINE from BARRACKS at (51.5, 58.5)
2022-10-27 14:48:30.847 | 04:58   22ms  165M  142G  58/ 78U [GameAnalyzer] Income advantage is now SmallAdvantage
2022-10-27 14:48:30.985 | 04:59   21ms  140M  146G  58/ 78U [BuildGas] Building REFINERY to (76.5, 49.5)
2022-10-27 14:48:31.023 | 04:59   21ms  140M  146G  58/ 78U [GameAnalyzer] Income advantage is now ClearAdvantage
2022-10-27 14:48:31.114 | 04:59   21ms  145M  146G  58/ 86U [GameAnalyzer] Income advantage is now SmallAdvantage
2022-10-27 14:48:31.204 | 05:00   19ms  150M  146G  58/ 86U [GameAnalyzer] Predicted army advantage is now SlightDisadvantage
2022-10-27 14:48:31.209 | 05:00   19ms  100M  146G  58/ 86U [TerranUnit] MARINE from BARRACKS at (40.5, 61.5)
2022-10-27 14:48:31.288 | 05:00   20ms  100M  154G  59/ 86U [GameAnalyzer] Income advantage is now ClearAdvantage
2022-10-27 14:48:31.381 | 05:00   21ms  115M  154G  59/ 86U [GameAnalyzer] Income advantage is now SmallAdvantage
2022-10-27 14:48:31.505 | 05:01   21ms  140M  154G  59/ 86U [GameAnalyzer] Income advantage is now ClearAdvantage
2022-10-27 14:48:31.678 | 05:01   20ms  170M  162G  59/ 86U [GameAnalyzer] Income advantage is now SmallAdvantage
2022-10-27 14:48:31.763 | 05:02   21ms  180M  162G  59/ 86U [GameAnalyzer] Income advantage is now ClearAdvantage
2022-10-27 14:48:31.855 | 05:02   20ms  190M  162G  59/ 86U [GameAnalyzer] Income advantage is now SmallAdvantage
2022-10-27 14:48:31.939 | 05:03   20ms  205M  166G  59/ 86U [GameAnalyzer] Income advantage is now ClearAdvantage
2022-10-27 14:48:31.984 | 05:03   22ms  210M  170G  59/ 86U [GameAnalyzer] Income advantage is now SmallAdvantage
2022-10-27 14:48:32.201 | 05:04   19ms  185M  170G  59/ 86U [ActUnit] SCV from COMMANDCENTER at (69.5, 52.5)
2022-10-27 14:48:32.244 | 05:04   21ms  190M  170G  60/ 86U [GameAnalyzer] Income advantage is now ClearAdvantage
2022-10-27 14:48:32.329 | 05:04   22ms  145M  174G  60/ 86U [TerranUnit] MARINE from BARRACKS at (40.5, 61.5)
2022-10-27 14:48:32.380 | 05:04   22ms  145M  178G  61/ 86U [GameAnalyzer] Income advantage is now SmallAdvantage
2022-10-27 14:48:32.750 | 05:06   21ms  160M  186G  61/ 86U [ActUnit] SCV from COMMANDCENTER at (44.5, 56.5)
2022-10-27 14:48:33.487 | 05:08   22ms  100M  119G  62/ 86U [TerranUnit] VIKINGFIGHTER from STARPORT at (53.5, 55.5)
2022-10-27 14:48:33.711 | INFO     | sc2.protocol:_execute:72 - Client status changed to Status.ended (was Status.in_game)
2022-10-27 14:48:33.713 | Result: Defeat
2022-10-27 14:48:33.714 | Duration: 05:09
2022-10-27 14:48:33.715 | Step time min: 5
2022-10-27 14:48:33.716 | Step time avg: 14
2022-10-27 14:48:33.717 | Step time max: 123
2022-10-27 14:48:33.718 | [LostUnitsContents] My lost units minerals and gas: (600, 100)
2022-10-27 14:48:33.718 | [LostUnitsContents] My lost units minerals by score: 600.0
2022-10-27 14:48:33.719 | [LostUnitsContents] Enemy lost units minerals and gas: (300, 0)
2022-10-27 14:48:33.720 | [LostUnitsContents] Enemy lost units minerals by score: 300.0
2022-10-27 14:48:33.721 | [GameAnalyzerEnd] Own units:
2022-10-27 14:48:33.722 | [GameAnalyzerEnd] SCV               total:  38 alive:  37 dead:   1 
2022-10-27 14:48:33.723 | [GameAnalyzerEnd] MARINE            total:  22 alive:  15 dead:   7 
2022-10-27 14:48:33.723 | [GameAnalyzerEnd] SUPPLYDEPOT       total:   7 alive:   7 dead:   0 
2022-10-27 14:48:33.724 | [GameAnalyzerEnd] REFINERY          total:   4 alive:   4 dead:   0 
2022-10-27 14:48:33.725 | [GameAnalyzerEnd] BARRACKS          total:   2 alive:   2 dead:   0 
2022-10-27 14:48:33.725 | [GameAnalyzerEnd] MEDIVAC           total:   2 alive:   2 dead:   0 
2022-10-27 14:48:33.726 | [GameAnalyzerEnd] ORBITALCOMMAND    total:   2 alive:   2 dead:   0 
2022-10-27 14:48:33.727 | [GameAnalyzerEnd] REACTOR           total:   2 alive:   2 dead:   0 
2022-10-27 14:48:33.728 | [GameAnalyzerEnd] TECHLAB           total:   2 alive:   2 dead:   0 
2022-10-27 14:48:33.728 | [GameAnalyzerEnd] WIDOWMINE         total:   2 alive:   0 dead:   2 
2022-10-27 14:48:33.729 | [GameAnalyzerEnd] FACTORY           total:   1 alive:   1 dead:   0 
2022-10-27 14:48:33.730 | [GameAnalyzerEnd] STARPORT          total:   1 alive:   1 dead:   0 
2022-10-27 14:48:33.730 | [GameAnalyzerEnd] MULE              total:   1 alive:   1 dead:   0 
2022-10-27 14:48:33.733 | [GameAnalyzerEnd] REAPER            total:   1 alive:   0 dead:   1 
2022-10-27 14:48:33.734 | [GameAnalyzerEnd] Enemy units:
2022-10-27 14:48:33.735 | [GameAnalyzerEnd] SCV               total:  26 alive:  25 dead:   1 
2022-10-27 14:48:33.736 | [GameAnalyzerEnd] MARINE            total:  12 alive:  11 dead:   1 
2022-10-27 14:48:33.737 | [GameAnalyzerEnd] SUPPLYDEPOT       total:   6 alive:   6 dead:   0 
2022-10-27 14:48:33.738 | [GameAnalyzerEnd] TECHLAB           total:   3 alive:   3 dead:   0 
2022-10-27 14:48:33.738 | [GameAnalyzerEnd] MARAUDER          total:   3 alive:   3 dead:   0 
2022-10-27 14:48:33.739 | [GameAnalyzerEnd] BARRACKS          total:   2 alive:   2 dead:   0 
2022-10-27 14:48:33.740 | [GameAnalyzerEnd] REFINERY          total:   2 alive:   2 dead:   0 
2022-10-27 14:48:33.740 | [GameAnalyzerEnd] ENGINEERINGBAY    total:   2 alive:   2 dead:   0 
2022-10-27 14:48:33.741 | [GameAnalyzerEnd] HELLION           total:   2 alive:   0 dead:   2 
2022-10-27 14:48:33.742 | [GameAnalyzerEnd] COMMANDCENTER     total:   1 alive:   1 dead:   0 
2022-10-27 14:48:33.742 | [GameAnalyzerEnd] FACTORY           total:   1 alive:   1 dead:   0 
2022-10-27 14:48:33.743 | [GameAnalyzerEnd] MEDIVAC           total:   1 alive:   1 dead:   0 
2022-10-27 14:48:33.744 | [GameAnalyzerEnd] ORBITALCOMMAND    total:   1 alive:   1 dead:   0 
2022-10-27 14:48:33.745 | [GameAnalyzerEnd] STARPORT          total:   1 alive:   1 dead:   0 
2022-10-27 14:48:33.746 | [GameAnalyzerEnd] Minerals max 600 Average 138
2022-10-27 14:48:33.747 | [GameAnalyzerEnd] Vespene max 215 Average 64
2022-10-27 14:48:33.749 | INFO     | sc2.main:_play_game:228 - Result for player 1 - Bot Turtles(Terran): Defeat
2022-10-27 14:48:34.785 | INFO     | sc2.protocol:__request:48 - Cannot receive: Game has already ended.
2022-10-27 14:48:34.788 | INFO     | sc2.sc2process:_close_connection:231 - Closing connection at 64745...
2022-10-27 14:48:34.789 | INFO     | sc2.sc2process:kill_all:33 - kill_switch: Process cleanup for 1 processes
