2022-11-04 20:06:06.845 | INFO     | sc2.protocol:_execute:72 - Client status changed to Status.launched (was None)
2022-11-04 20:06:06.847 | INFO     | sc2.controller:create_game:37 - Creating new game
2022-11-04 20:06:06.849 | INFO     | sc2.controller:create_game:38 - Map:     OxideAIE
2022-11-04 20:06:06.850 | INFO     | sc2.controller:create_game:39 - Players: Bot Turtles(Terran), Computer VeryHard(Random, RandomBuild)
2022-11-04 20:06:06.852 | INFO     | sc2.protocol:_execute:72 - Client status changed to Status.init_game (was Status.launched)
2022-11-04 20:06:17.042 | INFO     | sc2.protocol:_execute:72 - Client status changed to Status.in_game (was None)
2022-11-04 20:06:17.044 | INFO     | sc2.main:_play_game:221 - Player 1 - Bot Turtles(Terran)
2022-11-04 20:06:17.581 | 00:00    0ms    0M    0G  12/ 15U [Version] 5.0.10.88500
2022-11-04 20:06:17.582 | 00:00    0ms    0M    0G  12/ 15U [Version] 5.0.6 Balance mod recognized.
2022-11-04 20:06:17.651 | 00:00    0ms    0M    0G  12/ 15U [ZoneManager] Map set to: MapName.Oxide from name: Oxide AIE and hash: 3281780.
2022-11-04 20:06:18.420 | [Start] My race: Terran
2022-11-04 20:06:18.422 | [Start] Opponent race: Random
2022-11-04 20:06:18.422 | [Start] OpponentId: None
2022-11-04 20:06:18.599 | 00:00    8ms    0M    0G  13/ 15U [GameAnalyzer] Income advantage is now SlightDisadvantage
2022-11-04 20:06:18.682 | 00:01    8ms    0M    0G  13/ 15U [GameAnalyzer] Income advantage is now Even
2022-11-04 20:06:20.096 | 00:14    7ms    0M    0G  13/ 15U [ActUnit] SCV from COMMANDCENTER at (147.5, 147.5)
2022-11-04 20:06:21.458 | 00:26   10ms  105M    0G  14/ 15U [ActUnit] SCV from COMMANDCENTER at (147.5, 147.5)
2022-11-04 20:06:22.762 | 00:36   11ms    5M    0G  15/ 23U [BuildGas] Building REFINERY to (143.5, 154.5)
2022-11-04 20:06:22.964 | 00:37   14ms   10M    0G  15/ 23U [GameAnalyzer] Income advantage is now SlightDisadvantage
2022-11-04 20:06:22.985 | 00:38   10ms   10M    0G  15/ 23U [GameAnalyzer] Income advantage is now Even
2022-11-04 20:06:23.433 | 00:41   10ms    5M    0G  15/ 23U [ActUnit] SCV from COMMANDCENTER at (147.5, 147.5)
2022-11-04 20:06:25.085 | 00:53   10ms  110M    0G  16/ 23U [ActUnit] SCV from COMMANDCENTER at (147.5, 147.5)
2022-11-04 20:06:26.499 | 01:05    7ms  210M    8G  17/ 23U [ActUnit] SCV from COMMANDCENTER at (147.5, 147.5)
2022-11-04 20:06:27.987 | 01:14   23ms  320M   28G  18/ 23U [GameAnalyzer] Income advantage is now SmallAdvantage
2022-11-04 20:06:28.120 | 01:15   22ms  320M   28G  18/ 23U [GameAnalyzer] Income advantage is now SlightAdvantage
2022-11-04 20:06:28.218 | 01:15   21ms  320M   28G  18/ 23U [GameAnalyzer] Income advantage is now Even
2022-11-04 20:06:28.434 | 01:16   17ms  350M   32G  18/ 23U [GameAnalyzer] Income advantage is now SlightAdvantage
2022-11-04 20:06:28.475 | 01:16   20ms  350M   32G  18/ 23U [GameAnalyzer] Income advantage is now Even
2022-11-04 20:06:28.862 | 01:18   12ms  315M   36G  18/ 23U [ActUnit] SCV from COMMANDCENTER at (147.5, 147.5)
2022-11-04 20:06:29.222 | 01:20   11ms  335M   40G  19/ 23U [GameAnalyzer] Income advantage is now SlightDisadvantage
2022-11-04 20:06:29.252 | 01:20   14ms  345M   40G  19/ 23U [GameAnalyzer] Income advantage is now Even
2022-11-04 20:06:29.278 | 01:20   12ms  350M   44G  19/ 23U [GameAnalyzer] Income advantage is now SlightDisadvantage
2022-11-04 20:06:29.309 | 01:20   12ms  355M   44G  19/ 23U [GameAnalyzer] Income advantage is now Even
2022-11-04 20:06:29.422 | 01:21   14ms  360M   44G  19/ 23U [GameAnalyzer] Income advantage is now SlightDisadvantage
2022-11-04 20:06:29.448 | 01:21   13ms  360M   44G  19/ 23U [GameAnalyzer] Income advantage is now Even
2022-11-04 20:06:29.504 | 01:22   13ms  360M   44G  19/ 23U [GameAnalyzer] Income advantage is now SlightDisadvantage
2022-11-04 20:06:29.535 | 01:22   13ms  365M   48G  19/ 23U [GameAnalyzer] Income advantage is now Even
2022-11-04 20:06:29.563 | 01:22   13ms  365M   48G  19/ 23U [GameAnalyzer] Income advantage is now SlightDisadvantage
2022-11-04 20:06:29.648 | 01:23   11ms  390M   48G  19/ 23U [GameAnalyzer] Income advantage is now Even
2022-11-04 20:06:29.771 | 01:23   16ms  395M   52G  19/ 23U [GameAnalyzer] Income advantage is now SlightDisadvantage
2022-11-04 20:06:29.852 | 01:24   14ms  395M   52G  19/ 23U [GameAnalyzer] Income advantage is now Even
2022-11-04 20:06:29.882 | 01:24   12ms  395M   52G  19/ 23U [GameAnalyzer] Income advantage is now SlightDisadvantage
2022-11-04 20:06:29.940 | 01:24   13ms  400M   52G  19/ 23U [GameAnalyzer] Income advantage is now Even
2022-11-04 20:06:29.943 | 01:24   13ms  200M    2G  19/ 23U [TerranUnit] REAPER from BARRACKS at (150.5, 155.5)
2022-11-04 20:06:30.003 | 01:25   13ms  260M    6G  20/ 23U [GameAnalyzer] Income advantage is now SlightDisadvantage
2022-11-04 20:06:30.117 | 01:25   13ms  270M    6G  20/ 23U [GameAnalyzer] Income advantage is now Even
2022-11-04 20:06:30.255 | 01:26   13ms  275M   10G  20/ 23U [GameAnalyzer] Income advantage is now SlightDisadvantage
2022-11-04 20:06:30.309 | 01:27   12ms  280M   10G  20/ 23U [GameAnalyzer] Income advantage is now Even
2022-11-04 20:06:30.343 | 01:27   14ms  285M   10G  20/ 23U [GameAnalyzer] Income advantage is now SlightDisadvantage
2022-11-04 20:06:30.429 | 01:27   12ms  305M   10G  20/ 23U [GameAnalyzer] Income advantage is now Even
2022-11-04 20:06:30.546 | 01:28   14ms  305M   14G  20/ 23U [GameAnalyzer] Income advantage is now SlightDisadvantage
2022-11-04 20:06:30.636 | 01:29   15ms  310M   14G  20/ 23U [GameAnalyzer] Income advantage is now Even
2022-11-04 20:06:30.664 | 01:29   14ms  310M   14G  20/ 23U [GameAnalyzer] Income advantage is now SlightDisadvantage
2022-11-04 20:06:30.696 | 01:29   14ms  320M   14G  20/ 23U [GameAnalyzer] Income advantage is now Even
2022-11-04 20:06:30.754 | 01:29   12ms  320M   18G  20/ 23U [GameAnalyzer] Income advantage is now SlightDisadvantage
2022-11-04 20:06:30.852 | 01:30   12ms  175M   18G  20/ 23U [GameAnalyzer] Income advantage is now Even
2022-11-04 20:06:31.091 | 01:31   13ms  190M   22G  20/ 23U [GameAnalyzer] Income advantage is now SlightDisadvantage
2022-11-04 20:06:31.123 | 01:31   17ms  195M   22G  20/ 23U [GameAnalyzer] Income advantage is now Even
2022-11-04 20:06:31.157 | 01:31   15ms  195M   22G  20/ 23U [GameAnalyzer] Income advantage is now SlightDisadvantage
2022-11-04 20:06:31.284 | 01:32   12ms  210M   26G  20/ 23U [GameAnalyzer] Income advantage is now Even
2022-11-04 20:06:31.426 | 01:33   17ms  215M   26G  20/ 23U [GameAnalyzer] Income advantage is now SlightDisadvantage
2022-11-04 20:06:31.455 | 01:33   14ms  225M   26G  20/ 23U [GameAnalyzer] Income advantage is now Even
2022-11-04 20:06:31.494 | 01:33   14ms  225M   26G  20/ 23U [GameAnalyzer] Income advantage is now SlightDisadvantage
2022-11-04 20:06:31.533 | 01:33   17ms  230M   30G  20/ 23U [GameAnalyzer] Income advantage is now Even
2022-11-04 20:06:32.100 | 01:36   14ms  255M   34G  20/ 23U [GameAnalyzer] Income advantage is now SlightDisadvantage
2022-11-04 20:06:32.164 | 01:36   16ms  260M   34G  20/ 23U [GameAnalyzer] Income advantage is now Even
2022-11-04 20:06:32.194 | 01:36   17ms  260M   34G  20/ 23U [GameAnalyzer] Income advantage is now SlightDisadvantage
2022-11-04 20:06:32.232 | 01:36   14ms  265M   34G  20/ 23U [GameAnalyzer] Income advantage is now Even
2022-11-04 20:06:32.303 | 01:37   14ms  270M   38G  20/ 23U [GameAnalyzer] Income advantage is now SlightDisadvantage
2022-11-04 20:06:32.398 | 01:37   13ms  280M   38G  20/ 23U [GameAnalyzer] Income advantage is now Even
2022-11-04 20:06:32.462 | 01:38   17ms  285M   38G  20/ 23U [GameAnalyzer] Income advantage is now SlightDisadvantage
2022-11-04 20:06:32.558 | 01:38   15ms  295M   42G  20/ 23U [GameAnalyzer] Income advantage is now Even
2022-11-04 20:06:32.750 | 01:39   14ms  295M   42G  20/ 23U [GameAnalyzer] Income advantage is now SlightDisadvantage
2022-11-04 20:06:32.819 | 01:40   13ms  310M   46G  20/ 23U [GameAnalyzer] Income advantage is now Even
2022-11-04 20:06:32.906 | 01:40   12ms  315M   46G  20/ 23U [GameAnalyzer] Income advantage is now SlightDisadvantage
2022-11-04 20:06:32.934 | 01:40   15ms  320M   46G  20/ 23U [GameAnalyzer] Income advantage is now Even
2022-11-04 20:06:33.023 | 01:41   12ms  325M   46G  20/ 23U [GameAnalyzer] Income advantage is now SlightDisadvantage
2022-11-04 20:06:33.048 | 01:41   16ms  330M   46G  20/ 23U [GameAnalyzer] Income advantage is now Even
2022-11-04 20:06:33.109 | 01:41   13ms  335M   50G  20/ 23U [GameAnalyzer] Income advantage is now SlightDisadvantage
2022-11-04 20:06:33.218 | 01:42   15ms  350M   50G  20/ 23U [GameAnalyzer] Income advantage is now Even
2022-11-04 20:06:33.277 | 01:42   12ms  355M   50G  20/ 23U [GameAnalyzer] Income advantage is now SlightDisadvantage
2022-11-04 20:06:33.305 | 01:42   13ms  360M   54G  20/ 23U [GameAnalyzer] Income advantage is now Even
2022-11-04 20:06:33.762 | 01:44   14ms  375M   58G  20/ 23U [GameAnalyzer] Income advantage is now SlightDisadvantage
2022-11-04 20:06:33.847 | 01:45   13ms  385M   58G  20/ 23U [GameAnalyzer] Income advantage is now Even
2022-11-04 20:06:33.990 | 01:46   14ms  400M   62G  20/ 23U [GameAnalyzer] Income advantage is now SlightDisadvantage
2022-11-04 20:06:34.104 | 01:46   15ms  415M   62G  20/ 23U [GameAnalyzer] Income advantage is now Even
2022-11-04 20:06:34.165 | 01:47   12ms  420M   62G  20/ 23U [GameAnalyzer] Income advantage is now SlightDisadvantage
2022-11-04 20:06:34.197 | 01:47   14ms  430M   66G  20/ 23U [GameAnalyzer] Income advantage is now Even
2022-11-04 20:06:34.347 | 01:48   14ms  430M   66G  20/ 23U [GameAnalyzer] Income advantage is now SlightDisadvantage
2022-11-04 20:06:34.405 | 01:48   14ms  440M   66G  20/ 23U [GameAnalyzer] Income advantage is now Even
2022-11-04 20:06:34.523 | 01:49   12ms  445M   70G  20/ 23U [GameAnalyzer] Income advantage is now SlightDisadvantage
2022-11-04 20:06:34.581 | 01:49   13ms  450M   70G  20/ 23U [GameAnalyzer] Income advantage is now Even
2022-11-04 20:06:34.683 | 01:50   13ms  460M   74G  20/ 23U [GameAnalyzer] Income advantage is now SlightDisadvantage
2022-11-04 20:06:34.712 | 01:50   13ms  465M   74G  20/ 23U [GameAnalyzer] Income advantage is now Even
2022-11-04 20:06:34.805 | 01:50   12ms  475M   74G  20/ 23U [GameAnalyzer] Income advantage is now SlightDisadvantage
2022-11-04 20:06:34.957 | 01:51   13ms  495M   78G  20/ 23U [GameAnalyzer] Income advantage is now Even
2022-11-04 20:06:35.084 | 01:52   14ms  500M   78G  20/ 31U [GameAnalyzer] Income advantage is now SlightDisadvantage
2022-11-04 20:06:35.117 | 01:52   15ms  500M   78G  20/ 31U [GameAnalyzer] Income advantage is now Even
2022-11-04 20:06:35.543 | 01:55   13ms  490M   86G  20/ 31U [ActUnit] SCV from COMMANDCENTER at (147.5, 147.5)
2022-11-04 20:06:35.690 | 01:55   15ms  500M   86G  21/ 31U [GameAnalyzer] Income advantage is now SlightDisadvantage
2022-11-04 20:06:35.752 | 01:56   13ms  510M   90G  21/ 31U [GameAnalyzer] Income advantage is now Even
2022-11-04 20:06:35.878 | 01:56   15ms  515M   90G  21/ 31U [GameAnalyzer] Income advantage is now SlightDisadvantage
2022-11-04 20:06:35.879 | 01:56   15ms  515M   90G  21/ 31U [GameAnalyzer] Known army advantage is now SlightAdvantage
2022-11-04 20:06:35.880 | 01:56   15ms  515M   90G  21/ 31U [GameAnalyzer] Predicted army advantage is now SlightAdvantage
2022-11-04 20:06:35.882 | 01:56   15ms  515M   90G  21/ 31U [BuildAddon] UnitTypeId.BARRACKSREACTOR to (153.0, 155.0)
2022-11-04 20:06:35.923 | 01:57   24ms  470M   40G  21/ 31U [GameAnalyzer] Income advantage is now Even
2022-11-04 20:06:35.926 | 01:57   24ms  470M   40G  21/ 31U [Expand] Expanding to (122.5, 151.5)
2022-11-04 20:06:36.064 | 01:57   16ms   80M   44G  21/ 31U [GameAnalyzer] Income advantage is now SlightDisadvantage
2022-11-04 20:06:36.165 | 01:58   17ms   85M   44G  21/ 31U [GameAnalyzer] Income advantage is now Even
2022-11-04 20:06:36.337 | 01:59   49ms   90M   48G  21/ 31U [GameAnalyzer] Income advantage is now SlightDisadvantage
2022-11-04 20:06:36.410 | 01:59   17ms  100M   48G  21/ 31U [GameAnalyzer] Income advantage is now Even
2022-11-04 20:06:36.574 | 02:00   19ms  110M   48G  21/ 31U [GameAnalyzer] Income advantage is now SlightDisadvantage
2022-11-04 20:06:36.646 | 02:00   17ms  115M   52G  21/ 31U [GameAnalyzer] Income advantage is now Even
2022-11-04 20:06:36.756 | 02:01   17ms  120M   52G  21/ 31U [GameAnalyzer] Income advantage is now SlightDisadvantage
2022-11-04 20:06:36.859 | 02:01   17ms  140M   52G  21/ 31U [GameAnalyzer] Income advantage is now Even
2022-11-04 20:06:36.998 | 02:02   19ms  145M   56G  21/ 31U [GameAnalyzer] Income advantage is now SlightDisadvantage
2022-11-04 20:06:37.073 | 02:02   17ms  145M   56G  21/ 31U [GameAnalyzer] Income advantage is now Even
2022-11-04 20:06:37.146 | 02:03   16ms  155M   56G  21/ 31U [GameAnalyzer] Income advantage is now SlightAdvantage
2022-11-04 20:06:37.221 | 02:03   20ms   10M   56G  21/ 31U [GameAnalyzer] Income advantage is now Even
2022-11-04 20:06:37.840 | 02:06   19ms   85M   68G  21/ 31U [GameAnalyzer] Income advantage is now SlightAdvantage
2022-11-04 20:06:37.910 | 02:06   17ms   85M   68G  21/ 31U [GameAnalyzer] Income advantage is now Even
2022-11-04 20:06:37.978 | 02:07   18ms   35M   68G  21/ 31U [ActUnit] SCV from COMMANDCENTER at (147.5, 147.5)
2022-11-04 20:06:38.024 | 02:07   18ms   45M   68G  22/ 31U [GameAnalyzer] Income advantage is now SlightAdvantage
2022-11-04 20:06:38.092 | 02:07   17ms   45M   72G  22/ 31U [GameAnalyzer] Income advantage is now Even
2022-11-04 20:06:38.189 | 02:08   16ms   55M   72G  22/ 31U [GameAnalyzer] Income advantage is now SlightAdvantage
2022-11-04 20:06:38.253 | 02:08   18ms   55M   72G  22/ 31U [GameAnalyzer] Income advantage is now Even
2022-11-04 20:06:38.289 | 02:08   17ms   60M   72G  22/ 31U [GameAnalyzer] Income advantage is now SlightAdvantage
2022-11-04 20:06:38.323 | 02:09   17ms   60M   72G  22/ 31U [GameAnalyzer] Income advantage is now Even
2022-11-04 20:06:38.387 | 02:09   17ms   70M   76G  22/ 31U [GameAnalyzer] Income advantage is now SlightAdvantage
2022-11-04 20:06:38.487 | 02:10   15ms   75M   76G  22/ 31U [GameAnalyzer] Income advantage is now Even
2022-11-04 20:06:38.586 | 02:10   15ms   85M   76G  22/ 31U [GameAnalyzer] Income advantage is now SlightAdvantage
2022-11-04 20:06:38.654 | 02:10   18ms  110M   80G  22/ 31U [GameAnalyzer] Income advantage is now Even
2022-11-04 20:06:38.725 | 02:11   16ms  125M   80G  22/ 31U [GameAnalyzer] Income advantage is now SlightAdvantage
2022-11-04 20:06:38.767 | 02:11   18ms  125M   80G  22/ 31U [GameAnalyzer] Income advantage is now Even
2022-11-04 20:06:38.802 | 02:11   17ms  125M   80G  22/ 31U [GameAnalyzer] Income advantage is now SlightAdvantage
2022-11-04 20:06:38.915 | 02:12   16ms  135M   80G  22/ 31U [GameAnalyzer] Income advantage is now Even
2022-11-04 20:06:38.981 | 02:12   17ms  140M   84G  22/ 31U [GameAnalyzer] Income advantage is now SlightAdvantage
2022-11-04 20:06:39.011 | 02:12   16ms  140M   84G  22/ 31U [GameAnalyzer] Income advantage is now Even
2022-11-04 20:06:39.045 | 02:12   16ms  140M   84G  22/ 31U [GameAnalyzer] Income advantage is now SlightAdvantage
2022-11-04 20:06:39.193 | 02:13   18ms  150M   84G  22/ 31U [GameAnalyzer] Income advantage is now Even
2022-11-04 20:06:39.288 | 02:14   18ms  165M   88G  22/ 31U [GameAnalyzer] Income advantage is now SlightAdvantage
2022-11-04 20:06:40.030 | 02:18   17ms   20M    0G  22/ 31U [BuildGas] Building REFINERY to (154.5, 144.5)
2022-11-04 20:06:40.501 | 02:21   15ms    0M    4G  22/ 31U [ActUnit] SCV from COMMANDCENTER at (147.5, 147.5)
2022-11-04 20:06:41.212 | 02:25   14ms   50M   16G  23/ 31U [GameAnalyzer] Income advantage is now Even
2022-11-04 20:06:42.199 | 02:30   14ms  145M   32G  23/ 31U [GameAnalyzer] Known army advantage is now SlightDisadvantage
2022-11-04 20:06:42.200 | 02:30   14ms  145M   32G  23/ 31U [GameAnalyzer] Predicted army advantage is now SlightDisadvantage
2022-11-04 20:06:42.702 | 02:32   15ms  155M   36G  23/ 31U [TerranUnit] MARINE from BARRACKS at (150.5, 155.5)
2022-11-04 20:06:42.740 | 02:32   17ms  105M   36G  24/ 31U [TerranUnit] MARINE from BARRACKS at (150.5, 155.5)
2022-11-04 20:06:43.318 | 02:36   17ms    0M   48G  25/ 31U [ActUnit] SCV from COMMANDCENTER at (147.5, 147.5)
2022-11-04 20:06:45.489 | 02:48   13ms  160M   84G  25/ 31U [ActUnit] SCV from COMMANDCENTER at (147.5, 147.5)
2022-11-04 20:06:45.869 | 02:50   15ms  150M   92G  26/ 31U [TerranUnit] MARINE from BARRACKS at (150.5, 155.5)
2022-11-04 20:06:45.902 | 02:50   14ms  160M   96G  27/ 31U [GameAnalyzer] Known army advantage is now Even
2022-11-04 20:06:45.903 | 02:50   14ms  160M   96G  27/ 31U [GameAnalyzer] Predicted army advantage is now Even
2022-11-04 20:06:45.905 | 02:50   14ms  110M   96G  27/ 31U [TerranUnit] MARINE from BARRACKS at (150.5, 155.5)
2022-11-04 20:06:46.064 | 02:51   17ms  110M   96G  28/ 31U [GameAnalyzer] Income advantage is now SlightDisadvantage
2022-11-04 20:06:46.097 | 02:51   17ms  110M   96G  28/ 31U [GameAnalyzer] Income advantage is now Even
2022-11-04 20:06:46.165 | 02:52   16ms  115M  100G  28/ 31U [BuildAddon] UnitTypeId.BARRACKSTECHLAB to (141.0, 145.0)
2022-11-04 20:06:46.438 | 02:53   17ms  105M   83G  28/ 31U [GameAnalyzer] Income advantage is now SlightDisadvantage
2022-11-04 20:06:46.505 | 02:53   17ms  110M   83G  28/ 31U [GameAnalyzer] Income advantage is now Even
2022-11-04 20:06:46.643 | 02:54   16ms  120M   83G  28/ 31U [GameAnalyzer] Income advantage is now SlightDisadvantage
2022-11-04 20:06:46.672 | 02:54   17ms  125M   83G  28/ 31U [GameAnalyzer] Income advantage is now Even
2022-11-04 20:06:47.016 | 02:56   17ms  150M   99G  28/ 31U [GameAnalyzer] Income advantage is now SlightDisadvantage
2022-11-04 20:06:47.071 | 02:56   36ms  160M   99G  28/ 31U [GameAnalyzer] Income advantage is now Even
2022-11-04 20:06:47.408 | 02:58   16ms  175M  103G  28/ 31U [GameAnalyzer] Income advantage is now SlightDisadvantage
2022-11-04 20:06:47.449 | 02:58   19ms  185M  103G  28/ 31U [GameAnalyzer] Income advantage is now Even
2022-11-04 20:06:47.874 | 03:00   15ms  180M  111G  28/ 39U [ActUnit] SCV from COMMANDCENTER at (147.5, 147.5)
2022-11-04 20:06:48.481 | 03:03   15ms  235M  127G  29/ 39U [GameAnalyzer] Income advantage is now SlightDisadvantage
2022-11-04 20:06:48.513 | 03:03   16ms  240M  131G  29/ 39U [GameAnalyzer] Income advantage is now Even
2022-11-04 20:06:49.395 | 03:08   14ms  335M  159G  29/ 39U [GameAnalyzer] Known army advantage is now SlightAdvantage
2022-11-04 20:06:49.396 | 03:08   14ms  335M  159G  29/ 39U [GameAnalyzer] Predicted army advantage is now SlightAdvantage
2022-11-04 20:06:49.399 | 03:08   14ms  285M  159G  29/ 39U [TerranUnit] MARINE from BARRACKS at (150.5, 155.5)
2022-11-04 20:06:49.437 | 03:08   17ms  135M  159G  30/ 39U [TerranUnit] MARINE from BARRACKS at (150.5, 155.5)
2022-11-04 20:06:49.716 | 03:10   15ms  105M  167G  31/ 39U [TerranUnit] MARINE from BARRACKS at (138.5, 145.5)
2022-11-04 20:06:49.718 | 03:10   15ms  105M  167G  31/ 39U [Tech] Started STIMPACK
2022-11-04 20:06:50.377 | 03:13   15ms    0M   83G  32/ 39U [ActUnit] SCV from COMMANDCENTER at (147.5, 147.5)
2022-11-04 20:06:52.458 | INFO     | sc2.protocol:_execute:72 - Client status changed to Status.ended (was Status.in_game)
2022-11-04 20:06:52.460 | Result: Defeat
2022-11-04 20:06:52.460 | Duration: 03:23
2022-11-04 20:06:52.461 | Step time min: 6
2022-11-04 20:06:52.461 | Step time avg: 13
2022-11-04 20:06:52.462 | Step time max: 131
2022-11-04 20:06:52.463 | [LostUnitsContents] My lost units minerals and gas: (50, 50)
2022-11-04 20:06:52.464 | [LostUnitsContents] My lost units minerals by score: 50.0
2022-11-04 20:06:52.464 | [LostUnitsContents] Enemy lost units minerals and gas: (100, 0)
2022-11-04 20:06:52.465 | [LostUnitsContents] Enemy lost units minerals by score: 100.0
2022-11-04 20:06:52.466 | [GameAnalyzerEnd] Own units:
2022-11-04 20:06:52.466 | [GameAnalyzerEnd] SCV               total:  23 alive:  23 dead:   0 
2022-11-04 20:06:52.469 | [GameAnalyzerEnd] SUPPLYDEPOT       total:   4 alive:   4 dead:   0 
2022-11-04 20:06:52.470 | [GameAnalyzerEnd] MARINE            total:   4 alive:   4 dead:   0 
2022-11-04 20:06:52.471 | [GameAnalyzerEnd] BARRACKS          total:   2 alive:   2 dead:   0 
2022-11-04 20:06:52.472 | [GameAnalyzerEnd] REFINERY          total:   2 alive:   2 dead:   0 
2022-11-04 20:06:52.473 | [GameAnalyzerEnd] REACTOR           total:   1 alive:   1 dead:   0 
2022-11-04 20:06:52.473 | [GameAnalyzerEnd] ORBITALCOMMAND    total:   1 alive:   1 dead:   0 
2022-11-04 20:06:52.474 | [GameAnalyzerEnd] TECHLAB           total:   1 alive:   1 dead:   0 
2022-11-04 20:06:52.475 | [GameAnalyzerEnd] FACTORY           total:   1 alive:   1 dead:   0 
2022-11-04 20:06:52.475 | [GameAnalyzerEnd] MULE              total:   1 alive:   1 dead:   0 
2022-11-04 20:06:52.477 | [GameAnalyzerEnd] COMMANDCENTER     total:   1 alive:   1 dead:   0 
2022-11-04 20:06:52.478 | [GameAnalyzerEnd] REAPER            total:   1 alive:   0 dead:   1 
2022-11-04 20:06:52.479 | [GameAnalyzerEnd] Enemy units:
2022-11-04 20:06:52.480 | [GameAnalyzerEnd] PROBE             total:  21 alive:  19 dead:   2 
2022-11-04 20:06:52.481 | [GameAnalyzerEnd] PYLON             total:   2 alive:   2 dead:   0 
2022-11-04 20:06:52.481 | [GameAnalyzerEnd] NEXUS             total:   2 alive:   2 dead:   0 
2022-11-04 20:06:52.482 | [GameAnalyzerEnd] GATEWAY           total:   1 alive:   1 dead:   0 
2022-11-04 20:06:52.483 | [GameAnalyzerEnd] ASSIMILATOR       total:   1 alive:   1 dead:   0 
2022-11-04 20:06:52.486 | [GameAnalyzerEnd] ZEALOT            total:   1 alive:   1 dead:   0 
2022-11-04 20:06:52.486 | [GameAnalyzerEnd] Minerals max 525 Average 164
2022-11-04 20:06:52.488 | [GameAnalyzerEnd] Vespene max 163 Average 43
2022-11-04 20:06:52.489 | INFO     | sc2.main:_play_game:228 - Result for player 1 - Bot Turtles(Terran): Defeat
2022-11-04 20:06:53.525 | INFO     | sc2.protocol:__request:48 - Cannot receive: Game has already ended.
2022-11-04 20:06:53.527 | INFO     | sc2.sc2process:_close_connection:231 - Closing connection at 59644...
2022-11-04 20:06:53.529 | INFO     | sc2.sc2process:kill_all:33 - kill_switch: Process cleanup for 1 processes
