2022-11-04 11:56:16.741 | INFO     | sc2.protocol:_execute:72 - Client status changed to Status.launched (was None)
2022-11-04 11:56:16.743 | INFO     | sc2.controller:create_game:37 - Creating new game
2022-11-04 11:56:16.745 | INFO     | sc2.controller:create_game:38 - Map:     OxideAIE
2022-11-04 11:56:16.746 | INFO     | sc2.controller:create_game:39 - Players: Bot Turtles(Terran), Computer VeryHard(Random, RandomBuild)
2022-11-04 11:56:16.748 | INFO     | sc2.protocol:_execute:72 - Client status changed to Status.init_game (was Status.launched)
2022-11-04 11:56:25.195 | INFO     | sc2.protocol:_execute:72 - Client status changed to Status.in_game (was None)
2022-11-04 11:56:25.197 | INFO     | sc2.main:_play_game:221 - Player 1 - Bot Turtles(Terran)
2022-11-04 11:56:25.739 | 00:00    0ms    0M    0G  12/ 15U [Version] 5.0.10.88500
2022-11-04 11:56:25.740 | 00:00    0ms    0M    0G  12/ 15U [Version] 5.0.6 Balance mod recognized.
2022-11-04 11:56:25.807 | 00:00    0ms    0M    0G  12/ 15U [ZoneManager] Map set to: MapName.Oxide from name: Oxide AIE and hash: 3281780.
2022-11-04 11:56:26.584 | [Start] My race: Terran
2022-11-04 11:56:26.586 | [Start] Opponent race: Random
2022-11-04 11:56:26.591 | [Start] OpponentId: None
2022-11-04 11:56:26.754 | 00:00    6ms    0M    0G  13/ 15U [GameAnalyzer] Income advantage is now SlightDisadvantage
2022-11-04 11:56:26.852 | 00:01    7ms    0M    0G  13/ 15U [GameAnalyzer] Income advantage is now Even
2022-11-04 11:56:27.255 | 00:05    6ms   30M    0G  13/ 15U [GameAnalyzer] Income advantage is now SlightDisadvantage
2022-11-04 11:56:27.278 | 00:05    7ms   30M    0G  13/ 15U [GameAnalyzer] Income advantage is now Even
2022-11-04 11:56:27.958 | 00:11    7ms   10M    0G  13/ 15U [GameAnalyzer] Income advantage is now SlightDisadvantage
2022-11-04 11:56:27.978 | 00:11    7ms   10M    0G  13/ 15U [GameAnalyzer] Income advantage is now Even
2022-11-04 11:56:28.346 | 00:15    8ms   45M    0G  13/ 15U [GameAnalyzer] Income advantage is now SlightDisadvantage
2022-11-04 11:56:28.376 | 00:15    7ms   55M    0G  13/ 15U [GameAnalyzer] Income advantage is now Even
2022-11-04 11:56:28.377 | 00:15    7ms    5M    0G  13/ 15U [ActUnit] SCV from COMMANDCENTER at (44.5, 56.5)
