2022-10-24 14:54:33.935 | INFO     | sc2.protocol:_execute:72 - Client status changed to Status.launched (was None)
2022-10-24 14:54:33.936 | INFO     | sc2.controller:create_game:37 - Creating new game
2022-10-24 14:54:33.938 | INFO     | sc2.controller:create_game:38 - Map:     RomanticideAIE
2022-10-24 14:54:33.939 | INFO     | sc2.controller:create_game:39 - Players: Bot Turtles(Terran), Computer VeryHard(Random, RandomBuild)
2022-10-24 14:54:33.941 | INFO     | sc2.protocol:_execute:72 - Client status changed to Status.init_game (was Status.launched)
2022-10-24 14:54:43.060 | INFO     | sc2.protocol:_execute:72 - Client status changed to Status.in_game (was None)
2022-10-24 14:54:43.062 | INFO     | sc2.main:_play_game:221 - Player 1 - Bot Turtles(Terran)
2022-10-24 14:54:43.651 | 00:00    0ms    0M    0G  12/ 15U [Version] 5.0.10.88500
2022-10-24 14:54:43.653 | 00:00    0ms    0M    0G  12/ 15U [Version] 5.0.6 Balance mod recognized.
2022-10-24 14:54:43.723 | 00:00    0ms    0M    0G  12/ 15U [ZoneManager] Map set to: MapName.RomanticideLE from name: Romanticide AIE and hash: 3756032.
2022-10-24 14:54:44.453 | [Start] My race: Terran
2022-10-24 14:54:44.454 | [Start] Opponent race: Random
2022-10-24 14:54:44.455 | [Start] OpponentId: None
2022-10-24 14:54:44.713 | 00:00    8ms    0M    0G  13/ 15U [GameAnalyzer] Income advantage is now SlightDisadvantage
2022-10-24 14:54:44.781 | 00:01    8ms    0M    0G  13/ 15U [GameAnalyzer] Income advantage is now Even
2022-10-24 14:54:45.126 | 00:04    7ms   10M    0G  13/ 15U [GameAnalyzer] Income advantage is now SlightDisadvantage
2022-10-24 14:54:45.168 | 00:04    8ms   20M    0G  13/ 15U [GameAnalyzer] Income advantage is now Even
2022-10-24 14:54:45.677 | 00:09    6ms   85M    0G  13/ 15U [GameAnalyzer] Income advantage is now SlightDisadvantage
2022-10-24 14:54:45.701 | 00:09    7ms   85M    0G  13/ 15U [GameAnalyzer] Income advantage is now Even
2022-10-24 14:54:45.816 | 00:10    6ms    5M    0G  13/ 15U [GameAnalyzer] Income advantage is now SlightDisadvantage
2022-10-24 14:54:45.833 | 00:10    9ms    5M    0G  13/ 15U [GameAnalyzer] Income advantage is now Even
2022-10-24 14:54:46.231 | 00:14    7ms    5M    0G  13/ 15U [ActUnit] SCV from COMMANDCENTER at (41.5, 135.5)
2022-10-24 14:54:47.600 | 00:26    7ms  110M    0G  14/ 15U [ActUnit] SCV from COMMANDCENTER at (41.5, 135.5)
2022-10-24 14:54:47.852 | 00:28    7ms  130M    0G  15/ 15U [GameAnalyzer] Income advantage is now SlightDisadvantage
2022-10-24 14:54:47.874 | 00:29   10ms  140M    0G  15/ 15U [GameAnalyzer] Income advantage is now Even
2022-10-24 14:54:49.144 | 00:37   10ms   20M    0G  15/ 23U [BuildGas] Building REFINERY to (45.5, 142.5)
2022-10-24 14:54:49.670 | 00:39    9ms    0M    0G  15/ 23U [ActUnit] SCV from COMMANDCENTER at (41.5, 135.5)
2022-10-24 14:54:50.523 | 00:45   13ms    0M    0G  16/ 23U [BuildGas] Building REFINERY to (34.5, 132.5)
2022-10-24 14:54:51.248 | 00:50    8ms   50M    0G  16/ 23U [GameAnalyzer] Income advantage is now SlightDisadvantage
2022-10-24 14:54:51.269 | 00:50    9ms   60M    0G  16/ 23U [GameAnalyzer] Income advantage is now Even
2022-10-24 14:54:51.341 | 00:51    7ms   20M    0G  16/ 23U [ActUnit] SCV from COMMANDCENTER at (41.5, 135.5)
2022-10-24 14:54:52.821 | 01:03    7ms  105M    0G  17/ 23U [ActUnit] SCV from COMMANDCENTER at (41.5, 135.5)
2022-10-24 14:54:54.697 | 01:15   24ms  180M   28G  18/ 23U [ActUnit] SCV from COMMANDCENTER at (41.5, 135.5)
2022-10-24 14:54:54.785 | 01:16   19ms  185M   28G  19/ 23U [GameAnalyzer] Income advantage is now SmallAdvantage
2022-10-24 14:54:54.923 | 01:16   21ms  195M   28G  19/ 23U [GameAnalyzer] Income advantage is now SlightAdvantage
2022-10-24 14:54:55.093 | 01:17   18ms  200M   28G  19/ 23U [GameAnalyzer] Income advantage is now Even
2022-10-24 14:54:55.312 | 01:17   13ms  210M   32G  19/ 23U [GameAnalyzer] Income advantage is now SlightAdvantage
2022-10-24 14:54:55.338 | 01:18   11ms  210M   32G  19/ 23U [GameAnalyzer] Income advantage is now Even
2022-10-24 14:54:55.363 | 01:18   11ms  210M   32G  19/ 23U [GameAnalyzer] Income advantage is now SlightAdvantage
2022-10-24 14:54:55.454 | 01:18   10ms  220M   36G  19/ 23U [GameAnalyzer] Income advantage is now Even
2022-10-24 14:54:55.537 | 01:19   10ms  230M   36G  19/ 23U [GameAnalyzer] Income advantage is now SlightAdvantage
2022-10-24 14:54:55.661 | 01:20   13ms  230M   36G  19/ 23U [GameAnalyzer] Income advantage is now Even
2022-10-24 14:54:56.207 | 01:23   10ms   75M   48G  19/ 23U [TerranUnit] MARINE from BARRACKS at (40.5, 128.5)
2022-10-24 14:54:56.305 | INFO     | sc2.protocol:_execute:72 - Client status changed to Status.ended (was Status.in_game)
2022-10-24 14:54:56.308 | Result: Defeat
2022-10-24 14:54:56.308 | Duration: 01:24
2022-10-24 14:54:56.309 | Step time min: 6
2022-10-24 14:54:56.310 | Step time avg: 9
2022-10-24 14:54:56.310 | Step time max: 126
2022-10-24 14:54:56.311 | [LostUnitsContents] My lost units minerals and gas: (0, 0)
2022-10-24 14:54:56.312 | [LostUnitsContents] My lost units minerals by score: 0.0
2022-10-24 14:54:56.313 | [LostUnitsContents] Enemy lost units minerals and gas: (0, 0)
2022-10-24 14:54:56.313 | [LostUnitsContents] Enemy lost units minerals by score: 0.0
2022-10-24 14:54:56.314 | [GameAnalyzerEnd] Own units:
2022-10-24 14:54:56.315 | [GameAnalyzerEnd] SCV               total:  16 alive:  16 dead:   0 
2022-10-24 14:54:56.315 | [GameAnalyzerEnd] REFINERY          total:   2 alive:   2 dead:   0 
2022-10-24 14:54:56.316 | [GameAnalyzerEnd] COMMANDCENTER     total:   1 alive:   1 dead:   0 
2022-10-24 14:54:56.316 | [GameAnalyzerEnd] BARRACKS          total:   1 alive:   1 dead:   0 
2022-10-24 14:54:56.317 | [GameAnalyzerEnd] SUPPLYDEPOT       total:   1 alive:   1 dead:   0 
2022-10-24 14:54:56.318 | [GameAnalyzerEnd] Enemy units:
2022-10-24 14:54:56.318 | [GameAnalyzerEnd] SCV               total:  17 alive:  17 dead:   0 
2022-10-24 14:54:56.319 | [GameAnalyzerEnd] BARRACKS          total:   2 alive:   2 dead:   0 
2022-10-24 14:54:56.320 | [GameAnalyzerEnd] COMMANDCENTER     total:   1 alive:   1 dead:   0 
2022-10-24 14:54:56.320 | [GameAnalyzerEnd] SUPPLYDEPOT       total:   1 alive:   1 dead:   0 
2022-10-24 14:54:56.321 | [GameAnalyzerEnd] Minerals max 275 Average 104
2022-10-24 14:54:56.321 | [GameAnalyzerEnd] Vespene max 48 Average 6
2022-10-24 14:54:56.326 | INFO     | sc2.main:_play_game:228 - Result for player 1 - Bot Turtles(Terran): Defeat
2022-10-24 14:54:57.382 | INFO     | sc2.protocol:__request:48 - Cannot receive: Game has already ended.
2022-10-24 14:54:57.384 | INFO     | sc2.sc2process:_close_connection:231 - Closing connection at 59385...
2022-10-24 14:54:57.385 | INFO     | sc2.sc2process:kill_all:33 - kill_switch: Process cleanup for 1 processes
