2022-11-04 11:46:09.726 | INFO     | sc2.protocol:_execute:72 - Client status changed to Status.launched (was None)
2022-11-04 11:46:09.727 | INFO     | sc2.controller:create_game:37 - Creating new game
2022-11-04 11:46:09.729 | INFO     | sc2.controller:create_game:38 - Map:     BlackburnAIE
2022-11-04 11:46:09.730 | INFO     | sc2.controller:create_game:39 - Players: Bot Turtles(Terran), Computer VeryHard(Random, RandomBuild)
2022-11-04 11:46:09.732 | INFO     | sc2.protocol:_execute:72 - Client status changed to Status.init_game (was Status.launched)
2022-11-04 11:46:19.245 | INFO     | sc2.protocol:_execute:72 - Client status changed to Status.in_game (was None)
2022-11-04 11:46:19.247 | INFO     | sc2.main:_play_game:221 - Player 1 - Bot Turtles(Terran)
2022-11-04 11:46:19.817 | 00:00    0ms    0M    0G  12/ 15U [Version] 5.0.10.88500
2022-11-04 11:46:19.818 | 00:00    0ms    0M    0G  12/ 15U [Version] 5.0.6 Balance mod recognized.
2022-11-04 11:46:19.899 | 00:00    0ms    0M    0G  12/ 15U [ZoneManager] Map set to: MapName.Blackburn from name: Blackburn AIE and hash: 2657237.
2022-11-04 11:46:20.498 | [Start] My race: Terran
2022-11-04 11:46:20.500 | [Start] Opponent race: Random
2022-11-04 11:46:20.501 | [Start] OpponentId: None
2022-11-04 11:46:20.774 | 00:00    7ms    0M    0G  13/ 15U [GameAnalyzer] Income advantage is now SlightDisadvantage
2022-11-04 11:46:20.844 | 00:01    7ms    0M    0G  13/ 15U [GameAnalyzer] Income advantage is now Even
2022-11-04 11:46:21.824 | 00:10    6ms    0M    0G  13/ 15U [GameAnalyzer] Income advantage is now SlightDisadvantage
2022-11-04 11:46:21.840 | 00:10    8ms    5M    0G  13/ 15U [GameAnalyzer] Income advantage is now Even
2022-11-04 11:46:22.240 | 00:14    6ms    0M    0G  13/ 15U [ActUnit] SCV from COMMANDCENTER at (36.5, 31.5)
2022-11-04 11:46:23.583 | 00:26    8ms  105M    0G  14/ 15U [ActUnit] SCV from COMMANDCENTER at (36.5, 31.5)
2022-11-04 11:46:24.811 | 00:37    7ms   20M    0G  15/ 23U [BuildGas] Building REFINERY to (29.5, 34.5)
2022-11-04 11:46:24.843 | 00:37   10ms   20M    0G  15/ 23U [GameAnalyzer] Income advantage is now SlightDisadvantage
2022-11-04 11:46:24.863 | 00:37    9ms   20M    0G  15/ 23U [GameAnalyzer] Income advantage is now Even
2022-11-04 11:46:25.112 | 00:39    8ms    0M    0G  15/ 23U [ActUnit] SCV from COMMANDCENTER at (36.5, 31.5)
2022-11-04 11:46:26.834 | 00:51    7ms   85M    0G  16/ 23U [ActUnit] SCV from COMMANDCENTER at (36.5, 31.5)
2022-11-04 11:46:28.447 | 01:04    6ms  185M    0G  17/ 23U [ActUnit] SCV from COMMANDCENTER at (36.5, 31.5)
2022-11-04 11:46:29.547 | 01:11   17ms  265M   16G  18/ 23U [GameAnalyzer] Income advantage is now SlightDisadvantage
2022-11-04 11:46:29.595 | 01:11   19ms  265M   20G  18/ 23U [GameAnalyzer] Income advantage is now Even
2022-11-04 11:46:29.806 | 01:12   17ms  280M   20G  18/ 23U [GameAnalyzer] Income advantage is now SmallDisadvantage
2022-11-04 11:46:29.981 | 01:12   18ms  285M   24G  18/ 23U [GameAnalyzer] Income advantage is now SlightDisadvantage
2022-11-04 11:46:30.094 | 01:13   19ms  290M   24G  18/ 23U [GameAnalyzer] Income advantage is now SmallDisadvantage
2022-11-04 11:46:30.342 | 01:14   20ms  305M   28G  18/ 23U [GameAnalyzer] Income advantage is now SlightDisadvantage
2022-11-04 11:46:30.409 | 01:14   21ms  305M   28G  18/ 23U [GameAnalyzer] Income advantage is now SmallDisadvantage
2022-11-04 11:46:30.622 | 01:15   24ms  325M   28G  18/ 23U [GameAnalyzer] Income advantage is now Even
2022-11-04 11:46:30.850 | 01:15   23ms  330M   32G  18/ 23U [GameAnalyzer] Income advantage is now SlightDisadvantage
2022-11-04 11:46:30.968 | 01:16   32ms  335M   32G  18/ 23U [GameAnalyzer] Income advantage is now Even
2022-11-04 11:46:30.969 | 01:16   32ms  285M   32G  18/ 23U [ActUnit] SCV from COMMANDCENTER at (36.5, 31.5)
2022-11-04 11:46:30.996 | 01:16   15ms  290M   32G  19/ 23U [GameAnalyzer] Income advantage is now SlightDisadvantage
2022-11-04 11:46:31.092 | 01:16   15ms  290M   32G  19/ 23U [GameAnalyzer] Income advantage is now Even
2022-11-04 11:46:31.157 | 01:17   16ms  295M   36G  19/ 23U [GameAnalyzer] Income advantage is now SlightDisadvantage
2022-11-04 11:46:31.185 | 01:17   15ms  295M   36G  19/ 23U [GameAnalyzer] Predicted army advantage is now SlightDisadvantage
2022-11-04 11:46:31.283 | 01:18   15ms  300M   36G  19/ 23U [GameAnalyzer] Income advantage is now Even
2022-11-04 11:46:31.411 | 01:18   15ms  310M   40G  19/ 23U [GameAnalyzer] Income advantage is now SlightDisadvantage
2022-11-04 11:46:31.716 | 01:20   17ms  345M   44G  19/ 23U [GameAnalyzer] Income advantage is now Even
2022-11-04 11:46:31.781 | 01:20   14ms  345M   44G  19/ 23U [GameAnalyzer] Income advantage is now SlightDisadvantage
2022-11-04 11:46:31.820 | 01:20   16ms  345M   44G  19/ 23U [GameAnalyzer] Income advantage is now SmallDisadvantage
2022-11-04 11:46:31.888 | 01:21   17ms  345M   44G  19/ 23U [GameAnalyzer] Income advantage is now SlightDisadvantage
2022-11-04 11:46:32.030 | 01:21   19ms  355M   48G  19/ 23U [GameAnalyzer] Income advantage is now SmallDisadvantage
2022-11-04 11:46:32.218 | 01:22   22ms  370M   48G  19/ 23U [GameAnalyzer] Income advantage is now SlightDisadvantage
2022-11-04 11:46:32.262 | 01:23   21ms  370M   52G  19/ 23U [GameAnalyzer] Income advantage is now SmallDisadvantage
2022-11-04 11:46:32.408 | 01:23   20ms  175M    2G  19/ 23U [TerranUnit] REAPER from BARRACKS at (39.5, 37.5)
2022-11-04 11:46:32.438 | 01:23   18ms  330M    2G  20/ 23U [GameAnalyzer] Income advantage is now SlightDisadvantage
2022-11-04 11:46:32.476 | 01:24   18ms  230M    2G  20/ 23U [GameAnalyzer] Income advantage is now SmallDisadvantage
2022-11-04 11:46:33.488 | 01:29   21ms  140M   18G  20/ 23U [GameAnalyzer] Income advantage is now SlightDisadvantage
2022-11-04 11:46:33.520 | 01:29   17ms  145M   18G  20/ 23U [GameAnalyzer] Income advantage is now SmallDisadvantage
2022-11-04 11:46:33.774 | 01:30   19ms  165M   22G  20/ 23U [GameAnalyzer] Income advantage is now SlightDisadvantage
2022-11-04 11:46:33.810 | 01:30   19ms  165M   22G  20/ 23U [GameAnalyzer] Income advantage is now SmallDisadvantage
2022-11-04 11:46:34.459 | 01:33   17ms  205M   30G  20/ 23U [GameAnalyzer] Income advantage is now SlightDisadvantage
2022-11-04 11:46:34.494 | 01:33   20ms  205M   30G  20/ 23U [GameAnalyzer] Income advantage is now SmallDisadvantage
2022-11-04 11:46:34.676 | 01:34   18ms  230M   34G  20/ 23U [GameAnalyzer] Income advantage is now SlightDisadvantage
2022-11-04 11:46:34.711 | 01:35   21ms  230M   34G  20/ 23U [GameAnalyzer] Income advantage is now SmallDisadvantage
2022-11-04 11:46:36.016 | 01:41   18ms  310M   50G  20/ 23U [GameAnalyzer] Income advantage is now SlightDisadvantage
2022-11-04 11:46:36.050 | 01:41   19ms  310M   50G  20/ 23U [GameAnalyzer] Income advantage is now SmallDisadvantage
2022-11-04 11:46:36.187 | 01:41   19ms  335M   50G  20/ 23U [GameAnalyzer] Income advantage is now SlightDisadvantage
2022-11-04 11:46:36.227 | 01:42   19ms  335M   54G  20/ 23U [GameAnalyzer] Income advantage is now SmallDisadvantage
2022-11-04 11:46:36.313 | INFO     | sc2.protocol:_execute:72 - Client status changed to Status.ended (was Status.in_game)
2022-11-04 11:46:36.315 | Result: Defeat
2022-11-04 11:46:36.315 | Duration: 01:42
2022-11-04 11:46:36.316 | Step time min: 5
2022-11-04 11:46:36.317 | Step time avg: 11
2022-11-04 11:46:36.318 | Step time max: 123
2022-11-04 11:46:36.319 | [LostUnitsContents] My lost units minerals and gas: (0, 0)
2022-11-04 11:46:36.319 | [LostUnitsContents] My lost units minerals by score: 0.0
2022-11-04 11:46:36.322 | [LostUnitsContents] Enemy lost units minerals and gas: (0, 0)
2022-11-04 11:46:36.323 | [LostUnitsContents] Enemy lost units minerals by score: 0.0
2022-11-04 11:46:36.324 | [GameAnalyzerEnd] Own units:
2022-11-04 11:46:36.325 | [GameAnalyzerEnd] SCV               total:  18 alive:  18 dead:   0 
2022-11-04 11:46:36.325 | [GameAnalyzerEnd] SUPPLYDEPOT       total:   2 alive:   2 dead:   0 
2022-11-04 11:46:36.326 | [GameAnalyzerEnd] REFINERY          total:   1 alive:   1 dead:   0 
2022-11-04 11:46:36.327 | [GameAnalyzerEnd] COMMANDCENTER     total:   1 alive:   1 dead:   0 
2022-11-04 11:46:36.327 | [GameAnalyzerEnd] BARRACKS          total:   1 alive:   1 dead:   0 
2022-11-04 11:46:36.328 | [GameAnalyzerEnd] Enemy units:
2022-11-04 11:46:36.329 | [GameAnalyzerEnd] DRONE             total:  17 alive:  17 dead:   0 
2022-11-04 11:46:36.330 | [GameAnalyzerEnd] OVERLORD          total:   2 alive:   2 dead:   0 
2022-11-04 11:46:36.330 | [GameAnalyzerEnd] HATCHERY          total:   2 alive:   2 dead:   0 
2022-11-04 11:46:36.331 | [GameAnalyzerEnd] SPAWNINGPOOL      total:   1 alive:   1 dead:   0 
2022-11-04 11:46:36.332 | [GameAnalyzerEnd] EXTRACTOR         total:   1 alive:   1 dead:   0 
2022-11-04 11:46:36.332 | [GameAnalyzerEnd] Minerals max 375 Average 154
2022-11-04 11:46:36.333 | [GameAnalyzerEnd] Vespene max 52 Average 10
2022-11-04 11:46:36.334 | INFO     | sc2.main:_play_game:228 - Result for player 1 - Bot Turtles(Terran): Defeat
2022-11-04 11:46:37.275 | INFO     | sc2.protocol:__request:48 - Cannot receive: Game has already ended.
2022-11-04 11:46:37.277 | INFO     | sc2.sc2process:_close_connection:231 - Closing connection at 53570...
2022-11-04 11:46:37.278 | INFO     | sc2.sc2process:kill_all:33 - kill_switch: Process cleanup for 1 processes
