2022-11-04 22:15:54.195 | INFO     | sc2.protocol:_execute:72 - Client status changed to Status.launched (was None)
2022-11-04 22:15:54.197 | INFO     | sc2.controller:create_game:37 - Creating new game
2022-11-04 22:15:54.198 | INFO     | sc2.controller:create_game:38 - Map:     BlackburnAIE
2022-11-04 22:15:54.200 | INFO     | sc2.controller:create_game:39 - Players: Bot Turtles(Terran), Computer VeryHard(Random, RandomBuild)
2022-11-04 22:15:54.202 | INFO     | sc2.protocol:_execute:72 - Client status changed to Status.init_game (was Status.launched)
2022-11-04 22:16:04.071 | INFO     | sc2.protocol:_execute:72 - Client status changed to Status.in_game (was None)
2022-11-04 22:16:04.073 | INFO     | sc2.main:_play_game:221 - Player 1 - Bot Turtles(Terran)
2022-11-04 22:16:04.645 | 00:00    0ms    0M    0G  12/ 15U [Version] 5.0.10.88500
2022-11-04 22:16:04.646 | 00:00    0ms    0M    0G  12/ 15U [Version] 5.0.6 Balance mod recognized.
2022-11-04 22:16:04.729 | 00:00    0ms    0M    0G  12/ 15U [ZoneManager] Map set to: MapName.Blackburn from name: Blackburn AIE and hash: 2657237.
2022-11-04 22:16:05.540 | [Start] My race: Terran
2022-11-04 22:16:05.541 | [Start] Opponent race: Random
2022-11-04 22:16:05.542 | [Start] OpponentId: None
2022-11-04 22:16:05.766 | 00:00    7ms    0M    0G  13/ 15U [GameAnalyzer] Income advantage is now SlightDisadvantage
2022-11-04 22:16:05.846 | 00:01    7ms    0M    0G  13/ 15U [GameAnalyzer] Income advantage is now Even
2022-11-04 22:16:07.334 | 00:15    7ms    0M    0G  13/ 15U [ActUnit] SCV from COMMANDCENTER at (36.5, 31.5)
2022-11-04 22:16:08.768 | 00:27    7ms  110M    0G  14/ 15U [ActUnit] SCV from COMMANDCENTER at (36.5, 31.5)
2022-11-04 22:16:10.124 | 00:37    8ms   10M    0G  15/ 23U [BuildGas] Building REFINERY to (39.5, 24.5)
2022-11-04 22:16:10.643 | 00:41    6ms    0M    0G  15/ 23U [ActUnit] SCV from COMMANDCENTER at (36.5, 31.5)
2022-11-04 22:16:11.723 | 00:50    7ms  105M    0G  16/ 23U [GameAnalyzer] Income advantage is now SlightDisadvantage
2022-11-04 22:16:11.745 | 00:50   11ms  110M    0G  16/ 23U [GameAnalyzer] Income advantage is now Even
2022-11-04 22:16:12.337 | 00:53   18ms   95M    0G  16/ 23U [ActUnit] SCV from COMMANDCENTER at (36.5, 31.5)
2022-11-04 22:16:14.301 | 01:05    7ms  200M    8G  17/ 23U [ActUnit] SCV from COMMANDCENTER at (36.5, 31.5)
2022-11-04 22:16:15.523 | 01:11   21ms  275M   20G  18/ 23U [GameAnalyzer] Income advantage is now SmallDisadvantage
2022-11-04 22:16:15.771 | 01:12   18ms  280M   20G  18/ 23U [GameAnalyzer] Income advantage is now SlightDisadvantage
2022-11-04 22:16:15.827 | 01:13   23ms  280M   20G  18/ 23U [GameAnalyzer] Income advantage is now SmallDisadvantage
2022-11-04 22:16:16.063 | 01:13   18ms  300M   24G  18/ 23U [GameAnalyzer] Income advantage is now SlightDisadvantage
2022-11-04 22:16:16.124 | 01:14   23ms  300M   24G  18/ 23U [GameAnalyzer] Income advantage is now SmallDisadvantage
2022-11-04 22:16:16.428 | 01:15   23ms  310M   28G  18/ 23U [GameAnalyzer] Income advantage is now Even
2022-11-04 22:16:16.646 | 01:15   20ms  315M   28G  18/ 23U [GameAnalyzer] Income advantage is now SlightDisadvantage
2022-11-04 22:16:16.758 | 01:16   10ms  335M   32G  18/ 23U [GameAnalyzer] Income advantage is now Even
2022-11-04 22:16:16.786 | 01:16   10ms  335M   32G  18/ 23U [GameAnalyzer] Income advantage is now SlightDisadvantage
2022-11-04 22:16:16.928 | 01:17    9ms  340M   36G  18/ 23U [GameAnalyzer] Predicted army advantage is now SlightDisadvantage
2022-11-04 22:16:17.027 | 01:18   14ms  295M   36G  18/ 23U [ActUnit] SCV from COMMANDCENTER at (36.5, 31.5)
2022-11-04 22:16:17.138 | 01:18    9ms  315M   36G  19/ 23U [GameAnalyzer] Income advantage is now Even
2022-11-04 22:16:17.174 | 01:18   12ms  315M   36G  19/ 23U [GameAnalyzer] Income advantage is now SlightDisadvantage
2022-11-04 22:16:17.357 | 01:20   12ms  320M   40G  19/ 23U [GameAnalyzer] Income advantage is now Even
2022-11-04 22:16:17.385 | 01:20   11ms  320M   40G  19/ 23U [GameAnalyzer] Income advantage is now SlightDisadvantage
2022-11-04 22:16:17.595 | 01:21   10ms  345M   44G  19/ 23U [GameAnalyzer] Income advantage is now SmallDisadvantage
2022-11-04 22:16:17.713 | 01:22   12ms  350M   48G  19/ 23U [GameAnalyzer] Income advantage is now SlightDisadvantage
2022-11-04 22:16:17.740 | 01:22   11ms  355M   48G  19/ 23U [GameAnalyzer] Income advantage is now SmallDisadvantage
2022-11-04 22:16:18.146 | 01:24   12ms  180M    2G  19/ 23U [TerranUnit] REAPER from BARRACKS at (39.5, 37.5)
2022-11-04 22:16:23.007 | 01:55   10ms  460M   86G  20/ 31U [ActUnit] SCV from COMMANDCENTER at (36.5, 31.5)
2022-11-04 22:16:23.280 | 01:56   10ms  495M   90G  21/ 31U [GameAnalyzer] Known army advantage is now SlightAdvantage
2022-11-04 22:16:23.283 | 01:56   10ms  495M   90G  21/ 31U [BuildAddon] UnitTypeId.BARRACKSREACTOR to (42.0, 37.0)
2022-11-04 22:16:23.316 | 01:57   17ms  445M   40G  21/ 31U [Expand] Expanding to (36.5, 54.5)
2022-11-04 22:16:25.345 | 02:07   16ms   15M   72G  21/ 31U [ActUnit] SCV from COMMANDCENTER at (36.5, 31.5)
2022-11-04 22:16:26.376 | 02:13   13ms  110M   84G  22/ 31U [GameAnalyzer] Income advantage is now SlightDisadvantage
2022-11-04 22:16:26.414 | 02:13   16ms  110M   88G  22/ 31U [GameAnalyzer] Income advantage is now SmallDisadvantage
2022-11-04 22:16:27.433 | 02:19   14ms    0M    0G  22/ 31U [BuildGas] Building REFINERY to (29.5, 34.5)
2022-11-04 22:16:27.846 | 02:21   13ms    0M    8G  22/ 31U [ActUnit] SCV from COMMANDCENTER at (36.5, 31.5)
2022-11-04 22:16:28.004 | 02:21   17ms   15M    8G  23/ 31U [GameAnalyzer] Income advantage is now Even
2022-11-04 22:16:28.182 | 02:22   14ms   15M   12G  23/ 31U [GameAnalyzer] Income advantage is now SlightDisadvantage
2022-11-04 22:16:28.250 | 02:23   13ms   20M   12G  23/ 31U [GameAnalyzer] Income advantage is now Even
2022-11-04 22:16:28.976 | 02:26   15ms   65M   20G  23/ 31U [GameAnalyzer] Income advantage is now SlightDisadvantage
2022-11-04 22:16:29.070 | 02:26   15ms   65M   20G  23/ 31U [GameAnalyzer] Income advantage is now Even
2022-11-04 22:16:29.234 | 02:27   15ms  110M   24G  23/ 31U [GameAnalyzer] Known army advantage is now Even
2022-11-04 22:16:29.335 | 02:27   14ms  115M   24G  23/ 31U [GameAnalyzer] Income advantage is now SlightDisadvantage
2022-11-04 22:16:29.372 | 02:28   16ms  130M   24G  23/ 31U [GameAnalyzer] Income advantage is now Even
2022-11-04 22:16:29.672 | 02:29   16ms  140M   28G  23/ 31U [GameAnalyzer] Income advantage is now SlightDisadvantage
2022-11-04 22:16:29.707 | 02:29   15ms  145M   32G  23/ 31U [GameAnalyzer] Income advantage is now Even
2022-11-04 22:16:29.915 | INFO     | sc2.protocol:_execute:72 - Client status changed to Status.ended (was Status.in_game)
2022-11-04 22:16:29.917 | Result: Defeat
2022-11-04 22:16:29.918 | Duration: 02:30
2022-11-04 22:16:29.918 | Step time min: 5
2022-11-04 22:16:29.919 | Step time avg: 11
2022-11-04 22:16:29.920 | Step time max: 135
2022-11-04 22:16:29.920 | [LostUnitsContents] My lost units minerals and gas: (0, 0)
2022-11-04 22:16:29.921 | [LostUnitsContents] My lost units minerals by score: 0.0
2022-11-04 22:16:29.922 | [LostUnitsContents] Enemy lost units minerals and gas: (75, 0)
2022-11-04 22:16:29.923 | [LostUnitsContents] Enemy lost units minerals by score: 75.0
2022-11-04 22:16:29.923 | [GameAnalyzerEnd] Own units:
2022-11-04 22:16:29.924 | [GameAnalyzerEnd] SCV               total:  20 alive:  20 dead:   0 
2022-11-04 22:16:29.925 | [GameAnalyzerEnd] BARRACKS          total:   2 alive:   2 dead:   0 
2022-11-04 22:16:29.925 | [GameAnalyzerEnd] REFINERY          total:   2 alive:   2 dead:   0 
2022-11-04 22:16:29.926 | [GameAnalyzerEnd] SUPPLYDEPOT       total:   2 alive:   2 dead:   0 
2022-11-04 22:16:29.926 | [GameAnalyzerEnd] MULE              total:   1 alive:   1 dead:   0 
2022-11-04 22:16:29.930 | [GameAnalyzerEnd] REAPER            total:   1 alive:   1 dead:   0 
2022-11-04 22:16:29.931 | [GameAnalyzerEnd] FACTORY           total:   1 alive:   1 dead:   0 
2022-11-04 22:16:29.932 | [GameAnalyzerEnd] COMMANDCENTER     total:   1 alive:   1 dead:   0 
2022-11-04 22:16:29.933 | [GameAnalyzerEnd] ORBITALCOMMAND    total:   1 alive:   1 dead:   0 
2022-11-04 22:16:29.934 | [GameAnalyzerEnd] REACTOR           total:   1 alive:   1 dead:   0 
2022-11-04 22:16:29.935 | [GameAnalyzerEnd] Enemy units:
2022-11-04 22:16:29.935 | [GameAnalyzerEnd] DRONE             total:  19 alive:  18 dead:   1 
2022-11-04 22:16:29.936 | [GameAnalyzerEnd] HATCHERY          total:   2 alive:   2 dead:   0 
2022-11-04 22:16:29.937 | [GameAnalyzerEnd] OVERLORD          total:   2 alive:   2 dead:   0 
2022-11-04 22:16:29.937 | [GameAnalyzerEnd] EXTRACTOR         total:   2 alive:   2 dead:   0 
2022-11-04 22:16:29.938 | [GameAnalyzerEnd] ZERGLING          total:   2 alive:   1 dead:   1 
2022-11-04 22:16:29.939 | [GameAnalyzerEnd] SPAWNINGPOOL      total:   1 alive:   1 dead:   0 
2022-11-04 22:16:29.939 | [GameAnalyzerEnd] Minerals max 510 Average 168
2022-11-04 22:16:29.940 | [GameAnalyzerEnd] Vespene max 96 Average 25
2022-11-04 22:16:29.941 | INFO     | sc2.main:_play_game:228 - Result for player 1 - Bot Turtles(Terran): Defeat
2022-11-04 22:16:31.081 | INFO     | sc2.protocol:__request:48 - Cannot receive: Game has already ended.
2022-11-04 22:16:31.104 | INFO     | sc2.sc2process:_close_connection:231 - Closing connection at 61265...
2022-11-04 22:16:31.105 | INFO     | sc2.sc2process:kill_all:33 - kill_switch: Process cleanup for 1 processes
