2022-10-26 20:10:23.438 | INFO     | sc2.protocol:_execute:72 - Client status changed to Status.launched (was None)
2022-10-26 20:10:23.440 | INFO     | sc2.controller:create_game:37 - Creating new game
2022-10-26 20:10:23.442 | INFO     | sc2.controller:create_game:38 - Map:     BlackburnAIE
2022-10-26 20:10:23.443 | INFO     | sc2.controller:create_game:39 - Players: Bot Turtles(Terran), Computer VeryHard(Random, RandomBuild)
2022-10-26 20:10:23.445 | INFO     | sc2.protocol:_execute:72 - Client status changed to Status.init_game (was Status.launched)
2022-10-26 20:10:34.110 | INFO     | sc2.protocol:_execute:72 - Client status changed to Status.in_game (was None)
2022-10-26 20:10:34.112 | INFO     | sc2.main:_play_game:221 - Player 1 - Bot Turtles(Terran)
2022-10-26 20:10:34.677 | 00:00    0ms    0M    0G  12/ 15U [Version] 5.0.10.88500
2022-10-26 20:10:34.679 | 00:00    0ms    0M    0G  12/ 15U [Version] 5.0.6 Balance mod recognized.
2022-10-26 20:10:34.758 | 00:00    0ms    0M    0G  12/ 15U [ZoneManager] Map set to: MapName.Blackburn from name: Blackburn AIE and hash: 2657237.
2022-10-26 20:10:35.384 | [Start] My race: Terran
2022-10-26 20:10:35.385 | [Start] Opponent race: Random
2022-10-26 20:10:35.386 | [Start] OpponentId: None
2022-10-26 20:10:35.698 | 00:00    7ms    0M    0G  13/ 15U [GameAnalyzer] Income advantage is now SlightDisadvantage
2022-10-26 20:10:35.749 | 00:01    7ms    0M    0G  13/ 15U [GameAnalyzer] Income advantage is now Even
2022-10-26 20:10:37.390 | 00:15    7ms    5M    0G  13/ 15U [ActUnit] SCV from COMMANDCENTER at (147.5, 31.5)
2022-10-26 20:10:39.635 | 00:27    7ms  105M    0G  14/ 15U [ActUnit] SCV from COMMANDCENTER at (147.5, 31.5)
2022-10-26 20:10:41.101 | 00:37    8ms   15M    0G  15/ 23U [BuildGas] Building REFINERY to (144.5, 24.5)
2022-10-26 20:10:41.604 | 00:41    6ms    0M    0G  15/ 23U [ActUnit] SCV from COMMANDCENTER at (147.5, 31.5)
2022-10-26 20:10:43.081 | 00:53    8ms   95M    0G  16/ 23U [ActUnit] SCV from COMMANDCENTER at (147.5, 31.5)
2022-10-26 20:10:44.604 | 01:05    7ms  205M    4G  17/ 23U [ActUnit] SCV from COMMANDCENTER at (147.5, 31.5)
2022-10-26 20:10:46.217 | 01:14   20ms  315M   24G  18/ 23U [GameAnalyzer] Income advantage is now SmallAdvantage
2022-10-26 20:10:46.329 | 01:14   20ms  320M   28G  18/ 23U [GameAnalyzer] Income advantage is now SlightAdvantage
2022-10-26 20:10:46.433 | 01:15   20ms  320M   28G  18/ 23U [GameAnalyzer] Income advantage is now Even
2022-10-26 20:10:46.969 | 01:17   10ms  300M   36G  18/ 23U [ActUnit] SCV from COMMANDCENTER at (147.5, 31.5)
2022-10-26 20:10:47.358 | 01:20   11ms  335M   40G  19/ 23U [GameAnalyzer] Income advantage is now SlightDisadvantage
2022-10-26 20:10:47.384 | 01:20   12ms  340M   40G  19/ 23U [GameAnalyzer] Income advantage is now Even
2022-10-26 20:10:47.506 | 01:20   10ms  350M   44G  19/ 23U [GameAnalyzer] Income advantage is now SlightDisadvantage
2022-10-26 20:10:47.566 | 01:21   10ms  350M   44G  19/ 23U [GameAnalyzer] Income advantage is now Even
2022-10-26 20:10:47.631 | 01:21   12ms  360M   44G  19/ 23U [GameAnalyzer] Income advantage is now SlightDisadvantage
2022-10-26 20:10:47.749 | 01:22   10ms  370M   48G  19/ 23U [GameAnalyzer] Income advantage is now Even
2022-10-26 20:10:47.871 | 01:23   11ms  375M   48G  19/ 23U [GameAnalyzer] Income advantage is now SlightDisadvantage
2022-10-26 20:10:47.905 | 01:23   14ms  375M   48G  19/ 23U [GameAnalyzer] Income advantage is now Even
2022-10-26 20:10:47.934 | 01:23   13ms  375M   52G  19/ 23U [GameAnalyzer] Income advantage is now SlightDisadvantage
2022-10-26 20:10:48.036 | 01:23   10ms  185M    2G  19/ 23U [TerranUnit] REAPER from BARRACKS at (144.5, 37.5)
2022-10-26 20:10:48.159 | 01:24   11ms  355M    2G  20/ 23U [GameAnalyzer] Income advantage is now Even
2022-10-26 20:10:48.222 | 01:25   10ms  360M    6G  20/ 23U [GameAnalyzer] Income advantage is now SlightDisadvantage
2022-10-26 20:10:48.283 | 01:25   13ms  365M    6G  20/ 23U [GameAnalyzer] Income advantage is now Even
2022-10-26 20:10:48.439 | 01:26   12ms  370M    6G  20/ 23U [GameAnalyzer] Income advantage is now SlightDisadvantage
2022-10-26 20:10:48.498 | 01:26   11ms  380M   10G  20/ 23U [GameAnalyzer] Income advantage is now Even
2022-10-26 20:10:48.658 | 01:27   11ms  390M   10G  20/ 23U [GameAnalyzer] Income advantage is now SlightDisadvantage
2022-10-26 20:10:48.684 | 01:27   12ms  390M   10G  20/ 23U [GameAnalyzer] Income advantage is now Even
2022-10-26 20:10:48.779 | 01:28   11ms  395M   14G  20/ 23U [GameAnalyzer] Income advantage is now SlightDisadvantage
2022-10-26 20:10:48.905 | 01:28   10ms  405M   14G  20/ 23U [GameAnalyzer] Income advantage is now Even
2022-10-26 20:10:49.001 | 01:29   10ms  420M   18G  20/ 23U [GameAnalyzer] Income advantage is now SlightDisadvantage
2022-10-26 20:10:49.081 | 01:29   12ms  275M   18G  20/ 23U [GameAnalyzer] Income advantage is now Even
2022-10-26 20:10:49.234 | 01:30   11ms  285M   22G  20/ 23U [GameAnalyzer] Income advantage is now SlightDisadvantage
2022-10-26 20:10:49.295 | 01:31   10ms  290M   22G  20/ 23U [GameAnalyzer] Income advantage is now Even
2022-10-26 20:10:49.437 | 01:31   12ms  300M   22G  20/ 23U [GameAnalyzer] Income advantage is now SlightDisadvantage
2022-10-26 20:10:49.462 | 01:31   12ms  300M   22G  20/ 23U [GameAnalyzer] Income advantage is now Even
2022-10-26 20:10:49.878 | 01:34   13ms  340M   30G  20/ 23U [GameAnalyzer] Income advantage is now SlightDisadvantage
2022-10-26 20:10:49.913 | 01:34   12ms  345M   30G  20/ 23U [GameAnalyzer] Income advantage is now Even
2022-10-26 20:10:50.303 | 01:36   10ms  375M   38G  20/ 23U [GameAnalyzer] Income advantage is now SlightDisadvantage
2022-10-26 20:10:50.345 | 01:37   13ms  380M   38G  20/ 23U [GameAnalyzer] Income advantage is now Even
2022-10-26 20:10:50.509 | 01:38   11ms  395M   42G  20/ 23U [GameAnalyzer] Income advantage is now SlightDisadvantage
2022-10-26 20:10:50.539 | 01:38   12ms  400M   42G  20/ 23U [GameAnalyzer] Income advantage is now Even
2022-10-26 20:10:51.251 | 01:43   12ms  470M   54G  20/ 23U [GameAnalyzer] Income advantage is now SlightDisadvantage
2022-10-26 20:10:51.308 | 01:43   10ms  480M   54G  20/ 23U [GameAnalyzer] Income advantage is now Even
2022-10-26 20:10:51.822 | 01:46   12ms  530M   62G  20/ 23U [GameAnalyzer] Income advantage is now SlightDisadvantage
2022-10-26 20:10:51.880 | 01:47   10ms  540M   66G  20/ 23U [GameAnalyzer] Income advantage is now Even
2022-10-26 20:10:51.992 | 01:47   11ms  550M   66G  20/ 23U [GameAnalyzer] Income advantage is now SlightDisadvantage
2022-10-26 20:10:52.018 | 01:48   12ms  550M   66G  20/ 23U [GameAnalyzer] Income advantage is now Even
2022-10-26 20:10:52.188 | 01:49   10ms  570M   70G  20/ 23U [GameAnalyzer] Income advantage is now SlightDisadvantage
2022-10-26 20:10:52.213 | 01:49   12ms  580M   70G  20/ 23U [GameAnalyzer] Income advantage is now Even
2022-10-26 20:10:52.514 | 01:51   12ms  605M   74G  20/ 23U [Expand] Expanding to (147.5, 54.5)
2022-10-26 20:10:52.548 | 01:51   14ms  205M   74G  20/ 23U [GameAnalyzer] Income advantage is now SlightDisadvantage
2022-10-26 20:10:52.573 | 01:51   12ms  210M   78G  20/ 23U [GameAnalyzer] Income advantage is now Even
2022-10-26 20:10:53.016 | 01:54   10ms  205M   86G  20/ 23U [ActUnit] SCV from COMMANDCENTER at (147.5, 31.5)
2022-10-26 20:10:53.231 | 01:56   10ms  220M   90G  21/ 23U [GameAnalyzer] Known army advantage is now SlightAdvantage
2022-10-26 20:10:53.232 | 01:56   10ms  220M   90G  21/ 23U [GameAnalyzer] Predicted army advantage is now SlightAdvantage
2022-10-26 20:10:53.235 | 01:56   10ms  220M   90G  21/ 23U [BuildAddon] UnitTypeId.BARRACKSREACTOR to (147.0, 37.0)
2022-10-26 20:10:53.950 | 01:59   15ms   65M   48G  21/ 23U [GameAnalyzer] Income advantage is now SlightAdvantage
2022-10-26 20:10:55.079 | 02:05   14ms   45M   64G  21/ 23U [GameAnalyzer] Income advantage is now Even
2022-10-26 20:10:55.182 | 02:05   15ms   55M   64G  21/ 23U [GameAnalyzer] Income advantage is now SlightAdvantage
2022-10-26 20:10:55.249 | 02:06   14ms   60M   68G  21/ 23U [GameAnalyzer] Income advantage is now Even
2022-10-26 20:10:55.350 | 02:06   14ms   70M   68G  21/ 23U [GameAnalyzer] Income advantage is now SlightAdvantage
2022-10-26 20:10:55.352 | 02:06   14ms   20M   68G  21/ 23U [ActUnit] SCV from COMMANDCENTER at (147.5, 31.5)
2022-10-26 20:10:55.560 | 02:07   20ms   20M   72G  22/ 23U [GameAnalyzer] Income advantage is now Even
2022-10-26 20:10:55.691 | 02:08   14ms   40M   72G  22/ 23U [GameAnalyzer] Income advantage is now SlightAdvantage
2022-10-26 20:10:55.759 | 02:08   15ms   40M   72G  22/ 23U [GameAnalyzer] Income advantage is now Even
2022-10-26 20:10:55.883 | 02:09   15ms   45M   76G  22/ 23U [GameAnalyzer] Income advantage is now SlightAdvantage
2022-10-26 20:10:55.919 | 02:09   16ms   45M   76G  22/ 23U [GameAnalyzer] Income advantage is now Even
2022-10-26 20:10:55.950 | 02:09   15ms   50M   76G  22/ 23U [GameAnalyzer] Income advantage is now SlightAdvantage
2022-10-26 20:10:55.991 | 02:09   19ms   50M   76G  22/ 23U [GameAnalyzer] Income advantage is now Even
2022-10-26 20:10:56.093 | 02:10   15ms   70M   76G  22/ 23U [GameAnalyzer] Income advantage is now SlightAdvantage
2022-10-26 20:10:56.194 | 02:10   17ms   70M   80G  22/ 23U [GameAnalyzer] Income advantage is now Even
2022-10-26 20:10:56.223 | 02:11   14ms   75M   80G  22/ 23U [GameAnalyzer] Income advantage is now SlightAdvantage
2022-10-26 20:10:56.264 | 02:11   15ms   75M   80G  22/ 23U [GameAnalyzer] Income advantage is now Even
2022-10-26 20:10:56.325 | 02:11   13ms   80M   80G  22/ 23U [GameAnalyzer] Income advantage is now SlightAdvantage
2022-10-26 20:10:56.421 | 02:12   14ms   85M   84G  22/ 23U [GameAnalyzer] Income advantage is now Even
2022-10-26 20:10:56.457 | 02:12   15ms   85M   84G  22/ 23U [GameAnalyzer] Income advantage is now SlightAdvantage
2022-10-26 20:10:56.489 | 02:12   17ms   85M   84G  22/ 23U [GameAnalyzer] Income advantage is now Even
2022-10-26 20:10:56.556 | 02:12   15ms  100M   84G  22/ 23U [GameAnalyzer] Income advantage is now SlightAdvantage
2022-10-26 20:10:56.742 | 02:13   13ms  130M   88G  22/ 23U [GameAnalyzer] Income advantage is now Even
2022-10-26 20:10:56.898 | 02:14   14ms  150M   88G  22/ 23U [GameAnalyzer] Income advantage is now SlightAdvantage
2022-10-26 20:10:56.932 | 02:15   15ms  150M   92G  22/ 23U [GameAnalyzer] Income advantage is now Even
2022-10-26 20:10:57.072 | 02:15   15ms  165M   92G  22/ 23U [GameAnalyzer] Income advantage is now SlightAdvantage
2022-10-26 20:10:57.174 | 02:16   15ms  170M   92G  22/ 23U [GameAnalyzer] Income advantage is now Even
2022-10-26 20:10:57.240 | 02:16   14ms  180M   96G  22/ 23U [GameAnalyzer] Income advantage is now SlightAdvantage
2022-10-26 20:10:57.307 | 02:16   13ms  180M   96G  22/ 23U [GameAnalyzer] Income advantage is now Even
2022-10-26 20:10:57.338 | 02:17   15ms  190M   96G  22/ 23U [GameAnalyzer] Income advantage is now SlightAdvantage
2022-10-26 20:10:57.408 | 02:17   13ms  190M   96G  22/ 23U [GameAnalyzer] Income advantage is now Even
2022-10-26 20:10:57.521 | 02:18   13ms   45M    0G  22/ 23U [GameAnalyzer] Income advantage is now SlightAdvantage
2022-10-26 20:10:57.622 | 02:18   14ms   50M    0G  22/ 23U [GameAnalyzer] Income advantage is now Even
2022-10-26 20:10:57.699 | 02:18   16ms    0M    0G  22/ 23U [ActUnit] SCV from COMMANDCENTER at (147.5, 31.5)
2022-10-26 20:10:57.777 | 02:19   14ms   15M    0G  23/ 23U [GameAnalyzer] Income advantage is now SlightAdvantage
2022-10-26 20:10:57.886 | 02:19   13ms   20M    4G  23/ 23U [GameAnalyzer] Income advantage is now Even
2022-10-26 20:10:58.048 | 02:20   14ms   30M    4G  23/ 23U [GameAnalyzer] Income advantage is now SlightAdvantage
2022-10-26 20:10:58.200 | 02:21   15ms   60M    8G  23/ 23U [GameAnalyzer] Income advantage is now Even
2022-10-26 20:10:58.320 | 02:21   15ms   80M    8G  23/ 23U [GameAnalyzer] Income advantage is now SlightAdvantage
2022-10-26 20:10:58.323 | 02:21   15ms    5M    8G  23/ 23U [BuildGas] Building REFINERY to (154.5, 34.5)
2022-10-26 20:10:58.364 | 02:21   16ms    5M    8G  23/ 23U [GameAnalyzer] Income advantage is now Even
2022-10-26 20:10:58.395 | 02:21   15ms    5M    8G  23/ 23U [GameAnalyzer] Income advantage is now SlightAdvantage
2022-10-26 20:10:58.440 | 02:22   16ms    5M    8G  23/ 23U [GameAnalyzer] Income advantage is now Even
2022-10-26 20:10:58.588 | 02:22   13ms   10M   12G  23/ 23U [GameAnalyzer] Income advantage is now SlightAdvantage
2022-10-26 20:10:58.625 | 02:23   16ms   10M   12G  23/ 23U [GameAnalyzer] Income advantage is now Even
2022-10-26 20:10:58.667 | 02:23   17ms   15M   12G  23/ 23U [GameAnalyzer] Income advantage is now SlightAdvantage
2022-10-26 20:10:58.704 | 02:23   15ms   15M   12G  23/ 23U [GameAnalyzer] Income advantage is now Even
2022-10-26 20:10:58.933 | 02:24   14ms   35M   16G  23/ 23U [GameAnalyzer] Income advantage is now SlightAdvantage
2022-10-26 20:10:59.080 | 02:25   14ms   40M   16G  23/ 23U [GameAnalyzer] Income advantage is now Even
2022-10-26 20:10:59.551 | 02:26   17ms   65M   24G  23/ 23U [GameAnalyzer] Income advantage is now SlightAdvantage
2022-10-26 20:10:59.637 | 02:27   43ms   90M   24G  23/ 23U [GameAnalyzer] Income advantage is now Even
2022-10-26 20:10:59.870 | 02:28   16ms  110M   24G  23/ 23U [GameAnalyzer] Income advantage is now SlightAdvantage
2022-10-26 20:10:59.906 | 02:28   15ms  110M   28G  23/ 23U [GameAnalyzer] Income advantage is now Even
2022-10-26 20:11:00.200 | 02:29   16ms  125M   28G  23/ 31U [GameAnalyzer] Income advantage is now SlightAdvantage
2022-10-26 20:11:00.328 | 02:30   14ms  130M   32G  23/ 31U [GameAnalyzer] Income advantage is now Even
2022-10-26 20:11:00.501 | 02:30   15ms  140M   32G  23/ 31U [GameAnalyzer] Income advantage is now SlightAdvantage
2022-10-26 20:11:00.629 | 02:31   15ms  140M   32G  23/ 31U [GameAnalyzer] Income advantage is now Even
2022-10-26 20:11:00.630 | 02:31   15ms   90M   32G  23/ 31U [ActUnit] SCV from COMMANDCENTER at (147.5, 31.5)
2022-10-26 20:11:00.710 | 02:31   16ms  100M   36G  24/ 31U [GameAnalyzer] Income advantage is now SlightAdvantage
2022-10-26 20:11:00.855 | 02:31   14ms   60M   36G  24/ 31U [TerranUnit] MARINE from BARRACKS at (144.5, 37.5)
2022-10-26 20:11:00.919 | 02:32   18ms   60M   36G  25/ 31U [GameAnalyzer] Income advantage is now Even
2022-10-26 20:11:00.922 | 02:32   18ms   10M   36G  25/ 31U [TerranUnit] MARINE from BARRACKS at (144.5, 37.5)
2022-10-26 20:11:01.055 | 02:32   15ms   20M   40G  26/ 31U [GameAnalyzer] Income advantage is now SlightAdvantage
2022-10-26 20:11:01.108 | 02:32   17ms   20M   40G  26/ 31U [GameAnalyzer] Income advantage is now Even
2022-10-26 20:11:01.642 | 02:35   15ms   75M   44G  26/ 31U [GameAnalyzer] Known army advantage is now SlightDisadvantage
2022-10-26 20:11:01.644 | 02:35   15ms   75M   44G  26/ 31U [GameAnalyzer] Predicted army advantage is now SmallDisadvantage
2022-10-26 20:11:01.783 | 02:35   16ms   80M   48G  26/ 31U [GameAnalyzer] Income advantage is now SlightAdvantage
2022-10-26 20:11:01.824 | 02:35   16ms   80M   48G  26/ 31U [GameAnalyzer] Income advantage is now Even
2022-10-26 20:11:02.373 | 02:38   14ms  120M   52G  26/ 31U [GameAnalyzer] Income advantage is now SlightAdvantage
2022-10-26 20:11:02.429 | 02:38   17ms  120M   52G  26/ 31U [GameAnalyzer] Income advantage is now Even
2022-10-26 20:11:02.742 | 02:39   18ms  135M   56G  26/ 31U [GameAnalyzer] Income advantage is now SlightAdvantage
2022-10-26 20:11:02.789 | 02:39   22ms  140M   56G  26/ 31U [GameAnalyzer] Income advantage is now Even
2022-10-26 20:11:03.024 | 02:40   17ms  175M   60G  26/ 31U [GameAnalyzer] Predicted army advantage is now ClearDisadvantage
2022-10-26 20:11:03.064 | 02:40   19ms  175M   60G  26/ 31U [GameAnalyzer] Income advantage is now SlightAdvantage
2022-10-26 20:11:03.137 | 02:40   17ms  175M   60G  26/ 31U [GameAnalyzer] Income advantage is now Even
2022-10-26 20:11:03.303 | 02:41   17ms  190M   64G  26/ 31U [GameAnalyzer] Income advantage is now SlightAdvantage
2022-10-26 20:11:03.388 | 02:41   16ms  195M   64G  26/ 31U [GameAnalyzer] Income advantage is now Even
2022-10-26 20:11:03.598 | 02:42   16ms  210M   64G  26/ 31U [GameAnalyzer] Income advantage is now SlightAdvantage
2022-10-26 20:11:03.690 | 02:43   18ms  210M   68G  26/ 31U [GameAnalyzer] Income advantage is now Even
2022-10-26 20:11:03.746 | 02:43   17ms  160M   68G  26/ 31U [ActUnit] SCV from COMMANDCENTER at (147.5, 31.5)
2022-10-26 20:11:03.825 | 02:43   16ms  165M   68G  27/ 31U [GameAnalyzer] Income advantage is now SlightAdvantage
2022-10-26 20:11:04.994 | 02:49   12ms  235M   88G  26/ 31U [TerranUnit] MARINE from BARRACKS at (144.5, 37.5)
2022-10-26 20:11:05.028 | 02:50   17ms  190M   88G  27/ 31U [TerranUnit] MARINE from BARRACKS at (144.5, 37.5)
2022-10-26 20:11:05.196 | 02:50   15ms  205M   92G  28/ 31U [GameAnalyzer] Income advantage is now Even
2022-10-26 20:11:05.234 | 02:51   18ms  205M   92G  28/ 31U [GameAnalyzer] Income advantage is now SlightAdvantage
2022-10-26 20:11:05.271 | 02:51   16ms  205M   92G  28/ 31U [GameAnalyzer] Income advantage is now Even
2022-10-26 20:11:05.315 | 02:51   16ms  210M   92G  28/ 31U [GameAnalyzer] Income advantage is now SlightAdvantage
2022-10-26 20:11:05.495 | 02:52   15ms  225M   96G  28/ 31U [GameAnalyzer] Income advantage is now Even
2022-10-26 20:11:05.637 | 02:53   15ms  260M  100G  28/ 31U [GameAnalyzer] Income advantage is now SlightAdvantage
2022-10-26 20:11:05.753 | 02:53   16ms  265M  104G  28/ 31U [GameAnalyzer] Income advantage is now Even
2022-10-26 20:11:05.820 | 02:53   15ms  270M  104G  28/ 31U [GameAnalyzer] Income advantage is now SlightAdvantage
2022-10-26 20:11:05.901 | 02:54   19ms  275M  104G  28/ 31U [GameAnalyzer] Income advantage is now Even
2022-10-26 20:11:06.043 | 02:55   15ms  295M  112G  28/ 31U [GameAnalyzer] Income advantage is now SlightAdvantage
2022-10-26 20:11:06.123 | 02:55   15ms  245M  112G  28/ 31U [ActUnit] SCV from COMMANDCENTER at (147.5, 31.5)
2022-10-26 20:11:06.200 | 02:55   17ms  250M  112G  29/ 31U [GameAnalyzer] Income advantage is now Even
2022-10-26 20:11:06.271 | 02:56   15ms  250M  112G  29/ 31U [GameAnalyzer] Income advantage is now SlightAdvantage
2022-10-26 20:11:06.373 | 02:56   13ms  265M  120G  29/ 31U [GameAnalyzer] Income advantage is now Even
2022-10-26 20:11:06.414 | 02:56   16ms  265M  120G  29/ 31U [GameAnalyzer] Income advantage is now SlightAdvantage
2022-10-26 20:11:06.547 | 02:57   18ms  275M  124G  29/ 31U [GameAnalyzer] Income advantage is now Even
2022-10-26 20:11:06.582 | 02:57   16ms  275M  128G  29/ 31U [GameAnalyzer] Income advantage is now SlightAdvantage
2022-10-26 20:11:06.661 | 02:58   17ms  280M  128G  29/ 31U [GameAnalyzer] Income advantage is now Even
2022-10-26 20:11:06.701 | 02:58   16ms  280M  128G  29/ 31U [GameAnalyzer] Income advantage is now SlightAdvantage
2022-10-26 20:11:06.809 | 02:58   15ms  290M  128G  29/ 31U [GameAnalyzer] Income advantage is now Even
2022-10-26 20:11:06.878 | 02:59   17ms  320M  136G  29/ 31U [GameAnalyzer] Income advantage is now SlightAdvantage
2022-10-26 20:11:06.979 | 02:59   15ms  330M  136G  29/ 31U [GameAnalyzer] Income advantage is now Even
2022-10-26 20:11:07.009 | 02:59   14ms  335M  136G  29/ 31U [GameAnalyzer] Income advantage is now SlightAdvantage
2022-10-26 20:11:07.073 | 03:00   15ms  340M  136G  29/ 31U [GameAnalyzer] Income advantage is now Even
2022-10-26 20:11:07.109 | 03:00   15ms  340M  136G  29/ 31U [GameAnalyzer] Income advantage is now SlightAdvantage
2022-10-26 20:11:07.205 | 03:00   14ms  350M  144G  29/ 31U [GameAnalyzer] Income advantage is now Even
2022-10-26 20:11:07.303 | 03:01   13ms  360M  144G  29/ 31U [GameAnalyzer] Income advantage is now SlightAdvantage
2022-10-26 20:11:07.465 | 03:02   15ms  370M  152G  29/ 31U [GameAnalyzer] Income advantage is now Even
2022-10-26 20:11:07.537 | 03:02   14ms  370M  152G  29/ 31U [GameAnalyzer] Income advantage is now SlightAdvantage
2022-10-26 20:11:08.226 | 03:05   13ms  455M  168G  29/ 31U [GameAnalyzer] Income advantage is now Even
2022-10-26 20:11:08.291 | 03:06   14ms  470M  168G  29/ 31U [GameAnalyzer] Income advantage is now SlightAdvantage
2022-10-26 20:11:08.525 | 03:07   14ms  445M  176G  29/ 31U [ActUnit] SCV from COMMANDCENTER at (147.5, 31.5)
2022-10-26 20:11:08.559 | 03:07   17ms  400M  176G  30/ 31U [TerranUnit] MARINE from BARRACKS at (144.5, 37.5)
2022-10-26 20:11:08.598 | 03:07   17ms  405M  180G  31/ 31U [GameAnalyzer] Known army advantage is now Even
2022-10-26 20:11:08.739 | 03:08   14ms  425M  184G  31/ 31U [GameAnalyzer] Income advantage is now Even
2022-10-26 20:11:08.793 | INFO     | sc2.protocol:_execute:72 - Client status changed to Status.ended (was Status.in_game)
2022-10-26 20:11:08.796 | Result: Defeat
2022-10-26 20:11:08.802 | Duration: 03:08
2022-10-26 20:11:08.803 | Step time min: 5
2022-10-26 20:11:08.804 | Step time avg: 12
2022-10-26 20:11:08.804 | Step time max: 124
2022-10-26 20:11:08.805 | [LostUnitsContents] My lost units minerals and gas: (50, 50)
2022-10-26 20:11:08.806 | [LostUnitsContents] My lost units minerals by score: 50.0
2022-10-26 20:11:08.807 | [LostUnitsContents] Enemy lost units minerals and gas: (50, 0)
2022-10-26 20:11:08.807 | [LostUnitsContents] Enemy lost units minerals by score: 50.0
2022-10-26 20:11:08.809 | [GameAnalyzerEnd] Own units:
2022-10-26 20:11:08.809 | [GameAnalyzerEnd] SCV               total:  23 alive:  23 dead:   0 
2022-10-26 20:11:08.810 | [GameAnalyzerEnd] MARINE            total:   4 alive:   4 dead:   0 
2022-10-26 20:11:08.811 | [GameAnalyzerEnd] SUPPLYDEPOT       total:   2 alive:   2 dead:   0 
2022-10-26 20:11:08.812 | [GameAnalyzerEnd] MULE              total:   2 alive:   2 dead:   0 
2022-10-26 20:11:08.815 | [GameAnalyzerEnd] REFINERY          total:   2 alive:   2 dead:   0 
2022-10-26 20:11:08.816 | [GameAnalyzerEnd] BARRACKS          total:   2 alive:   2 dead:   0 
2022-10-26 20:11:08.817 | [GameAnalyzerEnd] ORBITALCOMMAND    total:   1 alive:   1 dead:   0 
2022-10-26 20:11:08.818 | [GameAnalyzerEnd] COMMANDCENTER     total:   1 alive:   1 dead:   0 
2022-10-26 20:11:08.819 | [GameAnalyzerEnd] REACTOR           total:   1 alive:   1 dead:   0 
2022-10-26 20:11:08.819 | [GameAnalyzerEnd] FACTORY           total:   1 alive:   1 dead:   0 
2022-10-26 20:11:08.820 | [GameAnalyzerEnd] REAPER            total:   1 alive:   0 dead:   1 
2022-10-26 20:11:08.821 | [GameAnalyzerEnd] Enemy units:
2022-10-26 20:11:08.822 | [GameAnalyzerEnd] PROBE             total:  26 alive:  25 dead:   1 
2022-10-26 20:11:08.823 | [GameAnalyzerEnd] PYLON             total:   3 alive:   3 dead:   0 
2022-10-26 20:11:08.823 | [GameAnalyzerEnd] GATEWAY           total:   2 alive:   2 dead:   0 
2022-10-26 20:11:08.824 | [GameAnalyzerEnd] ASSIMILATOR       total:   2 alive:   2 dead:   0 
2022-10-26 20:11:08.825 | [GameAnalyzerEnd] ZEALOT            total:   2 alive:   2 dead:   0 
2022-10-26 20:11:08.826 | [GameAnalyzerEnd] NEXUS             total:   1 alive:   1 dead:   0 
2022-10-26 20:11:08.826 | [GameAnalyzerEnd] CYBERNETICSCORE   total:   1 alive:   1 dead:   0 
2022-10-26 20:11:08.829 | [GameAnalyzerEnd] Minerals max 590 Average 191
2022-10-26 20:11:08.830 | [GameAnalyzerEnd] Vespene max 184 Average 39
2022-10-26 20:11:08.831 | INFO     | sc2.main:_play_game:228 - Result for player 1 - Bot Turtles(Terran): Defeat
2022-10-26 20:11:09.832 | INFO     | sc2.protocol:__request:48 - Cannot receive: Game has already ended.
2022-10-26 20:11:09.833 | INFO     | sc2.sc2process:_close_connection:231 - Closing connection at 49585...
2022-10-26 20:11:09.835 | INFO     | sc2.sc2process:kill_all:33 - kill_switch: Process cleanup for 1 processes
