2022-12-02 19:08:19.807 | INFO     | sc2.protocol:_execute:72 - Client status changed to Status.launched (was None)
2022-12-02 19:08:19.809 | INFO     | sc2.controller:create_game:37 - Creating new game
2022-12-02 19:08:19.810 | INFO     | sc2.controller:create_game:38 - Map:     RomanticideAIE
2022-12-02 19:08:19.811 | INFO     | sc2.controller:create_game:39 - Players: Bot Turtles(Terran), Computer VeryHard(Random, RandomBuild)
2022-12-02 19:08:19.813 | INFO     | sc2.protocol:_execute:72 - Client status changed to Status.init_game (was Status.launched)
2022-12-02 19:08:53.415 | INFO     | sc2.protocol:_execute:72 - Client status changed to Status.in_game (was None)
2022-12-02 19:08:53.418 | INFO     | sc2.main:_play_game:221 - Player 1 - Bot Turtles(Terran)
2022-12-02 19:08:54.031 | 00:00    0ms    0M    0G  12/ 15U [Version] 5.0.10.89165
2022-12-02 19:08:54.032 | 00:00    0ms    0M    0G  12/ 15U [Version] 5.0.6 Balance mod recognized.
2022-12-02 19:08:54.105 | 00:00    0ms    0M    0G  12/ 15U [ZoneManager] Map set to: MapName.RomanticideLE from name: Romanticide AIE and hash: 3756032.
2022-12-02 19:08:54.892 | [Start] My race: Terran
2022-12-02 19:08:54.894 | [Start] Opponent race: Random
2022-12-02 19:08:54.894 | [Start] OpponentId: None
2022-12-02 19:08:55.152 | 00:00    7ms    0M    0G  13/ 15U [GameAnalyzer] Income advantage is now SlightDisadvantage
2022-12-02 19:08:55.218 | 00:01    7ms    0M    0G  13/ 15U [GameAnalyzer] Income advantage is now Even
2022-12-02 19:08:56.661 | 00:14    6ms    0M    0G  13/ 15U [ActUnit] SCV from COMMANDCENTER at (41.5, 135.5)
2022-12-02 19:08:57.998 | 00:26    8ms  100M    0G  14/ 15U [ActUnit] SCV from COMMANDCENTER at (41.5, 135.5)
2022-12-02 19:08:59.388 | 00:38    7ms    5M    0G  15/ 23U [BuildGas] Building REFINERY to (45.5, 142.5)
2022-12-02 19:08:59.803 | 00:40    7ms    0M    0G  15/ 23U [ActUnit] SCV from COMMANDCENTER at (41.5, 135.5)
2022-12-02 19:09:00.717 | INFO     | sc2.protocol:_execute:72 - Client status changed to Status.ended (was Status.in_game)
2022-12-02 19:09:00.719 | Result: Defeat
2022-12-02 19:09:00.720 | Duration: 00:47
2022-12-02 19:09:00.720 | Step time min: 6
2022-12-02 19:09:00.721 | Step time avg: 8
2022-12-02 19:09:00.722 | Step time max: 85
2022-12-02 19:09:00.723 | [LostUnitsContents] My lost units minerals and gas: (0, 0)
2022-12-02 19:09:00.724 | [LostUnitsContents] My lost units minerals by score: 0.0
2022-12-02 19:09:00.725 | [LostUnitsContents] Enemy lost units minerals and gas: (0, 0)
2022-12-02 19:09:00.727 | [LostUnitsContents] Enemy lost units minerals by score: 0.0
2022-12-02 19:09:00.728 | [GameAnalyzerEnd] Own units:
2022-12-02 19:09:00.729 | [GameAnalyzerEnd] SCV               total:  15 alive:  15 dead:   0 
2022-12-02 19:09:00.730 | [GameAnalyzerEnd] COMMANDCENTER     total:   1 alive:   1 dead:   0 
2022-12-02 19:09:00.730 | [GameAnalyzerEnd] SUPPLYDEPOT       total:   1 alive:   1 dead:   0 
2022-12-02 19:09:00.731 | [GameAnalyzerEnd] REFINERY          total:   1 alive:   1 dead:   0 
2022-12-02 19:09:00.732 | [GameAnalyzerEnd] BARRACKS          total:   1 alive:   1 dead:   0 
2022-12-02 19:09:00.732 | [GameAnalyzerEnd] Enemy units:
2022-12-02 19:09:00.733 | [GameAnalyzerEnd] Minerals max 230 Average 71
2022-12-02 19:09:00.734 | [GameAnalyzerEnd] Vespene max 0 Average 0
2022-12-02 19:09:00.734 | INFO     | sc2.main:_play_game:228 - Result for player 1 - Bot Turtles(Terran): Defeat
2022-12-02 19:09:01.902 | INFO     | sc2.protocol:__request:48 - Cannot receive: Game has already ended.
2022-12-02 19:09:01.904 | INFO     | sc2.sc2process:_close_connection:231 - Closing connection at 53155...
2022-12-02 19:09:01.905 | INFO     | sc2.sc2process:kill_all:33 - kill_switch: Process cleanup for 1 processes
