2022-11-04 22:18:17.668 | INFO     | sc2.protocol:_execute:72 - Client status changed to Status.launched (was None)
2022-11-04 22:18:17.670 | INFO     | sc2.controller:create_game:37 - Creating new game
2022-11-04 22:18:17.671 | INFO     | sc2.controller:create_game:38 - Map:     OxideAIE
2022-11-04 22:18:17.673 | INFO     | sc2.controller:create_game:39 - Players: Bot Turtles(Terran), Computer VeryHard(Random, RandomBuild)
2022-11-04 22:18:17.675 | INFO     | sc2.protocol:_execute:72 - Client status changed to Status.init_game (was Status.launched)
2022-11-04 22:18:25.807 | INFO     | sc2.protocol:_execute:72 - Client status changed to Status.in_game (was None)
2022-11-04 22:18:25.810 | INFO     | sc2.main:_play_game:221 - Player 1 - Bot Turtles(Terran)
2022-11-04 22:18:26.359 | 00:00    0ms    0M    0G  12/ 15U [Version] 5.0.10.88500
2022-11-04 22:18:26.361 | 00:00    0ms    0M    0G  12/ 15U [Version] 5.0.6 Balance mod recognized.
2022-11-04 22:18:26.430 | 00:00    0ms    0M    0G  12/ 15U [ZoneManager] Map set to: MapName.Oxide from name: Oxide AIE and hash: 3281780.
2022-11-04 22:18:27.214 | [Start] My race: Terran
2022-11-04 22:18:27.216 | [Start] Opponent race: Random
2022-11-04 22:18:27.216 | [Start] OpponentId: None
2022-11-04 22:18:27.375 | 00:00    6ms    0M    0G  13/ 15U [GameAnalyzer] Income advantage is now SlightDisadvantage
2022-11-04 22:18:27.473 | 00:01    8ms    0M    0G  13/ 15U [GameAnalyzer] Income advantage is now Even
2022-11-04 22:18:28.325 | 00:09    6ms   85M    0G  13/ 15U [GameAnalyzer] Income advantage is now SlightDisadvantage
2022-11-04 22:18:28.344 | 00:09    9ms   85M    0G  13/ 15U [GameAnalyzer] Income advantage is now Even
2022-11-04 22:18:28.896 | 00:15    6ms    0M    0G  13/ 15U [ActUnit] SCV from COMMANDCENTER at (44.5, 56.5)
2022-11-04 22:18:30.291 | 00:26   10ms  140M    0G  14/ 15U [GameAnalyzer] Income advantage is now SlightDisadvantage
2022-11-04 22:18:30.323 | 00:26    8ms  150M    0G  14/ 15U [GameAnalyzer] Income advantage is now Even
2022-11-04 22:18:30.405 | 00:27   12ms  115M    0G  14/ 15U [ActUnit] SCV from COMMANDCENTER at (44.5, 56.5)
2022-11-04 22:18:31.864 | 00:36   10ms    0M    0G  15/ 23U [BuildGas] Building REFINERY to (48.5, 49.5)
2022-11-04 22:18:32.370 | 00:40    8ms    0M    0G  15/ 23U [ActUnit] SCV from COMMANDCENTER at (44.5, 56.5)
2022-11-04 22:18:33.980 | 00:52    8ms  100M    0G  16/ 23U [ActUnit] SCV from COMMANDCENTER at (44.5, 56.5)
2022-11-04 22:18:35.465 | 01:04    7ms  200M    4G  17/ 23U [ActUnit] SCV from COMMANDCENTER at (44.5, 56.5)
