2022-11-04 11:30:37.119 | INFO     | sc2.protocol:_execute:72 - Client status changed to Status.launched (was None)
2022-11-04 11:30:37.121 | INFO     | sc2.controller:create_game:37 - Creating new game
2022-11-04 11:30:37.123 | INFO     | sc2.controller:create_game:38 - Map:     LightshadeAIE
2022-11-04 11:30:37.124 | INFO     | sc2.controller:create_game:39 - Players: Bot Turtles(Terran), Computer VeryHard(Random, RandomBuild)
2022-11-04 11:30:37.127 | INFO     | sc2.protocol:_execute:72 - Client status changed to Status.init_game (was Status.launched)
2022-11-04 11:30:44.904 | INFO     | sc2.protocol:_execute:72 - Client status changed to Status.in_game (was None)
2022-11-04 11:30:44.906 | INFO     | sc2.main:_play_game:221 - Player 1 - Bot Turtles(Terran)
2022-11-04 11:30:45.662 | 00:00    0ms    0M    0G  12/ 15U [Version] 5.0.10.88500
2022-11-04 11:30:45.663 | 00:00    0ms    0M    0G  12/ 15U [Version] 5.0.6 Balance mod recognized.
2022-11-04 11:30:45.741 | 00:00    0ms    0M    0G  12/ 15U [ZoneManager] Map set to: MapName.Lightshade from name: Lightshade AIE and hash: 3553876.
2022-11-04 11:30:46.384 | [Start] My race: Terran
2022-11-04 11:30:46.386 | [Start] Opponent race: Random
2022-11-04 11:30:46.386 | [Start] OpponentId: None
2022-11-04 11:30:46.706 | 00:00    8ms    0M    0G  13/ 15U [GameAnalyzer] Income advantage is now SlightDisadvantage
2022-11-04 11:30:46.779 | 00:01    8ms    0M    0G  13/ 15U [GameAnalyzer] Income advantage is now Even
2022-11-04 11:30:47.869 | 00:11    6ms    0M    0G  13/ 15U [GameAnalyzer] Income advantage is now SlightDisadvantage
2022-11-04 11:30:47.893 | 00:11    8ms    0M    0G  13/ 15U [GameAnalyzer] Income advantage is now Even
2022-11-04 11:30:48.324 | 00:15    6ms    0M    0G  13/ 15U [ActUnit] SCV from COMMANDCENTER at (143.5, 32.5)
2022-11-04 11:30:49.724 | 00:27    8ms  105M    0G  14/ 15U [ActUnit] SCV from COMMANDCENTER at (143.5, 32.5)
2022-11-04 11:30:51.164 | 00:38    7ms   20M    0G  15/ 23U [BuildGas] Building REFINERY to (150.5, 35.5)
2022-11-04 11:30:51.473 | 00:40    8ms    0M    0G  15/ 23U [ActUnit] SCV from COMMANDCENTER at (143.5, 32.5)
2022-11-04 11:30:52.919 | 00:53    7ms   85M    0G  16/ 23U [ActUnit] SCV from COMMANDCENTER at (143.5, 32.5)
2022-11-04 11:30:54.693 | 01:05    7ms  185M    4G  17/ 23U [ActUnit] SCV from COMMANDCENTER at (143.5, 32.5)
2022-11-04 11:30:56.108 | 01:11   21ms  265M   20G  18/ 23U [GameAnalyzer] Income advantage is now SmallDisadvantage
2022-11-04 11:30:56.695 | 01:14   23ms  290M   24G  18/ 23U [GameAnalyzer] Income advantage is now SlightDisadvantage
2022-11-04 11:30:56.757 | 01:14   21ms  290M   24G  18/ 23U [GameAnalyzer] Income advantage is now SmallDisadvantage
2022-11-04 11:30:56.970 | 01:15   20ms  300M   28G  18/ 23U [GameAnalyzer] Income advantage is now Even
2022-11-04 11:30:57.249 | 01:15   33ms  310M   28G  18/ 23U [GameAnalyzer] Income advantage is now SlightDisadvantage
2022-11-04 11:30:57.469 | 01:17   11ms  290M   32G  18/ 23U [ActUnit] SCV from COMMANDCENTER at (143.5, 32.5)
2022-11-04 11:30:57.503 | 01:17   11ms  295M   32G  19/ 23U [GameAnalyzer] Predicted army advantage is now SlightDisadvantage
2022-11-04 11:30:57.741 | 01:19    9ms  300M   40G  19/ 23U [GameAnalyzer] Income advantage is now Even
2022-11-04 11:30:57.768 | 01:19   10ms  305M   40G  19/ 23U [GameAnalyzer] Income advantage is now SlightDisadvantage
2022-11-04 11:30:57.952 | 01:20    9ms  325M   40G  19/ 23U [GameAnalyzer] Income advantage is now Even
2022-11-04 11:30:57.984 | 01:20   14ms  325M   44G  19/ 23U [GameAnalyzer] Income advantage is now SlightDisadvantage
2022-11-04 11:30:58.100 | 01:21   10ms  325M   44G  19/ 23U [GameAnalyzer] Income advantage is now SmallDisadvantage
2022-11-04 11:30:58.656 | 01:24   12ms  180M    2G  19/ 23U [TerranUnit] REAPER from BARRACKS at (135.5, 33.5)
2022-11-04 11:31:03.280 | 01:54   10ms  465M   86G  20/ 31U [ActUnit] SCV from COMMANDCENTER at (143.5, 32.5)
2022-11-04 11:31:03.753 | 01:56   11ms  495M   90G  21/ 31U [GameAnalyzer] Known army advantage is now SlightAdvantage
2022-11-04 11:31:03.756 | 01:56   11ms  495M   90G  21/ 31U [BuildAddon] UnitTypeId.BARRACKSREACTOR to (138.0, 33.0)
2022-11-04 11:31:03.789 | 01:57   19ms  450M   40G  21/ 31U [Expand] Expanding to (145.5, 61.5)
2022-11-04 11:31:06.003 | 02:08   14ms    5M   72G  21/ 31U [ActUnit] SCV from COMMANDCENTER at (143.5, 32.5)
2022-11-04 11:31:08.324 | 02:20   13ms    5M    4G  22/ 31U [ActUnit] SCV from COMMANDCENTER at (143.5, 32.5)
2022-11-04 11:31:08.769 | 02:22   13ms   65M    8G  23/ 31U [GameAnalyzer] Income advantage is now Even
2022-11-04 11:31:08.838 | 02:22   14ms   65M   12G  23/ 31U [GameAnalyzer] Income advantage is now SlightDisadvantage
2022-11-04 11:31:08.866 | 02:22   14ms   65M   12G  23/ 31U [GameAnalyzer] Income advantage is now Even
2022-11-04 11:31:08.906 | 02:23   14ms    0M   12G  23/ 31U [BuildGas] Building REFINERY to (139.5, 25.5)
2022-11-04 11:31:09.459 | 02:25   12ms   35M   20G  23/ 31U [GameAnalyzer] Income advantage is now SlightDisadvantage
2022-11-04 11:31:09.495 | 02:25   16ms   45M   20G  23/ 31U [GameAnalyzer] Income advantage is now Even
2022-11-04 11:31:09.784 | 02:27   14ms   55M   24G  23/ 31U [GameAnalyzer] Income advantage is now SlightDisadvantage
2022-11-04 11:31:09.827 | 02:27   24ms   65M   24G  23/ 31U [GameAnalyzer] Income advantage is now Even
2022-11-04 11:31:09.915 | 02:28   13ms   75M   24G  23/ 31U [GameAnalyzer] Income advantage is now SlightDisadvantage
2022-11-04 11:31:09.956 | 02:28   17ms  105M   28G  23/ 31U [GameAnalyzer] Income advantage is now Even
2022-11-04 11:31:10.331 | 02:30   13ms  125M   32G  23/ 31U [GameAnalyzer] Income advantage is now SlightDisadvantage
2022-11-04 11:31:10.368 | 02:30   15ms  130M   32G  23/ 31U [GameAnalyzer] Income advantage is now Even
2022-11-04 11:31:10.616 | 02:31   14ms  145M   36G  23/ 31U [GameAnalyzer] Income advantage is now SlightDisadvantage
2022-11-04 11:31:10.713 | 02:32   14ms  155M   36G  23/ 31U [GameAnalyzer] Income advantage is now Even
2022-11-04 11:31:10.755 | 02:32   16ms  165M   36G  23/ 31U [GameAnalyzer] Known army advantage is now Even
2022-11-04 11:31:10.757 | 02:32   16ms  115M   36G  23/ 31U [ActUnit] SCV from COMMANDCENTER at (143.5, 32.5)
2022-11-04 11:31:10.864 | 02:32   13ms  120M   36G  24/ 31U [GameAnalyzer] Income advantage is now SlightDisadvantage
2022-11-04 11:31:10.868 | 02:32   13ms   70M   36G  24/ 31U [TerranUnit] MARINE from BARRACKS at (135.5, 33.5)
2022-11-04 11:31:10.901 | 02:32   19ms   25M   40G  25/ 31U [TerranUnit] MARINE from BARRACKS at (135.5, 33.5)
2022-11-04 11:31:10.970 | 02:33   14ms   25M   40G  26/ 31U [GameAnalyzer] Income advantage is now Even
2022-11-04 11:31:11.595 | 02:36   15ms   85M   48G  26/ 31U [GameAnalyzer] Income advantage is now SlightDisadvantage
2022-11-04 11:31:11.669 | 02:36   14ms   85M   48G  26/ 31U [GameAnalyzer] Income advantage is now SmallDisadvantage
2022-11-04 11:31:11.708 | 02:36   16ms   95M   48G  26/ 31U [GameAnalyzer] Income advantage is now SlightDisadvantage
2022-11-04 11:31:11.942 | 02:37   15ms   20M   52G  26/ 31U [GameAnalyzer] Income advantage is now Even
2022-11-04 11:31:11.977 | 02:37   16ms   25M   52G  26/ 31U [GameAnalyzer] Income advantage is now SlightDisadvantage
2022-11-04 11:31:12.046 | 02:38   15ms   25M   52G  26/ 31U [GameAnalyzer] Income advantage is now Even
2022-11-04 11:31:12.114 | 02:38   14ms   25M   52G  26/ 31U [GameAnalyzer] Income advantage is now SlightDisadvantage
2022-11-04 11:31:12.315 | 02:39   14ms   40M   56G  26/ 31U [GameAnalyzer] Income advantage is now Even
2022-11-04 11:31:12.385 | 02:40   14ms   45M   56G  26/ 31U [GameAnalyzer] Income advantage is now SlightDisadvantage
2022-11-04 11:31:12.461 | 02:40   15ms   45M   60G  26/ 31U [GameAnalyzer] Known army advantage is now SlightDisadvantage
2022-11-04 11:31:12.463 | 02:40   15ms   45M   60G  26/ 31U [GameAnalyzer] Predicted army advantage is now SmallDisadvantage
2022-11-04 11:31:12.792 | 02:41   16ms   85M   64G  26/ 31U [GameAnalyzer] Income advantage is now Even
2022-11-04 11:31:12.824 | 02:42   15ms   85M   64G  26/ 31U [GameAnalyzer] Income advantage is now SlightDisadvantage
2022-11-04 11:31:12.981 | 02:42   14ms  115M   64G  26/ 31U [GameAnalyzer] Income advantage is now Even
2022-11-04 11:31:13.188 | 02:43   14ms  125M   68G  26/ 31U [GameAnalyzer] Income advantage is now SlightDisadvantage
2022-11-04 11:31:13.257 | 02:44   15ms  130M   68G  26/ 31U [GameAnalyzer] Income advantage is now Even
2022-11-04 11:31:13.330 | 02:44   14ms   85M   68G  26/ 31U [ActUnit] SCV from COMMANDCENTER at (143.5, 32.5)
2022-11-04 11:31:13.430 | 02:45   14ms   90M   72G  27/ 31U [GameAnalyzer] Income advantage is now SlightDisadvantage
2022-11-04 11:31:13.932 | 02:47   14ms  140M   80G  27/ 31U [GameAnalyzer] Income advantage is now Even
2022-11-04 11:31:14.222 | 02:48   16ms  150M   80G  27/ 31U [GameAnalyzer] Income advantage is now SlightDisadvantage
2022-11-04 11:31:14.260 | 02:49   16ms  155M   84G  27/ 31U [GameAnalyzer] Income advantage is now Even
2022-11-04 11:31:14.295 | 02:49   16ms  155M   84G  27/ 31U [GameAnalyzer] Income advantage is now SlightDisadvantage
2022-11-04 11:31:14.334 | 02:49   17ms  155M   84G  27/ 31U [GameAnalyzer] Income advantage is now Even
2022-11-04 11:31:14.405 | 02:49   14ms  180M   84G  27/ 31U [GameAnalyzer] Income advantage is now SlightDisadvantage
2022-11-04 11:31:14.506 | 02:50   15ms  200M   88G  27/ 31U [GameAnalyzer] Income advantage is now Even
2022-11-04 11:31:14.549 | 02:50   18ms  160M   88G  27/ 31U [TerranUnit] MARINE from BARRACKS at (135.5, 33.5)
2022-11-04 11:31:14.580 | 02:50   16ms  160M   88G  28/ 31U [GameAnalyzer] Known army advantage is now SlightAdvantage
2022-11-04 11:31:14.585 | 02:50   16ms  110M   88G  28/ 31U [TerranUnit] MARINE from BARRACKS at (135.5, 33.5)
2022-11-04 11:31:14.939 | 02:52   15ms  120M   96G  29/ 31U [GameAnalyzer] Income advantage is now SlightDisadvantage
2022-11-04 11:31:15.047 | 02:53   15ms  130M  100G  29/ 31U [GameAnalyzer] Income advantage is now Even
2022-11-04 11:31:15.120 | 02:53   16ms  140M  100G  29/ 31U [GameAnalyzer] Income advantage is now SlightDisadvantage
2022-11-04 11:31:15.155 | 02:53   17ms  140M  100G  29/ 31U [GameAnalyzer] Income advantage is now Even
2022-11-04 11:31:15.195 | 02:53   17ms  140M  100G  29/ 31U [GameAnalyzer] Income advantage is now SlightDisadvantage
2022-11-04 11:31:15.231 | 02:53   17ms  140M  100G  29/ 31U [BuildAddon] UnitTypeId.BARRACKSTECHLAB to (145.0, 40.0)
2022-11-04 11:31:15.274 | 02:54   19ms   95M   75G  29/ 31U [GameAnalyzer] Income advantage is now Even
2022-11-04 11:31:15.498 | 02:55   15ms  105M   83G  29/ 31U [GameAnalyzer] Income advantage is now SlightDisadvantage
2022-11-04 11:31:15.580 | 02:55   17ms  120M   83G  29/ 31U [GameAnalyzer] Income advantage is now Even
2022-11-04 11:31:15.616 | 02:55   18ms  120M   83G  29/ 31U [GameAnalyzer] Income advantage is now SlightDisadvantage
2022-11-04 11:31:15.680 | 02:55   18ms  120M   83G  29/ 31U [GameAnalyzer] Income advantage is now Even
2022-11-04 11:31:15.715 | 02:55   19ms  120M   83G  29/ 31U [GameAnalyzer] Income advantage is now SlightDisadvantage
2022-11-04 11:31:15.755 | 02:56   18ms  120M   83G  29/ 31U [GameAnalyzer] Income advantage is now Even
2022-11-04 11:31:15.866 | 02:56   18ms   80M   87G  29/ 31U [ActUnit] SCV from COMMANDCENTER at (143.5, 32.5)
2022-11-04 11:31:16.185 | 02:58   18ms   25M   91G  30/ 31U [GameAnalyzer] Income advantage is now SlightDisadvantage
2022-11-04 11:31:16.227 | 02:58   17ms   25M   91G  30/ 31U [GameAnalyzer] Income advantage is now Even
2022-11-04 11:31:16.406 | 02:59   16ms   30M   99G  30/ 31U [GameAnalyzer] Income advantage is now SlightDisadvantage
2022-11-04 11:31:16.445 | 02:59   16ms   40M   99G  30/ 31U [GameAnalyzer] Income advantage is now Even
2022-11-04 11:31:16.482 | 02:59   16ms   40M   99G  30/ 31U [GameAnalyzer] Income advantage is now SlightDisadvantage
2022-11-04 11:31:16.522 | 02:59   17ms   50M   99G  30/ 31U [GameAnalyzer] Income advantage is now Even
2022-11-04 11:31:16.598 | 03:00   14ms   55M   99G  30/ 31U [GameAnalyzer] Income advantage is now SlightDisadvantage
2022-11-04 11:31:16.632 | 03:00   16ms   55M   99G  30/ 31U [GameAnalyzer] Income advantage is now Even
2022-11-04 11:31:17.264 | 03:03   14ms   80M  115G  30/ 31U [GameAnalyzer] Income advantage is now SlightDisadvantage
2022-11-04 11:31:17.399 | 03:03   16ms  100M  119G  30/ 39U [GameAnalyzer] Income advantage is now Even
2022-11-04 11:31:17.552 | 03:04   16ms  135M  119G  30/ 39U [BuildAddon] UnitTypeId.FACTORYREACTOR to (136.0, 36.0)
2022-11-04 11:31:17.915 | 03:06   15ms  105M   77G  30/ 39U [GameAnalyzer] Known army advantage is now SlightDisadvantage
2022-11-04 11:31:18.376 | 03:08   15ms  160M   85G  30/ 39U [GameAnalyzer] Known army advantage is now SlightAdvantage
2022-11-04 11:31:18.381 | 03:08   15ms  110M   85G  30/ 39U [TerranUnit] MARINE from BARRACKS at (135.5, 33.5)
2022-11-04 11:31:18.425 | 03:08   17ms   65M   85G  31/ 39U [TerranUnit] MARINE from BARRACKS at (135.5, 33.5)
2022-11-04 11:31:18.456 | 03:08   18ms   20M   85G  32/ 39U [ActUnit] SCV from COMMANDCENTER at (143.5, 32.5)
2022-11-04 11:31:19.366 | 03:11   17ms   35M  105G  33/ 39U [TerranUnit] MARINE from BARRACKS at (142.5, 40.5)
2022-11-04 11:31:19.959 | 03:14   15ms  100M  121G  34/ 39U [Tech] Started STIMPACK
2022-11-04 11:31:21.211 | 03:20   14ms   55M   53G  34/ 39U [ActUnit] SCV from COMMANDCENTER at (143.5, 32.5)
2022-11-04 11:31:22.295 | 03:26   15ms  175M   85G  35/ 47U [GameAnalyzer] Known army advantage is now SmallAdvantage
2022-11-04 11:31:22.295 | 03:26   15ms  175M   85G  35/ 47U [GameAnalyzer] Predicted army advantage is now SlightDisadvantage
2022-11-04 11:31:22.302 | 03:26   15ms  125M   85G  35/ 47U [TerranUnit] MARINE from BARRACKS at (135.5, 33.5)
2022-11-04 11:31:22.332 | 03:26   21ms  125M   85G  36/ 47U [GameAnalyzer] Predicted army advantage is now Even
2022-11-04 11:31:22.337 | 03:26   21ms   75M   85G  36/ 47U [TerranUnit] MARINE from BARRACKS at (135.5, 33.5)
2022-11-04 11:31:23.076 | 03:29   16ms   80M  101G  37/ 47U [TerranUnit] MARINE from BARRACKS at (142.5, 40.5)
2022-11-04 11:31:25.599 | 03:41   19ms   15M   65G  38/ 62U [GameAnalyzer] Predicted army advantage is now SlightAdvantage
2022-11-04 11:31:25.845 | 03:42   18ms   40M   73G  38/ 62U [GameAnalyzer] Predicted army advantage is now Even
2022-11-04 11:31:26.220 | 03:44   18ms   65M   81G  38/ 62U [GameAnalyzer] Predicted army advantage is now SlightAdvantage
2022-11-04 11:31:26.225 | 03:44   18ms   15M   81G  38/ 62U [TerranUnit] MARINE from BARRACKS at (135.5, 33.5)
2022-11-04 11:31:26.346 | 03:44   19ms   35M   81G  39/ 62U [GameAnalyzer] Income advantage is now SlightAdvantage
2022-11-04 11:31:26.427 | 03:45   18ms   60M   81G  39/ 62U [GameAnalyzer] Income advantage is now Even
2022-11-04 11:31:26.431 | 03:45   18ms   10M   81G  39/ 62U [TerranUnit] MARINE from BARRACKS at (135.5, 33.5)
2022-11-04 11:31:27.007 | 03:47   17ms   65M   97G  40/ 62U [GameAnalyzer] Predicted army advantage is now Even
2022-11-04 11:31:27.053 | 03:47   19ms   65M   97G  40/ 62U [GameAnalyzer] Known army advantage is now ClearAdvantage
2022-11-04 11:31:27.054 | 03:47   19ms   65M   97G  40/ 62U [GameAnalyzer] Predicted army advantage is now SlightAdvantage
2022-11-04 11:31:27.059 | 03:47   19ms   15M   97G  40/ 62U [TerranUnit] MARINE from BARRACKS at (142.5, 40.5)
2022-11-04 11:31:28.234 | 03:52   16ms  150M  129G  40/ 62U [GameAnalyzer] Income advantage is now SlightAdvantage
2022-11-04 11:31:28.277 | 03:53   16ms  150M  129G  40/ 62U [GameAnalyzer] Income advantage is now Even
2022-11-04 11:31:28.665 | 03:55   14ms  195M  137G  40/ 62U [GameAnalyzer] Income advantage is now SlightAdvantage
2022-11-04 11:31:28.713 | 03:55   16ms  195M  137G  40/ 62U [GameAnalyzer] Income advantage is now Even
2022-11-04 11:31:28.816 | 03:55   14ms  210M  145G  40/ 62U [GameAnalyzer] Income advantage is now SlightAdvantage
2022-11-04 11:31:28.887 | 03:56   15ms  215M  145G  40/ 62U [GameAnalyzer] Income advantage is now Even
2022-11-04 11:31:30.086 | 04:01   14ms  305M  177G  40/ 62U [TerranUnit] MARINE from BARRACKS at (135.5, 33.5)
2022-11-04 11:31:30.276 | 04:02   17ms  280M  181G  41/ 62U [TerranUnit] MARINE from BARRACKS at (135.5, 33.5)
2022-11-04 11:31:30.688 | 04:04   17ms  325M  193G  42/ 62U [GameAnalyzer] Income advantage is now SlightAdvantage
2022-11-04 11:31:30.725 | 04:05   18ms  325M  193G  42/ 62U [GameAnalyzer] Income advantage is now Even
2022-11-04 11:31:30.847 | 04:05   18ms  335M  193G  42/ 62U [GameAnalyzer] Predicted army advantage is now SmallAdvantage
2022-11-04 11:31:30.851 | 04:05   18ms  285M  193G  42/ 62U [TerranUnit] MARINE from BARRACKS at (142.5, 40.5)
2022-11-04 11:31:30.886 | 04:05   20ms  290M  197G  43/ 62U [GameAnalyzer] Income advantage is now SlightAdvantage
2022-11-04 11:31:30.933 | 04:05   18ms  290M  197G  43/ 62U [GameAnalyzer] Income advantage is now Even
2022-11-04 11:31:30.935 | 04:05   18ms  240M  197G  43/ 62U [ActUnit] SCV from COMMANDCENTER at (143.5, 32.5)
2022-11-04 11:31:30.975 | 04:06   21ms  190M  201G  44/ 62U [ActUnit] SCV from COMMANDCENTER at (145.5, 61.5)
2022-11-04 11:31:32.731 | 04:13   16ms  380M  241G  45/ 62U [GameAnalyzer] Income advantage is now SlightAdvantage
2022-11-04 11:31:32.775 | 04:13   19ms  380M  241G  45/ 62U [GameAnalyzer] Income advantage is now Even
2022-11-04 11:31:32.983 | 04:14   15ms  405M  241G  45/ 62U [GameAnalyzer] Income advantage is now SlightAdvantage
2022-11-04 11:31:33.031 | 04:14   18ms  435M  245G  45/ 62U [GameAnalyzer] Income advantage is now Even
2022-11-04 11:31:33.275 | 04:15   15ms  445M  249G  45/ 62U [GameAnalyzer] Income advantage is now SlightAdvantage
2022-11-04 11:31:33.355 | 04:15   17ms  445M  249G  45/ 62U [GameAnalyzer] Income advantage is now Even
2022-11-04 11:31:33.871 | 04:18   15ms  450M  265G  45/ 62U [ActUnit] SCV from COMMANDCENTER at (143.5, 32.5)
2022-11-04 11:31:33.916 | 04:18   17ms  405M  265G  46/ 62U [ActUnit] SCV from COMMANDCENTER at (145.5, 61.5)
2022-11-04 11:31:33.952 | 04:18   18ms  440M  265G  47/ 62U [GameAnalyzer] Income advantage is now SlightAdvantage
2022-11-04 11:31:33.999 | 04:18   20ms  440M  265G  47/ 62U [GameAnalyzer] Income advantage is now Even
2022-11-04 11:31:34.036 | 04:18   17ms  445M  265G  47/ 62U [GameAnalyzer] Income advantage is now SlightAdvantage
2022-11-04 11:31:34.060 | INFO     | sc2.protocol:_execute:72 - Client status changed to Status.ended (was Status.in_game)
2022-11-04 11:31:34.063 | Result: Defeat
2022-11-04 11:31:34.063 | Duration: 04:18
2022-11-04 11:31:34.064 | Step time min: 5
2022-11-04 11:31:34.065 | Step time avg: 13
2022-11-04 11:31:34.065 | Step time max: 216
2022-11-04 11:31:34.066 | [LostUnitsContents] My lost units minerals and gas: (50, 50)
2022-11-04 11:31:34.067 | [LostUnitsContents] My lost units minerals by score: 50.0
2022-11-04 11:31:34.068 | [LostUnitsContents] Enemy lost units minerals and gas: (300, 0)
2022-11-04 11:31:34.069 | [LostUnitsContents] Enemy lost units minerals by score: 300.0
2022-11-04 11:31:34.070 | [GameAnalyzerEnd] Own units:
2022-11-04 11:31:34.070 | [GameAnalyzerEnd] SCV               total:  27 alive:  27 dead:   0 
2022-11-04 11:31:34.071 | [GameAnalyzerEnd] MARINE            total:  13 alive:  13 dead:   0 
2022-11-04 11:31:34.072 | [GameAnalyzerEnd] SUPPLYDEPOT       total:   4 alive:   4 dead:   0 
2022-11-04 11:31:34.073 | [GameAnalyzerEnd] BARRACKS          total:   2 alive:   2 dead:   0 
2022-11-04 11:31:34.073 | [GameAnalyzerEnd] REFINERY          total:   2 alive:   2 dead:   0 
2022-11-04 11:31:34.076 | [GameAnalyzerEnd] MULE              total:   2 alive:   2 dead:   0 
2022-11-04 11:31:34.077 | [GameAnalyzerEnd] REACTOR           total:   2 alive:   2 dead:   0 
2022-11-04 11:31:34.078 | [GameAnalyzerEnd] ORBITALCOMMAND    total:   2 alive:   2 dead:   0 
2022-11-04 11:31:34.078 | [GameAnalyzerEnd] TECHLAB           total:   1 alive:   1 dead:   0 
2022-11-04 11:31:34.079 | [GameAnalyzerEnd] FACTORY           total:   1 alive:   1 dead:   0 
2022-11-04 11:31:34.080 | [GameAnalyzerEnd] STARPORTFLYING    total:   1 alive:   1 dead:   0 
2022-11-04 11:31:34.080 | [GameAnalyzerEnd] REAPER            total:   1 alive:   0 dead:   1 
2022-11-04 11:31:34.081 | [GameAnalyzerEnd] Enemy units:
2022-11-04 11:31:34.082 | [GameAnalyzerEnd] DRONE             total:  24 alive:  19 dead:   5 
2022-11-04 11:31:34.082 | [GameAnalyzerEnd] ZERGLING          total:   8 alive:   6 dead:   2 
2022-11-04 11:31:34.083 | [GameAnalyzerEnd] HATCHERY          total:   2 alive:   2 dead:   0 
2022-11-04 11:31:34.084 | [GameAnalyzerEnd] OVERLORD          total:   2 alive:   2 dead:   0 
2022-11-04 11:31:34.085 | [GameAnalyzerEnd] SPAWNINGPOOL      total:   1 alive:   1 dead:   0 
2022-11-04 11:31:34.085 | [GameAnalyzerEnd] EXTRACTOR         total:   1 alive:   1 dead:   0 
2022-11-04 11:31:34.086 | [GameAnalyzerEnd] QUEEN             total:   1 alive:   1 dead:   0 
2022-11-04 11:31:34.087 | [GameAnalyzerEnd] Minerals max 500 Average 152
2022-11-04 11:31:34.088 | [GameAnalyzerEnd] Vespene max 265 Average 58
2022-11-04 11:31:34.088 | INFO     | sc2.main:_play_game:228 - Result for player 1 - Bot Turtles(Terran): Defeat
2022-11-04 11:31:35.074 | INFO     | sc2.protocol:__request:48 - Cannot receive: Game has already ended.
2022-11-04 11:31:35.076 | INFO     | sc2.sc2process:_close_connection:231 - Closing connection at 62479...
2022-11-04 11:31:35.077 | INFO     | sc2.sc2process:kill_all:33 - kill_switch: Process cleanup for 1 processes
