2022-11-15 12:36:55.110 | INFO     | sc2.protocol:_execute:72 - Client status changed to Status.launched (was None)
2022-11-15 12:36:55.111 | INFO     | sc2.controller:create_game:37 - Creating new game
2022-11-15 12:36:55.112 | INFO     | sc2.controller:create_game:38 - Map:     RomanticideAIE
2022-11-15 12:36:55.113 | INFO     | sc2.controller:create_game:39 - Players: Bot Turtles(Terran), Computer VeryHard(Random, RandomBuild)
2022-11-15 12:36:55.116 | INFO     | sc2.protocol:_execute:72 - Client status changed to Status.init_game (was Status.launched)
2022-11-15 12:37:06.041 | INFO     | sc2.protocol:_execute:72 - Client status changed to Status.in_game (was None)
2022-11-15 12:37:06.044 | INFO     | sc2.main:_play_game:221 - Player 1 - Bot Turtles(Terran)
2022-11-15 12:37:06.665 | 00:00    0ms    0M    0G  12/ 15U [Version] 5.0.10.88500
2022-11-15 12:37:06.666 | 00:00    0ms    0M    0G  12/ 15U [Version] 5.0.6 Balance mod recognized.
2022-11-15 12:37:06.737 | 00:00    0ms    0M    0G  12/ 15U [ZoneManager] Map set to: MapName.RomanticideLE from name: Romanticide AIE and hash: 3756032.
2022-11-15 12:37:07.517 | [Start] My race: Terran
2022-11-15 12:37:07.519 | [Start] Opponent race: Random
2022-11-15 12:37:07.520 | [Start] OpponentId: None
2022-11-15 12:37:07.763 | 00:00    8ms    0M    0G  13/ 15U [GameAnalyzer] Income advantage is now SlightDisadvantage
2022-11-15 12:37:07.834 | 00:01    7ms    0M    0G  13/ 15U [GameAnalyzer] Income advantage is now Even
2022-11-15 12:37:09.339 | 00:14    8ms    0M    0G  13/ 15U [ActUnit] SCV from COMMANDCENTER at (158.5, 36.5)
2022-11-15 12:37:10.987 | 00:26   11ms  100M    0G  14/ 15U [ActUnit] SCV from COMMANDCENTER at (158.5, 36.5)
2022-11-15 12:37:11.930 | 00:33    7ms  180M    0G  15/ 15U [GameAnalyzer] Income advantage is now SlightDisadvantage
2022-11-15 12:37:11.950 | 00:33   10ms  185M    0G  15/ 15U [GameAnalyzer] Income advantage is now Even
2022-11-15 12:37:12.518 | 00:38    7ms   15M    0G  15/ 23U [BuildGas] Building REFINERY to (165.5, 39.5)
2022-11-15 12:37:12.782 | 00:40    7ms    0M    0G  15/ 23U [ActUnit] SCV from COMMANDCENTER at (158.5, 36.5)
2022-11-15 12:37:13.756 | 00:48    8ms   90M    0G  16/ 23U [GameAnalyzer] Income advantage is now SlightDisadvantage
2022-11-15 12:37:13.776 | 00:48    8ms   95M    0G  16/ 23U [GameAnalyzer] Income advantage is now Even
2022-11-15 12:37:14.227 | 00:52    8ms   90M    0G  16/ 23U [ActUnit] SCV from COMMANDCENTER at (158.5, 36.5)
2022-11-15 12:37:14.981 | 00:58    7ms   15M    0G  17/ 23U [GameAnalyzer] Income advantage is now SlightDisadvantage
2022-11-15 12:37:15.008 | 00:58    8ms   20M    0G  17/ 23U [GameAnalyzer] Income advantage is now Even
2022-11-15 12:37:15.736 | 01:04    7ms   40M    0G  17/ 23U [ActUnit] SCV from COMMANDCENTER at (158.5, 36.5)
2022-11-15 12:37:17.216 | 01:12   24ms  120M   16G  18/ 23U [GameAnalyzer] Income advantage is now SlightDisadvantage
2022-11-15 12:37:17.298 | 01:13    8ms  135M   20G  18/ 23U [GameAnalyzer] Income advantage is now Even
2022-11-15 12:37:17.969 | 01:16   17ms    5M   24G  18/ 23U [GameAnalyzer] Income advantage is now SlightDisadvantage
2022-11-15 12:37:18.005 | 01:16   24ms    5M   24G  18/ 23U [GameAnalyzer] Income advantage is now Even
2022-11-15 12:37:18.058 | 01:16   18ms   10M   24G  18/ 23U [GameAnalyzer] Income advantage is now SlightAdvantage
2022-11-15 12:37:18.181 | 01:16   26ms   15M   28G  18/ 23U [GameAnalyzer] Income advantage is now SmallAdvantage
2022-11-15 12:37:18.252 | 01:16   25ms   15M   28G  18/ 23U [GameAnalyzer] Income advantage is now SlightAdvantage
2022-11-15 12:37:18.388 | 01:17   28ms   25M   28G  18/ 23U [GameAnalyzer] Income advantage is now Even
2022-11-15 12:37:18.440 | 01:17   27ms   30M   28G  18/ 23U [GameAnalyzer] Predicted army advantage is now SlightDisadvantage
2022-11-15 12:37:18.678 | 01:18   12ms    0M   32G  18/ 23U [ActUnit] SCV from COMMANDCENTER at (158.5, 36.5)
2022-11-15 12:37:19.263 | 01:22   11ms   30M   36G  19/ 23U [GameAnalyzer] Income advantage is now SlightDisadvantage
2022-11-15 12:37:19.328 | 01:22   13ms   30M   40G  19/ 23U [EnemyArmyPredicter] Predicting negative free minerals for enemy: -150
2022-11-15 12:37:19.329 | 01:22   13ms   30M   40G  19/ 23U [GameAnalyzer] Income advantage is now Even
2022-11-15 12:37:19.330 | 01:22   13ms   30M   40G  19/ 23U [GameAnalyzer] Predicted army advantage is now Even
2022-11-15 12:37:19.460 | 01:23   12ms   50M   40G  19/ 23U [GameAnalyzer] Income advantage is now SlightDisadvantage
2022-11-15 12:37:19.525 | 01:23   13ms   50M   40G  19/ 23U [GameAnalyzer] Income advantage is now Even
2022-11-15 12:37:20.188 | 01:27   15ms   85M   48G  19/ 23U [GameAnalyzer] Income advantage is now SlightDisadvantage
2022-11-15 12:37:20.246 | 01:27   12ms   95M   48G  19/ 23U [GameAnalyzer] Income advantage is now Even
2022-11-15 12:37:20.283 | 01:27   13ms  100M   48G  19/ 23U [GameAnalyzer] Predicted army advantage is now SlightDisadvantage
2022-11-15 12:37:20.453 | 01:28   12ms  105M   52G  19/ 23U [GameAnalyzer] Income advantage is now SlightDisadvantage
2022-11-15 12:37:20.490 | 01:28   13ms  110M   52G  19/ 23U [GameAnalyzer] Income advantage is now Even
2022-11-15 12:37:20.858 | 01:30   12ms  125M   56G  19/ 23U [GameAnalyzer] Income advantage is now SlightDisadvantage
2022-11-15 12:37:20.887 | 01:31   14ms  125M   56G  19/ 23U [GameAnalyzer] Income advantage is now Even
2022-11-15 12:37:21.043 | 01:31   12ms  145M   56G  19/ 23U [GameAnalyzer] Income advantage is now SlightDisadvantage
2022-11-15 12:37:21.074 | 01:32   13ms  150M   56G  19/ 23U [GameAnalyzer] Income advantage is now Even
2022-11-15 12:37:21.111 | 01:32   16ms    0M   60G  19/ 23U [GameAnalyzer] Income advantage is now SlightDisadvantage
2022-11-15 12:37:21.239 | 01:33   12ms   15M   60G  19/ 23U [GameAnalyzer] Income advantage is now Even
2022-11-15 12:37:21.303 | 01:33   14ms   20M   60G  19/ 23U [GameAnalyzer] Income advantage is now SlightDisadvantage
2022-11-15 12:37:21.363 | 01:33   12ms   25M   64G  19/ 23U [GameAnalyzer] Income advantage is now Even
2022-11-15 12:37:21.599 | 01:35   11ms   35M   68G  19/ 23U [GameAnalyzer] Income advantage is now SlightDisadvantage
2022-11-15 12:37:21.664 | 01:35   13ms   40M   68G  19/ 23U [GameAnalyzer] Income advantage is now Even
2022-11-15 12:37:21.691 | 01:35   17ms   40M   68G  19/ 23U [GameAnalyzer] Income advantage is now SlightDisadvantage
2022-11-15 12:37:21.726 | 01:35   13ms   45M   68G  19/ 23U [GameAnalyzer] Income advantage is now Even
2022-11-15 12:37:21.754 | 01:36   15ms   50M   68G  19/ 23U [GameAnalyzer] Income advantage is now SlightDisadvantage
2022-11-15 12:37:21.756 | 01:36   15ms    0M   18G  19/ 23U [TerranUnit] REAPER from BARRACKS at (150.5, 35.5)
2022-11-15 12:37:21.788 | 01:36   14ms    5M   18G  20/ 23U [GameAnalyzer] Income advantage is now Even
2022-11-15 12:37:21.910 | 01:36   13ms   10M   22G  20/ 23U [GameAnalyzer] Income advantage is now SlightDisadvantage
2022-11-15 12:37:21.993 | 01:37   11ms   25M   22G  20/ 23U [GameAnalyzer] Income advantage is now Even
2022-11-15 12:37:22.078 | 01:38   12ms   30M   26G  20/ 23U [GameAnalyzer] Income advantage is now SlightDisadvantage
2022-11-15 12:37:22.109 | 01:38   15ms   35M   26G  20/ 23U [GameAnalyzer] Income advantage is now SmallDisadvantage
2022-11-15 12:37:22.929 | 01:43   12ms    0M   38G  20/ 23U [GameAnalyzer] Income advantage is now ClearDisadvantage
2022-11-15 12:37:22.963 | 01:43   13ms    5M   38G  20/ 23U [GameAnalyzer] Income advantage is now SmallDisadvantage
2022-11-15 12:37:23.576 | 01:47   12ms   55M   50G  20/ 23U [BuildAddon] UnitTypeId.BARRACKSREACTOR to (164.0, 45.0)
2022-11-15 12:37:25.278 | 01:57   12ms   75M   24G  20/ 23U [ActUnit] SCV from COMMANDCENTER at (158.5, 36.5)
2022-11-15 12:37:27.257 | 02:08   16ms  235M   56G  21/ 23U [GameAnalyzer] Known army advantage is now SlightAdvantage
2022-11-15 12:37:27.519 | 02:09   17ms  200M   60G  21/ 23U [ActUnit] SCV from COMMANDCENTER at (158.5, 36.5)
2022-11-15 12:37:27.566 | 02:09   18ms   55M   60G  22/ 23U [TerranUnit] MARINE from BARRACKS at (150.5, 35.5)
2022-11-15 12:37:28.289 | 02:13   15ms  140M   68G  23/ 31U [GameAnalyzer] Income advantage is now SlightDisadvantage
2022-11-15 12:37:28.331 | 02:13   18ms  140M   72G  23/ 31U [GameAnalyzer] Income advantage is now SmallDisadvantage
2022-11-15 12:37:29.900 | 02:21   15ms  220M   92G  23/ 31U [ActUnit] SCV from COMMANDCENTER at (158.5, 36.5)
2022-11-15 12:37:30.403 | 02:23   17ms  265M  100G  24/ 31U [GameAnalyzer] Income advantage is now SlightDisadvantage
2022-11-15 12:37:30.475 | 02:24   15ms  265M  100G  24/ 31U [GameAnalyzer] Income advantage is now SmallDisadvantage
2022-11-15 12:37:31.797 | 02:30   17ms  400M  116G  24/ 31U [Expand] Expanding to (153.5, 68.5)
2022-11-15 12:37:32.333 | 02:33   17ms   65M  124G  24/ 31U [GameAnalyzer] Income advantage is now Even
2022-11-15 12:37:32.337 | 02:33   17ms   15M  124G  24/ 31U [TerranUnit] MARINE from BARRACKS at (161.5, 45.5)
2022-11-15 12:37:32.793 | 02:35   15ms    5M  132G  25/ 31U [ActUnit] SCV from COMMANDCENTER at (158.5, 36.5)
2022-11-15 12:37:33.274 | 02:38   17ms    0M  136G  26/ 39U [TerranUnit] MARINE from BARRACKS at (166.5, 42.5)
2022-11-15 12:37:33.737 | 02:40   15ms   10M  144G  27/ 39U [TerranUnit] MARINE from BARRACKS at (161.5, 45.5)
2022-11-15 12:37:34.171 | 02:42   14ms    0M  148G  28/ 39U [TerranUnit] MARINE from BARRACKS at (150.5, 35.5)
2022-11-15 12:37:34.738 | 02:45   15ms   45M  156G  29/ 39U [GameAnalyzer] Known army advantage is now SlightDisadvantage
2022-11-15 12:37:34.739 | 02:45   15ms   45M  156G  29/ 39U [GameAnalyzer] Predicted army advantage is now SmallDisadvantage
2022-11-15 12:37:35.627 | 02:49   16ms    0M  168G  29/ 39U [ActUnit] SCV from COMMANDCENTER at (158.5, 36.5)
2022-11-15 12:37:35.927 | 02:51   16ms   15M  172G  30/ 39U [GameAnalyzer] Known army advantage is now SlightAdvantage
2022-11-15 12:37:36.350 | 02:53   18ms    0M  180G  30/ 39U [TerranUnit] MARINE from BARRACKS at (161.5, 45.5)
2022-11-15 12:37:37.027 | 02:56   17ms   25M  188G  31/ 39U [TerranUnit] MARINE from BARRACKS at (166.5, 42.5)
2022-11-15 12:37:37.085 | 02:56   18ms   25M  188G  32/ 39U [GameAnalyzer] Income advantage is now SlightDisadvantage
2022-11-15 12:37:37.309 | 02:57   16ms   35M  188G  32/ 39U [GameAnalyzer] Income advantage is now Even
2022-11-15 12:37:37.354 | 02:57   18ms   40M  188G  32/ 39U [GameAnalyzer] Income advantage is now SlightDisadvantage
2022-11-15 12:37:37.390 | 02:57   20ms   45M  188G  32/ 39U [GameAnalyzer] Income advantage is now Even
2022-11-15 12:37:37.584 | 02:58   17ms   55M  192G  32/ 39U [GameAnalyzer] Income advantage is now SlightDisadvantage
2022-11-15 12:37:37.586 | 02:58   17ms   55M  192G  32/ 39U [GameAnalyzer] Predicted army advantage is now SlightDisadvantage
2022-11-15 12:37:37.590 | 02:58   17ms    5M  192G  32/ 39U [TerranUnit] MARINE from BARRACKS at (161.5, 45.5)
2022-11-15 12:37:37.625 | 02:58   23ms   10M  192G  33/ 39U [GameAnalyzer] Income advantage is now Even
2022-11-15 12:37:37.667 | 02:58   18ms   15M  192G  33/ 39U [GameAnalyzer] Predicted army advantage is now SmallDisadvantage
2022-11-15 12:37:37.817 | 02:59   17ms   20M  196G  33/ 39U [GameAnalyzer] Income advantage is now SlightDisadvantage
2022-11-15 12:37:37.893 | 02:59   16ms   30M  196G  33/ 39U [GameAnalyzer] Income advantage is now Even
2022-11-15 12:37:38.045 | 03:00   16ms   40M  200G  33/ 39U [GameAnalyzer] Known army advantage is now SmallAdvantage
2022-11-15 12:37:38.047 | 03:00   16ms   40M  200G  33/ 39U [GameAnalyzer] Predicted army advantage is now SlightDisadvantage
2022-11-15 12:37:38.085 | 03:00   21ms   40M  200G  33/ 39U [GameAnalyzer] Income advantage is now SlightDisadvantage
2022-11-15 12:37:38.166 | 03:01   17ms    0M  200G  33/ 39U [TerranUnit] MARINE from BARRACKS at (150.5, 35.5)
2022-11-15 12:37:38.202 | 03:01   20ms   10M  200G  34/ 39U [GameAnalyzer] Income advantage is now Even
2022-11-15 12:37:38.471 | 03:02   16ms    0M  204G  34/ 39U [ActUnit] SCV from COMMANDCENTER at (158.5, 36.5)
2022-11-15 12:37:38.804 | 03:03   18ms   15M  204G  35/ 39U [GameAnalyzer] Income advantage is now SlightDisadvantage
2022-11-15 12:37:38.841 | 03:03   19ms   20M  208G  35/ 39U [GameAnalyzer] Income advantage is now Even
2022-11-15 12:37:39.139 | 03:04   18ms   35M  208G  35/ 39U [GameAnalyzer] Income advantage is now SlightDisadvantage
2022-11-15 12:37:39.221 | 03:05   16ms   45M  212G  35/ 39U [GameAnalyzer] Income advantage is now Even
2022-11-15 12:37:39.593 | 03:06   17ms   70M  216G  35/ 39U [GameAnalyzer] Income advantage is now SlightDisadvantage
2022-11-15 12:37:39.635 | 03:06   19ms   75M  216G  35/ 39U [GameAnalyzer] Income advantage is now Even
2022-11-15 12:37:39.796 | 03:07   18ms   90M  216G  35/ 39U [GameAnalyzer] Income advantage is now SlightDisadvantage
2022-11-15 12:37:39.832 | 03:07   20ms  100M  216G  35/ 39U [GameAnalyzer] Income advantage is now Even
2022-11-15 12:37:39.879 | 03:08   19ms  100M  220G  35/ 39U [GameAnalyzer] Income advantage is now SlightDisadvantage
2022-11-15 12:37:39.914 | 03:08   21ms  105M  220G  35/ 39U [GameAnalyzer] Income advantage is now Even
2022-11-15 12:37:40.232 | 03:09   18ms  140M  224G  35/ 39U [GameAnalyzer] Income advantage is now SlightDisadvantage
2022-11-15 12:37:40.311 | 03:09   19ms  150M  224G  35/ 39U [GameAnalyzer] Income advantage is now Even
2022-11-15 12:37:40.507 | 03:10   16ms   40M  124G  35/ 39U [GameAnalyzer] Income advantage is now SlightDisadvantage
2022-11-15 12:37:40.582 | 03:11   16ms   50M  128G  35/ 39U [GameAnalyzer] Predicted army advantage is now Even
2022-11-15 12:37:40.587 | 03:11   16ms    0M  128G  35/ 39U [TerranUnit] MARINE from BARRACKS at (161.5, 45.5)
2022-11-15 12:37:40.661 | 03:11   20ms    5M  128G  36/ 39U [GameAnalyzer] Income advantage is now Even
2022-11-15 12:37:40.740 | 03:11   17ms    5M  128G  36/ 39U [GameAnalyzer] Income advantage is now SlightDisadvantage
2022-11-15 12:37:40.813 | 03:12   17ms   15M  128G  36/ 39U [GameAnalyzer] Income advantage is now Even
2022-11-15 12:37:40.923 | 03:12   18ms   25M  132G  36/ 39U [GameAnalyzer] Income advantage is now SlightDisadvantage
2022-11-15 12:37:41.075 | 03:13   16ms   40M  132G  36/ 39U [GameAnalyzer] Income advantage is now Even
2022-11-15 12:37:41.193 | 03:13   16ms   50M  136G  36/ 39U [GameAnalyzer] Predicted army advantage is now SlightAdvantage
2022-11-15 12:37:41.197 | 03:13   16ms    0M  136G  36/ 39U [TerranUnit] MARINE from BARRACKS at (166.5, 42.5)
2022-11-15 12:37:41.231 | 03:14   20ms    0M  136G  37/ 39U [GameAnalyzer] Income advantage is now SlightDisadvantage
2022-11-15 12:37:41.274 | 03:14   18ms    0M  136G  37/ 47U [GameAnalyzer] Income advantage is now Even
2022-11-15 12:37:41.312 | 03:14   19ms    0M  136G  37/ 47U [GameAnalyzer] Income advantage is now SlightDisadvantage
2022-11-15 12:37:41.388 | 03:14   17ms   15M  136G  37/ 47U [GameAnalyzer] Income advantage is now Even
2022-11-15 12:37:41.900 | 03:17   16ms    5M  144G  37/ 47U [ActUnit] SCV from COMMANDCENTER at (158.5, 36.5)
2022-11-15 12:37:42.095 | 03:18   17ms    0M  144G  38/ 47U [TerranUnit] MARINE from BARRACKS at (161.5, 45.5)
2022-11-15 12:37:42.295 | 03:18   19ms    5M  148G  39/ 47U [GameAnalyzer] Predicted army advantage is now SmallAdvantage
2022-11-15 12:37:42.424 | 03:19   19ms   10M  148G  39/ 47U [GameAnalyzer] Income advantage is now SlightDisadvantage
2022-11-15 12:37:42.543 | 03:20   18ms   30M  152G  39/ 47U [GameAnalyzer] Income advantage is now Even
2022-11-15 12:37:42.702 | 03:20   17ms   35M  152G  39/ 47U [GameAnalyzer] Income advantage is now SlightDisadvantage
2022-11-15 12:37:42.753 | 03:20   18ms   40M  152G  39/ 47U [GameAnalyzer] Income advantage is now Even
2022-11-15 12:37:42.877 | 03:21   19ms    0M  156G  39/ 47U [TerranUnit] MARINE from BARRACKS at (150.5, 35.5)
2022-11-15 12:37:42.957 | 03:21   18ms    0M  156G  40/ 47U [GameAnalyzer] Predicted army advantage is now SlightAdvantage
2022-11-15 12:37:43.457 | 03:23   20ms   45M  160G  40/ 47U [GameAnalyzer] Income advantage is now SlightDisadvantage
2022-11-15 12:37:43.502 | 03:24   22ms   45M  164G  40/ 47U [GameAnalyzer] Income advantage is now Even
2022-11-15 12:37:44.074 | 03:26   21ms   10M  168G  40/ 47U [GameAnalyzer] Income advantage is now SlightDisadvantage
2022-11-15 12:37:44.199 | 03:26   20ms   15M  168G  40/ 47U [GameAnalyzer] Income advantage is now Even
2022-11-15 12:37:44.249 | 03:26   26ms   20M  168G  40/ 47U [GameAnalyzer] Predicted army advantage is now Even
2022-11-15 12:37:44.291 | 03:27   22ms   25M  172G  40/ 47U [GameAnalyzer] Income advantage is now SlightDisadvantage
2022-11-15 12:37:44.338 | 03:27   25ms   25M  172G  40/ 47U [GameAnalyzer] Income advantage is now Even
2022-11-15 12:37:44.384 | 03:27   26ms   30M  172G  40/ 47U [GameAnalyzer] Income advantage is now SlightDisadvantage
2022-11-15 12:37:44.518 | 03:28   23ms   45M  172G  40/ 47U [GameAnalyzer] Income advantage is now Even
2022-11-15 12:37:44.651 | 03:28   22ms   45M  176G  40/ 47U [GameAnalyzer] Income advantage is now SlightDisadvantage
2022-11-15 12:37:44.737 | 03:28   20ms   55M  176G  40/ 47U [GameAnalyzer] Income advantage is now Even
2022-11-15 12:37:44.738 | 03:28   20ms   55M  176G  40/ 47U [GameAnalyzer] Predicted army advantage is now SlightAdvantage
2022-11-15 12:37:44.743 | 03:28   20ms    5M  176G  40/ 47U [TerranUnit] MARINE from BARRACKS at (161.5, 45.5)
2022-11-15 12:37:44.916 | 03:29   21ms   15M  176G  41/ 47U [GameAnalyzer] Income advantage is now SlightDisadvantage
2022-11-15 12:37:45.006 | 03:30   20ms   25M  180G  41/ 47U [GameAnalyzer] Income advantage is now Even
2022-11-15 12:37:45.166 | 03:30   21ms   30M  180G  41/ 47U [GameAnalyzer] Income advantage is now SlightDisadvantage
2022-11-15 12:37:45.210 | 03:30   23ms   35M  180G  41/ 47U [GameAnalyzer] Income advantage is now Even
2022-11-15 12:37:45.393 | 03:31   19ms   40M  184G  41/ 47U [GameAnalyzer] Income advantage is now SlightDisadvantage
2022-11-15 12:37:45.439 | 03:31   21ms   45M  184G  41/ 47U [GameAnalyzer] Income advantage is now Even
2022-11-15 12:37:45.481 | 03:31   23ms   75M  184G  41/ 47U [GameAnalyzer] Known army advantage is now ClearAdvantage
2022-11-15 12:37:45.482 | 03:31   23ms   25M  184G  41/ 47U [ActUnit] SCV from COMMANDCENTER at (158.5, 36.5)
2022-11-15 12:37:45.701 | 03:32   20ms   45M  184G  42/ 47U [GameAnalyzer] Income advantage is now SlightDisadvantage
2022-11-15 12:37:45.739 | 03:32   23ms   50M  184G  42/ 47U [GameAnalyzer] Income advantage is now Even
2022-11-15 12:37:45.744 | 03:32   23ms    0M  184G  42/ 47U [TerranUnit] MARINE from BARRACKS at (166.5, 42.5)
2022-11-15 12:37:45.866 | 03:33   21ms    0M  188G  43/ 47U [GameAnalyzer] Income advantage is now SlightDisadvantage
2022-11-15 12:37:45.905 | 03:33   21ms    5M  188G  43/ 47U [GameAnalyzer] Income advantage is now Even
2022-11-15 12:37:45.951 | 03:33   21ms   10M  188G  43/ 47U [GameAnalyzer] Income advantage is now SlightDisadvantage
2022-11-15 12:37:45.989 | 03:33   22ms   15M  188G  43/ 47U [GameAnalyzer] Income advantage is now Even
2022-11-15 12:37:46.114 | 03:34   21ms   30M  192G  43/ 47U [GameAnalyzer] Income advantage is now SlightDisadvantage
2022-11-15 12:37:46.237 | 03:35   21ms   35M  192G  43/ 47U [GameAnalyzer] Income advantage is now Even
2022-11-15 12:37:46.455 | 03:35   19ms    0M  196G  43/ 47U [TerranUnit] MARINE from BARRACKS at (161.5, 45.5)
2022-11-15 12:37:46.532 | 03:36   18ms    0M  196G  44/ 47U [GameAnalyzer] Income advantage is now SlightDisadvantage
2022-11-15 12:37:46.573 | 03:36   20ms   15M  196G  44/ 47U [GameAnalyzer] Income advantage is now Even
2022-11-15 12:37:46.616 | 03:36   22ms   15M  196G  44/ 47U [GameAnalyzer] Income advantage is now SlightDisadvantage
2022-11-15 12:37:46.652 | 03:36   19ms   20M  196G  44/ 47U [GameAnalyzer] Income advantage is now Even
2022-11-15 12:37:46.931 | 03:38   19ms   30M  200G  44/ 47U [GameAnalyzer] Income advantage is now SlightDisadvantage
2022-11-15 12:37:47.196 | 03:39   19ms   90M  204G  44/ 47U [GameAnalyzer] Predicted army advantage is now SmallAdvantage
2022-11-15 12:37:47.805 | 03:41   21ms   25M  212G  44/ 47U [GameAnalyzer] Income advantage is now Even
2022-11-15 12:37:47.899 | 03:42   18ms   30M  212G  44/ 47U [GameAnalyzer] Income advantage is now SlightDisadvantage
2022-11-15 12:37:48.024 | 03:42   18ms   35M  212G  44/ 47U [GameAnalyzer] Income advantage is now SmallDisadvantage
2022-11-15 12:37:48.069 | 03:43   22ms   45M  212G  44/ 47U [GameAnalyzer] Income advantage is now SlightDisadvantage
2022-11-15 12:37:48.274 | 03:43   19ms   10M  216G  44/ 47U [ActUnit] SCV from COMMANDCENTER at (158.5, 36.5)
2022-11-15 12:37:48.321 | 03:44   22ms   10M  216G  45/ 47U [GameAnalyzer] Income advantage is now Even
2022-11-15 12:37:48.404 | 03:44   20ms   15M  216G  45/ 47U [GameAnalyzer] Income advantage is now SlightDisadvantage
2022-11-15 12:37:48.493 | 03:44   20ms   20M  220G  45/ 62U [GameAnalyzer] Income advantage is now Even
2022-11-15 12:37:48.533 | 03:45   23ms   20M  220G  45/ 62U [GameAnalyzer] Income advantage is now SlightDisadvantage
2022-11-15 12:37:48.619 | 03:45   19ms   35M  220G  45/ 62U [GameAnalyzer] Income advantage is now Even
2022-11-15 12:37:49.156 | 03:47   20ms   90M  224G  45/ 62U [GameAnalyzer] Known army advantage is now SmallAdvantage
2022-11-15 12:37:49.159 | 03:47   20ms   90M  224G  45/ 62U [GameAnalyzer] Predicted army advantage is now SlightAdvantage
2022-11-15 12:37:49.924 | 03:50   20ms  140M  236G  45/ 62U [GameAnalyzer] Known army advantage is now ClearAdvantage
2022-11-15 12:37:50.416 | 03:52   20ms   20M  240G  45/ 70U [GameAnalyzer] Income advantage is now SlightDisadvantage
2022-11-15 12:37:50.504 | 03:52   23ms   30M  240G  45/ 70U [GameAnalyzer] Income advantage is now Even
2022-11-15 12:37:50.505 | 03:52   23ms   30M  240G  45/ 70U [GameAnalyzer] Predicted army advantage is now SmallAdvantage
2022-11-15 12:37:50.756 | 03:53   21ms    0M  244G  45/ 70U [BuildGas] Building REFINERY to (154.5, 29.5)
2022-11-15 12:37:51.382 | 03:56   20ms   50M  248G  45/ 70U [BuildAddon] UnitTypeId.BARRACKSTECHLAB to (153.0, 35.0)
2022-11-15 12:37:51.386 | 03:56   20ms   50M  248G  45/ 70U [BuildAddon] UnitTypeId.BARRACKSTECHLAB to (169.0, 42.0)
2022-11-15 12:37:51.796 | 03:57   21ms   25M  227G  45/ 70U [GameAnalyzer] Known army advantage is now SmallAdvantage
2022-11-15 12:37:51.797 | 03:57   21ms   25M  227G  45/ 70U [GameAnalyzer] Predicted army advantage is now SlightAdvantage
2022-11-15 12:37:51.973 | 03:58   23ms   55M  231G  45/ 70U [BuildAddon] UnitTypeId.FACTORYREACTOR to (151.0, 38.0)
2022-11-15 12:37:54.419 | 04:08   22ms  100M  105G  45/ 78U [GameAnalyzer] Known army advantage is now SlightAdvantage
2022-11-15 12:37:54.421 | 04:08   22ms  100M  105G  45/ 78U [GameAnalyzer] Predicted army advantage is now Even
2022-11-15 12:37:55.528 | 04:12   21ms   75M   21G  45/ 78U [GameAnalyzer] Known army advantage is now SmallAdvantage
2022-11-15 12:37:56.592 | 04:16   21ms  120M   29G  45/ 78U [ActUnit] SCV from COMMANDCENTER at (153.5, 68.5)
2022-11-15 12:37:56.641 | 04:16   26ms  120M   29G  46/ 78U [GameAnalyzer] Income advantage is now SlightDisadvantage
2022-11-15 12:37:56.642 | 04:16   26ms   70M   29G  46/ 78U [ActUnit] SCV from COMMANDCENTER at (158.5, 36.5)
2022-11-15 12:37:56.685 | 04:16   24ms   70M   29G  47/ 78U [GameAnalyzer] Income advantage is now Even
2022-11-15 12:37:58.359 | 04:23   23ms  235M   61G  47/ 78U [GameAnalyzer] Known army advantage is now SlightAdvantage
2022-11-15 12:37:58.903 | 04:25   21ms  265M   65G  46/ 78U [GameAnalyzer] Income advantage is now SlightDisadvantage
2022-11-15 12:37:58.947 | 04:25   26ms  275M   69G  46/ 78U [GameAnalyzer] Income advantage is now Even
2022-11-15 12:37:59.652 | 04:28   21ms  360M   85G  46/ 78U [GameAnalyzer] Income advantage is now SlightDisadvantage
2022-11-15 12:37:59.698 | 04:28   21ms  365M   85G  46/ 78U [GameAnalyzer] Income advantage is now Even
2022-11-15 12:37:59.782 | 04:28   20ms  335M   85G  46/ 78U [ActUnit] SCV from COMMANDCENTER at (153.5, 68.5)
2022-11-15 12:37:59.828 | 04:28   22ms  290M   89G  47/ 78U [ActUnit] SCV from COMMANDCENTER at (158.5, 36.5)
2022-11-15 12:38:00.410 | 04:31   23ms  330M  101G  48/ 78U [Tech] Started STIMPACK
2022-11-15 12:38:02.580 | 04:38   23ms  435M   37G  48/ 78U [GameAnalyzer] Income advantage is now SlightDisadvantage
2022-11-15 12:38:02.623 | 04:38   26ms  450M   41G  48/ 78U [GameAnalyzer] Income advantage is now Even
2022-11-15 12:38:03.285 | 04:40   32ms  490M   53G  48/ 78U [ActUnit] SCV from COMMANDCENTER at (153.5, 68.5)
2022-11-15 12:38:03.332 | 04:41   25ms  440M   53G  49/ 78U [ActUnit] SCV from COMMANDCENTER at (158.5, 36.5)
2022-11-15 12:38:04.290 | 04:44   23ms  535M   69G  50/ 78U [GameAnalyzer] Income advantage is now SlightAdvantage
2022-11-15 12:38:04.386 | 04:44   23ms  535M   73G  50/ 78U [GameAnalyzer] Income advantage is now Even
2022-11-15 12:38:06.640 | 04:53   23ms  575M   17G  50/ 78U [ActUnit] SCV from COMMANDCENTER at (153.5, 68.5)
2022-11-15 12:38:06.686 | 04:53   25ms  525M   17G  51/ 78U [ActUnit] SCV from COMMANDCENTER at (158.5, 36.5)
2022-11-15 12:38:06.885 | 04:53   23ms  590M   21G  52/ 78U [GameAnalyzer] Income advantage is now SlightAdvantage
2022-11-15 12:38:06.942 | 04:54   23ms  590M   25G  52/ 78U [GameAnalyzer] Income advantage is now Even
2022-11-15 12:38:07.185 | 04:54   25ms  600M   25G  52/ 78U [BuildAddon] UnitTypeId.FACTORYTECHLAB to (150.0, 43.0)
2022-11-15 12:38:07.525 | 04:55   23ms  610M    8G  52/ 78U [GameAnalyzer] Income advantage is now SlightAdvantage
2022-11-15 12:38:07.575 | 04:56   24ms  610M    8G  52/ 78U [GameAnalyzer] Income advantage is now Even
2022-11-15 12:38:07.822 | 04:56   23ms  635M   16G  52/ 78U [GameAnalyzer] Income advantage is now SlightAdvantage
2022-11-15 12:38:07.960 | 04:57   24ms  640M   16G  52/ 78U [GameAnalyzer] Income advantage is now Even
2022-11-15 12:38:07.989 | INFO     | sc2.protocol:_execute:72 - Client status changed to Status.ended (was Status.in_game)
2022-11-15 12:38:07.991 | Result: Defeat
2022-11-15 12:38:07.992 | Duration: 04:57
2022-11-15 12:38:07.993 | Step time min: 6
2022-11-15 12:38:07.993 | Step time avg: 16
2022-11-15 12:38:07.994 | Step time max: 133
2022-11-15 12:38:07.995 | [LostUnitsContents] My lost units minerals and gas: (50, 50)
2022-11-15 12:38:07.996 | [LostUnitsContents] My lost units minerals by score: 50.0
2022-11-15 12:38:07.996 | [LostUnitsContents] Enemy lost units minerals and gas: (175, 0)
2022-11-15 12:38:07.997 | [LostUnitsContents] Enemy lost units minerals by score: 175.0
2022-11-15 12:38:07.998 | [GameAnalyzerEnd] Own units:
2022-11-15 12:38:08.000 | [GameAnalyzerEnd] SCV               total:  32 alive:  32 dead:   0 
2022-11-15 12:38:08.000 | [GameAnalyzerEnd] MARINE            total:  16 alive:  16 dead:   0 
2022-11-15 12:38:08.001 | [GameAnalyzerEnd] SUPPLYDEPOT       total:   6 alive:   6 dead:   0 
2022-11-15 12:38:08.002 | [GameAnalyzerEnd] FACTORY           total:   3 alive:   3 dead:   0 
2022-11-15 12:38:08.003 | [GameAnalyzerEnd] BARRACKS          total:   3 alive:   3 dead:   0 
2022-11-15 12:38:08.003 | [GameAnalyzerEnd] MULE              total:   2 alive:   2 dead:   0 
2022-11-15 12:38:08.004 | [GameAnalyzerEnd] REFINERY          total:   2 alive:   2 dead:   0 
2022-11-15 12:38:08.005 | [GameAnalyzerEnd] TECHLAB           total:   2 alive:   2 dead:   0 
2022-11-15 12:38:08.005 | [GameAnalyzerEnd] REACTOR           total:   2 alive:   2 dead:   0 
2022-11-15 12:38:08.006 | [GameAnalyzerEnd] ORBITALCOMMAND    total:   2 alive:   2 dead:   0 
2022-11-15 12:38:08.007 | [GameAnalyzerEnd] STARPORT          total:   1 alive:   1 dead:   0 
2022-11-15 12:38:08.007 | [GameAnalyzerEnd] REAPER            total:   1 alive:   0 dead:   1 
2022-11-15 12:38:08.008 | [GameAnalyzerEnd] Enemy units:
2022-11-15 12:38:08.009 | [GameAnalyzerEnd] DRONE             total:  24 alive:  23 dead:   1 
2022-11-15 12:38:08.009 | [GameAnalyzerEnd] ZERGLING          total:  12 alive:   7 dead:   5 
2022-11-15 12:38:08.010 | [GameAnalyzerEnd] ROACH             total:   4 alive:   4 dead:   0 
2022-11-15 12:38:08.011 | [GameAnalyzerEnd] OVERLORD          total:   3 alive:   3 dead:   0 
2022-11-15 12:38:08.011 | [GameAnalyzerEnd] HATCHERY          total:   2 alive:   2 dead:   0 
2022-11-15 12:38:08.012 | [GameAnalyzerEnd] SPAWNINGPOOL      total:   1 alive:   1 dead:   0 
2022-11-15 12:38:08.012 | [GameAnalyzerEnd] EXTRACTOR         total:   1 alive:   1 dead:   0 
2022-11-15 12:38:08.013 | [GameAnalyzerEnd] QUEEN             total:   1 alive:   1 dead:   0 
2022-11-15 12:38:08.016 | [GameAnalyzerEnd] Minerals max 695 Average 124
2022-11-15 12:38:08.017 | [GameAnalyzerEnd] Vespene max 248 Average 80
2022-11-15 12:38:08.018 | INFO     | sc2.main:_play_game:228 - Result for player 1 - Bot Turtles(Terran): Defeat
2022-11-15 12:38:09.122 | INFO     | sc2.protocol:__request:48 - Cannot receive: Game has already ended.
2022-11-15 12:38:09.123 | INFO     | sc2.sc2process:_close_connection:231 - Closing connection at 52846...
2022-11-15 12:38:09.126 | INFO     | sc2.sc2process:kill_all:33 - kill_switch: Process cleanup for 1 processes
