2022-11-16 11:14:30.495 | INFO     | sc2.protocol:_execute:72 - Client status changed to Status.launched (was None)
2022-11-16 11:14:30.497 | INFO     | sc2.controller:create_game:37 - Creating new game
2022-11-16 11:14:30.499 | INFO     | sc2.controller:create_game:38 - Map:     OxideAIE
2022-11-16 11:14:30.500 | INFO     | sc2.controller:create_game:39 - Players: Bot Turtles(Terran), Computer VeryHard(Random, RandomBuild)
2022-11-16 11:14:30.503 | INFO     | sc2.protocol:_execute:72 - Client status changed to Status.init_game (was Status.launched)
2022-11-16 11:14:38.820 | INFO     | sc2.protocol:_execute:72 - Client status changed to Status.in_game (was None)
2022-11-16 11:14:38.822 | INFO     | sc2.main:_play_game:221 - Player 1 - Bot Turtles(Terran)
2022-11-16 11:14:39.368 | 00:00    0ms    0M    0G  12/ 15U [Version] 5.0.10.89165
2022-11-16 11:14:39.370 | 00:00    0ms    0M    0G  12/ 15U [Version] 5.0.6 Balance mod recognized.
2022-11-16 11:14:39.438 | 00:00    0ms    0M    0G  12/ 15U [ZoneManager] Map set to: MapName.Oxide from name: Oxide AIE and hash: 3281780.
2022-11-16 11:14:40.218 | [Start] My race: Terran
2022-11-16 11:14:40.220 | [Start] Opponent race: Random
2022-11-16 11:14:40.221 | [Start] OpponentId: None
2022-11-16 11:14:40.375 | 00:00    6ms    0M    0G  13/ 15U [GameAnalyzer] Income advantage is now SlightDisadvantage
2022-11-16 11:14:40.488 | 00:01    9ms    0M    0G  13/ 15U [GameAnalyzer] Income advantage is now Even
2022-11-16 11:14:40.779 | 00:04    6ms    0M    0G  13/ 15U [GameAnalyzer] Income advantage is now SlightDisadvantage
2022-11-16 11:14:40.809 | 00:04   11ms    0M    0G  13/ 15U [GameAnalyzer] Income advantage is now Even
2022-11-16 11:14:41.420 | 00:09    6ms   75M    0G  13/ 15U [GameAnalyzer] Income advantage is now SlightDisadvantage
2022-11-16 11:14:41.437 | 00:09    8ms   85M    0G  13/ 15U [GameAnalyzer] Income advantage is now Even
2022-11-16 11:14:41.945 | 00:15    6ms    0M    0G  13/ 15U [ActUnit] SCV from COMMANDCENTER at (147.5, 147.5)
2022-11-16 11:14:43.242 | 00:27    7ms  105M    0G  14/ 15U [ActUnit] SCV from COMMANDCENTER at (147.5, 147.5)
2022-11-16 11:14:44.353 | 00:36    7ms   10M    0G  15/ 23U [BuildGas] Building REFINERY to (154.5, 144.5)
2022-11-16 11:14:44.889 | 00:41    7ms    0M    0G  15/ 23U [ActUnit] SCV from COMMANDCENTER at (147.5, 147.5)
2022-11-16 11:14:45.475 | 00:45    7ms   55M    0G  16/ 23U [GameAnalyzer] Income advantage is now SlightDisadvantage
2022-11-16 11:14:45.554 | 00:46   10ms   70M    0G  16/ 23U [GameAnalyzer] Income advantage is now Even
2022-11-16 11:14:45.967 | 00:50    8ms  100M    0G  16/ 23U [GameAnalyzer] Income advantage is now SlightDisadvantage
2022-11-16 11:14:45.987 | 00:50    9ms  105M    0G  16/ 23U [GameAnalyzer] Income advantage is now Even
2022-11-16 11:14:46.344 | 00:53    9ms   95M    0G  16/ 23U [ActUnit] SCV from COMMANDCENTER at (147.5, 147.5)
2022-11-16 11:14:47.212 | 00:59    7ms  180M    0G  17/ 23U [GameAnalyzer] Income advantage is now SlightDisadvantage
2022-11-16 11:14:47.235 | 01:00    9ms  185M    0G  17/ 23U [GameAnalyzer] Income advantage is now Even
2022-11-16 11:14:47.945 | 01:05   10ms  190M    8G  17/ 23U [ActUnit] SCV from COMMANDCENTER at (147.5, 147.5)
2022-11-16 11:14:49.459 | 01:15   23ms  320M   28G  18/ 23U [GameAnalyzer] Income advantage is now SmallAdvantage
2022-11-16 11:14:49.546 | 01:15   17ms  320M   32G  18/ 23U [GameAnalyzer] Income advantage is now SlightAdvantage
2022-11-16 11:14:49.709 | 01:15   24ms  320M   32G  18/ 23U [BuildDetector] POSSIBLE RUSH: PoolFirst.
2022-11-16 11:14:49.834 | 01:16   21ms  330M   32G  18/ 23U [GameAnalyzer] Income advantage is now Even
2022-11-16 11:14:50.223 | 01:17   17ms  345M   36G  18/ 23U [GameAnalyzer] Predicted army advantage is now SlightDisadvantage
2022-11-16 11:14:50.225 | 01:17   17ms  295M   36G  18/ 23U [ActUnit] SCV from COMMANDCENTER at (147.5, 147.5)
2022-11-16 11:14:50.584 | 01:19   11ms  310M   40G  19/ 23U [BuildPosition] Building BUNKER to (132.5, 141.5)
2022-11-16 11:14:50.616 | 01:19   14ms  315M   40G  19/ 23U [BuildPosition] Building BUNKER to (132.5, 141.5)
2022-11-16 11:14:50.648 | 01:19   16ms  315M   40G  19/ 23U [BuildPosition] Building BUNKER to (132.5, 141.5)
2022-11-16 11:14:50.679 | 01:19   13ms  315M   40G  19/ 23U [BuildPosition] Building BUNKER to (132.5, 141.5)
2022-11-16 11:14:50.717 | 01:19   11ms  320M   40G  19/ 23U [BuildPosition] Building BUNKER to (132.5, 141.5)
2022-11-16 11:14:50.742 | 01:20   16ms  320M   40G  19/ 23U [BuildPosition] Building BUNKER to (132.5, 141.5)
2022-11-16 11:14:50.785 | 01:20   11ms  320M   40G  19/ 23U [BuildPosition] Building BUNKER to (132.5, 141.5)
2022-11-16 11:14:50.813 | 01:20   12ms  325M   40G  19/ 23U [BuildPosition] Building BUNKER to (132.5, 141.5)
2022-11-16 11:14:50.842 | 01:20   14ms  325M   40G  19/ 23U [BuildPosition] Building BUNKER to (132.5, 141.5)
2022-11-16 11:14:50.870 | 01:20   11ms  330M   40G  19/ 23U [BuildPosition] Building BUNKER to (132.5, 141.5)
2022-11-16 11:14:50.902 | 01:20   12ms  335M   44G  19/ 23U [BuildPosition] Building BUNKER to (132.5, 141.5)
2022-11-16 11:14:50.926 | 01:21   13ms  335M   44G  19/ 23U [BuildPosition] Building BUNKER to (132.5, 141.5)
2022-11-16 11:14:50.955 | 01:21   10ms  340M   44G  19/ 23U [BuildPosition] Building BUNKER to (132.5, 141.5)
2022-11-16 11:14:50.980 | 01:21   10ms  345M   44G  19/ 23U [BuildPosition] Building BUNKER to (132.5, 141.5)
2022-11-16 11:14:51.003 | 01:21   13ms  345M   44G  19/ 23U [BuildPosition] Building BUNKER to (132.5, 141.5)
2022-11-16 11:14:51.031 | 01:21   11ms  345M   44G  19/ 23U [BuildPosition] Building BUNKER to (132.5, 141.5)
2022-11-16 11:14:51.055 | 01:21   11ms  345M   44G  19/ 23U [GameAnalyzer] Income advantage is now SlightDisadvantage
2022-11-16 11:14:51.056 | 01:21   11ms  345M   44G  19/ 23U [BuildPosition] Building BUNKER to (132.5, 141.5)
2022-11-16 11:14:51.079 | 01:22   13ms  345M   44G  19/ 23U [BuildPosition] Building BUNKER to (132.5, 141.5)
2022-11-16 11:14:51.105 | 01:22   11ms  345M   44G  19/ 23U [GameAnalyzer] Income advantage is now Even
2022-11-16 11:14:51.107 | 01:22   11ms  345M   44G  19/ 23U [BuildPosition] Building BUNKER to (132.5, 141.5)
2022-11-16 11:14:51.133 | 01:22   12ms  355M   48G  19/ 23U [BuildPosition] Building BUNKER to (132.5, 141.5)
2022-11-16 11:14:51.162 | 01:22   13ms  355M   48G  19/ 23U [BuildPosition] Building BUNKER to (132.5, 141.5)
2022-11-16 11:14:51.187 | 01:22   11ms  360M   48G  19/ 23U [BuildPosition] Building BUNKER to (132.5, 141.5)
2022-11-16 11:14:51.211 | 01:23   12ms  360M   48G  19/ 23U [BuildPosition] Building BUNKER to (132.5, 141.5)
2022-11-16 11:14:51.242 | 01:23   14ms  360M   48G  19/ 23U [GameAnalyzer] Income advantage is now SlightDisadvantage
2022-11-16 11:14:51.244 | 01:23   14ms  360M   48G  19/ 23U [BuildPosition] Building BUNKER to (132.5, 141.5)
2022-11-16 11:14:51.270 | 01:23   13ms  360M   48G  19/ 23U [BuildPosition] Building BUNKER to (132.5, 141.5)
2022-11-16 11:14:51.300 | 01:23   11ms  360M   48G  19/ 23U [BuildPosition] Building BUNKER to (132.5, 141.5)
2022-11-16 11:14:51.323 | 01:23   13ms  370M   52G  19/ 23U [GameAnalyzer] Income advantage is now Even
2022-11-16 11:14:51.325 | 01:23   13ms  370M   52G  19/ 23U [BuildPosition] Building BUNKER to (132.5, 141.5)
2022-11-16 11:14:51.353 | 01:23   12ms  375M   52G  19/ 23U [BuildPosition] Building BUNKER to (132.5, 141.5)
2022-11-16 11:14:51.383 | 01:24   12ms  125M   52G  19/ 23U [BuildPosition] Building BUNKER to (132.5, 141.5)
2022-11-16 11:14:51.425 | 01:24   16ms  175M   52G  19/ 23U [GameAnalyzer] Income advantage is now SlightDisadvantage
2022-11-16 11:14:51.523 | 01:25   10ms  180M   52G  19/ 23U [GameAnalyzer] Income advantage is now Even
2022-11-16 11:14:51.600 | 01:25   10ms  185M   56G  19/ 23U [GameAnalyzer] Income advantage is now SlightDisadvantage
2022-11-16 11:14:51.675 | 01:26   10ms  200M   56G  19/ 23U [GameAnalyzer] Income advantage is now Even
2022-11-16 11:14:51.679 | 01:26   10ms    0M    6G  19/ 23U [TerranUnit] REAPER from BARRACKS at (150.5, 155.5)
2022-11-16 11:14:51.732 | 01:26   13ms  150M    6G  20/ 23U [GameAnalyzer] Income advantage is now SlightDisadvantage
2022-11-16 11:14:51.830 | 01:27   10ms  155M   10G  20/ 23U [GameAnalyzer] Income advantage is now Even
2022-11-16 11:14:51.956 | 01:27    9ms  165M   10G  20/ 23U [GameAnalyzer] Income advantage is now SlightDisadvantage
2022-11-16 11:14:51.980 | 01:28   12ms  165M   10G  20/ 23U [GameAnalyzer] Income advantage is now Even
2022-11-16 11:14:52.009 | 01:28   12ms  170M   10G  20/ 23U [GameAnalyzer] Income advantage is now SlightDisadvantage
2022-11-16 11:14:52.063 | 01:28   13ms  180M   10G  20/ 23U [GameAnalyzer] Income advantage is now Even
2022-11-16 11:14:52.087 | 01:28   12ms  180M   10G  20/ 23U [GameAnalyzer] Income advantage is now SlightDisadvantage
2022-11-16 11:14:52.139 | 01:29   11ms  185M   14G  20/ 23U [GameAnalyzer] Income advantage is now Even
2022-11-16 11:14:52.250 | 01:29   10ms   40M   14G  20/ 23U [BuildDetector] POSSIBLE RUSH: RoachRush.
2022-11-16 11:14:52.275 | 01:30   11ms   40M   14G  20/ 23U [GameAnalyzer] Income advantage is now SlightDisadvantage
2022-11-16 11:14:52.327 | 01:30   10ms   45M   14G  20/ 23U [GameAnalyzer] Income advantage is now Even
2022-11-16 11:14:52.406 | 01:30   10ms   55M   18G  20/ 23U [GameAnalyzer] Income advantage is now SlightDisadvantage
2022-11-16 11:14:52.459 | 01:31   12ms   55M   18G  20/ 23U [GameAnalyzer] Income advantage is now Even
2022-11-16 11:14:52.539 | 01:31   11ms   60M   18G  20/ 23U [GameAnalyzer] Income advantage is now SlightDisadvantage
2022-11-16 11:14:52.655 | 01:32   10ms   75M   22G  20/ 23U [GameAnalyzer] Income advantage is now Even
2022-11-16 11:14:52.750 | 01:33   10ms   85M   22G  20/ 23U [GameAnalyzer] Income advantage is now SlightDisadvantage
2022-11-16 11:14:52.853 | 01:33   10ms   95M   26G  20/ 23U [GameAnalyzer] Income advantage is now Even
2022-11-16 11:14:52.929 | 01:34   10ms   95M   26G  20/ 23U [GameAnalyzer] Income advantage is now SlightDisadvantage
2022-11-16 11:14:52.974 | 01:34   10ms  100M   26G  20/ 23U [GameAnalyzer] Income advantage is now Even
2022-11-16 11:14:53.046 | 01:35   10ms  110M   30G  20/ 23U [GameAnalyzer] Income advantage is now SlightDisadvantage
2022-11-16 11:14:53.097 | 01:35   11ms  115M   30G  20/ 23U [GameAnalyzer] Income advantage is now Even
2022-11-16 11:14:53.120 | 01:35   11ms  115M   30G  20/ 23U [GameAnalyzer] Income advantage is now SlightDisadvantage
2022-11-16 11:14:53.149 | 01:35   11ms  120M   30G  20/ 23U [GameAnalyzer] Income advantage is now Even
2022-11-16 11:14:53.223 | 01:36   10ms  120M   34G  20/ 23U [GameAnalyzer] Income advantage is now SlightDisadvantage
2022-11-16 11:14:53.338 | 01:37   10ms  140M   34G  20/ 23U [GameAnalyzer] Income advantage is now Even
2022-11-16 11:14:53.368 | 01:37   11ms  145M   34G  20/ 23U [GameAnalyzer] Income advantage is now SlightDisadvantage
2022-11-16 11:14:53.463 | 01:38   12ms  155M   38G  20/ 23U [GameAnalyzer] Predicted army advantage is now SmallDisadvantage
2022-11-16 11:14:53.485 | 01:38   11ms  160M   38G  20/ 23U [GameAnalyzer] Income advantage is now Even
2022-11-16 11:14:53.514 | 01:38   11ms  160M   38G  20/ 23U [GameAnalyzer] Income advantage is now SlightDisadvantage
2022-11-16 11:14:53.576 | 01:38   10ms  160M   38G  20/ 23U [GameAnalyzer] Income advantage is now Even
2022-11-16 11:14:53.645 | 01:39   13ms  165M   38G  20/ 23U [GameAnalyzer] Income advantage is now SlightDisadvantage
2022-11-16 11:14:53.694 | 01:39   10ms  175M   42G  20/ 23U [GameAnalyzer] Income advantage is now Even
2022-11-16 11:14:53.741 | 01:40   10ms  175M   42G  20/ 23U [GameAnalyzer] Income advantage is now SlightDisadvantage
2022-11-16 11:14:53.765 | 01:40   11ms  180M   42G  20/ 23U [GameAnalyzer] Income advantage is now Even
2022-11-16 11:14:53.861 | 01:40   11ms  185M   46G  20/ 23U [GameAnalyzer] Income advantage is now SlightDisadvantage
2022-11-16 11:14:53.886 | 01:41   11ms  185M   46G  20/ 23U [GameAnalyzer] Income advantage is now Even
2022-11-16 11:14:53.912 | 01:41   12ms  185M   46G  20/ 23U [GameAnalyzer] Income advantage is now SlightDisadvantage
2022-11-16 11:14:54.106 | 01:42   12ms  220M   50G  20/ 23U [GameAnalyzer] Income advantage is now Even
2022-11-16 11:14:54.170 | 01:42   11ms  220M   50G  20/ 23U [GameAnalyzer] Income advantage is now SlightDisadvantage
2022-11-16 11:14:54.242 | 01:43   10ms  225M   50G  20/ 23U [GameAnalyzer] Income advantage is now Even
2022-11-16 11:14:54.348 | 01:44   11ms  235M   54G  20/ 23U [GameAnalyzer] Income advantage is now SlightDisadvantage
2022-11-16 11:14:54.392 | 01:44   10ms  240M   54G  20/ 23U [GameAnalyzer] Income advantage is now Even
2022-11-16 11:14:54.516 | 01:45   11ms  250M   58G  20/ 23U [GameAnalyzer] Income advantage is now SlightDisadvantage
2022-11-16 11:14:54.594 | 01:45   10ms  255M   58G  20/ 23U [GameAnalyzer] Income advantage is now Even
2022-11-16 11:14:54.620 | 01:46   11ms  260M   58G  20/ 23U [GameAnalyzer] Income advantage is now SlightDisadvantage
2022-11-16 11:14:54.749 | 01:46   10ms  280M   62G  20/ 23U [GameAnalyzer] Income advantage is now Even
2022-11-16 11:14:54.863 | 01:47   10ms  285M   62G  20/ 23U [GameAnalyzer] Income advantage is now SlightDisadvantage
2022-11-16 11:14:54.911 | 01:48   11ms  295M   62G  20/ 23U [GameAnalyzer] Income advantage is now Even
2022-11-16 11:14:54.959 | 01:48   12ms  295M   66G  20/ 23U [GameAnalyzer] Income advantage is now SlightDisadvantage
2022-11-16 11:14:55.015 | 01:48   10ms  300M   66G  20/ 23U [GameAnalyzer] Income advantage is now Even
2022-11-16 11:14:55.068 | 01:49   10ms  305M   66G  20/ 23U [GameAnalyzer] Income advantage is now SlightDisadvantage
2022-11-16 11:14:55.121 | 01:49   12ms  305M   66G  20/ 23U [GameAnalyzer] Income advantage is now Even
2022-11-16 11:14:55.147 | 01:49   12ms  310M   66G  20/ 23U [GameAnalyzer] Income advantage is now SlightDisadvantage
2022-11-16 11:14:55.225 | 01:50   10ms  315M   70G  20/ 23U [GameAnalyzer] Income advantage is now Even
2022-11-16 11:14:55.287 | 01:50   12ms  325M   70G  20/ 23U [GameAnalyzer] Income advantage is now SlightDisadvantage
2022-11-16 11:14:55.397 | 01:51   10ms  335M   74G  20/ 23U [GameAnalyzer] Income advantage is now Even
2022-11-16 11:14:55.430 | 01:51   11ms  335M   74G  20/ 31U [GameAnalyzer] Income advantage is now SlightDisadvantage
2022-11-16 11:14:55.506 | 01:51   10ms  345M   74G  20/ 31U [GameAnalyzer] Income advantage is now Even
2022-11-16 11:14:55.588 | 01:52   10ms  355M   74G  20/ 31U [GameAnalyzer] Income advantage is now SlightDisadvantage
2022-11-16 11:14:55.669 | 01:53   10ms  365M   78G  20/ 31U [GameAnalyzer] Income advantage is now Even
2022-11-16 11:14:55.984 | 01:54   10ms  325M   82G  20/ 31U [ActUnit] SCV from COMMANDCENTER at (147.5, 147.5)
2022-11-16 11:14:56.256 | 01:56   10ms  350M   86G  21/ 31U [GameAnalyzer] Income advantage is now SlightDisadvantage
2022-11-16 11:14:56.287 | 01:56   13ms  350M   86G  21/ 31U [GameAnalyzer] Income advantage is now Even
2022-11-16 11:14:56.451 | INFO     | sc2.protocol:_execute:72 - Client status changed to Status.ended (was Status.in_game)
2022-11-16 11:14:56.452 | Result: Defeat
2022-11-16 11:14:56.453 | Duration: 01:57
2022-11-16 11:14:56.454 | Step time min: 5
2022-11-16 11:14:56.456 | Step time avg: 9
2022-11-16 11:14:56.456 | Step time max: 109
2022-11-16 11:14:56.457 | [LostUnitsContents] My lost units minerals and gas: (0, 0)
2022-11-16 11:14:56.458 | [LostUnitsContents] My lost units minerals by score: 0.0
2022-11-16 11:14:56.459 | [LostUnitsContents] Enemy lost units minerals and gas: (0, 0)
2022-11-16 11:14:56.459 | [LostUnitsContents] Enemy lost units minerals by score: 0.0
2022-11-16 11:14:56.460 | [GameAnalyzerEnd] Own units:
2022-11-16 11:14:56.461 | [GameAnalyzerEnd] SCV               total:  18 alive:  18 dead:   0 
2022-11-16 11:14:56.462 | [GameAnalyzerEnd] SUPPLYDEPOT       total:   2 alive:   2 dead:   0 
2022-11-16 11:14:56.463 | [GameAnalyzerEnd] BUNKER            total:   1 alive:   1 dead:   0 
2022-11-16 11:14:56.463 | [GameAnalyzerEnd] ORBITALCOMMAND    total:   1 alive:   1 dead:   0 
2022-11-16 11:14:56.464 | [GameAnalyzerEnd] BARRACKS          total:   1 alive:   1 dead:   0 
2022-11-16 11:14:56.466 | [GameAnalyzerEnd] REFINERY          total:   1 alive:   1 dead:   0 
2022-11-16 11:14:56.467 | [GameAnalyzerEnd] Enemy units:
2022-11-16 11:14:56.468 | [GameAnalyzerEnd] DRONE             total:  19 alive:  19 dead:   0 
2022-11-16 11:14:56.469 | [GameAnalyzerEnd] OVERLORD          total:   2 alive:   2 dead:   0 
2022-11-16 11:14:56.469 | [GameAnalyzerEnd] HATCHERY          total:   1 alive:   1 dead:   0 
2022-11-16 11:14:56.470 | [GameAnalyzerEnd] SPAWNINGPOOL      total:   1 alive:   1 dead:   0 
2022-11-16 11:14:56.471 | [GameAnalyzerEnd] EXTRACTOR         total:   1 alive:   1 dead:   0 
2022-11-16 11:14:56.471 | [GameAnalyzerEnd] ROACHWARREN       total:   1 alive:   1 dead:   0 
2022-11-16 11:14:56.472 | [GameAnalyzerEnd] ZERGLING          total:   1 alive:   1 dead:   0 
2022-11-16 11:14:56.473 | [GameAnalyzerEnd] Minerals max 375 Average 157
2022-11-16 11:14:56.473 | [GameAnalyzerEnd] Vespene max 86 Average 18
2022-11-16 11:14:56.474 | INFO     | sc2.main:_play_game:228 - Result for player 1 - Bot Turtles(Terran): Defeat
2022-11-16 11:14:57.596 | INFO     | sc2.protocol:__request:48 - Cannot receive: Game has already ended.
2022-11-16 11:14:57.598 | INFO     | sc2.sc2process:_close_connection:231 - Closing connection at 53115...
2022-11-16 11:14:57.600 | INFO     | sc2.sc2process:kill_all:33 - kill_switch: Process cleanup for 1 processes
