2022-10-28 10:11:06.283 | INFO     | sc2.protocol:_execute:72 - Client status changed to Status.launched (was None)
2022-10-28 10:11:06.286 | INFO     | sc2.controller:create_game:37 - Creating new game
2022-10-28 10:11:06.287 | INFO     | sc2.controller:create_game:38 - Map:     2000AtmospheresAIE
2022-10-28 10:11:06.288 | INFO     | sc2.controller:create_game:39 - Players: Bot Turtles(Terran), Computer VeryHard(Random, RandomBuild)
2022-10-28 10:11:06.290 | INFO     | sc2.protocol:_execute:72 - Client status changed to Status.init_game (was Status.launched)
2022-10-28 10:11:18.392 | INFO     | sc2.protocol:_execute:72 - Client status changed to Status.in_game (was None)
2022-10-28 10:11:18.394 | INFO     | sc2.main:_play_game:221 - Player 1 - Bot Turtles(Terran)
2022-10-28 10:11:19.145 | 00:00    0ms    0M    0G  12/ 15U [Version] 5.0.10.88500
2022-10-28 10:11:19.147 | 00:00    0ms    0M    0G  12/ 15U [Version] 5.0.6 Balance mod recognized.
2022-10-28 10:11:19.227 | 00:00    0ms    0M    0G  12/ 15U [ZoneManager] Map set to: MapName.Atmospheres2000 from name: 2000 Atmospheres AIE and hash: 3307847.
2022-10-28 10:11:20.210 | [Start] My race: Terran
2022-10-28 10:11:20.212 | [Start] Opponent race: Random
2022-10-28 10:11:20.213 | [Start] OpponentId: None
2022-10-28 10:11:20.417 | 00:00    8ms    0M    0G  13/ 15U [GameAnalyzer] Income advantage is now SlightDisadvantage
2022-10-28 10:11:20.493 | 00:01    8ms    0M    0G  13/ 15U [GameAnalyzer] Income advantage is now Even
2022-10-28 10:11:21.440 | 00:09    6ms   85M    0G  13/ 15U [GameAnalyzer] Income advantage is now SlightDisadvantage
2022-10-28 10:11:21.479 | 00:09   10ms  100M    0G  13/ 15U [GameAnalyzer] Income advantage is now Even
2022-10-28 10:11:21.588 | 00:10    8ms    0M    0G  13/ 15U [GameAnalyzer] Income advantage is now SlightDisadvantage
2022-10-28 10:11:21.627 | 00:11    6ms   10M    0G  13/ 15U [GameAnalyzer] Income advantage is now Even
2022-10-28 10:11:22.079 | 00:14    8ms    0M    0G  13/ 15U [ActUnit] SCV from COMMANDCENTER at (166.5, 143.5)
2022-10-28 10:11:23.445 | 00:24   10ms  120M    0G  14/ 15U [GameAnalyzer] Income advantage is now SlightDisadvantage
2022-10-28 10:11:23.472 | 00:24    9ms  130M    0G  14/ 15U [GameAnalyzer] Income advantage is now Even
2022-10-28 10:11:23.900 | 00:26    8ms  105M    0G  14/ 15U [ActUnit] SCV from COMMANDCENTER at (166.5, 143.5)
2022-10-28 10:11:24.178 | 00:28    8ms  125M    0G  15/ 15U [GameAnalyzer] Income advantage is now SlightDisadvantage
2022-10-28 10:11:24.207 | 00:29   11ms  135M    0G  15/ 15U [GameAnalyzer] Income advantage is now Even
2022-10-28 10:11:24.984 | 00:34    7ms  200M    0G  15/ 15U [GameAnalyzer] Income advantage is now SlightDisadvantage
2022-10-28 10:11:25.028 | 00:34    8ms  215M    0G  15/ 15U [GameAnalyzer] Income advantage is now Even
2022-10-28 10:11:25.159 | 00:35    9ms  225M    0G  15/ 15U [GameAnalyzer] Income advantage is now SlightDisadvantage
2022-10-28 10:11:25.184 | 00:35    9ms  225M    0G  15/ 15U [GameAnalyzer] Income advantage is now Even
2022-10-28 10:11:25.272 | 00:36   15ms    5M    0G  15/ 23U [BuildGas] Building REFINERY to (162.5, 150.5)
2022-10-28 10:11:25.862 | 00:40    9ms    5M    0G  15/ 23U [ActUnit] SCV from COMMANDCENTER at (166.5, 143.5)
2022-10-28 10:11:25.956 | 00:41    7ms    5M    0G  16/ 23U [GameAnalyzer] Income advantage is now SlightDisadvantage
2022-10-28 10:11:25.977 | 00:41    8ms   10M    0G  16/ 23U [GameAnalyzer] Income advantage is now Even
2022-10-28 10:11:27.180 | 00:51    9ms  130M    0G  16/ 23U [GameAnalyzer] Income advantage is now SlightDisadvantage
2022-10-28 10:11:27.206 | 00:51   10ms  135M    0G  16/ 23U [GameAnalyzer] Income advantage is now Even
2022-10-28 10:11:27.360 | 00:52    7ms  100M    0G  16/ 23U [ActUnit] SCV from COMMANDCENTER at (166.5, 143.5)
2022-10-28 10:11:28.168 | 00:59    9ms  180M    0G  17/ 23U [GameAnalyzer] Income advantage is now SlightDisadvantage
2022-10-28 10:11:28.222 | 00:59    7ms  200M    0G  17/ 23U [GameAnalyzer] Income advantage is now Even
2022-10-28 10:11:28.863 | 01:04    7ms  200M    4G  17/ 23U [ActUnit] SCV from COMMANDCENTER at (166.5, 143.5)
2022-10-28 10:11:30.333 | 01:13   24ms  305M   24G  18/ 23U [GameAnalyzer] Income advantage is now SmallAdvantage
2022-10-28 10:11:30.444 | 01:13   20ms  310M   28G  18/ 23U [GameAnalyzer] Income advantage is now SlightAdvantage
2022-10-28 10:11:30.706 | 01:14   22ms  330M   28G  18/ 23U [GameAnalyzer] Income advantage is now Even
2022-10-28 10:11:31.037 | 01:16   11ms  300M   36G  18/ 23U [ActUnit] SCV from COMMANDCENTER at (166.5, 143.5)
2022-10-28 10:11:31.155 | 01:17   10ms  315M   36G  19/ 23U [EnemyArmyPredicter] Predicting negative free minerals for enemy: -150
2022-10-28 10:11:31.814 | 01:21   41ms  360M   48G  19/ 23U [GameAnalyzer] Income advantage is now SlightDisadvantage
2022-10-28 10:11:31.901 | 01:21   11ms  375M   48G  19/ 23U [GameAnalyzer] Income advantage is now Even
2022-10-28 10:11:31.934 | 01:22   14ms  375M   48G  19/ 23U [GameAnalyzer] Income advantage is now SlightDisadvantage
2022-10-28 10:11:31.994 | 01:22   11ms  380M   48G  19/ 23U [GameAnalyzer] Income advantage is now Even
2022-10-28 10:11:32.054 | 01:22   11ms  385M   52G  19/ 23U [GameAnalyzer] Income advantage is now SlightDisadvantage
2022-10-28 10:11:32.085 | 01:23   12ms  185M    2G  19/ 23U [TerranUnit] REAPER from BARRACKS at (158.5, 142.5)
2022-10-28 10:11:32.120 | 01:23   15ms  340M    2G  20/ 23U [GameAnalyzer] Income advantage is now Even
2022-10-28 10:11:32.184 | 01:23   11ms  340M    2G  20/ 23U [GameAnalyzer] Income advantage is now SlightDisadvantage
2022-10-28 10:11:32.270 | 01:24   11ms  355M    2G  20/ 23U [GameAnalyzer] Income advantage is now Even
2022-10-28 10:11:32.418 | 01:25   10ms  360M    6G  20/ 23U [GameAnalyzer] Income advantage is now SlightDisadvantage
2022-10-28 10:11:32.447 | 01:25   12ms  365M    6G  20/ 23U [GameAnalyzer] Income advantage is now Even
2022-10-28 10:11:32.627 | 01:26   11ms  380M   10G  20/ 23U [GameAnalyzer] Income advantage is now SlightDisadvantage
2022-10-28 10:11:32.688 | 01:26   12ms  385M   10G  20/ 23U [GameAnalyzer] Income advantage is now Even
2022-10-28 10:11:32.780 | 01:27   10ms  395M   10G  20/ 23U [GameAnalyzer] Income advantage is now SlightDisadvantage
2022-10-28 10:11:32.838 | 01:27   12ms  400M   14G  20/ 23U [GameAnalyzer] Income advantage is now Even
2022-10-28 10:11:32.982 | 01:28   11ms  410M   14G  20/ 23U [GameAnalyzer] Income advantage is now SlightDisadvantage
2022-10-28 10:11:33.039 | 01:28   10ms  415M   18G  20/ 23U [GameAnalyzer] Income advantage is now Even
2022-10-28 10:11:33.222 | 01:29   11ms  280M   18G  20/ 23U [GameAnalyzer] Income advantage is now SlightDisadvantage
2022-10-28 10:11:33.256 | 01:30   12ms  280M   18G  20/ 23U [GameAnalyzer] Income advantage is now Even
2022-10-28 10:11:33.543 | 01:31   10ms  305M   22G  20/ 23U [GameAnalyzer] Income advantage is now SlightDisadvantage
2022-10-28 10:11:33.576 | 01:31   14ms  315M   26G  20/ 23U [GameAnalyzer] Income advantage is now Even
2022-10-28 10:11:33.718 | 01:32   11ms  330M   26G  20/ 23U [GameAnalyzer] Income advantage is now SlightDisadvantage
2022-10-28 10:11:33.777 | 01:33   11ms  330M   26G  20/ 23U [GameAnalyzer] Income advantage is now Even
2022-10-28 10:11:33.868 | 01:33   11ms  335M   30G  20/ 23U [GameAnalyzer] Income advantage is now SlightDisadvantage
2022-10-28 10:11:33.894 | 01:33   12ms  340M   30G  20/ 23U [GameAnalyzer] Income advantage is now Even
2022-10-28 10:11:34.098 | 01:35   12ms  360M   34G  20/ 23U [GameAnalyzer] Income advantage is now SlightDisadvantage
2022-10-28 10:11:34.126 | 01:35   12ms  360M   34G  20/ 23U [GameAnalyzer] Income advantage is now Even
2022-10-28 10:11:34.300 | 01:36   11ms  375M   38G  20/ 23U [GameAnalyzer] Income advantage is now SlightDisadvantage
2022-10-28 10:11:34.334 | 01:36   13ms  375M   38G  20/ 23U [GameAnalyzer] Income advantage is now Even
2022-10-28 10:11:34.773 | 01:39   11ms  420M   46G  20/ 23U [GameAnalyzer] Income advantage is now SlightDisadvantage
2022-10-28 10:11:34.798 | 01:39   14ms  430M   46G  20/ 23U [GameAnalyzer] Income advantage is now Even
2022-10-28 10:11:34.859 | 01:39   11ms  430M   46G  20/ 23U [GameAnalyzer] Income advantage is now SlightDisadvantage
2022-10-28 10:11:34.916 | 01:40   11ms  440M   46G  20/ 23U [GameAnalyzer] Income advantage is now Even
2022-10-28 10:11:35.142 | 01:41   10ms  450M   50G  20/ 23U [GameAnalyzer] Income advantage is now SlightDisadvantage
2022-10-28 10:11:35.166 | 01:41   14ms  455M   50G  20/ 23U [GameAnalyzer] Income advantage is now Even
2022-10-28 10:11:35.199 | 01:41   12ms  460M   50G  20/ 23U [GameAnalyzer] Income advantage is now SlightDisadvantage
2022-10-28 10:11:35.225 | 01:41   12ms  470M   50G  20/ 23U [GameAnalyzer] Income advantage is now Even
2022-10-28 10:11:35.529 | 01:43   13ms  485M   58G  20/ 23U [GameAnalyzer] Income advantage is now SlightDisadvantage
2022-10-28 10:11:35.568 | 01:43   12ms  495M   58G  20/ 23U [GameAnalyzer] Income advantage is now Even
2022-10-28 10:11:35.726 | 01:44   13ms  510M   58G  20/ 23U [GameAnalyzer] Income advantage is now SlightDisadvantage
2022-10-28 10:11:35.751 | 01:44   12ms  510M   58G  20/ 23U [GameAnalyzer] Income advantage is now Even
2022-10-28 10:11:35.948 | 01:46   11ms  530M   62G  20/ 23U [GameAnalyzer] Income advantage is now SlightDisadvantage
2022-10-28 10:11:35.978 | 01:46   14ms  530M   62G  20/ 23U [GameAnalyzer] Income advantage is now Even
2022-10-28 10:11:36.258 | 01:48   11ms  555M   66G  20/ 23U [GameAnalyzer] Income advantage is now SlightDisadvantage
2022-10-28 10:11:36.317 | 01:48   13ms  570M   70G  20/ 23U [GameAnalyzer] Income advantage is now Even
2022-10-28 10:11:36.514 | 01:49   11ms  585M   74G  20/ 23U [GameAnalyzer] Income advantage is now SlightDisadvantage
2022-10-28 10:11:36.572 | 01:50   13ms  590M   74G  20/ 23U [GameAnalyzer] Income advantage is now Even
2022-10-28 10:11:36.662 | 01:50   13ms  605M   74G  20/ 23U [Expand] Expanding to (144.5, 152.5)
2022-10-28 10:11:36.837 | 01:51   13ms  215M   78G  20/ 23U [GameAnalyzer] Income advantage is now SlightDisadvantage
2022-10-28 10:11:36.861 | 01:51   13ms  220M   78G  20/ 23U [GameAnalyzer] Income advantage is now Even
2022-10-28 10:11:36.951 | 01:52   11ms  225M   78G  20/ 23U [GameAnalyzer] Income advantage is now SlightDisadvantage
2022-10-28 10:11:37.010 | 01:52   12ms  235M   82G  20/ 23U [GameAnalyzer] Income advantage is now Even
2022-10-28 10:11:37.126 | 01:53   11ms  245M   82G  20/ 23U [GameAnalyzer] Income advantage is now SlightDisadvantage
2022-10-28 10:11:37.185 | 01:53   14ms  250M   82G  20/ 23U [GameAnalyzer] Income advantage is now Even
2022-10-28 10:11:37.214 | 01:53   13ms  205M   86G  20/ 23U [ActUnit] SCV from COMMANDCENTER at (166.5, 143.5)
2022-10-28 10:11:37.319 | 01:54   12ms  210M   86G  21/ 23U [GameAnalyzer] Income advantage is now SlightDisadvantage
2022-10-28 10:11:37.375 | 01:54   11ms  215M   86G  21/ 23U [GameAnalyzer] Income advantage is now Even
2022-10-28 10:11:37.460 | 01:55   11ms  220M   86G  21/ 23U [GameAnalyzer] Income advantage is now SlightDisadvantage
2022-10-28 10:11:37.537 | 01:55   13ms  220M   86G  21/ 23U [GameAnalyzer] Income advantage is now Even
2022-10-28 10:11:37.539 | 01:55   13ms  220M   86G  21/ 23U [GameAnalyzer] Known army advantage is now SlightAdvantage
2022-10-28 10:11:37.540 | 01:55   13ms  220M   86G  21/ 23U [GameAnalyzer] Predicted army advantage is now SlightAdvantage
2022-10-28 10:11:37.541 | 01:55   13ms  220M   86G  21/ 23U [BuildAddon] UnitTypeId.BARRACKSREACTOR to (161.0, 142.0)
2022-10-28 10:11:37.703 | 01:55   16ms   25M   40G  21/ 23U [GameAnalyzer] Income advantage is now SlightDisadvantage
2022-10-28 10:11:37.853 | 01:56   14ms   40M   40G  21/ 23U [GameAnalyzer] Income advantage is now Even
2022-10-28 10:11:37.933 | 01:56   17ms   45M   40G  21/ 23U [GameAnalyzer] Income advantage is now SlightDisadvantage
2022-10-28 10:11:37.975 | 01:57   17ms   50M   44G  21/ 23U [GameAnalyzer] Income advantage is now Even
2022-10-28 10:11:38.057 | 01:57   16ms   60M   44G  21/ 23U [GameAnalyzer] Income advantage is now SlightAdvantage
2022-10-28 10:11:38.100 | 01:57   15ms   60M   44G  21/ 23U [GameAnalyzer] Income advantage is now Even
2022-10-28 10:11:38.404 | 01:59   17ms   80M   48G  21/ 23U [GameAnalyzer] Income advantage is now SlightAdvantage
2022-10-28 10:11:38.443 | 01:59   16ms   85M   48G  21/ 23U [GameAnalyzer] Income advantage is now Even
2022-10-28 10:11:38.666 | 02:00   19ms   85M   52G  21/ 23U [GameAnalyzer] Income advantage is now SlightAdvantage
2022-10-28 10:11:38.798 | 02:00   17ms   90M   52G  21/ 23U [GameAnalyzer] Income advantage is now Even
2022-10-28 10:11:39.497 | 02:03   14ms   70M   60G  21/ 23U [GameAnalyzer] Income advantage is now SlightAdvantage
2022-10-28 10:11:39.544 | 02:03   17ms   70M   60G  21/ 23U [GameAnalyzer] Income advantage is now Even
2022-10-28 10:11:40.153 | 02:06   33ms   45M   68G  21/ 23U [ActUnit] SCV from COMMANDCENTER at (166.5, 143.5)
2022-10-28 10:11:40.232 | 02:06   14ms   55M   68G  22/ 23U [GameAnalyzer] Income advantage is now SlightAdvantage
2022-10-28 10:11:40.392 | 02:06   13ms   55M   68G  22/ 23U [GameAnalyzer] Income advantage is now Even
2022-10-28 10:11:40.587 | 02:07   14ms   70M   72G  22/ 23U [GameAnalyzer] Income advantage is now SlightAdvantage
2022-10-28 10:11:40.629 | 02:08   15ms   70M   72G  22/ 23U [GameAnalyzer] Income advantage is now Even
2022-10-28 10:11:40.868 | 02:08   32ms   80M   76G  22/ 23U [GameAnalyzer] Income advantage is now SlightAdvantage
2022-10-28 10:11:40.948 | 02:09   14ms   80M   76G  22/ 23U [GameAnalyzer] Income advantage is now Even
2022-10-28 10:11:41.164 | 02:10   14ms  115M   76G  22/ 23U [GameAnalyzer] Income advantage is now SlightAdvantage
2022-10-28 10:11:41.287 | 02:10   14ms  120M   80G  22/ 23U [GameAnalyzer] Income advantage is now Even
2022-10-28 10:11:41.992 | 02:13   14ms  170M   88G  22/ 23U [GameAnalyzer] Income advantage is now SlightAdvantage
2022-10-28 10:11:42.063 | 02:13   13ms  170M   88G  22/ 23U [GameAnalyzer] Income advantage is now Even
2022-10-28 10:11:42.208 | 02:14   14ms  180M   88G  22/ 23U [GameAnalyzer] Income advantage is now SlightAdvantage
2022-10-28 10:11:42.281 | 02:14   14ms  180M   88G  22/ 23U [GameAnalyzer] Income advantage is now Even
2022-10-28 10:11:42.667 | 02:16   13ms  215M   96G  22/ 23U [GameAnalyzer] Income advantage is now SlightAdvantage
2022-10-28 10:11:42.718 | 02:16   16ms  215M   96G  22/ 23U [GameAnalyzer] Income advantage is now Even
2022-10-28 10:11:42.961 | 02:17   15ms   25M    0G  22/ 23U [BuildGas] Building REFINERY to (173.5, 140.5)
2022-10-28 10:11:43.372 | 02:19   13ms   45M    4G  22/ 23U [GameAnalyzer] Known army advantage is now SlightDisadvantage
2022-10-28 10:11:43.373 | 02:19   13ms   45M    4G  22/ 23U [GameAnalyzer] Predicted army advantage is now SlightDisadvantage
2022-10-28 10:11:43.447 | 02:20   16ms   50M    4G  22/ 23U [GameAnalyzer] Income advantage is now SlightAdvantage
2022-10-28 10:11:43.449 | 02:20   16ms    0M    4G  22/ 23U [ActUnit] SCV from COMMANDCENTER at (166.5, 143.5)
2022-10-28 10:11:43.539 | 02:20   14ms    0M    4G  23/ 23U [GameAnalyzer] Income advantage is now Even
2022-10-28 10:11:44.628 | 02:24   17ms   70M   12G  23/ 23U [GameAnalyzer] Predicted army advantage is now ClearDisadvantage
2022-10-28 10:11:46.122 | 02:30   14ms   95M   28G  23/ 31U [TerranUnit] MARINE from BARRACKS at (158.5, 142.5)
2022-10-28 10:11:46.162 | 02:31   16ms   50M   28G  24/ 31U [TerranUnit] MARINE from BARRACKS at (158.5, 142.5)
2022-10-28 10:11:46.459 | 02:32   14ms   35M   32G  25/ 31U [ActUnit] SCV from COMMANDCENTER at (166.5, 143.5)
2022-10-28 10:11:48.711 | 02:42   13ms  215M   60G  25/ 31U [GameAnalyzer] Income advantage is now SlightAdvantage
2022-10-28 10:11:48.779 | 02:43   14ms  215M   60G  25/ 31U [GameAnalyzer] Income advantage is now Even
2022-10-28 10:11:48.782 | 02:43   14ms  215M   60G  25/ 31U [BuildAddon] UnitTypeId.BARRACKSTECHLAB to (172.0, 151.0)
2022-10-28 10:11:48.990 | 02:44   13ms  120M   39G  25/ 31U [ActUnit] SCV from COMMANDCENTER at (166.5, 143.5)
2022-10-28 10:11:49.155 | 02:45   16ms  135M   47G  26/ 31U [GameAnalyzer] Income advantage is now SlightAdvantage
2022-10-28 10:11:49.253 | 02:45   16ms  160M   47G  26/ 31U [GameAnalyzer] Income advantage is now Even
2022-10-28 10:11:49.355 | 02:46   15ms  175M   51G  26/ 31U [GameAnalyzer] Income advantage is now SlightAdvantage
2022-10-28 10:11:49.389 | 02:46   15ms  180M   51G  26/ 31U [GameAnalyzer] Income advantage is now Even
2022-10-28 10:11:49.556 | 02:47   15ms  190M   51G  26/ 31U [GameAnalyzer] Income advantage is now SlightAdvantage
2022-10-28 10:11:49.624 | 02:47   14ms  190M   55G  26/ 31U [GameAnalyzer] Income advantage is now Even
2022-10-28 10:11:49.655 | 02:47   17ms  195M   55G  26/ 31U [GameAnalyzer] Income advantage is now SlightAdvantage
2022-10-28 10:11:49.693 | 02:48   15ms  195M   55G  26/ 31U [GameAnalyzer] Income advantage is now Even
2022-10-28 10:11:49.838 | 02:48   14ms  155M   55G  26/ 31U [TerranUnit] MARINE from BARRACKS at (158.5, 142.5)
2022-10-28 10:11:49.869 | 02:48   17ms  115M   59G  27/ 31U [TerranUnit] MARINE from BARRACKS at (158.5, 142.5)
2022-10-28 10:11:50.431 | 02:51   15ms  150M   71G  28/ 31U [GameAnalyzer] Income advantage is now SlightAdvantage
2022-10-28 10:11:50.541 | 02:52   14ms  175M   79G  28/ 31U [GameAnalyzer] Income advantage is now Even
2022-10-28 10:11:50.582 | 02:52   18ms  180M   79G  28/ 31U [GameAnalyzer] Income advantage is now SlightAdvantage
2022-10-28 10:11:50.652 | 02:53   14ms  185M   79G  28/ 31U [GameAnalyzer] Income advantage is now Even
2022-10-28 10:11:50.757 | 02:53   14ms  195M   87G  28/ 31U [GameAnalyzer] Income advantage is now SlightAdvantage
2022-10-28 10:11:50.792 | 02:53   17ms  195M   87G  28/ 31U [GameAnalyzer] Income advantage is now Even
2022-10-28 10:11:50.860 | 02:54   14ms  205M   87G  28/ 31U [GameAnalyzer] Income advantage is now SlightAdvantage
2022-10-28 10:11:50.954 | 02:54   14ms  210M   91G  28/ 31U [GameAnalyzer] Income advantage is now Even
2022-10-28 10:11:51.082 | 02:55   17ms  220M   95G  28/ 31U [GameAnalyzer] Income advantage is now SlightAdvantage
2022-10-28 10:11:51.119 | 02:55   14ms  220M   95G  28/ 31U [GameAnalyzer] Income advantage is now Even
2022-10-28 10:11:51.211 | 02:56   14ms  230M   95G  28/ 31U [GameAnalyzer] Income advantage is now SlightAdvantage
2022-10-28 10:11:51.276 | 02:56   16ms  185M   99G  28/ 31U [ActUnit] SCV from COMMANDCENTER at (166.5, 143.5)
2022-10-28 10:11:51.380 | 02:56   16ms  185M  103G  29/ 31U [GameAnalyzer] Income advantage is now Even
2022-10-28 10:11:51.413 | 02:57   16ms  190M  103G  29/ 31U [GameAnalyzer] Income advantage is now SlightAdvantage
2022-10-28 10:11:51.492 | 02:57   17ms  190M  103G  29/ 31U [GameAnalyzer] Income advantage is now Even
2022-10-28 10:11:51.608 | 02:58   18ms  210M  111G  29/ 31U [GameAnalyzer] Income advantage is now SlightAdvantage
2022-10-28 10:11:51.768 | 02:58   14ms  215M  111G  29/ 31U [GameAnalyzer] Income advantage is now Even
2022-10-28 10:11:51.942 | 02:59   17ms  260M  119G  29/ 31U [GameAnalyzer] Income advantage is now SlightAdvantage
2022-10-28 10:11:52.015 | 03:00   14ms  265M  119G  29/ 31U [GameAnalyzer] Income advantage is now Even
2022-10-28 10:11:52.135 | 03:00   15ms  270M  123G  29/ 31U [GameAnalyzer] Income advantage is now SlightAdvantage
2022-10-28 10:11:52.239 | 03:01   15ms  275M  127G  29/ 31U [GameAnalyzer] Predicted army advantage is now OverwhelmingDisadvantage
2022-10-28 10:11:52.242 | 03:01   15ms  275M  127G  29/ 31U [Tech] Started STIMPACK
2022-10-28 10:11:52.244 | 03:01   15ms  125M   27G  29/ 31U [TerranUnit] MARINE from BARRACKS at (169.5, 151.5)
2022-10-28 10:11:52.334 | 03:01   16ms  125M   27G  30/ 31U [GameAnalyzer] Income advantage is now Even
2022-10-28 10:11:52.374 | 03:01   15ms  130M   27G  30/ 31U [GameAnalyzer] Income advantage is now SlightAdvantage
2022-10-28 10:11:52.405 | 03:01   19ms  130M   27G  30/ 31U [GameAnalyzer] Income advantage is now Even
2022-10-28 10:11:52.440 | 03:01   15ms  140M   27G  30/ 31U [GameAnalyzer] Income advantage is now SlightAdvantage
2022-10-28 10:11:52.479 | 03:02   15ms  140M   31G  30/ 31U [GameAnalyzer] Income advantage is now Even
2022-10-28 10:11:52.619 | 03:02   17ms  160M   35G  30/ 31U [GameAnalyzer] Income advantage is now SlightAdvantage
2022-10-28 10:11:52.757 | 03:03   14ms  165M   39G  30/ 31U [GameAnalyzer] Income advantage is now Even
2022-10-28 10:11:52.827 | 03:03   17ms  170M   39G  30/ 31U [GameAnalyzer] Income advantage is now SlightAdvantage
2022-10-28 10:11:52.933 | 03:04   16ms  175M   43G  30/ 31U [GameAnalyzer] Income advantage is now Even
2022-10-28 10:11:53.035 | 03:05   16ms  195M   47G  30/ 31U [GameAnalyzer] Income advantage is now SlightAdvantage
2022-10-28 10:11:53.147 | 03:05   17ms  195M   51G  30/ 31U [GameAnalyzer] Income advantage is now Even
2022-10-28 10:11:53.151 | 03:05   17ms  195M   51G  30/ 31U [BuildAddon] UnitTypeId.FACTORYREACTOR to (169.0, 134.0)
2022-10-28 10:11:53.230 | 03:05   16ms  150M    1G  30/ 31U [GameAnalyzer] Income advantage is now SlightAdvantage
2022-10-28 10:11:53.374 | 03:06   17ms  180M    5G  30/ 31U [GameAnalyzer] Income advantage is now Even
2022-10-28 10:11:53.378 | 03:06   17ms  130M    5G  30/ 31U [TerranUnit] MARINE from BARRACKS at (158.5, 142.5)
2022-10-28 10:11:53.408 | 03:06   17ms  135M    5G  31/ 31U [GameAnalyzer] Known army advantage is now Even
2022-10-28 10:11:53.483 | 03:07   17ms  145M    9G  31/ 31U [GameAnalyzer] Income advantage is now SlightAdvantage
2022-10-28 10:11:53.598 | 03:07   17ms  155M    9G  31/ 31U [GameAnalyzer] Income advantage is now Even
2022-10-28 10:11:53.670 | 03:08   15ms  160M   13G  31/ 31U [GameAnalyzer] Income advantage is now SlightAdvantage
2022-10-28 10:11:53.741 | 03:08   15ms  165M   13G  31/ 31U [GameAnalyzer] Income advantage is now Even
2022-10-28 10:11:53.781 | 03:08   15ms  170M   17G  31/ 46U [GameAnalyzer] Income advantage is now SlightAdvantage
2022-10-28 10:11:54.207 | 03:10   14ms   50M   25G  31/ 46U [GameAnalyzer] Income advantage is now SmallAdvantage
2022-10-28 10:11:54.210 | 03:10   14ms    0M   25G  31/ 46U [TerranUnit] MARINE from BARRACKS at (158.5, 142.5)
2022-10-28 10:11:54.281 | 03:11   15ms    5M   29G  32/ 46U [GameAnalyzer] Income advantage is now SlightAdvantage
2022-10-28 10:11:54.795 | 03:13   17ms   75M   41G  32/ 46U [GameAnalyzer] Income advantage is now Even
2022-10-28 10:11:54.837 | 03:13   17ms   80M   41G  32/ 46U [GameAnalyzer] Income advantage is now SlightAdvantage
2022-10-28 10:11:55.215 | 03:15   16ms  105M   53G  31/ 46U [GameAnalyzer] Income advantage is now Even
2022-10-28 10:11:55.249 | 03:15   20ms  110M   53G  31/ 46U [GameAnalyzer] Income advantage is now SlightAdvantage
2022-10-28 10:11:55.448 | 03:16   17ms  130M   57G  31/ 46U [GameAnalyzer] Known army advantage is now SmallDisadvantage
2022-10-28 10:11:55.590 | 03:17   16ms  135M   61G  31/ 46U [GameAnalyzer] Income advantage is now Even
2022-10-28 10:11:55.621 | 03:17   16ms  135M   65G  31/ 46U [GameAnalyzer] Income advantage is now SlightAdvantage
2022-10-28 10:11:55.898 | 03:18   17ms  120M   73G  31/ 46U [TerranUnit] MARINE from BARRACKS at (169.5, 151.5)
2022-10-28 10:11:56.211 | 03:20   14ms  170M   81G  32/ 46U [GameAnalyzer] Income advantage is now Even
2022-10-28 10:11:56.241 | 03:20   19ms  180M   81G  32/ 46U [GameAnalyzer] Income advantage is now SlightAdvantage
2022-10-28 10:11:56.998 | 03:24   15ms  110M    1G  32/ 46U [GameAnalyzer] Known army advantage is now SlightDisadvantage
2022-10-28 10:11:57.040 | 03:24   15ms   10M    1G  32/ 46U [GameAnalyzer] Income advantage is now Even
2022-10-28 10:11:57.071 | 03:24   18ms   15M    5G  32/ 46U [GameAnalyzer] Income advantage is now SlightAdvantage
2022-10-28 10:11:57.111 | 03:25   15ms   15M    5G  32/ 46U [GameAnalyzer] Income advantage is now Even
2022-10-28 10:11:57.141 | 03:25   15ms   15M    5G  32/ 46U [GameAnalyzer] Income advantage is now SlightAdvantage
2022-10-28 10:11:57.512 | 03:27   14ms   75M   17G  32/ 46U [GameAnalyzer] Income advantage is now Even
2022-10-28 10:11:57.547 | 03:27   15ms   80M   17G  32/ 46U [GameAnalyzer] Income advantage is now SlightAdvantage
2022-10-28 10:11:57.667 | 03:27   14ms   85M   21G  32/ 46U [GameAnalyzer] Income advantage is now Even
2022-10-28 10:11:57.739 | 03:28   15ms   90M   21G  32/ 46U [GameAnalyzer] Income advantage is now SlightAdvantage
2022-10-28 10:11:57.817 | 03:28   18ms   55M   25G  32/ 46U [TerranUnit] MARINE from BARRACKS at (158.5, 142.5)
2022-10-28 10:11:57.849 | 03:28   16ms   10M   25G  33/ 46U [TerranUnit] MARINE from BARRACKS at (158.5, 142.5)
2022-10-28 10:11:57.918 | 03:29   16ms   15M   29G  34/ 46U [GameAnalyzer] Income advantage is now Even
2022-10-28 10:11:57.953 | 03:29   15ms   20M   29G  34/ 46U [GameAnalyzer] Income advantage is now SlightAdvantage
2022-10-28 10:11:58.097 | 03:30   15ms   25M   29G  34/ 46U [GameAnalyzer] Income advantage is now Even
2022-10-28 10:11:58.130 | 03:30   18ms   25M   33G  34/ 46U [GameAnalyzer] Income advantage is now SlightAdvantage
2022-10-28 10:11:58.648 | 03:32   14ms   90M   45G  34/ 46U [GameAnalyzer] Income advantage is now Even
2022-10-28 10:11:58.689 | 03:32   17ms  100M   45G  34/ 46U [GameAnalyzer] Income advantage is now SlightAdvantage
2022-10-28 10:11:58.857 | 03:33   14ms  115M   53G  34/ 46U [GameAnalyzer] Income advantage is now Even
2022-10-28 10:11:58.859 | 03:33   14ms   65M   53G  34/ 46U [ActUnit] SCV from COMMANDCENTER at (166.5, 143.5)
2022-10-28 10:11:58.894 | 03:33   17ms   20M   53G  35/ 46U [ActUnit] SCV from COMMANDCENTER at (144.5, 152.5)
2022-10-28 10:11:58.933 | 03:33   17ms   25M   53G  36/ 46U [GameAnalyzer] Income advantage is now SlightAdvantage
2022-10-28 10:11:59.536 | 03:36   14ms   65M   69G  36/ 46U [GameAnalyzer] Known army advantage is now Even
2022-10-28 10:11:59.539 | 03:36   14ms   15M   69G  36/ 46U [TerranUnit] MARINE from BARRACKS at (169.5, 151.5)
2022-10-28 10:11:59.574 | 03:36   17ms   15M   69G  37/ 46U [GameAnalyzer] Income advantage is now Even
2022-10-28 10:11:59.613 | 03:37   18ms   15M   69G  37/ 46U [GameAnalyzer] Income advantage is now SlightAdvantage
2022-10-28 10:11:59.760 | 03:37   14ms   35M   73G  37/ 46U [GameAnalyzer] Income advantage is now Even
2022-10-28 10:11:59.868 | 03:38   15ms   50M   77G  37/ 46U [GameAnalyzer] Income advantage is now SlightAdvantage
2022-10-28 10:12:00.479 | 03:41   16ms   40M   68G  37/ 46U [TerranUnit] WIDOWMINE from FACTORY at (166.5, 134.5)
2022-10-28 10:12:00.644 | 03:42   17ms   80M   72G  39/ 46U [GameAnalyzer] Income advantage is now Even
2022-10-28 10:12:00.648 | 03:42   17ms    5M   47G  39/ 46U [TerranUnit] WIDOWMINE from FACTORY at (166.5, 134.5)
2022-10-28 10:12:00.820 | 03:42   18ms   25M   51G  41/ 46U [GameAnalyzer] Income advantage is now SlightAdvantage
2022-10-28 10:12:00.905 | 03:43   18ms   35M   51G  41/ 46U [GameAnalyzer] Income advantage is now Even
2022-10-28 10:12:00.989 | 03:43   20ms   35M   55G  41/ 46U [GameAnalyzer] Income advantage is now SlightAdvantage
2022-10-28 10:12:01.500 | 03:45   20ms   40M   67G  41/ 46U [ActUnit] SCV from COMMANDCENTER at (166.5, 143.5)
2022-10-28 10:12:01.599 | 03:46   20ms    0M   67G  42/ 46U [ActUnit] SCV from COMMANDCENTER at (144.5, 152.5)
2022-10-28 10:12:01.700 | 03:46   20ms    5M   71G  43/ 46U [GameAnalyzer] Known army advantage is now SlightAdvantage
2022-10-28 10:12:01.743 | 03:46   20ms   10M   71G  43/ 46U [GameAnalyzer] Predicted army advantage is now ClearDisadvantage
2022-10-28 10:12:01.972 | 03:47   18ms   25M   75G  43/ 46U [GameAnalyzer] Predicted army advantage is now OverwhelmingDisadvantage
2022-10-28 10:12:02.351 | 03:48   18ms   20M   83G  43/ 46U [TerranUnit] MARINE from BARRACKS at (158.5, 142.5)
2022-10-28 10:12:02.910 | 03:50   18ms    5M   95G  44/ 46U [TerranUnit] MARINE from BARRACKS at (158.5, 142.5)
2022-10-28 10:12:03.371 | 03:52   21ms   70M  107G  45/ 54U [GameAnalyzer] Income advantage is now SmallAdvantage
2022-10-28 10:12:03.418 | 03:52   19ms   70M  107G  45/ 54U [GameAnalyzer] Income advantage is now SlightAdvantage
2022-10-28 10:12:03.842 | 03:54   16ms  100M  115G  45/ 54U [GameAnalyzer] Income advantage is now SmallAdvantage
2022-10-28 10:12:03.843 | 03:54   16ms  100M  115G  45/ 54U [GameAnalyzer] Predicted army advantage is now ClearDisadvantage
2022-10-28 10:12:03.879 | 03:54   22ms    5M  115G  45/ 54U [GameAnalyzer] Income advantage is now SlightAdvantage
2022-10-28 10:12:04.058 | 03:55   17ms    0M  119G  45/ 54U [TerranUnit] MARINE from BARRACKS at (169.5, 151.5)
2022-10-28 10:12:04.663 | 03:57   19ms   60M  131G  46/ 54U [GameAnalyzer] Predicted army advantage is now OverwhelmingDisadvantage
2022-10-28 10:12:04.665 | 03:57   19ms   10M  131G  46/ 54U [ActUnit] SCV from COMMANDCENTER at (166.5, 143.5)
2022-10-28 10:12:04.787 | 03:58   19ms   30M  135G  47/ 54U [GameAnalyzer] Income advantage is now SmallAdvantage
2022-10-28 10:12:04.838 | 03:58   21ms   35M  139G  47/ 54U [GameAnalyzer] Income advantage is now SlightAdvantage
2022-10-28 10:12:04.876 | 03:58   19ms   35M  139G  47/ 54U [GameAnalyzer] Income advantage is now SmallAdvantage
2022-10-28 10:12:05.024 | 03:59   19ms   40M  139G  47/ 54U [GameAnalyzer] Income advantage is now SlightAdvantage
2022-10-28 10:12:05.121 | 03:59   21ms   45M  143G  47/ 54U [GameAnalyzer] Income advantage is now SmallAdvantage
2022-10-28 10:12:05.224 | 04:00   20ms   55M  143G  47/ 54U [GameAnalyzer] Income advantage is now SlightAdvantage
2022-10-28 10:12:05.226 | 04:00   20ms    5M  143G  47/ 54U [ActUnit] SCV from COMMANDCENTER at (144.5, 152.5)
2022-10-28 10:12:05.567 | 04:01   20ms   40M  151G  48/ 54U [GameAnalyzer] Income advantage is now SmallAdvantage
2022-10-28 10:12:05.614 | 04:01   21ms   40M  151G  48/ 54U [GameAnalyzer] Income advantage is now SlightAdvantage
2022-10-28 10:12:05.704 | 04:01   20ms   65M  155G  48/ 54U [GameAnalyzer] Income advantage is now SmallAdvantage
2022-10-28 10:12:05.754 | 04:01   20ms   65M  155G  48/ 54U [GameAnalyzer] Income advantage is now SlightAdvantage
2022-10-28 10:12:06.004 | 04:02   19ms   90M  159G  48/ 54U [GameAnalyzer] Known army advantage is now SmallAdvantage
2022-10-28 10:12:06.004 | 04:02   19ms   90M  159G  48/ 54U [GameAnalyzer] Predicted army advantage is now ClearDisadvantage
2022-10-28 10:12:06.088 | 04:03   19ms  105M  163G  48/ 54U [GameAnalyzer] Income advantage is now SmallAdvantage
2022-10-28 10:12:06.194 | 04:03   18ms    5M  163G  48/ 54U [GameAnalyzer] Income advantage is now SlightAdvantage
2022-10-28 10:12:06.934 | 04:06   21ms   90M  179G  48/ 54U [GameAnalyzer] Income advantage is now SmallAdvantage
2022-10-28 10:12:06.998 | 04:06   22ms   90M  179G  48/ 54U [GameAnalyzer] Income advantage is now SlightAdvantage
2022-10-28 10:12:07.046 | 04:06   20ms   90M  179G  48/ 54U [GameAnalyzer] Income advantage is now SmallAdvantage
2022-10-28 10:12:07.101 | 04:06   23ms   90M  179G  48/ 54U [GameAnalyzer] Known army advantage is now ClearAdvantage
2022-10-28 10:12:07.104 | 04:06   23ms   40M  179G  48/ 54U [TerranUnit] MARINE from BARRACKS at (158.5, 142.5)
2022-10-28 10:12:07.142 | 04:06   22ms   40M  179G  49/ 54U [GameAnalyzer] Income advantage is now SlightAdvantage
2022-10-28 10:12:07.192 | 04:06   20ms   50M  183G  49/ 54U [GameAnalyzer] Income advantage is now SmallAdvantage
2022-10-28 10:12:07.259 | 04:07   22ms   50M  183G  49/ 54U [GameAnalyzer] Income advantage is now SlightAdvantage
2022-10-28 10:12:07.304 | 04:07   20ms   55M  183G  49/ 54U [GameAnalyzer] Income advantage is now SmallAdvantage
2022-10-28 10:12:07.426 | 04:07   21ms   60M  187G  49/ 54U [GameAnalyzer] Income advantage is now SlightAdvantage
2022-10-28 10:12:07.563 | 04:08   20ms  100M  187G  49/ 54U [GameAnalyzer] Income advantage is now SmallAdvantage
2022-10-28 10:12:07.688 | 04:08   19ms   50M  191G  49/ 54U [TerranUnit] MARINE from BARRACKS at (158.5, 142.5)
2022-10-28 10:12:07.733 | 04:08   23ms   50M  191G  50/ 54U [GameAnalyzer] Income advantage is now SlightAdvantage
2022-10-28 10:12:08.007 | 04:09   19ms  110M  195G  50/ 54U [BuildAddon] UnitTypeId.FACTORYTECHLAB to (171.0, 131.0)
2022-10-28 10:12:08.109 | 04:10   19ms   15M  174G  50/ 54U [ActUnit] SCV from COMMANDCENTER at (166.5, 143.5)
2022-10-28 10:12:08.257 | 04:10   22ms   30M  178G  51/ 54U [GameAnalyzer] Income advantage is now SmallAdvantage
2022-10-28 10:12:08.408 | 04:11   19ms   35M  178G  51/ 54U [GameAnalyzer] Income advantage is now SlightAdvantage
2022-10-28 10:12:08.465 | 04:11   20ms   35M  178G  51/ 54U [GameAnalyzer] Income advantage is now SmallAdvantage
2022-10-28 10:12:08.511 | 04:11   22ms   35M  182G  51/ 54U [GameAnalyzer] Income advantage is now SlightAdvantage
2022-10-28 10:12:08.560 | 04:11   20ms   40M  182G  51/ 54U [GameAnalyzer] Income advantage is now SmallAdvantage
2022-10-28 10:12:08.699 | 04:12   18ms    5M  186G  51/ 54U [ActUnit] SCV from COMMANDCENTER at (144.5, 152.5)
2022-10-28 10:12:09.018 | 04:13   18ms   25M  194G  52/ 54U [GameAnalyzer] Income advantage is now SlightAdvantage
2022-10-28 10:12:09.020 | 04:13   18ms   25M  194G  52/ 54U [GameAnalyzer] Predicted army advantage is now SmallDisadvantage
2022-10-28 10:12:09.061 | 04:13   25ms   30M  194G  52/ 54U [GameAnalyzer] Income advantage is now SmallAdvantage
2022-10-28 10:12:09.243 | 04:14   21ms   45M  194G  52/ 54U [GameAnalyzer] Income advantage is now SlightAdvantage
2022-10-28 10:12:09.355 | 04:14   19ms   30M  198G  52/ 54U [TerranUnit] MARINE from BARRACKS at (169.5, 151.5)
2022-10-28 10:12:09.502 | 04:15   19ms   50M  202G  53/ 54U [GameAnalyzer] Income advantage is now SmallAdvantage
2022-10-28 10:12:09.605 | 04:15   20ms   55M  202G  53/ 54U [GameAnalyzer] Income advantage is now SlightAdvantage
2022-10-28 10:12:09.807 | 04:16   19ms   65M  206G  53/ 54U [GameAnalyzer] Income advantage is now SmallAdvantage
2022-10-28 10:12:10.295 | 04:17   49ms  120M  214G  53/ 54U [GameAnalyzer] Income advantage is now SlightAdvantage
2022-10-28 10:12:10.391 | 04:18   20ms  130M  218G  53/ 54U [GameAnalyzer] Income advantage is now SmallAdvantage
2022-10-28 10:12:10.558 | 04:18   20ms   45M  218G  53/ 54U [GameAnalyzer] Income advantage is now SlightAdvantage
2022-10-28 10:12:10.559 | 04:18   20ms   45M  218G  53/ 54U [GameAnalyzer] Predicted army advantage is now ClearDisadvantage
2022-10-28 10:12:10.707 | 04:19   19ms   55M  222G  53/ 54U [GameAnalyzer] Income advantage is now SmallAdvantage
2022-10-28 10:12:10.809 | 04:19   21ms   65M  226G  53/ 54U [GameAnalyzer] Income advantage is now SlightAdvantage
2022-10-28 10:12:10.903 | 04:19   20ms   80M  226G  53/ 54U [GameAnalyzer] Income advantage is now SmallAdvantage
2022-10-28 10:12:10.998 | 04:20   20ms   85M  230G  53/ 54U [GameAnalyzer] Income advantage is now SlightAdvantage
2022-10-28 10:12:11.161 | 04:20   19ms  105M  234G  53/ 62U [GameAnalyzer] Income advantage is now SmallAdvantage
2022-10-28 10:12:11.166 | 04:20   19ms    5M  134G  53/ 62U [TerranUnit] MEDIVAC from STARPORT at (166.5, 134.5)
2022-10-28 10:12:11.607 | 04:22   19ms   45M  142G  55/ 62U [GameAnalyzer] Income advantage is now SlightAdvantage
2022-10-28 10:12:11.648 | 04:22   20ms   55M  142G  55/ 62U [GameAnalyzer] Income advantage is now SmallAdvantage
2022-10-28 10:12:11.649 | 04:22   20ms    5M  142G  55/ 62U [ActUnit] SCV from COMMANDCENTER at (166.5, 143.5)
2022-10-28 10:12:11.855 | 04:23   21ms   50M  146G  56/ 62U [GameAnalyzer] Income advantage is now SlightAdvantage
2022-10-28 10:12:11.899 | 04:23   20ms   55M  146G  56/ 62U [GameAnalyzer] Income advantage is now SmallAdvantage
2022-10-28 10:12:12.142 | 04:24   20ms   25M  150G  56/ 62U [ActUnit] SCV from COMMANDCENTER at (144.5, 152.5)
2022-10-28 10:12:12.192 | 04:24   20ms   25M  150G  57/ 62U [GameAnalyzer] Predicted army advantage is now SmallDisadvantage
2022-10-28 10:12:12.354 | 04:25   20ms   40M  154G  57/ 62U [GameAnalyzer] Income advantage is now SlightAdvantage
2022-10-28 10:12:12.410 | 04:25   21ms   45M  158G  57/ 62U [GameAnalyzer] Income advantage is now SmallAdvantage
2022-10-28 10:12:12.453 | 04:25   23ms    5M  158G  57/ 62U [TerranUnit] MARINE from BARRACKS at (158.5, 142.5)
2022-10-28 10:12:12.916 | 04:26   21ms   20M  166G  58/ 62U [GameAnalyzer] Income advantage is now SlightAdvantage
2022-10-28 10:12:13.014 | 04:27   20ms   40M  166G  58/ 62U [GameAnalyzer] Income advantage is now SmallAdvantage
2022-10-28 10:12:13.061 | 04:27   22ms   40M  166G  58/ 62U [GameAnalyzer] Income advantage is now SlightAdvantage
2022-10-28 10:12:13.124 | 04:27   25ms   15M  170G  58/ 62U [TerranUnit] MARINE from BARRACKS at (158.5, 142.5)
2022-10-28 10:12:13.178 | 04:27   22ms   30M  170G  59/ 62U [GameAnalyzer] Income advantage is now SmallAdvantage
2022-10-28 10:12:14.038 | 04:30   19ms   20M   86G  59/ 70U [TerranUnit] MEDIVAC from STARPORT at (166.5, 134.5)
2022-10-28 10:12:14.524 | 04:32   22ms   10M   94G  61/ 70U [TerranUnit] MARINE from BARRACKS at (169.5, 151.5)
2022-10-28 10:12:15.219 | 04:34   21ms   40M  106G  62/ 70U [ActUnit] SCV from COMMANDCENTER at (166.5, 143.5)
2022-10-28 10:12:15.780 | 04:36   21ms   30M  118G  63/ 70U [ActUnit] SCV from COMMANDCENTER at (144.5, 152.5)
2022-10-28 10:12:17.156 | 04:41   20ms  100M  142G  64/ 70U [Tech] Started SHIELDWALL
2022-10-28 10:12:18.814 | 04:46   23ms  150M   74G  64/ 78U [ActUnit] SCV from COMMANDCENTER at (166.5, 143.5)
2022-10-28 10:12:19.323 | 04:48   21ms  160M   82G  65/ 78U [ActUnit] SCV from COMMANDCENTER at (144.5, 152.5)
2022-10-28 10:12:19.797 | 04:50   20ms  200M   94G  66/ 78U [GameAnalyzer] Known army advantage is now OverwhelmingAdvantage
2022-10-28 10:12:19.802 | 04:50   20ms  100M   69G  66/ 78U [TerranUnit] MARAUDER from BARRACKS at (169.5, 151.5)
2022-10-28 10:12:20.048 | 04:51   23ms  150M   73G  68/ 78U [GameAnalyzer] Income advantage is now ClearAdvantage
2022-10-28 10:12:20.156 | 04:51   21ms  155M   73G  68/ 78U [GameAnalyzer] Income advantage is now SmallAdvantage
2022-10-28 10:12:20.498 | 04:52   22ms  130M   77G  68/ 78U [BuildGas] Building REFINERY to (140.5, 159.5)
2022-10-28 10:12:21.401 | 04:55   22ms  130M   93G  68/ 78U [BuildGas] Building REFINERY to (137.5, 155.5)
2022-10-28 10:12:22.470 | 04:58   24ms  100M   34G  68/ 78U [TerranUnit] VIKINGFIGHTER from STARPORT at (166.5, 134.5)
2022-10-28 10:12:22.729 | 04:59   22ms    0M   42G  70/ 78U [ActUnit] SCV from COMMANDCENTER at (166.5, 143.5)
2022-10-28 10:12:23.339 | 05:01   27ms    5M   50G  71/ 86U [ActUnit] SCV from COMMANDCENTER at (144.5, 152.5)
2022-10-28 10:12:24.851 | 05:05   27ms  125M   74G  72/ 86U [EnemyArmyPredicter] Predicting negative free minerals for enemy: -60
2022-10-28 10:12:24.853 | 05:05   27ms  125M   74G  72/ 86U [GameAnalyzer] Known army advantage is now SmallDisadvantage
2022-10-28 10:12:26.661 | 05:09   28ms  290M   98G  72/ 86U [GameAnalyzer] Income advantage is now ClearAdvantage
2022-10-28 10:12:26.733 | 05:09   31ms  290M   98G  72/ 86U [GameAnalyzer] Income advantage is now SmallAdvantage
2022-10-28 10:12:26.957 | 05:10   29ms  315M  102G  72/ 86U [EnemyArmyPredicter] Predicting negative free minerals for enemy: -60
2022-10-28 10:12:27.391 | 05:11   31ms  305M  106G  72/ 86U [ActUnit] SCV from COMMANDCENTER at (166.5, 143.5)
2022-10-28 10:12:27.452 | 05:11   31ms  310M  106G  73/ 86U [GameAnalyzer] Known army advantage is now SlightDisadvantage
2022-10-28 10:12:27.453 | 05:11   31ms  310M  106G  73/ 86U [GameAnalyzer] Predicted army advantage is now SlightDisadvantage
2022-10-28 10:12:27.458 | 05:11   31ms  210M   81G  73/ 86U [TerranUnit] MARAUDER from BARRACKS at (169.5, 151.5)
2022-10-28 10:12:28.198 | 05:13   30ms  250M   93G  75/ 86U [ActUnit] SCV from COMMANDCENTER at (144.5, 152.5)
2022-10-28 10:12:28.901 | 05:15   32ms  295M  105G  76/ 86U [GameAnalyzer] Income advantage is now ClearAdvantage
2022-10-28 10:12:28.969 | 05:15   31ms  300M  105G  76/ 86U [GameAnalyzer] Income advantage is now SmallAdvantage
2022-10-28 10:12:29.044 | 05:15   32ms  300M  105G  76/ 86U [EnemyArmyPredicter] Predicting negative free minerals for enemy: -120
2022-10-28 10:12:29.046 | 05:15   32ms  300M  105G  76/ 86U [GameAnalyzer] Known army advantage is now SmallDisadvantage
2022-10-28 10:12:29.047 | 05:15   32ms  300M  105G  76/ 86U [GameAnalyzer] Predicted army advantage is now SmallDisadvantage
2022-10-28 10:12:29.395 | 05:16   31ms  335M  109G  76/ 86U [GameAnalyzer] Income advantage is now ClearAdvantage
2022-10-28 10:12:29.549 | 05:16   34ms  340M  113G  76/ 86U [GameAnalyzer] Income advantage is now SmallAdvantage
2022-10-28 10:12:29.832 | 05:17   30ms  375M  113G  76/ 86U [GameAnalyzer] Income advantage is now ClearAdvantage
2022-10-28 10:12:30.109 | 05:18   29ms  385M  121G  76/ 86U [GameAnalyzer] Income advantage is now SmallAdvantage
2022-10-28 10:12:30.245 | 05:18   31ms  390M  121G  76/ 86U [GameAnalyzer] Income advantage is now ClearAdvantage
2022-10-28 10:12:30.385 | 05:18   32ms  395M  121G  76/ 86U [GameAnalyzer] Income advantage is now SmallAdvantage
2022-10-28 10:12:30.466 | 05:19   31ms  325M   25G  76/ 86U [TerranUnit] MEDIVAC from STARPORT at (166.5, 134.5)
2022-10-28 10:12:30.621 | 05:19   42ms  240M   25G  78/ 86U [GameAnalyzer] Income advantage is now ClearAdvantage
2022-10-28 10:12:30.763 | 05:19   28ms  150M   29G  78/ 86U [GameAnalyzer] Income advantage is now SmallAdvantage
2022-10-28 10:12:31.038 | 05:20   30ms  165M   37G  78/ 86U [EnemyArmyPredicter] Predicting negative free minerals for enemy: -60
2022-10-28 10:12:31.040 | 05:20   30ms  165M   37G  78/ 86U [GameAnalyzer] Income advantage is now ClearAdvantage
2022-10-28 10:12:31.176 | 05:20   28ms  170M   37G  78/ 86U [GameAnalyzer] Income advantage is now SmallAdvantage
2022-10-28 10:12:31.319 | 05:21   29ms  195M   41G  78/ 86U [GameAnalyzer] Income advantage is now ClearAdvantage
2022-10-28 10:12:31.465 | 05:21   31ms  195M   41G  78/ 86U [GameAnalyzer] Income advantage is now SmallAdvantage
2022-10-28 10:12:31.670 | 05:22   33ms  315M   45G  78/ 86U [GameAnalyzer] Income advantage is now ClearAdvantage
2022-10-28 10:12:31.875 | 05:22   32ms  325M   49G  78/ 94U [GameAnalyzer] Income advantage is now SmallAdvantage
2022-10-28 10:12:31.939 | 05:22   32ms  330M   49G  78/ 94U [GameAnalyzer] Income advantage is now ClearAdvantage
2022-10-28 10:12:32.015 | 05:23   31ms  330M   49G  78/ 94U [GameAnalyzer] Income advantage is now SmallAdvantage
2022-10-28 10:12:32.077 | 05:23   32ms  345M   49G  78/ 94U [GameAnalyzer] Income advantage is now ClearAdvantage
2022-10-28 10:12:32.231 | 05:23   29ms  300M   57G  78/ 94U [ActUnit] SCV from COMMANDCENTER at (166.5, 143.5)
2022-10-28 10:12:32.642 | 05:24   34ms  320M   61G  79/ 94U [GameAnalyzer] Income advantage is now SmallAdvantage
2022-10-28 10:12:32.714 | 05:24   33ms  320M   61G  79/ 94U [GameAnalyzer] Income advantage is now ClearAdvantage
2022-10-28 10:12:32.991 | 05:25   28ms  300M   77G  79/ 94U [ActUnit] SCV from COMMANDCENTER at (144.5, 152.5)
2022-10-28 10:12:33.131 | 05:25   31ms  330M   77G  80/ 94U [GameAnalyzer] Income advantage is now SmallAdvantage
2022-10-28 10:12:33.282 | 05:26   29ms  350M   77G  80/ 94U [GameAnalyzer] Income advantage is now ClearAdvantage
2022-10-28 10:12:34.097 | 05:28   28ms  400M   97G  80/ 94U [GameAnalyzer] Income advantage is now SmallAdvantage
2022-10-28 10:12:34.167 | 05:28   30ms  410M   97G  80/ 94U [GameAnalyzer] Income advantage is now ClearAdvantage
2022-10-28 10:12:34.168 | 05:28   30ms  410M   97G  80/ 94U [GameAnalyzer] Known army advantage is now SlightDisadvantage
2022-10-28 10:12:34.169 | 05:28   30ms  410M   97G  80/ 94U [GameAnalyzer] Predicted army advantage is now SlightDisadvantage
2022-10-28 10:12:34.176 | 05:28   30ms  410M   97G  80/ 94U [Expand] Expanding to (146.5, 123.5)
2022-10-28 10:12:34.452 | 05:29   30ms   20M  105G  80/ 94U [GameAnalyzer] Income advantage is now SmallAdvantage
2022-10-28 10:12:34.525 | 05:29   30ms   25M  109G  80/ 94U [GameAnalyzer] Income advantage is now ClearAdvantage
2022-10-28 10:12:35.962 | 05:32   31ms  140M  145G  80/ 94U [GameAnalyzer] Income advantage is now SmallAdvantage
2022-10-28 10:12:36.040 | 05:32   34ms  155M  149G  80/ 94U [GameAnalyzer] Income advantage is now ClearAdvantage
2022-10-28 10:12:36.046 | 05:32   34ms  105M  149G  80/ 94U [TerranUnit] MARINE from BARRACKS at (158.5, 142.5)
2022-10-28 10:12:36.121 | 05:33   32ms  115M  149G  81/ 94U [GameAnalyzer] Income advantage is now SmallAdvantage
2022-10-28 10:12:36.127 | 05:33   32ms   15M  124G  81/ 94U [TerranUnit] MARAUDER from BARRACKS at (169.5, 151.5)
2022-10-28 10:12:36.321 | 05:33   30ms   30M  132G  83/ 94U [GameAnalyzer] Income advantage is now ClearAdvantage
2022-10-28 10:12:36.874 | 05:34   30ms    0M  144G  83/ 94U [TerranUnit] MARINE from BARRACKS at (158.5, 142.5)
2022-10-28 10:12:37.280 | 05:35   32ms   35M  152G  84/ 94U [GameAnalyzer] Income advantage is now SmallAdvantage
2022-10-28 10:12:37.355 | 05:35   34ms   55M  156G  84/ 94U [GameAnalyzer] Income advantage is now ClearAdvantage
2022-10-28 10:12:37.357 | 05:35   34ms    5M  156G  84/ 94U [ActUnit] SCV from COMMANDCENTER at (166.5, 143.5)
2022-10-28 10:12:37.788 | 05:36   35ms   10M  168G  85/ 94U [GameAnalyzer] Income advantage is now SmallAdvantage
2022-10-28 10:12:37.879 | 05:36   35ms   20M  168G  85/ 94U [GameAnalyzer] Income advantage is now ClearAdvantage
2022-10-28 10:12:38.239 | 05:37   37ms    0M  172G  85/ 94U [ActUnit] SCV from COMMANDCENTER at (144.5, 152.5)
2022-10-28 10:12:40.213 | 05:41   35ms  120M  216G  84/ 94U [GameAnalyzer] Known army advantage is now Even
2022-10-28 10:12:40.319 | 05:41   39ms  120M  216G  82/ 94U [GameAnalyzer] Known army advantage is now SlightDisadvantage
2022-10-28 10:12:41.641 | 05:43   32ms  100M  140G  78/102U [TerranUnit] MEDIVAC from STARPORT at (166.5, 134.5)
2022-10-28 10:12:42.851 | 05:46   30ms  185M  168G  75/102U [EnemyArmyPredicter] Predicting negative free minerals for enemy: -49
2022-10-28 10:12:42.853 | 05:46   30ms  185M  168G  75/102U [GameAnalyzer] Known army advantage is now Even
2022-10-28 10:12:42.853 | 05:46   30ms  185M  168G  75/102U [GameAnalyzer] Predicted army advantage is now Even
2022-10-28 10:12:43.565 | 05:48   30ms  190M  188G  72/102U [ActUnit] SCV from COMMANDCENTER at (166.5, 143.5)
2022-10-28 10:12:44.304 | 05:49   26ms   45M  204G  70/102U [ActUnit] SCV from COMMANDCENTER at (144.5, 152.5)
2022-10-28 10:12:44.644 | 05:50   25ms   20M  216G  70/102U [TerranUnit] MARINE from BARRACKS at (158.5, 142.5)
2022-10-28 10:12:44.975 | 05:51   26ms   60M  228G  71/102U [EnemyArmyPredicter] Predicting negative free minerals for enemy: -87
2022-10-28 10:12:45.394 | 05:52   27ms   20M  236G  71/102U [TerranUnit] MARINE from BARRACKS at (158.5, 142.5)
2022-10-28 10:12:46.051 | 05:54   26ms   30M  256G  72/102U [TerranUnit] MARINE from BARRACKS at (169.5, 151.5)
2022-10-28 10:12:46.884 | 05:56   29ms  100M  280G  73/102U [EnemyArmyPredicter] Predicting negative free minerals for enemy: -25
2022-10-28 10:12:48.019 | 05:59   28ms  200M  312G  73/102U [Tech] Started PUNISHERGRENADES
2022-10-28 10:12:48.261 | 06:00   25ms   10M  274G  73/102U [ActUnit] SCV from COMMANDCENTER at (166.5, 143.5)
2022-10-28 10:12:49.019 | 06:02   29ms   10M  294G  74/102U [ActUnit] SCV from COMMANDCENTER at (144.5, 152.5)
2022-10-28 10:12:51.395 | 06:08   26ms   25M  358G  75/102U [TerranUnit] MARINE from BARRACKS at (158.5, 142.5)
2022-10-28 10:12:52.151 | 06:10   27ms   30M  378G  76/102U [TerranUnit] MARINE from BARRACKS at (158.5, 142.5)
2022-10-28 10:12:52.826 | 06:12   27ms   55M  402G  77/102U [TerranUnit] MARINE from BARRACKS at (169.5, 151.5)
2022-10-28 10:12:52.883 | 06:12   32ms   10M  402G  78/102U [ActUnit] SCV from COMMANDCENTER at (166.5, 143.5)
2022-10-28 10:12:53.668 | 06:14   27ms   15M  422G  79/102U [ActUnit] SCV from COMMANDCENTER at (144.5, 152.5)
2022-10-28 10:12:53.792 | 06:14   27ms   20M  426G  80/102U [GameAnalyzer] Income advantage is now OverwhelmingAdvantage
2022-10-28 10:12:53.865 | 06:15   27ms   25M  426G  80/102U [GameAnalyzer] Income advantage is now ClearAdvantage
2022-10-28 10:12:56.869 | 06:22   62ms  105M  389G  80/102U [TerranUnit] SIEGETANK from FACTORY at (168.5, 131.5)
2022-10-28 10:12:57.631 | 06:24   27ms  100M  409G  83/102U [ActUnit] SCV from COMMANDCENTER at (166.5, 143.5)
2022-10-28 10:12:58.102 | 06:25   30ms  145M  425G  84/102U [GameAnalyzer] Income advantage is now OverwhelmingAdvantage
2022-10-28 10:12:58.168 | 06:26   28ms  145M  425G  84/102U [GameAnalyzer] Income advantage is now ClearAdvantage
2022-10-28 10:12:58.312 | 06:26   30ms  100M  429G  84/102U [TerranUnit] MARINE from BARRACKS at (158.5, 142.5)
2022-10-28 10:12:58.371 | 06:26   29ms   55M  429G  85/102U [ActUnit] SCV from COMMANDCENTER at (144.5, 152.5)
2022-10-28 10:12:58.433 | 06:26   30ms   75M  429G  86/102U [GameAnalyzer] Income advantage is now OverwhelmingAdvantage
2022-10-28 10:12:58.509 | 06:26   32ms   90M  437G  86/102U [GameAnalyzer] Income advantage is now ClearAdvantage
2022-10-28 10:12:58.579 | 06:27   30ms   95M  437G  86/102U [GameAnalyzer] Income advantage is now OverwhelmingAdvantage
2022-10-28 10:12:58.660 | 06:27   32ms   95M  437G  86/102U [GameAnalyzer] Income advantage is now ClearAdvantage
2022-10-28 10:12:59.998 | 06:30   29ms  100M  477G  86/102U [Tech] Started TERRANINFANTRYWEAPONSLEVEL1
2022-10-28 10:13:00.002 | 06:30   29ms   50M  477G  86/102U [TerranUnit] MARINE from BARRACKS at (169.5, 151.5)
2022-10-28 10:13:00.066 | 06:31   32ms    5M  377G  86/102U [GameAnalyzer] Income advantage is now OverwhelmingAdvantage
2022-10-28 10:13:00.143 | 06:31   31ms   20M  385G  86/102U [GameAnalyzer] Income advantage is now ClearAdvantage
2022-10-28 10:13:00.421 | 06:31   28ms    0M  389G  86/102U [TerranUnit] MARINE from BARRACKS at (158.5, 142.5)
2022-10-28 10:13:00.490 | 06:32   30ms    0M  389G  87/102U [GameAnalyzer] Income advantage is now OverwhelmingAdvantage
2022-10-28 10:13:00.640 | 06:32   29ms    5M  393G  87/102U [GameAnalyzer] Income advantage is now ClearAdvantage
2022-10-28 10:13:01.140 | 06:33   28ms    0M  409G  87/102U [TerranUnit] MARINE from BARRACKS at (169.5, 151.5)
2022-10-28 10:13:02.287 | 06:36   33ms   95M  437G  88/102U [GameAnalyzer] Income advantage is now OverwhelmingAdvantage
2022-10-28 10:13:02.355 | 06:36   30ms  100M  441G  88/102U [GameAnalyzer] Income advantage is now ClearAdvantage
2022-10-28 10:13:02.356 | 06:36   30ms   50M  441G  88/102U [ActUnit] SCV from COMMANDCENTER at (166.5, 143.5)
2022-10-28 10:13:02.549 | 06:37   29ms   55M  449G  89/102U [GameAnalyzer] Income advantage is now OverwhelmingAdvantage
2022-10-28 10:13:02.690 | 06:37   30ms   70M  453G  89/102U [GameAnalyzer] Income advantage is now ClearAdvantage
2022-10-28 10:13:02.737 | 06:37   29ms   80M  453G  89/102U [GameAnalyzer] Income advantage is now OverwhelmingAdvantage
2022-10-28 10:13:02.883 | 06:38   30ms   90M  457G  89/102U [GameAnalyzer] Income advantage is now ClearAdvantage
2022-10-28 10:13:03.034 | 06:38   29ms  110M  457G  89/102U [Tech] Started TERRANINFANTRYARMORSLEVEL1
2022-10-28 10:13:03.236 | 06:39   28ms   30M  365G  89/102U [GameAnalyzer] Income advantage is now OverwhelmingAdvantage
2022-10-28 10:13:03.310 | 06:39   33ms   35M  369G  89/102U [GameAnalyzer] Income advantage is now ClearAdvantage
2022-10-28 10:13:03.446 | 06:39   29ms   45M  373G  89/102U [GameAnalyzer] Income advantage is now OverwhelmingAdvantage
2022-10-28 10:13:03.516 | 06:39   31ms    5M  373G  89/102U [ActUnit] SCV from COMMANDCENTER at (144.5, 152.5)
2022-10-28 10:13:03.589 | 06:40   30ms   10M  373G  90/102U [GameAnalyzer] Income advantage is now ClearAdvantage
2022-10-28 10:13:03.928 | 06:40   33ms   45M  385G  90/102U [GameAnalyzer] Income advantage is now OverwhelmingAdvantage
2022-10-28 10:13:04.071 | 06:41   29ms    0M  389G  90/102U [TerranUnit] MARINE from BARRACKS at (156.5, 145.5)
2022-10-28 10:13:04.345 | 06:41   34ms   15M  397G  91/102U [GameAnalyzer] Income advantage is now ClearAdvantage
2022-10-28 10:13:06.063 | 06:46   30ms    5M  445G  91/102U [TerranUnit] MARINE from BARRACKS at (158.5, 142.5)
2022-10-28 10:13:07.229 | 06:49   32ms   95M  481G  92/117U [GameAnalyzer] Income advantage is now OverwhelmingAdvantage
2022-10-28 10:13:08.782 | 06:53   31ms    0M  525G  92/125U [TerranUnit] MARINE from BARRACKS at (158.5, 142.5)
2022-10-28 10:13:08.857 | 06:53   32ms   10M  525G  93/125U [GameAnalyzer] Income advantage is now ClearAdvantage
2022-10-28 10:13:08.998 | 06:53   30ms   20M  529G  93/125U [GameAnalyzer] Income advantage is now OverwhelmingAdvantage
2022-10-28 10:13:09.363 | 06:54   31ms    0M  541G  93/125U [TerranUnit] MARINE from BARRACKS at (169.5, 151.5)
2022-10-28 10:13:11.159 | 06:59   36ms  150M  581G  94/125U [GameAnalyzer] Income advantage is now ClearAdvantage
2022-10-28 10:13:11.165 | 06:59   36ms  100M  581G  94/125U [TerranUnit] MARINE from BARRACKS at (156.5, 145.5)
2022-10-28 10:13:11.167 | 06:59   36ms  100M  581G  94/125U [BuildAddon] UnitTypeId.BARRACKSREACTOR to (159.0, 145.0)
2022-10-28 10:13:11.168 | 06:59   36ms  100M  581G  94/125U [BuildAddon] UnitTypeId.BARRACKSTECHLAB to (159.0, 145.0)
2022-10-28 10:13:11.231 | 06:59   36ms  110M  589G  95/125U [GameAnalyzer] Income advantage is now OverwhelmingAdvantage
2022-10-28 10:13:11.759 | 07:00   30ms  160M  597G  95/125U [GameAnalyzer] Income advantage is now ClearAdvantage
2022-10-28 10:13:11.905 | 07:00   30ms  175M  605G  95/125U [GameAnalyzer] Income advantage is now OverwhelmingAdvantage
2022-10-28 10:13:12.443 | 07:02   31ms  130M  613G  95/125U [BuildGas] Building REFINERY to (143.5, 130.5)
2022-10-28 10:13:13.072 | 07:03   32ms  200M  629G  95/125U [GameAnalyzer] Income advantage is now ClearAdvantage
2022-10-28 10:13:13.147 | 07:03   33ms  210M  637G  95/125U [GameAnalyzer] Income advantage is now OverwhelmingAdvantage
2022-10-28 10:13:13.159 | 07:03   33ms  135M  637G  95/125U [BuildGas] Building REFINERY to (153.5, 119.5)
2022-10-28 10:13:13.388 | 07:04   31ms  105M  641G  95/125U [TerranUnit] MARINE from BARRACKS at (158.5, 142.5)
2022-10-28 10:13:14.308 | 07:06   32ms  175M  661G  96/125U [GameAnalyzer] Income advantage is now ClearAdvantage
2022-10-28 10:13:14.385 | 07:06   35ms  190M  669G  96/125U [GameAnalyzer] Income advantage is now OverwhelmingAdvantage
2022-10-28 10:13:14.629 | 07:07   35ms  210M  673G  96/125U [GameAnalyzer] Income advantage is now ClearAdvantage
2022-10-28 10:13:14.784 | 07:07   34ms  235M  673G  96/125U [GameAnalyzer] Income advantage is now OverwhelmingAdvantage
2022-10-28 10:13:14.942 | 07:07   33ms  100M  552G  96/125U [TerranUnit] SIEGETANK from FACTORY at (168.5, 131.5)
2022-10-28 10:13:15.482 | 07:09   32ms  145M  568G  99/133U [GameAnalyzer] Income advantage is now ClearAdvantage
2022-10-28 10:13:15.545 | 07:09   34ms  155M  568G  99/133U [GameAnalyzer] Income advantage is now OverwhelmingAdvantage
2022-10-28 10:13:16.101 | 07:10   33ms  210M  584G  99/133U [GameAnalyzer] Income advantage is now ClearAdvantage
2022-10-28 10:13:16.184 | 07:10   35ms  220M  584G  99/133U [GameAnalyzer] Income advantage is now OverwhelmingAdvantage
2022-10-28 10:13:16.412 | 07:11   33ms  190M  592G  99/133U [TerranUnit] MARINE from BARRACKS at (158.5, 142.5)
2022-10-28 10:13:17.009 | 07:12   33ms  195M  608G 100/133U [TerranUnit] MARINE from BARRACKS at (169.5, 151.5)
2022-10-28 10:13:17.476 | 07:13   33ms  105M  466G 101/133U [TerranUnit] LIBERATOR from STARPORT at (166.5, 134.5)
2022-10-28 10:13:17.640 | 07:14   34ms  110M  474G 104/133U [GameAnalyzer] Income advantage is now ClearAdvantage
2022-10-28 10:13:17.792 | 07:14   30ms  135M  474G 104/133U [GameAnalyzer] Income advantage is now OverwhelmingAdvantage
2022-10-28 10:13:18.858 | 07:16   33ms  185M  506G 104/133U [ActUnit] SCV from COMMANDCENTER at (144.5, 152.5)
2022-10-28 10:13:18.866 | 07:16   33ms  135M  506G 104/133U [TerranUnit] MARINE from BARRACKS at (156.5, 145.5)
2022-10-28 10:13:18.868 | 07:16   33ms  135M  506G 104/133U [BuildAddon] UnitTypeId.BARRACKSREACTOR to (159.0, 145.0)
2022-10-28 10:13:18.870 | 07:16   33ms  135M  506G 104/133U [BuildAddon] UnitTypeId.BARRACKSTECHLAB to (159.0, 145.0)
2022-10-28 10:13:18.939 | 07:17   40ms   85M  506G 106/133U [ActUnit] SCV from COMMANDCENTER at (166.5, 143.5)
2022-10-28 10:13:19.016 | 07:17   35ms   50M  506G 107/133U [ActUnit] SCV from COMMANDCENTER at (146.5, 123.5)
2022-10-28 10:13:19.094 | 07:17   33ms   55M  510G 108/133U [GameAnalyzer] Income advantage is now ClearAdvantage
2022-10-28 10:13:19.329 | 07:18   31ms   95M  514G 108/133U [GameAnalyzer] Income advantage is now OverwhelmingAdvantage
2022-10-28 10:13:19.656 | 07:18   32ms  110M  522G 108/133U [GameAnalyzer] Income advantage is now ClearAdvantage
2022-10-28 10:13:19.810 | 07:19   30ms  130M  526G 108/133U [GameAnalyzer] Income advantage is now OverwhelmingAdvantage
2022-10-28 10:13:20.933 | 07:21   34ms  100M  404G 108/133U [TerranUnit] LIBERATOR from STARPORT at (166.5, 134.5)
2022-10-28 10:13:21.144 | 07:22   31ms  110M  412G 111/133U [GameAnalyzer] Income advantage is now ClearAdvantage
2022-10-28 10:13:21.295 | 07:22   39ms  140M  412G 111/133U [GameAnalyzer] Income advantage is now OverwhelmingAdvantage
2022-10-28 10:13:21.371 | 07:22   32ms  105M  420G 111/133U [TerranUnit] MARINE from BARRACKS at (158.5, 142.5)
2022-10-28 10:13:22.864 | 07:26   33ms  140M  456G 112/133U [GameAnalyzer] Income advantage is now ClearAdvantage
2022-10-28 10:13:22.940 | 07:26   32ms  155M  456G 112/133U [GameAnalyzer] Income advantage is now OverwhelmingAdvantage
2022-10-28 10:13:23.762 | 07:28   35ms  230M  480G 112/133U [GameAnalyzer] Income advantage is now ClearAdvantage
2022-10-28 10:13:23.836 | 07:28   34ms  240M  488G 112/133U [GameAnalyzer] Income advantage is now OverwhelmingAdvantage
2022-10-28 10:13:24.009 | 07:29   38ms  200M  488G 112/133U [ActUnit] SCV from COMMANDCENTER at (144.5, 152.5)
2022-10-28 10:13:24.016 | 07:29   38ms  150M  488G 112/133U [TerranUnit] MARINE from BARRACKS at (158.5, 142.5)
2022-10-28 10:13:24.081 | 07:29   33ms  110M  492G 114/133U [ActUnit] SCV from COMMANDCENTER at (166.5, 143.5)
2022-10-28 10:13:24.150 | 07:29   35ms   60M  492G 115/133U [ActUnit] SCV from COMMANDCENTER at (146.5, 123.5)
2022-10-28 10:13:24.601 | 07:30   32ms    5M  479G 116/133U [TerranUnit] MARAUDER from BARRACKS at (169.5, 151.5)
2022-10-28 10:13:26.442 | 07:34   34ms  175M  535G 118/133U [BuildAddon] UnitTypeId.BARRACKSREACTOR to (159.0, 145.0)
2022-10-28 10:13:26.444 | 07:34   34ms  175M  535G 118/133U [BuildAddon] UnitTypeId.BARRACKSTECHLAB to (159.0, 145.0)
2022-10-28 10:13:28.700 | 07:40   32ms  170M  561G 118/133U [GameAnalyzer] Known army advantage is now SlightAdvantage
2022-10-28 10:13:29.008 | 07:40   34ms  150M  573G 118/133U [TerranUnit] MARINE from BARRACKS at (158.5, 142.5)
2022-10-28 10:13:29.239 | 07:41   33ms  110M  581G 119/133U [ActUnit] SCV from COMMANDCENTER at (144.5, 152.5)
2022-10-28 10:13:29.309 | 07:41   40ms   75M  585G 120/133U [ActUnit] SCV from COMMANDCENTER at (166.5, 143.5)
2022-10-28 10:13:29.398 | 07:41   37ms   45M  589G 121/133U [ActUnit] SCV from COMMANDCENTER at (146.5, 123.5)
2022-10-28 10:13:31.899 | 07:46   34ms   10M  673G 122/133U [TerranUnit] MARINE from BARRACKS at (158.5, 142.5)
2022-10-28 10:13:33.580 | 07:50   39ms  100M  604G 123/141U [TerranUnit] SIEGETANK from FACTORY at (168.5, 131.5)
2022-10-28 10:13:34.177 | 07:51   42ms   60M  603G 126/141U [TerranUnit] MARAUDER from BARRACKS at (169.5, 151.5)
2022-10-28 10:13:35.412 | 07:54   43ms    0M  643G 128/141U [ActUnit] SCV from COMMANDCENTER at (146.5, 123.5)
2022-10-28 10:13:36.104 | 07:55   43ms    0M  663G 129/141U [ActUnit] SCV from COMMANDCENTER at (166.5, 143.5)
2022-10-28 10:13:36.298 | 07:56   43ms    0M  667G 130/141U [ActUnit] SCV from COMMANDCENTER at (144.5, 152.5)
2022-10-28 10:13:36.593 | 07:56   43ms   10M  675G 131/141U [GameAnalyzer] Known army advantage is now SmallAdvantage
2022-10-28 10:13:37.599 | 07:58   43ms   40M  707G 131/141U [TerranUnit] MARINE from BARRACKS at (158.5, 142.5)
2022-10-28 10:13:39.000 | 08:01   46ms   10M  605G 132/141U [TerranUnit] LIBERATOR from STARPORT at (166.5, 134.5)
2022-10-28 10:13:40.795 | 08:04   44ms   45M  511G 135/141U [TerranUnit] LIBERATOR from STARPORT at (166.5, 134.5)
2022-10-28 10:13:40.882 | 08:04   42ms    0M  511G 138/141U [TerranUnit] MARINE from BARRACKS at (158.5, 142.5)
2022-10-28 10:13:41.662 | 08:06   44ms   65M  535G 139/141U [GameAnalyzer] Known army advantage is now Even
2022-10-28 10:13:41.859 | 08:06   48ms   35M  543G 139/141U [ActUnit] SCV from COMMANDCENTER at (146.5, 123.5)
2022-10-28 10:13:42.573 | 08:07   46ms   10M  559G 140/141U [ActUnit] SCV from COMMANDCENTER at (166.5, 143.5)
2022-10-28 10:13:43.416 | 08:09   49ms   70M  583G 141/149U [ActUnit] SCV from COMMANDCENTER at (144.5, 152.5)
2022-10-28 10:13:44.701 | 08:11   51ms    0M  623G 142/149U [TerranUnit] MARINE from BARRACKS at (156.5, 145.5)
2022-10-28 10:13:45.628 | 08:13   49ms   10M  647G 143/149U [TerranUnit] MARINE from BARRACKS at (156.5, 145.5)
2022-10-28 10:13:46.099 | 08:13   57ms    0M  655G 144/149U [TerranUnit] MARINE from BARRACKS at (169.5, 151.5)
2022-10-28 10:13:47.895 | 08:16   46ms   20M  703G 145/149U [GameAnalyzer] Income advantage is now ClearAdvantage
2022-10-28 10:13:48.491 | 08:17   53ms    0M  711G 145/149U [TerranUnit] MARINE from BARRACKS at (158.5, 142.5)
2022-10-28 10:13:48.687 | 08:17   50ms   30M  719G 146/157U [GameAnalyzer] Income advantage is now OverwhelmingAdvantage
2022-10-28 10:13:48.943 | 08:17   53ms   40M  727G 146/157U [GameAnalyzer] Income advantage is now ClearAdvantage
2022-10-28 10:13:49.699 | 08:18   54ms   65M  735G 146/157U [GameAnalyzer] Income advantage is now OverwhelmingAdvantage
2022-10-28 10:13:49.701 | 08:18   54ms   15M  735G 146/157U [ActUnit] SCV from COMMANDCENTER at (146.5, 123.5)
2022-10-28 10:13:49.964 | 08:19   53ms   40M  743G 147/157U [GameAnalyzer] Income advantage is now ClearAdvantage
2022-10-28 10:13:50.250 | 08:19   57ms   55M  751G 147/157U [GameAnalyzer] Income advantage is now OverwhelmingAdvantage
2022-10-28 10:13:50.725 | 08:20   60ms   30M  759G 147/157U [ActUnit] SCV from COMMANDCENTER at (166.5, 143.5)
2022-10-28 10:13:50.891 | 08:20   57ms   30M  759G 148/157U [GameAnalyzer] Income advantage is now ClearAdvantage
2022-10-28 10:13:51.313 | 08:20   53ms   50M  767G 147/157U [GameAnalyzer] Income advantage is now OverwhelmingAdvantage
2022-10-28 10:13:51.624 | 08:21   53ms   65M  775G 146/157U [GameAnalyzer] Income advantage is now ClearAdvantage
2022-10-28 10:13:51.901 | 08:21   56ms   25M  783G 145/157U [ActUnit] SCV from COMMANDCENTER at (144.5, 152.5)
2022-10-28 10:13:52.140 | 08:21   51ms   50M  791G 146/157U [GameAnalyzer] Income advantage is now OverwhelmingAdvantage
2022-10-28 10:13:52.141 | 08:21   51ms   50M  791G 146/157U [GameAnalyzer] Known army advantage is now SlightAdvantage
2022-10-28 10:13:52.444 | 08:22   56ms   60M  791G 144/157U [GameAnalyzer] Income advantage is now ClearAdvantage
2022-10-28 10:13:52.571 | 08:22   52ms  100M  799G 142/157U [GameAnalyzer] Known army advantage is now Even
2022-10-28 10:13:52.840 | 08:22   51ms  115M  799G 141/157U [GameAnalyzer] Income advantage is now OverwhelmingAdvantage
2022-10-28 10:13:52.850 | 08:22   51ms   65M  799G 141/157U [TerranUnit] MARINE from BARRACKS at (158.5, 142.5)
2022-10-28 10:13:52.951 | 08:22   57ms   75M  803G 142/157U [GameAnalyzer] Known army advantage is now SlightAdvantage
2022-10-28 10:13:53.347 | 08:23   51ms   90M  815G 139/157U [GameAnalyzer] Income advantage is now ClearAdvantage
2022-10-28 10:13:53.349 | 08:23   51ms   90M  815G 139/157U [GameAnalyzer] Known army advantage is now Even
2022-10-28 10:13:53.867 | 08:24   50ms  160M  823G 138/157U [GameAnalyzer] Income advantage is now OverwhelmingAdvantage
2022-10-28 10:13:53.876 | 08:24   50ms   10M  698G 138/157U [TerranUnit] SIEGETANK from FACTORY at (168.5, 131.5)
2022-10-28 10:13:54.211 | 08:24   49ms   30M  706G 139/157U [GameAnalyzer] Income advantage is now ClearAdvantage
2022-10-28 10:13:54.434 | 08:25   56ms   50M  714G 139/157U [GameAnalyzer] Income advantage is now OverwhelmingAdvantage
2022-10-28 10:13:54.658 | 08:25   60ms   60M  722G 138/157U [GameAnalyzer] Income advantage is now ClearAdvantage
2022-10-28 10:13:54.974 | 08:25   52ms   80M  730G 137/157U [GameAnalyzer] Income advantage is now OverwhelmingAdvantage
2022-10-28 10:13:55.390 | 08:26   49ms  110M  738G 135/157U [GameAnalyzer] Income advantage is now ClearAdvantage
2022-10-28 10:13:55.649 | 08:26   54ms  135M  746G 135/157U [GameAnalyzer] Income advantage is now OverwhelmingAdvantage
2022-10-28 10:13:56.016 | 08:27   45ms    0M  650G 132/157U [GameAnalyzer] Income advantage is now ClearAdvantage
2022-10-28 10:13:56.151 | 08:27   46ms   15M  662G 132/157U [GameAnalyzer] Income advantage is now OverwhelmingAdvantage
2022-10-28 10:13:56.291 | 08:27   46ms   20M  662G 132/157U [GameAnalyzer] Income advantage is now ClearAdvantage
2022-10-28 10:13:56.780 | 08:28   44ms   55M  670G 129/157U [GameAnalyzer] Income advantage is now OverwhelmingAdvantage
2022-10-28 10:13:57.040 | 08:28   42ms   90M  678G 129/157U [GameAnalyzer] Income advantage is now ClearAdvantage
2022-10-28 10:13:57.294 | 08:29   43ms   60M  686G 129/157U [TerranUnit] MARINE from BARRACKS at (156.5, 145.5)
2022-10-28 10:13:57.385 | 08:29   44ms   90M  686G 130/157U [GameAnalyzer] Income advantage is now OverwhelmingAdvantage
2022-10-28 10:13:57.717 | 08:30   41ms  115M  694G 130/157U [GameAnalyzer] Income advantage is now ClearAdvantage
2022-10-28 10:13:58.042 | 08:30   42ms  155M  702G 130/157U [GameAnalyzer] Income advantage is now OverwhelmingAdvantage
2022-10-28 10:13:58.170 | 08:30   52ms  165M  710G 130/157U [GameAnalyzer] Income advantage is now ClearAdvantage
2022-10-28 10:13:58.283 | 08:30   43ms  125M  710G 130/157U [ActUnit] SCV from COMMANDCENTER at (146.5, 123.5)
2022-10-28 10:13:58.291 | 08:30   43ms   75M  710G 130/157U [TerranUnit] MARINE from BARRACKS at (156.5, 145.5)
2022-10-28 10:13:58.379 | 08:31   45ms   85M  714G 132/157U [GameAnalyzer] Income advantage is now OverwhelmingAdvantage
2022-10-28 10:13:58.697 | 08:31   43ms   55M  722G 132/157U [TerranUnit] MARINE from BARRACKS at (169.5, 151.5)
2022-10-28 10:13:58.788 | 08:31   44ms   60M  722G 133/157U [GameAnalyzer] Income advantage is now ClearAdvantage
2022-10-28 10:13:59.000 | 08:32   45ms   80M  734G 133/157U [GameAnalyzer] Known army advantage is now SmallAdvantage
2022-10-28 10:13:59.002 | 08:32   45ms   30M  734G 133/157U [ActUnit] SCV from COMMANDCENTER at (166.5, 143.5)
2022-10-28 10:13:59.175 | 08:32   42ms   55M  734G 134/157U [GameAnalyzer] Income advantage is now OverwhelmingAdvantage
2022-10-28 10:13:59.498 | 08:33   43ms   75M  746G 134/157U [GameAnalyzer] Income advantage is now ClearAdvantage
2022-10-28 10:13:59.499 | 08:33   43ms   75M  746G 134/157U [GameAnalyzer] Predicted army advantage is now SlightAdvantage
2022-10-28 10:13:59.697 | 08:33   47ms   95M  750G 134/157U [GameAnalyzer] Income advantage is now OverwhelmingAdvantage
2022-10-28 10:13:59.790 | 08:33   43ms   60M  758G 134/157U [ActUnit] SCV from COMMANDCENTER at (144.5, 152.5)
2022-10-28 10:14:00.211 | 08:34   40ms   80M  766G 134/157U [GameAnalyzer] Income advantage is now ClearAdvantage
2022-10-28 10:14:00.403 | 08:34   40ms  100M  770G 132/157U [GameAnalyzer] Income advantage is now OverwhelmingAdvantage
2022-10-28 10:14:00.608 | 08:35   50ms   70M  782G 132/165U [TerranUnit] MARINE from BARRACKS at (158.5, 142.5)
2022-10-28 10:14:01.179 | 08:35   44ms  100M  790G 133/165U [GameAnalyzer] Predicted army advantage is now Even
2022-10-28 10:14:01.424 | 08:36   41ms  135M  794G 133/165U [GameAnalyzer] Income advantage is now ClearAdvantage
2022-10-28 10:14:01.524 | 08:36   42ms  165M  794G 133/165U [GameAnalyzer] Known army advantage is now SlightAdvantage
2022-10-28 10:14:01.624 | 08:36   44ms  125M  806G 133/165U [TerranUnit] MARINE from BARRACKS at (154.5, 134.5)
2022-10-28 10:14:01.626 | 08:36   44ms  125M  806G 133/165U [BuildAddon] UnitTypeId.BARRACKSREACTOR to (157.0, 134.0)
2022-10-28 10:14:01.628 | 08:36   44ms  125M  806G 133/165U [BuildAddon] UnitTypeId.BARRACKSTECHLAB to (157.0, 134.0)
2022-10-28 10:14:01.717 | 08:36   48ms  145M  806G 134/165U [GameAnalyzer] Income advantage is now OverwhelmingAdvantage
2022-10-28 10:14:01.991 | 08:37   40ms  160M  814G 133/165U [GameAnalyzer] Known army advantage is now SmallAdvantage
2022-10-28 10:14:01.993 | 08:37   40ms  160M  814G 133/165U [GameAnalyzer] Predicted army advantage is now SlightAdvantage
2022-10-28 10:14:02.089 | 08:37   43ms  165M  818G 133/165U [GameAnalyzer] Income advantage is now ClearAdvantage
2022-10-28 10:14:02.216 | 08:37   49ms  205M  818G 133/165U [GameAnalyzer] Income advantage is now OverwhelmingAdvantage
2022-10-28 10:14:02.582 | 08:38   42ms  240M  830G 132/165U [GameAnalyzer] Income advantage is now ClearAdvantage
2022-10-28 10:14:02.851 | 08:38   40ms  260M  842G 132/165U [GameAnalyzer] Income advantage is now OverwhelmingAdvantage
2022-10-28 10:14:03.121 | 08:39   39ms  125M  754G 132/173U [GameAnalyzer] Income advantage is now ClearAdvantage
2022-10-28 10:14:03.203 | 08:39   38ms  145M  754G 132/173U [GameAnalyzer] Income advantage is now OverwhelmingAdvantage
2022-10-28 10:14:03.662 | 08:40   37ms  140M  766G 132/173U [TerranUnit] MARINE from BARRACKS at (158.5, 142.5)
2022-10-28 10:14:03.740 | 08:40   39ms  140M  766G 133/173U [GameAnalyzer] Income advantage is now ClearAdvantage
2022-10-28 10:14:03.820 | 08:40   42ms  140M  774G 133/173U [GameAnalyzer] Income advantage is now OverwhelmingAdvantage
2022-10-28 10:14:04.643 | 08:42   40ms  225M  802G 131/173U [GameAnalyzer] Known army advantage is now OverwhelmingAdvantage
2022-10-28 10:14:04.645 | 08:42   40ms  225M  802G 131/173U [GameAnalyzer] Predicted army advantage is now ClearAdvantage
2022-10-28 10:14:04.909 | 08:43   41ms  200M  810G 131/173U [ActUnit] SCV from COMMANDCENTER at (146.5, 123.5)
2022-10-28 10:14:05.243 | 08:43   38ms  260M  818G 132/173U [GameAnalyzer] Income advantage is now ClearAdvantage
2022-10-28 10:14:05.346 | 08:43   43ms  285M  826G 132/173U [GameAnalyzer] Income advantage is now OverwhelmingAdvantage
2022-10-28 10:14:05.471 | 08:44   43ms  195M  726G 132/173U [TerranUnit] MEDIVAC from STARPORT at (166.5, 134.5)
2022-10-28 10:14:05.547 | 08:44   39ms  160M  726G 134/173U [ActUnit] SCV from COMMANDCENTER at (166.5, 143.5)
2022-10-28 10:14:06.301 | 08:45   41ms  185M  750G 135/173U [ActUnit] SCV from COMMANDCENTER at (144.5, 152.5)
2022-10-28 10:14:07.012 | 08:47   39ms  195M  774G 136/173U [TerranUnit] MARINE from BARRACKS at (156.5, 145.5)
2022-10-28 10:14:07.168 | 08:47   39ms  230M  782G 137/173U [GameAnalyzer] Predicted army advantage is now OverwhelmingAdvantage
2022-10-28 10:14:07.621 | 08:48   42ms  110M  698G 137/173U [GameAnalyzer] Income advantage is now ClearAdvantage
2022-10-28 10:14:07.832 | 08:48   39ms  125M  702G 137/173U [GameAnalyzer] Income advantage is now OverwhelmingAdvantage
2022-10-28 10:14:07.841 | 08:48   39ms   75M  702G 137/173U [TerranUnit] MARINE from BARRACKS at (156.5, 145.5)
2022-10-28 10:14:08.103 | 08:49   40ms   95M  710G 138/173U [GameAnalyzer] Income advantage is now ClearAdvantage
2022-10-28 10:14:08.233 | 08:49   44ms   50M  710G 138/173U [TerranUnit] MARINE from BARRACKS at (169.5, 151.5)
2022-10-28 10:14:08.509 | 08:50   42ms   95M  722G 139/173U [GameAnalyzer] Income advantage is now OverwhelmingAdvantage
2022-10-28 10:14:08.839 | 08:50   43ms  155M  730G 139/173U [GameAnalyzer] Income advantage is now ClearAdvantage
2022-10-28 10:14:08.960 | 08:50   46ms  165M  734G 139/173U [GameAnalyzer] Predicted army advantage is now ClearAdvantage
2022-10-28 10:14:09.058 | 08:50   42ms  180M  734G 139/173U [GameAnalyzer] Income advantage is now OverwhelmingAdvantage
2022-10-28 10:14:10.073 | 08:52   40ms  240M  770G 138/173U [TerranUnit] MARINE from BARRACKS at (158.5, 142.5)
2022-10-28 10:14:10.335 | 08:53   40ms  260M  778G 139/173U [GameAnalyzer] Income advantage is now ClearAdvantage
2022-10-28 10:14:10.522 | 08:53   45ms  290M  782G 139/173U [GameAnalyzer] Income advantage is now OverwhelmingAdvantage
2022-10-28 10:14:10.717 | 08:54   39ms  310M  782G 139/173U [GameAnalyzer] Predicted army advantage is now OverwhelmingAdvantage
2022-10-28 10:14:10.919 | 08:54   40ms  270M  794G 139/173U [TerranUnit] MARINE from BARRACKS at (154.5, 134.5)
2022-10-28 10:14:10.921 | 08:54   40ms  270M  794G 139/173U [BuildAddon] UnitTypeId.BARRACKSREACTOR to (157.0, 134.0)
2022-10-28 10:14:10.923 | 08:54   40ms  270M  794G 139/173U [BuildAddon] UnitTypeId.BARRACKSTECHLAB to (157.0, 134.0)
2022-10-28 10:14:11.012 | 08:54   46ms  270M  798G 140/173U [GameAnalyzer] Income advantage is now ClearAdvantage
2022-10-28 10:14:11.096 | 08:54   44ms  285M  802G 140/173U [GameAnalyzer] Income advantage is now OverwhelmingAdvantage
2022-10-28 10:14:11.872 | 08:56   44ms  200M  701G 140/173U [TerranUnit] SIEGETANK from FACTORY at (168.5, 131.5)
2022-10-28 10:14:12.153 | 08:56   47ms  215M  705G 143/173U [GameAnalyzer] Income advantage is now ClearAdvantage
2022-10-28 10:14:12.407 | 08:57   83ms  240M  717G 143/173U [GameAnalyzer] Income advantage is now OverwhelmingAdvantage
2022-10-28 10:14:13.090 | 08:58   49ms  265M  729G 143/173U [TerranUnit] MARINE from BARRACKS at (158.5, 142.5)
2022-10-28 10:14:14.465 | 09:00   50ms  410M  773G 144/173U [Expand] Expanding to (111.5, 155.5)
2022-10-28 10:14:16.858 | 09:05   54ms  180M  845G 144/173U [TerranUnit] MARINE from BARRACKS at (156.5, 145.5)
2022-10-28 10:14:18.072 | 09:07   51ms  100M  823G 145/173U [TerranUnit] MARINE from BARRACKS at (156.5, 145.5)
2022-10-28 10:14:18.178 | 09:07   59ms    0M  798G 146/173U [TerranUnit] MARAUDER from BARRACKS at (169.5, 151.5)
2022-10-28 10:14:20.440 | 09:10   50ms    0M  858G 148/173U [TerranUnit] MARINE from BARRACKS at (158.5, 142.5)
2022-10-28 10:14:21.482 | 09:12   55ms  100M  886G 149/173U [BuildAddon] UnitTypeId.BARRACKSREACTOR to (157.0, 134.0)
2022-10-28 10:14:21.484 | 09:12   55ms  100M  886G 149/173U [BuildAddon] UnitTypeId.BARRACKSTECHLAB to (157.0, 134.0)
2022-10-28 10:14:22.243 | 09:13   49ms  140M  856G 149/173U [GameAnalyzer] Predicted army advantage is now ClearAdvantage
2022-10-28 10:14:22.558 | 09:14   47ms   15M  714G 149/173U [TerranUnit] LIBERATOR from STARPORT at (166.5, 134.5)
2022-10-28 10:14:23.452 | 09:15   44ms   95M  738G 150/173U [Tech] Started DRILLCLAWS
2022-10-28 10:14:25.266 | 09:18   47ms  180M  715G 150/173U [Tech] Started TERRANINFANTRYWEAPONSLEVEL2
2022-10-28 10:14:25.269 | 09:18   47ms  130M  715G 150/173U [TerranUnit] MARINE from BARRACKS at (158.5, 142.5)
2022-10-28 10:14:27.051 | 09:21   42ms  175M  588G 150/173U [Tech] Started TERRANINFANTRYARMORSLEVEL2
2022-10-28 10:14:27.053 | 09:21   42ms  125M  588G 150/173U [TerranUnit] MARINE from BARRACKS at (158.5, 142.5)
2022-10-28 10:14:27.742 | 09:23   41ms   10M  433G 150/173U [TerranUnit] MARINE from BARRACKS at (158.5, 142.5)
2022-10-28 10:14:28.180 | 09:23   43ms   45M  449G 151/173U [GameAnalyzer] Predicted army advantage is now OverwhelmingAdvantage
2022-10-28 10:14:28.276 | 09:24   44ms   10M  453G 151/173U [TerranUnit] MARINE from BARRACKS at (156.5, 145.5)
2022-10-28 10:14:28.812 | 09:25   42ms   20M  461G 149/173U [TerranUnit] MARINE from BARRACKS at (156.5, 145.5)
2022-10-28 10:14:29.085 | 09:25   41ms   50M  469G 150/173U [BuildAddon] UnitTypeId.FACTORYREACTOR to (137.0, 147.0)
2022-10-28 10:14:30.578 | 09:28   40ms   55M  442G 150/173U [TerranUnit] WIDOWMINE from FACTORY at (168.5, 131.5)
2022-10-28 10:14:30.664 | 09:28   45ms   15M  450G 152/173U [TerranUnit] MARINE from BARRACKS at (158.5, 142.5)
2022-10-28 10:14:31.342 | 09:29   42ms   14M  461G 153/173U [TerranUnit] MARINE from BARRACKS at (169.5, 151.5)
2022-10-28 10:14:33.876 | 09:34   43ms  100M  525G 154/181U [EnemyArmyPredicter] Predicting negative free minerals for enemy: -115
2022-10-28 10:14:34.385 | 09:35   44ms    9M  465G 154/181U [TerranUnit] VIKINGFIGHTER from STARPORT at (166.5, 134.5)
2022-10-28 10:14:35.158 | 09:36   44ms   63M  488G 156/181U [BuildAddon] UnitTypeId.STARPORTTECHLAB to (139.0, 144.0)
2022-10-28 10:14:36.617 | 09:39   44ms  131M  505G 156/181U [EnemyArmyPredicter] Predicting negative free minerals for enemy: -95
2022-10-28 10:14:36.727 | 09:39   46ms  150M  504G 156/181U [Tech] Started PERSONALCLOAKING
2022-10-28 10:14:37.423 | 09:40   45ms    0M  378G 156/181U [TerranUnit] MARINE from BARRACKS at (158.5, 142.5)
2022-10-28 10:14:38.023 | 09:41   44ms    0M  394G 157/181U [TerranUnit] MARINE from BARRACKS at (156.5, 145.5)
2022-10-28 10:14:38.732 | 09:43   42ms    5M  406G 158/181U [TerranUnit] MARINE from BARRACKS at (156.5, 145.5)
2022-10-28 10:14:39.553 | 09:44   46ms   70M  430G 159/181U [EnemyArmyPredicter] Predicting negative free minerals for enemy: -90
2022-10-28 10:14:40.552 | 09:46   45ms    0M  466G 159/181U [TerranUnit] MARINE from BARRACKS at (158.5, 142.5)
2022-10-28 10:14:41.282 | 09:47   43ms   10M  482G 160/181U [TerranUnit] MARINE from BARRACKS at (169.5, 151.5)
2022-10-28 10:14:41.653 | 09:48   45ms    5M  494G 161/181U [TerranUnit] MARINE from BARRACKS at (154.5, 134.5)
2022-10-28 10:14:42.488 | 09:49   42ms   50M  518G 162/181U [EnemyArmyPredicter] Predicting negative free minerals for enemy: -28
2022-10-28 10:14:42.498 | 09:49   42ms    0M  518G 162/181U [TerranUnit] MARINE from BARRACKS at (154.5, 134.5)
2022-10-28 10:14:43.282 | 09:51   44ms    0M  517G 163/181U [TerranUnit] WIDOWMINE from FACTORY at (168.5, 131.5)
2022-10-28 10:14:47.145 | 09:58   43ms   20M  429G 165/189U [TerranUnit] RAVEN from STARPORT at (136.5, 144.5)
2022-10-28 10:14:47.623 | 09:59   46ms    5M  445G 167/189U [TerranUnit] MARINE from BARRACKS at (158.5, 142.5)
2022-10-28 10:14:48.096 | 09:59   46ms   85M  457G 168/189U [TerranUnit] MARINE from BARRACKS at (156.5, 145.5)
2022-10-28 10:14:48.297 | 10:00   51ms  100M  461G 169/189U [EnemyArmyPredicter] Predicting negative free minerals for enemy: -50
2022-10-28 10:14:48.892 | 10:01   46ms   80M  477G 169/189U [TerranUnit] MARINE from BARRACKS at (156.5, 145.5)
2022-10-28 10:14:49.080 | 10:01   53ms   30M  460G 170/189U [TerranUnit] WIDOWMINE from FACTORY at (134.5, 147.5)
2022-10-28 10:14:49.824 | 10:02   48ms    5M  451G 172/189U [TerranUnit] WIDOWMINE from FACTORY at (134.5, 147.5)
2022-10-28 10:14:50.777 | 10:04   50ms   65M  479G 174/189U [TerranUnit] MARINE from BARRACKS at (158.5, 142.5)
2022-10-28 10:14:51.394 | 10:05   53ms   85M  495G 175/189U [EnemyArmyPredicter] Predicting negative free minerals for enemy: -45
2022-10-28 10:14:51.518 | 10:05   57ms   45M  499G 175/189U [TerranUnit] MARINE from BARRACKS at (169.5, 151.5)
2022-10-28 10:14:51.951 | 10:06   59ms   45M  507G 176/189U [TerranUnit] MARINE from BARRACKS at (154.5, 134.5)
2022-10-28 10:14:52.792 | 10:07   57ms   40M  531G 177/189U [TerranUnit] MARINE from BARRACKS at (154.5, 134.5)
2022-10-28 10:14:54.107 | 10:09   56ms    0M  421G 178/197U [TerranUnit] LIBERATOR from STARPORT at (166.5, 134.5)
2022-10-28 10:14:55.817 | 10:12   51ms    5M  336G 181/197U [TerranUnit] SIEGETANK from FACTORY at (168.5, 131.5)
2022-10-28 10:14:57.874 | 10:16   52ms    0M  242G 184/197U [TerranUnit] LIBERATOR from STARPORT at (166.5, 134.5)
2022-10-28 10:15:00.658 | ERROR    | sc2.protocol:__request:50 - Cannot receive: Connection already closed.
2022-10-28 10:15:00.660 | INFO     | sc2.sc2process:_close_connection:231 - Closing connection at 52319...
2022-10-28 10:15:00.662 | INFO     | sc2.sc2process:kill_all:33 - kill_switch: Process cleanup for 1 processes
