2022-11-04 19:46:38.596 | INFO     | sc2.protocol:_execute:72 - Client status changed to Status.launched (was None)
2022-11-04 19:46:38.598 | INFO     | sc2.controller:create_game:37 - Creating new game
2022-11-04 19:46:38.600 | INFO     | sc2.controller:create_game:38 - Map:     JagannathaAIE
2022-11-04 19:46:38.601 | INFO     | sc2.controller:create_game:39 - Players: Bot Turtles(Terran), Computer VeryHard(Random, RandomBuild)
2022-11-04 19:46:38.603 | INFO     | sc2.protocol:_execute:72 - Client status changed to Status.init_game (was Status.launched)
2022-11-04 19:46:49.105 | INFO     | sc2.protocol:_execute:72 - Client status changed to Status.in_game (was None)
2022-11-04 19:46:49.108 | INFO     | sc2.main:_play_game:221 - Player 1 - Bot Turtles(Terran)
2022-11-04 19:46:49.740 | 00:00    0ms    0M    0G  12/ 15U [Version] 5.0.10.88500
2022-11-04 19:46:49.742 | 00:00    0ms    0M    0G  12/ 15U [Version] 5.0.6 Balance mod recognized.
2022-11-04 19:46:49.815 | 00:00    0ms    0M    0G  12/ 15U [ZoneManager] Map set to: MapName.Jagannatha from name: Jagannatha AIE and hash: 3355197.
2022-11-04 19:46:50.635 | [Start] My race: Terran
2022-11-04 19:46:50.636 | [Start] Opponent race: Random
2022-11-04 19:46:50.636 | [Start] OpponentId: None
2022-11-04 19:46:50.880 | 00:00    6ms    0M    0G  13/ 15U [GameAnalyzer] Income advantage is now SlightDisadvantage
2022-11-04 19:46:50.917 | 00:01    8ms    0M    0G  13/ 15U [GameAnalyzer] Income advantage is now Even
2022-11-04 19:46:52.450 | 00:15    6ms    0M    0G  13/ 15U [ActUnit] SCV from COMMANDCENTER at (41.5, 34.5)
2022-11-04 19:46:53.860 | 00:27    7ms  105M    0G  14/ 15U [ActUnit] SCV from COMMANDCENTER at (41.5, 34.5)
2022-11-04 19:46:54.311 | 00:30    8ms  145M    0G  15/ 15U [GameAnalyzer] Income advantage is now SlightDisadvantage
2022-11-04 19:46:54.334 | 00:31    8ms  150M    0G  15/ 15U [GameAnalyzer] Income advantage is now Even
2022-11-04 19:46:55.100 | 00:37    7ms    0M    0G  15/ 23U [BuildGas] Building REFINERY to (44.5, 27.5)
2022-11-04 19:46:55.164 | 00:37    7ms    5M    0G  15/ 23U [GameAnalyzer] Income advantage is now SlightDisadvantage
2022-11-04 19:46:55.190 | 00:38    8ms   10M    0G  15/ 23U [GameAnalyzer] Income advantage is now Even
2022-11-04 19:46:55.640 | 00:41    8ms    0M    0G  15/ 23U [ActUnit] SCV from COMMANDCENTER at (41.5, 34.5)
2022-11-04 19:46:57.113 | 00:53    7ms  105M    0G  16/ 23U [ActUnit] SCV from COMMANDCENTER at (41.5, 34.5)
2022-11-04 19:46:58.876 | 01:06    9ms  200M    8G  17/ 23U [ActUnit] SCV from COMMANDCENTER at (41.5, 34.5)
2022-11-04 19:47:00.526 | 01:15   23ms  305M   28G  18/ 23U [GameAnalyzer] Income advantage is now SlightAdvantage
2022-11-04 19:47:00.660 | 01:15   21ms  315M   32G  18/ 23U [GameAnalyzer] Income advantage is now SmallAdvantage
2022-11-04 19:47:00.708 | 01:15   20ms  315M   32G  18/ 23U [GameAnalyzer] Income advantage is now SlightAdvantage
2022-11-04 19:47:00.852 | 01:16   19ms  320M   32G  18/ 23U [GameAnalyzer] Income advantage is now Even
2022-11-04 19:47:01.026 | 01:17   11ms  335M   36G  18/ 23U [GameAnalyzer] Income advantage is now SlightAdvantage
2022-11-04 19:47:01.057 | 01:17   11ms  335M   36G  18/ 23U [GameAnalyzer] Income advantage is now Even
2022-11-04 19:47:01.160 | 01:18   10ms  340M   36G  18/ 23U [GameAnalyzer] Income advantage is now SlightAdvantage
2022-11-04 19:47:01.162 | 01:18   10ms  290M   36G  18/ 23U [ActUnit] SCV from COMMANDCENTER at (41.5, 34.5)
2022-11-04 19:47:01.193 | 01:18   13ms  290M   36G  19/ 23U [GameAnalyzer] Income advantage is now Even
2022-11-04 19:47:01.954 | 01:23   10ms  155M    2G  19/ 23U [TerranUnit] REAPER from BARRACKS at (43.5, 39.5)
2022-11-04 19:47:02.014 | 01:23   10ms  215M    2G  20/ 23U [GameAnalyzer] Income advantage is now SlightDisadvantage
2022-11-04 19:47:02.067 | 01:24   11ms  220M    2G  20/ 23U [GameAnalyzer] Income advantage is now Even
2022-11-04 19:47:02.203 | 01:25   10ms  230M    6G  20/ 23U [GameAnalyzer] Income advantage is now SlightDisadvantage
2022-11-04 19:47:02.258 | 01:25   10ms  235M    6G  20/ 23U [GameAnalyzer] Income advantage is now Even
2022-11-04 19:47:02.809 | 01:29   13ms  280M   18G  20/ 23U [GameAnalyzer] Income advantage is now SlightDisadvantage
2022-11-04 19:47:02.844 | 01:29   11ms  285M   18G  20/ 23U [GameAnalyzer] Income advantage is now Even
2022-11-04 19:47:03.476 | 01:32   12ms  180M   26G  20/ 23U [GameAnalyzer] Income advantage is now SlightDisadvantage
2022-11-04 19:47:03.507 | 01:33   11ms  185M   26G  20/ 23U [GameAnalyzer] Income advantage is now Even
2022-11-04 19:47:03.659 | 01:33   12ms  195M   30G  20/ 23U [GameAnalyzer] Income advantage is now SlightDisadvantage
2022-11-04 19:47:03.717 | 01:34   10ms  205M   30G  20/ 23U [GameAnalyzer] Income advantage is now Even
2022-11-04 19:47:03.803 | 01:34   10ms  210M   34G  20/ 23U [GameAnalyzer] Income advantage is now SlightDisadvantage
2022-11-04 19:47:03.928 | 01:35   11ms  225M   34G  20/ 23U [GameAnalyzer] Income advantage is now Even
2022-11-04 19:47:04.013 | 01:35   10ms  230M   34G  20/ 23U [GameAnalyzer] Income advantage is now SlightDisadvantage
2022-11-04 19:47:04.045 | 01:36   13ms  230M   34G  20/ 23U [GameAnalyzer] Income advantage is now Even
2022-11-04 19:47:04.072 | 01:36   11ms  230M   34G  20/ 23U [GameAnalyzer] Income advantage is now SlightDisadvantage
2022-11-04 19:47:04.104 | 01:36   11ms  240M   38G  20/ 23U [GameAnalyzer] Income advantage is now Even
2022-11-04 19:47:04.238 | 01:37   10ms  245M   38G  20/ 23U [GameAnalyzer] Income advantage is now SlightDisadvantage
2022-11-04 19:47:04.264 | 01:37   11ms  250M   38G  20/ 23U [GameAnalyzer] Income advantage is now Even
2022-11-04 19:47:04.380 | 01:38   12ms  260M   42G  20/ 23U [GameAnalyzer] Predicted army advantage is now SlightDisadvantage
2022-11-04 19:47:04.477 | INFO     | sc2.protocol:_execute:72 - Client status changed to Status.ended (was Status.in_game)
2022-11-04 19:47:04.478 | Result: Defeat
2022-11-04 19:47:04.479 | Duration: 01:38
2022-11-04 19:47:04.481 | Step time min: 6
2022-11-04 19:47:04.482 | Step time avg: 9
2022-11-04 19:47:04.483 | Step time max: 131
2022-11-04 19:47:04.484 | [LostUnitsContents] My lost units minerals and gas: (0, 0)
2022-11-04 19:47:04.484 | [LostUnitsContents] My lost units minerals by score: 0.0
2022-11-04 19:47:04.485 | [LostUnitsContents] Enemy lost units minerals and gas: (0, 0)
2022-11-04 19:47:04.486 | [LostUnitsContents] Enemy lost units minerals by score: 0.0
2022-11-04 19:47:04.486 | [GameAnalyzerEnd] Own units:
2022-11-04 19:47:04.487 | [GameAnalyzerEnd] SCV               total:  18 alive:  18 dead:   0 
2022-11-04 19:47:04.487 | [GameAnalyzerEnd] SUPPLYDEPOT       total:   2 alive:   2 dead:   0 
2022-11-04 19:47:04.488 | [GameAnalyzerEnd] BARRACKS          total:   1 alive:   1 dead:   0 
2022-11-04 19:47:04.489 | [GameAnalyzerEnd] COMMANDCENTER     total:   1 alive:   1 dead:   0 
2022-11-04 19:47:04.489 | [GameAnalyzerEnd] REFINERY          total:   1 alive:   1 dead:   0 
2022-11-04 19:47:04.490 | [GameAnalyzerEnd] Enemy units:
2022-11-04 19:47:04.491 | [GameAnalyzerEnd] SCV               total:  19 alive:  19 dead:   0 
2022-11-04 19:47:04.492 | [GameAnalyzerEnd] SUPPLYDEPOT       total:   2 alive:   2 dead:   0 
2022-11-04 19:47:04.492 | [GameAnalyzerEnd] COMMANDCENTER     total:   1 alive:   1 dead:   0 
2022-11-04 19:47:04.493 | [GameAnalyzerEnd] BARRACKS          total:   1 alive:   1 dead:   0 
2022-11-04 19:47:04.493 | [GameAnalyzerEnd] REFINERY          total:   1 alive:   1 dead:   0 
2022-11-04 19:47:04.494 | [GameAnalyzerEnd] Minerals max 355 Average 149
2022-11-04 19:47:04.495 | [GameAnalyzerEnd] Vespene max 52 Average 9
2022-11-04 19:47:04.495 | INFO     | sc2.main:_play_game:228 - Result for player 1 - Bot Turtles(Terran): Defeat
2022-11-04 19:47:05.443 | INFO     | sc2.protocol:__request:48 - Cannot receive: Game has already ended.
2022-11-04 19:47:05.446 | INFO     | sc2.sc2process:_close_connection:231 - Closing connection at 64052...
2022-11-04 19:47:05.447 | INFO     | sc2.sc2process:kill_all:33 - kill_switch: Process cleanup for 1 processes
