2022-10-27 16:48:55.457 | INFO     | sc2.protocol:_execute:72 - Client status changed to Status.launched (was None)
2022-10-27 16:48:55.459 | INFO     | sc2.controller:create_game:37 - Creating new game
2022-10-27 16:48:55.460 | INFO     | sc2.controller:create_game:38 - Map:     JagannathaAIE
2022-10-27 16:48:55.461 | INFO     | sc2.controller:create_game:39 - Players: Bot Turtles(Terran), Computer VeryHard(Random, RandomBuild)
2022-10-27 16:48:55.463 | INFO     | sc2.protocol:_execute:72 - Client status changed to Status.init_game (was Status.launched)
2022-10-27 16:49:05.640 | INFO     | sc2.protocol:_execute:72 - Client status changed to Status.in_game (was None)
2022-10-27 16:49:05.642 | INFO     | sc2.main:_play_game:221 - Player 1 - Bot Turtles(Terran)
2022-10-27 16:49:06.243 | 00:00    0ms    0M    0G  12/ 15U [Version] 5.0.10.88500
2022-10-27 16:49:06.244 | 00:00    0ms    0M    0G  12/ 15U [Version] 5.0.6 Balance mod recognized.
2022-10-27 16:49:06.316 | 00:00    0ms    0M    0G  12/ 15U [ZoneManager] Map set to: MapName.Jagannatha from name: Jagannatha AIE and hash: 3355197.
2022-10-27 16:49:07.019 | [Start] My race: Terran
2022-10-27 16:49:07.020 | [Start] Opponent race: Random
2022-10-27 16:49:07.021 | [Start] OpponentId: None
2022-10-27 16:49:07.239 | 00:00    7ms    0M    0G  13/ 15U [GameAnalyzer] Income advantage is now SlightDisadvantage
2022-10-27 16:49:07.304 | 00:01    6ms    0M    0G  13/ 15U [GameAnalyzer] Income advantage is now Even
2022-10-27 16:49:08.233 | 00:09    6ms   80M    0G  13/ 15U [GameAnalyzer] Income advantage is now SlightDisadvantage
2022-10-27 16:49:08.254 | 00:09    9ms   85M    0G  13/ 15U [GameAnalyzer] Income advantage is now Even
2022-10-27 16:49:08.802 | 00:14    6ms    0M    0G  13/ 15U [ActUnit] SCV from COMMANDCENTER at (126.5, 151.5)
2022-10-27 16:49:10.217 | 00:26    8ms  110M    0G  14/ 15U [ActUnit] SCV from COMMANDCENTER at (126.5, 151.5)
2022-10-27 16:49:11.519 | 00:37    7ms   10M    0G  15/ 23U [BuildGas] Building REFINERY to (133.5, 148.5)
2022-10-27 16:49:11.896 | 00:40    9ms    0M    0G  15/ 23U [ActUnit] SCV from COMMANDCENTER at (126.5, 151.5)
2022-10-27 16:49:13.793 | 00:52    7ms   90M    0G  16/ 23U [ActUnit] SCV from COMMANDCENTER at (126.5, 151.5)
2022-10-27 16:49:15.368 | 01:04    6ms  195M    4G  17/ 23U [ActUnit] SCV from COMMANDCENTER at (126.5, 151.5)
2022-10-27 16:49:17.088 | 01:14   22ms  305M   28G  18/ 23U [GameAnalyzer] Income advantage is now SmallAdvantage
2022-10-27 16:49:17.356 | 01:15   20ms  325M   32G  18/ 23U [GameAnalyzer] Income advantage is now SlightAdvantage
2022-10-27 16:49:17.420 | 01:15   26ms  325M   32G  18/ 23U [GameAnalyzer] Income advantage is now Even
2022-10-27 16:49:17.598 | 01:16   11ms  295M   36G  18/ 23U [ActUnit] SCV from COMMANDCENTER at (126.5, 151.5)
2022-10-27 16:49:18.227 | 01:21   11ms  345M   44G  19/ 23U [GameAnalyzer] Income advantage is now SlightDisadvantage
2022-10-27 16:49:18.257 | 01:21   12ms  350M   48G  19/ 23U [GameAnalyzer] Income advantage is now Even
2022-10-27 16:49:18.392 | 01:22   11ms  360M   48G  19/ 23U [GameAnalyzer] Income advantage is now SlightDisadvantage
2022-10-27 16:49:18.476 | 01:22   12ms  370M   52G  19/ 23U [GameAnalyzer] Income advantage is now Even
2022-10-27 16:49:18.617 | 01:23   10ms  370M   52G  19/ 23U [GameAnalyzer] Income advantage is now SlightDisadvantage
2022-10-27 16:49:18.675 | 01:23   10ms  380M   52G  19/ 23U [GameAnalyzer] Income advantage is now Even
2022-10-27 16:49:18.678 | 01:23   10ms  180M    2G  19/ 23U [TerranUnit] REAPER from BARRACKS at (121.5, 144.5)
2022-10-27 16:49:18.735 | 01:24   12ms  335M    6G  20/ 23U [GameAnalyzer] Income advantage is now SlightDisadvantage
2022-10-27 16:49:18.853 | 01:25   12ms  350M    6G  20/ 23U [GameAnalyzer] Income advantage is now Even
2022-10-27 16:49:18.939 | 01:25   10ms  355M   10G  20/ 23U [GameAnalyzer] Income advantage is now SlightDisadvantage
2022-10-27 16:49:19.017 | 01:26   10ms  365M   10G  20/ 23U [GameAnalyzer] Income advantage is now Even
2022-10-27 16:49:19.161 | 01:26   11ms  375M   10G  20/ 23U [GameAnalyzer] Income advantage is now SlightDisadvantage
2022-10-27 16:49:19.186 | 01:27   11ms  380M   14G  20/ 23U [GameAnalyzer] Income advantage is now Even
2022-10-27 16:49:19.400 | 01:28   12ms  390M   18G  20/ 23U [GameAnalyzer] Income advantage is now SlightDisadvantage
2022-10-27 16:49:19.456 | 01:28   10ms  400M   18G  20/ 23U [GameAnalyzer] Income advantage is now Even
2022-10-27 16:49:19.611 | 01:29   11ms  260M   18G  20/ 23U [GameAnalyzer] Income advantage is now SlightDisadvantage
2022-10-27 16:49:19.674 | 01:30   12ms  270M   22G  20/ 23U [GameAnalyzer] Income advantage is now Even
2022-10-27 16:49:19.818 | 01:31   10ms  285M   22G  20/ 23U [GameAnalyzer] Income advantage is now SlightDisadvantage
2022-10-27 16:49:19.872 | 01:31   10ms  290M   22G  20/ 23U [GameAnalyzer] Income advantage is now Even
2022-10-27 16:49:19.958 | 01:31   11ms  300M   26G  20/ 23U [GameAnalyzer] Income advantage is now SlightDisadvantage
2022-10-27 16:49:19.992 | 01:32   12ms  300M   26G  20/ 23U [GameAnalyzer] Income advantage is now Even
2022-10-27 16:49:20.193 | 01:33   11ms  310M   30G  20/ 23U [GameAnalyzer] Income advantage is now SlightDisadvantage
2022-10-27 16:49:20.225 | 01:33   12ms  315M   30G  20/ 23U [GameAnalyzer] Income advantage is now Even
2022-10-27 16:49:20.537 | 01:35   11ms  345M   34G  20/ 23U [GameAnalyzer] Income advantage is now SlightDisadvantage
2022-10-27 16:49:20.618 | 01:35   11ms  365M   38G  20/ 23U [GameAnalyzer] Income advantage is now Even
2022-10-27 16:49:20.751 | 01:36   11ms  370M   38G  20/ 23U [GameAnalyzer] Income advantage is now SlightDisadvantage
2022-10-27 16:49:20.812 | 01:37   12ms  370M   38G  20/ 23U [GameAnalyzer] Income advantage is now Even
2022-10-27 16:49:21.298 | 01:40   12ms  425M   50G  20/ 23U [GameAnalyzer] Income advantage is now SlightDisadvantage
2022-10-27 16:49:21.329 | 01:40   12ms  430M   50G  20/ 23U [GameAnalyzer] Income advantage is now Even
2022-10-27 16:49:21.486 | 01:41   11ms  440M   50G  20/ 23U [GameAnalyzer] Income advantage is now SlightDisadvantage
2022-10-27 16:49:21.517 | 01:41   12ms  450M   54G  20/ 23U [GameAnalyzer] Income advantage is now Even
2022-10-27 16:49:22.086 | 01:45   10ms  500M   62G  20/ 23U [GameAnalyzer] Income advantage is now SlightDisadvantage
2022-10-27 16:49:22.126 | 01:45   12ms  510M   62G  20/ 23U [GameAnalyzer] Income advantage is now Even
2022-10-27 16:49:22.276 | 01:46   10ms  520M   66G  20/ 23U [GameAnalyzer] Income advantage is now SlightDisadvantage
2022-10-27 16:49:22.334 | 01:46   12ms  530M   66G  20/ 23U [GameAnalyzer] Income advantage is now Even
2022-10-27 16:49:22.871 | 01:50   10ms  575M   74G  20/ 23U [GameAnalyzer] Income advantage is now SlightDisadvantage
2022-10-27 16:49:22.926 | 01:50   12ms  595M   74G  20/ 23U [GameAnalyzer] Income advantage is now Even
2022-10-27 16:49:23.069 | 01:51   10ms  600M   78G  20/ 23U [GameAnalyzer] Income advantage is now SlightDisadvantage
2022-10-27 16:49:23.096 | 01:51   13ms  605M   78G  20/ 23U [Expand] Expanding to (98.5, 151.5)
2022-10-27 16:49:23.127 | 01:51   13ms  205M   78G  20/ 23U [GameAnalyzer] Income advantage is now Even
2022-10-27 16:49:23.186 | 01:52   12ms  205M   82G  20/ 23U [GameAnalyzer] Income advantage is now SlightDisadvantage
2022-10-27 16:49:23.244 | 01:52   11ms  225M   82G  20/ 23U [GameAnalyzer] Income advantage is now Even
2022-10-27 16:49:23.386 | 01:53   11ms  235M   82G  20/ 23U [GameAnalyzer] Income advantage is now SlightDisadvantage
2022-10-27 16:49:23.444 | 01:53   13ms  235M   86G  20/ 23U [GameAnalyzer] Income advantage is now Even
2022-10-27 16:49:23.479 | 01:53   12ms  190M   86G  20/ 23U [ActUnit] SCV from COMMANDCENTER at (126.5, 151.5)
2022-10-27 16:49:23.705 | 01:55   11ms  200M   86G  21/ 23U [GameAnalyzer] Income advantage is now SlightDisadvantage
2022-10-27 16:49:23.762 | 01:55   12ms  210M   90G  21/ 23U [GameAnalyzer] Income advantage is now Even
2022-10-27 16:49:23.884 | 01:56   10ms  225M   90G  21/ 23U [GameAnalyzer] Known army advantage is now SlightAdvantage
2022-10-27 16:49:23.886 | 01:56   10ms  225M   90G  21/ 23U [GameAnalyzer] Predicted army advantage is now SlightAdvantage
2022-10-27 16:49:23.888 | 01:56   10ms  225M   90G  21/ 23U [BuildAddon] UnitTypeId.BARRACKSREACTOR to (124.0, 144.0)
2022-10-27 16:49:23.966 | 01:56   16ms   25M   40G  21/ 23U [GameAnalyzer] Income advantage is now SlightDisadvantage
2022-10-27 16:49:24.182 | 01:57   16ms   45M   44G  21/ 23U [GameAnalyzer] Income advantage is now Even
2022-10-27 16:49:24.252 | 01:57   15ms   50M   44G  21/ 23U [GameAnalyzer] Income advantage is now SlightDisadvantage
2022-10-27 16:49:24.351 | 01:58   14ms   60M   48G  21/ 23U [GameAnalyzer] Income advantage is now Even
2022-10-27 16:49:24.449 | 01:58   14ms   60M   48G  21/ 23U [GameAnalyzer] Income advantage is now SlightDisadvantage
2022-10-27 16:49:24.553 | 01:59   14ms   65M   52G  21/ 23U [GameAnalyzer] Income advantage is now Even
2022-10-27 16:49:24.647 | 01:59   15ms   70M   52G  21/ 23U [GameAnalyzer] Income advantage is now SlightAdvantage
2022-10-27 16:49:24.681 | 02:00   15ms   70M   52G  21/ 23U [GameAnalyzer] Income advantage is now Even
2022-10-27 16:49:24.977 | 02:01   14ms  100M   56G  21/ 23U [GameAnalyzer] Income advantage is now SlightAdvantage
2022-10-27 16:49:25.007 | 02:01   17ms    0M   56G  21/ 23U [GameAnalyzer] Income advantage is now Even
2022-10-27 16:49:25.779 | 02:06   15ms   35M   68G  21/ 23U [ActUnit] SCV from COMMANDCENTER at (126.5, 151.5)
2022-10-27 16:49:25.881 | 02:06   15ms   35M   68G  22/ 23U [GameAnalyzer] Income advantage is now SlightAdvantage
2022-10-27 16:49:25.915 | 02:06   16ms   35M   68G  22/ 23U [GameAnalyzer] Income advantage is now Even
2022-10-27 16:49:26.019 | 02:07   13ms   50M   72G  22/ 23U [GameAnalyzer] Income advantage is now SlightAdvantage
2022-10-27 16:49:26.090 | 02:07   16ms   50M   72G  22/ 23U [GameAnalyzer] Income advantage is now Even
2022-10-27 16:49:26.230 | 02:08   14ms   65M   76G  22/ 23U [GameAnalyzer] Income advantage is now SlightAdvantage
2022-10-27 16:49:26.326 | 02:08   14ms   65M   76G  22/ 23U [GameAnalyzer] Income advantage is now Even
2022-10-27 16:49:26.563 | 02:10   14ms  115M   80G  22/ 23U [GameAnalyzer] Income advantage is now SlightAdvantage
2022-10-27 16:49:26.631 | 02:10   15ms  115M   80G  22/ 23U [GameAnalyzer] Income advantage is now Even
2022-10-27 16:49:26.802 | 02:11   15ms  120M   84G  22/ 23U [GameAnalyzer] Income advantage is now SlightAdvantage
2022-10-27 16:49:26.852 | 02:11   15ms  120M   84G  22/ 23U [GameAnalyzer] Income advantage is now Even
2022-10-27 16:49:27.012 | 02:12   15ms  145M   84G  22/ 23U [GameAnalyzer] Income advantage is now SlightAdvantage
2022-10-27 16:49:27.050 | 02:12   16ms  145M   84G  22/ 23U [GameAnalyzer] Income advantage is now Even
2022-10-27 16:49:27.212 | 02:13   16ms  155M   88G  22/ 23U [GameAnalyzer] Income advantage is now SlightAdvantage
2022-10-27 16:49:27.280 | 02:13   14ms  160M   88G  22/ 23U [GameAnalyzer] Income advantage is now Even
2022-10-27 16:49:27.510 | 02:15   15ms  180M   92G  22/ 23U [GameAnalyzer] Income advantage is now SlightAdvantage
2022-10-27 16:49:27.541 | 02:15   15ms  180M   92G  22/ 23U [GameAnalyzer] Income advantage is now Even
2022-10-27 16:49:27.578 | 02:15   15ms  180M   92G  22/ 23U [GameAnalyzer] Income advantage is now SlightAdvantage
2022-10-27 16:49:27.611 | 02:15   17ms  180M   96G  22/ 23U [GameAnalyzer] Income advantage is now Even
2022-10-27 16:49:27.911 | 02:17   15ms    5M    0G  22/ 23U [BuildGas] Building REFINERY to (123.5, 158.5)
2022-10-27 16:49:28.071 | 02:18   13ms   20M    0G  22/ 23U [GameAnalyzer] Income advantage is now SlightAdvantage
2022-10-27 16:49:28.137 | 02:18   14ms   25M    4G  22/ 23U [GameAnalyzer] Income advantage is now Even
2022-10-27 16:49:28.401 | 02:20   15ms   40M    4G  22/ 23U [GameAnalyzer] Income advantage is now SlightAdvantage
2022-10-27 16:49:28.460 | 02:20   16ms   40M    8G  22/ 23U [GameAnalyzer] Income advantage is now Even
2022-10-27 16:49:28.684 | 02:21   13ms    0M    8G  22/ 23U [ActUnit] SCV from COMMANDCENTER at (126.5, 151.5)
2022-10-27 16:49:29.219 | 02:24   13ms   30M   16G  23/ 23U [GameAnalyzer] Income advantage is now SlightDisadvantage
2022-10-27 16:49:30.046 | 02:28   13ms  115M   28G  23/ 23U [GameAnalyzer] Income advantage is now Even
2022-10-27 16:49:30.114 | 02:28   13ms  115M   28G  23/ 23U [GameAnalyzer] Income advantage is now SlightDisadvantage
2022-10-27 16:49:30.321 | 02:29   13ms  140M   32G  23/ 31U [GameAnalyzer] Income advantage is now Even
2022-10-27 16:49:30.356 | 02:30   15ms  145M   32G  23/ 31U [GameAnalyzer] Known army advantage is now SlightDisadvantage
2022-10-27 16:49:30.358 | 02:30   15ms  145M   32G  23/ 31U [GameAnalyzer] Predicted army advantage is now SlightDisadvantage
2022-10-27 16:49:30.395 | 02:30   18ms  145M   32G  23/ 31U [GameAnalyzer] Income advantage is now SlightDisadvantage
2022-10-27 16:49:30.508 | 02:30   15ms  145M   32G  23/ 31U [GameAnalyzer] Income advantage is now Even
2022-10-27 16:49:30.551 | 02:30   15ms  145M   32G  23/ 31U [GameAnalyzer] Income advantage is now SlightDisadvantage
2022-10-27 16:49:30.690 | 02:31   13ms  180M   36G  23/ 31U [GameAnalyzer] Income advantage is now Even
2022-10-27 16:49:30.761 | 02:31   14ms  135M   36G  23/ 31U [TerranUnit] MARINE from BARRACKS at (121.5, 144.5)
2022-10-27 16:49:30.795 | 02:32   15ms   85M   36G  24/ 31U [TerranUnit] MARINE from BARRACKS at (121.5, 144.5)
2022-10-27 16:49:30.831 | 02:32   17ms   85M   36G  25/ 31U [GameAnalyzer] Income advantage is now SlightDisadvantage
2022-10-27 16:49:30.930 | 02:32   16ms   95M   40G  25/ 31U [GameAnalyzer] Income advantage is now Even
2022-10-27 16:49:31.033 | 02:33   15ms   50M   40G  25/ 31U [ActUnit] SCV from COMMANDCENTER at (126.5, 151.5)
2022-10-27 16:49:31.065 | 02:33   15ms   50M   40G  26/ 31U [GameAnalyzer] Income advantage is now SlightDisadvantage
2022-10-27 16:49:31.174 | 02:34   14ms   60M   44G  26/ 31U [GameAnalyzer] Income advantage is now Even
2022-10-27 16:49:31.209 | 02:34   16ms   60M   44G  26/ 31U [GameAnalyzer] Income advantage is now SlightDisadvantage
2022-10-27 16:49:31.349 | 02:35   17ms   80M   44G  26/ 31U [GameAnalyzer] Income advantage is now Even
2022-10-27 16:49:31.420 | 02:35   15ms   80M   44G  26/ 31U [GameAnalyzer] Income advantage is now SlightDisadvantage
2022-10-27 16:49:31.625 | 02:36   13ms   95M   48G  26/ 31U [GameAnalyzer] Income advantage is now Even
2022-10-27 16:49:31.805 | 02:37   13ms   95M   52G  25/ 31U [GameAnalyzer] Income advantage is now SlightDisadvantage
2022-10-27 16:49:31.874 | 02:37   14ms  100M   52G  25/ 31U [GameAnalyzer] Income advantage is now Even
2022-10-27 16:49:31.906 | 02:37   15ms  105M   52G  25/ 31U [GameAnalyzer] Income advantage is now SlightDisadvantage
2022-10-27 16:49:32.136 | 02:38   14ms  145M   56G  25/ 31U [GameAnalyzer] Income advantage is now SmallDisadvantage
2022-10-27 16:49:32.272 | 02:39   20ms  155M   56G  25/ 31U [GameAnalyzer] Income advantage is now SlightDisadvantage
2022-10-27 16:49:32.507 | 02:40   16ms  160M   60G  25/ 31U [GameAnalyzer] Income advantage is now SmallDisadvantage
2022-10-27 16:49:32.627 | 02:40   17ms  165M   60G  25/ 31U [GameAnalyzer] Predicted army advantage is now OverwhelmingDisadvantage
2022-10-27 16:49:32.682 | 02:40   14ms  180M   60G  25/ 31U [GameAnalyzer] Income advantage is now SlightDisadvantage
2022-10-27 16:49:32.824 | 02:41   17ms  180M   60G  25/ 31U [GameAnalyzer] Income advantage is now SmallDisadvantage
2022-10-27 16:49:32.909 | 02:41   16ms  185M   64G  25/ 31U [GameAnalyzer] Income advantage is now SlightDisadvantage
2022-10-27 16:49:33.075 | 02:42   14ms  185M   64G  25/ 31U [GameAnalyzer] Income advantage is now SmallDisadvantage
2022-10-27 16:49:33.169 | 02:42   21ms  195M   64G  25/ 31U [GameAnalyzer] Income advantage is now SlightDisadvantage
2022-10-27 16:49:33.458 | 02:43   27ms  210M   68G  25/ 31U [BuildAddon] UnitTypeId.BARRACKSTECHLAB to (133.0, 159.0)
2022-10-27 16:49:33.938 | 02:45   19ms  135M   55G  25/ 31U [ActUnit] SCV from COMMANDCENTER at (126.5, 151.5)
2022-10-27 16:49:34.362 | 02:47   13ms  195M   59G  26/ 31U [GameAnalyzer] Income advantage is now Even
2022-10-27 16:49:34.686 | 02:49   12ms  170M   67G  26/ 31U [TerranUnit] MARINE from BARRACKS at (121.5, 144.5)
2022-10-27 16:49:34.727 | 02:50   14ms  170M   67G  27/ 31U [GameAnalyzer] Known army advantage is now Even
2022-10-27 16:49:34.730 | 02:50   14ms  120M   67G  27/ 31U [TerranUnit] MARINE from BARRACKS at (121.5, 144.5)
2022-10-27 16:49:34.800 | 02:50   15ms  120M   75G  28/ 31U [GameAnalyzer] Income advantage is now SlightDisadvantage
2022-10-27 16:49:34.831 | 02:50   17ms  125M   75G  28/ 31U [GameAnalyzer] Income advantage is now Even
2022-10-27 16:49:34.893 | 02:50   16ms  125M   75G  28/ 31U [GameAnalyzer] Income advantage is now SlightDisadvantage
2022-10-27 16:49:34.978 | 02:51   16ms  135M   75G  28/ 31U [GameAnalyzer] Income advantage is now Even
2022-10-27 16:49:35.010 | 02:51   15ms  135M   75G  28/ 31U [GameAnalyzer] Income advantage is now SlightDisadvantage
2022-10-27 16:49:35.089 | 02:51   15ms  145M   79G  28/ 31U [GameAnalyzer] Income advantage is now Even
2022-10-27 16:49:35.125 | 02:51   17ms  150M   83G  28/ 31U [GameAnalyzer] Income advantage is now SlightDisadvantage
2022-10-27 16:49:35.162 | 02:51   16ms  150M   83G  28/ 31U [GameAnalyzer] Income advantage is now Even
2022-10-27 16:49:35.197 | 02:51   16ms  150M   83G  28/ 31U [GameAnalyzer] Income advantage is now SlightDisadvantage
2022-10-27 16:49:35.262 | 02:52   15ms  155M   83G  28/ 31U [GameAnalyzer] Income advantage is now Even
2022-10-27 16:49:35.302 | 02:52   16ms  155M   83G  28/ 31U [GameAnalyzer] Income advantage is now SlightDisadvantage
2022-10-27 16:49:35.373 | 02:52   15ms  165M   87G  28/ 31U [GameAnalyzer] Income advantage is now Even
2022-10-27 16:49:35.537 | 02:53   16ms  195M   91G  28/ 31U [GameAnalyzer] Income advantage is now SlightDisadvantage
2022-10-27 16:49:35.602 | 02:54   14ms  205M   91G  28/ 31U [GameAnalyzer] Income advantage is now Even
2022-10-27 16:49:35.639 | 02:54   17ms  210M   95G  28/ 31U [GameAnalyzer] Income advantage is now SlightDisadvantage
2022-10-27 16:49:35.710 | 02:54   14ms  215M   99G  28/ 31U [GameAnalyzer] Income advantage is now Even
2022-10-27 16:49:35.783 | 02:55   15ms  215M   99G  28/ 31U [GameAnalyzer] Income advantage is now SlightDisadvantage
2022-10-27 16:49:35.853 | 02:55   16ms  215M   99G  28/ 31U [GameAnalyzer] Income advantage is now Even
2022-10-27 16:49:35.889 | 02:55   16ms  220M   99G  28/ 31U [GameAnalyzer] Income advantage is now SlightDisadvantage
2022-10-27 16:49:36.036 | 02:56   14ms  240M  107G  28/ 31U [GameAnalyzer] Income advantage is now Even
2022-10-27 16:49:36.078 | 02:56   17ms  240M  107G  28/ 31U [GameAnalyzer] Income advantage is now SlightDisadvantage
2022-10-27 16:49:36.117 | 02:56   16ms  250M  107G  28/ 31U [GameAnalyzer] Income advantage is now Even
2022-10-27 16:49:36.270 | 02:57   14ms  250M  107G  28/ 31U [GameAnalyzer] Income advantage is now SlightDisadvantage
2022-10-27 16:49:36.395 | 02:57   14ms  255M  115G  28/ 31U [GameAnalyzer] Income advantage is now Even
2022-10-27 16:49:36.397 | 02:57   14ms  205M  115G  28/ 31U [ActUnit] SCV from COMMANDCENTER at (126.5, 151.5)
2022-10-27 16:49:36.570 | 02:58   16ms  220M  115G  29/ 31U [GameAnalyzer] Income advantage is now SlightDisadvantage
2022-10-27 16:49:36.686 | 02:59   16ms  230M  123G  29/ 31U [GameAnalyzer] Income advantage is now Even
2022-10-27 16:49:36.793 | 02:59   16ms  230M  123G  29/ 31U [GameAnalyzer] Income advantage is now SlightDisadvantage
2022-10-27 16:49:36.890 | 03:00   16ms  240M  127G  29/ 31U [GameAnalyzer] Income advantage is now Even
2022-10-27 16:49:36.996 | 03:00   15ms  275M  131G  29/ 31U [GameAnalyzer] Income advantage is now SlightDisadvantage
2022-10-27 16:49:37.068 | 03:01   15ms  290M  131G  29/ 31U [GameAnalyzer] Income advantage is now Even
2022-10-27 16:49:37.138 | 03:01   14ms  290M  131G  29/ 31U [Tech] Started STIMPACK
2022-10-27 16:49:37.171 | 03:01   16ms  145M   35G  29/ 31U [TerranUnit] MARINE from BARRACKS at (130.5, 159.5)
2022-10-27 16:49:37.267 | 03:02   13ms  145M   39G  30/ 31U [GameAnalyzer] Income advantage is now SlightDisadvantage
2022-10-27 16:49:37.415 | 03:02   15ms  160M   39G  30/ 31U [GameAnalyzer] Income advantage is now Even
2022-10-27 16:49:37.446 | 03:03   15ms  165M   39G  30/ 31U [GameAnalyzer] Income advantage is now SlightDisadvantage
2022-10-27 16:49:37.480 | 03:03   14ms  170M   43G  30/ 31U [GameAnalyzer] Income advantage is now Even
2022-10-27 16:49:37.575 | 03:03   13ms  170M   47G  30/ 31U [GameAnalyzer] Income advantage is now SlightDisadvantage
2022-10-27 16:49:37.637 | 03:04   13ms  175M   47G  30/ 31U [GameAnalyzer] Income advantage is now Even
2022-10-27 16:49:37.699 | 03:04   15ms  175M   47G  30/ 31U [GameAnalyzer] Income advantage is now SlightDisadvantage
2022-10-27 16:49:37.776 | 03:04   70ms  180M   47G  30/ 31U [GameAnalyzer] Income advantage is now Even
2022-10-27 16:49:37.818 | 03:04   22ms  185M   51G  30/ 31U [BuildAddon] UnitTypeId.FACTORYREACTOR to (119.0, 149.0)
2022-10-27 16:49:37.982 | 03:05   15ms  150M    5G  30/ 31U [GameAnalyzer] Income advantage is now SlightDisadvantage
2022-10-27 16:49:38.052 | 03:05   13ms  155M    5G  30/ 31U [GameAnalyzer] Income advantage is now Even
2022-10-27 16:49:38.308 | 03:07   13ms  200M   13G  30/ 31U [GameAnalyzer] Income advantage is now SlightDisadvantage
2022-10-27 16:49:38.410 | 03:07   16ms  210M   17G  30/ 31U [GameAnalyzer] Income advantage is now Even
2022-10-27 16:49:38.427 | 03:07   16ms  210M   17G  30/ 31U [GameAnalyzer] Known army advantage is now SlightAdvantage
2022-10-27 16:49:38.433 | 03:07   16ms  160M   17G  30/ 31U [TerranUnit] MARINE from BARRACKS at (121.5, 144.5)
2022-10-27 16:49:38.600 | 03:08   14ms  170M   21G  31/ 31U [GameAnalyzer] Income advantage is now SlightDisadvantage
2022-10-27 16:49:38.632 | 03:08   15ms  170M   21G  31/ 31U [GameAnalyzer] Income advantage is now Even
2022-10-27 16:49:38.836 | 03:09   14ms  190M   29G  31/ 31U [GameAnalyzer] Income advantage is now SlightDisadvantage
2022-10-27 16:49:38.875 | 03:09   17ms  190M   29G  31/ 31U [GameAnalyzer] Income advantage is now Even
2022-10-27 16:49:39.007 | 03:10   14ms  200M   33G  31/ 31U [GameAnalyzer] Income advantage is now SlightDisadvantage
2022-10-27 16:49:39.074 | 03:10   16ms  210M   37G  31/ 31U [GameAnalyzer] Income advantage is now Even
2022-10-27 16:49:39.215 | 03:11   27ms   15M   37G  31/ 46U [TerranUnit] MARINE from BARRACKS at (121.5, 144.5)
2022-10-27 16:49:40.874 | 03:19   18ms  180M   81G  32/ 46U [GameAnalyzer] Known army advantage is now SmallAdvantage
2022-10-27 16:49:40.877 | 03:19   18ms  130M   81G  32/ 46U [TerranUnit] MARINE from BARRACKS at (130.5, 159.5)
2022-10-27 16:49:42.023 | 03:25   14ms   10M   13G  33/ 46U [GameAnalyzer] Income advantage is now SlightDisadvantage
2022-10-27 16:49:42.094 | 03:25   15ms   30M   13G  33/ 46U [GameAnalyzer] Income advantage is now Even
2022-10-27 16:49:42.140 | 03:25   16ms   35M   17G  33/ 46U [GameAnalyzer] Income advantage is now SlightDisadvantage
2022-10-27 16:49:42.174 | 03:25   17ms   35M   17G  33/ 46U [GameAnalyzer] Income advantage is now Even
2022-10-27 16:49:42.335 | 03:26   17ms   40M   17G  33/ 46U [GameAnalyzer] Income advantage is now SlightDisadvantage
2022-10-27 16:49:42.373 | 03:26   15ms   40M   21G  33/ 46U [GameAnalyzer] Income advantage is now Even
2022-10-27 16:49:42.442 | 03:27   14ms    5M   25G  33/ 46U [TerranUnit] MARINE from BARRACKS at (121.5, 144.5)
2022-10-27 16:49:42.812 | 03:29   15ms    0M   33G  34/ 46U [TerranUnit] MARINE from BARRACKS at (121.5, 144.5)
2022-10-27 16:49:42.921 | 03:29   15ms   10M   37G  35/ 46U [GameAnalyzer] Income advantage is now SlightDisadvantage
2022-10-27 16:49:42.953 | 03:29   15ms   20M   37G  35/ 46U [GameAnalyzer] Income advantage is now Even
2022-10-27 16:49:43.025 | 03:30   15ms   30M   41G  35/ 46U [GameAnalyzer] Income advantage is now SlightDisadvantage
2022-10-27 16:49:43.060 | 03:30   15ms   40M   41G  35/ 46U [GameAnalyzer] Income advantage is now Even
2022-10-27 16:49:43.603 | 03:33   13ms   80M   57G  35/ 46U [GameAnalyzer] Income advantage is now SlightDisadvantage
2022-10-27 16:49:43.634 | 03:33   16ms   85M   57G  35/ 46U [GameAnalyzer] Income advantage is now Even
2022-10-27 16:49:43.779 | 03:34   15ms   95M   61G  35/ 46U [GameAnalyzer] Income advantage is now SlightDisadvantage
2022-10-27 16:49:43.890 | 03:34   14ms  110M   65G  35/ 46U [GameAnalyzer] Income advantage is now Even
2022-10-27 16:49:43.961 | 03:35   15ms  145M   65G  35/ 46U [GameAnalyzer] Income advantage is now SlightDisadvantage
2022-10-27 16:49:44.032 | 03:35   14ms  155M   65G  35/ 46U [GameAnalyzer] Income advantage is now Even
2022-10-27 16:49:44.205 | 03:36   13ms  115M   73G  35/ 46U [ActUnit] SCV from COMMANDCENTER at (126.5, 151.5)
2022-10-27 16:49:44.254 | 03:36   15ms  115M   73G  36/ 46U [GameAnalyzer] Income advantage is now SlightDisadvantage
2022-10-27 16:49:44.255 | 03:36   15ms   65M   73G  36/ 46U [ActUnit] SCV from COMMANDCENTER at (98.5, 151.5)
2022-10-27 16:49:44.339 | 03:36   14ms   70M   73G  37/ 46U [GameAnalyzer] Income advantage is now Even
2022-10-27 16:49:44.443 | 03:37   13ms   35M   77G  37/ 46U [TerranUnit] MARINE from BARRACKS at (130.5, 159.5)
2022-10-27 16:49:44.699 | 03:38   15ms   50M   85G  38/ 46U [GameAnalyzer] Income advantage is now SlightDisadvantage
2022-10-27 16:49:44.773 | 03:38   15ms   60M   89G  38/ 46U [GameAnalyzer] Income advantage is now Even
2022-10-27 16:49:44.924 | 03:39   15ms   75M   89G  38/ 46U [GameAnalyzer] Income advantage is now SlightDisadvantage
2022-10-27 16:49:44.962 | 03:39   18ms   80M   89G  38/ 46U [GameAnalyzer] Income advantage is now Even
2022-10-27 16:49:44.998 | 03:40   17ms   80M   93G  38/ 46U [GameAnalyzer] Income advantage is now SlightDisadvantage
2022-10-27 16:49:45.039 | 03:40   17ms   85M   93G  38/ 46U [GameAnalyzer] Income advantage is now Even
2022-10-27 16:49:45.078 | 03:40   18ms   20M   72G  38/ 46U [TerranUnit] WIDOWMINE from FACTORY at (116.5, 149.5)
2022-10-27 16:49:45.238 | 03:41   18ms   25M   72G  40/ 46U [GameAnalyzer] Income advantage is now SlightDisadvantage
2022-10-27 16:49:45.283 | 03:41   18ms   30M   72G  40/ 46U [GameAnalyzer] Income advantage is now Even
2022-10-27 16:49:45.323 | 03:41   20ms   30M   76G  40/ 46U [GameAnalyzer] Income advantage is now SlightDisadvantage
2022-10-27 16:49:45.364 | 03:41   18ms   30M   76G  40/ 46U [GameAnalyzer] Income advantage is now Even
2022-10-27 16:49:45.407 | 03:41   19ms   30M   80G  40/ 46U [GameAnalyzer] Income advantage is now SlightDisadvantage
2022-10-27 16:49:45.561 | 03:42   19ms   69M   80G  40/ 46U [GameAnalyzer] Income advantage is now Even
2022-10-27 16:49:45.645 | 03:42   17ms   74M   84G  40/ 46U [GameAnalyzer] Income advantage is now SlightDisadvantage
2022-10-27 16:49:45.776 | 03:43   17ms    3M   63G  40/ 46U [TerranUnit] WIDOWMINE from FACTORY at (116.5, 149.5)
2022-10-27 16:49:45.857 | 03:43   18ms   18M   63G  42/ 46U [GameAnalyzer] Income advantage is now Even
2022-10-27 16:49:45.943 | 03:44   18ms   23M   63G  42/ 46U [GameAnalyzer] Income advantage is now SlightDisadvantage
2022-10-27 16:49:46.038 | 03:44   17ms   28M   67G  42/ 46U [GameAnalyzer] Income advantage is now Even
2022-10-27 16:49:46.221 | 03:45   19ms   62M   71G  42/ 46U [GameAnalyzer] Income advantage is now SlightDisadvantage
2022-10-27 16:49:46.225 | 03:45   19ms   12M   71G  42/ 46U [TerranUnit] MARINE from BARRACKS at (121.5, 144.5)
2022-10-27 16:49:46.310 | 03:45   17ms   22M   71G  43/ 46U [GameAnalyzer] Income advantage is now Even
2022-10-27 16:49:46.518 | 03:46   17ms   26M   79G  43/ 46U [GameAnalyzer] Income advantage is now SlightDisadvantage
2022-10-27 16:49:46.604 | 03:46   22ms   31M   79G  43/ 46U [GameAnalyzer] Income advantage is now Even
2022-10-27 16:49:46.653 | 03:46   19ms   30M   79G  43/ 46U [GameAnalyzer] Known army advantage is now ClearAdvantage
2022-10-27 16:49:46.741 | 03:47   19ms   35M   83G  43/ 46U [GameAnalyzer] Income advantage is now SlightDisadvantage
2022-10-27 16:49:46.781 | 03:47   19ms   45M   83G  43/ 46U [GameAnalyzer] Income advantage is now Even
2022-10-27 16:49:46.828 | 03:47   19ms   45M   83G  43/ 46U [GameAnalyzer] Income advantage is now SlightDisadvantage
2022-10-27 16:49:46.869 | 03:47   20ms   60M   87G  43/ 46U [GameAnalyzer] Income advantage is now Even
2022-10-27 16:49:46.873 | 03:47   20ms   10M   87G  43/ 46U [TerranUnit] MARINE from BARRACKS at (121.5, 144.5)
2022-10-27 16:49:47.007 | 03:48   19ms    9M   87G  44/ 46U [GameAnalyzer] Income advantage is now SlightDisadvantage
2022-10-27 16:49:47.095 | 03:48   18ms   14M   91G  44/ 46U [GameAnalyzer] Income advantage is now Even
2022-10-27 16:49:47.254 | 03:49   19ms    4M   95G  44/ 46U [ActUnit] SCV from COMMANDCENTER at (98.5, 151.5)
2022-10-27 16:49:47.913 | 03:52   19ms    2M  111G  45/ 54U [ActUnit] SCV from COMMANDCENTER at (126.5, 151.5)
2022-10-27 16:49:48.537 | 03:55   16ms   27M  127G  46/ 54U [TerranUnit] MARINE from BARRACKS at (130.5, 159.5)
2022-10-27 16:49:48.771 | 03:56   17ms   42M  131G  47/ 54U [GameAnalyzer] Income advantage is now SlightDisadvantage
2022-10-27 16:49:48.810 | 03:56   20ms   52M  131G  47/ 54U [GameAnalyzer] Income advantage is now Even
2022-10-27 16:49:49.972 | 04:01   17ms   52M  159G  47/ 54U [ActUnit] SCV from COMMANDCENTER at (98.5, 151.5)
2022-10-27 16:49:50.010 | 04:01   20ms   52M  159G  48/ 54U [GameAnalyzer] Predicted army advantage is now ClearDisadvantage
2022-10-27 16:49:50.335 | 04:03   18ms   32M  167G  48/ 54U [TerranUnit] MARINE from BARRACKS at (121.5, 144.5)
2022-10-27 16:49:50.435 | 04:03   20ms   32M  167G  49/ 54U [GameAnalyzer] Income advantage is now SlightDisadvantage
2022-10-27 16:49:50.480 | 04:03   20ms   47M  171G  49/ 54U [GameAnalyzer] Income advantage is now Even
2022-10-27 16:49:50.692 | 04:04   21ms   27M  175G  49/ 54U [ActUnit] SCV from COMMANDCENTER at (126.5, 151.5)
2022-10-27 16:49:51.006 | 04:05   18ms   12M  183G  50/ 54U [TerranUnit] MARINE from BARRACKS at (121.5, 144.5)
2022-10-27 16:49:52.736 | 04:12   20ms   82M  219G  51/ 54U [BuildAddon] UnitTypeId.FACTORYTECHLAB to (117.0, 152.0)
2022-10-27 16:49:52.989 | 04:13   20ms    7M  198G  51/ 54U [TerranUnit] MARINE from BARRACKS at (130.5, 159.5)
2022-10-27 16:49:53.495 | 04:15   20ms   22M  214G  52/ 54U [ActUnit] SCV from COMMANDCENTER at (98.5, 151.5)
2022-10-27 16:49:53.721 | 04:16   18ms    2M  214G  53/ 54U [ActUnit] SCV from COMMANDCENTER at (126.5, 151.5)
2022-10-27 16:49:54.778 | 04:20   19ms   22M  238G  54/ 54U [GameAnalyzer] Predicted army advantage is now SmallDisadvantage
2022-10-27 16:49:55.436 | 04:23   19ms  102M  254G  54/ 54U [GameAnalyzer] Known army advantage is now OverwhelmingAdvantage
2022-10-27 16:49:55.584 | 04:24   20ms   62M  258G  54/ 62U [TerranUnit] MARINE from BARRACKS at (121.5, 144.5)
2022-10-27 16:49:55.628 | 04:24   23ms   17M  258G  55/ 62U [TerranUnit] MARINE from BARRACKS at (121.5, 144.5)
2022-10-27 16:49:56.322 | 04:26   21ms    2M  170G  56/ 62U [TerranUnit] MEDIVAC from STARPORT at (116.5, 149.5)
2022-10-27 16:49:56.902 | 04:29   19ms   12M  186G  58/ 62U [ActUnit] SCV from COMMANDCENTER at (98.5, 151.5)
2022-10-27 16:49:57.088 | 04:30   19ms    7M  190G  59/ 62U [ActUnit] SCV from COMMANDCENTER at (126.5, 151.5)
2022-10-27 16:49:57.604 | 04:31   19ms    7M  202G  60/ 62U [TerranUnit] MARINE from BARRACKS at (130.5, 159.5)
2022-10-27 16:49:59.933 | 04:38   24ms   17M  138G  61/ 70U [TerranUnit] MEDIVAC from STARPORT at (116.5, 149.5)
2022-10-27 16:50:00.050 | 04:39   26ms   52M  142G  63/ 70U [GameAnalyzer] Income advantage is now SlightAdvantage
2022-10-27 16:50:00.109 | 04:39   26ms   52M  142G  63/ 70U [GameAnalyzer] Income advantage is now Even
2022-10-27 16:50:00.747 | 04:41   26ms   42M  150G  63/ 70U [ActUnit] SCV from COMMANDCENTER at (98.5, 151.5)
2022-10-27 16:50:00.989 | 04:42   26ms    7M  154G  64/ 70U [ActUnit] SCV from COMMANDCENTER at (126.5, 151.5)
2022-10-27 16:50:01.718 | 04:44   26ms   67M  166G  65/ 78U [GameAnalyzer] Income advantage is now SlightAdvantage
2022-10-27 16:50:01.785 | 04:44   27ms   67M  166G  65/ 78U [GameAnalyzer] Income advantage is now Even
2022-10-27 16:50:02.094 | 04:45   26ms   97M  174G  65/ 78U [GameAnalyzer] Income advantage is now SlightAdvantage
2022-10-27 16:50:02.168 | 04:45   29ms  102M  174G  65/ 78U [GameAnalyzer] Income advantage is now Even
2022-10-27 16:50:02.173 | 04:45   29ms  102M  174G  65/ 78U [Tech] Started SHIELDWALL
2022-10-27 16:50:02.358 | 04:46   26ms   12M   74G  65/ 78U [GameAnalyzer] Income advantage is now SlightAdvantage
2022-10-27 16:50:02.498 | 04:46   26ms   37M   78G  65/ 78U [GameAnalyzer] Income advantage is now Even
2022-10-27 16:50:02.809 | 04:47   27ms   62M   82G  65/ 78U [GameAnalyzer] Income advantage is now SlightAdvantage
2022-10-27 16:50:02.871 | 04:47   28ms   62M   82G  65/ 78U [GameAnalyzer] Income advantage is now Even
2022-10-27 16:50:03.371 | 04:48   27ms  137M   90G  65/ 78U [GameAnalyzer] Income advantage is now SlightAdvantage
2022-10-27 16:50:03.433 | 04:49   27ms  142M   90G  65/ 78U [GameAnalyzer] Income advantage is now Even
2022-10-27 16:50:03.692 | 04:49   27ms   57M   73G  65/ 78U [TerranUnit] MARAUDER from BARRACKS at (130.5, 159.5)
2022-10-27 16:50:03.879 | 04:50   27ms   67M   73G  67/ 78U [GameAnalyzer] Income advantage is now SlightAdvantage
2022-10-27 16:50:03.940 | 04:50   32ms   72M   73G  67/ 78U [GameAnalyzer] Income advantage is now Even
2022-10-27 16:50:04.001 | 04:50   29ms   72M   77G  67/ 78U [GameAnalyzer] Income advantage is now SlightAdvantage
2022-10-27 16:50:04.140 | 04:51   32ms   72M   81G  67/ 78U [GameAnalyzer] Income advantage is now Even
2022-10-27 16:50:04.391 | 04:51   28ms   92M   81G  67/ 78U [GameAnalyzer] Income advantage is now SlightAdvantage
2022-10-27 16:50:04.731 | 04:52   29ms  112M   89G  67/ 78U [GameAnalyzer] Income advantage is now Even
2022-10-27 16:50:05.181 | 04:53   35ms  107M   93G  67/ 78U [ActUnit] SCV from COMMANDCENTER at (98.5, 151.5)
2022-10-27 16:50:05.327 | 04:53   33ms  122M   93G  68/ 78U [GameAnalyzer] Income advantage is now SlightAdvantage
2022-10-27 16:50:05.415 | 04:54   34ms  132M   97G  68/ 78U [GameAnalyzer] Income advantage is now Even
2022-10-27 16:50:05.515 | 04:54   37ms   87M   97G  68/ 78U [ActUnit] SCV from COMMANDCENTER at (126.5, 151.5)
2022-10-27 16:50:05.582 | 04:54   33ms   92M   97G  69/ 78U [GameAnalyzer] Income advantage is now SlightAdvantage
2022-10-27 16:50:05.728 | 04:54   34ms   97M   97G  69/ 78U [GameAnalyzer] Known army advantage is now SmallAdvantage
2022-10-27 16:50:05.730 | 04:54   34ms   97M   97G  69/ 78U [GameAnalyzer] Predicted army advantage is now ClearDisadvantage
2022-10-27 16:50:06.195 | 04:55   38ms  127M  105G  67/ 78U [GameAnalyzer] Known army advantage is now SlightAdvantage
2022-10-27 16:50:06.394 | 04:56   30ms  102M  105G  66/ 78U [TerranUnit] MARINE from BARRACKS at (121.5, 144.5)
2022-10-27 16:50:06.493 | 04:56   34ms   52M  105G  66/ 78U [TerranUnit] MARINE from BARRACKS at (121.5, 144.5)
2022-10-27 16:50:06.668 | 04:56   29ms   62M  109G  67/ 78U [GameAnalyzer] Income advantage is now Even
2022-10-27 16:50:06.817 | 04:57   29ms   77M  113G  67/ 78U [GameAnalyzer] Income advantage is now SlightAdvantage
2022-10-27 16:50:07.179 | 04:58   31ms   82M  117G  65/ 78U [GameAnalyzer] Income advantage is now Even
2022-10-27 16:50:07.298 | 04:58   20ms  102M  117G  64/ 78U [GameAnalyzer] Income advantage is now SlightAdvantage
2022-10-27 16:50:07.360 | 04:58   28ms  107M  121G  64/ 78U [GameAnalyzer] Income advantage is now Even
2022-10-27 16:50:07.361 | 04:58   28ms  107M  121G  64/ 78U [GameAnalyzer] Known army advantage is now Even
2022-10-27 16:50:07.489 | 04:58   25ms  127M  121G  64/ 78U [GameAnalyzer] Income advantage is now SlightAdvantage
2022-10-27 16:50:07.546 | 04:59   27ms  137M  121G  64/ 78U [GameAnalyzer] Income advantage is now SmallAdvantage
2022-10-27 16:50:07.610 | 04:59   26ms  137M  121G  64/ 78U [GameAnalyzer] Income advantage is now SlightAdvantage
2022-10-27 16:50:07.801 | 04:59   24ms  137M  125G  64/ 86U [GameAnalyzer] Income advantage is now Even
2022-10-27 16:50:07.866 | 05:00   27ms  137M  129G  64/ 86U [GameAnalyzer] Known army advantage is now SmallAdvantage
2022-10-27 16:50:07.928 | 05:00   29ms  152M  129G  64/ 86U [GameAnalyzer] Income advantage is now SlightAdvantage
2022-10-27 16:50:08.200 | 05:00   24ms  127M  129G  63/ 86U [BuildGas] Building REFINERY to (91.5, 154.5)
2022-10-27 16:50:08.370 | 05:01   25ms  132M  133G  63/ 86U [GameAnalyzer] Income advantage is now Even
2022-10-27 16:50:08.427 | 05:01   25ms  137M  137G  63/ 86U [GameAnalyzer] Income advantage is now SlightAdvantage
2022-10-27 16:50:08.936 | 05:03   22ms  207M  145G  63/ 86U [GameAnalyzer] Income advantage is now Even
2022-10-27 16:50:08.942 | 05:03   22ms  132M  145G  63/ 86U [BuildGas] Building REFINERY to (95.5, 158.5)
2022-10-27 16:50:09.109 | 05:03   22ms  152M  145G  63/ 86U [GameAnalyzer] Income advantage is now SlightAdvantage
2022-10-27 16:50:09.450 | 05:04   23ms  177M  153G  63/ 86U [GameAnalyzer] Income advantage is now SlightDisadvantage
2022-10-27 16:50:09.616 | 05:05   23ms  197M  153G  63/ 86U [GameAnalyzer] Predicted army advantage is now Even
2022-10-27 16:50:09.736 | 05:05   25ms  212M  157G  63/ 86U [GameAnalyzer] Income advantage is now Even
2022-10-27 16:50:09.784 | 05:05   25ms  162M  157G  63/ 86U [ActUnit] SCV from COMMANDCENTER at (98.5, 151.5)
2022-10-27 16:50:10.010 | 05:06   27ms  122M  161G  64/ 86U [ActUnit] SCV from COMMANDCENTER at (126.5, 151.5)
2022-10-27 16:50:10.622 | 05:08   26ms  192M  169G  65/ 86U [GameAnalyzer] Income advantage is now SlightDisadvantage
2022-10-27 16:50:10.746 | 05:08   25ms  212M  173G  65/ 86U [GameAnalyzer] Income advantage is now Even
2022-10-27 16:50:10.810 | 05:08   28ms  222M  177G  65/ 86U [GameAnalyzer] Income advantage is now SlightDisadvantage
2022-10-27 16:50:10.871 | 05:08   26ms  227M  177G  65/ 86U [GameAnalyzer] Income advantage is now Even
2022-10-27 16:50:10.933 | 05:09   26ms  232M  177G  65/ 86U [GameAnalyzer] Income advantage is now SlightDisadvantage
2022-10-27 16:50:10.999 | 05:09   27ms  247M  177G  65/ 86U [GameAnalyzer] Income advantage is now Even
2022-10-27 16:50:11.067 | 05:09   26ms  107M  102G  65/ 86U [TerranUnit] VIKINGFIGHTER from STARPORT at (116.5, 149.5)
2022-10-27 16:50:11.127 | 05:09   27ms  112M  102G  67/ 86U [GameAnalyzer] Income advantage is now SlightDisadvantage
2022-10-27 16:50:11.197 | 05:09   32ms  112M  106G  67/ 86U [GameAnalyzer] Income advantage is now Even
2022-10-27 16:50:11.401 | 05:10   30ms  137M  110G  67/ 86U [GameAnalyzer] Known army advantage is now SlightAdvantage
2022-10-27 16:50:11.760 | 05:11   39ms  157M  114G  67/ 86U [GameAnalyzer] Known army advantage is now SmallAdvantage
2022-10-27 16:50:11.766 | 05:11   39ms  107M  114G  67/ 86U [TerranUnit] MARINE from BARRACKS at (130.5, 159.5)
2022-10-27 16:50:11.848 | 05:11   49ms  117M  114G  68/ 86U [GameAnalyzer] Income advantage is now SlightDisadvantage
2022-10-27 16:50:11.926 | 05:11   45ms  127M  114G  68/ 86U [GameAnalyzer] Income advantage is now Even
2022-10-27 16:50:12.009 | 05:11   45ms  132M  118G  68/ 86U [GameAnalyzer] Income advantage is now SlightDisadvantage
2022-10-27 16:50:12.092 | 05:11   48ms  142M  118G  68/ 86U [GameAnalyzer] Income advantage is now Even
2022-10-27 16:50:12.420 | 05:12   48ms  157M  118G  68/ 86U [GameAnalyzer] Income advantage is now SlightDisadvantage
2022-10-27 16:50:12.985 | 05:13   69ms  202M  126G  67/ 86U [GameAnalyzer] Income advantage is now Even
2022-10-27 16:50:12.987 | 05:13   69ms  202M  126G  67/ 86U [GameAnalyzer] Known army advantage is now SlightAdvantage
2022-10-27 16:50:12.992 | 05:13   69ms  102M   26G  67/ 86U [TerranUnit] MEDIVAC from STARPORT at (116.5, 149.5)
2022-10-27 16:50:13.065 | 05:14   48ms  112M   26G  69/ 86U [GameAnalyzer] Known army advantage is now SmallAdvantage
2022-10-27 16:50:13.244 | 05:14   50ms   22M   30G  69/ 86U [GameAnalyzer] Income advantage is now SlightDisadvantage
2022-10-27 16:50:13.324 | 05:14   52ms   22M   34G  68/ 86U [GameAnalyzer] Income advantage is now Even
2022-10-27 16:50:13.501 | 05:15   46ms   27M   34G  68/ 86U [GameAnalyzer] Income advantage is now SlightDisadvantage
2022-10-27 16:50:13.595 | 05:15   59ms   27M   34G  68/ 86U [GameAnalyzer] Income advantage is now Even
2022-10-27 16:50:13.756 | 05:15   40ms   42M   34G  68/ 86U [GameAnalyzer] Known army advantage is now SlightAdvantage
2022-10-27 16:50:13.981 | 05:16   37ms   52M   38G  68/ 86U [GameAnalyzer] Income advantage is now SlightDisadvantage
2022-10-27 16:50:14.129 | 05:16   39ms   77M   42G  68/ 86U [GameAnalyzer] Income advantage is now Even
2022-10-27 16:50:14.539 | 05:17   44ms   92M   46G  67/ 86U [GameAnalyzer] Income advantage is now SlightDisadvantage
2022-10-27 16:50:14.614 | 05:17   42ms  122M   46G  67/ 86U [GameAnalyzer] Income advantage is now Even
2022-10-27 16:50:14.619 | 05:17   42ms   72M   46G  67/ 86U [TerranUnit] MARINE from BARRACKS at (121.5, 144.5)
2022-10-27 16:50:14.695 | 05:17   39ms   32M   50G  68/ 86U [TerranUnit] MARINE from BARRACKS at (121.5, 144.5)
2022-10-27 16:50:14.775 | 05:17   46ms   32M   50G  69/ 86U [GameAnalyzer] Income advantage is now SlightDisadvantage
2022-10-27 16:50:14.847 | 05:18   38ms   32M   50G  69/ 86U [GameAnalyzer] Income advantage is now Even
2022-10-27 16:50:14.933 | 05:18   44ms   47M   50G  68/ 86U [GameAnalyzer] Income advantage is now SlightDisadvantage
2022-10-27 16:50:15.004 | 05:18   39ms   57M   50G  68/ 86U [GameAnalyzer] Income advantage is now Even
2022-10-27 16:50:15.007 | 05:18   39ms    7M   50G  68/ 86U [ActUnit] SCV from COMMANDCENTER at (98.5, 151.5)
2022-10-27 16:50:15.399 | 05:19   39ms   42M   58G  68/ 86U [GameAnalyzer] Known army advantage is now Even
2022-10-27 16:50:15.693 | 05:20   34ms    7M   58G  68/ 86U [ActUnit] SCV from COMMANDCENTER at (126.5, 151.5)
2022-10-27 16:50:15.843 | 05:20   37ms   17M   62G  69/ 86U [GameAnalyzer] Income advantage is now SlightDisadvantage
2022-10-27 16:50:15.909 | 05:20   37ms   22M   66G  69/ 86U [GameAnalyzer] Income advantage is now Even
2022-10-27 16:50:15.910 | 05:20   37ms   22M   66G  69/ 86U [GameAnalyzer] Known army advantage is now SlightAdvantage
2022-10-27 16:50:16.632 | 05:22   28ms   72M   74G  68/ 86U [GameAnalyzer] Income advantage is now SlightDisadvantage
2022-10-27 16:50:17.040 | 05:23   27ms  117M   82G  66/ 86U [GameAnalyzer] Income advantage is now Even
2022-10-27 16:50:17.041 | 05:23   27ms  117M   82G  66/ 86U [GameAnalyzer] Known army advantage is now Even
2022-10-27 16:50:17.283 | 05:24   24ms  142M   82G  66/ 86U [GameAnalyzer] Income advantage is now SlightDisadvantage
2022-10-27 16:50:17.450 | 05:25   24ms  182M   90G  65/ 86U [GameAnalyzer] Income advantage is now Even
2022-10-27 16:50:18.737 | 05:29   25ms  237M  118G  63/ 86U [TerranUnit] MARINE from BARRACKS at (130.5, 159.5)
2022-10-27 16:50:19.216 | 05:30   25ms  232M  126G  64/ 86U [ActUnit] SCV from COMMANDCENTER at (98.5, 151.5)
2022-10-27 16:50:19.753 | 05:32   24ms  257M  142G  65/ 86U [ActUnit] SCV from COMMANDCENTER at (126.5, 151.5)
2022-10-27 16:50:20.796 | 05:35   24ms  297M  178G  64/ 86U [TerranUnit] MARINE from BARRACKS at (121.5, 144.5)
2022-10-27 16:50:20.860 | 05:35   28ms  257M  178G  65/ 86U [TerranUnit] MARINE from BARRACKS at (121.5, 144.5)
2022-10-27 16:50:22.174 | 05:39   24ms  392M  214G  66/ 94U [GameAnalyzer] Known army advantage is now SlightAdvantage
2022-10-27 16:50:22.179 | 05:39   24ms  292M  114G  66/ 94U [TerranUnit] MEDIVAC from STARPORT at (116.5, 149.5)
2022-10-27 16:50:23.205 | 05:42   24ms  347M  150G  68/ 94U [ActUnit] SCV from COMMANDCENTER at (98.5, 151.5)
2022-10-27 16:50:23.710 | 05:44   26ms  332M  170G  69/ 94U [ActUnit] SCV from COMMANDCENTER at (126.5, 151.5)
2022-10-27 16:50:23.949 | 05:45   24ms  367M  174G  70/ 94U [GameAnalyzer] Income advantage is now SlightAdvantage
2022-10-27 16:50:24.065 | 05:45   26ms  382M  178G  70/ 94U [GameAnalyzer] Income advantage is now Even
2022-10-27 16:50:24.326 | 05:46   24ms  412M  190G  70/ 94U [Expand] Expanding to (66.5, 152.5)
2022-10-27 16:50:24.603 | 05:46   24ms    2M  194G  70/ 94U [TerranUnit] MARINE from BARRACKS at (130.5, 159.5)
2022-10-27 16:50:24.656 | 05:47   26ms    7M  198G  71/ 94U [GameAnalyzer] Income advantage is now SlightAdvantage
2022-10-27 16:50:24.776 | 05:47   23ms   17M  206G  71/ 94U [GameAnalyzer] Income advantage is now Even
2022-10-27 16:50:24.939 | 05:48   23ms   27M  206G  71/ 94U [GameAnalyzer] Income advantage is now SlightAdvantage
2022-10-27 16:50:25.005 | 05:48   26ms   32M  210G  71/ 94U [GameAnalyzer] Income advantage is now Even
2022-10-27 16:50:25.174 | 05:48   26ms   52M  218G  71/ 94U [GameAnalyzer] Income advantage is now SlightAdvantage
2022-10-27 16:50:25.235 | 05:48   27ms   62M  222G  71/ 94U [GameAnalyzer] Income advantage is now Even
2022-10-27 16:50:26.469 | 05:52   23ms  157M  258G  71/ 94U [GameAnalyzer] Income advantage is now SlightAdvantage
2022-10-27 16:50:26.519 | 05:53   26ms  157M  262G  71/ 94U [GameAnalyzer] Income advantage is now Even
2022-10-27 16:50:26.578 | 05:53   27ms  167M  266G  71/ 94U [GameAnalyzer] Known army advantage is now SmallAdvantage
2022-10-27 16:50:26.584 | 05:53   27ms  117M  266G  71/ 94U [TerranUnit] MARINE from BARRACKS at (121.5, 144.5)
2022-10-27 16:50:26.647 | 05:53   28ms   77M  270G  72/ 94U [TerranUnit] MARINE from BARRACKS at (121.5, 144.5)
2022-10-27 16:50:27.177 | 05:54   39ms   62M  286G  73/ 94U [ActUnit] SCV from COMMANDCENTER at (98.5, 151.5)
2022-10-27 16:50:27.258 | 05:55   36ms   72M  286G  74/ 94U [GameAnalyzer] Income advantage is now SlightAdvantage
2022-10-27 16:50:27.418 | 05:55   36ms   77M  286G  74/ 94U [GameAnalyzer] Income advantage is now Even
2022-10-27 16:50:27.582 | 05:55   44ms   87M  290G  74/ 94U [GameAnalyzer] Income advantage is now SlightAdvantage
2022-10-27 16:50:27.718 | 05:56   30ms   97M  298G  74/ 94U [GameAnalyzer] Income advantage is now SmallAdvantage
2022-10-27 16:50:27.886 | 05:56   67ms   57M  302G  74/ 94U [ActUnit] SCV from COMMANDCENTER at (126.5, 151.5)
2022-10-27 16:50:30.243 | 06:02   34ms  107M  245G  75/ 94U [TerranUnit] SIEGETANK from FACTORY at (114.5, 152.5)
2022-10-27 16:50:30.888 | 06:04   29ms   57M  261G  78/ 94U [GameAnalyzer] Income advantage is now SlightAdvantage
2022-10-27 16:50:30.893 | 06:04   29ms   57M  261G  78/ 94U [Tech] Started PUNISHERGRENADES
2022-10-27 16:50:30.962 | 06:04   34ms   12M  215G  78/ 94U [GameAnalyzer] Income advantage is now Even
2022-10-27 16:50:31.465 | 06:06   33ms    2M  227G  78/ 94U [TerranUnit] MARINE from BARRACKS at (130.5, 159.5)
2022-10-27 16:50:31.885 | 06:07   37ms   27M  239G  79/ 94U [GameAnalyzer] Income advantage is now SlightAdvantage
2022-10-27 16:50:31.886 | 06:07   37ms   27M  239G  79/ 94U [GameAnalyzer] Known army advantage is now SlightAdvantage
2022-10-27 16:50:31.957 | 06:07   35ms   37M  243G  79/ 94U [GameAnalyzer] Income advantage is now Even
2022-10-27 16:50:32.159 | 06:07   34ms    7M  251G  79/ 94U [ActUnit] SCV from COMMANDCENTER at (98.5, 151.5)
2022-10-27 16:50:32.448 | 06:08   33ms   27M  255G  80/ 94U [GameAnalyzer] Income advantage is now SlightAdvantage
2022-10-27 16:50:32.532 | 06:08   37ms   27M  259G  80/ 94U [GameAnalyzer] Income advantage is now Even
2022-10-27 16:50:32.608 | 06:08   42ms   27M  259G  80/ 94U [GameAnalyzer] Income advantage is now SlightAdvantage
2022-10-27 16:50:32.913 | 06:09   34ms   32M  271G  80/ 94U [GameAnalyzer] Income advantage is now Even
2022-10-27 16:50:33.127 | 06:10   35ms    7M  275G  80/ 94U [ActUnit] SCV from COMMANDCENTER at (126.5, 151.5)
2022-10-27 16:50:33.202 | 06:10   37ms   17M  275G  81/ 94U [GameAnalyzer] Income advantage is now SlightAdvantage
2022-10-27 16:50:33.430 | 06:10   36ms   37M  283G  81/ 94U [GameAnalyzer] Income advantage is now Even
2022-10-27 16:50:33.579 | 06:11   35ms   42M  287G  81/ 94U [GameAnalyzer] Income advantage is now SlightAdvantage
2022-10-27 16:50:33.740 | 06:11   34ms   47M  287G  81/ 94U [GameAnalyzer] Income advantage is now Even
2022-10-27 16:50:33.895 | 06:11   37ms    2M  291G  81/ 94U [TerranUnit] MARINE from BARRACKS at (121.5, 144.5)
2022-10-27 16:50:34.119 | 06:12   39ms   32M  303G  82/ 94U [GameAnalyzer] Income advantage is now SlightAdvantage
2022-10-27 16:50:34.202 | 06:12   39ms   47M  303G  82/ 94U [GameAnalyzer] Income advantage is now Even
2022-10-27 16:50:34.387 | 06:13   39ms    2M  303G  82/ 94U [TerranUnit] MARINE from BARRACKS at (121.5, 144.5)
2022-10-27 16:50:34.533 | 06:13   36ms    7M  307G  83/ 94U [GameAnalyzer] Income advantage is now SlightAdvantage
2022-10-27 16:50:34.609 | 06:13   37ms    7M  311G  83/ 94U [GameAnalyzer] Income advantage is now Even
2022-10-27 16:50:34.680 | 06:13   37ms   12M  315G  83/ 94U [GameAnalyzer] Income advantage is now SlightAdvantage
2022-10-27 16:50:34.845 | 06:14   49ms   12M  319G  83/ 94U [GameAnalyzer] Income advantage is now Even
2022-10-27 16:50:35.008 | 06:14   43ms   37M  319G  83/ 94U [GameAnalyzer] Income advantage is now SlightAdvantage
2022-10-27 16:50:35.095 | 06:14   43ms   47M  323G  83/ 94U [GameAnalyzer] Income advantage is now Even
2022-10-27 16:50:35.179 | 06:14   42ms   57M  323G  82/ 94U [GameAnalyzer] Income advantage is now SlightAdvantage
2022-10-27 16:50:35.818 | 06:16   42ms   82M  339G  81/ 94U [GameAnalyzer] Income advantage is now Even
2022-10-27 16:50:36.071 | 06:16   42ms  112M  347G  81/ 94U [GameAnalyzer] Income advantage is now SlightAdvantage
2022-10-27 16:50:36.156 | 06:16   40ms  117M  351G  81/ 94U [GameAnalyzer] Income advantage is now Even
2022-10-27 16:50:36.317 | 06:17   40ms    7M  351G  81/ 94U [GameAnalyzer] Known army advantage is now Even
2022-10-27 16:50:36.572 | 06:17   45ms   12M  355G  80/ 94U [GameAnalyzer] Income advantage is now SlightAdvantage
2022-10-27 16:50:36.649 | 06:18   41ms   12M  359G  80/ 94U [GameAnalyzer] Income advantage is now Even
2022-10-27 16:50:36.978 | 06:18   40ms   42M  367G  79/ 94U [GameAnalyzer] Income advantage is now SlightAdvantage
2022-10-27 16:50:37.201 | 06:19   36ms   67M  371G  79/ 94U [GameAnalyzer] Income advantage is now Even
2022-10-27 16:50:37.501 | 06:20   37ms   82M  383G  79/ 94U [GameAnalyzer] Income advantage is now SlightAdvantage
2022-10-27 16:50:37.503 | 06:20   37ms   32M  383G  79/ 94U [ActUnit] SCV from COMMANDCENTER at (98.5, 151.5)
2022-10-27 16:50:37.581 | 06:20   38ms   32M  383G  80/ 94U [GameAnalyzer] Income advantage is now Even
2022-10-27 16:50:37.661 | 06:20   39ms   37M  383G  80/ 94U [GameAnalyzer] Income advantage is now SlightAdvantage
2022-10-27 16:50:37.739 | 06:20   39ms   37M  387G  79/ 94U [GameAnalyzer] Income advantage is now Even
2022-10-27 16:50:37.814 | 06:20   41ms   42M  387G  79/ 94U [GameAnalyzer] Income advantage is now SlightAdvantage
2022-10-27 16:50:38.041 | 06:21   36ms   67M  399G  79/ 94U [GameAnalyzer] Income advantage is now Even
2022-10-27 16:50:38.505 | 06:22   38ms  107M  403G  79/ 94U [GameAnalyzer] Income advantage is now SlightAdvantage
2022-10-27 16:50:38.507 | 06:22   38ms   57M  403G  79/ 94U [ActUnit] SCV from COMMANDCENTER at (126.5, 151.5)
2022-10-27 16:50:38.578 | 06:22   37ms   57M  407G  80/ 94U [GameAnalyzer] Income advantage is now Even
2022-10-27 16:50:38.653 | 06:22   38ms   57M  411G  80/ 94U [GameAnalyzer] Income advantage is now SlightAdvantage
2022-10-27 16:50:38.728 | 06:22   36ms   62M  415G  80/ 94U [GameAnalyzer] Income advantage is now Even
2022-10-27 16:50:38.875 | 06:23   39ms   82M  415G  80/ 94U [GameAnalyzer] Income advantage is now SlightAdvantage
2022-10-27 16:50:38.953 | 06:23   37ms   82M  415G  80/ 94U [GameAnalyzer] Income advantage is now Even
2022-10-27 16:50:39.189 | 06:23   38ms   52M  423G  79/ 94U [TerranUnit] MARINE from BARRACKS at (130.5, 159.5)
2022-10-27 16:50:39.259 | 06:24   39ms   62M  427G  80/ 94U [GameAnalyzer] Income advantage is now SlightAdvantage
2022-10-27 16:50:39.493 | 06:24   39ms   67M  431G  80/ 94U [GameAnalyzer] Income advantage is now Even
2022-10-27 16:50:39.571 | 06:24   41ms   72M  431G  80/ 94U [GameAnalyzer] Income advantage is now SlightAdvantage
2022-10-27 16:50:39.655 | 06:25   42ms   72M  435G  80/ 94U [GameAnalyzer] Income advantage is now Even
2022-10-27 16:50:39.803 | 06:25   42ms   82M  439G  80/ 94U [GameAnalyzer] Income advantage is now SlightAdvantage
2022-10-27 16:50:39.894 | 06:25   44ms   92M  443G  80/ 94U [GameAnalyzer] Income advantage is now Even
2022-10-27 16:50:40.139 | 06:26   40ms  112M  447G  80/ 94U [GameAnalyzer] Income advantage is now SlightAdvantage
2022-10-27 16:50:40.518 | 06:26   44ms   12M  459G  80/102U [GameAnalyzer] Income advantage is now Even
2022-10-27 16:50:40.591 | 06:27   39ms   17M  459G  80/102U [GameAnalyzer] Income advantage is now SlightAdvantage
2022-10-27 16:50:40.892 | 06:27   39ms   47M  467G  80/102U [GameAnalyzer] Income advantage is now Even
2022-10-27 16:50:41.208 | 06:28   45ms   62M  475G  80/102U [GameAnalyzer] Income advantage is now SlightAdvantage
2022-10-27 16:50:41.290 | 06:28   42ms   67M  479G  80/102U [GameAnalyzer] Income advantage is now Even
2022-10-27 16:50:41.368 | 06:28   44ms   72M  479G  80/102U [GameAnalyzer] Income advantage is now SlightAdvantage
2022-10-27 16:50:41.539 | 06:29   43ms   82M  479G  80/102U [GameAnalyzer] Income advantage is now Even
2022-10-27 16:50:41.618 | 06:29   40ms   87M  483G  80/102U [GameAnalyzer] Income advantage is now SlightAdvantage
2022-10-27 16:50:41.788 | 06:29   42ms   62M  487G  80/102U [TerranUnit] MARINE from BARRACKS at (121.5, 144.5)
2022-10-27 16:50:41.871 | 06:30   44ms   72M  491G  81/102U [GameAnalyzer] Income advantage is now Even
2022-10-27 16:50:42.044 | 06:30   45ms   77M  495G  81/102U [GameAnalyzer] Income advantage is now SlightAdvantage
2022-10-27 16:50:42.218 | 06:30   42ms   87M  495G  81/102U [GameAnalyzer] Income advantage is now Even
2022-10-27 16:50:42.301 | 06:30   43ms   92M  499G  81/102U [GameAnalyzer] Income advantage is now SlightAdvantage
2022-10-27 16:50:42.307 | 06:30   43ms   42M  499G  81/102U [TerranUnit] MARINE from BARRACKS at (121.5, 144.5)
2022-10-27 16:50:42.882 | 06:32   44ms   32M  511G  82/102U [ActUnit] SCV from COMMANDCENTER at (98.5, 151.5)
2022-10-27 16:50:43.537 | 06:33   44ms   62M  527G  83/102U [GameAnalyzer] Income advantage is now Even
2022-10-27 16:50:43.712 | 06:33   40ms   77M  531G  83/102U [GameAnalyzer] Income advantage is now SlightAdvantage
2022-10-27 16:50:43.992 | 06:34   48ms   42M  539G  83/102U [ActUnit] SCV from COMMANDCENTER at (126.5, 151.5)
2022-10-27 16:50:44.112 | 06:34   49ms   52M  543G  84/102U [GameAnalyzer] Income advantage is now Even
2022-10-27 16:50:44.190 | 06:34   38ms   72M  543G  84/102U [GameAnalyzer] Income advantage is now SlightAdvantage
2022-10-27 16:50:44.539 | 06:35   31ms   87M  551G  84/102U [GameAnalyzer] Income advantage is now Even
2022-10-27 16:50:44.613 | 06:35   34ms   92M  555G  84/102U [GameAnalyzer] Income advantage is now SlightAdvantage
2022-10-27 16:50:44.959 | 06:36   29ms  117M  563G  82/102U [GameAnalyzer] Income advantage is now Even
2022-10-27 16:50:45.026 | 06:36   31ms  127M  563G  82/102U [GameAnalyzer] Income advantage is now SlightAdvantage
2022-10-27 16:50:45.992 | 06:39   30ms  197M  591G  81/102U [GameAnalyzer] Income advantage is now Even
2022-10-27 16:50:46.131 | 06:39   35ms  227M  595G  81/102U [GameAnalyzer] Income advantage is now SlightAdvantage
2022-10-27 16:50:46.500 | 06:40   33ms  242M  607G  81/102U [GameAnalyzer] Income advantage is now Even
2022-10-27 16:50:46.574 | 06:40   39ms  252M  607G  81/102U [GameAnalyzer] Income advantage is now SlightAdvantage
2022-10-27 16:50:46.581 | 06:40   39ms  102M  482G  81/102U [TerranUnit] SIEGETANK from FACTORY at (114.5, 152.5)
2022-10-27 16:50:46.648 | 06:41   35ms  107M  482G  84/102U [GameAnalyzer] Income advantage is now Even
2022-10-27 16:50:46.792 | 06:41   33ms  117M  486G  84/102U [GameAnalyzer] Income advantage is now SlightAdvantage
2022-10-27 16:50:46.945 | 06:41   31ms  137M  494G  84/102U [GameAnalyzer] Known army advantage is now SlightAdvantage
2022-10-27 16:50:46.950 | 06:41   31ms   87M  494G  84/102U [TerranUnit] MARINE from BARRACKS at (130.5, 159.5)
2022-10-27 16:50:47.015 | 06:41   35ms   87M  498G  85/102U [GameAnalyzer] Income advantage is now Even
2022-10-27 16:50:47.158 | 06:42   32ms  102M  498G  85/102U [GameAnalyzer] Income advantage is now SlightAdvantage
2022-10-27 16:50:47.502 | 06:43   30ms   22M  510G  85/102U [GameAnalyzer] Income advantage is now Even
2022-10-27 16:50:47.640 | 06:43   34ms   32M  514G  85/102U [GameAnalyzer] Income advantage is now SlightAdvantage
2022-10-27 16:50:47.921 | 06:44   32ms   12M  518G  85/102U [ActUnit] SCV from COMMANDCENTER at (98.5, 151.5)
2022-10-27 16:50:48.201 | 06:45   29ms   37M  530G  86/102U [GameAnalyzer] Known army advantage is now Even
2022-10-27 16:50:48.696 | 06:46   32ms   72M  542G  86/102U [GameAnalyzer] Income advantage is now SmallAdvantage
2022-10-27 16:50:48.775 | 06:46   32ms   72M  546G  86/102U [GameAnalyzer] Income advantage is now SlightAdvantage
2022-10-27 16:50:48.859 | 06:46   31ms   32M  546G  86/102U [ActUnit] SCV from COMMANDCENTER at (126.5, 151.5)
2022-10-27 16:50:49.000 | 06:46   29ms   52M  546G  87/102U [GameAnalyzer] Income advantage is now SmallAdvantage
2022-10-27 16:50:49.073 | 06:47   31ms   52M  550G  86/102U [GameAnalyzer] Income advantage is now SlightAdvantage
2022-10-27 16:50:49.218 | 06:47   30ms   67M  554G  86/102U [GameAnalyzer] Income advantage is now Even
2022-10-27 16:50:49.358 | 06:47   31ms   77M  562G  85/102U [GameAnalyzer] Income advantage is now SlightAdvantage
2022-10-27 16:50:49.631 | 06:48   35ms  102M  566G  84/102U [GameAnalyzer] Known army advantage is now SlightAdvantage
2022-10-27 16:50:49.637 | 06:48   35ms  102M  566G  84/102U [Tech] Started TERRANINFANTRYWEAPONSLEVEL1
2022-10-27 16:50:49.641 | 06:48   35ms   52M  566G  84/102U [TerranUnit] MARINE from BARRACKS at (121.5, 144.5)
2022-10-27 16:50:50.037 | 06:49   30ms   37M  478G  84/102U [GameAnalyzer] Income advantage is now SmallAdvantage
2022-10-27 16:50:50.117 | 06:49   30ms   37M  478G  84/102U [GameAnalyzer] Income advantage is now SlightAdvantage
2022-10-27 16:50:50.260 | 06:50   28ms    2M  482G  84/102U [TerranUnit] MARINE from BARRACKS at (121.5, 144.5)
2022-10-27 16:50:50.639 | 06:51   31ms   17M  494G  84/102U [GameAnalyzer] Income advantage is now Even
2022-10-27 16:50:50.708 | 06:51   31ms   27M  494G  84/102U [GameAnalyzer] Income advantage is now SlightAdvantage
2022-10-27 16:50:50.905 | 06:51   28ms   62M  498G  84/102U [GameAnalyzer] Income advantage is now SmallAdvantage
2022-10-27 16:50:50.911 | 06:51   28ms   12M  498G  84/102U [TerranUnit] MARINE from BARRACKS at (121.5, 144.5)
2022-10-27 16:50:50.982 | 06:51   33ms   12M  502G  85/102U [GameAnalyzer] Income advantage is now SlightAdvantage
2022-10-27 16:50:51.443 | 06:53   30ms   52M  514G  85/102U [GameAnalyzer] Income advantage is now SmallAdvantage
2022-10-27 16:50:51.514 | 06:53   31ms   52M  518G  85/102U [GameAnalyzer] Income advantage is now SlightAdvantage
2022-10-27 16:50:51.656 | 06:53   31ms   67M  526G  85/102U [GameAnalyzer] Income advantage is now Even
2022-10-27 16:50:51.723 | 06:53   30ms   77M  526G  85/102U [GameAnalyzer] Income advantage is now SlightAdvantage
2022-10-27 16:50:51.820 | 06:54   30ms   82M  526G  85/102U [GameAnalyzer] Income advantage is now Even
2022-10-27 16:50:51.885 | 06:54   34ms   87M  526G  84/102U [GameAnalyzer] Income advantage is now SlightAdvantage
2022-10-27 16:50:52.021 | 06:54   28ms   92M  530G  84/102U [GameAnalyzer] Income advantage is now Even
2022-10-27 16:50:52.082 | 06:54   30ms  102M  534G  84/102U [GameAnalyzer] Income advantage is now SlightAdvantage
2022-10-27 16:50:52.412 | 06:55   28ms  117M  542G  84/102U [Tech] Started TERRANINFANTRYARMORSLEVEL1
2022-10-27 16:50:52.728 | 06:56   30ms    2M  458G  84/102U [ActUnit] SCV from COMMANDCENTER at (98.5, 151.5)
2022-10-27 16:50:52.792 | 06:56   29ms   12M  458G  85/102U [GameAnalyzer] Income advantage is now SmallAdvantage
2022-10-27 16:50:52.858 | 06:56   31ms   17M  458G  85/102U [GameAnalyzer] Income advantage is now SlightAdvantage
2022-10-27 16:50:53.503 | 06:58   28ms   87M  474G  85/102U [GameAnalyzer] Income advantage is now SmallAdvantage
2022-10-27 16:50:53.504 | 06:58   28ms   37M  474G  85/102U [ActUnit] SCV from COMMANDCENTER at (126.5, 151.5)
2022-10-27 16:50:53.771 | 06:59   27ms   47M  486G  86/102U [GameAnalyzer] Income advantage is now SlightAdvantage
2022-10-27 16:50:53.846 | 06:59   31ms   52M  490G  86/102U [GameAnalyzer] Known army advantage is now SmallAdvantage
2022-10-27 16:50:53.852 | 06:59   31ms    2M  490G  86/102U [TerranUnit] MARINE from BARRACKS at (130.5, 159.5)
2022-10-27 16:50:53.992 | 07:00   33ms   17M  490G  87/102U [GameAnalyzer] Income advantage is now SmallAdvantage
2022-10-27 16:50:54.060 | 07:00   31ms   17M  490G  87/102U [GameAnalyzer] Income advantage is now SlightAdvantage
2022-10-27 16:50:54.203 | 07:00   28ms   42M  494G  87/102U [GameAnalyzer] Income advantage is now Even
2022-10-27 16:50:54.266 | 07:00   32ms   47M  498G  87/102U [GameAnalyzer] Income advantage is now SlightAdvantage
2022-10-27 16:50:54.591 | 07:01   28ms   67M  506G  87/102U [GameAnalyzer] Income advantage is now Even
2022-10-27 16:50:54.783 | 07:02   30ms   87M  510G  87/102U [GameAnalyzer] Income advantage is now SlightAdvantage
2022-10-27 16:50:54.908 | 07:02   29ms   97M  518G  87/102U [GameAnalyzer] Income advantage is now Even
2022-10-27 16:50:55.218 | 07:03   30ms  122M  526G  87/102U [GameAnalyzer] Income advantage is now SlightAdvantage
2022-10-27 16:50:55.352 | 07:03   29ms  127M  530G  87/102U [GameAnalyzer] Income advantage is now Even
2022-10-27 16:50:55.544 | 07:04   29ms  142M  538G  87/102U [GameAnalyzer] Income advantage is now SlightAdvantage
2022-10-27 16:50:55.745 | 07:04   30ms  152M  542G  87/102U [GameAnalyzer] Income advantage is now Even
2022-10-27 16:50:56.785 | 07:07   33ms  242M  570G  87/117U [GameAnalyzer] Income advantage is now SlightAdvantage
2022-10-27 16:50:56.848 | 07:07   34ms   97M  574G  87/117U [GameAnalyzer] Income advantage is now SmallAdvantage
2022-10-27 16:50:56.990 | 07:08   30ms   57M  578G  87/117U [TerranUnit] MARINE from BARRACKS at (121.5, 144.5)
2022-10-27 16:50:57.595 | 07:09   29ms   47M  594G  88/125U [TerranUnit] MARINE from BARRACKS at (121.5, 144.5)
2022-10-27 16:50:58.194 | 07:11   29ms   97M  614G  89/125U [GameAnalyzer] Income advantage is now ClearAdvantage
2022-10-27 16:50:58.260 | 07:11   32ms   97M  618G  89/125U [GameAnalyzer] Income advantage is now SmallAdvantage
2022-10-27 16:50:59.733 | 07:15   32ms  132M  654G  89/125U [BuildGas] Building REFINERY to (59.5, 155.5)
2022-10-27 16:51:00.261 | 07:16   29ms  172M  670G  89/125U [GameAnalyzer] Income advantage is now ClearAdvantage
2022-10-27 16:51:00.331 | 07:16   33ms  172M  670G  89/125U [GameAnalyzer] Income advantage is now SmallAdvantage
2022-10-27 16:51:00.599 | 07:17   30ms  147M  682G  89/125U [TerranUnit] MARINE from BARRACKS at (130.5, 159.5)
2022-10-27 16:51:01.350 | 07:19   31ms  127M  702G  90/125U [BuildGas] Building REFINERY to (63.5, 159.5)
2022-10-27 16:51:01.613 | 07:20   29ms  167M  710G  90/125U [GameAnalyzer] Income advantage is now SlightAdvantage
2022-10-27 16:51:01.749 | 07:20   31ms  187M  714G  90/125U [GameAnalyzer] Income advantage is now SmallAdvantage
2022-10-27 16:51:01.823 | 07:20   30ms  197M  714G  90/125U [GameAnalyzer] Known army advantage is now ClearAdvantage
2022-10-27 16:51:02.585 | 07:22   32ms  107M  609G  90/125U [TerranUnit] SIEGETANK from FACTORY at (114.5, 152.5)
2022-10-27 16:51:03.811 | 07:25   32ms  187M  649G  93/125U [TerranUnit] MARINE from BARRACKS at (121.5, 144.5)
2022-10-27 16:51:04.442 | 07:27   33ms  202M  665G  94/125U [TerranUnit] MARINE from BARRACKS at (121.5, 144.5)
2022-10-27 16:51:04.710 | 07:28   31ms  227M  669G  95/125U [GameAnalyzer] Income advantage is now SlightAdvantage
2022-10-27 16:51:04.780 | 07:28   33ms  237M  673G  95/125U [GameAnalyzer] Income advantage is now SmallAdvantage
2022-10-27 16:51:04.990 | 07:28   31ms  102M  531G  95/125U [TerranUnit] LIBERATOR from STARPORT at (116.5, 149.5)
2022-10-27 16:51:05.380 | 07:30   28ms  167M  539G  98/125U [GameAnalyzer] Predicted army advantage is now SlightDisadvantage
2022-10-27 16:51:05.518 | 07:30   30ms  182M  547G  98/125U [GameAnalyzer] Income advantage is now SlightAdvantage
2022-10-27 16:51:05.581 | 07:30   30ms  187M  551G  98/125U [GameAnalyzer] Income advantage is now SmallAdvantage
2022-10-27 16:51:05.650 | 07:30   32ms  197M  551G  98/125U [GameAnalyzer] Income advantage is now SlightAdvantage
2022-10-27 16:51:05.712 | 07:30   31ms  207M  551G  98/125U [GameAnalyzer] Income advantage is now SmallAdvantage
2022-10-27 16:51:06.055 | 07:31   34ms  222M  559G  98/125U [GameAnalyzer] Income advantage is now SlightAdvantage
2022-10-27 16:51:06.122 | 07:31   33ms  232M  567G  98/125U [GameAnalyzer] Income advantage is now SmallAdvantage
2022-10-27 16:51:06.262 | 07:32   34ms  112M  417G  98/125U [TerranUnit] LIBERATOR from STARPORT at (116.5, 149.5)
2022-10-27 16:51:06.328 | 07:32   31ms   67M  417G 101/125U [ActUnit] SCV from COMMANDCENTER at (66.5, 152.5)
2022-10-27 16:51:06.390 | 07:32   30ms   27M  421G 102/125U [ActUnit] SCV from COMMANDCENTER at (98.5, 151.5)
2022-10-27 16:51:06.554 | 07:33   59ms    2M  421G 103/125U [ActUnit] SCV from COMMANDCENTER at (126.5, 151.5)
2022-10-27 16:51:07.367 | 07:35   28ms   92M  449G 104/125U [GameAnalyzer] Predicted army advantage is now SmallDisadvantage
2022-10-27 16:51:07.443 | 07:35   29ms   57M  449G 104/125U [TerranUnit] MARINE from BARRACKS at (130.5, 159.5)
2022-10-27 16:51:09.439 | 07:40   29ms  142M  509G 105/125U [GameAnalyzer] Income advantage is now SlightAdvantage
2022-10-27 16:51:09.507 | 07:40   33ms  147M  513G 105/125U [GameAnalyzer] Income advantage is now SmallAdvantage
2022-10-27 16:51:09.642 | 07:41   29ms  157M  513G 105/125U [GameAnalyzer] Income advantage is now SlightAdvantage
2022-10-27 16:51:09.711 | 07:41   32ms  162M  513G 105/125U [GameAnalyzer] Income advantage is now SmallAdvantage
2022-10-27 16:51:10.587 | 07:43   32ms  192M  549G 105/125U [TerranUnit] MARINE from BARRACKS at (121.5, 144.5)
2022-10-27 16:51:10.914 | 07:44   31ms   92M  553G 106/125U [ActUnit] SCV from COMMANDCENTER at (66.5, 152.5)
2022-10-27 16:51:10.990 | 07:44   32ms   57M  553G 107/125U [ActUnit] SCV from COMMANDCENTER at (98.5, 151.5)
2022-10-27 16:51:11.126 | 07:45   31ms   22M  561G 108/125U [ActUnit] SCV from COMMANDCENTER at (126.5, 151.5)
2022-10-27 16:51:11.610 | 07:46   31ms    7M  573G 109/125U [TerranUnit] MARINE from BARRACKS at (121.5, 144.5)
2022-10-27 16:51:13.384 | 07:50   31ms  197M  637G 110/125U [GameAnalyzer] Income advantage is now ClearAdvantage
2022-10-27 16:51:13.527 | 07:51   33ms  202M  645G 110/125U [GameAnalyzer] Income advantage is now SmallAdvantage
2022-10-27 16:51:14.105 | 07:52   30ms  117M  669G 110/125U [GameAnalyzer] Income advantage is now SlightAdvantage
2022-10-27 16:51:14.170 | 07:52   31ms  127M  669G 110/125U [GameAnalyzer] Income advantage is now SmallAdvantage
2022-10-27 16:51:14.299 | 07:53   30ms  147M  669G 110/125U [GameAnalyzer] Income advantage is now ClearAdvantage
2022-10-27 16:51:14.306 | 07:53   30ms   97M  669G 110/125U [TerranUnit] MARINE from BARRACKS at (130.5, 159.5)
2022-10-27 16:51:14.368 | 07:53   34ms  102M  673G 111/125U [GameAnalyzer] Income advantage is now SmallAdvantage
2022-10-27 16:51:14.509 | 07:53   31ms  107M  677G 111/125U [GameAnalyzer] Income advantage is now SlightAdvantage
2022-10-27 16:51:14.573 | 07:53   33ms  112M  681G 111/125U [GameAnalyzer] Income advantage is now SmallAdvantage
2022-10-27 16:51:14.770 | 07:54   29ms  152M  689G 111/125U [GameAnalyzer] Income advantage is now ClearAdvantage
2022-10-27 16:51:14.842 | 07:54   35ms  152M  689G 111/125U [GameAnalyzer] Income advantage is now SmallAdvantage
2022-10-27 16:51:15.695 | 07:56   32ms  182M  725G 111/125U [ActUnit] SCV from COMMANDCENTER at (66.5, 152.5)
2022-10-27 16:51:15.762 | 07:56   34ms  147M  729G 112/125U [ActUnit] SCV from COMMANDCENTER at (98.5, 151.5)
2022-10-27 16:51:15.908 | 07:57   31ms  162M  733G 113/125U [GameAnalyzer] Income advantage is now ClearAdvantage
2022-10-27 16:51:15.910 | 07:57   31ms  112M  733G 113/125U [ActUnit] SCV from COMMANDCENTER at (126.5, 151.5)
2022-10-27 16:51:15.988 | 07:57   35ms  112M  737G 114/125U [GameAnalyzer] Income advantage is now SmallAdvantage
2022-10-27 16:51:16.798 | 07:59   32ms   92M  761G 114/125U [GameAnalyzer] Income advantage is now ClearAdvantage
2022-10-27 16:51:16.939 | 07:59   32ms    2M  773G 114/125U [GameAnalyzer] Income advantage is now SmallAdvantage
2022-10-27 16:51:17.488 | INFO     | sc2.protocol:_execute:72 - Client status changed to Status.ended (was Status.in_game)
2022-10-27 16:51:17.490 | Result: Defeat
2022-10-27 16:51:17.491 | Duration: 08:01
2022-10-27 16:51:17.492 | Step time min: 6
2022-10-27 16:51:17.492 | Step time avg: 21
2022-10-27 16:51:17.493 | Step time max: 123
2022-10-27 16:51:17.494 | [LostUnitsContents] My lost units minerals and gas: (1775, 100)
2022-10-27 16:51:17.494 | [LostUnitsContents] My lost units minerals by score: 1775.0
2022-10-27 16:51:17.495 | [LostUnitsContents] Enemy lost units minerals and gas: (2050, 575)
2022-10-27 16:51:17.496 | [LostUnitsContents] Enemy lost units minerals by score: 2050.0
2022-10-27 16:51:17.497 | [GameAnalyzerEnd] Own units:
2022-10-27 16:51:17.498 | [GameAnalyzerEnd] SCV               total:  59 alive:  59 dead:   0 
2022-10-27 16:51:17.498 | [GameAnalyzerEnd] MARINE            total:  47 alive:  16 dead:  31 
2022-10-27 16:51:17.499 | [GameAnalyzerEnd] SUPPLYDEPOT       total:  12 alive:  12 dead:   0 
2022-10-27 16:51:17.499 | [GameAnalyzerEnd] REFINERY          total:   6 alive:   6 dead:   0 
2022-10-27 16:51:17.500 | [GameAnalyzerEnd] BARRACKS          total:   4 alive:   4 dead:   0 
2022-10-27 16:51:17.501 | [GameAnalyzerEnd] MEDIVAC           total:   4 alive:   4 dead:   0 
2022-10-27 16:51:17.501 | [GameAnalyzerEnd] SIEGETANK         total:   3 alive:   3 dead:   0 
2022-10-27 16:51:17.502 | [GameAnalyzerEnd] ORBITALCOMMAND    total:   3 alive:   3 dead:   0 
2022-10-27 16:51:17.503 | [GameAnalyzerEnd] TECHLAB           total:   2 alive:   2 dead:   0 
2022-10-27 16:51:17.503 | [GameAnalyzerEnd] REACTOR           total:   2 alive:   2 dead:   0 
2022-10-27 16:51:17.504 | [GameAnalyzerEnd] ENGINEERINGBAY    total:   2 alive:   2 dead:   0 
2022-10-27 16:51:17.505 | [GameAnalyzerEnd] WIDOWMINE         total:   2 alive:   1 dead:   1 
2022-10-27 16:51:17.505 | [GameAnalyzerEnd] VIKINGFIGHTER     total:   1 alive:   1 dead:   0 
2022-10-27 16:51:17.506 | [GameAnalyzerEnd] STARPORT          total:   1 alive:   1 dead:   0 
2022-10-27 16:51:17.507 | [GameAnalyzerEnd] FACTORY           total:   1 alive:   1 dead:   0 
2022-10-27 16:51:17.509 | [GameAnalyzerEnd] REAPER            total:   1 alive:   0 dead:   1 
2022-10-27 16:51:17.510 | [GameAnalyzerEnd] MARAUDER          total:   1 alive:   0 dead:   1 
2022-10-27 16:51:17.511 | [GameAnalyzerEnd] Enemy units:
2022-10-27 16:51:17.512 | [GameAnalyzerEnd] PROBE             total:  47 alive:  44 dead:   3 
2022-10-27 16:51:17.512 | [GameAnalyzerEnd] ADEPT             total:   9 alive:   1 dead:   8 
2022-10-27 16:51:17.513 | [GameAnalyzerEnd] PYLON             total:   5 alive:   5 dead:   0 
2022-10-27 16:51:17.513 | [GameAnalyzerEnd] ZEALOT            total:   5 alive:   2 dead:   3 
2022-10-27 16:51:17.514 | [GameAnalyzerEnd] STALKER           total:   5 alive:   1 dead:   4 
2022-10-27 16:51:17.515 | [GameAnalyzerEnd] ASSIMILATOR       total:   4 alive:   4 dead:   0 
2022-10-27 16:51:17.515 | [GameAnalyzerEnd] GATEWAY           total:   2 alive:   2 dead:   0 
2022-10-27 16:51:17.516 | [GameAnalyzerEnd] NEXUS             total:   2 alive:   2 dead:   0 
2022-10-27 16:51:17.516 | [GameAnalyzerEnd] WARPGATE          total:   2 alive:   2 dead:   0 
2022-10-27 16:51:17.517 | [GameAnalyzerEnd] ROBOTICSFACILITY  total:   2 alive:   2 dead:   0 
2022-10-27 16:51:17.518 | [GameAnalyzerEnd] CYBERNETICSCORE   total:   1 alive:   1 dead:   0 
2022-10-27 16:51:17.519 | [GameAnalyzerEnd] FORGE             total:   1 alive:   1 dead:   0 
2022-10-27 16:51:17.519 | [GameAnalyzerEnd] SENTRY            total:   1 alive:   1 dead:   0 
2022-10-27 16:51:17.520 | [GameAnalyzerEnd] IMMORTAL          total:   1 alive:   0 dead:   1 
2022-10-27 16:51:17.521 | [GameAnalyzerEnd] OBSERVER          total:   1 alive:   0 dead:   1 
2022-10-27 16:51:17.522 | [GameAnalyzerEnd] Minerals max 600 Average 135
2022-10-27 16:51:17.522 | [GameAnalyzerEnd] Vespene max 793 Average 194
2022-10-27 16:51:17.525 | INFO     | sc2.main:_play_game:228 - Result for player 1 - Bot Turtles(Terran): Defeat
2022-10-27 16:51:18.751 | INFO     | sc2.protocol:__request:48 - Cannot receive: Game has already ended.
2022-10-27 16:51:18.753 | INFO     | sc2.sc2process:_close_connection:231 - Closing connection at 56340...
2022-10-27 16:51:18.754 | INFO     | sc2.sc2process:kill_all:33 - kill_switch: Process cleanup for 1 processes
