2022-11-15 12:38:29.590 | INFO     | sc2.protocol:_execute:72 - Client status changed to Status.launched (was None)
2022-11-15 12:38:29.592 | INFO     | sc2.controller:create_game:37 - Creating new game
2022-11-15 12:38:29.593 | INFO     | sc2.controller:create_game:38 - Map:     OxideAIE
2022-11-15 12:38:29.595 | INFO     | sc2.controller:create_game:39 - Players: Bot Turtles(Terran), Computer VeryHard(Random, RandomBuild)
2022-11-15 12:38:29.598 | INFO     | sc2.protocol:_execute:72 - Client status changed to Status.init_game (was Status.launched)
2022-11-15 12:38:37.760 | INFO     | sc2.protocol:_execute:72 - Client status changed to Status.in_game (was None)
2022-11-15 12:38:37.763 | INFO     | sc2.main:_play_game:221 - Player 1 - Bot Turtles(Terran)
2022-11-15 12:38:38.314 | 00:00    0ms    0M    0G  12/ 15U [Version] 5.0.10.88500
2022-11-15 12:38:38.315 | 00:00    0ms    0M    0G  12/ 15U [Version] 5.0.6 Balance mod recognized.
2022-11-15 12:38:38.383 | 00:00    0ms    0M    0G  12/ 15U [ZoneManager] Map set to: MapName.Oxide from name: Oxide AIE and hash: 3281780.
2022-11-15 12:38:39.189 | [Start] My race: Terran
2022-11-15 12:38:39.190 | [Start] Opponent race: Random
2022-11-15 12:38:39.191 | [Start] OpponentId: None
2022-11-15 12:38:39.362 | 00:00    7ms    0M    0G  13/ 15U [GameAnalyzer] Income advantage is now SlightDisadvantage
2022-11-15 12:38:39.436 | 00:01    7ms    0M    0G  13/ 15U [GameAnalyzer] Income advantage is now Even
2022-11-15 12:38:40.769 | 00:15    6ms    0M    0G  13/ 15U [ActUnit] SCV from COMMANDCENTER at (44.5, 56.5)
2022-11-15 12:38:42.043 | 00:27    6ms  105M    0G  14/ 15U [ActUnit] SCV from COMMANDCENTER at (44.5, 56.5)
2022-11-15 12:38:43.125 | 00:36    7ms    5M    0G  15/ 23U [BuildGas] Building REFINERY to (37.5, 59.5)
2022-11-15 12:38:43.685 | 00:40    7ms    0M    0G  15/ 23U [ActUnit] SCV from COMMANDCENTER at (44.5, 56.5)
2022-11-15 12:38:45.116 | 00:52   10ms  100M    0G  16/ 23U [ActUnit] SCV from COMMANDCENTER at (44.5, 56.5)
2022-11-15 12:38:46.490 | 01:05    8ms   50M    8G  17/ 23U [ActUnit] SCV from COMMANDCENTER at (44.5, 56.5)
2022-11-15 12:38:48.145 | 01:15   20ms   15M   24G  18/ 23U [GameAnalyzer] Income advantage is now SlightDisadvantage
2022-11-15 12:38:48.200 | 01:15   21ms   15M   24G  18/ 23U [GameAnalyzer] Income advantage is now SlightAdvantage
2022-11-15 12:38:48.450 | 01:16   21ms   25M   28G  18/ 23U [GameAnalyzer] Income advantage is now Even
2022-11-15 12:38:48.502 | 01:16   24ms   30M   28G  18/ 23U [GameAnalyzer] Income advantage is now SlightAdvantage
2022-11-15 12:38:48.556 | 01:16   26ms   30M   28G  18/ 23U [GameAnalyzer] Income advantage is now Even
2022-11-15 12:38:48.664 | 01:17   22ms   30M   28G  18/ 23U [GameAnalyzer] Income advantage is now SlightAdvantage
2022-11-15 12:38:49.233 | 01:19   22ms   45M   32G  18/ 23U [GameAnalyzer] Income advantage is now Even
2022-11-15 12:38:49.292 | 01:19   23ms   50M   32G  18/ 23U [GameAnalyzer] Income advantage is now SlightAdvantage
2022-11-15 12:38:49.294 | 01:19   23ms    0M   32G  18/ 23U [ActUnit] SCV from COMMANDCENTER at (44.5, 56.5)
2022-11-15 12:38:49.394 | 01:19   22ms    5M   36G  19/ 23U [GameAnalyzer] Income advantage is now Even
2022-11-15 12:38:49.940 | 01:23   10ms   45M   40G  19/ 23U [GameAnalyzer] Income advantage is now SlightDisadvantage
2022-11-15 12:38:50.038 | 01:23   12ms   50M   44G  19/ 23U [GameAnalyzer] Income advantage is now Even
2022-11-15 12:38:50.115 | 01:24   12ms   50M   44G  19/ 23U [GameAnalyzer] Income advantage is now SlightDisadvantage
2022-11-15 12:38:50.168 | 01:24   11ms   55M   44G  19/ 23U [GameAnalyzer] Income advantage is now Even
2022-11-15 12:38:50.273 | 01:25   12ms   75M   48G  19/ 23U [GameAnalyzer] Income advantage is now SlightDisadvantage
2022-11-15 12:38:50.322 | 01:25   10ms   75M   48G  19/ 23U [GameAnalyzer] Income advantage is now Even
2022-11-15 12:38:50.424 | 01:26   12ms   75M   48G  19/ 23U [GameAnalyzer] Income advantage is now SlightDisadvantage
2022-11-15 12:38:50.524 | 01:27   10ms   95M   52G  19/ 23U [GameAnalyzer] Income advantage is now Even
2022-11-15 12:38:50.630 | 01:27   11ms  105M   52G  19/ 23U [GameAnalyzer] Income advantage is now SlightDisadvantage
2022-11-15 12:38:50.654 | 01:28   13ms  105M   52G  19/ 23U [GameAnalyzer] Income advantage is now Even
2022-11-15 12:38:50.780 | 01:28   11ms  105M   56G  19/ 23U [GameAnalyzer] Income advantage is now SlightDisadvantage
2022-11-15 12:38:50.830 | 01:29   11ms  125M   56G  19/ 23U [GameAnalyzer] Income advantage is now Even
2022-11-15 12:38:50.906 | 01:29   11ms  125M   60G  19/ 23U [GameAnalyzer] Income advantage is now SlightDisadvantage
2022-11-15 12:38:50.982 | 01:30   11ms  130M   60G  19/ 23U [GameAnalyzer] Income advantage is now Even
2022-11-15 12:38:51.084 | 01:31   10ms  135M   60G  19/ 23U [GameAnalyzer] Income advantage is now SlightDisadvantage
2022-11-15 12:38:51.138 | 01:31   11ms  145M   64G  19/ 23U [GameAnalyzer] Income advantage is now Even
2022-11-15 12:38:51.432 | 01:33   12ms   15M   68G  19/ 23U [GameAnalyzer] Income advantage is now SlightDisadvantage
2022-11-15 12:38:51.462 | 01:33   12ms   20M   68G  19/ 23U [GameAnalyzer] Income advantage is now Even
2022-11-15 12:38:51.767 | 01:35   11ms   50M   76G  19/ 23U [GameAnalyzer] Income advantage is now SmallDisadvantage
2022-11-15 12:38:51.769 | 01:35   11ms    0M   26G  19/ 23U [TerranUnit] REAPER from BARRACKS at (40.5, 61.5)
2022-11-15 12:38:53.383 | 01:46   11ms   55M   54G  20/ 23U [BuildAddon] UnitTypeId.BARRACKSREACTOR to (54.0, 58.0)
2022-11-15 12:38:55.038 | 01:56   13ms   90M   32G  20/ 23U [ActUnit] SCV from COMMANDCENTER at (44.5, 56.5)
2022-11-15 12:38:56.936 | 02:07   12ms  270M   60G  21/ 23U [GameAnalyzer] Known army advantage is now SlightAdvantage
2022-11-15 12:38:56.937 | 02:07   12ms  270M   60G  21/ 23U [GameAnalyzer] Predicted army advantage is now SlightAdvantage
2022-11-15 12:38:57.142 | 02:08   15ms  235M   64G  21/ 23U [ActUnit] SCV from COMMANDCENTER at (44.5, 56.5)
2022-11-15 12:38:57.179 | 02:09   16ms   90M   64G  22/ 23U [TerranUnit] MARINE from BARRACKS at (53.5, 55.5)
2022-11-15 12:38:59.417 | 02:21   16ms  265M   96G  23/ 31U [ActUnit] SCV from COMMANDCENTER at (44.5, 56.5)
2022-11-15 12:39:00.904 | 02:28   16ms  400M  116G  24/ 31U [Expand] Expanding to (69.5, 52.5)
2022-11-15 12:39:01.215 | INFO     | sc2.protocol:_execute:72 - Client status changed to Status.ended (was Status.in_game)
2022-11-15 12:39:01.217 | Result: Defeat
2022-11-15 12:39:01.218 | Duration: 02:29
2022-11-15 12:39:01.219 | Step time min: 5
2022-11-15 12:39:01.219 | Step time avg: 11
2022-11-15 12:39:01.220 | Step time max: 131
2022-11-15 12:39:01.221 | [LostUnitsContents] My lost units minerals and gas: (0, 0)
2022-11-15 12:39:01.221 | [LostUnitsContents] My lost units minerals by score: 0.0
2022-11-15 12:39:01.222 | [LostUnitsContents] Enemy lost units minerals and gas: (0, 0)
2022-11-15 12:39:01.222 | [LostUnitsContents] Enemy lost units minerals by score: 0.0
2022-11-15 12:39:01.223 | [GameAnalyzerEnd] Own units:
2022-11-15 12:39:01.224 | [GameAnalyzerEnd] SCV               total:  20 alive:  20 dead:   0 
2022-11-15 12:39:01.225 | [GameAnalyzerEnd] BARRACKS          total:   3 alive:   3 dead:   0 
2022-11-15 12:39:01.225 | [GameAnalyzerEnd] SUPPLYDEPOT       total:   3 alive:   3 dead:   0 
2022-11-15 12:39:01.226 | [GameAnalyzerEnd] REACTOR           total:   1 alive:   1 dead:   0 
2022-11-15 12:39:01.227 | [GameAnalyzerEnd] MARINE            total:   1 alive:   1 dead:   0 
2022-11-15 12:39:01.227 | [GameAnalyzerEnd] MULE              total:   1 alive:   1 dead:   0 
2022-11-15 12:39:01.228 | [GameAnalyzerEnd] REAPER            total:   1 alive:   1 dead:   0 
2022-11-15 12:39:01.229 | [GameAnalyzerEnd] REFINERY          total:   1 alive:   1 dead:   0 
2022-11-15 12:39:01.229 | [GameAnalyzerEnd] ORBITALCOMMAND    total:   1 alive:   1 dead:   0 
2022-11-15 12:39:01.230 | [GameAnalyzerEnd] Enemy units:
2022-11-15 12:39:01.231 | [GameAnalyzerEnd] PROBE             total:  20 alive:  20 dead:   0 
2022-11-15 12:39:01.232 | [GameAnalyzerEnd] NEXUS             total:   2 alive:   2 dead:   0 
2022-11-15 12:39:01.233 | [GameAnalyzerEnd] GATEWAY           total:   1 alive:   1 dead:   0 
2022-11-15 12:39:01.236 | [GameAnalyzerEnd] PYLON             total:   1 alive:   1 dead:   0 
2022-11-15 12:39:01.237 | [GameAnalyzerEnd] Minerals max 390 Average 100
2022-11-15 12:39:01.238 | [GameAnalyzerEnd] Vespene max 120 Average 28
2022-11-15 12:39:01.239 | INFO     | sc2.main:_play_game:228 - Result for player 1 - Bot Turtles(Terran): Defeat
2022-11-15 12:39:02.229 | INFO     | sc2.protocol:__request:48 - Cannot receive: Game has already ended.
2022-11-15 12:39:02.232 | INFO     | sc2.sc2process:_close_connection:231 - Closing connection at 55919...
2022-11-15 12:39:02.233 | INFO     | sc2.sc2process:kill_all:33 - kill_switch: Process cleanup for 1 processes
