2022-11-16 11:18:30.351 | INFO     | sc2.protocol:_execute:72 - Client status changed to Status.launched (was None)
2022-11-16 11:18:30.353 | INFO     | sc2.controller:create_game:37 - Creating new game
2022-11-16 11:18:30.354 | INFO     | sc2.controller:create_game:38 - Map:     LightshadeAIE
2022-11-16 11:18:30.355 | INFO     | sc2.controller:create_game:39 - Players: Bot Turtles(Terran), Computer VeryHard(Random, RandomBuild)
2022-11-16 11:18:30.359 | INFO     | sc2.protocol:_execute:72 - Client status changed to Status.init_game (was Status.launched)
2022-11-16 11:18:38.563 | INFO     | sc2.protocol:_execute:72 - Client status changed to Status.in_game (was None)
2022-11-16 11:18:38.565 | INFO     | sc2.main:_play_game:221 - Player 1 - Bot Turtles(Terran)
2022-11-16 11:18:39.322 | 00:00    0ms    0M    0G  12/ 15U [Version] 5.0.10.89165
2022-11-16 11:18:39.323 | 00:00    0ms    0M    0G  12/ 15U [Version] 5.0.6 Balance mod recognized.
2022-11-16 11:18:39.392 | 00:00    0ms    0M    0G  12/ 15U [ZoneManager] Map set to: MapName.Lightshade from name: Lightshade AIE and hash: 3553876.
2022-11-16 11:18:40.028 | [Start] My race: Terran
2022-11-16 11:18:40.029 | [Start] Opponent race: Random
2022-11-16 11:18:40.030 | [Start] OpponentId: None
2022-11-16 11:18:40.214 | 00:00    6ms    0M    0G  13/ 15U [GameAnalyzer] Income advantage is now SlightDisadvantage
2022-11-16 11:18:40.314 | 00:01    7ms    0M    0G  13/ 15U [GameAnalyzer] Income advantage is now Even
2022-11-16 11:18:41.788 | 00:14    7ms    0M    0G  13/ 15U [ActUnit] SCV from COMMANDCENTER at (143.5, 32.5)
2022-11-16 11:18:43.126 | 00:26    7ms  100M    0G  14/ 15U [ActUnit] SCV from COMMANDCENTER at (143.5, 32.5)
2022-11-16 11:18:44.431 | 00:37    8ms   15M    0G  15/ 23U [BuildGas] Building REFINERY to (139.5, 25.5)
2022-11-16 11:18:44.557 | 00:38    7ms   20M    0G  15/ 23U [GameAnalyzer] Income advantage is now SlightDisadvantage
2022-11-16 11:18:44.576 | 00:38   10ms   30M    0G  15/ 23U [GameAnalyzer] Income advantage is now Even
2022-11-16 11:18:44.773 | 00:40    7ms    0M    0G  15/ 23U [ActUnit] SCV from COMMANDCENTER at (143.5, 32.5)
2022-11-16 11:18:46.181 | 00:52    8ms   95M    0G  16/ 23U [ActUnit] SCV from COMMANDCENTER at (143.5, 32.5)
2022-11-16 11:18:47.643 | 01:04    7ms  200M    0G  17/ 23U [ActUnit] SCV from COMMANDCENTER at (143.5, 32.5)
2022-11-16 11:18:49.421 | 01:14   22ms  315M   24G  18/ 23U [GameAnalyzer] Income advantage is now SlightAdvantage
2022-11-16 11:18:49.511 | 01:14   19ms  320M   24G  18/ 23U [GameAnalyzer] Income advantage is now Even
2022-11-16 11:18:49.934 | 01:16   12ms  305M   32G  18/ 23U [ActUnit] SCV from COMMANDCENTER at (143.5, 32.5)
2022-11-16 11:18:50.030 | 01:17   11ms  315M   32G  19/ 23U [EnemyArmyPredicter] Predicting negative free minerals for enemy: -215
2022-11-16 11:18:50.687 | 01:21   13ms  365M   44G  19/ 23U [GameAnalyzer] Income advantage is now SlightDisadvantage
2022-11-16 11:18:50.745 | 01:21   11ms  375M   44G  19/ 23U [GameAnalyzer] Income advantage is now Even
2022-11-16 11:18:50.889 | 01:22   12ms  390M   48G  19/ 23U [EnemyArmyPredicter] Predicting negative free minerals for enemy: -350
2022-11-16 11:18:51.288 | 01:25   11ms  310M   52G  19/ 23U [GameAnalyzer] Income advantage is now SlightDisadvantage
2022-11-16 11:18:51.372 | 01:25   11ms  330M   56G  19/ 23U [GameAnalyzer] Income advantage is now Even
2022-11-16 11:18:51.453 | 01:26   10ms  340M   56G  19/ 23U [GameAnalyzer] Income advantage is now SlightDisadvantage
2022-11-16 11:18:51.512 | 01:26   11ms  345M   56G  19/ 23U [GameAnalyzer] Income advantage is now Even
2022-11-16 11:18:51.705 | 01:27   11ms  360M   60G  19/ 23U [GameAnalyzer] Predicted army advantage is now SlightDisadvantage
2022-11-16 11:18:52.014 | 01:29   11ms  220M   64G  19/ 23U [GameAnalyzer] Income advantage is now SlightDisadvantage
2022-11-16 11:18:52.104 | 01:30   11ms  245M   68G  19/ 23U [GameAnalyzer] Income advantage is now Even
2022-11-16 11:18:52.230 | 01:31   11ms  255M   68G  19/ 23U [GameAnalyzer] Income advantage is now SlightDisadvantage
2022-11-16 11:18:52.325 | 01:31   10ms  255M   72G  19/ 23U [GameAnalyzer] Income advantage is now Even
2022-11-16 11:18:52.608 | 01:33   12ms  275M   76G  19/ 23U [GameAnalyzer] Income advantage is now SlightDisadvantage
2022-11-16 11:18:52.634 | 01:33   12ms  275M   76G  19/ 23U [GameAnalyzer] Income advantage is now Even
2022-11-16 11:18:52.787 | 01:34   12ms  280M   80G  19/ 23U [GameAnalyzer] Income advantage is now SlightDisadvantage
2022-11-16 11:18:52.948 | 01:35   13ms  310M   80G  19/ 23U [GameAnalyzer] Income advantage is now Even
2022-11-16 11:18:53.069 | 01:36   11ms  315M   84G  19/ 23U [GameAnalyzer] Income advantage is now SlightDisadvantage
2022-11-16 11:18:53.125 | 01:36   12ms  320M   84G  19/ 23U [GameAnalyzer] Income advantage is now Even
2022-11-16 11:18:53.494 | 01:39   11ms  345M   92G  19/ 23U [GameAnalyzer] Income advantage is now SlightDisadvantage
2022-11-16 11:18:53.518 | 01:39   14ms  350M   92G  19/ 23U [GameAnalyzer] Income advantage is now Even
2022-11-16 11:18:53.575 | 01:39   11ms  355M   92G  19/ 23U [GameAnalyzer] Income advantage is now SlightDisadvantage
2022-11-16 11:18:53.677 | 01:40   10ms  375M   92G  19/ 23U [GameAnalyzer] Income advantage is now Even
2022-11-16 11:18:53.806 | 01:40   13ms  375M   96G  19/ 23U [GameAnalyzer] Income advantage is now SlightDisadvantage
2022-11-16 11:18:53.891 | 01:41   12ms  390M   96G  19/ 23U [GameAnalyzer] Income advantage is now Even
2022-11-16 11:18:54.023 | 01:42   11ms  400M  100G  19/ 23U [Expand] Expanding to (145.5, 61.5)
2022-11-16 11:18:54.160 | 01:43   11ms    5M  100G  19/ 23U [GameAnalyzer] Income advantage is now SlightDisadvantage
2022-11-16 11:18:54.274 | 01:43   13ms   20M  104G  19/ 23U [GameAnalyzer] Income advantage is now Even
2022-11-16 11:18:54.356 | 01:44   11ms   25M  104G  19/ 23U [GameAnalyzer] Income advantage is now SlightDisadvantage
2022-11-16 11:18:54.480 | 01:45   14ms   40M  108G  19/ 23U [GameAnalyzer] Income advantage is now Even
2022-11-16 11:18:54.512 | 01:45   12ms   40M  108G  19/ 23U [GameAnalyzer] Income advantage is now SlightDisadvantage
2022-11-16 11:18:54.560 | 01:45   12ms   45M  108G  19/ 23U [GameAnalyzer] Income advantage is now Even
2022-11-16 11:18:54.593 | 01:45   12ms   50M  108G  19/ 23U [GameAnalyzer] Income advantage is now SlightDisadvantage
2022-11-16 11:18:54.596 | 01:45   12ms    0M   58G  19/ 23U [TerranUnit] REAPER from BARRACKS at (135.5, 33.5)
2022-11-16 11:18:54.696 | 01:46   11ms    5M   62G  20/ 23U [GameAnalyzer] Income advantage is now Even
2022-11-16 11:18:54.732 | 01:46   13ms    5M   62G  20/ 23U [GameAnalyzer] Income advantage is now SlightDisadvantage
2022-11-16 11:18:54.756 | 01:46   11ms    5M   62G  20/ 23U [GameAnalyzer] Income advantage is now Even
2022-11-16 11:18:54.782 | 01:47   13ms    5M   62G  20/ 23U [GameAnalyzer] Income advantage is now SlightDisadvantage
2022-11-16 11:18:54.838 | 01:47   12ms   10M   62G  20/ 23U [GameAnalyzer] Income advantage is now Even
2022-11-16 11:18:54.896 | 01:47   12ms   15M   66G  20/ 23U [GameAnalyzer] Income advantage is now SlightDisadvantage
2022-11-16 11:18:54.948 | 01:48   11ms   25M   66G  20/ 23U [GameAnalyzer] Income advantage is now Even
2022-11-16 11:18:55.047 | 01:48   12ms   35M   66G  20/ 23U [GameAnalyzer] Income advantage is now SlightDisadvantage
2022-11-16 11:18:55.071 | 01:49   12ms   35M   66G  20/ 23U [GameAnalyzer] Income advantage is now Even
2022-11-16 11:18:55.126 | 01:49   12ms   35M   70G  20/ 23U [GameAnalyzer] Income advantage is now SlightDisadvantage
2022-11-16 11:18:55.260 | 01:50   11ms   60M   70G  20/ 31U [GameAnalyzer] Income advantage is now Even
2022-11-16 11:18:55.316 | 01:50   11ms   60M   70G  20/ 31U [GameAnalyzer] Income advantage is now SlightDisadvantage
2022-11-16 11:18:55.374 | 01:51   12ms   65M   74G  20/ 31U [GameAnalyzer] Income advantage is now Even
2022-11-16 11:18:55.406 | 01:51   13ms   65M   74G  20/ 31U [GameAnalyzer] Income advantage is now SlightAdvantage
2022-11-16 11:18:55.570 | 01:52   11ms   70M   78G  20/ 31U [GameAnalyzer] Income advantage is now Even
2022-11-16 11:18:55.604 | 01:52   13ms    0M   78G  20/ 31U [BuildGas] Building REFINERY to (150.5, 35.5)
2022-11-16 11:18:55.629 | 01:52   14ms   10M   78G  20/ 31U [GameAnalyzer] Income advantage is now SlightAdvantage
2022-11-16 11:18:55.726 | 01:53   13ms   15M   78G  20/ 31U [GameAnalyzer] Income advantage is now Even
2022-11-16 11:18:55.852 | 01:53   11ms   20M   82G  20/ 31U [GameAnalyzer] Income advantage is now SlightAdvantage
2022-11-16 11:18:55.880 | 01:54   13ms   20M   82G  20/ 31U [GameAnalyzer] Income advantage is now Even
2022-11-16 11:18:56.056 | 01:55   11ms   40M   82G  20/ 31U [GameAnalyzer] Income advantage is now SlightAdvantage
2022-11-16 11:18:56.120 | 01:55   13ms   45M   82G  20/ 31U [GameAnalyzer] Income advantage is now Even
2022-11-16 11:18:56.238 | 01:56   11ms   45M   86G  20/ 31U [GameAnalyzer] Income advantage is now SlightAdvantage
2022-11-16 11:18:56.264 | 01:56   13ms    0M   86G  20/ 31U [ActUnit] SCV from COMMANDCENTER at (143.5, 32.5)
2022-11-16 11:18:56.326 | 01:56   11ms    0M   86G  21/ 31U [GameAnalyzer] Income advantage is now Even
2022-11-16 11:18:56.582 | 01:58   11ms   30M   94G  21/ 31U [GameAnalyzer] Income advantage is now SlightAdvantage
2022-11-16 11:18:56.610 | 01:58   13ms   30M   94G  21/ 31U [GameAnalyzer] Income advantage is now Even
2022-11-16 11:18:56.779 | 01:59   11ms   50M   94G  21/ 31U [GameAnalyzer] Income advantage is now SlightAdvantage
2022-11-16 11:18:56.805 | 01:59   14ms   50M   94G  21/ 31U [GameAnalyzer] Income advantage is now Even
2022-11-16 11:18:56.884 | 02:00   12ms   55M   98G  21/ 31U [GameAnalyzer] Income advantage is now SlightAdvantage
2022-11-16 11:18:56.920 | 02:00   12ms   55M   98G  21/ 31U [GameAnalyzer] Income advantage is now Even
2022-11-16 11:18:57.299 | 02:02   12ms  120M  106G  21/ 31U [GameAnalyzer] Income advantage is now SlightAdvantage
2022-11-16 11:18:57.355 | 02:03   11ms  120M  106G  21/ 31U [GameAnalyzer] Income advantage is now Even
2022-11-16 11:18:57.498 | 02:04   11ms  135M  106G  21/ 31U [GameAnalyzer] Income advantage is now SlightAdvantage
2022-11-16 11:18:57.545 | 02:04   13ms  140M  106G  21/ 31U [GameAnalyzer] Income advantage is now Even
2022-11-16 11:18:57.661 | 02:05   12ms  145M  110G  21/ 31U [GameAnalyzer] Income advantage is now SlightAdvantage
2022-11-16 11:18:57.732 | 02:05   11ms    0M   10G  21/ 31U [GameAnalyzer] Income advantage is now Even
2022-11-16 11:18:58.293 | 02:08   12ms    0M   18G  21/ 31U [ActUnit] SCV from COMMANDCENTER at (143.5, 32.5)
2022-11-16 11:18:58.422 | 02:09   11ms   35M   22G  22/ 31U [GameAnalyzer] Income advantage is now SlightAdvantage
2022-11-16 11:18:58.476 | 02:10   11ms   35M   22G  22/ 31U [GameAnalyzer] Income advantage is now Even
2022-11-16 11:18:58.773 | 02:11   18ms   55M   30G  22/ 31U [GameAnalyzer] Income advantage is now SlightAdvantage
2022-11-16 11:18:58.807 | 02:11   16ms   60M   30G  22/ 31U [GameAnalyzer] Income advantage is now Even
2022-11-16 11:18:58.924 | 02:12   12ms   75M   30G  22/ 31U [GameAnalyzer] Income advantage is now SlightAdvantage
2022-11-16 11:18:58.951 | 02:12   12ms   80M   30G  22/ 31U [GameAnalyzer] Income advantage is now Even
2022-11-16 11:18:59.227 | 02:14   14ms  100M   38G  22/ 31U [GameAnalyzer] Income advantage is now SlightAdvantage
2022-11-16 11:18:59.254 | 02:14   12ms  100M   38G  22/ 31U [GameAnalyzer] Income advantage is now Even
2022-11-16 11:18:59.483 | 02:15   12ms  140M   38G  22/ 31U [GameAnalyzer] Income advantage is now SlightAdvantage
2022-11-16 11:18:59.644 | 02:16   13ms  140M   42G  22/ 31U [GameAnalyzer] Income advantage is now Even
2022-11-16 11:18:59.813 | 02:17   11ms  160M   42G  22/ 31U [GameAnalyzer] Income advantage is now SlightAdvantage
2022-11-16 11:18:59.875 | 02:17   12ms  170M   46G  22/ 31U [GameAnalyzer] Income advantage is now Even
2022-11-16 11:18:59.922 | 02:18   12ms  170M   46G  22/ 31U [GameAnalyzer] Known army advantage is now SlightAdvantage
2022-11-16 11:18:59.928 | 02:18   12ms  120M   46G  22/ 31U [TerranUnit] MARINE from BARRACKS at (135.5, 33.5)
2022-11-16 11:19:00.033 | 02:18   16ms  120M   46G  23/ 31U [GameAnalyzer] Income advantage is now SlightAdvantage
2022-11-16 11:19:00.098 | 02:18   24ms  120M   46G  23/ 31U [GameAnalyzer] Income advantage is now Even
2022-11-16 11:19:00.181 | 02:18   15ms  130M   46G  23/ 31U [GameAnalyzer] Income advantage is now SlightAdvantage
2022-11-16 11:19:00.460 | 02:20   14ms  145M   58G  23/ 31U [GameAnalyzer] Income advantage is now Even
2022-11-16 11:19:00.540 | 02:20   15ms  145M   58G  23/ 31U [GameAnalyzer] Income advantage is now SlightAdvantage
2022-11-16 11:19:00.634 | 02:20   13ms  100M   58G  23/ 31U [ActUnit] SCV from COMMANDCENTER at (143.5, 32.5)
2022-11-16 11:19:00.847 | 02:21   14ms  140M   58G  24/ 31U [GameAnalyzer] Income advantage is now Even
2022-11-16 11:19:00.893 | 02:22   17ms  140M   58G  24/ 31U [DefensiveBuilding] Building BUNKER to (141.21253537143727, 64.07247877713763)
2022-11-16 11:19:01.123 | 02:23   15ms   55M   62G  24/ 31U [GameAnalyzer] Income advantage is now SlightAdvantage
2022-11-16 11:19:01.159 | 02:23   15ms   60M   62G  24/ 31U [GameAnalyzer] Income advantage is now Even
2022-11-16 11:19:01.359 | 02:24   15ms   70M   70G  24/ 31U [GameAnalyzer] Income advantage is now SlightAdvantage
2022-11-16 11:19:01.756 | 02:26   14ms   80M   74G  24/ 31U [GameAnalyzer] Income advantage is now Even
2022-11-16 11:19:01.863 | 02:26   13ms  100M   74G  24/ 31U [GameAnalyzer] Income advantage is now SlightAdvantage
2022-11-16 11:19:01.911 | 02:26   15ms  100M   78G  24/ 31U [GameAnalyzer] Income advantage is now Even
2022-11-16 11:19:02.111 | 02:27   13ms  115M   78G  24/ 31U [GameAnalyzer] Income advantage is now SlightAdvantage
2022-11-16 11:19:02.230 | 02:28   14ms  140M   86G  24/ 31U [GameAnalyzer] Income advantage is now Even
2022-11-16 11:19:02.344 | 02:28   13ms  150M   86G  24/ 31U [GameAnalyzer] Income advantage is now SlightAdvantage
2022-11-16 11:19:02.421 | 02:29   14ms  150M   86G  24/ 31U [GameAnalyzer] Income advantage is now Even
2022-11-16 11:19:02.507 | 02:29   14ms  155M   90G  24/ 31U [GameAnalyzer] Income advantage is now SlightAdvantage
2022-11-16 11:19:02.700 | 02:30   13ms  160M   90G  24/ 31U [GameAnalyzer] Income advantage is now Even
2022-11-16 11:19:02.808 | 02:30   12ms  165M   90G  24/ 31U [GameAnalyzer] Income advantage is now SlightAdvantage
2022-11-16 11:19:02.889 | 02:31   14ms  175M   94G  24/ 31U [GameAnalyzer] Income advantage is now Even
2022-11-16 11:19:03.088 | 02:32   14ms  185M   98G  24/ 31U [GameAnalyzer] Income advantage is now SlightAdvantage
2022-11-16 11:19:03.279 | 02:33   14ms  145M  102G  24/ 31U [ActUnit] SCV from COMMANDCENTER at (143.5, 32.5)
2022-11-16 11:19:03.319 | 02:33   15ms  145M  106G  25/ 31U [GameAnalyzer] Income advantage is now Even
2022-11-16 11:19:03.349 | 02:33   16ms  150M  106G  25/ 31U [GameAnalyzer] Income advantage is now SlightAdvantage
2022-11-16 11:19:03.652 | 02:35   14ms  185M  106G  25/ 31U [GameAnalyzer] Income advantage is now Even
2022-11-16 11:19:03.719 | 02:35   13ms  195M  106G  25/ 31U [GameAnalyzer] Income advantage is now SlightAdvantage
2022-11-16 11:19:03.827 | 02:35   14ms  200M  114G  25/ 31U [GameAnalyzer] Income advantage is now Even
2022-11-16 11:19:03.828 | 02:35   14ms  200M  114G  25/ 31U [GameAnalyzer] Predicted army advantage is now Even
2022-11-16 11:19:03.833 | 02:35   14ms  150M  114G  25/ 31U [TerranUnit] MARINE from BARRACKS at (135.5, 33.5)
2022-11-16 11:19:03.942 | 02:36   14ms  160M  114G  26/ 31U [GameAnalyzer] Income advantage is now SlightAdvantage
2022-11-16 11:19:04.050 | 02:36   14ms  165M  114G  26/ 31U [GameAnalyzer] Income advantage is now Even
2022-11-16 11:19:04.129 | 02:37   14ms  170M  122G  26/ 31U [GameAnalyzer] Income advantage is now SlightAdvantage
2022-11-16 11:19:04.291 | 02:38   13ms  180M  122G  25/ 31U [GameAnalyzer] Income advantage is now Even
2022-11-16 11:19:04.370 | 02:38   14ms  185M  122G  25/ 31U [GameAnalyzer] Income advantage is now SlightAdvantage
2022-11-16 11:19:04.554 | 02:39   16ms  195M  122G  25/ 31U [GameAnalyzer] Income advantage is now Even
2022-11-16 11:19:04.658 | 02:39   15ms  200M  126G  25/ 31U [GameAnalyzer] Income advantage is now SlightAdvantage
2022-11-16 11:19:04.780 | 02:40   15ms  210M  130G  25/ 31U [GameAnalyzer] Known army advantage is now Even
2022-11-16 11:19:04.781 | 02:40   15ms  210M  130G  25/ 31U [GameAnalyzer] Predicted army advantage is now SlightDisadvantage
2022-11-16 11:19:04.855 | 02:40   13ms  215M  130G  25/ 31U [GameAnalyzer] Income advantage is now Even
2022-11-16 11:19:04.885 | 02:40   17ms  215M  130G  25/ 31U [GameAnalyzer] Income advantage is now SlightAdvantage
2022-11-16 11:19:04.959 | 02:41   13ms  225M  134G  25/ 31U [GameAnalyzer] Income advantage is now Even
2022-11-16 11:19:05.023 | 02:41   13ms  225M  138G  25/ 31U [GameAnalyzer] Income advantage is now SlightAdvantage
2022-11-16 11:19:05.360 | 02:43   13ms  265M  138G  25/ 31U [GameAnalyzer] Income advantage is now Even
2022-11-16 11:19:05.464 | 02:43   14ms  275M  142G  25/ 31U [GameAnalyzer] Income advantage is now SlightAdvantage
2022-11-16 11:19:05.508 | 02:43   15ms  275M  142G  25/ 31U [GameAnalyzer] Income advantage is now Even
2022-11-16 11:19:05.545 | 02:44   17ms  280M  142G  25/ 31U [GameAnalyzer] Income advantage is now SlightAdvantage
2022-11-16 11:19:05.609 | 02:44   15ms  280M  142G  25/ 31U [GameAnalyzer] Income advantage is now Even
2022-11-16 11:19:05.730 | 02:44   13ms  290M  146G  25/ 31U [GameAnalyzer] Income advantage is now SlightAdvantage
2022-11-16 11:19:05.776 | 02:45   15ms  290M  146G  25/ 31U [GameAnalyzer] Income advantage is now Even
2022-11-16 11:19:05.809 | 02:45   16ms  295M  146G  25/ 31U [GameAnalyzer] Income advantage is now SlightAdvantage
2022-11-16 11:19:05.811 | 02:45   16ms  245M  146G  25/ 31U [ActUnit] SCV from COMMANDCENTER at (143.5, 32.5)
2022-11-16 11:19:05.850 | 02:45   16ms  245M  150G  26/ 31U [GameAnalyzer] Income advantage is now Even
2022-11-16 11:19:05.881 | 02:45   16ms  250M  150G  26/ 31U [GameAnalyzer] Income advantage is now SlightAdvantage
2022-11-16 11:19:06.139 | 02:46   15ms  265M  154G  26/ 31U [GameAnalyzer] Income advantage is now Even
2022-11-16 11:19:06.211 | 02:47   13ms  270M  154G  26/ 31U [GameAnalyzer] Income advantage is now SlightAdvantage
2022-11-16 11:19:06.623 | 02:48   15ms  280M  162G  26/ 31U [GameAnalyzer] Income advantage is now Even
2022-11-16 11:19:06.729 | 02:49   15ms  290M  166G  26/ 31U [GameAnalyzer] Income advantage is now SlightAdvantage
2022-11-16 11:19:06.729 | 02:49   15ms  290M  166G  26/ 31U [GameAnalyzer] Known army advantage is now SlightDisadvantage
2022-11-16 11:19:07.016 | 02:50   13ms  325M  170G  26/ 31U [GameAnalyzer] Predicted army advantage is now SmallDisadvantage
2022-11-16 11:19:07.122 | 02:51   16ms  330M  170G  25/ 31U [GameAnalyzer] Income advantage is now Even
2022-11-16 11:19:07.219 | 02:51   14ms  250M  174G  25/ 31U [GameAnalyzer] Income advantage is now SlightAdvantage
2022-11-16 11:19:07.222 | 02:51   14ms  250M  174G  25/ 31U [BuildAddon] UnitTypeId.FACTORYTECHLAB to (145.0, 40.0)
2022-11-16 11:19:07.378 | 02:52   12ms  205M  153G  25/ 31U [GameAnalyzer] Income advantage is now Even
2022-11-16 11:19:07.407 | 02:52   15ms  205M  153G  25/ 31U [GameAnalyzer] Income advantage is now SlightAdvantage
2022-11-16 11:19:07.586 | 02:53   14ms  220M  157G  25/ 31U [BuildAddon] UnitTypeId.BARRACKSREACTOR to (138.0, 33.0)
2022-11-16 11:19:07.687 | 02:54   14ms   25M   11G  25/ 31U [GameAnalyzer] Income advantage is now Even
2022-11-16 11:19:07.718 | 02:54   14ms   35M   11G  25/ 31U [GameAnalyzer] Income advantage is now SlightAdvantage
2022-11-16 11:19:07.901 | 02:55   12ms   40M   15G  25/ 31U [GameAnalyzer] Income advantage is now Even
2022-11-16 11:19:08.024 | 02:56   12ms   55M   15G  25/ 31U [GameAnalyzer] Income advantage is now SlightAdvantage
2022-11-16 11:19:08.131 | 02:56   14ms   85M   19G  25/ 31U [GameAnalyzer] Income advantage is now Even
2022-11-16 11:19:08.160 | 02:56   15ms   85M   19G  25/ 31U [GameAnalyzer] Income advantage is now SlightAdvantage
2022-11-16 11:19:08.196 | 02:57   15ms   85M   23G  25/ 31U [GameAnalyzer] Income advantage is now Even
2022-11-16 11:19:08.236 | 02:57   14ms   85M   23G  25/ 31U [GameAnalyzer] Income advantage is now SlightAdvantage
2022-11-16 11:19:08.237 | 02:57   14ms   35M   23G  25/ 31U [ActUnit] SCV from COMMANDCENTER at (143.5, 32.5)
2022-11-16 11:19:08.458 | 02:58   14ms   50M   27G  26/ 31U [GameAnalyzer] Income advantage is now Even
2022-11-16 11:19:08.520 | 02:58   13ms   60M   27G  26/ 31U [GameAnalyzer] Income advantage is now SlightAdvantage
2022-11-16 11:19:08.642 | 02:59   14ms   60M   31G  26/ 31U [GameAnalyzer] Income advantage is now Even
2022-11-16 11:19:08.781 | 03:00   12ms   70M   35G  26/ 31U [GameAnalyzer] Income advantage is now SlightAdvantage
2022-11-16 11:19:08.847 | 03:00   14ms   75M   35G  26/ 31U [GameAnalyzer] Income advantage is now Even
2022-11-16 11:19:08.942 | 03:01   14ms   85M   39G  26/ 31U [GameAnalyzer] Income advantage is now SlightAdvantage
2022-11-16 11:19:09.017 | 03:01   13ms   85M   39G  26/ 31U [GameAnalyzer] Income advantage is now Even
2022-11-16 11:19:09.054 | 03:01   15ms   85M   39G  26/ 31U [GameAnalyzer] Income advantage is now SlightAdvantage
2022-11-16 11:19:09.202 | 03:02   12ms   20M   43G  26/ 46U [BuildGas] Building REFINERY to (152.5, 58.5)
2022-11-16 11:19:09.870 | 03:06   13ms    0M   63G  26/ 46U [BuildGas] Building REFINERY to (148.5, 54.5)
2022-11-16 11:19:10.218 | 03:08   13ms   15M   63G  26/ 46U [GameAnalyzer] Income advantage is now Even
2022-11-16 11:19:10.377 | 03:08   12ms   35M   71G  26/ 46U [GameAnalyzer] Income advantage is now SlightAdvantage
2022-11-16 11:19:10.723 | 03:10   14ms   50M   79G  26/ 46U [GameAnalyzer] Income advantage is now SmallAdvantage
2022-11-16 11:19:10.786 | 03:11   12ms   50M   79G  26/ 46U [GameAnalyzer] Income advantage is now SlightAdvantage
2022-11-16 11:19:11.230 | 03:13   13ms  105M   91G  26/ 46U [GameAnalyzer] Income advantage is now Even
2022-11-16 11:19:11.298 | 03:14   14ms  110M   91G  26/ 46U [GameAnalyzer] Income advantage is now SlightAdvantage
2022-11-16 11:19:11.502 | 03:15   15ms  120M   99G  26/ 46U [GameAnalyzer] Income advantage is now SmallAdvantage
2022-11-16 11:19:11.541 | 03:15   15ms  120M   99G  26/ 46U [GameAnalyzer] Income advantage is now SlightAdvantage
2022-11-16 11:19:11.680 | 03:16   13ms  125M   99G  26/ 46U [GameAnalyzer] Income advantage is now SmallAdvantage
2022-11-16 11:19:11.745 | 03:16   12ms  125M  103G  26/ 46U [GameAnalyzer] Income advantage is now SlightAdvantage
2022-11-16 11:19:11.907 | 03:17   15ms  130M  103G  26/ 46U [GameAnalyzer] Income advantage is now Even
2022-11-16 11:19:11.946 | 03:17   14ms  145M  107G  26/ 46U [GameAnalyzer] Income advantage is now SlightAdvantage
2022-11-16 11:19:12.239 | 03:19   12ms   15M  115G  26/ 54U [GameAnalyzer] Income advantage is now SmallAdvantage
2022-11-16 11:19:12.285 | 03:19   14ms   40M  115G  26/ 54U [GameAnalyzer] Income advantage is now SlightAdvantage
2022-11-16 11:19:12.319 | 03:19   17ms   45M  119G  26/ 54U [GameAnalyzer] Income advantage is now SmallAdvantage
2022-11-16 11:19:12.361 | 03:19   17ms   50M  119G  26/ 54U [GameAnalyzer] Income advantage is now SlightAdvantage
2022-11-16 11:19:12.507 | 03:20   13ms   60M  119G  26/ 54U [GameAnalyzer] Income advantage is now SmallAdvantage
2022-11-16 11:19:12.538 | 03:20   19ms   60M  119G  26/ 54U [GameAnalyzer] Income advantage is now SlightAdvantage
2022-11-16 11:19:12.987 | 03:23   13ms  105M  131G  26/ 54U [GameAnalyzer] Income advantage is now SmallAdvantage
2022-11-16 11:19:13.022 | 03:23   15ms  105M  131G  26/ 54U [GameAnalyzer] Income advantage is now SlightAdvantage
2022-11-16 11:19:13.084 | 03:23   13ms  110M  135G  26/ 54U [GameAnalyzer] Income advantage is now SmallAdvantage
2022-11-16 11:19:13.175 | 03:24   12ms  115M  139G  26/ 54U [GameAnalyzer] Income advantage is now SlightAdvantage
2022-11-16 11:19:13.301 | 03:24   14ms  125M  143G  26/ 54U [GameAnalyzer] Income advantage is now SmallAdvantage
2022-11-16 11:19:13.399 | 03:25   14ms  125M  147G  26/ 54U [GameAnalyzer] Income advantage is now SlightAdvantage
2022-11-16 11:19:13.431 | 03:25   14ms  125M  147G  26/ 54U [GameAnalyzer] Income advantage is now Even
2022-11-16 11:19:13.495 | 03:25   14ms  160M  147G  26/ 54U [GameAnalyzer] Income advantage is now SlightAdvantage
2022-11-16 11:19:13.498 | 03:25   14ms   10M   22G  26/ 54U [TerranUnit] SIEGETANK from FACTORY at (142.5, 40.5)
2022-11-16 11:19:13.869 | 03:28   14ms   50M   34G  29/ 54U [GameAnalyzer] Income advantage is now SmallAdvantage
2022-11-16 11:19:14.025 | 03:28   12ms   60M   38G  29/ 54U [GameAnalyzer] Income advantage is now SlightAdvantage
2022-11-16 11:19:14.054 | 03:29   16ms   60M   38G  29/ 54U [GameAnalyzer] Income advantage is now SmallAdvantage
2022-11-16 11:19:14.124 | 03:29   14ms   20M   42G  29/ 54U [TerranUnit] MARINE from BARRACKS at (135.5, 33.5)
2022-11-16 11:19:14.186 | 03:29   12ms   20M   46G  30/ 54U [GameAnalyzer] Income advantage is now SlightAdvantage
2022-11-16 11:19:14.436 | 03:31   14ms   15M   54G  30/ 54U [TerranUnit] MARINE from BARRACKS at (135.5, 33.5)
2022-11-16 11:19:14.654 | 03:32   12ms   25M   62G  31/ 54U [GameAnalyzer] Income advantage is now SmallAdvantage
2022-11-16 11:19:14.748 | 03:33   12ms   55M   66G  31/ 54U [GameAnalyzer] Income advantage is now SlightAdvantage
2022-11-16 11:19:14.751 | 03:33   12ms   55M   66G  31/ 54U [BuildAddon] UnitTypeId.STARPORTTECHLAB to (136.0, 36.0)
2022-11-16 11:19:14.815 | 03:33   15ms   10M   41G  31/ 54U [GameAnalyzer] Income advantage is now SmallAdvantage
2022-11-16 11:19:14.954 | 03:34   13ms   15M   45G  31/ 54U [GameAnalyzer] Income advantage is now SlightAdvantage
2022-11-16 11:19:15.021 | 03:34   14ms   20M   45G  31/ 54U [GameAnalyzer] Income advantage is now SmallAdvantage
2022-11-16 11:19:15.153 | 03:35   14ms   35M   49G  31/ 54U [GameAnalyzer] Income advantage is now SlightAdvantage
2022-11-16 11:19:15.259 | 03:35   14ms   50M   57G  31/ 54U [GameAnalyzer] Income advantage is now SmallAdvantage
2022-11-16 11:19:15.836 | 03:38   14ms   90M   65G  31/ 54U [GameAnalyzer] Income advantage is now SlightAdvantage
2022-11-16 11:19:15.872 | 03:39   15ms  100M   69G  31/ 54U [GameAnalyzer] Income advantage is now SmallAdvantage
2022-11-16 11:19:16.006 | 03:39   15ms  135M   77G  31/ 54U [GameAnalyzer] Income advantage is now SlightAdvantage
2022-11-16 11:19:16.044 | 03:40   16ms  135M   77G  31/ 54U [GameAnalyzer] Income advantage is now SmallAdvantage
2022-11-16 11:19:16.210 | 03:40   15ms  155M   85G  31/ 54U [GameAnalyzer] Income advantage is now SlightAdvantage
2022-11-16 11:19:16.312 | 03:41   15ms  165M   89G  31/ 54U [GameAnalyzer] Income advantage is now SmallAdvantage
2022-11-16 11:19:16.405 | 03:41   15ms  170M   89G  31/ 54U [GameAnalyzer] Income advantage is now SlightAdvantage
2022-11-16 11:19:16.442 | 03:42   15ms  175M   89G  31/ 54U [GameAnalyzer] Income advantage is now SmallAdvantage
2022-11-16 11:19:16.597 | 03:43   15ms  135M   93G  31/ 54U [ActUnit] SCV from COMMANDCENTER at (145.5, 61.5)
2022-11-16 11:19:16.641 | 03:43   15ms  135M   93G  32/ 54U [GameAnalyzer] Income advantage is now SlightAdvantage
2022-11-16 11:19:16.643 | 03:43   15ms   85M   93G  32/ 54U [ActUnit] SCV from COMMANDCENTER at (143.5, 32.5)
2022-11-16 11:19:16.674 | 03:43   16ms   90M   97G  33/ 54U [GameAnalyzer] Income advantage is now SmallAdvantage
2022-11-16 11:19:16.777 | 03:43   14ms  100M   97G  33/ 54U [GameAnalyzer] Income advantage is now SlightAdvantage
2022-11-16 11:19:16.850 | 03:44   16ms  105M  101G  33/ 54U [GameAnalyzer] Income advantage is now SmallAdvantage
2022-11-16 11:19:16.949 | 03:44   14ms  110M  105G  33/ 54U [GameAnalyzer] Income advantage is now SlightAdvantage
2022-11-16 11:19:16.989 | 03:45   15ms  120M  113G  33/ 54U [GameAnalyzer] Income advantage is now SmallAdvantage
2022-11-16 11:19:17.284 | 03:46   14ms  175M  113G  33/ 54U [GameAnalyzer] Income advantage is now SlightAdvantage
2022-11-16 11:19:17.346 | 03:46   14ms  175M  117G  33/ 54U [GameAnalyzer] Income advantage is now SmallAdvantage
2022-11-16 11:19:17.587 | 03:48   14ms  205M  121G  33/ 54U [GameAnalyzer] Income advantage is now SlightAdvantage
2022-11-16 11:19:17.687 | 03:48   14ms  205M  129G  33/ 54U [GameAnalyzer] Income advantage is now SmallAdvantage
2022-11-16 11:19:17.962 | 03:50   14ms  225M  137G  33/ 54U [GameAnalyzer] Income advantage is now SlightAdvantage
2022-11-16 11:19:18.039 | 03:50   18ms  235M  137G  33/ 54U [GameAnalyzer] Income advantage is now SmallAdvantage
2022-11-16 11:19:18.115 | 03:50   16ms   95M   37G  33/ 54U [TerranUnit] BANSHEE from STARPORT at (133.5, 36.5)
2022-11-16 11:19:18.256 | 03:51   15ms  100M   41G  36/ 54U [GameAnalyzer] Income advantage is now SlightAdvantage
2022-11-16 11:19:18.325 | 03:51   14ms  130M   45G  36/ 54U [GameAnalyzer] Income advantage is now SmallAdvantage
2022-11-16 11:19:18.470 | 03:52   16ms  145M   49G  36/ 54U [GameAnalyzer] Income advantage is now SlightAdvantage
2022-11-16 11:19:18.537 | 03:53   14ms  175M   53G  36/ 54U [GameAnalyzer] Income advantage is now SmallAdvantage
2022-11-16 11:19:18.648 | 03:53   15ms  180M   53G  36/ 54U [GameAnalyzer] Income advantage is now SlightAdvantage
2022-11-16 11:19:18.751 | 03:54   15ms  195M   53G  36/ 54U [GameAnalyzer] Income advantage is now SmallAdvantage
2022-11-16 11:19:18.962 | 03:55   14ms  155M   61G  36/ 54U [ActUnit] SCV from COMMANDCENTER at (145.5, 61.5)
2022-11-16 11:19:19.006 | 03:55   17ms  105M   61G  37/ 54U [ActUnit] SCV from COMMANDCENTER at (143.5, 32.5)
2022-11-16 11:19:19.512 | 03:58   16ms  155M   73G  38/ 54U [GameAnalyzer] Known army advantage is now SlightAdvantage
2022-11-16 11:19:19.513 | 03:58   16ms  155M   73G  38/ 54U [GameAnalyzer] Predicted army advantage is now SlightDisadvantage
2022-11-16 11:19:19.725 | 03:58   15ms  170M   81G  38/ 54U [GameAnalyzer] Known army advantage is now Even
2022-11-16 11:19:19.726 | 03:58   15ms  170M   81G  38/ 54U [GameAnalyzer] Predicted army advantage is now SmallDisadvantage
2022-11-16 11:19:19.991 | 04:00   16ms  235M   85G  38/ 54U [GameAnalyzer] Income advantage is now SlightAdvantage
2022-11-16 11:19:20.030 | 04:00   16ms  240M   85G  38/ 54U [GameAnalyzer] Income advantage is now SmallAdvantage
2022-11-16 11:19:20.070 | 04:00   15ms  245M   85G  38/ 54U [GameAnalyzer] Income advantage is now SlightAdvantage
2022-11-16 11:19:20.102 | 04:00   17ms  260M   89G  38/ 54U [GameAnalyzer] Income advantage is now SmallAdvantage
2022-11-16 11:19:20.248 | 04:01   14ms  270M   93G  38/ 54U [GameAnalyzer] Income advantage is now SlightAdvantage
2022-11-16 11:19:20.288 | 04:01   16ms  270M   93G  38/ 54U [GameAnalyzer] Income advantage is now SmallAdvantage
2022-11-16 11:19:20.938 | 04:04   14ms  315M  113G  38/ 54U [GameAnalyzer] Income advantage is now SlightAdvantage
2022-11-16 11:19:21.024 | 04:05   17ms  335M  117G  38/ 54U [GameAnalyzer] Income advantage is now SmallAdvantage
2022-11-16 11:19:21.604 | 04:07   14ms  350M  133G  38/ 54U [ActUnit] SCV from COMMANDCENTER at (145.5, 61.5)
2022-11-16 11:19:21.639 | 04:07   16ms  305M  133G  39/ 54U [ActUnit] SCV from COMMANDCENTER at (143.5, 32.5)
2022-11-16 11:19:22.348 | 04:10   15ms  370M  153G  40/ 54U [GameAnalyzer] Known army advantage is now SlightDisadvantage
2022-11-16 11:19:22.689 | 04:12   15ms  400M  165G  40/ 54U [Expand] Expanding to (119.5, 53.5)
2022-11-16 11:19:23.548 | 04:16   14ms  105M  193G  40/ 54U [Tech] Started BANSHEECLOAK
2022-11-16 11:19:23.914 | 04:17   15ms    0M  101G  40/ 54U [TerranUnit] MARINE from BARRACKS at (135.5, 33.5)
2022-11-16 11:19:24.434 | 04:20   13ms    0M  125G  41/ 54U [ActUnit] SCV from COMMANDCENTER at (145.5, 61.5)
2022-11-16 11:19:24.467 | 04:20   14ms    0M  129G  42/ 54U [GameAnalyzer] Income advantage is now ClearAdvantage
2022-11-16 11:19:24.855 | 04:22   15ms    5M  141G  42/ 54U [ActUnit] SCV from COMMANDCENTER at (143.5, 32.5)
2022-11-16 11:19:25.173 | 04:23   14ms   10M  153G  43/ 54U [TerranUnit] MARINE from BARRACKS at (135.5, 33.5)
2022-11-16 11:19:27.158 | 04:32   16ms   60M  229G  44/ 54U [ActUnit] SCV from COMMANDCENTER at (145.5, 61.5)
2022-11-16 11:19:27.482 | 04:33   16ms   85M  233G  45/ 54U [GameAnalyzer] Known army advantage is now SmallAdvantage
2022-11-16 11:19:27.482 | 04:33   16ms   85M  233G  45/ 54U [GameAnalyzer] Predicted army advantage is now Even
2022-11-16 11:19:27.674 | 04:34   33ms   55M  237G  45/ 54U [ActUnit] SCV from COMMANDCENTER at (143.5, 32.5)
2022-11-16 11:19:28.132 | 04:35   35ms   65M  249G  46/ 54U [GameAnalyzer] Predicted army advantage is now SlightAdvantage
2022-11-16 11:19:28.138 | 04:35   35ms   15M  249G  46/ 54U [TerranUnit] MARINE from BARRACKS at (135.5, 33.5)
2022-11-16 11:19:29.524 | 04:39   35ms    0M  181G  47/ 54U [TerranUnit] BANSHEE from STARPORT at (133.5, 36.5)
2022-11-16 11:19:30.392 | 04:41   31ms    0M  201G  50/ 54U [TerranUnit] MARINE from BARRACKS at (135.5, 33.5)
2022-11-16 11:19:32.064 | 04:46   35ms    0M  249G  51/ 54U [ActUnit] SCV from COMMANDCENTER at (145.5, 61.5)
2022-11-16 11:19:33.014 | 04:49   31ms   15M  273G  52/ 54U [ActUnit] SCV from COMMANDCENTER at (143.5, 32.5)
2022-11-16 11:19:34.557 | 04:53   35ms  125M  301G  53/ 54U [GameAnalyzer] Predicted army advantage is now SmallAdvantage
2022-11-16 11:19:34.562 | 04:53   35ms   75M  301G  53/ 54U [TerranUnit] MARINE from BARRACKS at (135.5, 33.5)
2022-11-16 11:19:35.446 | 04:55   34ms   20M  196G  54/ 62U [BuildUnitsTank] SIEGETANK from FACTORY at (142.5, 40.5)
2022-11-16 11:19:36.594 | 04:58   38ms   40M  228G  57/ 62U [ActUnit] SCV from COMMANDCENTER at (145.5, 61.5)
2022-11-16 11:19:36.916 | 04:59   31ms   55M  236G  58/ 62U [GameAnalyzer] Known army advantage is now ClearAdvantage
2022-11-16 11:19:36.919 | 04:59   31ms    5M  236G  58/ 62U [TerranUnit] MARINE from BARRACKS at (135.5, 33.5)
2022-11-16 11:19:37.614 | 05:01   33ms    0M  252G  59/ 62U [ActUnit] SCV from COMMANDCENTER at (143.5, 32.5)
2022-11-16 11:19:38.809 | 05:05   39ms   15M  284G  60/ 62U [GameAnalyzer] Predicted army advantage is now OverwhelmingDisadvantage
2022-11-16 11:19:41.027 | 05:10   44ms  130M  332G  60/ 62U [GameAnalyzer] Predicted army advantage is now ClearDisadvantage
2022-11-16 11:19:42.375 | 05:13   54ms    0M  360G  60/ 70U [ActUnit] SCV from COMMANDCENTER at (145.5, 61.5)
2022-11-16 11:19:43.379 | 05:15   44ms    0M  376G  61/ 70U [ActUnit] SCV from COMMANDCENTER at (143.5, 32.5)
2022-11-16 11:19:43.995 | 05:17   50ms   15M  392G  62/ 70U [TerranUnit] MARINE from BARRACKS at (135.5, 33.5)
2022-11-16 11:19:44.852 | 05:19   43ms    0M  408G  63/ 70U [TerranUnit] MARINE from BARRACKS at (135.5, 33.5)
2022-11-16 11:19:46.705 | 05:23   48ms    0M  248G  64/ 70U [TerranUnit] RAVEN from STARPORT at (133.5, 36.5)
2022-11-16 11:19:47.830 | 05:25   45ms   30M  276G  66/ 70U [ActUnit] SCV from COMMANDCENTER at (145.5, 61.5)
2022-11-16 11:19:48.918 | 05:27   53ms   35M  300G  67/ 70U [ActUnit] SCV from COMMANDCENTER at (143.5, 32.5)
2022-11-16 11:19:50.957 | 05:32   59ms    0M  348G  68/ 93U [BuildGas] Building REFINERY to (116.5, 46.5)
2022-11-16 11:19:52.463 | 05:35   61ms    0M  384G  68/ 93U [BuildGas] Building REFINERY to (126.5, 56.5)
2022-11-16 11:19:53.129 | 05:36   48ms   35M  400G  68/ 93U [GameAnalyzer] Known army advantage is now OverwhelmingAdvantage
2022-11-16 11:19:53.129 | 05:36   48ms   35M  400G  68/ 93U [GameAnalyzer] Predicted army advantage is now SmallDisadvantage
2022-11-16 11:19:55.622 | 05:42   46ms    5M  456G  68/ 93U [BuildUnitsMarine] MARINE from BARRACKS at (135.5, 33.5)
2022-11-16 11:19:56.592 | 05:44   52ms    0M  480G  69/ 93U [BuildUnitsMarine] MARINE from BARRACKS at (135.5, 33.5)
2022-11-16 11:19:57.614 | 05:46   49ms   90M  504G  70/ 93U [GameAnalyzer] Income advantage is now SmallAdvantage
2022-11-16 11:19:58.464 | 05:48   64ms  130M  524G  70/ 93U [GameAnalyzer] Known army advantage is now ClearAdvantage
2022-11-16 11:19:58.558 | 05:48   60ms  130M  528G  70/ 93U [GameAnalyzer] Income advantage is now SlightAdvantage
2022-11-16 11:19:58.749 | 05:49   60ms  145M  528G  70/ 93U [GameAnalyzer] Income advantage is now SmallAdvantage
2022-11-16 11:19:58.852 | 05:49   59ms  160M  532G  70/ 93U [GameAnalyzer] Predicted army advantage is now ClearDisadvantage
2022-11-16 11:19:58.868 | 05:49   59ms   10M  407G  70/ 93U [BuildUnitsTank] SIEGETANK from FACTORY at (142.5, 40.5)
2022-11-16 11:19:59.327 | 05:50   73ms   35M  415G  73/ 93U [GameAnalyzer] Income advantage is now SlightAdvantage
2022-11-16 11:19:59.425 | 05:50   71ms   45M  419G  73/ 93U [GameAnalyzer] Income advantage is now SmallAdvantage
2022-11-16 11:19:59.708 | 05:50   58ms   55M  427G  70/ 93U [GameAnalyzer] Income advantage is now SlightAdvantage
2022-11-16 11:19:59.885 | 05:51   56ms   65M  427G  70/ 93U [GameAnalyzer] Income advantage is now SmallAdvantage
2022-11-16 11:20:00.050 | 05:51   58ms   75M  431G  70/ 93U [GameAnalyzer] Known army advantage is now SlightDisadvantage
2022-11-16 11:20:00.327 | 05:52   63ms   85M  439G  70/ 93U [GameAnalyzer] Income advantage is now SlightAdvantage
2022-11-16 11:20:00.410 | 05:52   57ms   95M  443G  70/ 93U [GameAnalyzer] Income advantage is now SmallAdvantage
2022-11-16 11:20:00.495 | 05:52   57ms  125M  443G  67/ 93U [GameAnalyzer] Predicted army advantage is now OverwhelmingDisadvantage
2022-11-16 11:20:00.819 | 05:53   56ms  140M  451G  67/ 93U [GameAnalyzer] Income advantage is now SlightAdvantage
2022-11-16 11:20:00.973 | 05:53   53ms  150M  455G  67/ 93U [GameAnalyzer] Income advantage is now SmallAdvantage
2022-11-16 11:20:01.285 | 05:54   57ms   20M  459G  67/ 93U [GameAnalyzer] Income advantage is now SlightAdvantage
2022-11-16 11:20:01.528 | 05:54   60ms   40M  467G  67/ 93U [GameAnalyzer] Income advantage is now SmallAdvantage
2022-11-16 11:20:01.617 | 05:55   58ms   50M  467G  67/ 93U [GameAnalyzer] Income advantage is now SlightAdvantage
2022-11-16 11:20:01.786 | 05:55   56ms   60M  475G  67/ 93U [GameAnalyzer] Income advantage is now SmallAdvantage
2022-11-16 11:20:01.946 | 05:55   56ms   65M  475G  67/ 93U [GameAnalyzer] Income advantage is now SlightAdvantage
2022-11-16 11:20:02.024 | 05:55   57ms   75M  479G  67/ 93U [GameAnalyzer] Income advantage is now SmallAdvantage
2022-11-16 11:20:02.339 | 05:56   55ms   80M  487G  67/101U [GameAnalyzer] Income advantage is now SlightAdvantage
2022-11-16 11:20:02.423 | 05:56   61ms   80M  491G  67/101U [GameAnalyzer] Income advantage is now SmallAdvantage
2022-11-16 11:20:04.479 | 06:01   62ms   50M  535G  67/101U [BuildAddon] UnitTypeId.BARRACKSREACTOR to (152.0, 41.0)
2022-11-16 11:20:04.517 | 06:01   62ms    0M  535G  67/101U [BuildUnitsMarine] MARINE from BARRACKS at (135.5, 33.5)
2022-11-16 11:20:05.889 | ERROR    | sc2.protocol:__request:50 - Cannot receive: Connection already closed.
2022-11-16 11:20:05.892 | INFO     | sc2.sc2process:_close_connection:231 - Closing connection at 58692...
2022-11-16 11:20:05.893 | INFO     | sc2.sc2process:kill_all:33 - kill_switch: Process cleanup for 1 processes
