2022-11-04 22:17:01.582 | INFO     | sc2.protocol:_execute:72 - Client status changed to Status.launched (was None)
2022-11-04 22:17:01.586 | INFO     | sc2.controller:create_game:37 - Creating new game
2022-11-04 22:17:01.592 | INFO     | sc2.controller:create_game:38 - Map:     LightshadeAIE
2022-11-04 22:17:01.593 | INFO     | sc2.controller:create_game:39 - Players: Bot Turtles(Terran), Computer VeryHard(Random, RandomBuild)
2022-11-04 22:17:01.596 | INFO     | sc2.protocol:_execute:72 - Client status changed to Status.init_game (was Status.launched)
2022-11-04 22:17:10.715 | INFO     | sc2.protocol:_execute:72 - Client status changed to Status.in_game (was None)
2022-11-04 22:17:10.717 | INFO     | sc2.main:_play_game:221 - Player 1 - Bot Turtles(Terran)
2022-11-04 22:17:11.492 | 00:00    0ms    0M    0G  12/ 15U [Version] 5.0.10.88500
2022-11-04 22:17:11.493 | 00:00    0ms    0M    0G  12/ 15U [Version] 5.0.6 Balance mod recognized.
2022-11-04 22:17:11.573 | 00:00    0ms    0M    0G  12/ 15U [ZoneManager] Map set to: MapName.Lightshade from name: Lightshade AIE and hash: 3553876.
2022-11-04 22:17:12.335 | [Start] My race: Terran
2022-11-04 22:17:12.336 | [Start] Opponent race: Random
2022-11-04 22:17:12.337 | [Start] OpponentId: None
2022-11-04 22:17:12.549 | 00:00    6ms    0M    0G  13/ 15U [GameAnalyzer] Income advantage is now SlightDisadvantage
2022-11-04 22:17:12.664 | 00:01    7ms    0M    0G  13/ 15U [GameAnalyzer] Income advantage is now Even
2022-11-04 22:17:13.609 | 00:09    6ms   85M    0G  13/ 15U [GameAnalyzer] Income advantage is now SlightDisadvantage
2022-11-04 22:17:13.658 | 00:09    7ms   95M    0G  13/ 15U [GameAnalyzer] Income advantage is now Even
2022-11-04 22:17:13.756 | 00:10    6ms    0M    0G  13/ 15U [GameAnalyzer] Income advantage is now SlightDisadvantage
2022-11-04 22:17:13.779 | 00:10    8ms    0M    0G  13/ 15U [GameAnalyzer] Income advantage is now Even
2022-11-04 22:17:14.020 | 00:13    7ms   20M    0G  13/ 15U [GameAnalyzer] Income advantage is now SlightDisadvantage
2022-11-04 22:17:14.038 | 00:13    7ms   25M    0G  13/ 15U [GameAnalyzer] Income advantage is now Even
2022-11-04 22:17:14.198 | 00:14    7ms    0M    0G  13/ 15U [ActUnit] SCV from COMMANDCENTER at (143.5, 32.5)
2022-11-04 22:17:15.757 | 00:26    7ms  105M    0G  14/ 15U [ActUnit] SCV from COMMANDCENTER at (143.5, 32.5)
2022-11-04 22:17:17.072 | 00:37    7ms   20M    0G  15/ 23U [BuildGas] Building REFINERY to (150.5, 35.5)
2022-11-04 22:17:17.339 | 00:39    8ms    0M    0G  15/ 23U [ActUnit] SCV from COMMANDCENTER at (143.5, 32.5)
2022-11-04 22:17:18.743 | 00:51    7ms   95M    0G  16/ 23U [ActUnit] SCV from COMMANDCENTER at (143.5, 32.5)
2022-11-04 22:17:20.613 | 01:04    9ms  190M    4G  17/ 23U [ActUnit] SCV from COMMANDCENTER at (143.5, 32.5)
