2022-10-26 13:09:32.774 | INFO     | sc2.protocol:_execute:72 - Client status changed to Status.launched (was None)
2022-10-26 13:09:32.776 | INFO     | sc2.controller:create_game:37 - Creating new game
2022-10-26 13:09:32.777 | INFO     | sc2.controller:create_game:38 - Map:     OxideAIE
2022-10-26 13:09:32.779 | INFO     | sc2.controller:create_game:39 - Players: Bot Turtles(Terran), Computer VeryHard(Random, RandomBuild)
2022-10-26 13:09:32.781 | INFO     | sc2.protocol:_execute:72 - Client status changed to Status.init_game (was Status.launched)
2022-10-26 13:09:41.942 | INFO     | sc2.protocol:_execute:72 - Client status changed to Status.in_game (was None)
2022-10-26 13:09:41.945 | INFO     | sc2.main:_play_game:221 - Player 1 - Bot Turtles(Terran)
2022-10-26 13:09:42.504 | 00:00    0ms    0M    0G  12/ 15U [Version] 5.0.10.88500
2022-10-26 13:09:42.506 | 00:00    0ms    0M    0G  12/ 15U [Version] 5.0.6 Balance mod recognized.
2022-10-26 13:09:42.580 | 00:00    0ms    0M    0G  12/ 15U [ZoneManager] Map set to: MapName.Oxide from name: Oxide AIE and hash: 3281780.
2022-10-26 13:09:43.511 | [Start] My race: Terran
2022-10-26 13:09:43.512 | [Start] Opponent race: Random
2022-10-26 13:09:43.513 | [Start] OpponentId: None
2022-10-26 13:09:43.709 | 00:00    7ms    0M    0G  13/ 15U [GameAnalyzer] Income advantage is now SlightDisadvantage
2022-10-26 13:09:43.776 | 00:01    6ms    0M    0G  13/ 15U [GameAnalyzer] Income advantage is now Even
2022-10-26 13:09:45.218 | 00:15    6ms    0M    0G  13/ 15U [ActUnit] SCV from COMMANDCENTER at (44.5, 56.5)
2022-10-26 13:09:46.574 | 00:26    7ms  135M    0G  14/ 15U [GameAnalyzer] Income advantage is now SlightDisadvantage
2022-10-26 13:09:46.596 | 00:26    8ms  145M    0G  14/ 15U [GameAnalyzer] Income advantage is now Even
2022-10-26 13:09:46.647 | 00:27    7ms  110M    0G  14/ 15U [ActUnit] SCV from COMMANDCENTER at (44.5, 56.5)
2022-10-26 13:09:47.801 | 00:36    8ms   10M    0G  15/ 23U [BuildGas] Building REFINERY to (48.5, 49.5)
2022-10-26 13:09:48.247 | 00:40    7ms    0M    0G  15/ 23U [ActUnit] SCV from COMMANDCENTER at (44.5, 56.5)
2022-10-26 13:09:49.693 | 00:52    8ms   95M    0G  16/ 23U [ActUnit] SCV from COMMANDCENTER at (44.5, 56.5)
2022-10-26 13:09:49.910 | 00:54    7ms  115M    0G  17/ 23U [GameAnalyzer] Income advantage is now SlightDisadvantage
2022-10-26 13:09:49.933 | 00:54    9ms  125M    0G  17/ 23U [GameAnalyzer] Income advantage is now Even
2022-10-26 13:09:51.579 | 01:04    6ms  195M    4G  17/ 23U [ActUnit] SCV from COMMANDCENTER at (44.5, 56.5)
2022-10-26 13:09:52.669 | 01:11   17ms  265M   16G  18/ 23U [GameAnalyzer] Income advantage is now SmallDisadvantage
2022-10-26 13:09:52.870 | 01:12   17ms  280M   20G  18/ 23U [GameAnalyzer] Income advantage is now SlightDisadvantage
2022-10-26 13:09:52.921 | 01:12   18ms  280M   20G  18/ 23U [GameAnalyzer] Income advantage is now SmallDisadvantage
2022-10-26 13:09:53.197 | 01:13   17ms  300M   24G  18/ 23U [GameAnalyzer] Income advantage is now SlightDisadvantage
2022-10-26 13:09:53.250 | 01:13   22ms  300M   24G  18/ 23U [GameAnalyzer] Income advantage is now SmallDisadvantage
2022-10-26 13:09:53.661 | 01:15   23ms  320M   28G  18/ 23U [GameAnalyzer] Income advantage is now Even
2022-10-26 13:09:53.912 | 01:16   19ms  325M   32G  18/ 23U [GameAnalyzer] Income advantage is now SlightDisadvantage
2022-10-26 13:09:54.044 | 01:16   11ms  335M   32G  18/ 23U [GameAnalyzer] Income advantage is now SmallDisadvantage
2022-10-26 13:09:54.075 | 01:16   11ms  340M   32G  18/ 23U [GameAnalyzer] Income advantage is now SlightDisadvantage
2022-10-26 13:09:54.076 | 01:16   11ms  290M   32G  18/ 23U [ActUnit] SCV from COMMANDCENTER at (44.5, 56.5)
2022-10-26 13:09:54.136 | 01:17   11ms  290M   36G  19/ 23U [GameAnalyzer] Income advantage is now SmallDisadvantage
2022-10-26 13:09:54.163 | 01:17   13ms  290M   36G  19/ 23U [GameAnalyzer] Income advantage is now SlightDisadvantage
2022-10-26 13:09:54.164 | 01:17   13ms  290M   36G  19/ 23U [GameAnalyzer] Predicted army advantage is now SlightDisadvantage
2022-10-26 13:09:54.394 | 01:18   11ms  315M   36G  19/ 23U [GameAnalyzer] Income advantage is now SmallDisadvantage
2022-10-26 13:09:54.424 | 01:19   12ms  320M   40G  19/ 23U [GameAnalyzer] Income advantage is now SlightDisadvantage
2022-10-26 13:09:54.840 | 01:21   13ms  350M   44G  19/ 23U [GameAnalyzer] Income advantage is now SmallDisadvantage
2022-10-26 13:09:54.899 | 01:21   10ms  355M   48G  19/ 23U [GameAnalyzer] Income advantage is now SlightDisadvantage
2022-10-26 13:09:55.019 | 01:22   12ms  365M   48G  19/ 23U [GameAnalyzer] Income advantage is now SmallDisadvantage
2022-10-26 13:09:55.168 | 01:23   11ms  185M    2G  19/ 23U [TerranUnit] REAPER from BARRACKS at (40.5, 61.5)
2022-10-26 13:09:55.332 | 01:24   10ms  345M    2G  20/ 23U [GameAnalyzer] Income advantage is now SlightDisadvantage
2022-10-26 13:09:55.417 | 01:25   10ms  345M    6G  20/ 23U [GameAnalyzer] Income advantage is now SmallDisadvantage
2022-10-26 13:09:56.340 | 01:30   11ms  285M   18G  20/ 23U [GameAnalyzer] Income advantage is now SlightDisadvantage
2022-10-26 13:09:56.368 | 01:30   12ms  285M   22G  20/ 23U [GameAnalyzer] Income advantage is now SmallDisadvantage
2022-10-26 13:09:56.406 | 01:31   12ms  285M   22G  20/ 23U [GameAnalyzer] Income advantage is now SlightDisadvantage
2022-10-26 13:09:56.439 | 01:31   14ms  285M   22G  20/ 23U [GameAnalyzer] Income advantage is now SmallDisadvantage
2022-10-26 13:09:57.418 | 01:37   10ms  380M   38G  20/ 23U [GameAnalyzer] Income advantage is now SlightDisadvantage
2022-10-26 13:09:57.445 | 01:37   12ms  380M   38G  20/ 23U [GameAnalyzer] Income advantage is now SmallDisadvantage
2022-10-26 13:09:57.751 | 01:39   11ms  415M   42G  20/ 23U [GameAnalyzer] Income advantage is now SlightDisadvantage
2022-10-26 13:09:57.779 | 01:39   11ms  415M   46G  20/ 23U [GameAnalyzer] Income advantage is now SmallDisadvantage
2022-10-26 13:09:59.371 | 01:50   12ms  590M   74G  20/ 23U [GameAnalyzer] Income advantage is now SlightDisadvantage
2022-10-26 13:09:59.396 | 01:50   11ms  590M   74G  20/ 23U [GameAnalyzer] Income advantage is now SmallDisadvantage
2022-10-26 13:09:59.582 | 01:51   10ms  610M   78G  20/ 23U [Expand] Expanding to (69.5, 52.5)
2022-10-26 13:09:59.897 | 01:54   10ms  190M   82G  20/ 23U [ActUnit] SCV from COMMANDCENTER at (44.5, 56.5)
2022-10-26 13:10:00.181 | 01:55   11ms  210M   86G  21/ 23U [GameAnalyzer] Known army advantage is now SlightAdvantage
2022-10-26 13:10:00.184 | 01:55   11ms  210M   86G  21/ 23U [BuildAddon] UnitTypeId.BARRACKSREACTOR to (43.0, 61.0)
2022-10-26 13:10:00.930 | 02:00   10ms   75M   52G  21/ 23U [GameAnalyzer] Income advantage is now Even
2022-10-26 13:10:01.824 | 02:06   10ms   25M   68G  21/ 23U [ActUnit] SCV from COMMANDCENTER at (44.5, 56.5)
2022-10-26 13:10:03.633 | 02:18   11ms    5M    0G  22/ 23U [BuildGas] Building REFINERY to (37.5, 59.5)
2022-10-26 13:10:04.191 | 02:21   11ms    0M    8G  22/ 23U [ActUnit] SCV from COMMANDCENTER at (44.5, 56.5)
2022-10-26 13:10:05.204 | 02:27   13ms  100M   24G  23/ 23U [GameAnalyzer] Income advantage is now SlightDisadvantage
2022-10-26 13:10:05.242 | 02:27   13ms  100M   24G  23/ 23U [GameAnalyzer] Income advantage is now Even
2022-10-26 13:10:05.695 | 02:29   12ms  120M   32G  23/ 23U [GameAnalyzer] Income advantage is now SlightDisadvantage
2022-10-26 13:10:05.908 | 02:30   11ms  165M   32G  23/ 23U [GameAnalyzer] Income advantage is now Even
2022-10-26 13:10:06.031 | 02:31   12ms  180M   36G  23/ 23U [GameAnalyzer] Income advantage is now SlightDisadvantage
2022-10-26 13:10:06.145 | 02:31   12ms  180M   36G  23/ 23U [GameAnalyzer] Income advantage is now Even
2022-10-26 13:10:06.682 | 02:34   13ms  210M   44G  23/ 23U [GameAnalyzer] Income advantage is now SlightDisadvantage
2022-10-26 13:10:06.751 | 02:35   12ms  225M   44G  23/ 23U [GameAnalyzer] Income advantage is now Even
2022-10-26 13:10:06.892 | 02:35   12ms  240M   48G  23/ 23U [GameAnalyzer] Income advantage is now SlightDisadvantage
2022-10-26 13:10:06.929 | 02:36   14ms  245M   48G  23/ 23U [GameAnalyzer] Income advantage is now Even
2022-10-26 13:10:07.295 | 02:38   11ms  290M   52G  23/ 23U [GameAnalyzer] Income advantage is now SlightDisadvantage
2022-10-26 13:10:07.329 | 02:38   14ms  290M   52G  23/ 23U [GameAnalyzer] Income advantage is now Even
2022-10-26 13:10:07.498 | 02:39   12ms  295M   56G  23/ 23U [GameAnalyzer] Income advantage is now SlightDisadvantage
2022-10-26 13:10:07.533 | 02:39   15ms  295M   56G  23/ 23U [GameAnalyzer] Income advantage is now Even
2022-10-26 13:10:07.572 | 02:39   15ms  300M   56G  23/ 23U [GameAnalyzer] Income advantage is now SlightDisadvantage
2022-10-26 13:10:07.639 | 02:39   14ms  315M   56G  23/ 23U [GameAnalyzer] Income advantage is now Even
2022-10-26 13:10:07.682 | 02:40   13ms  320M   60G  23/ 23U [GameAnalyzer] Income advantage is now SlightDisadvantage
2022-10-26 13:10:07.779 | 02:40   12ms  330M   60G  23/ 23U [GameAnalyzer] Income advantage is now Even
2022-10-26 13:10:07.857 | 02:40   15ms  330M   60G  23/ 23U [GameAnalyzer] Income advantage is now SlightDisadvantage
2022-10-26 13:10:07.891 | 02:41   14ms  330M   60G  23/ 23U [GameAnalyzer] Income advantage is now Even
2022-10-26 13:10:08.406 | 02:43   12ms  350M   68G  23/ 23U [GameAnalyzer] Income advantage is now SlightDisadvantage
2022-10-26 13:10:08.478 | 02:44   13ms  355M   68G  23/ 23U [GameAnalyzer] Income advantage is now Even
2022-10-26 13:10:08.776 | 02:45   12ms  410M   76G  23/ 23U [BuildAddon] UnitTypeId.BARRACKSTECHLAB to (54.0, 58.0)
2022-10-26 13:10:09.510 | 02:49   13ms  405M   67G  23/ 23U [GameAnalyzer] Income advantage is now SlightDisadvantage
2022-10-26 13:10:09.537 | 02:49   15ms  410M   67G  23/ 23U [GameAnalyzer] Income advantage is now Even
2022-10-26 13:10:10.149 | 02:52   13ms  470M   79G  23/ 23U [GameAnalyzer] Income advantage is now SlightDisadvantage
2022-10-26 13:10:10.194 | 02:52   13ms  475M   79G  23/ 23U [GameAnalyzer] Income advantage is now Even
2022-10-26 13:10:10.259 | 02:53   13ms  430M   83G  23/ 31U [ActUnit] SCV from COMMANDCENTER at (44.5, 56.5)
2022-10-26 13:10:10.262 | 02:53   13ms  380M   83G  23/ 31U [TerranUnit] MARINE from BARRACKS at (40.5, 61.5)
2022-10-26 13:10:10.293 | 02:53   15ms  335M   83G  25/ 31U [TerranUnit] MARINE from BARRACKS at (40.5, 61.5)
2022-10-26 13:10:11.244 | INFO     | sc2.protocol:_execute:72 - Client status changed to Status.ended (was Status.in_game)
2022-10-26 13:10:11.246 | Result: Defeat
2022-10-26 13:10:11.247 | Duration: 02:58
2022-10-26 13:10:11.248 | Step time min: 5
2022-10-26 13:10:11.249 | Step time avg: 11
2022-10-26 13:10:11.250 | Step time max: 124
2022-10-26 13:10:11.250 | [LostUnitsContents] My lost units minerals and gas: (0, 0)
2022-10-26 13:10:11.251 | [LostUnitsContents] My lost units minerals by score: 0.0
2022-10-26 13:10:11.252 | [LostUnitsContents] Enemy lost units minerals and gas: (0, 0)
2022-10-26 13:10:11.253 | [LostUnitsContents] Enemy lost units minerals by score: 0.0
2022-10-26 13:10:11.254 | [GameAnalyzerEnd] Own units:
2022-10-26 13:10:11.256 | [GameAnalyzerEnd] SCV               total:  21 alive:  21 dead:   0 
2022-10-26 13:10:11.256 | [GameAnalyzerEnd] SUPPLYDEPOT       total:   2 alive:   2 dead:   0 
2022-10-26 13:10:11.257 | [GameAnalyzerEnd] BARRACKS          total:   2 alive:   2 dead:   0 
2022-10-26 13:10:11.258 | [GameAnalyzerEnd] REFINERY          total:   2 alive:   2 dead:   0 
2022-10-26 13:10:11.259 | [GameAnalyzerEnd] MULE              total:   1 alive:   1 dead:   0 
2022-10-26 13:10:11.259 | [GameAnalyzerEnd] TECHLAB           total:   1 alive:   1 dead:   0 
2022-10-26 13:10:11.260 | [GameAnalyzerEnd] FACTORY           total:   1 alive:   1 dead:   0 
2022-10-26 13:10:11.261 | [GameAnalyzerEnd] ORBITALCOMMAND    total:   1 alive:   1 dead:   0 
2022-10-26 13:10:11.262 | [GameAnalyzerEnd] COMMANDCENTER     total:   1 alive:   1 dead:   0 
2022-10-26 13:10:11.262 | [GameAnalyzerEnd] REAPER            total:   1 alive:   1 dead:   0 
2022-10-26 13:10:11.263 | [GameAnalyzerEnd] REACTOR           total:   1 alive:   1 dead:   0 
2022-10-26 13:10:11.264 | [GameAnalyzerEnd] Enemy units:
2022-10-26 13:10:11.265 | [GameAnalyzerEnd] DRONE             total:  18 alive:  18 dead:   0 
2022-10-26 13:10:11.266 | [GameAnalyzerEnd] HATCHERY          total:   2 alive:   2 dead:   0 
2022-10-26 13:10:11.267 | [GameAnalyzerEnd] OVERLORD          total:   2 alive:   2 dead:   0 
2022-10-26 13:10:11.267 | [GameAnalyzerEnd] SPAWNINGPOOL      total:   1 alive:   1 dead:   0 
2022-10-26 13:10:11.268 | [GameAnalyzerEnd] EXTRACTOR         total:   1 alive:   1 dead:   0 
2022-10-26 13:10:11.272 | [GameAnalyzerEnd] Minerals max 595 Average 203
2022-10-26 13:10:11.273 | [GameAnalyzerEnd] Vespene max 111 Average 31
2022-10-26 13:10:11.274 | INFO     | sc2.main:_play_game:228 - Result for player 1 - Bot Turtles(Terran): Defeat
2022-10-26 13:10:12.324 | INFO     | sc2.protocol:__request:48 - Cannot receive: Game has already ended.
2022-10-26 13:10:12.327 | INFO     | sc2.sc2process:_close_connection:231 - Closing connection at 62900...
2022-10-26 13:10:12.328 | INFO     | sc2.sc2process:kill_all:33 - kill_switch: Process cleanup for 1 processes
