2022-11-15 22:19:11.200 | INFO     | sc2.protocol:_execute:72 - Client status changed to Status.launched (was None)
2022-11-15 22:19:11.203 | INFO     | sc2.controller:create_game:37 - Creating new game
2022-11-15 22:19:11.205 | INFO     | sc2.controller:create_game:38 - Map:     OxideAIE
2022-11-15 22:19:11.206 | INFO     | sc2.controller:create_game:39 - Players: Bot Turtles(Terran), Computer VeryHard(Random, RandomBuild)
2022-11-15 22:19:11.209 | INFO     | sc2.protocol:_execute:72 - Client status changed to Status.init_game (was Status.launched)
2022-11-15 22:19:19.482 | INFO     | sc2.protocol:_execute:72 - Client status changed to Status.in_game (was None)
2022-11-15 22:19:19.484 | INFO     | sc2.main:_play_game:221 - Player 1 - Bot Turtles(Terran)
2022-11-15 22:19:20.119 | 00:00    0ms    0M    0G  12/ 15U [Version] 5.0.10.89165
2022-11-15 22:19:20.120 | 00:00    0ms    0M    0G  12/ 15U [Version] 5.0.6 Balance mod recognized.
2022-11-15 22:19:20.203 | 00:00    0ms    0M    0G  12/ 15U [ZoneManager] Map set to: MapName.Oxide from name: Oxide AIE and hash: 3281780.
2022-11-15 22:19:21.087 | [Start] My race: Terran
2022-11-15 22:19:21.088 | [Start] Opponent race: Random
2022-11-15 22:19:21.089 | [Start] OpponentId: None
2022-11-15 22:19:21.278 | 00:00    7ms    0M    0G  13/ 15U [GameAnalyzer] Income advantage is now SlightDisadvantage
2022-11-15 22:19:21.327 | 00:01    5ms    0M    0G  13/ 15U [GameAnalyzer] Income advantage is now Even
2022-11-15 22:19:22.659 | 00:15    6ms    0M    0G  13/ 15U [ActUnit] SCV from COMMANDCENTER at (44.5, 56.5)
2022-11-15 22:19:24.003 | 00:27    7ms  110M    0G  14/ 15U [ActUnit] SCV from COMMANDCENTER at (44.5, 56.5)
2022-11-15 22:19:25.104 | 00:36    7ms    5M    0G  15/ 23U [BuildGas] Building REFINERY to (37.5, 59.5)
2022-11-15 22:19:25.526 | 00:40    6ms    0M    0G  15/ 23U [ActUnit] SCV from COMMANDCENTER at (44.5, 56.5)
2022-11-15 22:19:27.441 | 00:52   17ms   95M    0G  16/ 23U [ActUnit] SCV from COMMANDCENTER at (44.5, 56.5)
2022-11-15 22:19:28.993 | 01:04    6ms  200M    8G  17/ 23U [ActUnit] SCV from COMMANDCENTER at (44.5, 56.5)
2022-11-15 22:19:30.305 | 01:15   21ms  330M   28G  18/ 23U [GameAnalyzer] Income advantage is now SmallAdvantage
2022-11-15 22:19:30.444 | 01:15   22ms  340M   32G  18/ 23U [GameAnalyzer] Income advantage is now SlightAdvantage
2022-11-15 22:19:30.537 | 01:16   19ms  345M   32G  18/ 23U [GameAnalyzer] Income advantage is now Even
2022-11-15 22:19:30.707 | 01:16    9ms  305M   36G  18/ 23U [ActUnit] SCV from COMMANDCENTER at (44.5, 56.5)
2022-11-15 22:19:30.777 | 01:17    9ms  310M   36G  19/ 23U [EnemyArmyPredicter] Predicting negative free minerals for enemy: -50
2022-11-15 22:19:31.545 | 01:22   11ms  385M   48G  19/ 23U [EnemyArmyPredicter] Predicting negative free minerals for enemy: -45
2022-11-15 22:19:31.571 | 01:22   11ms  385M   52G  19/ 23U [GameAnalyzer] Income advantage is now SlightDisadvantage
2022-11-15 22:19:31.598 | 01:23   11ms  185M    2G  19/ 23U [TerranUnit] REAPER from BARRACKS at (40.5, 61.5)
2022-11-15 22:19:31.633 | 01:23   14ms  340M    2G  20/ 23U [GameAnalyzer] Income advantage is now Even
2022-11-15 22:19:32.129 | 01:26   11ms  280M   10G  20/ 23U [GameAnalyzer] Income advantage is now SlightDisadvantage
2022-11-15 22:19:32.154 | 01:26   11ms  280M   10G  20/ 23U [GameAnalyzer] Income advantage is now Even
2022-11-15 22:19:32.301 | 01:27    9ms  295M   14G  20/ 23U [GameAnalyzer] Income advantage is now SlightDisadvantage
2022-11-15 22:19:32.357 | 01:28   13ms  300M   14G  20/ 23U [GameAnalyzer] Income advantage is now Even
2022-11-15 22:19:32.633 | 01:30   10ms  170M   18G  20/ 23U [GameAnalyzer] Income advantage is now SlightDisadvantage
2022-11-15 22:19:32.663 | 01:30   13ms  180M   22G  20/ 23U [GameAnalyzer] Income advantage is now Even
2022-11-15 22:19:32.778 | 01:30   10ms  190M   22G  20/ 23U [GameAnalyzer] Income advantage is now SlightDisadvantage
2022-11-15 22:19:32.865 | 01:31   10ms  200M   22G  20/ 23U [GameAnalyzer] Income advantage is now Even
2022-11-15 22:19:32.959 | 01:31   10ms  210M   26G  20/ 23U [GameAnalyzer] Income advantage is now SlightDisadvantage
2022-11-15 22:19:33.006 | 01:32   11ms  215M   26G  20/ 23U [GameAnalyzer] Income advantage is now Even
2022-11-15 22:19:33.060 | 01:32   10ms  215M   26G  20/ 23U [GameAnalyzer] Income advantage is now SlightDisadvantage
2022-11-15 22:19:33.110 | 01:33   10ms  225M   26G  20/ 23U [GameAnalyzer] Income advantage is now Even
2022-11-15 22:19:33.112 | 01:33   10ms  225M   26G  20/ 23U [GameAnalyzer] Predicted army advantage is now SlightDisadvantage
2022-11-15 22:19:33.314 | 01:34   12ms  235M   30G  20/ 23U [GameAnalyzer] Income advantage is now SlightDisadvantage
2022-11-15 22:19:33.338 | 01:34   11ms  240M   34G  20/ 23U [GameAnalyzer] Income advantage is now Even
2022-11-15 22:19:33.363 | 01:34   11ms  240M   34G  20/ 23U [GameAnalyzer] Income advantage is now SlightDisadvantage
2022-11-15 22:19:33.391 | 01:35   14ms  245M   34G  20/ 23U [GameAnalyzer] Income advantage is now Even
2022-11-15 22:19:33.437 | 01:35   10ms  255M   34G  20/ 23U [GameAnalyzer] Income advantage is now SlightDisadvantage
2022-11-15 22:19:33.465 | 01:35   13ms  255M   34G  20/ 23U [GameAnalyzer] Income advantage is now Even
2022-11-15 22:19:33.489 | 01:35   11ms  260M   34G  20/ 23U [GameAnalyzer] Income advantage is now SlightDisadvantage
2022-11-15 22:19:33.542 | 01:36   11ms  275M   38G  20/ 23U [GameAnalyzer] Income advantage is now Even
2022-11-15 22:19:33.664 | 01:36   10ms  280M   38G  20/ 23U [GameAnalyzer] Income advantage is now SlightDisadvantage
2022-11-15 22:19:33.696 | 01:37   13ms  280M   38G  20/ 23U [GameAnalyzer] Income advantage is now Even
2022-11-15 22:19:33.731 | 01:37   11ms  280M   38G  20/ 23U [GameAnalyzer] Income advantage is now SlightDisadvantage
2022-11-15 22:19:33.770 | 01:37   11ms  290M   38G  20/ 23U [GameAnalyzer] Income advantage is now Even
2022-11-15 22:19:34.084 | 01:39   10ms  315M   46G  20/ 23U [GameAnalyzer] Income advantage is now SlightDisadvantage
2022-11-15 22:19:34.133 | 01:40   10ms  325M   46G  20/ 23U [GameAnalyzer] Income advantage is now Even
2022-11-15 22:19:34.256 | 01:40   12ms  340M   50G  20/ 23U [GameAnalyzer] Income advantage is now SlightDisadvantage
2022-11-15 22:19:34.303 | 01:41   10ms  345M   50G  20/ 23U [GameAnalyzer] Income advantage is now Even
2022-11-15 22:19:34.397 | 01:41   11ms  355M   54G  20/ 23U [GameAnalyzer] Income advantage is now SlightDisadvantage
2022-11-15 22:19:34.441 | 01:42   10ms  365M   54G  20/ 23U [GameAnalyzer] Income advantage is now Even
2022-11-15 22:19:34.730 | 01:44   10ms  390M   58G  20/ 23U [GameAnalyzer] Income advantage is now SlightDisadvantage
2022-11-15 22:19:34.779 | 01:44   10ms  400M   58G  20/ 23U [GameAnalyzer] Income advantage is now Even
2022-11-15 22:19:34.875 | 01:45   10ms  405M   62G  20/ 23U [GameAnalyzer] Income advantage is now SlightDisadvantage
2022-11-15 22:19:34.948 | 01:46   10ms  420M   62G  20/ 23U [GameAnalyzer] Income advantage is now Even
2022-11-15 22:19:35.212 | 01:48   10ms  440M   70G  20/ 23U [GameAnalyzer] Income advantage is now SlightDisadvantage
2022-11-15 22:19:35.263 | 01:48   12ms  450M   70G  20/ 23U [GameAnalyzer] Income advantage is now Even
2022-11-15 22:19:35.288 | 01:48   11ms  455M   70G  20/ 23U [GameAnalyzer] Income advantage is now SlightDisadvantage
2022-11-15 22:19:35.314 | 01:48   11ms  460M   70G  20/ 23U [GameAnalyzer] Income advantage is now Even
2022-11-15 22:19:35.389 | 01:49   10ms  465M   70G  20/ 23U [GameAnalyzer] Income advantage is now SlightDisadvantage
2022-11-15 22:19:35.439 | 01:49   10ms  465M   74G  20/ 23U [GameAnalyzer] Income advantage is now Even
2022-11-15 22:19:35.587 | 01:50    9ms  490M   74G  20/ 31U [GameAnalyzer] Income advantage is now SlightDisadvantage
2022-11-15 22:19:35.614 | 01:50   11ms  500M   78G  20/ 31U [GameAnalyzer] Income advantage is now Even
2022-11-15 22:19:36.024 | 01:53   10ms  530M   82G  20/ 31U [GameAnalyzer] Income advantage is now SlightDisadvantage
2022-11-15 22:19:36.048 | 01:53   12ms  535M   86G  20/ 31U [GameAnalyzer] Income advantage is now Even
2022-11-15 22:19:36.101 | 01:54    9ms  485M   86G  20/ 31U [ActUnit] SCV from COMMANDCENTER at (44.5, 56.5)
2022-11-15 22:19:36.176 | 01:54   10ms  485M   86G  21/ 31U [GameAnalyzer] Income advantage is now SlightDisadvantage
2022-11-15 22:19:36.202 | 01:54   11ms  490M   86G  21/ 31U [GameAnalyzer] Income advantage is now Even
2022-11-15 22:19:36.282 | 01:55    9ms  510M   86G  21/ 31U [GameAnalyzer] Known army advantage is now SlightAdvantage
2022-11-15 22:19:36.285 | 01:55    9ms  510M   86G  21/ 31U [BuildAddon] UnitTypeId.BARRACKSREACTOR to (43.0, 61.0)
2022-11-15 22:19:36.323 | 01:55   19ms  460M   40G  21/ 31U [Expand] Expanding to (69.5, 52.5)
2022-11-15 22:19:36.352 | 01:55   16ms   65M   40G  21/ 31U [GameAnalyzer] Income advantage is now SlightDisadvantage
2022-11-15 22:19:36.412 | 01:55   15ms   70M   40G  21/ 31U [GameAnalyzer] Income advantage is now Even
2022-11-15 22:19:36.583 | 01:56   13ms   70M   44G  21/ 31U [GameAnalyzer] Income advantage is now SlightDisadvantage
2022-11-15 22:19:36.642 | 01:57   13ms   80M   44G  21/ 31U [GameAnalyzer] Income advantage is now Even
2022-11-15 22:19:36.761 | 01:57   13ms   95M   44G  21/ 31U [GameAnalyzer] Income advantage is now SlightDisadvantage
2022-11-15 22:19:36.819 | 01:58   13ms  105M   48G  21/ 31U [GameAnalyzer] Income advantage is now Even
2022-11-15 22:19:36.968 | 01:59   15ms  105M   48G  21/ 31U [GameAnalyzer] Income advantage is now SlightDisadvantage
2022-11-15 22:19:37.029 | 01:59   13ms  115M   48G  21/ 31U [GameAnalyzer] Income advantage is now Even
2022-11-15 22:19:37.181 | 02:00   15ms  135M   52G  21/ 31U [GameAnalyzer] Income advantage is now SlightDisadvantage
2022-11-15 22:19:37.244 | 02:00   15ms  135M   52G  21/ 31U [GameAnalyzer] Income advantage is now Even
2022-11-15 22:19:37.307 | 02:01   13ms  140M   56G  21/ 31U [GameAnalyzer] Income advantage is now SlightAdvantage
2022-11-15 22:19:37.309 | 02:01   13ms   65M   56G  21/ 31U [BuildGas] Building REFINERY to (48.5, 49.5)
2022-11-15 22:19:37.346 | 02:01   17ms   65M   56G  21/ 31U [GameAnalyzer] Income advantage is now Even
2022-11-15 22:19:37.920 | 02:04   15ms  140M   64G  21/ 31U [GameAnalyzer] Income advantage is now SlightAdvantage
2022-11-15 22:19:37.952 | 02:04   14ms  140M   64G  21/ 31U [GameAnalyzer] Income advantage is now Even
2022-11-15 22:19:38.043 | 02:05   13ms  140M   64G  21/ 31U [GameAnalyzer] Income advantage is now SlightAdvantage
2022-11-15 22:19:38.077 | 02:05   15ms  145M   64G  21/ 31U [GameAnalyzer] Income advantage is now Even
2022-11-15 22:19:38.438 | 02:07   13ms   25M   72G  21/ 31U [GameAnalyzer] Income advantage is now SlightAdvantage
2022-11-15 22:19:38.466 | 02:07   18ms   25M   72G  21/ 31U [GameAnalyzer] Income advantage is now Even
2022-11-15 22:19:38.627 | 02:08   13ms   45M   76G  21/ 31U [GameAnalyzer] Income advantage is now SlightAdvantage
2022-11-15 22:19:38.686 | 02:08   12ms   45M   76G  21/ 31U [GameAnalyzer] Income advantage is now Even
2022-11-15 22:19:38.717 | 02:09   14ms   20M   76G  21/ 31U [ActUnit] SCV from COMMANDCENTER at (44.5, 56.5)
2022-11-15 22:19:38.792 | 02:09   13ms   25M   76G  22/ 31U [GameAnalyzer] Income advantage is now SlightAdvantage
2022-11-15 22:19:38.855 | 02:09   14ms   25M   76G  22/ 31U [GameAnalyzer] Income advantage is now Even
2022-11-15 22:19:39.206 | 02:11   12ms   55M   84G  22/ 31U [GameAnalyzer] Income advantage is now SlightAdvantage
2022-11-15 22:19:39.235 | 02:11   16ms   55M   84G  22/ 31U [GameAnalyzer] Income advantage is now Even
2022-11-15 22:19:39.296 | 02:12   13ms   65M   84G  22/ 31U [GameAnalyzer] Income advantage is now SlightAdvantage
2022-11-15 22:19:39.330 | 02:12   16ms   65M   84G  22/ 31U [GameAnalyzer] Income advantage is now Even
2022-11-15 22:19:39.420 | 02:13   14ms   80M   88G  22/ 31U [GameAnalyzer] Income advantage is now SlightAdvantage
2022-11-15 22:19:39.453 | 02:13   14ms   80M   88G  22/ 31U [GameAnalyzer] Income advantage is now Even
2022-11-15 22:19:39.571 | 02:13   12ms   80M   88G  22/ 31U [GameAnalyzer] Income advantage is now SlightAdvantage
2022-11-15 22:19:39.658 | 02:14   13ms   85M   92G  22/ 31U [GameAnalyzer] Income advantage is now Even
2022-11-15 22:19:39.815 | 02:15   13ms  110M   92G  22/ 31U [GameAnalyzer] Income advantage is now SlightAdvantage
2022-11-15 22:19:39.885 | 02:15   15ms  110M   92G  22/ 31U [GameAnalyzer] Income advantage is now Even
2022-11-15 22:19:40.018 | 02:16   12ms  115M   96G  22/ 31U [GameAnalyzer] Income advantage is now SlightAdvantage
2022-11-15 22:19:40.050 | 02:16   14ms  115M   96G  22/ 31U [GameAnalyzer] Income advantage is now Even
2022-11-15 22:19:40.851 | 02:21   12ms   50M    8G  22/ 31U [GameAnalyzer] Income advantage is now SlightAdvantage
2022-11-15 22:19:40.853 | 02:21   12ms    0M    8G  22/ 31U [ActUnit] SCV from COMMANDCENTER at (44.5, 56.5)
2022-11-15 22:19:40.889 | 02:21   15ms    5M    8G  23/ 31U [GameAnalyzer] Income advantage is now Even
2022-11-15 22:19:41.006 | 02:22   14ms   25M   12G  23/ 31U [GameAnalyzer] Income advantage is now SlightAdvantage
2022-11-15 22:19:41.034 | 02:22   14ms   25M   12G  23/ 31U [GameAnalyzer] Income advantage is now Even
2022-11-15 22:19:41.129 | 02:22   13ms   25M   12G  23/ 31U [GameAnalyzer] Income advantage is now SlightAdvantage
2022-11-15 22:19:41.159 | 02:23   14ms   25M   12G  23/ 31U [GameAnalyzer] Income advantage is now Even
2022-11-15 22:19:41.477 | 02:24   15ms   75M   20G  23/ 31U [GameAnalyzer] Known army advantage is now SlightDisadvantage
2022-11-15 22:19:41.548 | 02:25   13ms   80M   20G  23/ 31U [GameAnalyzer] Income advantage is now SlightAdvantage
2022-11-15 22:19:41.647 | 02:25   13ms   80M   20G  23/ 31U [GameAnalyzer] Income advantage is now Even
2022-11-15 22:19:41.739 | 02:26   13ms   90M   24G  23/ 31U [GameAnalyzer] Income advantage is now SlightAdvantage
2022-11-15 22:19:41.840 | 02:26   14ms  100M   24G  23/ 31U [GameAnalyzer] Income advantage is now Even
2022-11-15 22:19:41.903 | 02:27   13ms  105M   24G  23/ 31U [GameAnalyzer] Income advantage is now SlightAdvantage
2022-11-15 22:19:42.563 | 02:31   12ms  120M   40G  22/ 31U [TerranUnit] MARINE from BARRACKS at (40.5, 61.5)
2022-11-15 22:19:42.591 | 02:31   16ms   80M   40G  23/ 31U [TerranUnit] MARINE from BARRACKS at (40.5, 61.5)
2022-11-15 22:19:42.897 | 02:33   12ms   45M   48G  24/ 31U [ActUnit] SCV from COMMANDCENTER at (44.5, 56.5)
2022-11-15 22:19:44.710 | 02:45   12ms  115M   96G  25/ 31U [ActUnit] SCV from COMMANDCENTER at (44.5, 56.5)
2022-11-15 22:19:45.238 | 02:48   15ms  110M  112G  26/ 31U [TerranUnit] MARINE from BARRACKS at (40.5, 61.5)
2022-11-15 22:19:45.267 | 02:49   19ms   65M  112G  27/ 31U [TerranUnit] MARINE from BARRACKS at (40.5, 61.5)
2022-11-15 22:19:45.364 | 02:49   13ms   75M  112G  28/ 31U [GameAnalyzer] Income advantage is now Even
2022-11-15 22:19:45.462 | 02:50   15ms   85M  116G  28/ 31U [GameAnalyzer] Income advantage is now SlightAdvantage
2022-11-15 22:19:45.530 | 02:50   15ms  115M  116G  28/ 31U [GameAnalyzer] Income advantage is now Even
2022-11-15 22:19:45.564 | 02:50   16ms  115M  116G  28/ 31U [GameAnalyzer] Income advantage is now SlightAdvantage
2022-11-15 22:19:45.724 | 02:51   16ms  125M  120G  28/ 31U [GameAnalyzer] Income advantage is now Even
2022-11-15 22:19:45.756 | 02:51   15ms  130M  120G  28/ 31U [GameAnalyzer] Income advantage is now SlightAdvantage
2022-11-15 22:19:46.002 | 02:53   15ms  140M  124G  28/ 31U [GameAnalyzer] Income advantage is now Even
2022-11-15 22:19:46.065 | 02:53   14ms  145M  128G  28/ 31U [GameAnalyzer] Income advantage is now SlightAdvantage
2022-11-15 22:19:46.321 | 02:55   14ms  165M  132G  28/ 31U [BuildAddon] UnitTypeId.BARRACKSTECHLAB to (54.0, 58.0)
2022-11-15 22:19:46.390 | 02:55   16ms  120M  111G  28/ 31U [GameAnalyzer] Income advantage is now Even
2022-11-15 22:19:46.457 | 02:55   14ms  125M  111G  28/ 31U [GameAnalyzer] Income advantage is now SlightAdvantage
2022-11-15 22:19:46.807 | 02:57   14ms  105M  119G  28/ 31U [ActUnit] SCV from COMMANDCENTER at (44.5, 56.5)
2022-11-15 22:19:46.947 | 02:58   14ms  145M  123G  29/ 31U [GameAnalyzer] Income advantage is now SmallAdvantage
2022-11-15 22:19:46.983 | 02:58   17ms  145M  123G  29/ 31U [GameAnalyzer] Income advantage is now SlightAdvantage
2022-11-15 22:19:47.138 | 02:59   14ms  160M  131G  29/ 31U [GameAnalyzer] Income advantage is now SmallAdvantage
2022-11-15 22:19:47.173 | 02:59   18ms  160M  131G  29/ 31U [GameAnalyzer] Income advantage is now SlightAdvantage
2022-11-15 22:19:47.426 | 03:01   19ms  180M  135G  29/ 31U [GameAnalyzer] Income advantage is now SmallAdvantage
2022-11-15 22:19:47.490 | 03:01   13ms  180M  139G  29/ 31U [GameAnalyzer] Income advantage is now SlightAdvantage
2022-11-15 22:19:47.780 | 03:03   14ms  115M  147G  29/ 31U [BuildAddon] UnitTypeId.FACTORYREACTOR to (56.0, 55.0)
2022-11-15 22:19:47.962 | 03:04   13ms   75M  105G  29/ 31U [GameAnalyzer] Income advantage is now SmallAdvantage
2022-11-15 22:19:48.028 | 03:04   43ms   75M  105G  29/ 31U [GameAnalyzer] Income advantage is now SlightAdvantage
2022-11-15 22:19:48.119 | 03:04   13ms   85M  105G  29/ 31U [GameAnalyzer] Income advantage is now SmallAdvantage
2022-11-15 22:19:48.152 | 03:05   16ms   85M  105G  29/ 31U [GameAnalyzer] Income advantage is now SlightAdvantage
2022-11-15 22:19:48.455 | 03:06   13ms  130M  113G  29/ 31U [GameAnalyzer] Income advantage is now Even
2022-11-15 22:19:48.457 | 03:06   13ms  130M  113G  29/ 31U [GameAnalyzer] Known army advantage is now Even
2022-11-15 22:19:48.461 | 03:06   13ms   80M  113G  29/ 31U [TerranUnit] MARINE from BARRACKS at (40.5, 61.5)
2022-11-15 22:19:48.492 | 03:06   17ms   90M  121G  30/ 31U [GameAnalyzer] Income advantage is now SlightAdvantage
2022-11-15 22:19:48.493 | 03:06   17ms   90M  121G  30/ 31U [GameAnalyzer] Known army advantage is now SlightAdvantage
2022-11-15 22:19:48.496 | 03:06   17ms   40M  121G  30/ 31U [TerranUnit] MARINE from BARRACKS at (40.5, 61.5)
2022-11-15 22:19:48.753 | 03:08   13ms   70M  129G  31/ 31U [GameAnalyzer] Income advantage is now SmallAdvantage
2022-11-15 22:19:48.852 | 03:08   13ms   70M  129G  31/ 31U [GameAnalyzer] Income advantage is now SlightAdvantage
2022-11-15 22:19:48.977 | 03:09   13ms   80M  129G  31/ 31U [GameAnalyzer] Income advantage is now SmallAdvantage
2022-11-15 22:19:49.010 | 03:09   16ms   85M  137G  31/ 31U [GameAnalyzer] Income advantage is now SlightAdvantage
2022-11-15 22:19:49.167 | 03:10   15ms  100M  137G  31/ 31U [GameAnalyzer] Income advantage is now SmallAdvantage
2022-11-15 22:19:49.198 | 03:10   18ms  105M  137G  31/ 31U [GameAnalyzer] Income advantage is now SlightAdvantage
2022-11-15 22:19:49.510 | 03:12   15ms    5M   45G  31/ 46U [BuildGas] Building REFINERY to (73.5, 45.5)
2022-11-15 22:19:49.724 | 03:13   13ms   45M   53G  31/ 46U [GameAnalyzer] Income advantage is now SmallAdvantage
2022-11-15 22:19:49.816 | 03:14   13ms   50M   61G  31/ 46U [GameAnalyzer] Income advantage is now SlightAdvantage
2022-11-15 22:19:49.847 | 03:14   14ms   55M   61G  31/ 46U [GameAnalyzer] Income advantage is now SmallAdvantage
2022-11-15 22:19:49.881 | 03:14   16ms   55M   61G  31/ 46U [GameAnalyzer] Income advantage is now SlightAdvantage
2022-11-15 22:19:49.977 | 03:15   14ms   70M   61G  31/ 46U [GameAnalyzer] Income advantage is now SmallAdvantage
2022-11-15 22:19:50.013 | 03:15   17ms   70M   61G  31/ 46U [GameAnalyzer] Income advantage is now SlightAdvantage
2022-11-15 22:19:50.102 | 03:15   13ms   75M   69G  31/ 46U [GameAnalyzer] Income advantage is now SmallAdvantage
2022-11-15 22:19:50.248 | 03:16   14ms   85M   69G  31/ 46U [GameAnalyzer] Income advantage is now SlightAdvantage
2022-11-15 22:19:50.346 | 03:17   13ms   95M   73G  31/ 46U [GameAnalyzer] Income advantage is now SmallAdvantage
2022-11-15 22:19:50.443 | 03:17   13ms  110M   77G  31/ 46U [GameAnalyzer] Income advantage is now SlightAdvantage
2022-11-15 22:19:50.605 | 03:18   13ms  125M   81G  31/ 46U [GameAnalyzer] Income advantage is now SmallAdvantage
2022-11-15 22:19:50.637 | 03:18   14ms  125M   85G  31/ 46U [GameAnalyzer] Income advantage is now SlightAdvantage
2022-11-15 22:19:50.763 | 03:19   15ms  140M   85G  31/ 46U [GameAnalyzer] Income advantage is now SmallAdvantage
2022-11-15 22:19:50.798 | 03:19   14ms  165M   85G  31/ 46U [GameAnalyzer] Income advantage is now SlightAdvantage
2022-11-15 22:19:50.984 | 03:20   13ms   35M   93G  31/ 46U [GameAnalyzer] Income advantage is now SmallAdvantage
2022-11-15 22:19:51.053 | 03:21   15ms   40M   93G  31/ 46U [GameAnalyzer] Income advantage is now SlightAdvantage
2022-11-15 22:19:51.120 | 03:21   14ms   45M   93G  31/ 46U [GameAnalyzer] Income advantage is now SmallAdvantage
2022-11-15 22:19:51.150 | 03:21   17ms   45M  101G  31/ 46U [GameAnalyzer] Income advantage is now SlightAdvantage
2022-11-15 22:19:51.183 | 03:21   14ms   55M  101G  31/ 46U [GameAnalyzer] Income advantage is now SmallAdvantage
2022-11-15 22:19:51.249 | 03:22   15ms   55M  101G  31/ 46U [GameAnalyzer] Income advantage is now SlightAdvantage
2022-11-15 22:19:51.343 | 03:22   15ms   70M  101G  31/ 46U [GameAnalyzer] Income advantage is now SmallAdvantage
2022-11-15 22:19:51.410 | 03:23   13ms    0M  105G  31/ 46U [BuildGas] Building REFINERY to (76.5, 49.5)
2022-11-15 22:19:51.449 | 03:23   17ms    5M  109G  31/ 46U [GameAnalyzer] Income advantage is now SlightAdvantage
2022-11-15 22:19:51.712 | 03:24   14ms   25M  117G  31/ 46U [GameAnalyzer] Known army advantage is now SmallAdvantage
2022-11-15 22:19:51.713 | 03:24   14ms   25M  117G  31/ 46U [GameAnalyzer] Predicted army advantage is now Even
2022-11-15 22:19:51.747 | 03:24   19ms   30M  117G  31/ 46U [GameAnalyzer] Predicted army advantage is now SlightAdvantage
2022-11-15 22:19:51.784 | 03:25   16ms   35M  117G  31/ 46U [GameAnalyzer] Income advantage is now SmallAdvantage
2022-11-15 22:19:51.819 | 03:25   16ms   35M  117G  31/ 46U [GameAnalyzer] Income advantage is now SlightAdvantage
2022-11-15 22:19:51.920 | 03:25   14ms   40M  117G  31/ 46U [GameAnalyzer] Income advantage is now SmallAdvantage
2022-11-15 22:19:51.949 | 03:25   16ms   45M  117G  31/ 46U [GameAnalyzer] Income advantage is now SlightAdvantage
2022-11-15 22:19:52.012 | 03:26   13ms   70M  125G  31/ 46U [GameAnalyzer] Income advantage is now SmallAdvantage
2022-11-15 22:19:52.103 | 03:26   16ms   75M  125G  31/ 46U [GameAnalyzer] Income advantage is now SlightAdvantage
2022-11-15 22:19:52.231 | 03:27   14ms   85M  125G  31/ 46U [GameAnalyzer] Income advantage is now SmallAdvantage
2022-11-15 22:19:52.330 | 03:27   15ms   90M  129G  31/ 46U [GameAnalyzer] Income advantage is now SlightAdvantage
2022-11-15 22:19:52.534 | 03:28   13ms  100M  133G  31/ 46U [Tech] Started STIMPACK
2022-11-15 22:19:52.634 | 03:29   14ms    5M   37G  31/ 46U [GameAnalyzer] Income advantage is now SmallAdvantage
2022-11-15 22:19:52.735 | 03:29   14ms    5M   37G  31/ 46U [GameAnalyzer] Income advantage is now SlightAdvantage
2022-11-15 22:19:53.041 | INFO     | sc2.protocol:_execute:72 - Client status changed to Status.ended (was Status.in_game)
2022-11-15 22:19:53.043 | Result: Defeat
2022-11-15 22:19:53.044 | Duration: 03:31
2022-11-15 22:19:53.045 | Step time min: 5
2022-11-15 22:19:53.046 | Step time avg: 11
2022-11-15 22:19:53.047 | Step time max: 120
2022-11-15 22:19:53.047 | [LostUnitsContents] My lost units minerals and gas: (50, 50)
2022-11-15 22:19:53.048 | [LostUnitsContents] My lost units minerals by score: 50.0
2022-11-15 22:19:53.049 | [LostUnitsContents] Enemy lost units minerals and gas: (0, 0)
2022-11-15 22:19:53.050 | [LostUnitsContents] Enemy lost units minerals by score: 0.0
2022-11-15 22:19:53.050 | [GameAnalyzerEnd] Own units:
2022-11-15 22:19:53.051 | [GameAnalyzerEnd] SCV               total:  24 alive:  24 dead:   0 
2022-11-15 22:19:53.052 | [GameAnalyzerEnd] MARINE            total:   6 alive:   6 dead:   0 
2022-11-15 22:19:53.053 | [GameAnalyzerEnd] REFINERY          total:   3 alive:   3 dead:   0 
2022-11-15 22:19:53.053 | [GameAnalyzerEnd] SUPPLYDEPOT       total:   3 alive:   3 dead:   0 
2022-11-15 22:19:53.054 | [GameAnalyzerEnd] REACTOR           total:   2 alive:   2 dead:   0 
2022-11-15 22:19:53.055 | [GameAnalyzerEnd] BARRACKS          total:   2 alive:   2 dead:   0 
2022-11-15 22:19:53.055 | [GameAnalyzerEnd] STARPORT          total:   1 alive:   1 dead:   0 
2022-11-15 22:19:53.056 | [GameAnalyzerEnd] MULE              total:   1 alive:   1 dead:   0 
2022-11-15 22:19:53.057 | [GameAnalyzerEnd] COMMANDCENTER     total:   1 alive:   1 dead:   0 
2022-11-15 22:19:53.058 | [GameAnalyzerEnd] FACTORY           total:   1 alive:   1 dead:   0 
2022-11-15 22:19:53.058 | [GameAnalyzerEnd] ORBITALCOMMAND    total:   1 alive:   1 dead:   0 
2022-11-15 22:19:53.059 | [GameAnalyzerEnd] TECHLAB           total:   1 alive:   1 dead:   0 
2022-11-15 22:19:53.060 | [GameAnalyzerEnd] REAPER            total:   1 alive:   0 dead:   1 
2022-11-15 22:19:53.061 | [GameAnalyzerEnd] Enemy units:
2022-11-15 22:19:53.061 | [GameAnalyzerEnd] SCV               total:  20 alive:  20 dead:   0 
2022-11-15 22:19:53.062 | [GameAnalyzerEnd] MARINE            total:   3 alive:   3 dead:   0 
2022-11-15 22:19:53.063 | [GameAnalyzerEnd] SUPPLYDEPOT       total:   2 alive:   2 dead:   0 
2022-11-15 22:19:53.063 | [GameAnalyzerEnd] BARRACKS          total:   2 alive:   2 dead:   0 
2022-11-15 22:19:53.064 | [GameAnalyzerEnd] COMMANDCENTER     total:   1 alive:   1 dead:   0 
2022-11-15 22:19:53.067 | [GameAnalyzerEnd] REFINERY          total:   1 alive:   1 dead:   0 
2022-11-15 22:19:53.068 | [GameAnalyzerEnd] Minerals max 530 Average 145
2022-11-15 22:19:53.069 | [GameAnalyzerEnd] Vespene max 145 Average 45
2022-11-15 22:19:53.070 | INFO     | sc2.main:_play_game:228 - Result for player 1 - Bot Turtles(Terran): Defeat
2022-11-15 22:19:54.151 | INFO     | sc2.protocol:__request:48 - Cannot receive: Game has already ended.
2022-11-15 22:19:54.154 | INFO     | sc2.sc2process:_close_connection:231 - Closing connection at 63617...
2022-11-15 22:19:54.155 | INFO     | sc2.sc2process:kill_all:33 - kill_switch: Process cleanup for 1 processes
