2022-10-31 11:05:29.911 | INFO     | sc2.protocol:_execute:72 - Client status changed to Status.launched (was None)
2022-10-31 11:05:29.913 | INFO     | sc2.controller:create_game:37 - Creating new game
2022-10-31 11:05:29.915 | INFO     | sc2.controller:create_game:38 - Map:     BlackburnAIE
2022-10-31 11:05:29.916 | INFO     | sc2.controller:create_game:39 - Players: Bot Turtles(Terran), Computer VeryHard(Random, RandomBuild)
2022-10-31 11:05:29.919 | INFO     | sc2.protocol:_execute:72 - Client status changed to Status.init_game (was Status.launched)
2022-10-31 11:05:38.239 | INFO     | sc2.protocol:_execute:72 - Client status changed to Status.in_game (was None)
2022-10-31 11:05:38.241 | INFO     | sc2.main:_play_game:221 - Player 1 - Bot Turtles(Terran)
2022-10-31 11:05:38.760 | 00:00    0ms    0M    0G  12/ 15U [Version] 5.0.10.88500
2022-10-31 11:05:38.761 | 00:00    0ms    0M    0G  12/ 15U [Version] 5.0.6 Balance mod recognized.
2022-10-31 11:05:38.842 | 00:00    0ms    0M    0G  12/ 15U [ZoneManager] Map set to: MapName.Blackburn from name: Blackburn AIE and hash: 2657237.
2022-10-31 11:05:39.425 | [Start] My race: Terran
2022-10-31 11:05:39.427 | [Start] Opponent race: Random
2022-10-31 11:05:39.428 | [Start] OpponentId: None
2022-10-31 11:05:39.784 | 00:00   10ms    0M    0G  13/ 15U [GameAnalyzer] Income advantage is now SlightDisadvantage
2022-10-31 11:05:39.842 | 00:01   12ms    0M    0G  13/ 15U [GameAnalyzer] Income advantage is now Even
2022-10-31 11:05:41.360 | 00:15    7ms    0M    0G  13/ 15U [ActUnit] SCV from COMMANDCENTER at (147.5, 31.5)
2022-10-31 11:05:42.201 | 00:22    7ms   85M    0G  14/ 15U [GameAnalyzer] Income advantage is now SlightDisadvantage
2022-10-31 11:05:42.220 | 00:22    9ms   90M    0G  14/ 15U [GameAnalyzer] Income advantage is now Even
2022-10-31 11:05:42.583 | 00:25    8ms  130M    0G  14/ 15U [GameAnalyzer] Income advantage is now SlightDisadvantage
2022-10-31 11:05:42.602 | 00:26    8ms  135M    0G  14/ 15U [GameAnalyzer] Income advantage is now Even
2022-10-31 11:05:42.751 | 00:27    7ms  100M    0G  14/ 15U [ActUnit] SCV from COMMANDCENTER at (147.5, 31.5)
2022-10-31 11:05:43.974 | 00:37    7ms    0M    0G  15/ 23U [BuildGas] Building REFINERY to (154.5, 34.5)
2022-10-31 11:05:44.443 | 00:41    6ms    0M    0G  15/ 23U [ActUnit] SCV from COMMANDCENTER at (147.5, 31.5)
2022-10-31 11:05:45.842 | 00:53    8ms   95M    0G  16/ 23U [ActUnit] SCV from COMMANDCENTER at (147.5, 31.5)
2022-10-31 11:05:47.622 | 01:05    8ms  195M    8G  17/ 23U [ActUnit] SCV from COMMANDCENTER at (147.5, 31.5)
2022-10-31 11:05:49.857 | 01:15   18ms  305M   28G  18/ 23U [GameAnalyzer] Income advantage is now SmallAdvantage
2022-10-31 11:05:50.010 | 01:15   19ms  310M   32G  18/ 23U [GameAnalyzer] Income advantage is now SlightAdvantage
2022-10-31 11:05:50.117 | 01:15   21ms  310M   32G  18/ 23U [GameAnalyzer] Income advantage is now Even
2022-10-31 11:05:50.346 | 01:16    9ms  335M   36G  18/ 23U [GameAnalyzer] Income advantage is now SlightAdvantage
2022-10-31 11:05:50.379 | 01:17   10ms  335M   36G  18/ 23U [GameAnalyzer] Income advantage is now Even
2022-10-31 11:05:50.439 | 01:17    9ms  335M   36G  18/ 23U [GameAnalyzer] Predicted army advantage is now SlightDisadvantage
2022-10-31 11:05:50.441 | 01:17    9ms  285M   36G  18/ 23U [ActUnit] SCV from COMMANDCENTER at (147.5, 31.5)
2022-10-31 11:05:50.498 | 01:17   10ms  295M   36G  19/ 23U [GameAnalyzer] Income advantage is now SlightAdvantage
2022-10-31 11:05:50.523 | 01:18   11ms  295M   36G  19/ 23U [GameAnalyzer] Income advantage is now Even
2022-10-31 11:05:51.185 | 01:22   11ms  345M   48G  19/ 23U [GameAnalyzer] Income advantage is now SlightDisadvantage
2022-10-31 11:05:51.243 | 01:22   11ms  360M   52G  19/ 23U [GameAnalyzer] Income advantage is now Even
2022-10-31 11:05:51.395 | 01:23   10ms  375M   52G  19/ 23U [GameAnalyzer] Income advantage is now SlightDisadvantage
2022-10-31 11:05:51.398 | 01:23   10ms  175M    2G  19/ 23U [TerranUnit] REAPER from BARRACKS at (144.5, 37.5)
2022-10-31 11:05:51.423 | 01:23   15ms  325M    2G  20/ 23U [GameAnalyzer] Income advantage is now Even
2022-10-31 11:05:51.744 | 01:25   10ms  250M   10G  20/ 23U [GameAnalyzer] Income advantage is now SlightDisadvantage
2022-10-31 11:05:51.776 | 01:25   13ms  250M   10G  20/ 23U [GameAnalyzer] Income advantage is now Even
2022-10-31 11:05:51.807 | 01:26   12ms  255M   10G  20/ 23U [GameAnalyzer] Income advantage is now SlightDisadvantage
2022-10-31 11:05:51.841 | 01:26   14ms  255M   10G  20/ 23U [GameAnalyzer] Income advantage is now Even
2022-10-31 11:05:51.956 | 01:26   12ms  260M   10G  20/ 23U [GameAnalyzer] Income advantage is now SlightDisadvantage
2022-10-31 11:05:52.072 | 01:27   10ms  280M   14G  20/ 23U [GameAnalyzer] Income advantage is now Even
2022-10-31 11:05:52.542 | 01:30   10ms  160M   22G  20/ 23U [GameAnalyzer] Income advantage is now SlightDisadvantage
2022-10-31 11:05:52.574 | 01:30   13ms  160M   22G  20/ 23U [GameAnalyzer] Income advantage is now Even
2022-10-31 11:05:52.658 | 01:31   11ms  165M   22G  20/ 23U [GameAnalyzer] Income advantage is now SlightDisadvantage
2022-10-31 11:05:52.689 | 01:31   12ms  170M   22G  20/ 23U [GameAnalyzer] Income advantage is now Even
2022-10-31 11:05:52.839 | 01:32   11ms  190M   26G  20/ 23U [GameAnalyzer] Income advantage is now SlightDisadvantage
2022-10-31 11:05:52.897 | 01:32   11ms  195M   26G  20/ 23U [GameAnalyzer] Income advantage is now Even
2022-10-31 11:05:53.050 | 01:33   10ms  200M   30G  20/ 23U [GameAnalyzer] Income advantage is now SlightDisadvantage
2022-10-31 11:05:53.075 | 01:33   11ms  205M   30G  20/ 23U [GameAnalyzer] Income advantage is now Even
2022-10-31 11:05:53.191 | 01:34   14ms  215M   34G  20/ 23U [GameAnalyzer] Income advantage is now SlightDisadvantage
2022-10-31 11:05:53.224 | 01:34   13ms  225M   34G  20/ 23U [GameAnalyzer] Income advantage is now Even
2022-10-31 11:05:53.365 | 01:35   11ms  230M   34G  20/ 23U [GameAnalyzer] Income advantage is now SlightDisadvantage
2022-10-31 11:05:53.423 | 01:35   10ms  230M   38G  20/ 23U [GameAnalyzer] Income advantage is now Even
2022-10-31 11:05:53.486 | 01:36   11ms  240M   38G  20/ 23U [GameAnalyzer] Income advantage is now SlightDisadvantage
2022-10-31 11:05:53.513 | 01:36   12ms  250M   38G  20/ 23U [GameAnalyzer] Income advantage is now Even
2022-10-31 11:05:53.574 | 01:36   11ms  255M   38G  20/ 23U [GameAnalyzer] Income advantage is now SlightDisadvantage
2022-10-31 11:05:53.609 | 01:36   12ms  255M   38G  20/ 23U [GameAnalyzer] Income advantage is now SmallDisadvantage
2022-10-31 11:05:56.312 | 01:54   10ms  470M   86G  20/ 31U [ActUnit] SCV from COMMANDCENTER at (147.5, 31.5)
2022-10-31 11:05:56.573 | 01:55   11ms  475M   90G  21/ 31U [GameAnalyzer] Known army advantage is now SlightAdvantage
2022-10-31 11:05:56.575 | 01:55   11ms  475M   90G  21/ 31U [BuildAddon] UnitTypeId.BARRACKSREACTOR to (147.0, 37.0)
2022-10-31 11:05:56.625 | 01:55   20ms  430M   40G  21/ 31U [Expand] Expanding to (147.5, 54.5)
2022-10-31 11:05:57.678 | 02:01   14ms  120M   56G  21/ 31U [GameAnalyzer] Income advantage is now Even
2022-10-31 11:05:57.956 | 02:03   17ms  145M   60G  21/ 31U [GameAnalyzer] Income advantage is now SlightDisadvantage
2022-10-31 11:05:58.017 | 02:03   14ms   20M   60G  21/ 31U [GameAnalyzer] Income advantage is now Even
2022-10-31 11:05:58.304 | 02:05   14ms   40M   64G  21/ 31U [GameAnalyzer] Income advantage is now SlightDisadvantage
2022-10-31 11:05:58.334 | 02:05   15ms   45M   68G  21/ 31U [GameAnalyzer] Income advantage is now Even
2022-10-31 11:05:58.584 | 02:06   14ms   10M   68G  21/ 31U [ActUnit] SCV from COMMANDCENTER at (147.5, 31.5)
2022-10-31 11:05:58.750 | 02:07   15ms   30M   72G  22/ 31U [GameAnalyzer] Income advantage is now SlightDisadvantage
2022-10-31 11:05:58.777 | 02:07   15ms   30M   72G  22/ 31U [GameAnalyzer] Income advantage is now Even
2022-10-31 11:05:58.877 | 02:08   13ms   40M   76G  22/ 31U [GameAnalyzer] Income advantage is now SlightDisadvantage
2022-10-31 11:05:58.907 | 02:08   15ms   40M   76G  22/ 31U [GameAnalyzer] Income advantage is now Even
2022-10-31 11:05:59.528 | 02:11   14ms  110M   84G  22/ 31U [GameAnalyzer] Income advantage is now SlightDisadvantage
2022-10-31 11:05:59.560 | 02:12   15ms  120M   84G  22/ 31U [GameAnalyzer] Income advantage is now Even
2022-10-31 11:06:00.394 | 02:16   14ms  175M   96G  22/ 31U [GameAnalyzer] Income advantage is now SlightDisadvantage
2022-10-31 11:06:00.462 | 02:17   13ms  190M  100G  22/ 31U [GameAnalyzer] Income advantage is now Even
2022-10-31 11:06:00.691 | 02:18   14ms    0M    0G  22/ 31U [BuildGas] Building REFINERY to (144.5, 24.5)
2022-10-31 11:06:01.357 | 02:21   13ms    0M   12G  22/ 31U [ActUnit] SCV from COMMANDCENTER at (147.5, 31.5)
2022-10-31 11:06:01.513 | 02:22   13ms    0M   12G  23/ 31U [GameAnalyzer] Income advantage is now SlightDisadvantage
2022-10-31 11:06:01.613 | 02:23   13ms   20M   16G  23/ 31U [GameAnalyzer] Income advantage is now Even
2022-10-31 11:06:02.204 | 02:26   13ms   85M   24G  23/ 31U [GameAnalyzer] Income advantage is now SlightDisadvantage
2022-10-31 11:06:02.238 | 02:26   14ms   85M   24G  23/ 31U [GameAnalyzer] Income advantage is now Even
2022-10-31 11:06:02.469 | 02:28   14ms  100M   28G  23/ 31U [GameAnalyzer] Income advantage is now SlightDisadvantage
2022-10-31 11:06:02.496 | 02:28   14ms  100M   28G  23/ 31U [GameAnalyzer] Income advantage is now Even
2022-10-31 11:06:03.153 | 02:31   13ms  150M   36G  23/ 31U [GameAnalyzer] Income advantage is now SlightDisadvantage
2022-10-31 11:06:03.157 | 02:31   13ms  100M   36G  23/ 31U [TerranUnit] MARINE from BARRACKS at (144.5, 37.5)
2022-10-31 11:06:03.194 | 02:31   17ms  135M   36G  24/ 31U [GameAnalyzer] Income advantage is now Even
2022-10-31 11:06:03.198 | 02:31   17ms   85M   36G  24/ 31U [TerranUnit] MARINE from BARRACKS at (144.5, 37.5)
2022-10-31 11:06:03.351 | 02:32   13ms   90M   40G  25/ 31U [GameAnalyzer] Known army advantage is now Even
2022-10-31 11:06:03.773 | 02:35   14ms   15M   48G  25/ 31U [GameAnalyzer] Income advantage is now SlightDisadvantage
2022-10-31 11:06:03.807 | 02:35   15ms   25M   48G  25/ 31U [GameAnalyzer] Income advantage is now Even
2022-10-31 11:06:03.808 | 02:35   15ms   25M   48G  25/ 31U [GameAnalyzer] Known army advantage is now SlightDisadvantage
2022-10-31 11:06:03.809 | 02:35   15ms   25M   48G  25/ 31U [GameAnalyzer] Predicted army advantage is now SmallDisadvantage
2022-10-31 11:06:03.848 | 02:35   17ms   25M   48G  25/ 31U [GameAnalyzer] Income advantage is now SlightDisadvantage
2022-10-31 11:06:04.013 | 02:36   13ms   45M   52G  25/ 31U [GameAnalyzer] Income advantage is now Even
2022-10-31 11:06:04.054 | 02:36   17ms   45M   52G  25/ 31U [GameAnalyzer] Income advantage is now SlightDisadvantage
2022-10-31 11:06:04.122 | 02:36   13ms   55M   52G  25/ 31U [GameAnalyzer] Income advantage is now Even
2022-10-31 11:06:04.124 | 02:36   13ms    5M   52G  25/ 31U [ActUnit] SCV from COMMANDCENTER at (147.5, 31.5)
2022-10-31 11:06:04.232 | 02:37   12ms    5M   52G  25/ 31U [GameAnalyzer] Income advantage is now SlightDisadvantage
2022-10-31 11:06:04.277 | 02:37   13ms    5M   52G  25/ 31U [GameAnalyzer] Income advantage is now Even
2022-10-31 11:06:04.730 | 02:40   11ms   55M   60G  25/ 31U [GameAnalyzer] Income advantage is now SlightDisadvantage
2022-10-31 11:06:04.758 | 02:40   13ms   55M   60G  25/ 31U [GameAnalyzer] Income advantage is now Even
2022-10-31 11:06:04.946 | 02:41   12ms   80M   64G  25/ 31U [GameAnalyzer] Income advantage is now SlightDisadvantage
2022-10-31 11:06:05.006 | 02:41   12ms   80M   64G  25/ 31U [GameAnalyzer] Income advantage is now Even
2022-10-31 11:06:05.865 | 02:46   11ms  160M   84G  25/ 31U [GameAnalyzer] Income advantage is now SlightDisadvantage
2022-10-31 11:06:05.894 | 02:46   14ms  160M   84G  25/ 31U [GameAnalyzer] Income advantage is now Even
2022-10-31 11:06:06.240 | 02:48   13ms  175M   92G  25/ 31U [GameAnalyzer] Income advantage is now SlightDisadvantage
2022-10-31 11:06:06.271 | 02:48   14ms  180M   92G  25/ 31U [GameAnalyzer] Income advantage is now Even
2022-10-31 11:06:06.310 | 02:48   16ms  140M   92G  25/ 31U [ActUnit] SCV from COMMANDCENTER at (147.5, 31.5)
2022-10-31 11:06:06.411 | 02:49   14ms   95M   96G  26/ 31U [TerranUnit] MARINE from BARRACKS at (144.5, 37.5)
2022-10-31 11:06:06.454 | 02:49   14ms   45M   96G  27/ 31U [TerranUnit] MARINE from BARRACKS at (144.5, 37.5)
2022-10-31 11:06:06.484 | 02:49   14ms   45M   96G  28/ 31U [GameAnalyzer] Income advantage is now SlightDisadvantage
2022-10-31 11:06:06.521 | 02:50   15ms   50M   96G  28/ 31U [GameAnalyzer] Income advantage is now Even
2022-10-31 11:06:06.674 | 02:50   13ms   60M  100G  28/ 31U [GameAnalyzer] Income advantage is now SlightDisadvantage
2022-10-31 11:06:06.710 | 02:51   16ms   60M  100G  28/ 31U [GameAnalyzer] Income advantage is now Even
2022-10-31 11:06:06.937 | 02:52   13ms   75M  108G  28/ 31U [BuildAddon] UnitTypeId.BARRACKSTECHLAB to (154.0, 37.0)
2022-10-31 11:06:07.975 | 02:57   15ms  115M  107G  28/ 31U [GameAnalyzer] Income advantage is now SlightDisadvantage
2022-10-31 11:06:08.006 | 02:57   15ms  130M  111G  28/ 31U [GameAnalyzer] Income advantage is now Even
2022-10-31 11:06:08.332 | 02:59   12ms  145M  119G  28/ 31U [GameAnalyzer] Income advantage is now SlightDisadvantage
2022-10-31 11:06:08.397 | 02:59   12ms  165M  119G  28/ 31U [GameAnalyzer] Income advantage is now Even
2022-10-31 11:06:08.631 | 03:01   12ms  150M  127G  28/ 39U [ActUnit] SCV from COMMANDCENTER at (147.5, 31.5)
2022-10-31 11:06:09.087 | 03:03   13ms   90M  143G  29/ 39U [BuildAddon] UnitTypeId.FACTORYREACTOR to (142.0, 35.0)
2022-10-31 11:06:09.784 | 03:07   13ms  220M  109G  29/ 39U [GameAnalyzer] Known army advantage is now SlightAdvantage
2022-10-31 11:06:09.787 | 03:07   13ms  170M  109G  29/ 39U [TerranUnit] MARINE from BARRACKS at (144.5, 37.5)
2022-10-31 11:06:09.829 | 03:07   15ms  120M  109G  30/ 39U [TerranUnit] MARINE from BARRACKS at (144.5, 37.5)
2022-10-31 11:06:10.322 | 03:10   13ms  165M  125G  31/ 39U [Tech] Started STIMPACK
2022-10-31 11:06:10.372 | 03:10   18ms   15M   25G  31/ 39U [TerranUnit] MARINE from BARRACKS at (151.5, 37.5)
2022-10-31 11:06:10.920 | 03:13   13ms   90M   41G  32/ 54U [GameAnalyzer] Income advantage is now SlightAdvantage
2022-10-31 11:06:10.956 | 03:13   15ms   90M   41G  32/ 54U [GameAnalyzer] Income advantage is now Even
2022-10-31 11:06:11.191 | 03:14   16ms  110M   49G  32/ 54U [GameAnalyzer] Income advantage is now SlightAdvantage
2022-10-31 11:06:11.238 | 03:14   16ms  110M   49G  32/ 54U [GameAnalyzer] Income advantage is now Even
2022-10-31 11:06:13.262 | 03:25   13ms  160M  105G  32/ 54U [GameAnalyzer] Known army advantage is now SmallAdvantage
2022-10-31 11:06:13.264 | 03:25   13ms  160M  105G  32/ 54U [GameAnalyzer] Predicted army advantage is now SlightDisadvantage
2022-10-31 11:06:13.267 | 03:25   13ms  110M  105G  32/ 54U [TerranUnit] MARINE from BARRACKS at (144.5, 37.5)
2022-10-31 11:06:13.296 | 03:25   18ms  110M  105G  33/ 54U [GameAnalyzer] Predicted army advantage is now Even
2022-10-31 11:06:13.298 | 03:25   18ms   60M  105G  33/ 54U [TerranUnit] MARINE from BARRACKS at (144.5, 37.5)
2022-10-31 11:06:13.830 | 03:28   13ms   90M  121G  34/ 54U [TerranUnit] MARINE from BARRACKS at (151.5, 37.5)
2022-10-31 11:06:16.553 | 03:42   13ms  375M  201G  35/ 54U [ActUnit] SCV from COMMANDCENTER at (147.5, 31.5)
2022-10-31 11:06:16.587 | 03:42   14ms  330M  201G  36/ 54U [ActUnit] SCV from COMMANDCENTER at (147.5, 54.5)
2022-10-31 11:06:16.629 | 03:43   15ms  330M  201G  37/ 54U [GameAnalyzer] Predicted army advantage is now SlightAdvantage
2022-10-31 11:06:16.632 | 03:43   15ms  280M  201G  37/ 54U [TerranUnit] MARINE from BARRACKS at (144.5, 37.5)
2022-10-31 11:06:16.666 | 03:43   16ms  230M  205G  38/ 54U [TerranUnit] MARINE from BARRACKS at (144.5, 37.5)
2022-10-31 11:06:17.225 | 03:46   14ms  310M  221G  39/ 54U [GameAnalyzer] Known army advantage is now ClearAdvantage
2022-10-31 11:06:17.226 | 03:46   14ms  310M  221G  39/ 54U [GameAnalyzer] Predicted army advantage is now SmallAdvantage
2022-10-31 11:06:17.230 | 03:46   14ms  260M  221G  39/ 54U [TerranUnit] MARINE from BARRACKS at (151.5, 37.5)
2022-10-31 11:06:19.049 | 03:54   14ms  440M  269G  40/ 54U [ActUnit] SCV from COMMANDCENTER at (147.5, 31.5)
2022-10-31 11:06:19.085 | 03:55   14ms  390M  269G  41/ 54U [ActUnit] SCV from COMMANDCENTER at (147.5, 54.5)
2022-10-31 11:06:19.306 | 03:56   13ms  420M  273G  42/ 54U [GameAnalyzer] Income advantage is now SlightAdvantage
2022-10-31 11:06:19.379 | 03:56   15ms  425M  277G  42/ 54U [GameAnalyzer] Income advantage is now Even
2022-10-31 11:06:19.671 | 03:57   14ms  445M  285G  42/ 54U [GameAnalyzer] Income advantage is now SlightAdvantage
2022-10-31 11:06:19.713 | 03:58   17ms  470M  289G  42/ 54U [GameAnalyzer] Income advantage is now Even
2022-10-31 11:06:19.746 | 03:58   15ms  475M  289G  42/ 54U [GameAnalyzer] Income advantage is now SlightAdvantage
2022-10-31 11:06:19.789 | 03:58   15ms  475M  289G  42/ 54U [GameAnalyzer] Income advantage is now Even
2022-10-31 11:06:20.058 | 03:59   16ms  515M  297G  42/ 54U [GameAnalyzer] Income advantage is now SlightAdvantage
2022-10-31 11:06:20.100 | 03:59   15ms  515M  297G  42/ 54U [GameAnalyzer] Income advantage is now Even
2022-10-31 11:06:20.329 | 04:00   14ms  500M  301G  42/ 54U [TerranUnit] MARINE from BARRACKS at (144.5, 37.5)
2022-10-31 11:06:20.365 | 04:01   15ms  460M  305G  43/ 54U [TerranUnit] MARINE from BARRACKS at (144.5, 37.5)
2022-10-31 11:06:20.473 | 04:01   14ms  480M  305G  44/ 54U [GameAnalyzer] Income advantage is now SlightAdvantage
2022-10-31 11:06:20.510 | 04:01   17ms  485M  305G  44/ 54U [GameAnalyzer] Income advantage is now Even
2022-10-31 11:06:20.623 | 04:02   15ms  490M  309G  44/ 54U [GameAnalyzer] Income advantage is now SlightAdvantage
2022-10-31 11:06:20.657 | 04:02   15ms  490M  313G  44/ 54U [GameAnalyzer] Income advantage is now Even
2022-10-31 11:06:20.964 | 04:03   15ms  520M  321G  44/ 54U [GameAnalyzer] Predicted army advantage is now ClearAdvantage
2022-10-31 11:06:20.967 | 04:03   15ms  470M  321G  44/ 54U [TerranUnit] MARINE from BARRACKS at (151.5, 37.5)
2022-10-31 11:06:21.045 | 04:04   15ms  480M  321G  45/ 54U [GameAnalyzer] Income advantage is now SlightAdvantage
2022-10-31 11:06:21.119 | 04:04   14ms  510M  321G  45/ 54U [GameAnalyzer] Income advantage is now Even
2022-10-31 11:06:21.393 | 04:05   14ms  545M  329G  45/ 54U [GameAnalyzer] Income advantage is now SlightAdvantage
2022-10-31 11:06:21.428 | 04:06   16ms  545M  329G  45/ 54U [GameAnalyzer] Income advantage is now Even
2022-10-31 11:06:21.627 | 04:06   14ms  505M  337G  45/ 54U [ActUnit] SCV from COMMANDCENTER at (147.5, 31.5)
2022-10-31 11:06:21.662 | 04:07   17ms  455M  337G  46/ 54U [ActUnit] SCV from COMMANDCENTER at (147.5, 54.5)
2022-10-31 11:06:21.704 | 04:07   16ms  460M  337G  47/ 54U [GameAnalyzer] Income advantage is now SlightAdvantage
2022-10-31 11:06:21.740 | 04:07   15ms  460M  337G  47/ 54U [GameAnalyzer] Income advantage is now Even
2022-10-31 11:06:21.964 | 04:08   14ms  495M  345G  47/ 54U [GameAnalyzer] Income advantage is now SlightAdvantage
2022-10-31 11:06:22.112 | 04:09   16ms  500M  345G  47/ 54U [GameAnalyzer] Income advantage is now Even
2022-10-31 11:06:22.157 | 04:09   16ms  505M  345G  47/ 54U [GameAnalyzer] Income advantage is now SlightAdvantage
2022-10-31 11:06:22.199 | 04:09   16ms  505M  349G  47/ 54U [GameAnalyzer] Income advantage is now Even
2022-10-31 11:06:22.311 | 04:10   41ms  515M  353G  47/ 54U [GameAnalyzer] Income advantage is now SlightAdvantage
2022-10-31 11:06:22.387 | 04:10   15ms  545M  353G  47/ 54U [GameAnalyzer] Income advantage is now Even
2022-10-31 11:06:22.492 | 04:10   15ms  560M  353G  47/ 54U [GameAnalyzer] Income advantage is now SlightAdvantage
2022-10-31 11:06:22.681 | 04:11   14ms  570M  361G  47/ 54U [GameAnalyzer] Income advantage is now Even
2022-10-31 11:06:22.749 | 04:12   14ms  590M  361G  47/ 54U [GameAnalyzer] Income advantage is now SlightAdvantage
2022-10-31 11:06:22.824 | 04:12   15ms  595M  365G  47/ 54U [GameAnalyzer] Income advantage is now Even
2022-10-31 11:06:22.931 | 04:13   15ms  635M  369G  47/ 54U [GameAnalyzer] Income advantage is now SlightAdvantage
2022-10-31 11:06:22.973 | 04:13   16ms  640M  369G  47/ 54U [GameAnalyzer] Income advantage is now Even
2022-10-31 11:06:23.007 | 04:13   15ms  640M  369G  47/ 54U [GameAnalyzer] Income advantage is now SlightAdvantage
2022-10-31 11:06:23.119 | 04:13   14ms  650M  369G  47/ 54U [GameAnalyzer] Income advantage is now Even
2022-10-31 11:06:23.192 | 04:14   14ms  665M  377G  47/ 54U [GameAnalyzer] Income advantage is now SlightAdvantage
2022-10-31 11:06:23.228 | 04:14   16ms  665M  377G  47/ 54U [GameAnalyzer] Income advantage is now Even
2022-10-31 11:06:23.346 | 04:15   15ms  685M  377G  47/ 54U [GameAnalyzer] Income advantage is now SlightAdvantage
2022-10-31 11:06:23.422 | 04:15   14ms  685M  377G  47/ 54U [GameAnalyzer] Income advantage is now Even
2022-10-31 11:06:23.461 | 04:15   16ms  685M  381G  47/ 54U [GameAnalyzer] Income advantage is now SlightAdvantage
2022-10-31 11:06:23.576 | 04:16   14ms  690M  385G  47/ 54U [GameAnalyzer] Income advantage is now Even
2022-10-31 11:06:23.649 | 04:16   14ms  700M  385G  47/ 54U [GameAnalyzer] Income advantage is now SlightAdvantage
2022-10-31 11:06:23.687 | 04:16   16ms  710M  385G  47/ 54U [GameAnalyzer] Income advantage is now Even
2022-10-31 11:06:23.764 | 04:16   15ms  745M  389G  47/ 54U [GameAnalyzer] Income advantage is now SlightAdvantage
2022-10-31 11:06:23.886 | 04:17   15ms  760M  393G  47/ 54U [GameAnalyzer] Income advantage is now Even
2022-10-31 11:06:23.923 | 04:17   16ms  765M  393G  47/ 54U [GameAnalyzer] Income advantage is now SlightAdvantage
2022-10-31 11:06:23.962 | 04:17   17ms  765M  393G  47/ 54U [GameAnalyzer] Income advantage is now Even
2022-10-31 11:06:24.074 | 04:18   16ms  775M  393G  47/ 54U [GameAnalyzer] Income advantage is now SlightAdvantage
2022-10-31 11:06:24.232 | 04:19   18ms  740M  401G  47/ 54U [ActUnit] SCV from COMMANDCENTER at (147.5, 31.5)
2022-10-31 11:06:24.279 | 04:19   17ms  725M  401G  48/ 54U [ActUnit] SCV from COMMANDCENTER at (147.5, 54.5)
2022-10-31 11:06:24.728 | 04:21   14ms  765M  413G  49/ 54U [GameAnalyzer] Income advantage is now Even
2022-10-31 11:06:24.803 | 04:21   15ms  775M  417G  49/ 54U [GameAnalyzer] Income advantage is now SlightAdvantage
2022-10-31 11:06:25.146 | 04:23   15ms  815M  425G  49/ 54U [GameAnalyzer] Income advantage is now Even
2022-10-31 11:06:25.190 | 04:23   16ms  845M  425G  49/ 54U [GameAnalyzer] Income advantage is now SlightAdvantage
2022-10-31 11:06:25.464 | 04:24   19ms  875M  433G  49/ 54U [GameAnalyzer] Income advantage is now SmallAdvantage
2022-10-31 11:06:25.515 | 04:25   17ms  880M  433G  49/ 54U [GameAnalyzer] Income advantage is now SlightAdvantage
2022-10-31 11:06:25.897 | 04:26   14ms  940M  441G  49/ 54U [GameAnalyzer] Income advantage is now Even
2022-10-31 11:06:25.934 | 04:26   16ms  945M  441G  49/ 54U [GameAnalyzer] Income advantage is now SlightAdvantage
2022-10-31 11:06:26.170 | 04:27   15ms  975M  449G  49/ 54U [GameAnalyzer] Income advantage is now Even
2022-10-31 11:06:26.214 | 04:28   17ms  980M  449G  49/ 54U [GameAnalyzer] Income advantage is now SlightAdvantage
2022-10-31 11:06:26.259 | 04:28   18ms  990M  449G  49/ 54U [GameAnalyzer] Income advantage is now SmallAdvantage
2022-10-31 11:06:26.307 | 04:28   16ms  990M  449G  49/ 54U [GameAnalyzer] Income advantage is now SlightAdvantage
2022-10-31 11:06:26.348 | 04:28   18ms  990M  449G  49/ 54U [GameAnalyzer] Income advantage is now Even
2022-10-31 11:06:26.396 | 04:28   17ms  995M  453G  49/ 54U [GameAnalyzer] Income advantage is now SlightAdvantage
2022-10-31 11:06:26.935 | 04:31   16ms 1025M  465G  49/ 54U [ActUnit] SCV from COMMANDCENTER at (147.5, 31.5)
2022-10-31 11:06:26.970 | 04:31   17ms 1030M  465G  50/ 54U [GameAnalyzer] Income advantage is now Even
2022-10-31 11:06:26.972 | 04:31   17ms  980M  465G  50/ 54U [ActUnit] SCV from COMMANDCENTER at (147.5, 54.5)
2022-10-31 11:06:27.018 | 04:31   17ms  990M  465G  51/ 54U [GameAnalyzer] Income advantage is now SlightAdvantage
2022-10-31 11:06:27.548 | 04:33   16ms 1075M  481G  51/ 54U [GameAnalyzer] Income advantage is now SmallAdvantage
2022-10-31 11:06:27.593 | 04:34   16ms 1075M  481G  51/ 54U [GameAnalyzer] Income advantage is now SlightAdvantage
2022-10-31 11:06:28.173 | 04:36   16ms 1170M  497G  51/ 54U [GameAnalyzer] Income advantage is now SmallAdvantage
2022-10-31 11:06:28.224 | 04:36   16ms 1175M  497G  51/ 54U [GameAnalyzer] Income advantage is now SlightAdvantage
2022-10-31 11:06:28.466 | 04:38   15ms 1200M  505G  51/ 54U [GameAnalyzer] Income advantage is now SmallAdvantage
2022-10-31 11:06:28.546 | 04:38   15ms 1205M  505G  51/ 54U [GameAnalyzer] Income advantage is now SlightAdvantage
2022-10-31 11:06:28.662 | 04:38   16ms 1225M  505G  51/ 54U [GameAnalyzer] Income advantage is now SmallAdvantage
2022-10-31 11:06:28.708 | 04:39   17ms 1250M  509G  51/ 54U [GameAnalyzer] Income advantage is now SlightAdvantage
2022-10-31 11:06:29.025 | 04:40   16ms 1285M  517G  51/ 54U [GameAnalyzer] Income advantage is now SmallAdvantage
2022-10-31 11:06:29.066 | 04:40   17ms 1290M  517G  51/ 54U [GameAnalyzer] Income advantage is now SlightAdvantage
2022-10-31 11:06:29.442 | 04:42   15ms 1345M  529G  51/ 54U [GameAnalyzer] Income advantage is now SmallAdvantage
2022-10-31 11:06:29.522 | 04:42   15ms 1350M  529G  51/ 54U [GameAnalyzer] Income advantage is now SlightAdvantage
2022-10-31 11:06:29.802 | 04:43   15ms 1340M  529G  51/ 54U [ActUnit] SCV from COMMANDCENTER at (147.5, 31.5)
2022-10-31 11:06:29.840 | 04:43   18ms 1350M  533G  52/ 54U [GameAnalyzer] Income advantage is now SmallAdvantage
2022-10-31 11:06:29.841 | 04:43   18ms 1300M  533G  52/ 54U [ActUnit] SCV from COMMANDCENTER at (147.5, 54.5)
2022-10-31 11:06:29.934 | 04:43   16ms 1310M  537G  53/ 54U [GameAnalyzer] Income advantage is now SlightAdvantage
2022-10-31 11:06:30.017 | 04:44   17ms 1320M  537G  53/ 54U [GameAnalyzer] Income advantage is now SmallAdvantage
2022-10-31 11:06:30.241 | 04:45   19ms 1340M  545G  53/ 54U [GameAnalyzer] Income advantage is now SlightAdvantage
2022-10-31 11:06:30.318 | 04:45   15ms 1350M  545G  53/ 54U [GameAnalyzer] Income advantage is now SmallAdvantage
2022-10-31 11:06:30.398 | 04:45   15ms 1385M  545G  53/ 54U [GameAnalyzer] Income advantage is now SlightAdvantage
2022-10-31 11:06:30.490 | INFO     | sc2.protocol:_execute:72 - Client status changed to Status.ended (was Status.in_game)
2022-10-31 11:06:30.493 | Result: Defeat
2022-10-31 11:06:30.494 | Duration: 04:46
2022-10-31 11:06:30.495 | Step time min: 5
2022-10-31 11:06:30.495 | Step time avg: 12
2022-10-31 11:06:30.496 | Step time max: 126
2022-10-31 11:06:30.496 | [LostUnitsContents] My lost units minerals and gas: (50, 50)
2022-10-31 11:06:30.497 | [LostUnitsContents] My lost units minerals by score: 50.0
2022-10-31 11:06:30.498 | [LostUnitsContents] Enemy lost units minerals and gas: (75, 0)
2022-10-31 11:06:30.498 | [LostUnitsContents] Enemy lost units minerals by score: 75.0
2022-10-31 11:06:30.499 | [GameAnalyzerEnd] Own units:
2022-10-31 11:06:30.500 | [GameAnalyzerEnd] SCV               total:  33 alive:  33 dead:   0 
2022-10-31 11:06:30.500 | [GameAnalyzerEnd] MARINE            total:  16 alive:  16 dead:   0 
2022-10-31 11:06:30.501 | [GameAnalyzerEnd] SUPPLYDEPOT       total:   3 alive:   3 dead:   0 
2022-10-31 11:06:30.502 | [GameAnalyzerEnd] ORBITALCOMMAND    total:   2 alive:   2 dead:   0 
2022-10-31 11:06:30.503 | [GameAnalyzerEnd] MULE              total:   2 alive:   2 dead:   0 
2022-10-31 11:06:30.503 | [GameAnalyzerEnd] REACTOR           total:   2 alive:   2 dead:   0 
2022-10-31 11:06:30.504 | [GameAnalyzerEnd] BARRACKS          total:   2 alive:   2 dead:   0 
2022-10-31 11:06:30.505 | [GameAnalyzerEnd] REFINERY          total:   2 alive:   2 dead:   0 
2022-10-31 11:06:30.506 | [GameAnalyzerEnd] TECHLAB           total:   1 alive:   1 dead:   0 
2022-10-31 11:06:30.506 | [GameAnalyzerEnd] FACTORY           total:   1 alive:   1 dead:   0 
2022-10-31 11:06:30.507 | [GameAnalyzerEnd] REAPER            total:   1 alive:   0 dead:   1 
2022-10-31 11:06:30.508 | [GameAnalyzerEnd] Enemy units:
2022-10-31 11:06:30.508 | [GameAnalyzerEnd] DRONE             total:  20 alive:  19 dead:   1 
2022-10-31 11:06:30.511 | [GameAnalyzerEnd] OVERLORD          total:   2 alive:   2 dead:   0 
2022-10-31 11:06:30.512 | [GameAnalyzerEnd] HATCHERY          total:   2 alive:   2 dead:   0 
2022-10-31 11:06:30.513 | [GameAnalyzerEnd] ZERGLING          total:   2 alive:   1 dead:   1 
2022-10-31 11:06:30.514 | [GameAnalyzerEnd] SPAWNINGPOOL      total:   1 alive:   1 dead:   0 
2022-10-31 11:06:30.514 | [GameAnalyzerEnd] EXTRACTOR         total:   1 alive:   1 dead:   0 
2022-10-31 11:06:30.515 | [GameAnalyzerEnd] QUEEN             total:   1 alive:   1 dead:   0 
2022-10-31 11:06:30.516 | [GameAnalyzerEnd] Minerals max 1395 Average 283
2022-10-31 11:06:30.517 | [GameAnalyzerEnd] Vespene max 545 Average 122
2022-10-31 11:06:30.518 | INFO     | sc2.main:_play_game:228 - Result for player 1 - Bot Turtles(Terran): Defeat
2022-10-31 11:06:31.632 | INFO     | sc2.protocol:__request:48 - Cannot receive: Game has already ended.
2022-10-31 11:06:31.634 | INFO     | sc2.sc2process:_close_connection:231 - Closing connection at 50060...
2022-10-31 11:06:31.635 | INFO     | sc2.sc2process:kill_all:33 - kill_switch: Process cleanup for 1 processes
