2022-11-04 21:22:32.407 | INFO     | sc2.protocol:_execute:72 - Client status changed to Status.launched (was None)
2022-11-04 21:22:32.409 | INFO     | sc2.controller:create_game:37 - Creating new game
2022-11-04 21:22:32.410 | INFO     | sc2.controller:create_game:38 - Map:     LightshadeAIE
2022-11-04 21:22:32.412 | INFO     | sc2.controller:create_game:39 - Players: Bot Turtles(Terran), Computer VeryHard(Random, RandomBuild)
2022-11-04 21:22:32.413 | INFO     | sc2.protocol:_execute:72 - Client status changed to Status.init_game (was Status.launched)
2022-11-04 21:22:40.590 | INFO     | sc2.protocol:_execute:72 - Client status changed to Status.in_game (was None)
2022-11-04 21:22:40.592 | INFO     | sc2.main:_play_game:221 - Player 1 - Bot Turtles(Terran)
2022-11-04 21:22:41.372 | 00:00    0ms    0M    0G  12/ 15U [Version] 5.0.10.88500
2022-11-04 21:22:41.374 | 00:00    0ms    0M    0G  12/ 15U [Version] 5.0.6 Balance mod recognized.
2022-11-04 21:22:41.456 | 00:00    0ms    0M    0G  12/ 15U [ZoneManager] Map set to: MapName.Lightshade from name: Lightshade AIE and hash: 3553876.
2022-11-04 21:22:42.105 | ERROR    | sc2.main:initialize_first_step:140 - Caught unknown exception in AI on_start: 
Traceback (most recent call last):

  File "C:\Users\sword\OneDrive\Desktop\27turtles\run.py", line 18, in <module>
    main()
    └ <function main at 0x000002D0E2D44790>

  File "C:\Users\sword\OneDrive\Desktop\27turtles\run.py", line 13, in main
    result, opponentid = run_ladder_game(bot)
                         │               └ <sc2.player.Bot object at 0x000002D0E2D5CFD0>
                         └ <function run_ladder_game at 0x000002D0C0539360>

  File "C:\Users\sword\OneDrive\Desktop\27turtles\ladder.py", line 39, in run_ladder_game
    return stand_alone_game(bot), None
           │                └ <sc2.player.Bot object at 0x000002D0E2D5CFD0>
           └ <function stand_alone_game at 0x000002D0E04595A0>

  File "C:\Users\sword\OneDrive\Desktop\27turtles\ladder.py", line 168, in stand_alone_game
    return sc2.main.run_game(sc2.maps.get(map_name), [bot, Computer(Race.Random, Difficulty.VeryHard)], realtime=False,)
           │   │    │        │   │    │   │           │    │        │    │       │          └ <Difficulty.VeryHard: 7>
           │   │    │        │   │    │   │           │    │        │    │       └ <enum 'Difficulty'>
           │   │    │        │   │    │   │           │    │        │    └ <Race.Random: 4>
           │   │    │        │   │    │   │           │    │        └ <enum 'Race'>
           │   │    │        │   │    │   │           │    └ <class 'sc2.player.Computer'>
           │   │    │        │   │    │   │           └ <sc2.player.Bot object at 0x000002D0E2D5CFD0>
           │   │    │        │   │    │   └ 'LightshadeAIE'
           │   │    │        │   │    └ <function get at 0x000002D0E05084C0>
           │   │    │        │   └ <module 'sc2.maps' from 'C:\\Users\\sword\\OneDrive\\Desktop\\27turtles\\sc2\\maps.py'>
           │   │    │        └ <module 'sc2' from 'C:\\Users\\sword\\OneDrive\\Desktop\\27turtles\\sc2\\__init__.py'>
           │   │    └ <function run_game at 0x000002D0E05E8DC0>
           │   └ <module 'sc2.main' from 'C:\\Users\\sword\\OneDrive\\Desktop\\27turtles\\sc2\\main.py'>
           └ <module 'sc2' from 'C:\\Users\\sword\\OneDrive\\Desktop\\27turtles\\sc2\\__init__.py'>

  File "C:\Users\sword\OneDrive\Desktop\27turtles\sc2\main.py", line 496, in run_game
    result: Result = asyncio.run(_host_game(map_settings, players, **kwargs))
                     │       │   │          │             │          └ {'realtime': False}
                     │       │   │          │             └ [<sc2.player.Bot object at 0x000002D0E2D5CFD0>, <sc2.player.Computer object at 0x000002D0E2D5DA50>]
                     │       │   │          └ Map(C:\Program Files (x86)\StarCraft II\maps\LightshadeAIE.SC2Map)
                     │       │   └ <function _host_game at 0x000002D0E05E89D0>
                     │       └ <function run at 0x000002D0C21ED7E0>
                     └ <module 'asyncio' from 'C:\\Users\\sword\\AppData\\Local\\Programs\\Python\\Python310\\lib\\asyncio\\__init__.py'>

  File "C:\Users\sword\AppData\Local\Programs\Python\Python310\lib\asyncio\runners.py", line 44, in run
    return loop.run_until_complete(main)
           │    │                  └ <coroutine object _host_game at 0x000002D0E2D78430>
           │    └ <function BaseEventLoop.run_until_complete at 0x000002D0C21EF1C0>
           └ <ProactorEventLoop running=True closed=False debug=False>

  File "C:\Users\sword\AppData\Local\Programs\Python\Python310\lib\asyncio\base_events.py", line 633, in run_until_complete
    self.run_forever()
    │    └ <function ProactorEventLoop.run_forever at 0x000002D0C229BBE0>
    └ <ProactorEventLoop running=True closed=False debug=False>

  File "C:\Users\sword\AppData\Local\Programs\Python\Python310\lib\asyncio\windows_events.py", line 321, in run_forever
    super().run_forever()

  File "C:\Users\sword\AppData\Local\Programs\Python\Python310\lib\asyncio\base_events.py", line 600, in run_forever
    self._run_once()
    │    └ <function BaseEventLoop._run_once at 0x000002D0C21F4CA0>
    └ <ProactorEventLoop running=True closed=False debug=False>

  File "C:\Users\sword\AppData\Local\Programs\Python\Python310\lib\asyncio\base_events.py", line 1896, in _run_once
    handle._run()
    │      └ <function Handle._run at 0x000002D0C215C280>
    └ <Handle Task.task_wakeup(<Future finished result=None>)>

  File "C:\Users\sword\AppData\Local\Programs\Python\Python310\lib\asyncio\events.py", line 80, in _run
    self._context.run(self._callback, *self._args)
    │    │            │    │           │    └ <member '_args' of 'Handle' objects>
    │    │            │    │           └ <Handle Task.task_wakeup(<Future finished result=None>)>
    │    │            │    └ <member '_callback' of 'Handle' objects>
    │    │            └ <Handle Task.task_wakeup(<Future finished result=None>)>
    │    └ <member '_context' of 'Handle' objects>
    └ <Handle Task.task_wakeup(<Future finished result=None>)>

  File "C:\Users\sword\OneDrive\Desktop\27turtles\sc2\main.py", line 369, in _host_game
    result = await _play_game(players[0], client, realtime, portconfig, game_time_limit, rgb_render_config)
                   │          │           │       │         │           │                └ None
                   │          │           │       │         │           └ None
                   │          │           │       │         └ None
                   │          │           │       └ False
                   │          │           └ <sc2.client.Client object at 0x000002D0E2D5E980>
                   │          └ [<sc2.player.Bot object at 0x000002D0E2D5CFD0>, <sc2.player.Computer object at 0x000002D0E2D5DA50>]
                   └ <function _play_game at 0x000002D0E05E8820>

  File "C:\Users\sword\OneDrive\Desktop\27turtles\sc2\main.py", line 226, in _play_game
    result = await _play_game_ai(client, player_id, player.ai, realtime, game_time_limit)
                   │             │       │          │      │   │         └ None
                   │             │       │          │      │   └ False
                   │             │       │          │      └ <turtles.bot.Turtles object at 0x000002D0C21E6C80>
                   │             │       │          └ <sc2.player.Bot object at 0x000002D0E2D5CFD0>
                   │             │       └ 1
                   │             └ <sc2.client.Client object at 0x000002D0E2D5E980>
                   └ <function _play_game_ai at 0x000002D0E05E8670>

  File "C:\Users\sword\OneDrive\Desktop\27turtles\sc2\main.py", line 145, in _play_game_ai
    result = await initialize_first_step()
                   └ <function _play_game_ai.<locals>.initialize_first_step at 0x000002D0E2D44EE0>

> File "C:\Users\sword\OneDrive\Desktop\27turtles\sc2\main.py", line 136, in initialize_first_step
    await ai.on_start()
          │  └ <function KnowledgeBot.on_start at 0x000002D0E2A06CB0>
          └ <turtles.bot.Turtles object at 0x000002D0C21E6C80>

  File "C:\Users\sword\OneDrive\Desktop\27turtles\sharpy\knowledges\knowledge_bot.py", line 71, in on_start
    await self.knowledge.start()
          │    │         └ <function Knowledge.start at 0x000002D0E066B010>
          │    └ <sharpy.knowledges.knowledge.Knowledge object at 0x000002D0C01C6590>
          └ <turtles.bot.Turtles object at 0x000002D0C21E6C80>

  File "C:\Users\sword\OneDrive\Desktop\27turtles\sharpy\knowledges\knowledge.py", line 151, in start
    await manager.post_start()
          │       └ <function ActManager.post_start at 0x000002D0E04D4F70>
          └ <sharpy.managers.core.act_manager.ActManager object at 0x000002D0E2F939A0>

  File "C:\Users\sword\OneDrive\Desktop\27turtles\sharpy\managers\core\act_manager.py", line 25, in post_start
    self._act = await self._act_or_func()
    │                 │    └ <bound method Turtles.create_plan of <turtles.bot.Turtles object at 0x000002D0C21E6C80>>
    │                 └ <sharpy.managers.core.act_manager.ActManager object at 0x000002D0E2F939A0>
    └ <sharpy.managers.core.act_manager.ActManager object at 0x000002D0E2F939A0>

  File "C:\Users\sword\OneDrive\Desktop\27turtles\turtles\bot.py", line 53, in create_plan
    self.build = ReactiveBio()
    │    │       └ <class 'turtles.reactivebio.ReactiveBio'>
    │    └ <function BotAI.build at 0x000002D0E03DBE20>
    └ <turtles.bot.Turtles object at 0x000002D0C21E6C80>

  File "C:\Users\sword\OneDrive\Desktop\27turtles\turtles\reactivebio.py", line 183, in __init__
    super().__init__([warn, scv, opener, bunker, buildings, reaper, attack, swap, units, upgrades, react])
                      │     │    │       │       │          │       │       │     │      │         └ []
                      │     │    │       │       │          │       │       │     │      └ [<sharpy.plans.build_step.Step object at 0x000002D0E47ECDC0>]
                      │     │    │       │       │          │       │       │     └ [<sharpy.plans.acts.terran.terran_unit.TerranUnit object at 0x000002D0E47ECD30>, <sharpy.plans.acts.terran.terran_unit.Terran...
                      │     │    │       │       │          │       │       └ [<sharpy.plans.build_step.Step object at 0x000002D0E47ECD00>]
                      │     │    │       │       │          │       └ [<sharpy.plans.build_step.Step object at 0x000002D0E47ECEB0>]
                      │     │    │       │       │          └ [<turtles.combat.reaperharass.ReaperHarass object at 0x000002D0E47ECBE0>]
                      │     │    │       │       └ [<turtles.ResumeWork.ResumeWork object at 0x000002D0E47ECB80>]
                      │     │    │       └ [<sharpy.plans.build_step.Step object at 0x000002D0E47ECE80>, <sharpy.plans.tactics.terran.man_the_bunkers.ManTheBunkers obje...
                      │     │    └ [<sharpy.plans.build_step.Step object at 0x000002D0E47BBFA0>, <sharpy.plans.acts.grid_building.GridBuilding object at 0x00000...
                      │     └ [<sharpy.plans.build_step.Step object at 0x000002D0E47BBCD0>, <sharpy.plans.build_step.Step object at 0x000002D0E47BBD60>, <s...
                      └ <sharpy.plans.tactics.warn_build_macro.WarnBuildMacro object at 0x000002D0E47BBC40>

  File "C:\Users\sword\OneDrive\Desktop\27turtles\sharpy\plans\build_order.py", line 52, in __init__
    self.orders.append(SequentialList(order))
    │    │      │      │              └ [<sharpy.plans.build_step.Step object at 0x000002D0E47BBFA0>, <sharpy.plans.acts.grid_building.GridBuilding object at 0x00000...
    │    │      │      └ <class 'sharpy.plans.sequential_list.SequentialList'>
    │    │      └ <method 'append' of 'list' objects>
    │    └ [<sharpy.plans.tactics.warn_build_macro.WarnBuildMacro object at 0x000002D0E47BBC40>, <sharpy.plans.sequential_list.Sequentia...
    └ <turtles.reactivebio.ReactiveBio object at 0x000002D0E47BBB20>

  File "C:\Users\sword\OneDrive\Desktop\27turtles\sharpy\plans\sequential_list.py", line 23, in __init__
    super().__init__(orders, *argv)
                     │        └ ()
                     └ [<sharpy.plans.build_step.Step object at 0x000002D0E47BBFA0>, <sharpy.plans.acts.grid_building.GridBuilding object at 0x00000...

  File "C:\Users\sword\OneDrive\Desktop\27turtles\sharpy\plans\sub_acts.py", line 31, in __init__
    self.orders.append(merge_to_act(order))
    │    │      │      │            └ <turtles.decisions.unitdecisions.UnitDecisions object at 0x000002D0E47ECB50>
    │    │      │      └ <function merge_to_act at 0x000002D0E2A1D3F0>
    │    │      └ <method 'append' of 'list' objects>
    │    └ [<sharpy.plans.build_step.Step object at 0x000002D0E47BBFA0>, <sharpy.plans.acts.grid_building.GridBuilding object at 0x00000...
    └ <sharpy.plans.sequential_list.SequentialList object at 0x000002D0E47ED000>

  File "C:\Users\sword\OneDrive\Desktop\27turtles\sharpy\plans\acts\methods.py", line 16, in merge_to_act
    assert isinstance(obj, Callable)
                      │    └ typing.Callable
                      └ <turtles.decisions.unitdecisions.UnitDecisions object at 0x000002D0E47ECB50>

AssertionError: assert isinstance(obj, Callable)
2022-11-04 21:22:42.231 | ERROR    | sc2.main:initialize_first_step:141 - Resigning due to previous error
2022-11-04 21:22:42.233 | Result: Defeat
2022-11-04 21:22:42.234 | Duration: 00:00
2022-11-04 21:22:42.235 | Step time avg: 0
2022-11-04 21:22:42.236 | Step time max: 0
2022-11-04 21:22:42.236 | [LostUnitsContents] My lost units minerals and gas: (0, 0)
2022-11-04 21:22:42.237 | [LostUnitsContents] My lost units minerals by score: 0.0
2022-11-04 21:22:42.237 | [LostUnitsContents] Enemy lost units minerals and gas: (0, 0)
2022-11-04 21:22:42.238 | [LostUnitsContents] Enemy lost units minerals by score: 0.0
2022-11-04 21:22:42.238 | [GameAnalyzerEnd] Own units:
2022-11-04 21:22:42.242 | [GameAnalyzerEnd] Enemy units:
2022-11-04 21:22:42.243 | [GameAnalyzerEnd] Minerals max 0 Average 0
2022-11-04 21:22:42.243 | [GameAnalyzerEnd] Vespene max 0 Average 0
2022-11-04 21:22:42.244 | INFO     | sc2.main:_play_game:228 - Result for player 1 - Bot Turtles(Terran): Defeat
2022-11-04 21:22:43.245 | INFO     | sc2.protocol:_execute:72 - Client status changed to Status.launched (was Status.in_game)
2022-11-04 21:22:43.247 | INFO     | sc2.protocol:_execute:72 - Client status changed to Status.quit (was Status.launched)
2022-11-04 21:22:43.249 | INFO     | sc2.sc2process:_close_connection:231 - Closing connection at 63080...
2022-11-04 21:22:43.250 | INFO     | sc2.sc2process:kill_all:33 - kill_switch: Process cleanup for 1 processes
