2022-10-28 15:01:09.711 | INFO     | sc2.protocol:_execute:72 - Client status changed to Status.launched (was None)
2022-10-28 15:01:09.713 | INFO     | sc2.controller:create_game:37 - Creating new game
2022-10-28 15:01:09.714 | INFO     | sc2.controller:create_game:38 - Map:     RomanticideAIE
2022-10-28 15:01:09.716 | INFO     | sc2.controller:create_game:39 - Players: Bot Turtles(Terran), Computer VeryHard(Random, RandomBuild)
2022-10-28 15:01:09.718 | INFO     | sc2.protocol:_execute:72 - Client status changed to Status.init_game (was Status.launched)
2022-10-28 15:01:23.833 | INFO     | sc2.protocol:_execute:72 - Client status changed to Status.in_game (was None)
2022-10-28 15:01:23.835 | INFO     | sc2.main:_play_game:221 - Player 1 - Bot Turtles(Terran)
2022-10-28 15:01:24.449 | 00:00    0ms    0M    0G  12/ 15U [Version] 5.0.10.88500
2022-10-28 15:01:24.451 | 00:00    0ms    0M    0G  12/ 15U [Version] 5.0.6 Balance mod recognized.
2022-10-28 15:01:24.530 | 00:00    0ms    0M    0G  12/ 15U [ZoneManager] Map set to: MapName.RomanticideLE from name: Romanticide AIE and hash: 3756032.
2022-10-28 15:01:25.363 | [Start] My race: Terran
2022-10-28 15:01:25.364 | [Start] Opponent race: Random
2022-10-28 15:01:25.365 | [Start] OpponentId: None
2022-10-28 15:01:25.839 | 00:00   10ms    0M    0G  13/ 15U [GameAnalyzer] Income advantage is now SlightDisadvantage
2022-10-28 15:01:25.918 | 00:01    8ms    0M    0G  13/ 15U [GameAnalyzer] Income advantage is now Even
2022-10-28 15:01:26.275 | 00:04    7ms    0M    0G  13/ 15U [GameAnalyzer] Income advantage is now SlightDisadvantage
2022-10-28 15:01:26.331 | 00:04   19ms   10M    0G  13/ 15U [GameAnalyzer] Income advantage is now Even
2022-10-28 15:01:27.013 | 00:09    7ms   80M    0G  13/ 15U [GameAnalyzer] Income advantage is now SlightDisadvantage
2022-10-28 15:01:27.032 | 00:09   10ms   85M    0G  13/ 15U [GameAnalyzer] Income advantage is now Even
2022-10-28 15:01:27.162 | 00:10   11ms    0M    0G  13/ 15U [GameAnalyzer] Income advantage is now SlightDisadvantage
2022-10-28 15:01:27.181 | 00:11   10ms    5M    0G  13/ 15U [GameAnalyzer] Income advantage is now Even
2022-10-28 15:01:27.422 | 00:13    9ms   15M    0G  13/ 15U [GameAnalyzer] Income advantage is now SlightDisadvantage
2022-10-28 15:01:27.441 | 00:13    8ms   25M    0G  13/ 15U [GameAnalyzer] Income advantage is now Even
2022-10-28 15:01:27.653 | 00:14    8ms    0M    0G  13/ 15U [ActUnit] SCV from COMMANDCENTER at (158.5, 36.5)
2022-10-28 15:01:29.160 | 00:26    9ms  105M    0G  14/ 15U [ActUnit] SCV from COMMANDCENTER at (158.5, 36.5)
2022-10-28 15:01:30.478 | 00:37    7ms   20M    0G  15/ 23U [BuildGas] Building REFINERY to (165.5, 39.5)
2022-10-28 15:01:30.803 | 00:39    8ms    0M    0G  15/ 23U [ActUnit] SCV from COMMANDCENTER at (158.5, 36.5)
2022-10-28 15:01:30.831 | 00:40    8ms    0M    0G  16/ 23U [GameAnalyzer] Income advantage is now SlightDisadvantage
2022-10-28 15:01:30.853 | 00:40    8ms    5M    0G  16/ 23U [GameAnalyzer] Income advantage is now Even
2022-10-28 15:01:31.450 | 00:45    7ms   60M    0G  16/ 23U [GameAnalyzer] Income advantage is now SlightDisadvantage
2022-10-28 15:01:31.469 | 00:45   10ms   65M    0G  16/ 23U [GameAnalyzer] Income advantage is now Even
2022-10-28 15:01:31.874 | 00:48    7ms   85M    0G  16/ 23U [GameAnalyzer] Income advantage is now SlightDisadvantage
2022-10-28 15:01:31.895 | 00:48    9ms  100M    0G  16/ 23U [GameAnalyzer] Income advantage is now Even
2022-10-28 15:01:32.287 | 00:51    7ms   95M    0G  16/ 23U [ActUnit] SCV from COMMANDCENTER at (158.5, 36.5)
2022-10-28 15:01:32.482 | 00:53    7ms  100M    0G  17/ 23U [GameAnalyzer] Income advantage is now SlightDisadvantage
2022-10-28 15:01:32.505 | 00:53    8ms  110M    0G  17/ 23U [GameAnalyzer] Income advantage is now Even
2022-10-28 15:01:33.252 | 00:59    8ms  195M    0G  17/ 23U [GameAnalyzer] Income advantage is now SlightDisadvantage
2022-10-28 15:01:33.277 | 00:59    9ms  200M    0G  17/ 23U [GameAnalyzer] Income advantage is now Even
2022-10-28 15:01:33.807 | 01:04    7ms  200M    0G  17/ 23U [ActUnit] SCV from COMMANDCENTER at (158.5, 36.5)
2022-10-28 15:01:35.473 | 01:16   24ms  310M   32G  18/ 23U [ActUnit] SCV from COMMANDCENTER at (158.5, 36.5)
2022-10-28 15:01:35.535 | 01:16   22ms  310M   32G  19/ 23U [GameAnalyzer] Income advantage is now SlightAdvantage
2022-10-28 15:01:35.754 | 01:17   21ms  315M   36G  19/ 23U [GameAnalyzer] Income advantage is now Even
2022-10-28 15:01:36.111 | 01:19   10ms  340M   40G  19/ 23U [GameAnalyzer] Income advantage is now SlightDisadvantage
2022-10-28 15:01:36.139 | 01:19   15ms  340M   44G  19/ 23U [GameAnalyzer] Income advantage is now Even
2022-10-28 15:01:36.477 | 01:21   12ms  370M   48G  19/ 23U [GameAnalyzer] Income advantage is now SlightDisadvantage
2022-10-28 15:01:36.528 | 01:21   11ms  385M   48G  19/ 23U [GameAnalyzer] Income advantage is now Even
2022-10-28 15:01:36.640 | 01:22   13ms  385M   52G  19/ 23U [EnemyArmyPredicter] Predicting negative free minerals for enemy: -280
2022-10-28 15:01:36.641 | 01:22   13ms  385M   52G  19/ 23U [GameAnalyzer] Income advantage is now SlightDisadvantage
2022-10-28 15:01:36.668 | 01:22   13ms  385M   52G  19/ 23U [GameAnalyzer] Income advantage is now Even
2022-10-28 15:01:36.790 | 01:23   10ms  195M    2G  19/ 23U [TerranUnit] REAPER from BARRACKS at (150.5, 35.5)
2022-10-28 15:01:36.846 | 01:23   11ms  345M    6G  20/ 23U [GameAnalyzer] Income advantage is now SlightDisadvantage
2022-10-28 15:01:36.967 | 01:24   10ms  365M    6G  20/ 23U [GameAnalyzer] Income advantage is now Even
2022-10-28 15:01:36.997 | 01:24   13ms  365M    6G  20/ 23U [GameAnalyzer] Income advantage is now SlightDisadvantage
2022-10-28 15:01:37.023 | 01:25   11ms  370M    6G  20/ 23U [GameAnalyzer] Income advantage is now Even
2022-10-28 15:01:37.118 | 01:25   12ms  380M   10G  20/ 23U [GameAnalyzer] Income advantage is now SlightDisadvantage
2022-10-28 15:01:37.199 | 01:26   10ms  380M   10G  20/ 23U [GameAnalyzer] Income advantage is now Even
2022-10-28 15:01:37.450 | 01:27   11ms  395M   14G  20/ 23U [GameAnalyzer] Income advantage is now SlightDisadvantage
2022-10-28 15:01:37.509 | 01:28   12ms  405M   14G  20/ 23U [GameAnalyzer] Income advantage is now Even
2022-10-28 15:01:37.670 | 01:28   12ms  265M   18G  20/ 23U [GameAnalyzer] Income advantage is now SlightDisadvantage
2022-10-28 15:01:37.726 | 01:29   11ms  275M   18G  20/ 23U [GameAnalyzer] Income advantage is now Even
2022-10-28 15:01:38.029 | 01:31   10ms  300M   22G  20/ 23U [GameAnalyzer] Income advantage is now SlightDisadvantage
2022-10-28 15:01:38.086 | 01:31   10ms  305M   26G  20/ 23U [GameAnalyzer] Income advantage is now Even
2022-10-28 15:01:38.269 | 01:32   11ms  315M   26G  20/ 23U [GameAnalyzer] Income advantage is now SlightDisadvantage
2022-10-28 15:01:38.330 | 01:32   12ms  330M   30G  20/ 23U [GameAnalyzer] Income advantage is now Even
2022-10-28 15:01:38.631 | 01:34   12ms  345M   34G  20/ 23U [GameAnalyzer] Income advantage is now SlightDisadvantage
2022-10-28 15:01:38.657 | 01:34   12ms  345M   34G  20/ 23U [GameAnalyzer] Income advantage is now Even
2022-10-28 15:01:38.692 | 01:34   12ms  345M   34G  20/ 23U [GameAnalyzer] Income advantage is now SlightDisadvantage
2022-10-28 15:01:38.719 | 01:35   14ms  360M   34G  20/ 23U [GameAnalyzer] Income advantage is now Even
2022-10-28 15:01:39.159 | 01:37   12ms  400M   42G  20/ 23U [GameAnalyzer] Income advantage is now SlightDisadvantage
2022-10-28 15:01:39.241 | 01:38   12ms  415M   42G  20/ 23U [GameAnalyzer] Income advantage is now Even
2022-10-28 15:01:40.301 | 01:41   12ms  455M   50G  20/ 23U [GameAnalyzer] Income advantage is now SlightDisadvantage
2022-10-28 15:01:40.334 | 01:41   13ms  460M   54G  20/ 23U [GameAnalyzer] Income advantage is now Even
2022-10-28 15:01:40.455 | 01:42   11ms  475M   54G  20/ 23U [GameAnalyzer] Income advantage is now SlightDisadvantage
2022-10-28 15:01:40.514 | 01:42   11ms  490M   54G  20/ 23U [GameAnalyzer] Income advantage is now Even
2022-10-28 15:01:40.780 | 01:44   11ms  505M   58G  20/ 23U [GameAnalyzer] Income advantage is now SlightDisadvantage
2022-10-28 15:01:40.852 | 01:44   12ms  510M   62G  20/ 23U [GameAnalyzer] Income advantage is now Even
2022-10-28 15:01:41.376 | 01:47   11ms  570M   70G  20/ 23U [GameAnalyzer] Income advantage is now SlightDisadvantage
2022-10-28 15:01:41.432 | 01:48   11ms  575M   70G  20/ 23U [GameAnalyzer] Income advantage is now Even
2022-10-28 15:01:41.751 | 01:50   13ms  605M   74G  20/ 23U [Expand] Expanding to (153.5, 68.5)
2022-10-28 15:01:41.867 | 01:50   11ms  215M   78G  20/ 23U [GameAnalyzer] Income advantage is now SlightDisadvantage
2022-10-28 15:01:41.901 | 01:50   12ms  215M   78G  20/ 23U [GameAnalyzer] Income advantage is now Even
2022-10-28 15:01:41.960 | 01:51   11ms  215M   78G  20/ 23U [GameAnalyzer] Income advantage is now SlightDisadvantage
2022-10-28 15:01:42.044 | 01:51   11ms  230M   78G  20/ 23U [GameAnalyzer] Income advantage is now Even
2022-10-28 15:01:42.107 | 01:52   13ms  235M   82G  20/ 23U [GameAnalyzer] Income advantage is now SlightDisadvantage
2022-10-28 15:01:42.165 | 01:52   11ms  245M   82G  20/ 23U [GameAnalyzer] Income advantage is now Even
2022-10-28 15:01:42.198 | 01:52   14ms  245M   82G  20/ 23U [GameAnalyzer] Income advantage is now SlightDisadvantage
2022-10-28 15:01:42.224 | 01:52   13ms  250M   82G  20/ 23U [GameAnalyzer] Income advantage is now Even
2022-10-28 15:01:42.319 | 01:53   11ms  250M   86G  20/ 23U [GameAnalyzer] Income advantage is now SlightDisadvantage
2022-10-28 15:01:42.320 | 01:53   11ms  200M   86G  20/ 23U [ActUnit] SCV from COMMANDCENTER at (158.5, 36.5)
2022-10-28 15:01:42.395 | 01:53   13ms  200M   86G  21/ 23U [GameAnalyzer] Income advantage is now Even
2022-10-28 15:01:42.480 | 01:54   11ms  205M   86G  21/ 23U [GameAnalyzer] Income advantage is now SlightDisadvantage
2022-10-28 15:01:42.573 | 01:54   11ms  225M   86G  21/ 23U [GameAnalyzer] Income advantage is now Even
2022-10-28 15:01:42.761 | 01:55   11ms  235M   90G  21/ 23U [GameAnalyzer] Income advantage is now SlightDisadvantage
2022-10-28 15:01:42.763 | 01:55   11ms  235M   90G  21/ 23U [GameAnalyzer] Known army advantage is now SlightAdvantage
2022-10-28 15:01:42.763 | 01:55   11ms  235M   90G  21/ 23U [GameAnalyzer] Predicted army advantage is now SlightAdvantage
2022-10-28 15:01:42.766 | 01:55   11ms  235M   90G  21/ 23U [BuildAddon] UnitTypeId.BARRACKSREACTOR to (153.0, 35.0)
2022-10-28 15:01:42.799 | 01:55   23ms  185M   40G  21/ 23U [GameAnalyzer] Income advantage is now Even
2022-10-28 15:01:42.877 | 01:56   14ms   40M   40G  21/ 23U [GameAnalyzer] Income advantage is now SlightDisadvantage
2022-10-28 15:01:42.914 | 01:56   18ms   45M   44G  21/ 23U [GameAnalyzer] Income advantage is now Even
2022-10-28 15:01:43.015 | 01:56   16ms   55M   44G  21/ 23U [GameAnalyzer] Income advantage is now SlightDisadvantage
2022-10-28 15:01:43.081 | 01:57   15ms   60M   44G  21/ 23U [GameAnalyzer] Income advantage is now Even
2022-10-28 15:01:43.120 | 01:57   18ms   65M   44G  21/ 23U [GameAnalyzer] Income advantage is now SlightDisadvantage
2022-10-28 15:01:43.189 | 01:57   15ms   70M   48G  21/ 23U [GameAnalyzer] Income advantage is now Even
2022-10-28 15:01:43.256 | 01:58   15ms   70M   48G  21/ 23U [GameAnalyzer] Income advantage is now SlightDisadvantage
2022-10-28 15:01:43.287 | 01:58   16ms   75M   48G  21/ 23U [GameAnalyzer] Income advantage is now Even
2022-10-28 15:01:43.356 | 01:58   15ms   80M   48G  21/ 23U [GameAnalyzer] Income advantage is now SlightDisadvantage
2022-10-28 15:01:43.429 | 01:59   17ms   80M   48G  21/ 23U [GameAnalyzer] Income advantage is now Even
2022-10-28 15:01:43.629 | 02:00   16ms  100M   52G  21/ 23U [GameAnalyzer] Income advantage is now SlightAdvantage
2022-10-28 15:01:43.671 | 02:00   16ms    0M   52G  21/ 23U [GameAnalyzer] Income advantage is now Even
2022-10-28 15:01:44.623 | 02:05   17ms   95M   68G  21/ 23U [GameAnalyzer] Income advantage is now SlightAdvantage
2022-10-28 15:01:44.625 | 02:05   17ms   45M   68G  21/ 23U [ActUnit] SCV from COMMANDCENTER at (158.5, 36.5)
2022-10-28 15:01:44.663 | 02:05   16ms   45M   68G  22/ 23U [GameAnalyzer] Income advantage is now Even
2022-10-28 15:01:45.465 | 02:10   14ms  130M   80G  22/ 23U [GameAnalyzer] Income advantage is now SlightAdvantage
2022-10-28 15:01:45.500 | 02:10   16ms  130M   80G  22/ 23U [GameAnalyzer] Income advantage is now Even
2022-10-28 15:01:45.981 | 02:12   14ms  175M   88G  22/ 23U [GameAnalyzer] Income advantage is now SlightAdvantage
2022-10-28 15:01:46.019 | 02:12   16ms  175M   88G  22/ 23U [GameAnalyzer] Income advantage is now Even
2022-10-28 15:01:46.154 | 02:13   16ms  175M   88G  22/ 23U [GameAnalyzer] Income advantage is now SlightAdvantage
2022-10-28 15:01:46.189 | 02:13   18ms  175M   88G  22/ 23U [GameAnalyzer] Income advantage is now Even
2022-10-28 15:01:46.257 | 02:14   16ms  185M   92G  22/ 23U [GameAnalyzer] Income advantage is now SlightAdvantage
2022-10-28 15:01:46.295 | 02:14   15ms  190M   92G  22/ 23U [GameAnalyzer] Income advantage is now Even
2022-10-28 15:01:46.879 | 02:17   14ms   35M    0G  22/ 23U [BuildGas] Building REFINERY to (154.5, 29.5)
2022-10-28 15:01:46.982 | 02:17   14ms   40M    0G  22/ 23U [GameAnalyzer] Income advantage is now SlightAdvantage
2022-10-28 15:01:47.014 | 02:17   18ms   40M    0G  22/ 23U [GameAnalyzer] Income advantage is now Even
2022-10-28 15:01:47.182 | 02:18   14ms   50M    4G  22/ 23U [GameAnalyzer] Income advantage is now SlightDisadvantage
2022-10-28 15:01:47.184 | 02:18   14ms    0M    4G  22/ 23U [ActUnit] SCV from COMMANDCENTER at (158.5, 36.5)
2022-10-28 15:01:47.351 | 02:19   13ms   10M    4G  23/ 23U [GameAnalyzer] Income advantage is now Even
2022-10-28 15:01:47.391 | 02:19   15ms   10M    4G  23/ 23U [GameAnalyzer] Income advantage is now SlightDisadvantage
2022-10-28 15:01:47.874 | 02:22   13ms   35M   12G  23/ 23U [GameAnalyzer] Income advantage is now Even
2022-10-28 15:01:47.909 | 02:22   15ms   35M   12G  23/ 23U [GameAnalyzer] Income advantage is now SlightDisadvantage
2022-10-28 15:01:48.411 | 02:24   16ms   95M   16G  23/ 23U [GameAnalyzer] Known army advantage is now SlightDisadvantage
2022-10-28 15:01:48.413 | 02:24   16ms   95M   16G  23/ 23U [GameAnalyzer] Predicted army advantage is now OverwhelmingDisadvantage
2022-10-28 15:01:48.553 | 02:25   43ms  100M   20G  23/ 23U [GameAnalyzer] Income advantage is now SmallDisadvantage
2022-10-28 15:01:48.663 | 02:25   17ms  110M   20G  23/ 23U [GameAnalyzer] Income advantage is now SlightDisadvantage
2022-10-28 15:01:48.705 | 02:26   16ms  110M   20G  23/ 23U [GameAnalyzer] Income advantage is now SmallDisadvantage
2022-10-28 15:01:48.850 | 02:26   14ms  115M   24G  23/ 23U [GameAnalyzer] Income advantage is now SlightDisadvantage
2022-10-28 15:01:48.884 | 02:26   18ms  115M   24G  23/ 31U [GameAnalyzer] Income advantage is now SmallDisadvantage
2022-10-28 15:01:48.922 | 02:27   16ms  120M   24G  23/ 31U [GameAnalyzer] Income advantage is now SlightDisadvantage
2022-10-28 15:01:48.958 | 02:27   16ms  120M   24G  23/ 31U [GameAnalyzer] Income advantage is now SmallDisadvantage
2022-10-28 15:01:49.070 | 02:27   15ms  130M   24G  23/ 31U [GameAnalyzer] Income advantage is now SlightDisadvantage
2022-10-28 15:01:49.103 | 02:28   18ms  135M   28G  23/ 31U [GameAnalyzer] Income advantage is now SmallDisadvantage
2022-10-28 15:01:49.247 | 02:28   15ms  140M   28G  23/ 31U [GameAnalyzer] Income advantage is now SlightDisadvantage
2022-10-28 15:01:49.365 | 02:29   14ms  145M   28G  23/ 31U [GameAnalyzer] Income advantage is now SmallDisadvantage
2022-10-28 15:01:49.513 | 02:30   14ms  165M   32G  23/ 31U [GameAnalyzer] Income advantage is now SlightDisadvantage
2022-10-28 15:01:49.635 | 02:30   14ms  170M   32G  23/ 31U [GameAnalyzer] Income advantage is now SmallDisadvantage
2022-10-28 15:01:49.702 | 02:30   14ms  195M   32G  23/ 31U [GameAnalyzer] Income advantage is now SlightDisadvantage
2022-10-28 15:01:49.704 | 02:30   14ms  145M   32G  23/ 31U [ActUnit] SCV from COMMANDCENTER at (158.5, 36.5)
2022-10-28 15:01:49.863 | 02:31   14ms  100M   36G  24/ 31U [TerranUnit] MARINE from BARRACKS at (150.5, 35.5)
2022-10-28 15:01:49.903 | 02:31   18ms  100M   36G  25/ 31U [GameAnalyzer] Income advantage is now SmallDisadvantage
2022-10-28 15:01:49.906 | 02:31   18ms   50M   36G  25/ 31U [TerranUnit] MARINE from BARRACKS at (150.5, 35.5)
2022-10-28 15:01:49.971 | 02:32   14ms   60M   36G  26/ 31U [GameAnalyzer] Income advantage is now SlightDisadvantage
2022-10-28 15:01:50.117 | 02:32   17ms   70M   40G  26/ 31U [GameAnalyzer] Income advantage is now SmallDisadvantage
2022-10-28 15:01:50.187 | 02:33   15ms   75M   40G  26/ 31U [GameAnalyzer] Income advantage is now SlightDisadvantage
2022-10-28 15:01:50.354 | 02:34   14ms   80M   44G  26/ 31U [GameAnalyzer] Income advantage is now SmallDisadvantage
2022-10-28 15:01:50.424 | 02:34   17ms   95M   44G  26/ 31U [GameAnalyzer] Income advantage is now SlightDisadvantage
2022-10-28 15:01:50.566 | 02:35   14ms  105M   44G  26/ 31U [GameAnalyzer] Income advantage is now SmallDisadvantage
2022-10-28 15:01:50.608 | 02:35   17ms  105M   44G  26/ 31U [GameAnalyzer] Income advantage is now SlightDisadvantage
2022-10-28 15:01:51.272 | 02:38   14ms  165M   56G  26/ 31U [GameAnalyzer] Income advantage is now SmallDisadvantage
2022-10-28 15:01:51.306 | 02:38   18ms  175M   56G  26/ 31U [GameAnalyzer] Income advantage is now SlightDisadvantage
2022-10-28 15:01:51.381 | 02:39   13ms  180M   56G  25/ 31U [GameAnalyzer] Income advantage is now SmallDisadvantage
2022-10-28 15:01:51.418 | 02:39   16ms  190M   56G  25/ 31U [GameAnalyzer] Income advantage is now SlightDisadvantage
2022-10-28 15:01:51.487 | 02:39   13ms  195M   56G  25/ 31U [GameAnalyzer] Income advantage is now SmallDisadvantage
2022-10-28 15:01:51.518 | 02:39   16ms  200M   60G  25/ 31U [GameAnalyzer] Income advantage is now SlightDisadvantage
2022-10-28 15:01:51.825 | 02:41   15ms  215M   64G  25/ 31U [GameAnalyzer] Income advantage is now SmallDisadvantage
2022-10-28 15:01:51.895 | 02:41   13ms  220M   64G  25/ 31U [GameAnalyzer] Income advantage is now SlightDisadvantage
2022-10-28 15:01:52.097 | 02:42   13ms  230M   68G  25/ 31U [GameAnalyzer] Income advantage is now SmallDisadvantage
2022-10-28 15:01:52.133 | 02:43   16ms  230M   68G  25/ 31U [GameAnalyzer] Income advantage is now SlightDisadvantage
2022-10-28 15:01:52.135 | 02:43   16ms  180M   68G  25/ 31U [ActUnit] SCV from COMMANDCENTER at (158.5, 36.5)
2022-10-28 15:01:52.498 | 02:45   13ms  210M   72G  26/ 31U [BuildAddon] UnitTypeId.BARRACKSTECHLAB to (164.0, 45.0)
2022-10-28 15:01:53.218 | 02:48   14ms  240M   67G  26/ 31U [GameAnalyzer] Income advantage is now Even
2022-10-28 15:01:53.285 | 02:49   13ms  240M   67G  26/ 31U [GameAnalyzer] Income advantage is now SlightDisadvantage
2022-10-28 15:01:53.318 | 02:49   16ms  190M   67G  26/ 31U [TerranUnit] MARINE from BARRACKS at (150.5, 35.5)
2022-10-28 15:01:53.360 | 02:49   15ms  190M   67G  27/ 31U [GameAnalyzer] Known army advantage is now Even
2022-10-28 15:01:53.363 | 02:49   15ms  140M   67G  27/ 31U [TerranUnit] MARINE from BARRACKS at (150.5, 35.5)
2022-10-28 15:01:53.587 | 02:50   14ms  170M   71G  28/ 31U [GameAnalyzer] Income advantage is now Even
2022-10-28 15:01:53.652 | 02:51   13ms  170M   75G  28/ 31U [GameAnalyzer] Income advantage is now SlightDisadvantage
2022-10-28 15:01:53.884 | 02:52   13ms  220M   79G  28/ 31U [GameAnalyzer] Income advantage is now Even
2022-10-28 15:01:53.915 | 02:52   16ms  220M   79G  28/ 31U [GameAnalyzer] Income advantage is now SlightDisadvantage
2022-10-28 15:01:54.203 | 02:54   15ms  240M   91G  28/ 31U [GameAnalyzer] Income advantage is now Even
2022-10-28 15:01:54.240 | 02:54   18ms  245M   91G  28/ 31U [GameAnalyzer] Income advantage is now SlightDisadvantage
2022-10-28 15:01:54.370 | 02:55   14ms  205M   95G  28/ 31U [ActUnit] SCV from COMMANDCENTER at (158.5, 36.5)
2022-10-28 15:01:54.473 | 02:55   14ms  215M   99G  29/ 31U [GameAnalyzer] Income advantage is now Even
2022-10-28 15:01:54.540 | 02:56   14ms  215M   99G  29/ 31U [GameAnalyzer] Income advantage is now SlightDisadvantage
2022-10-28 15:01:54.713 | 02:56   15ms  240M  103G  29/ 31U [GameAnalyzer] Income advantage is now Even
2022-10-28 15:01:54.788 | 02:57   14ms  245M  103G  29/ 31U [GameAnalyzer] Income advantage is now SlightDisadvantage
2022-10-28 15:01:54.936 | 02:58   16ms  245M  111G  29/ 31U [GameAnalyzer] Income advantage is now Even
2022-10-28 15:01:54.974 | 02:58   16ms  245M  111G  29/ 31U [GameAnalyzer] Income advantage is now SlightDisadvantage
2022-10-28 15:01:55.044 | 02:58   15ms  250M  111G  29/ 31U [GameAnalyzer] Income advantage is now Even
2022-10-28 15:01:55.077 | 02:58   20ms  255M  115G  29/ 31U [GameAnalyzer] Income advantage is now SlightDisadvantage
2022-10-28 15:01:55.351 | 03:00   16ms  305M  119G  29/ 31U [GameAnalyzer] Income advantage is now Even
2022-10-28 15:01:55.501 | 03:00   14ms  310M  127G  29/ 31U [GameAnalyzer] Income advantage is now SlightDisadvantage
2022-10-28 15:01:55.608 | 03:01   13ms  330M  127G  29/ 31U [GameAnalyzer] Income advantage is now Even
2022-10-28 15:01:55.642 | 03:01   16ms  330M  127G  29/ 31U [GameAnalyzer] Income advantage is now SlightDisadvantage
2022-10-28 15:01:55.720 | 03:01   15ms  340M  135G  29/ 31U [BuildAddon] UnitTypeId.FACTORYREACTOR to (169.0, 42.0)
2022-10-28 15:01:55.827 | 03:02   14ms  290M   85G  29/ 31U [GameAnalyzer] Income advantage is now Even
2022-10-28 15:01:55.861 | 03:02   15ms  290M   85G  29/ 31U [GameAnalyzer] Income advantage is now SlightDisadvantage
2022-10-28 15:01:55.910 | 03:02   17ms  295M   85G  29/ 31U [GameAnalyzer] Income advantage is now Even
2022-10-28 15:01:55.944 | 03:03   15ms  295M   85G  29/ 31U [GameAnalyzer] Income advantage is now SlightDisadvantage
2022-10-28 15:01:55.947 | 03:03   15ms  245M   85G  29/ 31U [TerranUnit] MARINE from BARRACKS at (161.5, 45.5)
2022-10-28 15:01:56.095 | 03:03   14ms  265M   93G  30/ 31U [GameAnalyzer] Income advantage is now Even
2022-10-28 15:01:56.283 | 03:04   18ms  275M   93G  30/ 31U [GameAnalyzer] Income advantage is now SlightDisadvantage
2022-10-28 15:01:56.325 | 03:04   15ms  275M   93G  30/ 31U [GameAnalyzer] Income advantage is now Even
2022-10-28 15:01:56.475 | 03:05   14ms   55M    1G  30/ 31U [GameAnalyzer] Income advantage is now SlightDisadvantage
2022-10-28 15:01:56.823 | 03:06   17ms   90M    9G  30/ 31U [GameAnalyzer] Income advantage is now Even
2022-10-28 15:01:56.917 | 03:07   21ms   90M    9G  30/ 31U [GameAnalyzer] Income advantage is now SlightDisadvantage
2022-10-28 15:01:56.918 | 03:07   21ms   90M    9G  30/ 31U [GameAnalyzer] Known army advantage is now SlightAdvantage
2022-10-28 15:01:56.919 | 03:07   21ms   40M    9G  30/ 31U [ActUnit] SCV from COMMANDCENTER at (158.5, 36.5)
2022-10-28 15:01:57.009 | 03:07   20ms   45M   13G  31/ 31U [GameAnalyzer] Income advantage is now Even
2022-10-28 15:01:57.092 | 03:08   16ms   45M   17G  31/ 31U [GameAnalyzer] Income advantage is now SlightDisadvantage
2022-10-28 15:01:57.331 | 03:08   16ms   60M   17G  31/ 31U [GameAnalyzer] Income advantage is now Even
2022-10-28 15:01:57.547 | 03:09   24ms   65M   25G  31/ 31U [GameAnalyzer] Income advantage is now SlightDisadvantage
2022-10-28 15:01:57.776 | 03:10   15ms   95M   25G  31/ 46U [GameAnalyzer] Income advantage is now Even
2022-10-28 15:01:57.817 | 03:10   17ms   95M   29G  31/ 46U [GameAnalyzer] Income advantage is now SlightDisadvantage
2022-10-28 15:01:57.933 | 03:11   15ms  100M   33G  31/ 46U [GameAnalyzer] Income advantage is now Even
2022-10-28 15:01:58.301 | 03:12   17ms  140M   41G  31/ 46U [GameAnalyzer] Income advantage is now SlightDisadvantage
2022-10-28 15:01:58.385 | 03:13   16ms  145M   41G  31/ 46U [GameAnalyzer] Income advantage is now Even
2022-10-28 15:01:58.614 | 03:14   15ms   15M   49G  31/ 46U [GameAnalyzer] Income advantage is now SlightDisadvantage
2022-10-28 15:01:58.660 | 03:14   16ms   25M   49G  31/ 46U [GameAnalyzer] Income advantage is now Even
2022-10-28 15:01:58.797 | 03:15   15ms   30M   53G  31/ 46U [GameAnalyzer] Income advantage is now SlightDisadvantage
2022-10-28 15:01:58.887 | 03:15   14ms   30M   57G  31/ 46U [GameAnalyzer] Income advantage is now Even
2022-10-28 15:01:59.120 | 03:16   15ms   45M   57G  30/ 46U [GameAnalyzer] Income advantage is now SlightDisadvantage
2022-10-28 15:01:59.185 | 03:16   16ms   55M   61G  30/ 46U [GameAnalyzer] Income advantage is now Even
2022-10-28 15:01:59.186 | 03:16   16ms   55M   61G  30/ 46U [GameAnalyzer] Known army advantage is now Even
2022-10-28 15:01:59.442 | 03:17   14ms   60M   65G  30/ 46U [GameAnalyzer] Income advantage is now SlightDisadvantage
2022-10-28 15:01:59.484 | 03:17   16ms   65M   65G  30/ 46U [GameAnalyzer] Income advantage is now Even
2022-10-28 15:01:59.517 | 03:17   17ms   65M   65G  30/ 46U [GameAnalyzer] Income advantage is now SlightDisadvantage
2022-10-28 15:01:59.556 | 03:18   16ms   70M   69G  30/ 46U [GameAnalyzer] Income advantage is now Even
2022-10-28 15:01:59.634 | 03:18   21ms   75M   73G  30/ 46U [GameAnalyzer] Income advantage is now SlightDisadvantage
2022-10-28 15:01:59.737 | 03:18   18ms   95M   73G  30/ 46U [GameAnalyzer] Income advantage is now Even
2022-10-28 15:01:59.809 | 03:19   15ms   95M   73G  30/ 46U [GameAnalyzer] Income advantage is now SlightDisadvantage
2022-10-28 15:01:59.951 | 03:20   16ms  135M   81G  30/ 46U [GameAnalyzer] Income advantage is now Even
2022-10-28 15:02:00.135 | 03:20   15ms  135M   85G  30/ 46U [GameAnalyzer] Income advantage is now SlightDisadvantage
2022-10-28 15:02:00.137 | 03:20   15ms  135M   85G  30/ 46U [GameAnalyzer] Known army advantage is now SlightAdvantage
2022-10-28 15:02:00.228 | 03:21   15ms  150M   89G  30/ 46U [GameAnalyzer] Income advantage is now Even
2022-10-28 15:02:00.232 | 03:21   15ms  100M   89G  30/ 46U [TerranUnit] MARINE from BARRACKS at (150.5, 35.5)
2022-10-28 15:02:00.383 | 03:21   15ms  110M   89G  31/ 46U [GameAnalyzer] Income advantage is now SlightDisadvantage
2022-10-28 15:02:00.419 | 03:22   18ms  110M   89G  31/ 46U [GameAnalyzer] Income advantage is now Even
2022-10-28 15:02:00.748 | 03:23   14ms  140M   97G  31/ 46U [GameAnalyzer] Income advantage is now SlightDisadvantage
2022-10-28 15:02:00.860 | 03:23   14ms  150M  101G  31/ 46U [Tech] Started STIMPACK
2022-10-28 15:02:00.864 | 03:23   14ms    0M    1G  31/ 46U [TerranUnit] MARINE from BARRACKS at (150.5, 35.5)
2022-10-28 15:02:00.904 | 03:24   19ms    0M    5G  32/ 46U [GameAnalyzer] Income advantage is now Even
2022-10-28 15:02:01.623 | 03:27   15ms   65M   21G  32/ 46U [GameAnalyzer] Income advantage is now SlightDisadvantage
2022-10-28 15:02:01.657 | 03:27   19ms   75M   21G  32/ 46U [GameAnalyzer] Income advantage is now Even
2022-10-28 15:02:01.765 | 03:28   16ms   85M   21G  32/ 46U [GameAnalyzer] Income advantage is now SlightDisadvantage
2022-10-28 15:02:01.843 | 03:28   17ms   40M   25G  32/ 46U [TerranUnit] MARINE from BARRACKS at (161.5, 45.5)
2022-10-28 15:02:01.874 | 03:28   18ms   50M   29G  33/ 46U [GameAnalyzer] Income advantage is now Even
2022-10-28 15:02:02.334 | 03:30   14ms   90M   37G  33/ 46U [GameAnalyzer] Income advantage is now SlightDisadvantage
2022-10-28 15:02:02.405 | 03:31   16ms   95M   41G  33/ 46U [GameAnalyzer] Income advantage is now Even
2022-10-28 15:02:02.626 | 03:32   18ms  105M   45G  33/ 54U [GameAnalyzer] Income advantage is now SlightDisadvantage
2022-10-28 15:02:02.698 | 03:32   15ms  110M   49G  33/ 54U [GameAnalyzer] Income advantage is now Even
2022-10-28 15:02:02.881 | 03:33   15ms  135M   53G  33/ 54U [GameAnalyzer] Income advantage is now SlightDisadvantage
2022-10-28 15:02:02.921 | 03:33   16ms  145M   53G  33/ 54U [GameAnalyzer] Income advantage is now Even
2022-10-28 15:02:03.113 | 03:34   15ms  175M   61G  33/ 54U [GameAnalyzer] Income advantage is now SlightDisadvantage
2022-10-28 15:02:03.151 | 03:34   16ms  180M   61G  33/ 54U [GameAnalyzer] Income advantage is now Even
2022-10-28 15:02:03.328 | 03:35   15ms  200M   65G  33/ 54U [GameAnalyzer] Income advantage is now SlightDisadvantage
2022-10-28 15:02:03.366 | 03:35   16ms  200M   69G  33/ 54U [GameAnalyzer] Income advantage is now Even
2022-10-28 15:02:03.604 | 03:37   16ms  215M   73G  33/ 54U [GameAnalyzer] Income advantage is now SlightDisadvantage
2022-10-28 15:02:03.646 | 03:37   18ms  225M   73G  33/ 54U [GameAnalyzer] Income advantage is now Even
2022-10-28 15:02:03.689 | 03:37   18ms  230M   77G  33/ 54U [GameAnalyzer] Income advantage is now SlightDisadvantage
2022-10-28 15:02:03.730 | 03:37   21ms  240M   77G  33/ 54U [GameAnalyzer] Income advantage is now Even
2022-10-28 15:02:03.734 | 03:37   21ms  165M   52G  33/ 54U [TerranUnit] WIDOWMINE from FACTORY at (166.5, 42.5)
2022-10-28 15:02:03.769 | 03:37   20ms   90M   27G  35/ 54U [TerranUnit] WIDOWMINE from FACTORY at (166.5, 42.5)
2022-10-28 15:02:03.896 | 03:38   17ms   50M   27G  37/ 54U [ActUnit] SCV from COMMANDCENTER at (153.5, 68.5)
2022-10-28 15:02:03.940 | 03:38   20ms    5M   31G  38/ 54U [ActUnit] SCV from COMMANDCENTER at (158.5, 36.5)
2022-10-28 15:02:04.064 | 03:39   17ms   10M   35G  39/ 54U [GameAnalyzer] Known army advantage is now SmallAdvantage
2022-10-28 15:02:04.144 | 03:39   17ms   10M   35G  39/ 54U [GameAnalyzer] Income advantage is now SlightDisadvantage
2022-10-28 15:02:04.183 | 03:39   19ms   15M   35G  39/ 54U [GameAnalyzer] Income advantage is now Even
2022-10-28 15:02:04.468 | 03:40   18ms   40M   43G  39/ 54U [GameAnalyzer] Income advantage is now SlightDisadvantage
2022-10-28 15:02:04.509 | 03:41   19ms   50M   43G  39/ 54U [GameAnalyzer] Income advantage is now Even
2022-10-28 15:02:04.512 | 03:41   19ms    0M   43G  39/ 54U [TerranUnit] MARINE from BARRACKS at (150.5, 35.5)
2022-10-28 15:02:04.686 | 03:41   19ms   35M   51G  40/ 54U [GameAnalyzer] Income advantage is now SlightDisadvantage
2022-10-28 15:02:04.731 | 03:41   23ms   40M   51G  40/ 54U [GameAnalyzer] Income advantage is now Even
2022-10-28 15:02:04.771 | 03:42   20ms   40M   51G  40/ 54U [GameAnalyzer] Income advantage is now SlightDisadvantage
2022-10-28 15:02:04.816 | 03:42   19ms   40M   51G  40/ 54U [GameAnalyzer] Income advantage is now Even
2022-10-28 15:02:04.901 | 03:42   18ms    5M   51G  40/ 54U [TerranUnit] MARINE from BARRACKS at (150.5, 35.5)
2022-10-28 15:02:05.759 | 03:46   19ms   25M   75G  41/ 54U [TerranUnit] MARINE from BARRACKS at (161.5, 45.5)
2022-10-28 15:02:06.259 | 03:48   21ms   10M   83G  42/ 54U [GameAnalyzer] Income advantage is now SlightDisadvantage
2022-10-28 15:02:06.303 | 03:48   18ms   15M   83G  42/ 54U [GameAnalyzer] Income advantage is now Even
2022-10-28 15:02:06.502 | 03:49   19ms   25M   91G  42/ 54U [GameAnalyzer] Income advantage is now SlightDisadvantage
2022-10-28 15:02:06.598 | 03:49   21ms   35M   91G  42/ 54U [GameAnalyzer] Income advantage is now Even
2022-10-28 15:02:06.761 | 03:50   19ms    5M   95G  42/ 54U [ActUnit] SCV from COMMANDCENTER at (153.5, 68.5)
2022-10-28 15:02:07.399 | 03:53   17ms    5M  111G  43/ 54U [ActUnit] SCV from COMMANDCENTER at (158.5, 36.5)
2022-10-28 15:02:07.612 | 03:54   19ms   10M  115G  44/ 54U [GameAnalyzer] Income advantage is now SlightDisadvantage
2022-10-28 15:02:07.649 | 03:54   19ms   45M  115G  44/ 54U [GameAnalyzer] Income advantage is now Even
2022-10-28 15:02:07.821 | 03:55   17ms   85M  123G  44/ 54U [GameAnalyzer] Income advantage is now SlightDisadvantage
2022-10-28 15:02:07.917 | 03:55   19ms  105M  123G  44/ 54U [GameAnalyzer] Income advantage is now Even
2022-10-28 15:02:08.700 | 03:58   17ms  115M  139G  44/ 54U [TerranUnit] MARINE from BARRACKS at (150.5, 35.5)
2022-10-28 15:02:08.740 | 03:59   22ms  120M  139G  45/ 54U [GameAnalyzer] Known army advantage is now ClearAdvantage
2022-10-28 15:02:08.799 | 03:59   20ms  125M  143G  45/ 54U [GameAnalyzer] Predicted army advantage is now ClearDisadvantage
2022-10-28 15:02:09.112 | 04:00   18ms  100M  147G  45/ 54U [TerranUnit] MARINE from BARRACKS at (150.5, 35.5)
2022-10-28 15:02:09.402 | 04:01   18ms   70M   55G  46/ 54U [TerranUnit] MEDIVAC from STARPORT at (166.5, 42.5)
2022-10-28 15:02:09.443 | 04:01   22ms   70M   55G  48/ 54U [GameAnalyzer] Income advantage is now SlightDisadvantage
2022-10-28 15:02:09.489 | 04:01   20ms   70M   55G  48/ 54U [GameAnalyzer] Income advantage is now Even
2022-10-28 15:02:09.671 | 04:02   20ms   35M   63G  48/ 54U [ActUnit] SCV from COMMANDCENTER at (153.5, 68.5)
2022-10-28 15:02:10.062 | 04:04   19ms   20M   71G  49/ 54U [TerranUnit] MARINE from BARRACKS at (161.5, 45.5)
2022-10-28 15:02:10.419 | 04:05   21ms    0M   79G  50/ 54U [ActUnit] SCV from COMMANDCENTER at (158.5, 36.5)
2022-10-28 15:02:12.262 | 04:12   18ms  100M  119G  51/ 54U [BuildAddon] UnitTypeId.FACTORYTECHLAB to (162.0, 48.0)
2022-10-28 15:02:12.264 | 04:12   18ms    0M   19G  51/ 54U [TerranUnit] MEDIVAC from STARPORT at (166.5, 42.5)
2022-10-28 15:02:12.719 | 04:14   17ms   30M  102G  51/ 62U [ActUnit] SCV from COMMANDCENTER at (153.5, 68.5)
2022-10-28 15:02:13.098 | 04:16   18ms   30M   10G  52/ 62U [TerranUnit] MEDIVAC from STARPORT at (166.5, 42.5)
2022-10-28 15:02:13.408 | 04:17   19ms    0M   18G  54/ 62U [ActUnit] SCV from COMMANDCENTER at (158.5, 36.5)
2022-10-28 15:02:14.019 | 04:20   21ms    5M   34G  55/ 62U [TerranUnit] MARINE from BARRACKS at (150.5, 35.5)
2022-10-28 15:02:14.498 | 04:21   20ms    0M   42G  56/ 62U [TerranUnit] MARINE from BARRACKS at (161.5, 45.5)
2022-10-28 15:02:14.829 | 04:23   21ms    0M   50G  57/ 62U [TerranUnit] MARINE from BARRACKS at (150.5, 35.5)
2022-10-28 15:02:15.008 | 04:23   20ms   45M   50G  58/ 62U [GameAnalyzer] Income advantage is now SlightAdvantage
2022-10-28 15:02:15.051 | 04:24   22ms   45M   50G  58/ 62U [GameAnalyzer] Income advantage is now Even
2022-10-28 15:02:15.312 | 04:25   19ms   70M   58G  58/ 62U [GameAnalyzer] Income advantage is now SlightAdvantage
2022-10-28 15:02:15.364 | 04:25   23ms   70M   58G  58/ 62U [GameAnalyzer] Income advantage is now Even
2022-10-28 15:02:16.201 | 04:28   20ms    0M   74G  58/ 62U [ActUnit] SCV from COMMANDCENTER at (153.5, 68.5)
2022-10-28 15:02:16.392 | 04:29   21ms   15M   82G  59/ 62U [GameAnalyzer] Income advantage is now SlightAdvantage
2022-10-28 15:02:16.444 | 04:29   25ms   15M   82G  59/ 62U [GameAnalyzer] Income advantage is now Even
2022-10-28 15:02:16.541 | 04:29   18ms    0M   82G  59/ 62U [ActUnit] SCV from COMMANDCENTER at (158.5, 36.5)
2022-10-28 15:02:16.673 | 04:30   19ms   20M   86G  60/ 62U [GameAnalyzer] Income advantage is now SlightAdvantage
2022-10-28 15:02:16.723 | 04:30   21ms   45M   90G  60/ 62U [GameAnalyzer] Income advantage is now Even
2022-10-28 15:02:17.036 | 04:31   18ms   75M   94G  60/ 62U [GameAnalyzer] Known army advantage is now OverwhelmingAdvantage
2022-10-28 15:02:17.038 | 04:31   18ms   75M   94G  60/ 62U [GameAnalyzer] Predicted army advantage is now SmallDisadvantage
2022-10-28 15:02:17.339 | 04:32   22ms  110M   98G  60/ 62U [GameAnalyzer] Income advantage is now SlightAdvantage
2022-10-28 15:02:17.432 | 04:33   20ms  110M   98G  60/ 62U [GameAnalyzer] Income advantage is now Even
2022-10-28 15:02:17.615 | 04:33   20ms  130M  106G  60/ 62U [GameAnalyzer] Income advantage is now SlightAdvantage
2022-10-28 15:02:17.714 | 04:34   20ms  130M  106G  60/ 62U [GameAnalyzer] Income advantage is now Even
2022-10-28 15:02:17.902 | 04:34   20ms  165M  114G  60/ 70U [GameAnalyzer] Income advantage is now SlightAdvantage
2022-10-28 15:02:17.908 | 04:34   20ms   15M   39G  60/ 70U [TerranUnit] VIKINGFIGHTER from STARPORT at (166.5, 42.5)
2022-10-28 15:02:17.999 | 04:35   20ms   15M   39G  62/ 70U [GameAnalyzer] Income advantage is now Even
2022-10-28 15:02:18.507 | 04:37   22ms   90M   47G  62/ 70U [GameAnalyzer] Income advantage is now SlightAdvantage
2022-10-28 15:02:18.554 | 04:37   23ms  100M   47G  62/ 70U [GameAnalyzer] Income advantage is now Even
2022-10-28 15:02:18.833 | 04:38   20ms    0M   55G  62/ 70U [TerranUnit] MARINE from BARRACKS at (150.5, 35.5)
2022-10-28 15:02:19.017 | 04:39   20ms   15M   59G  63/ 70U [GameAnalyzer] Income advantage is now SlightAdvantage
2022-10-28 15:02:19.083 | 04:39   25ms   15M   63G  63/ 70U [GameAnalyzer] Income advantage is now Even
2022-10-28 15:02:19.375 | 04:40   23ms    0M   63G  63/ 70U [TerranUnit] MARINE from BARRACKS at (161.5, 45.5)
2022-10-28 15:02:19.627 | 04:41   22ms   25M   71G  64/ 70U [GameAnalyzer] Income advantage is now SlightAdvantage
2022-10-28 15:02:19.781 | 04:41   25ms   30M   71G  64/ 70U [GameAnalyzer] Income advantage is now Even
2022-10-28 15:02:19.981 | 04:42   26ms   55M   79G  64/ 70U [GameAnalyzer] Income advantage is now SlightAdvantage
2022-10-28 15:02:19.983 | 04:42   26ms    5M   79G  64/ 70U [ActUnit] SCV from COMMANDCENTER at (153.5, 68.5)
2022-10-28 15:02:20.143 | 04:43   23ms   40M   79G  65/ 70U [GameAnalyzer] Income advantage is now Even
2022-10-28 15:02:20.247 | 04:43   21ms    0M   83G  65/ 70U [ActUnit] SCV from COMMANDCENTER at (158.5, 36.5)
2022-10-28 15:02:20.339 | 04:43   20ms    5M   87G  66/ 70U [GameAnalyzer] Income advantage is now SlightAdvantage
2022-10-28 15:02:20.447 | 04:44   23ms   15M   87G  66/ 70U [GameAnalyzer] Income advantage is now Even
2022-10-28 15:02:20.609 | 04:44   23ms   35M   87G  66/ 70U [GameAnalyzer] Income advantage is now SlightAdvantage
2022-10-28 15:02:20.668 | 04:44   25ms   10M   87G  66/ 70U [TerranUnit] MARINE from BARRACKS at (150.5, 35.5)
2022-10-28 15:02:20.764 | 04:45   22ms   15M   95G  67/ 70U [GameAnalyzer] Income advantage is now Even
2022-10-28 15:02:20.962 | 04:45   21ms   30M   95G  67/ 70U [GameAnalyzer] Income advantage is now SlightAdvantage
2022-10-28 15:02:21.009 | 04:46   23ms   35M   95G  67/ 70U [GameAnalyzer] Income advantage is now Even
2022-10-28 15:02:21.155 | 04:46   22ms   50M  103G  67/ 70U [GameAnalyzer] Income advantage is now SlightAdvantage
2022-10-28 15:02:21.254 | 04:46   22ms   55M  103G  67/ 70U [GameAnalyzer] Income advantage is now Even
2022-10-28 15:02:21.449 | 04:47   21ms   90M  103G  67/ 70U [GameAnalyzer] Income advantage is now SlightAdvantage
2022-10-28 15:02:21.503 | 04:47   25ms   90M  107G  67/ 70U [GameAnalyzer] Income advantage is now Even
2022-10-28 15:02:21.606 | 04:48   21ms    0M   11G  67/ 70U [TerranUnit] MEDIVAC from STARPORT at (166.5, 42.5)
2022-10-28 15:02:21.980 | 04:49   22ms   35M   15G  69/ 70U [GameAnalyzer] Income advantage is now SlightAdvantage
2022-10-28 15:02:22.034 | 04:49   22ms   40M   19G  69/ 70U [GameAnalyzer] Income advantage is now Even
2022-10-28 15:02:22.124 | 04:50   22ms   45M   19G  69/ 70U [GameAnalyzer] Income advantage is now SlightAdvantage
2022-10-28 15:02:22.319 | 04:50   22ms   80M   19G  69/ 70U [GameAnalyzer] Income advantage is now Even
2022-10-28 15:02:22.517 | 04:51   20ms   25M   27G  69/ 70U [GameAnalyzer] Income advantage is now SlightAdvantage
2022-10-28 15:02:22.564 | 04:51   25ms   30M   27G  69/ 70U [GameAnalyzer] Income advantage is now Even
2022-10-28 15:02:22.991 | 04:53   23ms   85M   35G  69/ 78U [GameAnalyzer] Income advantage is now SlightAdvantage
2022-10-28 15:02:23.086 | 04:53   21ms   85M   35G  69/ 78U [GameAnalyzer] Income advantage is now Even
2022-10-28 15:02:23.139 | 04:53   24ms   90M   39G  69/ 78U [GameAnalyzer] Income advantage is now SlightAdvantage
2022-10-28 15:02:23.183 | 04:53   23ms   90M   39G  69/ 78U [GameAnalyzer] Income advantage is now Even
2022-10-28 15:02:23.371 | 04:54   20ms   20M   43G  69/ 78U [GameAnalyzer] Income advantage is now SlightAdvantage
2022-10-28 15:02:23.514 | 04:55   20ms   30M   47G  69/ 78U [GameAnalyzer] Income advantage is now Even
2022-10-28 15:02:23.611 | 04:55   20ms  135M   51G  69/ 78U [GameAnalyzer] Income advantage is now SlightAdvantage
2022-10-28 15:02:23.613 | 04:55   20ms   85M   51G  69/ 78U [ActUnit] SCV from COMMANDCENTER at (153.5, 68.5)
2022-10-28 15:02:23.668 | 04:55   25ms   85M   51G  70/ 78U [GameAnalyzer] Income advantage is now Even
2022-10-28 15:02:23.670 | 04:55   25ms   35M   51G  70/ 78U [ActUnit] SCV from COMMANDCENTER at (158.5, 36.5)
2022-10-28 15:02:23.805 | 04:56   20ms   60M   51G  71/ 78U [GameAnalyzer] Income advantage is now SlightAdvantage
2022-10-28 15:02:23.906 | 04:56   22ms   70M   51G  71/ 78U [GameAnalyzer] Income advantage is now Even
2022-10-28 15:02:23.961 | 04:56   23ms   70M   55G  71/ 78U [GameAnalyzer] Income advantage is now SlightAdvantage
2022-10-28 15:02:24.026 | 04:56   25ms  110M   59G  71/ 78U [GameAnalyzer] Income advantage is now Even
2022-10-28 15:02:24.129 | 04:57   22ms  120M   59G  71/ 78U [GameAnalyzer] Income advantage is now SlightAdvantage
2022-10-28 15:02:24.517 | 04:58   22ms  175M   67G  71/ 78U [GameAnalyzer] Income advantage is now Even
2022-10-28 15:02:24.668 | 04:59   22ms  195M   67G  71/ 78U [GameAnalyzer] Income advantage is now SlightAdvantage
2022-10-28 15:02:24.771 | 04:59   23ms  135M   71G  71/ 86U [BuildGas] Building REFINERY to (157.5, 75.5)
2022-10-28 15:02:24.921 | 05:00   26ms  140M   75G  71/ 86U [GameAnalyzer] Income advantage is now Even
2022-10-28 15:02:24.965 | 05:00   23ms  140M   75G  71/ 86U [GameAnalyzer] Income advantage is now SlightAdvantage
2022-10-28 15:02:25.487 | 05:02   22ms  200M   83G  71/ 86U [GameAnalyzer] Income advantage is now Even
2022-10-28 15:02:25.601 | 05:02   22ms  135M   83G  71/ 86U [BuildGas] Building REFINERY to (160.5, 71.5)
2022-10-28 15:02:25.707 | 05:02   24ms  155M   91G  71/ 86U [GameAnalyzer] Income advantage is now SlightAdvantage
2022-10-28 15:02:25.861 | 05:03   24ms  165M   91G  71/ 86U [GameAnalyzer] Income advantage is now Even
2022-10-28 15:02:26.009 | 05:03   24ms  170M   91G  71/ 86U [GameAnalyzer] Income advantage is now SlightAdvantage
2022-10-28 15:02:26.070 | 05:04   24ms  180M   95G  71/ 86U [GameAnalyzer] Income advantage is now SlightDisadvantage
2022-10-28 15:02:26.182 | 05:04   27ms  190M   99G  71/ 86U [GameAnalyzer] Income advantage is now Even
2022-10-28 15:02:26.290 | 05:04   23ms  220M   99G  71/ 86U [GameAnalyzer] Predicted army advantage is now SlightDisadvantage
2022-10-28 15:02:26.394 | 05:05   25ms  255M   99G  71/ 86U [GameAnalyzer] Predicted army advantage is now Even
2022-10-28 15:02:26.451 | 05:05   27ms  255M   99G  71/ 86U [GameAnalyzer] Income advantage is now SlightDisadvantage
2022-10-28 15:02:26.515 | 05:05   27ms  255M  103G  71/ 86U [Tech] Started SHIELDWALL
2022-10-28 15:02:26.576 | 05:05   30ms  160M    3G  71/ 86U [GameAnalyzer] Income advantage is now SmallDisadvantage
2022-10-28 15:02:26.635 | 05:05   25ms  170M    7G  71/ 86U [GameAnalyzer] Income advantage is now SlightDisadvantage
2022-10-28 15:02:26.741 | 05:06   24ms  195M    7G  71/ 86U [GameAnalyzer] Income advantage is now Even
2022-10-28 15:02:26.800 | 05:06   25ms  195M    7G  71/ 86U [GameAnalyzer] Income advantage is now SlightDisadvantage
2022-10-28 15:02:27.113 | 05:07   24ms  235M   15G  71/ 86U [GameAnalyzer] Income advantage is now Even
2022-10-28 15:02:27.170 | 05:07   27ms  235M   15G  71/ 86U [GameAnalyzer] Income advantage is now SlightDisadvantage
2022-10-28 15:02:27.172 | 05:07   27ms  185M   15G  71/ 86U [ActUnit] SCV from COMMANDCENTER at (153.5, 68.5)
2022-10-28 15:02:27.230 | 05:07   26ms  195M   15G  72/ 86U [GameAnalyzer] Income advantage is now Even
2022-10-28 15:02:27.232 | 05:07   26ms  145M   15G  72/ 86U [ActUnit] SCV from COMMANDCENTER at (158.5, 36.5)
2022-10-28 15:02:27.289 | 05:08   27ms  145M   15G  73/ 86U [GameAnalyzer] Income advantage is now SlightDisadvantage
2022-10-28 15:02:27.336 | 05:08   27ms  145M   15G  73/ 86U [GameAnalyzer] Income advantage is now Even
2022-10-28 15:02:27.499 | 05:08   25ms  150M   23G  73/ 86U [GameAnalyzer] Income advantage is now SlightDisadvantage
2022-10-28 15:02:27.546 | 05:08   26ms  160M   23G  73/ 86U [GameAnalyzer] Income advantage is now Even
2022-10-28 15:02:27.939 | 05:10   27ms  195M   31G  73/ 86U [GameAnalyzer] Income advantage is now SlightDisadvantage
2022-10-28 15:02:28.004 | 05:10   28ms  200M   31G  73/ 86U [GameAnalyzer] Known army advantage is now ClearAdvantage
2022-10-28 15:02:28.389 | 05:11   26ms  245M   35G  73/ 86U [GameAnalyzer] Income advantage is now Even
2022-10-28 15:02:28.496 | 05:11   24ms  255M   39G  73/ 86U [GameAnalyzer] Income advantage is now SlightDisadvantage
2022-10-28 15:02:28.560 | 05:12   25ms  255M   39G  73/ 86U [GameAnalyzer] Income advantage is now SmallDisadvantage
2022-10-28 15:02:28.665 | 05:12   25ms  295M   39G  73/ 86U [GameAnalyzer] Income advantage is now SlightDisadvantage
2022-10-28 15:02:28.719 | 05:12   23ms  305M   39G  73/ 86U [GameAnalyzer] Income advantage is now Even
2022-10-28 15:02:28.878 | 05:13   22ms  310M   47G  73/ 86U [GameAnalyzer] Income advantage is now SlightDisadvantage
2022-10-28 15:02:28.973 | 05:13   23ms  310M   47G  73/ 86U [GameAnalyzer] Income advantage is now Even
2022-10-28 15:02:29.127 | 05:14   24ms  325M   47G  73/ 86U [GameAnalyzer] Income advantage is now SlightDisadvantage
2022-10-28 15:02:29.231 | 05:14   23ms  340M   51G  73/ 86U [GameAnalyzer] Income advantage is now Even
2022-10-28 15:02:29.236 | 05:14   23ms  240M   26G  73/ 86U [TerranUnit] MARAUDER from BARRACKS at (161.5, 45.5)
2022-10-28 15:02:29.438 | 05:15   23ms  260M   30G  75/ 86U [GameAnalyzer] Income advantage is now SlightDisadvantage
2022-10-28 15:02:29.637 | 05:15   23ms  280M   34G  75/ 86U [GameAnalyzer] Income advantage is now Even
2022-10-28 15:02:29.788 | 05:16   21ms  310M   38G  75/ 94U [GameAnalyzer] Income advantage is now SlightDisadvantage
2022-10-28 15:02:29.889 | 05:16   24ms  315M   38G  75/ 94U [GameAnalyzer] Income advantage is now Even
2022-10-28 15:02:29.937 | 05:16   23ms  315M   38G  75/ 94U [GameAnalyzer] Income advantage is now SlightDisadvantage
2022-10-28 15:02:29.990 | 05:17   23ms  330M   38G  75/ 94U [GameAnalyzer] Income advantage is now Even
2022-10-28 15:02:30.051 | 05:17   28ms  335M   42G  75/ 94U [GameAnalyzer] Income advantage is now SlightDisadvantage
2022-10-28 15:02:30.093 | 05:17   24ms  335M   42G  75/ 94U [GameAnalyzer] Income advantage is now Even
2022-10-28 15:02:30.520 | 05:18   24ms  365M   50G  75/ 94U [GameAnalyzer] Income advantage is now SlightDisadvantage
2022-10-28 15:02:30.633 | 05:19   25ms  385M   54G  75/ 94U [GameAnalyzer] Income advantage is now Even
2022-10-28 15:02:30.806 | 05:19   24ms  370M   54G  75/ 94U [ActUnit] SCV from COMMANDCENTER at (153.5, 68.5)
2022-10-28 15:02:30.870 | 05:20   28ms  320M   54G  76/ 94U [ActUnit] SCV from COMMANDCENTER at (158.5, 36.5)
2022-10-28 15:02:31.214 | 05:20   25ms  255M   62G  77/ 94U [GameAnalyzer] Income advantage is now SlightDisadvantage
2022-10-28 15:02:31.274 | 05:21   28ms  260M   62G  77/ 94U [GameAnalyzer] Income advantage is now Even
2022-10-28 15:02:31.523 | 05:21   25ms  285M   66G  77/ 94U [GameAnalyzer] Income advantage is now SlightDisadvantage
2022-10-28 15:02:31.585 | 05:21   30ms  285M   70G  77/ 94U [GameAnalyzer] Income advantage is now Even
2022-10-28 15:02:31.651 | 05:22   28ms  290M   70G  77/ 94U [GameAnalyzer] Income advantage is now SlightDisadvantage
2022-10-28 15:02:31.707 | 05:22   27ms  300M   70G  77/ 94U [GameAnalyzer] Income advantage is now Even
2022-10-28 15:02:32.949 | 05:26   23ms  410M   86G  77/ 94U [Expand] Expanding to (131.5, 45.5)
2022-10-28 15:02:34.252 | 05:30   24ms  105M  122G  77/ 94U [TerranUnit] MARINE from BARRACKS at (150.5, 35.5)
2022-10-28 15:02:34.400 | 05:30   24ms  110M  130G  78/ 94U [GameAnalyzer] Predicted army advantage is now SlightDisadvantage
2022-10-28 15:02:34.750 | 05:31   23ms   90M  130G  78/ 94U [ActUnit] SCV from COMMANDCENTER at (153.5, 68.5)
2022-10-28 15:02:34.755 | 05:31   23ms   40M  130G  78/ 94U [TerranUnit] MARINE from BARRACKS at (150.5, 35.5)
2022-10-28 15:02:34.904 | 05:32   22ms   15M  142G  80/ 94U [ActUnit] SCV from COMMANDCENTER at (158.5, 36.5)
2022-10-28 15:02:35.268 | 05:33   23ms   45M  154G  81/ 94U [GameAnalyzer] Income advantage is now SmallAdvantage
2022-10-28 15:02:35.329 | 05:33   26ms   45M  154G  81/ 94U [GameAnalyzer] Income advantage is now SlightAdvantage
2022-10-28 15:02:35.431 | 05:34   23ms   80M  158G  81/ 94U [GameAnalyzer] Income advantage is now SmallAdvantage
2022-10-28 15:02:35.533 | 05:34   23ms   85M  158G  81/ 94U [GameAnalyzer] Income advantage is now SlightAdvantage
2022-10-28 15:02:35.595 | 05:34   26ms  100M  158G  81/ 94U [GameAnalyzer] Income advantage is now SmallAdvantage
2022-10-28 15:02:35.662 | 05:35   27ms  100M  162G  81/ 94U [GameAnalyzer] Income advantage is now SlightAdvantage
2022-10-28 15:02:35.824 | 05:35   27ms  120M  166G  81/ 94U [GameAnalyzer] Income advantage is now SmallAdvantage
2022-10-28 15:02:35.930 | 05:35   23ms  130M  170G  81/ 94U [GameAnalyzer] Income advantage is now SlightAdvantage
2022-10-28 15:02:35.931 | 05:35   23ms  130M  170G  81/ 94U [GameAnalyzer] Predicted army advantage is now Even
2022-10-28 15:02:35.937 | 05:35   23ms   30M  145G  81/ 94U [TerranUnit] MARAUDER from BARRACKS at (161.5, 45.5)
2022-10-28 15:02:35.989 | 05:36   29ms   35M  145G  83/ 94U [GameAnalyzer] Income advantage is now SmallAdvantage
2022-10-28 15:02:36.048 | 05:36   26ms   45M  145G  83/ 94U [GameAnalyzer] Income advantage is now SlightAdvantage
2022-10-28 15:02:36.100 | 05:36   25ms   45M  149G  83/ 94U [GameAnalyzer] Income advantage is now SmallAdvantage
2022-10-28 15:02:36.338 | 05:37   27ms   65M  157G  83/ 94U [GameAnalyzer] Income advantage is now SlightAdvantage
2022-10-28 15:02:36.547 | 05:37   25ms   90M  161G  83/ 94U [GameAnalyzer] Income advantage is now SmallAdvantage
2022-10-28 15:02:36.728 | 05:38   26ms   95M  169G  83/ 94U [GameAnalyzer] Income advantage is now SlightAdvantage
2022-10-28 15:02:36.792 | 05:38   26ms  110M  169G  83/ 94U [GameAnalyzer] Income advantage is now SmallAdvantage
2022-10-28 15:02:36.966 | 05:39   25ms  120M  177G  83/ 94U [GameAnalyzer] Income advantage is now SlightAdvantage
2022-10-28 15:02:37.022 | 05:39   28ms  135M  177G  83/ 94U [GameAnalyzer] Income advantage is now SmallAdvantage
2022-10-28 15:02:37.084 | 05:39   26ms  135M  181G  83/ 94U [GameAnalyzer] Income advantage is now SlightAdvantage
2022-10-28 15:02:37.237 | 05:40   24ms  140M  185G  83/ 94U [GameAnalyzer] Income advantage is now SmallAdvantage
2022-10-28 15:02:37.505 | 05:40   26ms  165M  197G  83/ 94U [GameAnalyzer] Income advantage is now SlightAdvantage
2022-10-28 15:02:37.549 | 05:41   26ms  165M  197G  83/ 94U [GameAnalyzer] Income advantage is now SmallAdvantage
2022-10-28 15:02:37.611 | 05:41   26ms  210M  201G  83/ 94U [GameAnalyzer] Predicted army advantage is now SlightDisadvantage
2022-10-28 15:02:37.618 | 05:41   26ms  110M  101G  83/ 94U [TerranUnit] MEDIVAC from STARPORT at (166.5, 42.5)
2022-10-28 15:02:37.782 | 05:41   26ms   20M  109G  85/ 94U [GameAnalyzer] Income advantage is now SlightAdvantage
2022-10-28 15:02:37.998 | 05:42   25ms   40M  113G  85/ 94U [GameAnalyzer] Income advantage is now SmallAdvantage
2022-10-28 15:02:38.046 | 05:42   25ms   40M  117G  85/ 94U [GameAnalyzer] Income advantage is now SlightAdvantage
2022-10-28 15:02:38.103 | 05:42   25ms   50M  117G  85/ 94U [GameAnalyzer] Income advantage is now SmallAdvantage
2022-10-28 15:02:38.204 | 05:43   23ms   50M  125G  85/ 94U [GameAnalyzer] Income advantage is now SlightAdvantage
2022-10-28 15:02:38.305 | 05:43   26ms   75M  125G  85/ 94U [GameAnalyzer] Income advantage is now SmallAdvantage
2022-10-28 15:02:38.364 | 05:43   26ms   75M  125G  85/ 94U [GameAnalyzer] Income advantage is now SlightAdvantage
2022-10-28 15:02:38.465 | 05:44   26ms   35M  133G  85/ 94U [ActUnit] SCV from COMMANDCENTER at (153.5, 68.5)
2022-10-28 15:02:38.513 | 05:44   25ms   40M  133G  86/ 94U [GameAnalyzer] Income advantage is now SmallAdvantage
2022-10-28 15:02:38.732 | 05:45   27ms    5M  141G  86/102U [ActUnit] SCV from COMMANDCENTER at (158.5, 36.5)
2022-10-28 15:02:39.675 | 05:48   24ms   90M  177G  87/102U [GameAnalyzer] Income advantage is now SlightAdvantage
2022-10-28 15:02:39.676 | 05:48   24ms   90M  177G  87/102U [GameAnalyzer] Predicted army advantage is now Even
2022-10-28 15:02:39.682 | 05:48   24ms   40M  177G  87/102U [TerranUnit] MARINE from BARRACKS at (150.5, 35.5)
2022-10-28 15:02:39.794 | 05:48   27ms   85M  181G  88/102U [GameAnalyzer] Income advantage is now SmallAdvantage
2022-10-28 15:02:39.913 | 05:48   27ms   95M  181G  88/102U [GameAnalyzer] Income advantage is now SlightAdvantage
2022-10-28 15:02:39.960 | 05:49   26ms   95M  189G  88/102U [GameAnalyzer] Income advantage is now SmallAdvantage
2022-10-28 15:02:40.183 | 05:49   24ms  110M  193G  88/102U [GameAnalyzer] Known army advantage is now OverwhelmingAdvantage
2022-10-28 15:02:40.302 | 05:50   26ms  120M  197G  88/102U [GameAnalyzer] Income advantage is now SlightAdvantage
2022-10-28 15:02:40.405 | 05:50   26ms  140M  201G  88/102U [GameAnalyzer] Income advantage is now SmallAdvantage
2022-10-28 15:02:40.469 | 05:50   26ms  105M  205G  88/102U [TerranUnit] MARINE from BARRACKS at (150.5, 35.5)
2022-10-28 15:02:40.745 | 05:51   27ms  120M  213G  89/102U [GameAnalyzer] Predicted army advantage is now SlightDisadvantage
2022-10-28 15:02:41.053 | 05:52   25ms  145M  221G  89/102U [GameAnalyzer] Income advantage is now SlightAdvantage
2022-10-28 15:02:41.109 | 05:52   28ms  160M  225G  89/102U [GameAnalyzer] Income advantage is now SmallAdvantage
2022-10-28 15:02:41.407 | 05:53   25ms  185M  237G  89/102U [GameAnalyzer] Income advantage is now SlightAdvantage
2022-10-28 15:02:41.512 | 05:53   25ms  195M  237G  89/102U [GameAnalyzer] Income advantage is now SmallAdvantage
2022-10-28 15:02:41.922 | 05:55   28ms  235M  253G  89/102U [GameAnalyzer] Income advantage is now SlightAdvantage
2022-10-28 15:02:42.039 | 05:55   27ms  250M  253G  89/102U [GameAnalyzer] Income advantage is now SmallAdvantage
2022-10-28 15:02:42.045 | 05:55   27ms  100M  128G  89/102U [TerranUnit] SIEGETANK from FACTORY at (159.5, 48.5)
2022-10-28 15:02:42.258 | 05:56   27ms   65M  136G  92/102U [ActUnit] SCV from COMMANDCENTER at (153.5, 68.5)
2022-10-28 15:02:42.437 | 05:56   27ms   70M  144G  93/102U [GameAnalyzer] Income advantage is now SlightAdvantage
2022-10-28 15:02:42.491 | 05:56   29ms   85M  144G  93/102U [GameAnalyzer] Income advantage is now SmallAdvantage
2022-10-28 15:02:42.558 | 05:57   30ms   40M  148G  93/102U [ActUnit] SCV from COMMANDCENTER at (158.5, 36.5)
2022-10-28 15:02:42.625 | 05:57   28ms   45M  152G  94/102U [GameAnalyzer] Predicted army advantage is now Even
2022-10-28 15:02:44.000 | 06:01   27ms   60M  192G  94/102U [GameAnalyzer] Income advantage is now SlightAdvantage
2022-10-28 15:02:44.111 | 06:01   26ms   75M  196G  94/102U [GameAnalyzer] Income advantage is now SmallAdvantage
2022-10-28 15:02:44.231 | 06:01   26ms   95M  200G  94/102U [GameAnalyzer] Predicted army advantage is now SlightDisadvantage
2022-10-28 15:02:44.480 | 06:02   27ms    0M  183G  94/102U [TerranUnit] MARAUDER from BARRACKS at (161.5, 45.5)
2022-10-28 15:02:44.963 | 06:04   24ms   60M  199G  96/102U [GameAnalyzer] Income advantage is now Even
2022-10-28 15:02:45.183 | 06:04   26ms   65M  207G  96/102U [GameAnalyzer] Income advantage is now SlightAdvantage
2022-10-28 15:02:45.246 | 06:05   29ms   65M  207G  96/102U [GameAnalyzer] Income advantage is now Even
2022-10-28 15:02:45.533 | 06:05   28ms  110M  219G  96/102U [GameAnalyzer] Income advantage is now SlightAdvantage
2022-10-28 15:02:45.593 | 06:06   30ms  115M  219G  96/102U [GameAnalyzer] Predicted army advantage is now Even
2022-10-28 15:02:45.661 | 06:06   30ms  125M  223G  96/110U [GameAnalyzer] Income advantage is now Even
2022-10-28 15:02:45.928 | 06:06   28ms  140M  231G  96/110U [GameAnalyzer] Income advantage is now SlightAdvantage
2022-10-28 15:02:45.999 | 06:07   32ms  140M  231G  96/110U [GameAnalyzer] Income advantage is now Even
2022-10-28 15:02:46.001 | 06:07   32ms  140M  231G  96/110U [GameAnalyzer] Predicted army advantage is now SlightDisadvantage
2022-10-28 15:02:46.062 | 06:07   33ms  145M  231G  96/110U [GameAnalyzer] Income advantage is now SlightAdvantage
2022-10-28 15:02:46.129 | 06:07   29ms  100M  235G  96/110U [TerranUnit] MARINE from BARRACKS at (150.5, 35.5)
2022-10-28 15:02:46.189 | 06:07   30ms  110M  239G  97/110U [GameAnalyzer] Income advantage is now Even
2022-10-28 15:02:46.538 | 06:08   28ms   85M  247G  97/110U [ActUnit] SCV from COMMANDCENTER at (153.5, 68.5)
2022-10-28 15:02:46.626 | 06:08   31ms   40M  247G  98/110U [TerranUnit] MARINE from BARRACKS at (150.5, 35.5)
2022-10-28 15:02:46.694 | 06:08   36ms   40M  247G  99/110U [GameAnalyzer] Income advantage is now SlightAdvantage
2022-10-28 15:02:46.893 | 06:09   33ms    0M  255G  99/110U [ActUnit] SCV from COMMANDCENTER at (158.5, 36.5)
2022-10-28 15:02:47.177 | 06:10   30ms   15M  263G 100/110U [GameAnalyzer] Income advantage is now Even
2022-10-28 15:02:47.391 | 06:10   28ms   50M  267G 100/110U [GameAnalyzer] Income advantage is now SlightAdvantage
2022-10-28 15:02:47.585 | 06:11   31ms   65M  271G 100/110U [GameAnalyzer] Income advantage is now Even
2022-10-28 15:02:47.654 | 06:11   30ms   65M  279G 100/110U [GameAnalyzer] Predicted army advantage is now Even
2022-10-28 15:02:47.786 | 06:11   34ms   70M  279G 100/110U [GameAnalyzer] Income advantage is now SlightAdvantage
2022-10-28 15:02:48.050 | 06:12   31ms   90M  287G 100/110U [GameAnalyzer] Income advantage is now Even
2022-10-28 15:02:48.052 | 06:12   31ms   90M  287G 100/110U [GameAnalyzer] Known army advantage is now ClearAdvantage
2022-10-28 15:02:48.177 | 06:12   29ms  110M  295G 100/110U [GameAnalyzer] Income advantage is now SlightAdvantage
2022-10-28 15:02:48.362 | 06:13   28ms  125M  295G 100/110U [GameAnalyzer] Income advantage is now Even
2022-10-28 15:02:48.552 | 06:13   30ms  135M  303G 100/110U [GameAnalyzer] Income advantage is now SlightAdvantage
2022-10-28 15:02:48.738 | 06:14   29ms  145M  311G 100/110U [GameAnalyzer] Income advantage is now Even
2022-10-28 15:02:48.800 | 06:14   31ms  155M  311G 100/110U [GameAnalyzer] Income advantage is now SlightAdvantage
2022-10-28 15:02:48.862 | 06:14   32ms  160M  311G 100/110U [GameAnalyzer] Income advantage is now Even
2022-10-28 15:02:48.990 | 06:15   29ms  185M  319G 100/110U [GameAnalyzer] Income advantage is now SlightAdvantage
2022-10-28 15:02:49.055 | 06:15   33ms  195M  319G 100/110U [GameAnalyzer] Income advantage is now Even
2022-10-28 15:02:49.304 | 06:15   31ms  210M  327G 100/110U [GameAnalyzer] Income advantage is now SlightAdvantage
2022-10-28 15:02:49.376 | 06:16   34ms  210M  327G 100/110U [GameAnalyzer] Income advantage is now Even
2022-10-28 15:02:49.645 | 06:16   34ms  240M  335G 100/110U [GameAnalyzer] Income advantage is now SlightAdvantage
2022-10-28 15:02:49.782 | 06:17   30ms  100M  193G 100/110U [TerranUnit] LIBERATOR from STARPORT at (166.5, 42.5)
2022-10-28 15:02:49.848 | 06:17   34ms  110M  193G 103/110U [GameAnalyzer] Income advantage is now Even
2022-10-28 15:02:49.917 | 06:17   32ms   10M  193G 103/110U [GameAnalyzer] Predicted army advantage is now SlightDisadvantage
2022-10-28 15:02:49.982 | 06:17   32ms   15M  197G 103/110U [GameAnalyzer] Income advantage is now SlightAdvantage
2022-10-28 15:02:50.107 | 06:18   28ms   20M  201G 103/110U [GameAnalyzer] Income advantage is now Even
2022-10-28 15:02:50.234 | 06:18   30ms   35M  201G 103/110U [GameAnalyzer] Income advantage is now SlightAdvantage
2022-10-28 15:02:50.423 | 06:18   30ms   50M  209G 103/110U [GameAnalyzer] Income advantage is now Even
2022-10-28 15:02:50.958 | 06:20   28ms   95M  225G 103/110U [GameAnalyzer] Income advantage is now SlightAdvantage
2022-10-28 15:02:51.023 | 06:20   30ms   55M  225G 103/110U [ActUnit] SCV from COMMANDCENTER at (153.5, 68.5)
2022-10-28 15:02:51.223 | 06:21   30ms   65M  233G 104/110U [GameAnalyzer] Income advantage is now Even
2022-10-28 15:02:51.346 | 06:21   27ms   80M  233G 104/110U [GameAnalyzer] Income advantage is now SlightAdvantage
2022-10-28 15:02:51.348 | 06:21   27ms   30M  233G 104/110U [ActUnit] SCV from COMMANDCENTER at (158.5, 36.5)
2022-10-28 15:02:51.637 | 06:22   29ms   50M  245G 105/110U [GameAnalyzer] Income advantage is now Even
2022-10-28 15:02:51.773 | 06:22   29ms   60M  249G 105/118U [GameAnalyzer] Income advantage is now SlightAdvantage
2022-10-28 15:02:51.980 | 06:23   27ms   60M  257G 105/118U [GameAnalyzer] Income advantage is now Even
2022-10-28 15:02:52.123 | 06:23   29ms   80M  257G 105/118U [GameAnalyzer] Income advantage is now SlightAdvantage
2022-10-28 15:02:52.393 | 06:24   28ms  110M  265G 105/118U [GameAnalyzer] Income advantage is now Even
2022-10-28 15:02:52.395 | 06:24   28ms  110M  265G 105/118U [GameAnalyzer] Known army advantage is now OverwhelmingAdvantage
2022-10-28 15:02:52.401 | 06:24   28ms  110M  265G 105/118U [Tech] Started PUNISHERGRENADES
2022-10-28 15:02:52.593 | 06:24   29ms   75M  223G 105/118U [GameAnalyzer] Income advantage is now SlightAdvantage
2022-10-28 15:02:52.922 | 06:25   29ms    0M  206G 105/118U [TerranUnit] MARAUDER from BARRACKS at (161.5, 45.5)
2022-10-28 15:02:52.985 | 06:25   32ms    0M  206G 107/118U [GameAnalyzer] Income advantage is now Even
2022-10-28 15:02:53.186 | 06:26   30ms   25M  214G 107/118U [GameAnalyzer] Income advantage is now SlightAdvantage
2022-10-28 15:02:53.887 | 06:28   32ms   60M  234G 107/118U [GameAnalyzer] Income advantage is now Even
2022-10-28 15:02:53.957 | 06:28   31ms   80M  234G 107/118U [GameAnalyzer] Income advantage is now SlightAdvantage
2022-10-28 15:02:54.031 | 06:28   31ms   90M  238G 107/118U [GameAnalyzer] Income advantage is now Even
2022-10-28 15:02:54.097 | 06:28   36ms   95M  238G 107/118U [GameAnalyzer] Income advantage is now SlightAdvantage
2022-10-28 15:02:54.442 | 06:29   32ms  115M  250G 107/118U [GameAnalyzer] Income advantage is now Even
2022-10-28 15:02:54.586 | 06:29   30ms  130M  254G 107/118U [GameAnalyzer] Income advantage is now SlightAdvantage
2022-10-28 15:02:54.672 | 06:30   41ms   10M  254G 107/118U [GameAnalyzer] Income advantage is now Even
2022-10-28 15:02:54.903 | 06:30   29ms   25M  262G 107/118U [GameAnalyzer] Income advantage is now SlightAdvantage
2022-10-28 15:02:55.110 | 06:31   32ms   45M  266G 107/118U [GameAnalyzer] Income advantage is now Even
2022-10-28 15:02:55.172 | 06:31   32ms   45M  270G 107/118U [GameAnalyzer] Income advantage is now SlightAdvantage
2022-10-28 15:02:55.763 | 06:32   33ms   40M  286G 107/118U [ActUnit] SCV from COMMANDCENTER at (153.5, 68.5)
2022-10-28 15:02:55.839 | 06:32   36ms   40M  286G 108/118U [GameAnalyzer] Income advantage is now Even
2022-10-28 15:02:55.905 | 06:33   31ms   45M  286G 108/118U [GameAnalyzer] Income advantage is now SlightAdvantage
2022-10-28 15:02:56.042 | 06:33   31ms   55M  294G 108/118U [GameAnalyzer] Income advantage is now Even
2022-10-28 15:02:56.109 | 06:33   32ms   60M  294G 108/118U [GameAnalyzer] Income advantage is now SlightAdvantage
2022-10-28 15:02:56.110 | 06:33   32ms   10M  294G 108/118U [ActUnit] SCV from COMMANDCENTER at (158.5, 36.5)
2022-10-28 15:02:56.522 | 06:34   30ms   45M  302G 109/118U [GameAnalyzer] Income advantage is now Even
2022-10-28 15:02:56.590 | 06:34   35ms   50M  310G 109/118U [GameAnalyzer] Income advantage is now SlightAdvantage
2022-10-28 15:02:56.715 | 06:35   30ms   65M  310G 109/118U [GameAnalyzer] Income advantage is now SmallAdvantage
2022-10-28 15:02:56.846 | 06:35   32ms   70M  314G 109/118U [GameAnalyzer] Income advantage is now SlightAdvantage
2022-10-28 15:02:57.517 | 06:37   31ms   25M  334G 109/118U [GameAnalyzer] Income advantage is now Even
2022-10-28 15:02:57.652 | 06:37   32ms   40M  342G 109/118U [GameAnalyzer] Income advantage is now SlightAdvantage
2022-10-28 15:02:58.108 | 06:38   29ms   80M  350G 109/118U [GameAnalyzer] Income advantage is now Even
2022-10-28 15:03:00.343 | 06:44   28ms   80M  414G 109/126U [ActUnit] SCV from COMMANDCENTER at (153.5, 68.5)
2022-10-28 15:03:00.411 | 06:45   30ms   85M  414G 110/126U [GameAnalyzer] Income advantage is now SlightAdvantage
2022-10-28 15:03:00.478 | 06:45   36ms   90M  422G 110/141U [GameAnalyzer] Income advantage is now SmallAdvantage
2022-10-28 15:03:00.550 | 06:45   31ms   90M  422G 110/141U [GameAnalyzer] Income advantage is now SlightAdvantage
2022-10-28 15:03:00.934 | 06:46   29ms  130M  430G 110/141U [GameAnalyzer] Income advantage is now SmallAdvantage
2022-10-28 15:03:01.062 | 06:46   33ms  135M  438G 110/141U [GameAnalyzer] Income advantage is now SlightAdvantage
2022-10-28 15:03:01.126 | 06:46   30ms  145M  438G 110/141U [GameAnalyzer] Income advantage is now SmallAdvantage
2022-10-28 15:03:01.335 | 06:47   30ms  150M  446G 110/141U [GameAnalyzer] Income advantage is now SlightAdvantage
2022-10-28 15:03:01.538 | 06:48   30ms    5M  454G 110/141U [GameAnalyzer] Income advantage is now SmallAdvantage
2022-10-28 15:03:01.606 | 06:48   30ms    5M  454G 110/141U [GameAnalyzer] Income advantage is now SlightAdvantage
2022-10-28 15:03:01.673 | 06:48   38ms   15M  454G 110/141U [GameAnalyzer] Income advantage is now SmallAdvantage
2022-10-28 15:03:01.818 | 06:48   30ms   35M  458G 110/141U [GameAnalyzer] Income advantage is now SlightAdvantage
2022-10-28 15:03:01.886 | 06:48   36ms   40M  462G 110/141U [GameAnalyzer] Income advantage is now SmallAdvantage
2022-10-28 15:03:01.967 | 06:49   32ms   40M  462G 110/141U [GameAnalyzer] Income advantage is now SlightAdvantage
2022-10-28 15:03:02.040 | 06:49   35ms   55M  462G 110/141U [GameAnalyzer] Income advantage is now SmallAdvantage
2022-10-28 15:03:02.422 | 06:50   32ms   75M  474G 110/141U [GameAnalyzer] Income advantage is now SlightAdvantage
2022-10-28 15:03:02.556 | 06:50   32ms   95M  478G 110/141U [GameAnalyzer] Income advantage is now SmallAdvantage
2022-10-28 15:03:02.699 | 06:50   30ms    0M  457G 110/141U [TerranUnit] MARAUDER from BARRACKS at (161.5, 45.5)
2022-10-28 15:03:02.763 | 06:51   35ms    5M  461G 112/141U [GameAnalyzer] Income advantage is now SlightAdvantage
2022-10-28 15:03:02.899 | 06:51   30ms   25M  461G 112/141U [GameAnalyzer] Income advantage is now SmallAdvantage
2022-10-28 15:03:03.282 | 06:52   30ms   50M  477G 112/141U [GameAnalyzer] Income advantage is now SlightAdvantage
2022-10-28 15:03:03.290 | 06:52   30ms    0M  477G 112/141U [TerranUnit] MARINE from BARRACKS at (150.5, 35.5)
2022-10-28 15:03:03.353 | 06:52   36ms   10M  477G 113/141U [GameAnalyzer] Income advantage is now SmallAdvantage
2022-10-28 15:03:03.424 | 06:52   34ms   15M  477G 113/141U [GameAnalyzer] Income advantage is now SlightAdvantage
2022-10-28 15:03:03.756 | 06:53   30ms   50M  485G 113/141U [GameAnalyzer] Income advantage is now SmallAdvantage
2022-10-28 15:03:03.763 | 06:53   30ms    0M  485G 113/141U [TerranUnit] MARINE from BARRACKS at (150.5, 35.5)
2022-10-28 15:03:03.833 | 06:53   31ms    5M  493G 114/141U [GameAnalyzer] Income advantage is now SlightAdvantage
2022-10-28 15:03:03.969 | 06:54   31ms   20M  493G 114/141U [GameAnalyzer] Income advantage is now Even
2022-10-28 15:03:04.030 | 06:54   30ms   25M  493G 114/141U [GameAnalyzer] Income advantage is now SlightAdvantage
2022-10-28 15:03:04.159 | 06:54   30ms   35M  501G 114/141U [GameAnalyzer] Income advantage is now SmallAdvantage
2022-10-28 15:03:04.351 | 06:55   32ms   55M  509G 114/141U [GameAnalyzer] Income advantage is now SlightAdvantage
2022-10-28 15:03:04.544 | 06:55   32ms   75M  509G 114/141U [GameAnalyzer] Income advantage is now SmallAdvantage
2022-10-28 15:03:04.677 | 06:56   30ms   85M  517G 114/141U [GameAnalyzer] Income advantage is now SlightAdvantage
2022-10-28 15:03:04.873 | 06:56   29ms  115M  517G 114/141U [GameAnalyzer] Income advantage is now SmallAdvantage
2022-10-28 15:03:05.135 | 06:57   32ms  140M  529G 114/141U [GameAnalyzer] Income advantage is now SlightAdvantage
2022-10-28 15:03:05.280 | 06:57   32ms    0M  408G 114/141U [TerranUnit] SIEGETANK from FACTORY at (159.5, 48.5)
2022-10-28 15:03:05.402 | 06:58   29ms   30M  408G 117/141U [GameAnalyzer] Income advantage is now SmallAdvantage
2022-10-28 15:03:05.668 | 06:58   30ms   50M  420G 117/141U [GameAnalyzer] Income advantage is now SlightAdvantage
2022-10-28 15:03:05.798 | 06:59   30ms   70M  424G 117/141U [GameAnalyzer] Income advantage is now SmallAdvantage
2022-10-28 15:03:06.127 | 07:00   34ms  100M  432G 117/149U [Tech] Started TERRANINFANTRYWEAPONSLEVEL1
2022-10-28 15:03:07.059 | 07:02   31ms  100M  356G 117/149U [GameAnalyzer] Income advantage is now SlightAdvantage
2022-10-28 15:03:07.193 | 07:03   30ms  125M  364G 117/149U [GameAnalyzer] Income advantage is now SmallAdvantage
2022-10-28 15:03:07.404 | 07:03   30ms    0M  218G 117/149U [TerranUnit] LIBERATOR from STARPORT at (166.5, 42.5)
2022-10-28 15:03:07.536 | 07:03   34ms   15M  222G 120/149U [GameAnalyzer] Income advantage is now SlightAdvantage
2022-10-28 15:03:07.631 | 07:04   61ms   25M  222G 120/149U [GameAnalyzer] Known army advantage is now ClearAdvantage
2022-10-28 15:03:07.632 | 07:04   61ms   25M  222G 120/149U [GameAnalyzer] Predicted army advantage is now Even
2022-10-28 15:03:07.696 | 07:04   34ms   40M  230G 120/149U [GameAnalyzer] Income advantage is now SmallAdvantage
2022-10-28 15:03:08.399 | 07:06   35ms   85M  246G 120/149U [GameAnalyzer] Income advantage is now SlightAdvantage
2022-10-28 15:03:08.482 | 07:06   35ms  105M  246G 120/149U [GameAnalyzer] Income advantage is now SmallAdvantage
2022-10-28 15:03:08.840 | 07:07   34ms  150M  262G 120/149U [Tech] Started TERRANINFANTRYARMORSLEVEL1
2022-10-28 15:03:08.844 | 07:07   34ms    0M  112G 120/149U [TerranUnit] LIBERATOR from STARPORT at (166.5, 42.5)
2022-10-28 15:03:09.678 | 07:09   34ms  140M  182G 120/149U [GameAnalyzer] Predicted army advantage is now SlightAdvantage
2022-10-28 15:03:09.751 | 07:09   34ms    0M   32G 120/149U [TerranUnit] LIBERATOR from STARPORT at (166.5, 42.5)
2022-10-28 15:03:10.387 | 07:11   36ms   15M   52G 123/149U [TerranUnit] MARINE from BARRACKS at (150.5, 35.5)
2022-10-28 15:03:10.606 | 07:11   32ms    0M   60G 124/149U [TerranUnit] MARINE from BARRACKS at (150.5, 35.5)
2022-10-28 15:03:11.114 | 07:12   33ms    5M   68G 125/149U [ActUnit] SCV from COMMANDCENTER at (131.5, 45.5)
2022-10-28 15:03:11.706 | 07:14   33ms   10M   84G 126/149U [ActUnit] SCV from COMMANDCENTER at (153.5, 68.5)
2022-10-28 15:03:12.082 | 07:15   35ms    5M   96G 127/149U [ActUnit] SCV from COMMANDCENTER at (158.5, 36.5)
2022-10-28 15:03:12.576 | 07:16   32ms   20M  108G 128/149U [TerranUnit] MARINE from BARRACKS at (161.5, 45.5)
2022-10-28 15:03:15.918 | 07:24   33ms   90M  204G 129/149U [GameAnalyzer] Predicted army advantage is now Even
2022-10-28 15:03:15.988 | 07:25   36ms   45M  204G 129/149U [ActUnit] SCV from COMMANDCENTER at (131.5, 45.5)
2022-10-28 15:03:16.133 | 07:25   36ms   60M  204G 130/149U [GameAnalyzer] Income advantage is now SlightAdvantage
2022-10-28 15:03:16.202 | 07:25   34ms   75M  208G 130/149U [GameAnalyzer] Income advantage is now SmallAdvantage
2022-10-28 15:03:16.847 | 07:27   31ms   30M  224G 130/149U [GameAnalyzer] Income advantage is now SlightAdvantage
2022-10-28 15:03:16.917 | 07:27   33ms   45M  228G 130/149U [GameAnalyzer] Income advantage is now SmallAdvantage
2022-10-28 15:03:16.997 | 07:27   36ms   20M  228G 130/149U [ActUnit] SCV from COMMANDCENTER at (153.5, 68.5)
2022-10-28 15:03:17.369 | 07:28   32ms    5M  240G 131/149U [ActUnit] SCV from COMMANDCENTER at (158.5, 36.5)
2022-10-28 15:03:17.801 | 07:29   36ms   45M  252G 132/149U [GameAnalyzer] Predicted army advantage is now SlightAdvantage
2022-10-28 15:03:17.885 | 07:29   38ms    5M  252G 132/149U [TerranUnit] MARINE from BARRACKS at (150.5, 35.5)
2022-10-28 15:03:18.322 | 07:30   36ms    0M  268G 133/149U [TerranUnit] MARINE from BARRACKS at (150.5, 35.5)
2022-10-28 15:03:18.692 | 07:31   34ms   40M  276G 134/149U [GameAnalyzer] Income advantage is now ClearAdvantage
2022-10-28 15:03:18.767 | 07:31   38ms   40M  276G 134/149U [GameAnalyzer] Income advantage is now SmallAdvantage
2022-10-28 15:03:18.923 | 07:32   35ms   45M  276G 134/149U [GameAnalyzer] Income advantage is now SlightAdvantage
2022-10-28 15:03:18.995 | 07:32   38ms   55M  284G 134/149U [GameAnalyzer] Income advantage is now SmallAdvantage
2022-10-28 15:03:19.366 | 07:33   37ms  105M  292G 134/149U [GameAnalyzer] Income advantage is now SlightAdvantage
2022-10-28 15:03:19.513 | 07:33   36ms  120M  292G 134/149U [GameAnalyzer] Income advantage is now SmallAdvantage
2022-10-28 15:03:19.749 | 07:34   34ms    0M  175G 134/149U [TerranUnit] SIEGETANK from FACTORY at (159.5, 48.5)
2022-10-28 15:03:20.134 | 07:35   35ms    0M  183G 137/149U [TerranUnit] MARINE from BARRACKS at (161.5, 45.5)
2022-10-28 15:03:20.208 | 07:35   34ms    5M  191G 138/149U [GameAnalyzer] Predicted army advantage is now Even
2022-10-28 15:03:21.036 | 07:37   37ms   40M  207G 138/149U [ActUnit] SCV from COMMANDCENTER at (131.5, 45.5)
2022-10-28 15:03:21.446 | 07:38   35ms   75M  215G 139/149U [GameAnalyzer] Income advantage is now ClearAdvantage
2022-10-28 15:03:21.524 | 07:38   38ms   80M  223G 139/149U [GameAnalyzer] Income advantage is now SmallAdvantage
2022-10-28 15:03:22.143 | 07:39   34ms   50M  239G 139/149U [GameAnalyzer] Income advantage is now SlightAdvantage
2022-10-28 15:03:22.145 | 07:39   34ms    0M  239G 139/149U [ActUnit] SCV from COMMANDCENTER at (153.5, 68.5)
2022-10-28 15:03:22.217 | 07:39   40ms   10M  239G 140/149U [GameAnalyzer] Income advantage is now SmallAdvantage
2022-10-28 15:03:22.356 | 07:40   34ms   25M  243G 140/149U [GameAnalyzer] Income advantage is now ClearAdvantage
2022-10-28 15:03:22.431 | 07:40   37ms   30M  243G 140/149U [GameAnalyzer] Income advantage is now SmallAdvantage
2022-10-28 15:03:22.676 | 07:40   37ms    5M  247G 140/149U [ActUnit] SCV from COMMANDCENTER at (158.5, 36.5)
2022-10-28 15:03:22.819 | 07:41   35ms   20M  255G 141/149U [GameAnalyzer] Income advantage is now ClearAdvantage
2022-10-28 15:03:22.966 | 07:41   35ms   40M  255G 141/149U [GameAnalyzer] Income advantage is now SmallAdvantage
2022-10-28 15:03:23.411 | 07:42   33ms   80M  271G 141/149U [GameAnalyzer] Income advantage is now ClearAdvantage
2022-10-28 15:03:23.487 | 07:42   36ms   85M  271G 141/149U [GameAnalyzer] Income advantage is now SmallAdvantage
2022-10-28 15:03:23.645 | 07:43   36ms   90M  275G 141/149U [GameAnalyzer] Income advantage is now SlightAdvantage
2022-10-28 15:03:23.715 | 07:43   35ms  110M  279G 141/149U [GameAnalyzer] Income advantage is now SmallAdvantage
2022-10-28 15:03:24.159 | 07:44   34ms   45M  287G 141/149U [GameAnalyzer] Income advantage is now SlightAdvantage
2022-10-28 15:03:24.230 | 07:44   40ms   75M  291G 141/149U [GameAnalyzer] Income advantage is now SmallAdvantage
2022-10-28 15:03:24.824 | 07:46   33ms  135M  307G 141/149U [GameAnalyzer] Income advantage is now ClearAdvantage
2022-10-28 15:03:24.979 | 07:46   35ms  140M  311G 141/149U [GameAnalyzer] Income advantage is now SmallAdvantage
2022-10-28 15:03:24.981 | 07:46   35ms  140M  311G 141/149U [GameAnalyzer] Known army advantage is now OverwhelmingAdvantage
2022-10-28 15:03:25.144 | 07:46   36ms    0M  161G 141/149U [TerranUnit] LIBERATOR from STARPORT at (166.5, 42.5)
2022-10-28 15:03:25.527 | 07:47   35ms   95M  173G 144/149U [TerranUnit] MARINE from BARRACKS at (150.5, 35.5)
2022-10-28 15:03:25.912 | 07:48   35ms   95M  185G 145/149U [TerranUnit] MARINE from BARRACKS at (150.5, 35.5)
2022-10-28 15:03:26.307 | 07:49   44ms   20M  193G 146/149U [GameAnalyzer] Income advantage is now SlightAdvantage
2022-10-28 15:03:26.383 | 07:49   38ms   25M  193G 146/149U [GameAnalyzer] Income advantage is now SmallAdvantage
2022-10-28 15:03:26.464 | 07:49   40ms   55M  193G 146/149U [GameAnalyzer] Income advantage is now ClearAdvantage
2022-10-28 15:03:26.466 | 07:49   40ms    5M  193G 146/149U [ActUnit] SCV from COMMANDCENTER at (131.5, 45.5)
2022-10-28 15:03:26.544 | 07:50   41ms   10M  201G 147/149U [GameAnalyzer] Income advantage is now SmallAdvantage
2022-10-28 15:03:27.302 | 07:51   38ms   25M  217G 147/157U [ActUnit] SCV from COMMANDCENTER at (153.5, 68.5)
2022-10-28 15:03:27.775 | 07:52   36ms   85M  233G 148/157U [GameAnalyzer] Predicted army advantage is now SlightAdvantage
2022-10-28 15:03:27.784 | 07:52   36ms   35M  233G 148/157U [TerranUnit] MARINE from BARRACKS at (161.5, 45.5)
2022-10-28 15:03:27.945 | 07:53   43ms    0M  233G 149/157U [ActUnit] SCV from COMMANDCENTER at (158.5, 36.5)
2022-10-28 15:03:28.056 | 07:53   37ms   15M  233G 150/157U [GameAnalyzer] Income advantage is now ClearAdvantage
2022-10-28 15:03:28.212 | 07:53   37ms   20M  241G 150/157U [GameAnalyzer] Income advantage is now SmallAdvantage
2022-10-28 15:03:28.731 | 07:54   46ms   80M  249G 150/157U [GameAnalyzer] Income advantage is now ClearAdvantage
2022-10-28 15:03:28.819 | 07:55   42ms   85M  253G 150/157U [GameAnalyzer] Income advantage is now SmallAdvantage
2022-10-28 15:03:29.229 | 07:55   40ms  120M  265G 150/157U [GameAnalyzer] Income advantage is now ClearAdvantage
2022-10-28 15:03:29.231 | 07:55   40ms  120M  265G 150/157U [GameAnalyzer] Predicted army advantage is now Even
2022-10-28 15:03:29.397 | 07:56   37ms  135M  265G 150/157U [GameAnalyzer] Income advantage is now SmallAdvantage
2022-10-28 15:03:29.659 | 07:56   37ms   10M  123G 150/157U [TerranUnit] LIBERATOR from STARPORT at (166.5, 42.5)
2022-10-28 15:03:29.728 | 07:56   40ms   20M  123G 153/157U [GameAnalyzer] Income advantage is now ClearAdvantage
2022-10-28 15:03:29.810 | 07:57   37ms   25M  123G 153/157U [GameAnalyzer] Income advantage is now SmallAdvantage
2022-10-28 15:03:29.961 | 07:57   41ms   35M  131G 153/157U [GameAnalyzer] Income advantage is now ClearAdvantage
2022-10-28 15:03:30.196 | 07:58   38ms   55M  135G 153/157U [GameAnalyzer] Income advantage is now SmallAdvantage
2022-10-28 15:03:30.590 | 07:58   40ms  105M  147G 153/157U [GameAnalyzer] Income advantage is now ClearAdvantage
2022-10-28 15:03:30.752 | 07:59   37ms  125M  147G 153/157U [GameAnalyzer] Income advantage is now SmallAdvantage
2022-10-28 15:03:30.980 | 07:59   37ms  155M  155G 153/157U [GameAnalyzer] Income advantage is now ClearAdvantage
2022-10-28 15:03:31.061 | 08:00   38ms  160M  155G 153/157U [GameAnalyzer] Income advantage is now SmallAdvantage
2022-10-28 15:03:31.138 | 08:00   40ms  175M  163G 153/157U [GameAnalyzer] Income advantage is now ClearAdvantage
2022-10-28 15:03:31.296 | 08:00   35ms  180M  163G 153/157U [GameAnalyzer] Income advantage is now SmallAdvantage
2022-10-28 15:03:31.819 | 08:01   37ms  115M   79G 153/157U [GameAnalyzer] Income advantage is now ClearAdvantage
2022-10-28 15:03:31.901 | 08:01   36ms   75M   79G 153/157U [ActUnit] SCV from COMMANDCENTER at (131.5, 45.5)
2022-10-28 15:03:31.983 | 08:02   37ms   75M   79G 154/157U [GameAnalyzer] Income advantage is now SmallAdvantage
2022-10-28 15:03:32.760 | 08:03   39ms   10M   99G 154/157U [ActUnit] SCV from COMMANDCENTER at (153.5, 68.5)
2022-10-28 15:03:32.849 | 08:04   38ms   15M  103G 155/157U [GameAnalyzer] Income advantage is now Even
2022-10-28 15:03:33.452 | 08:05   47ms   20M  115G 155/157U [ActUnit] SCV from COMMANDCENTER at (158.5, 36.5)
2022-10-28 15:03:33.879 | 08:06   39ms    5M  127G 156/165U [TerranUnit] MARINE from BARRACKS at (150.5, 35.5)
2022-10-28 15:03:34.111 | 08:06   39ms   35M  131G 157/165U [GameAnalyzer] Income advantage is now SlightAdvantage
2022-10-28 15:03:34.280 | 08:07   42ms   45M  135G 157/165U [GameAnalyzer] Income advantage is now Even
2022-10-28 15:03:34.456 | 08:07   40ms    5M  135G 157/165U [TerranUnit] MARINE from BARRACKS at (150.5, 35.5)
2022-10-28 15:03:35.737 | 08:10   44ms    5M   42G 158/165U [TerranUnit] SIEGETANK from FACTORY at (159.5, 48.5)
2022-10-28 15:03:36.246 | 08:11   43ms   40M   54G 161/173U [GameAnalyzer] Income advantage is now SlightAdvantage
2022-10-28 15:03:36.335 | 08:11   45ms   45M   58G 161/173U [GameAnalyzer] Income advantage is now Even
2022-10-28 15:03:36.433 | 08:11   42ms   50M   58G 161/173U [BuildAddon] UnitTypeId.BARRACKSREACTOR to (151.0, 29.0)
2022-10-28 15:03:36.435 | 08:11   42ms   50M   58G 161/173U [BuildAddon] UnitTypeId.BARRACKSTECHLAB to (151.0, 29.0)
2022-10-28 15:03:36.437 | 08:11   42ms    0M   58G 161/173U [TerranUnit] MARINE from BARRACKS at (161.5, 45.5)
2022-10-28 15:03:37.032 | 08:12   40ms   70M   24G 161/173U [GameAnalyzer] Income advantage is now SlightAdvantage
2022-10-28 15:03:37.122 | 08:13   45ms   75M   24G 161/173U [GameAnalyzer] Income advantage is now Even
2022-10-28 15:03:37.290 | 08:13   40ms   90M   24G 161/173U [GameAnalyzer] Income advantage is now SlightAdvantage
2022-10-28 15:03:37.372 | 08:13   44ms   90M   32G 161/173U [GameAnalyzer] Income advantage is now Even
2022-10-28 15:03:38.038 | 08:15   40ms   15M   48G 161/173U [ActUnit] SCV from COMMANDCENTER at (131.5, 45.5)
2022-10-28 15:03:38.201 | 08:15   39ms   30M   48G 162/173U [GameAnalyzer] Income advantage is now SlightAdvantage
2022-10-28 15:03:38.460 | 08:15   41ms   50M   56G 162/173U [GameAnalyzer] Income advantage is now Even
2022-10-28 15:03:38.473 | 08:15   41ms   50M   56G 162/173U [BuildAddon] UnitTypeId.BARRACKSREACTOR to (156.0, 24.0)
2022-10-28 15:03:38.475 | 08:15   41ms   50M   56G 162/173U [BuildAddon] UnitTypeId.BARRACKSTECHLAB to (156.0, 24.0)
2022-10-28 15:03:38.476 | 08:15   41ms    0M   56G 162/173U [TerranUnit] MARINE from BARRACKS at (161.5, 45.5)
2022-10-28 15:03:38.976 | 08:16   38ms   30M   14G 162/173U [ActUnit] SCV from COMMANDCENTER at (153.5, 68.5)
2022-10-28 15:03:39.316 | 08:17   42ms    0M   22G 163/173U [ActUnit] SCV from COMMANDCENTER at (158.5, 36.5)
2022-10-28 15:03:40.561 | 08:20   37ms   40M   54G 164/173U [GameAnalyzer] Income advantage is now SlightAdvantage
2022-10-28 15:03:40.656 | 08:20   41ms    0M   54G 164/173U [TerranUnit] MARINE from BARRACKS at (161.5, 45.5)
2022-10-28 15:03:40.738 | 08:20   39ms    5M   54G 165/173U [GameAnalyzer] Income advantage is now Even
2022-10-28 15:03:41.060 | 08:21   39ms   45M   66G 165/173U [GameAnalyzer] Income advantage is now SlightAdvantage
2022-10-28 15:03:41.142 | 08:21   43ms   45M   66G 165/173U [GameAnalyzer] Income advantage is now Even
2022-10-28 15:03:41.414 | 08:22   41ms   60M   70G 165/173U [GameAnalyzer] Income advantage is now SlightAdvantage
2022-10-28 15:03:41.579 | 08:22   39ms   70M   78G 165/173U [GameAnalyzer] Income advantage is now Even
2022-10-28 15:03:42.340 | 08:24   40ms   35M   94G 165/173U [TerranUnit] MARINE from BARRACKS at (150.5, 35.5)
2022-10-28 15:03:43.185 | 08:25   42ms    5M  114G 166/173U [TerranUnit] MARINE from BARRACKS at (150.5, 35.5)
2022-10-28 15:03:43.852 | 08:27   41ms    0M  130G 167/173U [ActUnit] SCV from COMMANDCENTER at (131.5, 45.5)
2022-10-28 15:03:44.747 | 08:29   45ms   35M  150G 168/173U [ActUnit] SCV from COMMANDCENTER at (153.5, 68.5)
2022-10-28 15:03:45.108 | 08:29   42ms   30M  158G 169/173U [ActUnit] SCV from COMMANDCENTER at (158.5, 36.5)
2022-10-28 15:03:45.389 | 08:30   42ms   30M   12G 170/181U [TerranUnit] LIBERATOR from STARPORT at (166.5, 42.5)
2022-10-28 15:03:45.846 | 08:31   46ms  170M   24G 173/181U [GameAnalyzer] Income advantage is now SlightAdvantage
2022-10-28 15:03:45.942 | 08:31   46ms   80M   24G 173/181U [GameAnalyzer] Income advantage is now Even
2022-10-28 15:03:46.205 | 08:31   42ms  120M   28G 173/181U [GameAnalyzer] Income advantage is now SlightAdvantage
2022-10-28 15:03:46.403 | 08:32   46ms   35M   32G 173/181U [GameAnalyzer] Income advantage is now Even
2022-10-28 15:03:46.779 | 08:33   42ms   65M   40G 173/181U [GameAnalyzer] Income advantage is now SlightAdvantage
2022-10-28 15:03:47.091 | 08:33   47ms   95M   48G 173/181U [GameAnalyzer] Income advantage is now Even
2022-10-28 15:03:47.933 | 08:35   46ms  195M   64G 173/181U [BuildGas] Building REFINERY to (138.5, 48.5)
2022-10-28 15:03:48.011 | 08:35   52ms  215M   64G 173/181U [GameAnalyzer] Income advantage is now SlightAdvantage
2022-10-28 15:03:48.194 | 08:35   42ms  230M   72G 173/181U [GameAnalyzer] Income advantage is now Even
2022-10-28 15:03:49.548 | 08:38   41ms  285M   71G 173/181U [TerranUnit] MARAUDER from BARRACKS at (161.5, 45.5)
2022-10-28 15:03:49.717 | 08:38   45ms  295M   79G 175/181U [GameAnalyzer] Income advantage is now SlightAdvantage
2022-10-28 15:03:49.905 | 08:39   46ms  340M   83G 175/181U [GameAnalyzer] Income advantage is now Even
2022-10-28 15:03:50.085 | 08:39   43ms  300M   87G 175/181U [ActUnit] SCV from COMMANDCENTER at (131.5, 45.5)
2022-10-28 15:03:50.175 | 08:39   46ms  310M   87G 176/181U [GameAnalyzer] Income advantage is now SlightAdvantage
2022-10-28 15:03:50.273 | 08:39   49ms  310M   87G 176/181U [GameAnalyzer] Income advantage is now Even
2022-10-28 15:03:50.543 | 08:40   45ms  355M   95G 176/181U [GameAnalyzer] Income advantage is now SlightAdvantage
2022-10-28 15:03:50.725 | 08:40   43ms  370M   99G 176/181U [GameAnalyzer] Income advantage is now Even
2022-10-28 15:03:50.813 | 08:40   47ms  380M  103G 176/181U [GameAnalyzer] Income advantage is now SlightAdvantage
2022-10-28 15:03:50.912 | 08:41   45ms  240M    3G 176/181U [GameAnalyzer] Income advantage is now Even
2022-10-28 15:03:51.002 | 08:41   44ms  195M    3G 176/181U [ActUnit] SCV from COMMANDCENTER at (153.5, 68.5)
2022-10-28 15:03:51.089 | 08:41   45ms  195M   11G 177/181U [GameAnalyzer] Income advantage is now SlightAdvantage
2022-10-28 15:03:51.367 | 08:41   47ms  170M   11G 177/181U [ActUnit] SCV from COMMANDCENTER at (158.5, 36.5)
2022-10-28 15:03:51.548 | 08:42   43ms  180M   19G 178/181U [GameAnalyzer] Income advantage is now Even
2022-10-28 15:03:51.653 | 08:42   47ms  150M   19G 178/181U [TerranUnit] MARINE from BARRACKS at (150.5, 35.5)
2022-10-28 15:03:51.826 | 08:42   42ms  165M   19G 179/181U [GameAnalyzer] Income advantage is now SlightAdvantage
2022-10-28 15:03:51.930 | 08:43   47ms  175M   27G 179/181U [GameAnalyzer] Income advantage is now Even
2022-10-28 15:03:52.024 | 08:43   56ms  190M   27G 179/181U [GameAnalyzer] Income advantage is now SlightAdvantage
2022-10-28 15:03:52.311 | 08:43   44ms  175M   31G 179/181U [TerranUnit] MARINE from BARRACKS at (150.5, 35.5)
2022-10-28 15:03:52.496 | 08:44   45ms  195M   35G 180/181U [GameAnalyzer] Income advantage is now Even
2022-10-28 15:03:53.056 | 08:45   45ms  255M   47G 180/189U [GameAnalyzer] Income advantage is now SlightAdvantage
2022-10-28 15:03:53.154 | 08:45   45ms  260M   51G 180/189U [GameAnalyzer] Income advantage is now Even
2022-10-28 15:03:53.168 | 08:45   45ms  185M   51G 180/189U [BuildGas] Building REFINERY to (129.5, 38.5)
2022-10-28 15:03:53.656 | 08:46   45ms  250M   59G 180/189U [GameAnalyzer] Income advantage is now SlightAdvantage
2022-10-28 15:03:53.846 | 08:46   45ms  265M   63G 180/189U [GameAnalyzer] Income advantage is now Even
2022-10-28 15:03:53.939 | 08:46   49ms  275M   67G 180/189U [GameAnalyzer] Income advantage is now SlightAdvantage
2022-10-28 15:03:54.232 | 08:47   44ms  255M   75G 180/189U [TerranUnit] MARINE from BARRACKS at (148.5, 29.5)
2022-10-28 15:03:54.320 | 08:47   47ms  205M   75G 181/189U [TerranUnit] MARINE from BARRACKS at (148.5, 29.5)
2022-10-28 15:03:54.411 | 08:47   45ms  220M   75G 182/189U [GameAnalyzer] Income advantage is now Even
2022-10-28 15:03:54.599 | 08:48   45ms  245M   79G 182/189U [GameAnalyzer] Income advantage is now SlightAdvantage
2022-10-28 15:03:54.968 | 08:48   45ms  265M   83G 182/197U [GameAnalyzer] Income advantage is now Even
2022-10-28 15:03:55.348 | 08:49   46ms  305M   95G 182/197U [GameAnalyzer] Income advantage is now SlightAdvantage
2022-10-28 15:03:55.448 | 08:49   44ms  310M   95G 182/197U [GameAnalyzer] Income advantage is now Even
2022-10-28 15:03:55.722 | 08:50   47ms  350M   99G 182/197U [GameAnalyzer] Income advantage is now SlightAdvantage
2022-10-28 15:03:56.187 | 08:51   45ms  405M  111G 182/197U [GameAnalyzer] Income advantage is now Even
2022-10-28 15:03:56.204 | 08:51   45ms  405M  111G 182/197U [Expand] Expanding to (138.5, 85.5)
2022-10-28 15:03:56.394 | 08:51   49ms   25M  115G 182/197U [GameAnalyzer] Income advantage is now SlightAdvantage
2022-10-28 15:03:56.790 | 08:52   46ms    0M  123G 182/197U [TerranUnit] MARINE from BARRACKS at (153.5, 24.5)
2022-10-28 15:03:57.257 | 08:53   48ms   30M  131G 183/197U [GameAnalyzer] Income advantage is now Even
2022-10-28 15:03:57.361 | 08:53   48ms   10M  139G 183/197U [TerranUnit] MARINE from BARRACKS at (153.5, 24.5)
2022-10-28 15:03:58.068 | 08:54   48ms   80M  147G 184/197U [GameAnalyzer] Income advantage is now SlightAdvantage
2022-10-28 15:03:58.279 | 08:54   51ms   85M  155G 184/200U [GameAnalyzer] Income advantage is now Even
2022-10-28 15:03:58.409 | 08:55   82ms  100M  155G 184/200U [GameAnalyzer] Income advantage is now SlightAdvantage
2022-10-28 15:03:58.519 | 08:55   49ms  105M  155G 184/200U [BuildAddon] UnitTypeId.FACTORYREACTOR to (150.0, 43.0)
2022-10-28 15:03:58.716 | 08:55   47ms    5M   84G 184/200U [TerranUnit] WIDOWMINE from FACTORY at (159.5, 48.5)
2022-10-28 15:03:59.380 | 08:56   47ms   55M  100G 186/200U [GameAnalyzer] Income advantage is now Even
2022-10-28 15:03:59.472 | 08:56   50ms   65M  100G 186/200U [GameAnalyzer] Income advantage is now SlightAdvantage
2022-10-28 15:03:59.566 | 08:57   47ms   65M  104G 186/200U [GameAnalyzer] Income advantage is now Even
2022-10-28 15:04:00.072 | 08:58   55ms  155M  112G 186/200U [GameAnalyzer] Income advantage is now SlightAdvantage
2022-10-28 15:04:00.260 | 08:58   44ms   15M   16G 186/200U [GameAnalyzer] Income advantage is now Even
2022-10-28 15:04:00.727 | 08:59   49ms   45M   28G 186/200U [GameAnalyzer] Income advantage is now SlightAdvantage
2022-10-28 15:04:00.835 | 08:59   45ms   50M   28G 186/200U [GameAnalyzer] Income advantage is now Even
2022-10-28 15:04:01.587 | 09:00   48ms  125M   44G 186/200U [GameAnalyzer] Income advantage is now SlightAdvantage
2022-10-28 15:04:01.682 | 09:01   49ms  155M   44G 186/200U [GameAnalyzer] Income advantage is now Even
2022-10-28 15:04:01.693 | 09:01   49ms  105M   44G 186/200U [TerranUnit] MARINE from BARRACKS at (161.5, 45.5)
2022-10-28 15:04:01.768 | 09:01   50ms  110M   48G 187/200U [GameAnalyzer] Income advantage is now SlightAdvantage
2022-10-28 15:04:01.958 | 09:01   45ms  120M   52G 187/200U [GameAnalyzer] Income advantage is now Even
2022-10-28 15:04:01.970 | 09:01   45ms   70M   52G 187/200U [TerranUnit] MARINE from BARRACKS at (150.5, 35.5)
2022-10-28 15:04:02.068 | 09:01   55ms   25M   52G 188/200U [TerranUnit] MARINE from BARRACKS at (150.5, 35.5)
2022-10-28 15:04:02.348 | 09:02   48ms   50M   60G 189/200U [GameAnalyzer] Income advantage is now SlightAdvantage
2022-10-28 15:04:02.669 | 09:02   49ms   75M   64G 189/200U [GameAnalyzer] Income advantage is now Even
2022-10-28 15:04:02.861 | 09:03   48ms   80M   68G 189/200U [GameAnalyzer] Income advantage is now SlightAdvantage
2022-10-28 15:04:03.145 | 09:03   52ms  115M   76G 189/200U [GameAnalyzer] Income advantage is now SmallAdvantage
2022-10-28 15:04:03.477 | 09:04   52ms  135M   80G 189/200U [GameAnalyzer] Income advantage is now SlightAdvantage
2022-10-28 15:04:03.703 | 09:04   57ms   10M    9G 189/200U [TerranUnit] VIKINGFIGHTER from STARPORT at (166.5, 42.5)
2022-10-28 15:04:03.805 | 09:04   54ms   15M    9G 191/200U [GameAnalyzer] Income advantage is now SmallAdvantage
2022-10-28 15:04:03.926 | 09:05   58ms   25M   17G 191/200U [GameAnalyzer] Income advantage is now SlightAdvantage
2022-10-28 15:04:04.137 | 09:05   52ms   45M   17G 191/200U [GameAnalyzer] Income advantage is now SmallAdvantage
2022-10-28 15:04:04.686 | 09:06   55ms   75M   25G 191/200U [GameAnalyzer] Income advantage is now SlightAdvantage
2022-10-28 15:04:04.914 | 09:06   55ms  110M   33G 191/200U [GameAnalyzer] Income advantage is now SmallAdvantage
2022-10-28 15:04:05.139 | 09:06   53ms  140M   33G 191/200U [GameAnalyzer] Income advantage is now SlightAdvantage
2022-10-28 15:04:05.483 | 09:07   53ms  105M   41G 191/200U [TerranUnit] MARINE from BARRACKS at (148.5, 29.5)
2022-10-28 15:04:06.052 | 09:08   54ms  155M   49G 192/200U [GameAnalyzer] Income advantage is now SmallAdvantage
2022-10-28 15:04:06.065 | 09:08   54ms  105M   49G 192/200U [TerranUnit] MARINE from BARRACKS at (148.5, 29.5)
2022-10-28 15:04:06.787 | 09:09   56ms  175M   65G 193/200U [GameAnalyzer] Income advantage is now SlightAdvantage
2022-10-28 15:04:06.996 | 09:09   56ms  190M   65G 193/200U [GameAnalyzer] Income advantage is now SmallAdvantage
2022-10-28 15:04:07.124 | 09:10   53ms  155M   65G 193/200U [TerranUnit] MARINE from BARRACKS at (153.5, 24.5)
2022-10-28 15:04:07.227 | 09:10   59ms  155M   73G 194/200U [GameAnalyzer] Income advantage is now SlightAdvantage
2022-10-28 15:04:07.330 | 09:10   62ms  180M   77G 194/200U [GameAnalyzer] Income advantage is now SmallAdvantage
2022-10-28 15:04:07.808 | 09:11   52ms  150M   85G 194/200U [TerranUnit] MARINE from BARRACKS at (153.5, 24.5)
2022-10-28 15:04:07.907 | 09:11   56ms  160M   85G 195/200U [GameAnalyzer] Income advantage is now SlightAdvantage
2022-10-28 15:04:08.113 | 09:11   55ms  165M   89G 195/200U [GameAnalyzer] Income advantage is now SmallAdvantage
2022-10-28 15:04:09.122 | 09:13   52ms  125M   34G 195/200U [TerranUnit] VIKINGFIGHTER from STARPORT at (166.5, 42.5)
2022-10-28 15:04:09.952 | 09:14   55ms  180M   54G 197/200U [GameAnalyzer] Income advantage is now SlightAdvantage
2022-10-28 15:04:10.259 | 09:15   52ms  220M   58G 197/200U [GameAnalyzer] Income advantage is now SmallAdvantage
2022-10-28 15:04:10.471 | 09:15   53ms  235M   66G 197/200U [GameAnalyzer] Income advantage is now SlightAdvantage
2022-10-28 15:04:10.661 | 09:15   52ms  250M   66G 197/200U [GameAnalyzer] Income advantage is now SmallAdvantage
2022-10-28 15:04:11.272 | 09:16   48ms  250M   65G 197/200U [TerranUnit] WIDOWMINE from FACTORY at (159.5, 48.5)
2022-10-28 15:04:11.461 | 09:17   50ms  260M   65G 199/200U [GameAnalyzer] Income advantage is now SlightAdvantage
2022-10-28 15:04:11.564 | 09:17   51ms  275M   69G 199/200U [GameAnalyzer] Income advantage is now SmallAdvantage
2022-10-28 15:04:12.403 | 09:18   51ms  280M   89G 199/200U [TerranUnit] MARINE from BARRACKS at (161.5, 45.5)
2022-10-28 15:04:12.924 | 09:19   48ms  340M  101G 200/200U [GameAnalyzer] Income advantage is now SlightAdvantage
2022-10-28 15:04:13.027 | 09:20   53ms  350M  101G 200/200U [GameAnalyzer] Income advantage is now SmallAdvantage
2022-10-28 15:04:13.236 | 09:20   49ms  360M  109G 200/200U [BuildAddon] UnitTypeId.STARPORTTECHLAB to (155.0, 49.0)
2022-10-28 15:04:14.271 | 09:22   50ms  385M  112G 200/200U [GameAnalyzer] Income advantage is now SlightAdvantage
2022-10-28 15:04:14.369 | 09:22   55ms  405M  112G 200/200U [GameAnalyzer] Income advantage is now SmallAdvantage
2022-10-28 15:04:15.605 | 09:24   46ms  225M   94G 200/200U [GameAnalyzer] Income advantage is now SlightAdvantage
2022-10-28 15:04:15.709 | 09:24   52ms  235M   94G 200/200U [GameAnalyzer] Income advantage is now SmallAdvantage
2022-10-28 15:04:15.810 | 09:24   50ms  240M   98G 200/200U [GameAnalyzer] Income advantage is now SlightAdvantage
2022-10-28 15:04:16.123 | 09:25   53ms  250M  106G 200/200U [GameAnalyzer] Income advantage is now SmallAdvantage
2022-10-28 15:04:16.225 | 09:25   50ms  265M  106G 200/200U [GameAnalyzer] Predicted army advantage is now SlightAdvantage
2022-10-28 15:04:17.968 | ERROR    | sc2.protocol:__request:50 - Cannot receive: Connection already closed.
2022-10-28 15:04:17.970 | INFO     | sc2.sc2process:_close_connection:231 - Closing connection at 59599...
2022-10-28 15:04:17.972 | INFO     | sc2.sc2process:kill_all:33 - kill_switch: Process cleanup for 1 processes
