2022-10-27 15:29:09.190 | INFO     | sc2.protocol:_execute:72 - Client status changed to Status.launched (was None)
2022-10-27 15:29:09.192 | INFO     | sc2.controller:create_game:37 - Creating new game
2022-10-27 15:29:09.193 | INFO     | sc2.controller:create_game:38 - Map:     OxideAIE
2022-10-27 15:29:09.194 | INFO     | sc2.controller:create_game:39 - Players: Bot Turtles(Terran), Computer VeryHard(Random, RandomBuild)
2022-10-27 15:29:09.196 | INFO     | sc2.protocol:_execute:72 - Client status changed to Status.init_game (was Status.launched)
2022-10-27 15:29:17.592 | INFO     | sc2.protocol:_execute:72 - Client status changed to Status.in_game (was None)
2022-10-27 15:29:17.594 | INFO     | sc2.main:_play_game:221 - Player 1 - Bot Turtles(Terran)
2022-10-27 15:29:18.141 | 00:00    0ms    0M    0G  12/ 15U [Version] 5.0.10.88500
2022-10-27 15:29:18.142 | 00:00    0ms    0M    0G  12/ 15U [Version] 5.0.6 Balance mod recognized.
2022-10-27 15:29:18.213 | 00:00    0ms    0M    0G  12/ 15U [ZoneManager] Map set to: MapName.Oxide from name: Oxide AIE and hash: 3281780.
2022-10-27 15:29:19.007 | [Start] My race: Terran
2022-10-27 15:29:19.008 | [Start] Opponent race: Random
2022-10-27 15:29:19.009 | [Start] OpponentId: None
2022-10-27 15:29:19.188 | 00:00    7ms    0M    0G  13/ 15U [GameAnalyzer] Income advantage is now SlightDisadvantage
2022-10-27 15:29:19.252 | 00:01    6ms    0M    0G  13/ 15U [GameAnalyzer] Income advantage is now Even
2022-10-27 15:29:19.649 | 00:05    7ms   30M    0G  13/ 15U [GameAnalyzer] Income advantage is now SlightDisadvantage
2022-10-27 15:29:19.665 | 00:05    7ms   40M    0G  13/ 15U [GameAnalyzer] Income advantage is now Even
2022-10-27 15:29:20.716 | 00:15    7ms    5M    0G  13/ 15U [ActUnit] SCV from COMMANDCENTER at (44.5, 56.5)
2022-10-27 15:29:22.005 | 00:26    7ms  150M    0G  14/ 15U [GameAnalyzer] Income advantage is now SlightDisadvantage
2022-10-27 15:29:22.024 | 00:26    8ms  160M    0G  14/ 15U [GameAnalyzer] Income advantage is now Even
2022-10-27 15:29:22.063 | 00:27    6ms  120M    0G  14/ 15U [ActUnit] SCV from COMMANDCENTER at (44.5, 56.5)
2022-10-27 15:29:23.124 | 00:36    7ms   10M    0G  15/ 23U [BuildGas] Building REFINERY to (48.5, 49.5)
2022-10-27 15:29:23.148 | 00:36    8ms   10M    0G  15/ 23U [GameAnalyzer] Income advantage is now SlightDisadvantage
2022-10-27 15:29:23.166 | 00:36    9ms   15M    0G  15/ 23U [GameAnalyzer] Income advantage is now Even
2022-10-27 15:29:23.493 | 00:39    6ms    0M    0G  15/ 23U [ActUnit] SCV from COMMANDCENTER at (44.5, 56.5)
2022-10-27 15:29:24.785 | 00:49    8ms  115M    0G  16/ 23U [GameAnalyzer] Income advantage is now SlightDisadvantage
2022-10-27 15:29:24.813 | 00:49    8ms  125M    0G  16/ 23U [GameAnalyzer] Income advantage is now Even
2022-10-27 15:29:25.103 | 00:51    7ms  105M    0G  16/ 23U [ActUnit] SCV from COMMANDCENTER at (44.5, 56.5)
2022-10-27 15:29:26.631 | 01:03   10ms  200M    4G  17/ 23U [ActUnit] SCV from COMMANDCENTER at (44.5, 56.5)
2022-10-27 15:29:28.407 | 01:15   19ms  345M   28G  18/ 23U [GameAnalyzer] Income advantage is now SmallAdvantage
2022-10-27 15:29:28.570 | 01:15   20ms  345M   32G  18/ 23U [GameAnalyzer] Income advantage is now SlightAdvantage
2022-10-27 15:29:28.606 | 01:15   25ms  350M   32G  18/ 23U [GameAnalyzer] Income advantage is now Even
2022-10-27 15:29:28.654 | 01:15   15ms  355M   32G  18/ 23U [GameAnalyzer] Income advantage is now SlightAdvantage
2022-10-27 15:29:28.689 | 01:16   21ms  305M   32G  18/ 23U [ActUnit] SCV from COMMANDCENTER at (44.5, 56.5)
2022-10-27 15:29:28.719 | 01:16   11ms  305M   32G  19/ 23U [GameAnalyzer] Income advantage is now Even
2022-10-27 15:29:29.374 | 01:20    9ms  365M   44G  19/ 23U [GameAnalyzer] Income advantage is now SlightDisadvantage
2022-10-27 15:29:29.428 | 01:21   11ms  380M   44G  19/ 23U [GameAnalyzer] Income advantage is now Even
2022-10-27 15:29:29.536 | 01:21   10ms  385M   48G  19/ 23U [GameAnalyzer] Income advantage is now SlightDisadvantage
2022-10-27 15:29:29.615 | 01:22   10ms  390M   48G  19/ 23U [GameAnalyzer] Income advantage is now Even
2022-10-27 15:29:29.678 | 01:22   12ms  390M   48G  19/ 23U [GameAnalyzer] Income advantage is now SlightDisadvantage
2022-10-27 15:29:29.738 | 01:23   10ms  200M    2G  19/ 23U [TerranUnit] REAPER from BARRACKS at (40.5, 61.5)
2022-10-27 15:29:29.766 | 01:23   13ms  360M    2G  20/ 23U [GameAnalyzer] Income advantage is now Even
2022-10-27 15:29:29.824 | 01:23    9ms  360M    2G  20/ 23U [GameAnalyzer] Income advantage is now SlightDisadvantage
2022-10-27 15:29:29.849 | 01:23   13ms  370M    2G  20/ 23U [GameAnalyzer] Income advantage is now Even
2022-10-27 15:29:29.879 | 01:23   11ms  370M    2G  20/ 23U [GameAnalyzer] Income advantage is now SlightDisadvantage
2022-10-27 15:29:29.906 | 01:24   11ms  370M    2G  20/ 23U [GameAnalyzer] Income advantage is now Even
2022-10-27 15:29:29.991 | 01:24    9ms  375M    6G  20/ 23U [GameAnalyzer] Income advantage is now SlightDisadvantage
2022-10-27 15:29:30.015 | 01:24   12ms  375M    6G  20/ 23U [GameAnalyzer] Income advantage is now Even
2022-10-27 15:29:30.097 | 01:25   11ms  385M    6G  20/ 23U [GameAnalyzer] Income advantage is now SlightDisadvantage
2022-10-27 15:29:30.152 | 01:25   10ms  395M   10G  20/ 23U [GameAnalyzer] Income advantage is now Even
2022-10-27 15:29:30.231 | 01:26   10ms  400M   10G  20/ 23U [GameAnalyzer] Income advantage is now SlightDisadvantage
2022-10-27 15:29:30.260 | 01:26   13ms  400M   10G  20/ 23U [GameAnalyzer] Income advantage is now Even
2022-10-27 15:29:30.337 | 01:26   11ms  405M   10G  20/ 23U [GameAnalyzer] Income advantage is now SlightDisadvantage
2022-10-27 15:29:30.363 | 01:27   11ms  405M   10G  20/ 23U [GameAnalyzer] Income advantage is now Even
2022-10-27 15:29:30.396 | 01:27   11ms  410M   14G  20/ 23U [GameAnalyzer] Income advantage is now SlightDisadvantage
2022-10-27 15:29:30.450 | 01:27   10ms  420M   14G  20/ 23U [GameAnalyzer] Income advantage is now Even
2022-10-27 15:29:30.561 | 01:28   10ms  275M   14G  20/ 23U [GameAnalyzer] Income advantage is now SlightDisadvantage
2022-10-27 15:29:30.585 | 01:28   13ms  275M   14G  20/ 23U [GameAnalyzer] Income advantage is now Even
2022-10-27 15:29:30.750 | 01:29   11ms  295M   18G  20/ 23U [GameAnalyzer] Income advantage is now SlightDisadvantage
2022-10-27 15:29:30.777 | 01:29   11ms  300M   18G  20/ 23U [GameAnalyzer] Income advantage is now Even
2022-10-27 15:29:30.863 | 01:30   10ms  305M   22G  20/ 23U [GameAnalyzer] Income advantage is now SlightDisadvantage
2022-10-27 15:29:30.920 | 01:30   12ms  310M   22G  20/ 23U [GameAnalyzer] Income advantage is now Even
2022-10-27 15:29:31.106 | 01:31   12ms  325M   26G  20/ 23U [GameAnalyzer] Income advantage is now SlightDisadvantage
2022-10-27 15:29:31.132 | 01:31   11ms  335M   26G  20/ 23U [GameAnalyzer] Income advantage is now Even
2022-10-27 15:29:31.791 | 01:36   10ms  400M   38G  20/ 23U [GameAnalyzer] Income advantage is now SlightDisadvantage
2022-10-27 15:29:31.841 | 01:36   10ms  410M   38G  20/ 23U [GameAnalyzer] Income advantage is now Even
2022-10-27 15:29:32.131 | 01:38   12ms  440M   42G  20/ 23U [GameAnalyzer] Income advantage is now SlightDisadvantage
2022-10-27 15:29:32.174 | 01:38   11ms  445M   42G  20/ 23U [GameAnalyzer] Income advantage is now Even
2022-10-27 15:29:32.321 | 01:40   10ms  455M   46G  20/ 23U [GameAnalyzer] Income advantage is now SlightDisadvantage
2022-10-27 15:29:32.352 | 01:40   12ms  460M   46G  20/ 23U [GameAnalyzer] Income advantage is now Even
2022-10-27 15:29:32.755 | 01:43   10ms  510M   54G  20/ 23U [GameAnalyzer] Income advantage is now SlightDisadvantage
2022-10-27 15:29:32.829 | 01:43   10ms  525M   58G  20/ 23U [GameAnalyzer] Income advantage is now Even
2022-10-27 15:29:32.904 | 01:44   10ms  525M   58G  20/ 23U [GameAnalyzer] Income advantage is now SlightDisadvantage
2022-10-27 15:29:32.956 | 01:44   11ms  530M   58G  20/ 23U [GameAnalyzer] Income advantage is now Even
2022-10-27 15:29:33.212 | 01:46   10ms  555M   66G  20/ 23U [GameAnalyzer] Income advantage is now SlightDisadvantage
2022-10-27 15:29:33.250 | 01:46   11ms  560M   66G  20/ 23U [GameAnalyzer] Income advantage is now Even
2022-10-27 15:29:33.434 | 01:47   12ms  585M   70G  20/ 23U [GameAnalyzer] Income advantage is now SlightDisadvantage
2022-10-27 15:29:33.456 | 01:48   11ms  585M   70G  20/ 23U [GameAnalyzer] Income advantage is now Even
2022-10-27 15:29:33.532 | 01:48   10ms  595M   70G  20/ 23U [GameAnalyzer] Income advantage is now SlightDisadvantage
2022-10-27 15:29:33.560 | 01:48   11ms  600M   70G  20/ 23U [GameAnalyzer] Income advantage is now Even
2022-10-27 15:29:33.584 | 01:48   13ms  600M   70G  20/ 23U [GameAnalyzer] Income advantage is now SlightDisadvantage
2022-10-27 15:29:33.607 | 01:49   11ms  605M   70G  20/ 23U [GameAnalyzer] Income advantage is now Even
2022-10-27 15:29:33.610 | 01:49   11ms  605M   70G  20/ 23U [Expand] Expanding to (69.5, 52.5)
2022-10-27 15:29:33.716 | 01:49   10ms  220M   74G  20/ 23U [GameAnalyzer] Income advantage is now SlightDisadvantage
2022-10-27 15:29:33.759 | 01:50   10ms  220M   74G  20/ 23U [GameAnalyzer] Income advantage is now Even
2022-10-27 15:29:33.831 | 01:50   10ms  230M   74G  20/ 23U [GameAnalyzer] Income advantage is now SlightDisadvantage
2022-10-27 15:29:33.908 | 01:51   10ms  235M   78G  20/ 23U [GameAnalyzer] Income advantage is now Even
2022-10-27 15:29:34.169 | 01:53   11ms  210M   82G  20/ 23U [ActUnit] SCV from COMMANDCENTER at (44.5, 56.5)
2022-10-27 15:29:34.436 | 01:55    9ms  245M   86G  21/ 23U [GameAnalyzer] Known army advantage is now SlightAdvantage
2022-10-27 15:29:34.438 | 01:55    9ms  245M   86G  21/ 23U [GameAnalyzer] Predicted army advantage is now SlightAdvantage
2022-10-27 15:29:34.440 | 01:55    9ms  245M   86G  21/ 23U [BuildAddon] UnitTypeId.BARRACKSREACTOR to (43.0, 61.0)
2022-10-27 15:29:34.851 | 01:57   12ms   70M   44G  21/ 23U [GameAnalyzer] Income advantage is now SlightAdvantage
2022-10-27 15:29:36.159 | 02:04   14ms   60M   64G  21/ 23U [GameAnalyzer] Income advantage is now Even
2022-10-27 15:29:36.452 | 02:05   12ms   30M   64G  21/ 23U [ActUnit] SCV from COMMANDCENTER at (44.5, 56.5)
2022-10-27 15:29:36.480 | 02:05   16ms   35M   68G  22/ 23U [GameAnalyzer] Income advantage is now SlightAdvantage
2022-10-27 15:29:36.722 | 02:06   13ms   45M   68G  22/ 23U [GameAnalyzer] Income advantage is now Even
2022-10-27 15:29:36.755 | 02:06   16ms   45M   68G  22/ 23U [GameAnalyzer] Income advantage is now SlightAdvantage
2022-10-27 15:29:36.797 | 02:06   15ms   45M   68G  22/ 23U [GameAnalyzer] Income advantage is now Even
2022-10-27 15:29:36.904 | 02:07   13ms   60M   72G  22/ 23U [GameAnalyzer] Income advantage is now SlightAdvantage
2022-10-27 15:29:36.979 | 02:07   15ms   60M   72G  22/ 23U [GameAnalyzer] Income advantage is now Even
2022-10-27 15:29:37.116 | 02:08   12ms   70M   72G  22/ 23U [GameAnalyzer] Income advantage is now SlightAdvantage
2022-10-27 15:29:37.187 | 02:08   14ms   70M   76G  22/ 23U [GameAnalyzer] Income advantage is now Even
2022-10-27 15:29:37.305 | 02:09   14ms   80M   76G  22/ 23U [GameAnalyzer] Income advantage is now SlightAdvantage
2022-10-27 15:29:37.471 | 02:10   13ms   95M   80G  22/ 23U [GameAnalyzer] Income advantage is now Even
2022-10-27 15:29:37.513 | 02:10   15ms   95M   80G  22/ 23U [GameAnalyzer] Income advantage is now SlightAdvantage
2022-10-27 15:29:37.546 | 02:10   14ms   95M   80G  22/ 23U [GameAnalyzer] Income advantage is now Even
2022-10-27 15:29:37.769 | 02:11   13ms  115M   84G  22/ 23U [GameAnalyzer] Income advantage is now SlightAdvantage
2022-10-27 15:29:37.811 | 02:11   14ms  115M   84G  22/ 23U [GameAnalyzer] Income advantage is now Even
2022-10-27 15:29:37.998 | 02:12   12ms  155M   84G  22/ 23U [GameAnalyzer] Income advantage is now SlightAdvantage
2022-10-27 15:29:38.044 | 02:12   14ms  155M   84G  22/ 23U [GameAnalyzer] Income advantage is now Even
2022-10-27 15:29:38.075 | 02:13   16ms  160M   88G  22/ 23U [GameAnalyzer] Income advantage is now SlightAdvantage
2022-10-27 15:29:38.132 | 02:13   14ms  160M   88G  22/ 23U [GameAnalyzer] Income advantage is now Even
2022-10-27 15:29:38.161 | 02:13   14ms  160M   88G  22/ 23U [GameAnalyzer] Income advantage is now SlightAdvantage
2022-10-27 15:29:38.236 | 02:13   13ms  160M   88G  22/ 23U [GameAnalyzer] Income advantage is now Even
2022-10-27 15:29:38.342 | 02:14   13ms  175M   88G  22/ 23U [GameAnalyzer] Income advantage is now SlightAdvantage
2022-10-27 15:29:38.486 | 02:15   13ms  185M   92G  22/ 23U [GameAnalyzer] Income advantage is now Even
2022-10-27 15:29:38.715 | 02:16   13ms  200M   96G  22/ 23U [GameAnalyzer] Income advantage is now SlightAdvantage
2022-10-27 15:29:38.758 | 02:16   16ms  205M   96G  22/ 23U [GameAnalyzer] Income advantage is now Even
2022-10-27 15:29:38.975 | 02:17   14ms  225M  100G  22/ 23U [GameAnalyzer] Income advantage is now SlightAdvantage
2022-10-27 15:29:39.023 | 02:17   15ms   25M    0G  22/ 23U [ActUnit] SCV from COMMANDCENTER at (44.5, 56.5)
2022-10-27 15:29:39.186 | 02:18   15ms   30M    0G  23/ 23U [GameAnalyzer] Income advantage is now Even
2022-10-27 15:29:39.392 | 02:19   12ms   55M    4G  23/ 23U [GameAnalyzer] Income advantage is now SlightAdvantage
2022-10-27 15:29:39.468 | 02:19   13ms   55M    4G  23/ 23U [GameAnalyzer] Income advantage is now Even
2022-10-27 15:29:39.501 | 02:19   14ms   80M    4G  23/ 23U [GameAnalyzer] Income advantage is now SlightAdvantage
2022-10-27 15:29:39.504 | 02:19   14ms    5M    4G  23/ 23U [BuildGas] Building REFINERY to (37.5, 59.5)
2022-10-27 15:29:39.544 | 02:20   16ms    5M    4G  23/ 23U [GameAnalyzer] Income advantage is now Even
2022-10-27 15:29:40.116 | 02:22   13ms   45M   12G  23/ 23U [GameAnalyzer] Income advantage is now SlightAdvantage
2022-10-27 15:29:40.148 | 02:23   14ms   45M   12G  23/ 23U [GameAnalyzer] Income advantage is now Even
2022-10-27 15:29:40.211 | 02:23   13ms   50M   16G  23/ 23U [GameAnalyzer] Income advantage is now SlightAdvantage
2022-10-27 15:29:40.258 | 02:23   14ms   50M   16G  23/ 23U [GameAnalyzer] Income advantage is now Even
2022-10-27 15:29:40.429 | 02:24   14ms   60M   16G  23/ 23U [GameAnalyzer] Income advantage is now SlightAdvantage
2022-10-27 15:29:40.463 | 02:24   16ms   60M   16G  23/ 23U [GameAnalyzer] Income advantage is now Even
2022-10-27 15:29:40.841 | 02:26   13ms   90M   20G  23/ 31U [GameAnalyzer] Income advantage is now SlightAdvantage
2022-10-27 15:29:40.953 | 02:26   12ms   90M   24G  23/ 31U [GameAnalyzer] Income advantage is now Even
2022-10-27 15:29:41.001 | 02:26   14ms   90M   24G  23/ 31U [GameAnalyzer] Income advantage is now SlightAdvantage
2022-10-27 15:29:41.037 | 02:26   16ms  115M   24G  23/ 31U [GameAnalyzer] Income advantage is now Even
2022-10-27 15:29:41.229 | 02:27   13ms  130M   28G  23/ 31U [GameAnalyzer] Income advantage is now SlightAdvantage
2022-10-27 15:29:41.311 | 02:28   14ms  130M   28G  23/ 31U [GameAnalyzer] Income advantage is now Even
2022-10-27 15:29:41.355 | 02:28   15ms  130M   28G  23/ 31U [GameAnalyzer] Income advantage is now SlightAdvantage
2022-10-27 15:29:41.436 | 02:28   14ms  130M   28G  23/ 31U [GameAnalyzer] Income advantage is now Even
2022-10-27 15:29:41.511 | 02:28   13ms  140M   28G  23/ 31U [GameAnalyzer] Income advantage is now SlightAdvantage
2022-10-27 15:29:41.622 | 02:29   13ms  150M   32G  23/ 31U [GameAnalyzer] Income advantage is now Even
2022-10-27 15:29:41.662 | 02:29   17ms  150M   32G  23/ 31U [GameAnalyzer] Known army advantage is now Even
2022-10-27 15:29:41.664 | 02:29   17ms  150M   32G  23/ 31U [GameAnalyzer] Predicted army advantage is now Even
2022-10-27 15:29:41.665 | 02:29   17ms  100M   32G  23/ 31U [ActUnit] SCV from COMMANDCENTER at (44.5, 56.5)
2022-10-27 15:29:41.733 | 02:30   13ms  105M   32G  24/ 31U [GameAnalyzer] Known army advantage is now SlightDisadvantage
2022-10-27 15:29:41.734 | 02:30   13ms  105M   32G  24/ 31U [GameAnalyzer] Predicted army advantage is now SlightDisadvantage
2022-10-27 15:29:41.764 | 02:30   18ms  110M   32G  24/ 31U [GameAnalyzer] Income advantage is now SlightAdvantage
2022-10-27 15:29:41.884 | 02:30   15ms  115M   36G  24/ 31U [GameAnalyzer] Income advantage is now Even
2022-10-27 15:29:41.915 | 02:30   15ms  115M   36G  24/ 31U [GameAnalyzer] Income advantage is now SlightAdvantage
2022-10-27 15:29:41.957 | 02:31   16ms   65M   36G  24/ 31U [TerranUnit] MARINE from BARRACKS at (40.5, 61.5)
2022-10-27 15:29:41.990 | 02:31   19ms   20M   36G  25/ 31U [TerranUnit] MARINE from BARRACKS at (40.5, 61.5)
2022-10-27 15:29:42.063 | 02:31   14ms   20M   36G  26/ 31U [GameAnalyzer] Income advantage is now Even
2022-10-27 15:29:42.138 | 02:31   15ms   25M   36G  26/ 31U [GameAnalyzer] Income advantage is now SlightAdvantage
2022-10-27 15:29:42.333 | 02:32   15ms   40M   40G  26/ 31U [GameAnalyzer] Income advantage is now Even
2022-10-27 15:29:42.661 | 02:34   12ms   90M   44G  25/ 31U [GameAnalyzer] Income advantage is now SlightAdvantage
2022-10-27 15:29:42.939 | 02:35   12ms  100M   48G  25/ 31U [GameAnalyzer] Income advantage is now Even
2022-10-27 15:29:43.066 | 02:36   13ms  120M   52G  25/ 31U [GameAnalyzer] Income advantage is now SlightAdvantage
2022-10-27 15:29:43.159 | 02:37   14ms  125M   52G  25/ 31U [GameAnalyzer] Income advantage is now Even
2022-10-27 15:29:43.220 | 02:37   12ms  130M   52G  25/ 31U [GameAnalyzer] Income advantage is now SlightAdvantage
2022-10-27 15:29:43.378 | 02:38   12ms  135M   56G  25/ 31U [GameAnalyzer] Income advantage is now Even
2022-10-27 15:29:43.498 | 02:39   13ms  160M   56G  25/ 31U [GameAnalyzer] Income advantage is now SlightAdvantage
2022-10-27 15:29:43.591 | 02:39   12ms  160M   60G  25/ 31U [GameAnalyzer] Income advantage is now Even
2022-10-27 15:29:43.649 | 02:40   13ms  165M   60G  25/ 31U [GameAnalyzer] Income advantage is now SlightAdvantage
2022-10-27 15:29:43.735 | 02:40   12ms  170M   60G  25/ 31U [GameAnalyzer] Income advantage is now Even
2022-10-27 15:29:43.888 | 02:41   13ms  225M   64G  25/ 31U [GameAnalyzer] Income advantage is now SlightAdvantage
2022-10-27 15:29:43.948 | 02:41   12ms  175M   64G  25/ 31U [ActUnit] SCV from COMMANDCENTER at (44.5, 56.5)
2022-10-27 15:29:45.029 | 02:48   13ms  245M   96G  26/ 31U [TerranUnit] MARINE from BARRACKS at (40.5, 61.5)
2022-10-27 15:29:45.055 | 02:49   13ms  195M   96G  27/ 31U [TerranUnit] MARINE from BARRACKS at (40.5, 61.5)
2022-10-27 15:29:45.419 | 02:51   13ms  225M  108G  28/ 31U [GameAnalyzer] Income advantage is now Even
2022-10-27 15:29:45.482 | 02:51   15ms  225M  112G  28/ 31U [GameAnalyzer] Income advantage is now SlightAdvantage
2022-10-27 15:29:45.640 | 02:52   14ms  240M  112G  28/ 31U [GameAnalyzer] Income advantage is now Even
2022-10-27 15:29:45.668 | 02:52   17ms  245M  116G  28/ 31U [GameAnalyzer] Income advantage is now SlightAdvantage
2022-10-27 15:29:45.729 | 02:53   14ms  260M  120G  28/ 31U [GameAnalyzer] Income advantage is now SmallAdvantage
2022-10-27 15:29:45.791 | 02:53   14ms  260M  120G  28/ 31U [GameAnalyzer] Income advantage is now SlightAdvantage
2022-10-27 15:29:45.889 | 02:53   14ms  210M  120G  28/ 31U [ActUnit] SCV from COMMANDCENTER at (44.5, 56.5)
2022-10-27 15:29:45.958 | 02:54   16ms  215M  124G  29/ 31U [GameAnalyzer] Income advantage is now SmallAdvantage
2022-10-27 15:29:46.040 | 02:54   14ms  220M  128G  29/ 31U [GameAnalyzer] Income advantage is now SlightAdvantage
2022-10-27 15:29:46.180 | 02:55   18ms  240M  128G  29/ 31U [GameAnalyzer] Income advantage is now SmallAdvantage
2022-10-27 15:29:46.243 | 02:55   14ms  265M  132G  29/ 31U [GameAnalyzer] Income advantage is now SlightAdvantage
2022-10-27 15:29:46.750 | 02:58   16ms  310M  148G  29/ 31U [GameAnalyzer] Income advantage is now SmallAdvantage
2022-10-27 15:29:46.780 | 02:58   15ms  310M  152G  29/ 31U [GameAnalyzer] Income advantage is now SlightAdvantage
2022-10-27 15:29:47.697 | 03:04   12ms  420M  176G  29/ 31U [GameAnalyzer] Income advantage is now SmallAdvantage
2022-10-27 15:29:47.727 | 03:04   16ms  420M  180G  29/ 31U [GameAnalyzer] Income advantage is now SlightAdvantage
2022-10-27 15:29:47.761 | 03:04   14ms  420M  184G  29/ 31U [GameAnalyzer] Income advantage is now Even
2022-10-27 15:29:47.821 | 03:04   40ms  435M  184G  29/ 31U [GameAnalyzer] Income advantage is now SlightAdvantage
2022-10-27 15:29:47.878 | 03:05   13ms  445M  184G  29/ 31U [GameAnalyzer] Income advantage is now SmallAdvantage
2022-10-27 15:29:47.907 | 03:05   14ms  470M  184G  29/ 31U [GameAnalyzer] Income advantage is now SlightAdvantage
2022-10-27 15:29:47.939 | 03:05   15ms  475M  184G  29/ 31U [GameAnalyzer] Income advantage is now SmallAdvantage
2022-10-27 15:29:47.969 | 03:05   15ms  475M  184G  29/ 31U [GameAnalyzer] Income advantage is now SlightAdvantage
2022-10-27 15:29:48.030 | 03:06   14ms  425M  188G  29/ 31U [ActUnit] SCV from COMMANDCENTER at (44.5, 56.5)
2022-10-27 15:29:48.090 | 03:06   13ms  435M  192G  30/ 31U [GameAnalyzer] Income advantage is now SmallAdvantage
2022-10-27 15:29:48.147 | 03:06   12ms  435M  192G  30/ 31U [GameAnalyzer] Income advantage is now SlightAdvantage
2022-10-27 15:29:48.150 | 03:06   12ms  385M  192G  30/ 31U [TerranUnit] MARINE from BARRACKS at (40.5, 61.5)
2022-10-27 15:29:48.186 | 03:06   15ms  390M  192G  31/ 31U [GameAnalyzer] Known army advantage is now Even
2022-10-27 15:29:48.187 | 03:06   15ms  390M  192G  31/ 31U [GameAnalyzer] Predicted army advantage is now Even
2022-10-27 15:29:48.332 | 03:07   13ms  410M  200G  31/ 31U [GameAnalyzer] Income advantage is now SmallAdvantage
2022-10-27 15:29:48.368 | 03:08   14ms  410M  200G  31/ 31U [GameAnalyzer] Income advantage is now SlightAdvantage
2022-10-27 15:29:48.520 | 03:08   36ms  420M  200G  31/ 46U [GameAnalyzer] Income advantage is now SmallAdvantage
2022-10-27 15:29:48.522 | 03:08   36ms  220M  200G  31/ 46U [TerranUnit] MARINE from BARRACKS at (40.5, 61.5)
2022-10-27 15:29:48.620 | 03:09   14ms  225M  208G  32/ 46U [GameAnalyzer] Income advantage is now SlightAdvantage
2022-10-27 15:29:48.715 | 03:09   15ms  260M  208G  32/ 46U [GameAnalyzer] Income advantage is now SmallAdvantage
2022-10-27 15:29:48.850 | 03:10   12ms  275M  212G  32/ 46U [GameAnalyzer] Income advantage is now SlightAdvantage
2022-10-27 15:29:48.988 | 03:11   14ms  285M  216G  32/ 46U [GameAnalyzer] Income advantage is now SmallAdvantage
2022-10-27 15:29:49.064 | 03:11   13ms  315M  216G  32/ 46U [GameAnalyzer] Income advantage is now SlightAdvantage
2022-10-27 15:29:49.093 | 03:11   14ms  320M  216G  32/ 46U [GameAnalyzer] Income advantage is now SmallAdvantage
2022-10-27 15:29:49.319 | 03:12   16ms  335M  224G  32/ 46U [GameAnalyzer] Income advantage is now SlightAdvantage
2022-10-27 15:29:49.322 | 03:12   16ms  335M  224G  32/ 46U [BuildAddon] UnitTypeId.BARRACKSTECHLAB to (56.0, 55.0)
2022-10-27 15:29:49.360 | 03:13   19ms  290M  199G  32/ 46U [GameAnalyzer] Income advantage is now SmallAdvantage
2022-10-27 15:29:49.364 | 03:13   19ms  290M  199G  32/ 46U [BuildAddon] UnitTypeId.FACTORYREACTOR to (54.0, 58.0)
2022-10-27 15:29:49.501 | 03:13   13ms    0M   57G  32/ 46U [GameAnalyzer] Income advantage is now SlightAdvantage
2022-10-27 15:29:49.696 | 03:14   13ms   35M   61G  32/ 46U [GameAnalyzer] Income advantage is now SmallAdvantage
2022-10-27 15:29:49.728 | 03:15   14ms   35M   65G  32/ 46U [GameAnalyzer] Income advantage is now SlightAdvantage
2022-10-27 15:29:49.876 | 03:15   15ms   50M   65G  32/ 46U [GameAnalyzer] Income advantage is now SmallAdvantage
2022-10-27 15:29:50.168 | 03:17   15ms   65M   73G  32/ 46U [GameAnalyzer] Income advantage is now SlightAdvantage
2022-10-27 15:29:50.262 | 03:17   15ms   85M   77G  32/ 46U [GameAnalyzer] Income advantage is now SmallAdvantage
2022-10-27 15:29:50.392 | 03:18   13ms   85M   81G  32/ 46U [GameAnalyzer] Income advantage is now SlightAdvantage
2022-10-27 15:29:50.433 | 03:18   15ms  110M   81G  32/ 46U [GameAnalyzer] Income advantage is now SmallAdvantage
2022-10-27 15:29:50.501 | 03:19   14ms  115M   81G  32/ 46U [GameAnalyzer] Income advantage is now SlightAdvantage
2022-10-27 15:29:50.666 | 03:20   16ms  160M   89G  32/ 46U [GameAnalyzer] Income advantage is now SmallAdvantage
2022-10-27 15:29:50.768 | 03:20   15ms  160M   89G  32/ 46U [GameAnalyzer] Income advantage is now SlightAdvantage
2022-10-27 15:29:50.797 | 03:20   14ms  160M   93G  32/ 46U [GameAnalyzer] Income advantage is now SmallAdvantage
2022-10-27 15:29:51.212 | 03:22   15ms  190M  105G  32/ 46U [GameAnalyzer] Income advantage is now SlightAdvantage
2022-10-27 15:29:51.281 | 03:23   15ms  195M  105G  32/ 46U [GameAnalyzer] Income advantage is now SmallAdvantage
2022-10-27 15:29:51.437 | 03:23   13ms  210M  113G  32/ 46U [GameAnalyzer] Income advantage is now SlightAdvantage
2022-10-27 15:29:51.538 | 03:24   14ms  235M  113G  32/ 46U [GameAnalyzer] Income advantage is now SmallAdvantage
2022-10-27 15:29:51.572 | 03:24   16ms  240M  113G  32/ 46U [GameAnalyzer] Known army advantage is now SlightAdvantage
2022-10-27 15:29:51.573 | 03:24   16ms  240M  113G  32/ 46U [GameAnalyzer] Predicted army advantage is now SlightAdvantage
2022-10-27 15:29:51.576 | 03:24   16ms  190M  113G  32/ 46U [TerranUnit] MARINE from BARRACKS at (40.5, 61.5)
2022-10-27 15:29:51.816 | 03:25   15ms  195M  121G  33/ 46U [GameAnalyzer] Income advantage is now SlightAdvantage
2022-10-27 15:29:51.845 | 03:26   14ms  220M  121G  33/ 46U [GameAnalyzer] Income advantage is now SmallAdvantage
2022-10-27 15:29:51.880 | 03:26   14ms  220M  121G  33/ 46U [GameAnalyzer] Income advantage is now SlightAdvantage
2022-10-27 15:29:51.909 | 03:26   16ms  230M  121G  33/ 46U [GameAnalyzer] Income advantage is now SmallAdvantage
2022-10-27 15:29:51.944 | 03:26   14ms  235M  125G  33/ 46U [GameAnalyzer] Known army advantage is now SmallAdvantage
2022-10-27 15:29:51.945 | 03:26   14ms  235M  125G  33/ 46U [GameAnalyzer] Predicted army advantage is now SmallAdvantage
2022-10-27 15:29:51.947 | 03:26   14ms  185M  125G  33/ 46U [TerranUnit] MARINE from BARRACKS at (40.5, 61.5)
2022-10-27 15:29:52.040 | 03:27   13ms  195M  129G  34/ 46U [GameAnalyzer] Income advantage is now SlightAdvantage
2022-10-27 15:29:52.139 | 03:27   14ms  210M  129G  34/ 46U [GameAnalyzer] Income advantage is now SmallAdvantage
2022-10-27 15:29:52.234 | 03:28   14ms  215M  133G  34/ 46U [GameAnalyzer] Income advantage is now SlightAdvantage
2022-10-27 15:29:52.272 | 03:28   15ms  225M  137G  34/ 46U [GameAnalyzer] Income advantage is now SmallAdvantage
2022-10-27 15:29:52.406 | 03:29   16ms  235M  137G  34/ 46U [GameAnalyzer] Income advantage is now SlightAdvantage
2022-10-27 15:29:52.485 | 03:29   16ms  250M  137G  34/ 46U [GameAnalyzer] Income advantage is now SmallAdvantage
2022-10-27 15:29:52.672 | 03:30   14ms  260M  145G  34/ 46U [GameAnalyzer] Income advantage is now SlightAdvantage
2022-10-27 15:29:52.739 | 03:30   16ms  265M  145G  34/ 46U [GameAnalyzer] Income advantage is now SmallAdvantage
2022-10-27 15:29:52.742 | 03:30   16ms  265M  145G  34/ 46U [Tech] Started STIMPACK
2022-10-27 15:29:52.745 | 03:30   16ms  115M   45G  34/ 46U [TerranUnit] MARINE from BARRACKS at (53.5, 55.5)
2022-10-27 15:29:52.878 | 03:31   13ms  130M   53G  35/ 46U [GameAnalyzer] Income advantage is now SlightAdvantage
2022-10-27 15:29:52.914 | 03:31   14ms  135M   53G  35/ 46U [GameAnalyzer] Income advantage is now SmallAdvantage
2022-10-27 15:29:52.947 | 03:31   17ms  135M   53G  35/ 46U [GameAnalyzer] Income advantage is now SlightAdvantage
2022-10-27 15:29:52.982 | 03:31   14ms  135M   53G  35/ 46U [GameAnalyzer] Income advantage is now SmallAdvantage
2022-10-27 15:29:53.137 | 03:32   15ms  150M   53G  35/ 46U [GameAnalyzer] Income advantage is now SlightAdvantage
2022-10-27 15:29:53.239 | 03:32   16ms  165M   61G  35/ 46U [GameAnalyzer] Income advantage is now SmallAdvantage
2022-10-27 15:29:53.378 | 03:33   14ms  175M   61G  35/ 46U [GameAnalyzer] Income advantage is now SlightAdvantage
2022-10-27 15:29:53.412 | 03:33   15ms  150M   61G  35/ 46U [ActUnit] SCV from COMMANDCENTER at (69.5, 52.5)
2022-10-27 15:29:53.451 | 03:33   17ms  100M   65G  36/ 46U [ActUnit] SCV from COMMANDCENTER at (44.5, 56.5)
2022-10-27 15:29:53.520 | 03:34   14ms  110M   69G  37/ 46U [GameAnalyzer] Income advantage is now SmallAdvantage
2022-10-27 15:29:53.820 | 03:35   14ms  140M   77G  37/ 46U [GameAnalyzer] Income advantage is now SlightAdvantage
2022-10-27 15:29:53.858 | 03:36   16ms  140M   77G  37/ 46U [GameAnalyzer] Income advantage is now SmallAdvantage
2022-10-27 15:29:53.995 | 03:36   13ms  155M   77G  37/ 46U [GameAnalyzer] Income advantage is now SlightAdvantage
2022-10-27 15:29:54.130 | 03:37   14ms  180M   85G  37/ 46U [GameAnalyzer] Income advantage is now SmallAdvantage
2022-10-27 15:29:54.360 | 03:38   15ms  190M   93G  37/ 46U [GameAnalyzer] Income advantage is now SlightAdvantage
2022-10-27 15:29:54.400 | 03:38   15ms  190M   93G  37/ 46U [GameAnalyzer] Income advantage is now SmallAdvantage
2022-10-27 15:29:54.432 | 03:39   15ms  190M   93G  37/ 46U [GameAnalyzer] Income advantage is now SlightAdvantage
2022-10-27 15:29:54.469 | 03:39   16ms  205M   93G  37/ 54U [GameAnalyzer] Income advantage is now SmallAdvantage
2022-10-27 15:29:54.649 | 03:40   13ms  225M  101G  37/ 54U [GameAnalyzer] Income advantage is now SlightAdvantage
2022-10-27 15:29:54.688 | 03:40   16ms  230M  101G  37/ 54U [GameAnalyzer] Income advantage is now SmallAdvantage
2022-10-27 15:29:54.867 | 03:41   14ms  260M  101G  37/ 54U [GameAnalyzer] Income advantage is now SlightAdvantage
2022-10-27 15:29:54.990 | 03:41   13ms  285M  109G  37/ 54U [GameAnalyzer] Income advantage is now SmallAdvantage
2022-10-27 15:29:55.089 | 03:42   14ms  295M  109G  37/ 54U [GameAnalyzer] Income advantage is now SlightAdvantage
2022-10-27 15:29:55.128 | 03:42   16ms  330M  109G  37/ 54U [GameAnalyzer] Income advantage is now SmallAdvantage
2022-10-27 15:29:55.131 | 03:42   16ms  280M  109G  37/ 54U [TerranUnit] MARINE from BARRACKS at (40.5, 61.5)
2022-10-27 15:29:55.499 | 03:44   14ms  260M  125G  38/ 54U [TerranUnit] MARINE from BARRACKS at (40.5, 61.5)
2022-10-27 15:29:55.733 | 03:45   15ms  275M  129G  39/ 54U [GameAnalyzer] Income advantage is now SlightAdvantage
2022-10-27 15:29:55.762 | 03:45   15ms  225M  129G  39/ 54U [ActUnit] SCV from COMMANDCENTER at (69.5, 52.5)
2022-10-27 15:29:55.801 | 03:46   15ms  230M  133G  40/ 54U [GameAnalyzer] Income advantage is now SmallAdvantage
2022-10-27 15:29:55.802 | 03:46   15ms  180M  133G  40/ 54U [ActUnit] SCV from COMMANDCENTER at (44.5, 56.5)
2022-10-27 15:29:56.281 | 03:48   14ms  110M  141G  41/ 54U [TerranUnit] MARINE from BARRACKS at (53.5, 55.5)
2022-10-27 15:29:56.321 | 03:48   16ms  110M  145G  42/ 54U [GameAnalyzer] Income advantage is now SlightAdvantage
2022-10-27 15:29:56.361 | 03:48   18ms   35M  124G  42/ 54U [TerranUnit] WIDOWMINE from FACTORY at (51.5, 58.5)
2022-10-27 15:29:56.391 | 03:49   17ms   45M  124G  44/ 54U [GameAnalyzer] Income advantage is now SmallAdvantage
2022-10-27 15:29:56.511 | 03:49   17ms   15M   99G  44/ 54U [TerranUnit] WIDOWMINE from FACTORY at (51.5, 58.5)
2022-10-27 15:29:57.034 | 03:52   18ms   55M  115G  46/ 54U [GameAnalyzer] Income advantage is now SlightAdvantage
2022-10-27 15:29:57.071 | 03:52   18ms   55M  115G  46/ 54U [GameAnalyzer] Income advantage is now SmallAdvantage
2022-10-27 15:29:57.667 | 03:55   17ms   10M  131G  46/ 54U [GameAnalyzer] Income advantage is now SlightAdvantage
2022-10-27 15:29:57.707 | 03:55   19ms   15M  131G  46/ 54U [GameAnalyzer] Income advantage is now SmallAdvantage
2022-10-27 15:29:58.053 | 03:56   18ms   65M  139G  46/ 54U [GameAnalyzer] Income advantage is now SlightAdvantage
2022-10-27 15:29:58.098 | 03:56   22ms   95M  139G  46/ 54U [GameAnalyzer] Income advantage is now SmallAdvantage
2022-10-27 15:29:58.377 | 03:58   21ms   70M  147G  46/ 54U [ActUnit] SCV from COMMANDCENTER at (69.5, 52.5)
2022-10-27 15:29:58.420 | 03:58   19ms   25M  147G  47/ 54U [ActUnit] SCV from COMMANDCENTER at (44.5, 56.5)
2022-10-27 15:29:58.893 | 04:00   15ms   70M  155G  48/ 54U [GameAnalyzer] Known army advantage is now ClearAdvantage
2022-10-27 15:29:58.894 | 04:00   15ms   70M  155G  48/ 54U [GameAnalyzer] Predicted army advantage is now ClearAdvantage
2022-10-27 15:29:58.898 | 04:00   15ms   20M  155G  48/ 54U [TerranUnit] MARINE from BARRACKS at (40.5, 61.5)
2022-10-27 15:29:59.324 | 04:02   19ms   40M  171G  49/ 54U [TerranUnit] MARINE from BARRACKS at (40.5, 61.5)
2022-10-27 15:30:00.306 | 04:06   17ms  105M  191G  50/ 54U [TerranUnit] MARINE from BARRACKS at (53.5, 55.5)
2022-10-27 15:30:01.142 | 04:10   18ms  165M  211G  51/ 54U [ActUnit] SCV from COMMANDCENTER at (69.5, 52.5)
2022-10-27 15:30:01.194 | 04:10   21ms  120M  211G  52/ 54U [ActUnit] SCV from COMMANDCENTER at (44.5, 56.5)
2022-10-27 15:30:01.737 | 04:12   18ms   85M  127G  53/ 62U [TerranUnit] MEDIVAC from STARPORT at (51.5, 58.5)
2022-10-27 15:30:01.785 | 04:12   20ms    0M   27G  55/ 62U [TerranUnit] MEDIVAC from STARPORT at (51.5, 58.5)
2022-10-27 15:30:02.518 | 04:15   22ms   65M   43G  57/ 62U [GameAnalyzer] Income advantage is now ClearAdvantage
2022-10-27 15:30:02.563 | 04:15   22ms   65M   43G  57/ 62U [GameAnalyzer] Income advantage is now SmallAdvantage
2022-10-27 15:30:03.168 | 04:18   20ms    0M   55G  57/ 70U [TerranUnit] MARINE from BARRACKS at (40.5, 61.5)
2022-10-27 15:30:03.527 | 04:19   23ms   60M   59G  58/ 70U [BuildAddon] UnitTypeId.FACTORYTECHLAB to (58.0, 63.0)
2022-10-27 15:30:04.142 | 04:21   25ms    5M   50G  58/ 70U [TerranUnit] MARINE from BARRACKS at (40.5, 61.5)
2022-10-27 15:30:04.597 | 04:23   24ms   15M   58G  59/ 70U [ActUnit] SCV from COMMANDCENTER at (69.5, 52.5)
2022-10-27 15:30:04.848 | 04:24   23ms    0M   62G  60/ 70U [ActUnit] SCV from COMMANDCENTER at (44.5, 56.5)
2022-10-27 15:30:05.232 | 04:25   23ms   30M   70G  61/ 70U [GameAnalyzer] Income advantage is now ClearAdvantage
2022-10-27 15:30:05.283 | 04:25   24ms   30M   74G  61/ 70U [GameAnalyzer] Income advantage is now SmallAdvantage
2022-10-27 15:30:05.489 | 04:26   26ms   15M   74G  61/ 70U [TerranUnit] MARINE from BARRACKS at (53.5, 55.5)
2022-10-27 15:30:05.795 | 04:27   24ms   60M   82G  62/ 70U [GameAnalyzer] Income advantage is now ClearAdvantage
2022-10-27 15:30:05.845 | 04:27   25ms   60M   82G  62/ 70U [GameAnalyzer] Income advantage is now SmallAdvantage
2022-10-27 15:30:06.103 | 04:28   25ms   80M   86G  62/ 70U [GameAnalyzer] Income advantage is now ClearAdvantage
2022-10-27 15:30:06.155 | 04:28   24ms   80M   90G  62/ 70U [GameAnalyzer] Income advantage is now SmallAdvantage
2022-10-27 15:30:06.846 | 04:31   24ms   60M   98G  62/ 70U [GameAnalyzer] Income advantage is now ClearAdvantage
2022-10-27 15:30:06.890 | 04:31   24ms   60M  102G  62/ 70U [GameAnalyzer] Income advantage is now SmallAdvantage
2022-10-27 15:30:07.140 | 04:32   24ms  105M  106G  62/ 70U [GameAnalyzer] Income advantage is now ClearAdvantage
2022-10-27 15:30:07.188 | 04:32   24ms  105M  106G  62/ 70U [GameAnalyzer] Income advantage is now SmallAdvantage
2022-10-27 15:30:07.409 | 04:33   22ms  120M  114G  62/ 70U [GameAnalyzer] Income advantage is now ClearAdvantage
2022-10-27 15:30:07.463 | 04:33   26ms  120M  114G  62/ 70U [GameAnalyzer] Income advantage is now SmallAdvantage
2022-10-27 15:30:08.018 | 04:35   23ms  145M  122G  62/ 70U [ActUnit] SCV from COMMANDCENTER at (69.5, 52.5)
2022-10-27 15:30:08.224 | 04:36   25ms  165M  130G  63/ 70U [GameAnalyzer] Known army advantage is now OverwhelmingAdvantage
2022-10-27 15:30:08.225 | 04:36   25ms  165M  130G  63/ 70U [GameAnalyzer] Predicted army advantage is now OverwhelmingAdvantage
2022-10-27 15:30:08.230 | 04:36   25ms  115M  130G  63/ 70U [TerranUnit] MARINE from BARRACKS at (40.5, 61.5)
2022-10-27 15:30:08.281 | 04:36   29ms   65M  130G  64/ 70U [ActUnit] SCV from COMMANDCENTER at (44.5, 56.5)
2022-10-27 15:30:08.654 | 04:37   24ms  100M  138G  65/ 70U [GameAnalyzer] Income advantage is now ClearAdvantage
2022-10-27 15:30:08.713 | 04:37   27ms  125M  138G  65/ 70U [GameAnalyzer] Income advantage is now SmallAdvantage
2022-10-27 15:30:09.237 | 04:39   25ms  140M  146G  65/ 70U [TerranUnit] MARINE from BARRACKS at (40.5, 61.5)
2022-10-27 15:30:09.476 | 04:40   26ms  155M  146G  66/ 78U [GameAnalyzer] Income advantage is now ClearAdvantage
2022-10-27 15:30:09.545 | 04:40   30ms  160M  150G  66/ 78U [GameAnalyzer] Income advantage is now SmallAdvantage
2022-10-27 15:30:09.764 | 04:41   26ms  200M  154G  66/ 78U [GameAnalyzer] Income advantage is now ClearAdvantage
2022-10-27 15:30:09.937 | 04:41   27ms  220M  154G  66/ 78U [GameAnalyzer] Income advantage is now SmallAdvantage
2022-10-27 15:30:10.051 | 04:41   28ms  220M  162G  66/ 78U [GameAnalyzer] Income advantage is now ClearAdvantage
2022-10-27 15:30:10.113 | 04:42   29ms  155M  162G  66/ 78U [BuildGas] Building REFINERY to (76.5, 49.5)
2022-10-27 15:30:10.172 | 04:42   29ms  160M  162G  66/ 78U [GameAnalyzer] Income advantage is now SmallAdvantage
2022-10-27 15:30:10.294 | 04:42   27ms   15M   87G  66/ 78U [TerranUnit] VIKINGFIGHTER from STARPORT at (51.5, 58.5)
2022-10-27 15:30:10.403 | 04:43   28ms   30M   87G  68/ 78U [GameAnalyzer] Income advantage is now ClearAdvantage
2022-10-27 15:30:10.465 | 04:43   29ms   35M   91G  68/ 78U [GameAnalyzer] Income advantage is now SmallAdvantage
2022-10-27 15:30:10.861 | 04:44   26ms   75M   95G  68/ 78U [GameAnalyzer] Income advantage is now ClearAdvantage
2022-10-27 15:30:11.032 | 04:45   26ms  110M  103G  68/ 78U [GameAnalyzer] Income advantage is now SmallAdvantage
2022-10-27 15:30:11.038 | 04:45   26ms   10M    3G  68/ 78U [TerranUnit] MEDIVAC from STARPORT at (51.5, 58.5)
2022-10-27 15:30:11.272 | 04:45   31ms   35M    3G  70/ 78U [GameAnalyzer] Income advantage is now ClearAdvantage
2022-10-27 15:30:11.339 | 04:45   30ms   60M    3G  70/ 78U [GameAnalyzer] Income advantage is now SmallAdvantage
2022-10-27 15:30:12.301 | 04:48   31ms   35M   19G  70/ 78U [GameAnalyzer] Income advantage is now ClearAdvantage
2022-10-27 15:30:12.365 | 04:48   32ms   40M   19G  70/ 78U [GameAnalyzer] Income advantage is now SmallAdvantage
2022-10-27 15:30:12.489 | 04:49   31ms   50M   23G  70/ 78U [GameAnalyzer] Income advantage is now ClearAdvantage
2022-10-27 15:30:12.491 | 04:49   31ms    0M   23G  70/ 78U [ActUnit] SCV from COMMANDCENTER at (69.5, 52.5)
2022-10-27 15:30:12.638 | 04:49   35ms   10M   27G  71/ 78U [GameAnalyzer] Income advantage is now SmallAdvantage
2022-10-27 15:30:13.293 | 04:50   38ms    0M   35G  70/ 78U [ActUnit] SCV from COMMANDCENTER at (44.5, 56.5)
2022-10-27 15:30:13.375 | 04:51   51ms    5M   35G  71/ 78U [GameAnalyzer] Income advantage is now ClearAdvantage
2022-10-27 15:30:13.562 | 04:51   39ms   15M   35G  71/ 78U [GameAnalyzer] Income advantage is now SmallAdvantage
2022-10-27 15:30:13.721 | 04:51   47ms   30M   35G  71/ 78U [GameAnalyzer] Income advantage is now ClearAdvantage
2022-10-27 15:30:13.914 | 04:52   44ms   60M   39G  70/ 78U [GameAnalyzer] Income advantage is now SmallAdvantage
2022-10-27 15:30:14.237 | 04:52   39ms  105M   43G  69/ 78U [GameAnalyzer] Income advantage is now ClearAdvantage
2022-10-27 15:30:14.241 | 04:52   39ms   55M   43G  69/ 78U [TerranUnit] MARINE from BARRACKS at (53.5, 55.5)
2022-10-27 15:30:14.405 | 04:53   38ms   60M   43G  69/ 86U [GameAnalyzer] Income advantage is now SmallAdvantage
2022-10-27 15:30:14.709 | 04:53   36ms   30M   51G  69/ 86U [TerranUnit] MARINE from BARRACKS at (40.5, 61.5)
2022-10-27 15:30:15.009 | 04:54   34ms   60M   51G  68/ 86U [GameAnalyzer] Income advantage is now ClearAdvantage
2022-10-27 15:30:15.088 | 04:54   41ms   75M   51G  67/ 86U [GameAnalyzer] Known army advantage is now Even
2022-10-27 15:30:15.089 | 04:54   41ms   75M   51G  67/ 86U [GameAnalyzer] Predicted army advantage is now Even
2022-10-27 15:30:15.224 | 04:55   33ms   75M   59G  67/ 86U [GameAnalyzer] Income advantage is now SmallAdvantage
2022-10-27 15:30:15.368 | 04:55   39ms   80M   59G  66/ 86U [GameAnalyzer] Income advantage is now ClearAdvantage
2022-10-27 15:30:15.436 | 04:55   34ms   85M   59G  66/ 86U [GameAnalyzer] Income advantage is now SmallAdvantage
2022-10-27 15:30:15.520 | 04:55   35ms   90M   59G  65/ 86U [GameAnalyzer] Income advantage is now ClearAdvantage
2022-10-27 15:30:15.521 | 04:55   35ms   90M   59G  65/ 86U [GameAnalyzer] Known army advantage is now SlightDisadvantage
2022-10-27 15:30:15.522 | 04:55   35ms   90M   59G  65/ 86U [GameAnalyzer] Predicted army advantage is now SlightDisadvantage
2022-10-27 15:30:15.840 | 04:56   30ms  120M   67G  64/ 86U [GameAnalyzer] Income advantage is now SmallAdvantage
2022-10-27 15:30:16.003 | 04:57   20ms  135M   67G  62/ 86U [GameAnalyzer] Income advantage is now ClearAdvantage
2022-10-27 15:30:16.007 | 04:57   20ms   85M   67G  62/ 86U [TerranUnit] MARINE from BARRACKS at (40.5, 61.5)
2022-10-27 15:30:16.238 | 04:58   29ms  100M   71G  63/ 86U [GameAnalyzer] Income advantage is now SmallAdvantage
2022-10-27 15:30:16.294 | 04:58   29ms  105M   75G  63/ 86U [GameAnalyzer] Income advantage is now ClearAdvantage
2022-10-27 15:30:16.479 | 04:58   28ms  125M   75G  63/ 86U [GameAnalyzer] Income advantage is now SmallAdvantage
2022-10-27 15:30:16.717 | 04:59   28ms  180M   79G  63/ 86U [GameAnalyzer] Income advantage is now ClearAdvantage
2022-10-27 15:30:16.901 | 05:00   29ms  140M   83G  63/ 86U [BuildGas] Building REFINERY to (73.5, 45.5)
2022-10-27 15:30:16.955 | 05:00   31ms  140M   83G  63/ 86U [GameAnalyzer] Income advantage is now SmallAdvantage
2022-10-27 15:30:17.013 | 05:00   29ms  150M   83G  63/ 86U [GameAnalyzer] Income advantage is now ClearAdvantage
2022-10-27 15:30:17.078 | 05:00   29ms  150M   83G  63/ 86U [GameAnalyzer] Income advantage is now SmallAdvantage
2022-10-27 15:30:17.182 | 05:00   28ms  165M   87G  63/ 86U [GameAnalyzer] Income advantage is now ClearAdvantage
2022-10-27 15:30:17.245 | 05:01   29ms  170M   91G  63/ 86U [GameAnalyzer] Income advantage is now SmallAdvantage
2022-10-27 15:30:17.306 | 05:01   32ms  120M   91G  63/ 86U [ActUnit] SCV from COMMANDCENTER at (69.5, 52.5)
2022-10-27 15:30:17.476 | 05:01   31ms  140M   91G  64/ 86U [GameAnalyzer] Income advantage is now ClearAdvantage
2022-10-27 15:30:17.593 | 05:02   29ms  145M   91G  64/ 86U [GameAnalyzer] Income advantage is now SmallAdvantage
2022-10-27 15:30:17.768 | 05:02   29ms  160M   99G  64/ 86U [GameAnalyzer] Income advantage is now ClearAdvantage
2022-10-27 15:30:17.885 | 05:03   29ms  125M   99G  64/ 86U [ActUnit] SCV from COMMANDCENTER at (44.5, 56.5)
2022-10-27 15:30:17.948 | 05:03   31ms  130M   99G  65/ 86U [GameAnalyzer] Income advantage is now SmallAdvantage
2022-10-27 15:30:18.000 | 05:03   32ms  135M   99G  65/ 86U [GameAnalyzer] Income advantage is now ClearAdvantage
2022-10-27 15:30:18.198 | 05:03   34ms  155M  103G  65/ 86U [GameAnalyzer] Income advantage is now SmallAdvantage
2022-10-27 15:30:18.386 | 05:04   37ms  170M  107G  65/ 86U [GameAnalyzer] Income advantage is now ClearAdvantage
2022-10-27 15:30:18.581 | 05:05   39ms  180M  107G  65/ 86U [GameAnalyzer] Income advantage is now SmallAdvantage
2022-10-27 15:30:19.139 | 05:06   39ms  260M  115G  65/ 86U [GameAnalyzer] Income advantage is now ClearAdvantage
2022-10-27 15:30:19.227 | 05:06   44ms  260M  115G  65/ 86U [GameAnalyzer] Income advantage is now SmallAdvantage
2022-10-27 15:30:19.530 | 05:07   37ms  310M  123G  64/ 86U [GameAnalyzer] Income advantage is now ClearAdvantage
2022-10-27 15:30:19.643 | 05:07   29ms  315M  123G  64/ 86U [GameAnalyzer] Income advantage is now SmallAdvantage
2022-10-27 15:30:19.935 | 05:08   25ms  345M  131G  64/ 86U [GameAnalyzer] Income advantage is now ClearAdvantage
2022-10-27 15:30:19.993 | 05:08   29ms  350M  131G  64/ 86U [GameAnalyzer] Income advantage is now SmallAdvantage
2022-10-27 15:30:20.182 | 05:09   27ms  365M  131G  63/ 86U [GameAnalyzer] Income advantage is now ClearAdvantage
2022-10-27 15:30:20.341 | 05:09   26ms  375M  139G  63/ 86U [GameAnalyzer] Income advantage is now SmallAdvantage
2022-10-27 15:30:20.598 | 05:10   23ms  410M  143G  62/ 86U [GameAnalyzer] Income advantage is now ClearAdvantage
2022-10-27 15:30:20.603 | 05:10   23ms  410M  143G  62/ 86U [Tech] Started SHIELDWALL
2022-10-27 15:30:20.606 | 05:10   23ms  260M   43G  62/ 86U [TerranUnit] MARINE from BARRACKS at (53.5, 55.5)
2022-10-27 15:30:20.660 | 05:10   32ms  260M   43G  63/ 86U [GameAnalyzer] Income advantage is now SmallAdvantage
2022-10-27 15:30:20.813 | 05:11   25ms  275M   51G  63/ 86U [GameAnalyzer] Income advantage is now ClearAdvantage
2022-10-27 15:30:20.917 | 05:11   24ms  285M   51G  63/ 86U [GameAnalyzer] Income advantage is now SmallAdvantage
2022-10-27 15:30:20.922 | 05:11   24ms  235M   51G  63/ 86U [TerranUnit] MARINE from BARRACKS at (40.5, 61.5)
2022-10-27 15:30:21.017 | 05:12   25ms  255M   51G  64/ 86U [GameAnalyzer] Income advantage is now ClearAdvantage
2022-10-27 15:30:21.078 | 05:12   25ms  255M   51G  64/ 86U [GameAnalyzer] Income advantage is now SmallAdvantage
2022-10-27 15:30:21.193 | 05:12   24ms  270M   55G  64/ 86U [GameAnalyzer] Known army advantage is now Even
2022-10-27 15:30:21.195 | 05:12   24ms  270M   55G  64/ 86U [GameAnalyzer] Predicted army advantage is now Even
2022-10-27 15:30:21.425 | 05:13   25ms  295M   59G  62/ 94U [GameAnalyzer] Income advantage is now ClearAdvantage
2022-10-27 15:30:21.426 | 05:13   25ms  245M   59G  62/ 94U [ActUnit] SCV from COMMANDCENTER at (69.5, 52.5)
2022-10-27 15:30:21.613 | 05:13   32ms  270M   63G  63/ 94U [GameAnalyzer] Income advantage is now SmallAdvantage
2022-10-27 15:30:21.671 | 05:14   28ms  290M   67G  63/ 94U [GameAnalyzer] Income advantage is now ClearAdvantage
2022-10-27 15:30:21.911 | 05:14   24ms  300M   71G  63/ 94U [GameAnalyzer] Income advantage is now SmallAdvantage
2022-10-27 15:30:22.036 | 05:15   34ms  320M   71G  63/ 94U [GameAnalyzer] Income advantage is now ClearAdvantage
2022-10-27 15:30:22.038 | 05:15   34ms  270M   71G  63/ 94U [ActUnit] SCV from COMMANDCENTER at (44.5, 56.5)
2022-10-27 15:30:22.042 | 05:15   34ms  220M   71G  63/ 94U [TerranUnit] MARINE from BARRACKS at (40.5, 61.5)
2022-10-27 15:30:22.239 | 05:15   24ms  230M   79G  65/ 94U [GameAnalyzer] Income advantage is now SmallAdvantage
2022-10-27 15:30:22.290 | 05:16   26ms  230M   79G  65/ 94U [GameAnalyzer] Income advantage is now ClearAdvantage
2022-10-27 15:30:23.489 | 05:20   24ms  365M  107G  65/ 94U [GameAnalyzer] Income advantage is now SmallAdvantage
2022-10-27 15:30:23.589 | 05:20   26ms  380M  115G  65/ 94U [GameAnalyzer] Income advantage is now ClearAdvantage
2022-10-27 15:30:23.689 | 05:20   24ms  415M  115G  65/ 94U [GameAnalyzer] Income advantage is now SmallAdvantage
2022-10-27 15:30:23.698 | 05:20   24ms  415M  115G  65/ 94U [Expand] Expanding to (102.5, 53.5)
2022-10-27 15:30:23.753 | 05:21   35ms   25M  115G  65/ 94U [GameAnalyzer] Income advantage is now ClearAdvantage
2022-10-27 15:30:23.875 | 05:21   24ms   40M  115G  65/ 94U [GameAnalyzer] Income advantage is now SmallAdvantage
2022-10-27 15:30:23.973 | 05:21   24ms   50M  127G  65/ 94U [GameAnalyzer] Income advantage is now ClearAdvantage
2022-10-27 15:30:24.523 | 05:23   25ms  100M  139G  65/ 94U [GameAnalyzer] Income advantage is now SmallAdvantage
2022-10-27 15:30:24.569 | 05:23   26ms  110M  139G  65/ 94U [GameAnalyzer] Income advantage is now ClearAdvantage
2022-10-27 15:30:24.815 | 05:24   26ms  140M  151G  65/ 94U [GameAnalyzer] Income advantage is now SmallAdvantage
2022-10-27 15:30:24.913 | 05:25   23ms  150M  151G  65/ 94U [GameAnalyzer] Income advantage is now ClearAdvantage
2022-10-27 15:30:25.008 | 05:25   24ms  110M  151G  65/ 94U [ActUnit] SCV from COMMANDCENTER at (69.5, 52.5)
2022-10-27 15:30:25.495 | 05:27   24ms  110M  167G  66/ 94U [ActUnit] SCV from COMMANDCENTER at (44.5, 56.5)
2022-10-27 15:30:25.834 | 05:28   26ms  120M  183G  67/ 94U [TerranUnit] MARINE from BARRACKS at (53.5, 55.5)
2022-10-27 15:30:26.141 | 05:29   26ms  115M  195G  68/ 94U [TerranUnit] MARINE from BARRACKS at (40.5, 61.5)
2022-10-27 15:30:27.213 | 05:32   33ms  100M  123G  69/ 94U [TerranUnit] MEDIVAC from STARPORT at (51.5, 58.5)
2022-10-27 15:30:27.356 | 05:33   62ms   60M  123G  71/ 94U [TerranUnit] MARINE from BARRACKS at (40.5, 61.5)
2022-10-27 15:30:29.036 | 05:37   35ms  185M  175G  72/ 94U [ActUnit] SCV from COMMANDCENTER at (69.5, 52.5)
2022-10-27 15:30:29.624 | 05:39   36ms  100M   70G  73/ 94U [TerranUnit] SIEGETANK from FACTORY at (55.5, 63.5)
2022-10-27 15:30:29.687 | 05:39   35ms   60M   74G  76/ 94U [ActUnit] SCV from COMMANDCENTER at (44.5, 56.5)
2022-10-27 15:30:29.811 | 05:39   35ms   80M   74G  77/ 94U [GameAnalyzer] Income advantage is now OverwhelmingAdvantage
2022-10-27 15:30:29.876 | 05:40   37ms   80M   74G  77/ 94U [GameAnalyzer] Income advantage is now ClearAdvantage
2022-10-27 15:30:32.189 | 05:46   31ms  140M  138G  77/ 94U [TerranUnit] MARINE from BARRACKS at (53.5, 55.5)
2022-10-27 15:30:32.587 | 05:47   33ms  125M  154G  78/ 94U [TerranUnit] MARINE from BARRACKS at (40.5, 61.5)
2022-10-27 15:30:33.474 | 05:49   35ms  150M  186G  79/ 94U [ActUnit] SCV from COMMANDCENTER at (69.5, 52.5)
2022-10-27 15:30:33.908 | 05:50   35ms  125M  186G  80/ 94U [TerranUnit] MARINE from BARRACKS at (40.5, 61.5)
2022-10-27 15:30:34.203 | 05:51   38ms  110M  202G  81/ 94U [ActUnit] SCV from COMMANDCENTER at (44.5, 56.5)
2022-10-27 15:30:36.409 | 05:57   35ms  125M  266G  82/ 94U [GameAnalyzer] Income advantage is now OverwhelmingAdvantage
2022-10-27 15:30:36.490 | 05:57   42ms  125M  266G  82/ 94U [GameAnalyzer] Income advantage is now ClearAdvantage
2022-10-27 15:30:38.436 | 06:01   42ms   65M  314G  82/ 94U [ActUnit] SCV from COMMANDCENTER at (69.5, 52.5)
2022-10-27 15:30:38.949 | 06:03   51ms  105M  330G  83/ 94U [GameAnalyzer] Income advantage is now SmallAdvantage
2022-10-27 15:30:39.037 | 06:03   56ms  115M  330G  83/ 94U [GameAnalyzer] Income advantage is now ClearAdvantage
2022-10-27 15:30:39.289 | 06:03   55ms   70M  330G  83/ 94U [ActUnit] SCV from COMMANDCENTER at (44.5, 56.5)
2022-10-27 15:30:39.564 | 06:04   59ms   30M  338G  84/ 94U [TerranUnit] MARINE from BARRACKS at (53.5, 55.5)
2022-10-27 15:30:40.070 | 06:05   42ms   15M  346G  85/ 94U [TerranUnit] MARINE from BARRACKS at (40.5, 61.5)
2022-10-27 15:30:40.966 | 06:07   47ms   75M  374G  86/102U [GameAnalyzer] Income advantage is now SmallAdvantage
2022-10-27 15:30:41.060 | 06:07   47ms   80M  378G  86/102U [GameAnalyzer] Income advantage is now ClearAdvantage
2022-10-27 15:30:42.050 | 06:09   43ms    0M  394G  85/102U [TerranUnit] MARINE from BARRACKS at (40.5, 61.5)
2022-10-27 15:30:42.139 | 06:09   51ms    5M  394G  83/102U [GameAnalyzer] Income advantage is now SmallAdvantage
2022-10-27 15:30:42.217 | 06:09   44ms   15M  394G  83/102U [GameAnalyzer] Income advantage is now ClearAdvantage
2022-10-27 15:30:42.678 | 06:10   41ms   25M  410G  81/102U [GameAnalyzer] Income advantage is now SmallAdvantage
2022-10-27 15:30:42.748 | 06:11   41ms   40M  410G  81/102U [GameAnalyzer] Income advantage is now ClearAdvantage
2022-10-27 15:30:43.036 | 06:11   32ms   75M  426G  79/102U [GameAnalyzer] Income advantage is now SmallAdvantage
2022-10-27 15:30:43.105 | 06:11   36ms   85M  426G  78/102U [GameAnalyzer] Income advantage is now ClearAdvantage
2022-10-27 15:30:43.895 | 06:14   33ms  100M  442G  78/102U [ActUnit] SCV from COMMANDCENTER at (69.5, 52.5)
2022-10-27 15:30:44.568 | 06:15   29ms  155M  458G  76/102U [GameAnalyzer] Income advantage is now SmallAdvantage
2022-10-27 15:30:44.570 | 06:15   29ms  105M  458G  76/102U [ActUnit] SCV from COMMANDCENTER at (44.5, 56.5)
2022-10-27 15:30:44.627 | 06:16   32ms  125M  466G  77/102U [GameAnalyzer] Income advantage is now ClearAdvantage
2022-10-27 15:30:45.485 | 06:18   29ms  195M  490G  76/102U [GameAnalyzer] Income advantage is now SmallAdvantage
2022-10-27 15:30:45.550 | 06:18   31ms  205M  490G  76/102U [GameAnalyzer] Income advantage is now ClearAdvantage
2022-10-27 15:30:46.098 | 06:20   29ms  110M  381G  76/102U [TerranUnit] SIEGETANK from FACTORY at (55.5, 63.5)
2022-10-27 15:30:46.212 | 06:20   26ms  125M  397G  79/102U [GameAnalyzer] Income advantage is now SmallAdvantage
2022-10-27 15:30:46.269 | 06:20   29ms  135M  397G  79/102U [GameAnalyzer] Income advantage is now ClearAdvantage
2022-10-27 15:30:46.678 | 06:22   28ms  105M  413G  79/102U [TerranUnit] MARINE from BARRACKS at (53.5, 55.5)
2022-10-27 15:30:47.002 | 06:23   30ms  105M  413G  80/102U [TerranUnit] MARINE from BARRACKS at (40.5, 61.5)
2022-10-27 15:30:47.975 | 06:26   27ms  145M  445G  81/102U [ActUnit] SCV from COMMANDCENTER at (69.5, 52.5)
2022-10-27 15:30:48.036 | 06:26   31ms  150M  457G  82/102U [GameAnalyzer] Income advantage is now SmallAdvantage
2022-10-27 15:30:48.093 | 06:26   29ms  160M  461G  82/102U [GameAnalyzer] Income advantage is now ClearAdvantage
2022-10-27 15:30:48.145 | 06:26   28ms  160M  461G  82/102U [GameAnalyzer] Income advantage is now SmallAdvantage
2022-10-27 15:30:48.203 | 06:26   30ms  190M  461G  82/102U [GameAnalyzer] Income advantage is now ClearAdvantage
2022-10-27 15:30:48.325 | 06:27   27ms  140M  461G  82/102U [TerranUnit] MARINE from BARRACKS at (40.5, 61.5)
2022-10-27 15:30:48.382 | 06:27   30ms  145M  461G  83/102U [GameAnalyzer] Income advantage is now SmallAdvantage
2022-10-27 15:30:48.487 | 06:27   26ms  150M  469G  83/102U [GameAnalyzer] Income advantage is now ClearAdvantage
2022-10-27 15:30:48.547 | 06:28   30ms  105M  477G  83/102U [ActUnit] SCV from COMMANDCENTER at (44.5, 56.5)
2022-10-27 15:30:48.932 | 06:29   27ms  160M  485G  84/102U [Tech] Started PUNISHERGRENADES
2022-10-27 15:30:50.473 | 06:34   58ms   15M  491G  84/110U [GameAnalyzer] Income advantage is now SmallAdvantage
2022-10-27 15:30:50.530 | 06:34   28ms   15M  491G  84/110U [GameAnalyzer] Income advantage is now ClearAdvantage
2022-10-27 15:30:51.098 | 06:36   27ms   80M  507G  84/110U [GameAnalyzer] Income advantage is now SmallAdvantage
2022-10-27 15:30:51.148 | 06:36   27ms   85M  507G  84/110U [GameAnalyzer] Income advantage is now ClearAdvantage
2022-10-27 15:30:51.718 | 06:38   30ms   15M  531G  84/110U [GameAnalyzer] Income advantage is now SmallAdvantage
2022-10-27 15:30:51.876 | 06:38   27ms   35M  539G  84/110U [GameAnalyzer] Income advantage is now ClearAdvantage
2022-10-27 15:30:52.083 | 06:39   26ms   45M  539G  84/110U [GameAnalyzer] Income advantage is now SmallAdvantage
2022-10-27 15:30:52.181 | 06:39   27ms   45M  555G  84/110U [GameAnalyzer] Income advantage is now ClearAdvantage
2022-10-27 15:30:52.238 | 06:40   28ms   55M  555G  84/110U [GameAnalyzer] Income advantage is now SmallAdvantage
2022-10-27 15:30:52.239 | 06:40   28ms    5M  555G  84/110U [ActUnit] SCV from COMMANDCENTER at (69.5, 52.5)
2022-10-27 15:30:52.297 | 06:40   28ms   15M  555G  85/110U [GameAnalyzer] Income advantage is now ClearAdvantage
2022-10-27 15:30:52.352 | 06:40   30ms   20M  555G  85/110U [GameAnalyzer] Income advantage is now SmallAdvantage
2022-10-27 15:30:52.453 | 06:40   26ms   35M  555G  85/110U [GameAnalyzer] Income advantage is now ClearAdvantage
2022-10-27 15:30:52.508 | 06:40   30ms  115M  555G  85/110U [ActUnit] SCV from COMMANDCENTER at (44.5, 56.5)
2022-10-27 15:30:52.513 | 06:40   30ms   65M  555G  85/110U [TerranUnit] MARINE from BARRACKS at (53.5, 55.5)
2022-10-27 15:30:52.569 | 06:41   30ms   15M  563G  87/110U [TerranUnit] MARINE from BARRACKS at (40.5, 61.5)
2022-10-27 15:30:52.742 | 06:41   28ms   15M  571G  88/110U [GameAnalyzer] Income advantage is now SmallAdvantage
2022-10-27 15:30:52.890 | 06:42   27ms   45M  571G  88/110U [GameAnalyzer] Income advantage is now ClearAdvantage
2022-10-27 15:30:53.050 | 06:42   26ms   70M  583G  88/110U [GameAnalyzer] Income advantage is now SmallAdvantage
2022-10-27 15:30:53.229 | 06:43   26ms   85M  587G  88/110U [GameAnalyzer] Income advantage is now ClearAdvantage
2022-10-27 15:30:53.444 | 06:43   27ms   90M  587G  88/110U [GameAnalyzer] Income advantage is now SmallAdvantage
2022-10-27 15:30:53.555 | 06:44   28ms  110M  603G  88/110U [GameAnalyzer] Income advantage is now ClearAdvantage
2022-10-27 15:30:54.443 | 06:47   26ms    0M  635G  88/125U [TerranUnit] MARINE from BARRACKS at (48.5, 65.5)
2022-10-27 15:30:55.033 | 06:49   26ms   10M  651G  89/125U [TerranUnit] MARINE from BARRACKS at (40.5, 61.5)
2022-10-27 15:30:55.539 | 06:50   26ms    0M  667G  90/125U [TerranUnit] MARINE from BARRACKS at (52.5, 49.5)
2022-10-27 15:30:57.534 | 06:56   28ms  130M  731G  91/125U [BuildGas] Building REFINERY to (95.5, 52.5)
2022-10-27 15:30:58.048 | 06:58   27ms  130M  747G  91/125U [BuildGas] Building REFINERY to (109.5, 52.5)
2022-10-27 15:30:58.160 | 06:58   27ms   85M  755G  91/125U [TerranUnit] MARINE from BARRACKS at (53.5, 55.5)
2022-10-27 15:30:58.224 | 06:58   29ms   40M  763G  92/125U [TerranUnit] MARINE from BARRACKS at (40.5, 61.5)
2022-10-27 15:30:58.745 | 07:00   28ms  110M  779G  93/125U [Tech] Started TERRANINFANTRYWEAPONSLEVEL1
2022-10-27 15:30:59.883 | 07:04   28ms  130M  711G  93/125U [GameAnalyzer] Predicted army advantage is now SlightDisadvantage
2022-10-27 15:31:00.182 | 07:05   31ms  130M  727G  93/125U [TerranUnit] MARINE from BARRACKS at (48.5, 65.5)
2022-10-27 15:31:00.185 | 07:05   31ms  130M  727G  93/125U [BuildAddon] UnitTypeId.BARRACKSREACTOR to (51.0, 65.0)
2022-10-27 15:31:00.186 | 07:05   31ms  130M  727G  93/125U [BuildAddon] UnitTypeId.BARRACKSTECHLAB to (51.0, 65.0)
2022-10-27 15:31:00.248 | 07:05   35ms  135M  727G  94/125U [Tech] Started TERRANINFANTRYARMORSLEVEL1
2022-10-27 15:31:00.825 | 07:06   28ms   35M  643G  94/125U [TerranUnit] MARINE from BARRACKS at (40.5, 61.5)
2022-10-27 15:31:01.362 | 07:08   29ms  110M  659G  95/125U [BuildAddon] UnitTypeId.BARRACKSREACTOR to (55.0, 49.0)
2022-10-27 15:31:01.364 | 07:08   29ms  110M  659G  95/125U [BuildAddon] UnitTypeId.BARRACKSTECHLAB to (55.0, 49.0)
2022-10-27 15:31:02.081 | 07:10   29ms  105M  658G  95/125U [ActUnit] SCV from COMMANDCENTER at (44.5, 56.5)
2022-10-27 15:31:02.148 | 07:10   33ms   60M  666G  96/125U [ActUnit] SCV from COMMANDCENTER at (69.5, 52.5)
2022-10-27 15:31:02.208 | 07:10   33ms   15M  666G  97/125U [ActUnit] SCV from COMMANDCENTER at (102.5, 53.5)
2022-10-27 15:31:03.424 | 07:14   28ms  165M  698G  98/125U [GameAnalyzer] Predicted army advantage is now Even
2022-10-27 15:31:03.973 | 07:16   30ms  100M  589G  98/125U [TerranUnit] SIEGETANK from FACTORY at (55.5, 63.5)
2022-10-27 15:31:04.808 | 07:18   29ms   15M  596G 101/125U [TerranUnit] MARAUDER from BARRACKS at (53.5, 55.5)
2022-10-27 15:31:05.164 | 07:19   28ms    0M  612G 103/125U [TerranUnit] MARINE from BARRACKS at (40.5, 61.5)
2022-10-27 15:31:06.160 | 07:22   30ms   90M  644G 104/125U [ActUnit] SCV from COMMANDCENTER at (44.5, 56.5)
2022-10-27 15:31:06.224 | 07:22   30ms   45M  644G 105/125U [ActUnit] SCV from COMMANDCENTER at (69.5, 52.5)
2022-10-27 15:31:06.292 | 07:23   31ms    5M  644G 106/125U [ActUnit] SCV from COMMANDCENTER at (102.5, 53.5)
2022-10-27 15:31:06.841 | 07:24   29ms   50M  668G 107/125U [BuildAddon] UnitTypeId.BARRACKSREACTOR to (51.0, 65.0)
2022-10-27 15:31:06.843 | 07:24   29ms   50M  668G 107/125U [BuildAddon] UnitTypeId.BARRACKSTECHLAB to (51.0, 65.0)
2022-10-27 15:31:07.155 | 07:25   30ms    0M  634G 107/125U [TerranUnit] MARINE from BARRACKS at (40.5, 61.5)
2022-10-27 15:31:08.042 | 07:28   32ms    0M  625G 108/125U [TerranUnit] MARAUDER from BARRACKS at (52.5, 49.5)
2022-10-27 15:31:08.732 | 07:30   29ms   65M  665G 110/125U [GameAnalyzer] Predicted army advantage is now SlightDisadvantage
2022-10-27 15:31:10.395 | 07:34   35ms   10M  725G 110/125U [ActUnit] SCV from COMMANDCENTER at (44.5, 56.5)
2022-10-27 15:31:10.524 | 07:35   30ms   35M  725G 111/125U [GameAnalyzer] Predicted army advantage is now Even
2022-10-27 15:31:10.642 | 07:35   30ms    5M  729G 111/125U [ActUnit] SCV from COMMANDCENTER at (102.5, 53.5)
2022-10-27 15:31:11.120 | 07:36   28ms    0M  753G 112/125U [ActUnit] SCV from COMMANDCENTER at (69.5, 52.5)
2022-10-27 15:31:11.418 | 07:37   28ms    0M  769G 113/125U [TerranUnit] MARINE from BARRACKS at (40.5, 61.5)
2022-10-27 15:31:12.168 | 07:40   31ms  195M  809G 114/125U [GameAnalyzer] Known army advantage is now SlightAdvantage
2022-10-27 15:31:12.175 | 07:40   31ms   95M  784G 114/125U [TerranUnit] MARAUDER from BARRACKS at (53.5, 55.5)
2022-10-27 15:31:13.361 | 07:43   31ms  180M  840G 116/133U [TerranUnit] MARINE from BARRACKS at (40.5, 61.5)
2022-10-27 15:31:14.649 | 07:46   29ms   75M  892G 117/133U [ActUnit] SCV from COMMANDCENTER at (44.5, 56.5)
2022-10-27 15:31:14.929 | 07:47   30ms   70M  912G 118/133U [ActUnit] SCV from COMMANDCENTER at (102.5, 53.5)
2022-10-27 15:31:15.453 | 07:49   33ms   65M  936G 119/133U [ActUnit] SCV from COMMANDCENTER at (69.5, 52.5)
2022-10-27 15:31:15.608 | 07:49   40ms   75M  911G 120/133U [TerranUnit] MARAUDER from BARRACKS at (52.5, 49.5)
2022-10-27 15:31:15.734 | 07:49   33ms  105M  915G 122/133U [GameAnalyzer] Income advantage is now OverwhelmingAdvantage
2022-10-27 15:31:16.004 | 07:50   33ms  120M  935G 122/133U [GameAnalyzer] Income advantage is now ClearAdvantage
2022-10-27 15:31:16.201 | 07:51   32ms  135M  935G 122/133U [GameAnalyzer] Income advantage is now OverwhelmingAdvantage
2022-10-27 15:31:16.336 | 07:51   31ms  155M  939G 122/133U [GameAnalyzer] Income advantage is now ClearAdvantage
2022-10-27 15:31:16.599 | 07:52   34ms  210M  959G 122/133U [GameAnalyzer] Income advantage is now OverwhelmingAdvantage
2022-10-27 15:31:16.804 | 07:52   39ms  225M  959G 122/133U [GameAnalyzer] Income advantage is now ClearAdvantage
2022-10-27 15:31:17.142 | 07:53   33ms  255M  983G 122/133U [GameAnalyzer] Income advantage is now OverwhelmingAdvantage
2022-10-27 15:31:17.151 | 07:53   33ms  105M  858G 122/133U [TerranUnit] SIEGETANK from FACTORY at (55.5, 63.5)
2022-10-27 15:31:17.276 | 07:53   33ms   25M  858G 125/133U [GameAnalyzer] Income advantage is now ClearAdvantage
2022-10-27 15:31:17.538 | 07:54   31ms   60M  866G 125/133U [GameAnalyzer] Income advantage is now OverwhelmingAdvantage
2022-10-27 15:31:17.669 | 07:55   31ms   70M  882G 125/133U [GameAnalyzer] Income advantage is now ClearAdvantage
2022-10-27 15:31:17.948 | 07:55   32ms   45M  886G 125/141U [TerranUnit] MARINE from BARRACKS at (40.5, 61.5)
2022-10-27 15:31:18.079 | 07:56   32ms   65M  890G 126/141U [GameAnalyzer] Income advantage is now OverwhelmingAdvantage
2022-10-27 15:31:18.153 | 07:56   32ms   65M  898G 126/141U [GameAnalyzer] Income advantage is now ClearAdvantage
2022-10-27 15:31:19.230 | 07:59   33ms   65M  942G 126/141U [ActUnit] SCV from COMMANDCENTER at (44.5, 56.5)
2022-10-27 15:31:19.505 | 07:59   33ms  155M  954G 127/141U [ActUnit] SCV from COMMANDCENTER at (102.5, 53.5)
2022-10-27 15:31:19.573 | 08:00   35ms  165M  954G 128/141U [GameAnalyzer] Income advantage is now OverwhelmingAdvantage
2022-10-27 15:31:19.644 | 08:00   36ms  175M  958G 128/141U [GameAnalyzer] Income advantage is now ClearAdvantage
2022-10-27 15:31:19.726 | 08:00   35ms  130M  962G 128/141U [TerranUnit] MARINE from BARRACKS at (48.5, 65.5)
2022-10-27 15:31:19.931 | 08:00   33ms  155M  978G 129/141U [GameAnalyzer] Income advantage is now OverwhelmingAdvantage
2022-10-27 15:31:19.938 | 08:00   33ms  105M  978G 129/141U [TerranUnit] MARINE from BARRACKS at (48.5, 65.5)
2022-10-27 15:31:20.006 | 08:01   36ms  105M  978G 130/141U [GameAnalyzer] Income advantage is now ClearAdvantage
2022-10-27 15:31:20.078 | 08:01   36ms   65M  978G 130/141U [ActUnit] SCV from COMMANDCENTER at (69.5, 52.5)
2022-10-27 15:31:20.086 | 08:01   36ms   15M  978G 130/141U [TerranUnit] MARINE from BARRACKS at (40.5, 61.5)
2022-10-27 15:31:20.154 | 08:01   36ms   25M  978G 132/141U [GameAnalyzer] Known army advantage is now SmallAdvantage
2022-10-27 15:31:20.428 | 08:02   33ms   70M  994G 132/141U [GameAnalyzer] Income advantage is now OverwhelmingAdvantage
2022-10-27 15:31:20.712 | 08:02   35ms   90M 1002G 132/141U [GameAnalyzer] Income advantage is now ClearAdvantage
2022-10-27 15:31:20.919 | 08:03   35ms  100M 1010G 132/141U [GameAnalyzer] Income advantage is now OverwhelmingAdvantage
2022-10-27 15:31:21.062 | 08:03   33ms   50M 1026G 132/141U [GameAnalyzer] Income advantage is now ClearAdvantage
2022-10-27 15:31:21.408 | 08:04   33ms  110M 1030G 132/141U [GameAnalyzer] Income advantage is now OverwhelmingAdvantage
2022-10-27 15:31:21.549 | 08:05   35ms   20M 1038G 132/141U [GameAnalyzer] Income advantage is now ClearAdvantage
2022-10-27 15:31:21.886 | 08:05   33ms   50M 1050G 132/141U [GameAnalyzer] Income advantage is now OverwhelmingAdvantage
2022-10-27 15:31:21.961 | 08:06   36ms   50M 1054G 132/141U [GameAnalyzer] Income advantage is now ClearAdvantage
2022-10-27 15:31:22.258 | 08:06   32ms  105M 1074G 132/141U [GameAnalyzer] Income advantage is now OverwhelmingAdvantage
2022-10-27 15:31:22.265 | 08:06   32ms    5M 1049G 132/141U [TerranUnit] MARAUDER from BARRACKS at (53.5, 55.5)
2022-10-27 15:31:22.490 | 08:07   36ms   25M 1049G 134/141U [GameAnalyzer] Income advantage is now ClearAdvantage
2022-10-27 15:31:22.960 | 08:08   32ms   15M  923G 134/141U [TerranUnit] LIBERATOR from STARPORT at (51.5, 58.5)
2022-10-27 15:31:23.333 | 08:09   33ms   75M  931G 137/149U [GameAnalyzer] Income advantage is now OverwhelmingAdvantage
2022-10-27 15:31:23.470 | 08:09   32ms   85M  947G 137/149U [GameAnalyzer] Income advantage is now ClearAdvantage
2022-10-27 15:31:23.756 | 08:10   33ms  110M  947G 137/149U [GameAnalyzer] Income advantage is now OverwhelmingAdvantage
2022-10-27 15:31:23.825 | 08:10   33ms  110M  951G 137/149U [GameAnalyzer] Income advantage is now ClearAdvantage
2022-10-27 15:31:23.972 | 08:10   36ms   45M  934G 137/149U [TerranUnit] MARAUDER from BARRACKS at (52.5, 49.5)
2022-10-27 15:31:24.105 | 08:11   33ms   70M  946G 139/149U [GameAnalyzer] Income advantage is now OverwhelmingAdvantage
2022-10-27 15:31:24.107 | 08:11   33ms   20M  946G 139/149U [ActUnit] SCV from COMMANDCENTER at (44.5, 56.5)
2022-10-27 15:31:24.377 | 08:11   35ms   60M  950G 140/149U [GameAnalyzer] Income advantage is now ClearAdvantage
2022-10-27 15:31:24.380 | 08:11   35ms   10M  950G 140/149U [ActUnit] SCV from COMMANDCENTER at (102.5, 53.5)
2022-10-27 15:31:24.446 | 08:12   36ms   15M  954G 141/149U [GameAnalyzer] Income advantage is now OverwhelmingAdvantage
2022-10-27 15:31:24.747 | 08:12   33ms   45M  970G 141/149U [GameAnalyzer] Income advantage is now ClearAdvantage
2022-10-27 15:31:24.976 | 08:13   34ms   35M  974G 141/149U [ActUnit] SCV from COMMANDCENTER at (69.5, 52.5)
2022-10-27 15:31:25.046 | 08:13   37ms   40M  974G 142/149U [GameAnalyzer] Income advantage is now OverwhelmingAdvantage
2022-10-27 15:31:25.126 | 08:13   38ms    0M  978G 142/149U [TerranUnit] MARINE from BARRACKS at (40.5, 61.5)
2022-10-27 15:31:25.332 | 08:14   35ms   15M  994G 143/149U [GameAnalyzer] Income advantage is now ClearAdvantage
2022-10-27 15:31:25.398 | 08:14   35ms   25M  994G 143/149U [GameAnalyzer] Income advantage is now OverwhelmingAdvantage
2022-10-27 15:31:26.051 | 08:16   34ms   90M 1018G 143/149U [GameAnalyzer] Income advantage is now ClearAdvantage
2022-10-27 15:31:26.346 | 08:16   38ms   40M 1030G 143/149U [GameAnalyzer] Income advantage is now OverwhelmingAdvantage
2022-10-27 15:31:26.571 | 08:17   35ms   65M 1042G 143/149U [GameAnalyzer] Income advantage is now ClearAdvantage
2022-10-27 15:31:26.944 | 08:18   38ms   35M 1050G 143/157U [GameAnalyzer] Income advantage is now OverwhelmingAdvantage
2022-10-27 15:31:27.027 | 08:18   38ms    0M 1062G 143/157U [TerranUnit] MARINE from BARRACKS at (48.5, 65.5)
2022-10-27 15:31:27.172 | 08:18   33ms   10M 1066G 144/157U [GameAnalyzer] Income advantage is now ClearAdvantage
2022-10-27 15:31:27.396 | 08:19   36ms   35M 1070G 144/157U [GameAnalyzer] Income advantage is now OverwhelmingAdvantage
2022-10-27 15:31:27.626 | 08:19   35ms    0M 1082G 144/157U [TerranUnit] MARINE from BARRACKS at (40.5, 61.5)
2022-10-27 15:31:27.991 | 08:20   34ms   30M 1094G 145/157U [GameAnalyzer] Income advantage is now ClearAdvantage
2022-10-27 15:31:28.153 | 08:21   35ms   95M 1098G 145/157U [TerranUnit] MARINE from BARRACKS at (48.5, 65.5)
2022-10-27 15:31:28.297 | 08:21   34ms  135M 1114G 146/157U [GameAnalyzer] Income advantage is now OverwhelmingAdvantage
2022-10-27 15:31:28.375 | 08:21   37ms    5M  964G 146/157U [TerranUnit] LIBERATOR from STARPORT at (51.5, 58.5)
2022-10-27 15:31:28.522 | 08:21   36ms    5M  964G 149/157U [GameAnalyzer] Income advantage is now ClearAdvantage
2022-10-27 15:31:28.812 | 08:22   37ms   25M  976G 149/157U [GameAnalyzer] Income advantage is now OverwhelmingAdvantage
2022-10-27 15:31:28.894 | 08:22   38ms   35M  988G 149/157U [GameAnalyzer] Income advantage is now ClearAdvantage
2022-10-27 15:31:29.112 | 08:23   36ms  100M  988G 149/157U [GameAnalyzer] Income advantage is now OverwhelmingAdvantage
2022-10-27 15:31:29.114 | 08:23   36ms   50M  988G 149/157U [ActUnit] SCV from COMMANDCENTER at (44.5, 56.5)
2022-10-27 15:31:29.268 | 08:23   36ms   70M  992G 150/157U [GameAnalyzer] Income advantage is now ClearAdvantage
2022-10-27 15:31:29.341 | 08:23   37ms   80M  996G 150/157U [GameAnalyzer] Income advantage is now OverwhelmingAdvantage
2022-10-27 15:31:29.419 | 08:24   37ms   30M  996G 150/157U [ActUnit] SCV from COMMANDCENTER at (102.5, 53.5)
2022-10-27 15:31:29.974 | 08:25   37ms    5M 1016G 151/157U [GameAnalyzer] Income advantage is now ClearAdvantage
2022-10-27 15:31:30.126 | 08:25   37ms   30M 1028G 151/157U [GameAnalyzer] Income advantage is now OverwhelmingAdvantage
2022-10-27 15:31:30.127 | 08:25   37ms   30M 1028G 151/157U [GameAnalyzer] Predicted army advantage is now SlightAdvantage
2022-10-27 15:31:30.310 | 08:26   35ms    5M 1036G 151/157U [ActUnit] SCV from COMMANDCENTER at (69.5, 52.5)
2022-10-27 15:31:30.389 | 08:26   40ms   10M 1036G 152/157U [GameAnalyzer] Income advantage is now ClearAdvantage
2022-10-27 15:31:30.604 | 08:26   35ms   25M 1040G 152/157U [GameAnalyzer] Income advantage is now OverwhelmingAdvantage
2022-10-27 15:31:30.681 | 08:26   39ms   25M 1044G 152/157U [GameAnalyzer] Predicted army advantage is now Even
2022-10-27 15:31:30.909 | 08:27   37ms   50M 1060G 152/165U [GameAnalyzer] Income advantage is now ClearAdvantage
2022-10-27 15:31:31.047 | 08:27   33ms   80M 1060G 152/165U [GameAnalyzer] Income advantage is now OverwhelmingAdvantage
2022-10-27 15:31:31.404 | 08:28   35ms   15M 1080G 152/165U [GameAnalyzer] Income advantage is now ClearAdvantage
2022-10-27 15:31:31.473 | 08:28   35ms   20M 1084G 152/165U [GameAnalyzer] Income advantage is now OverwhelmingAdvantage
2022-10-27 15:31:31.761 | 08:29   35ms   10M 1088G 152/165U [TerranUnit] MARINE from BARRACKS at (53.5, 55.5)
2022-10-27 15:31:31.979 | 08:30   35ms   20M 1104G 153/165U [GameAnalyzer] Income advantage is now ClearAdvantage
2022-10-27 15:31:32.050 | 08:30   36ms   40M 1108G 153/165U [GameAnalyzer] Income advantage is now OverwhelmingAdvantage
2022-10-27 15:31:32.128 | 08:30   37ms   45M 1108G 153/165U [GameAnalyzer] Income advantage is now ClearAdvantage
2022-10-27 15:31:32.420 | 08:31   36ms  115M 1112G 153/165U [GameAnalyzer] Income advantage is now OverwhelmingAdvantage
2022-10-27 15:31:32.491 | 08:31   36ms  115M 1116G 153/165U [GameAnalyzer] Income advantage is now ClearAdvantage
2022-10-27 15:31:32.564 | 08:31   37ms  120M 1124G 153/165U [GameAnalyzer] Income advantage is now OverwhelmingAdvantage
2022-10-27 15:31:32.565 | 08:31   37ms  120M 1124G 153/165U [GameAnalyzer] Predicted army advantage is now SlightAdvantage
2022-10-27 15:31:32.573 | 08:31   37ms   70M 1124G 153/165U [TerranUnit] MARINE from BARRACKS at (40.5, 61.5)
2022-10-27 15:31:32.717 | 08:31   34ms   90M 1132G 154/165U [GameAnalyzer] Income advantage is now ClearAdvantage
2022-10-27 15:31:32.798 | 08:32   38ms   90M 1132G 154/165U [GameAnalyzer] Predicted army advantage is now Even
2022-10-27 15:31:32.879 | 08:32   40ms    0M 1107G 154/165U [TerranUnit] MARAUDER from BARRACKS at (52.5, 49.5)
2022-10-27 15:31:32.949 | 08:32   38ms   45M 1107G 156/165U [GameAnalyzer] Income advantage is now OverwhelmingAdvantage
2022-10-27 15:31:33.031 | 08:32   41ms   45M 1111G 156/165U [GameAnalyzer] Income advantage is now ClearAdvantage
2022-10-27 15:31:33.489 | 08:33   40ms  105M 1131G 156/165U [GameAnalyzer] Income advantage is now OverwhelmingAdvantage
2022-10-27 15:31:33.569 | 08:33   39ms   10M 1131G 156/165U [GameAnalyzer] Income advantage is now ClearAdvantage
2022-10-27 15:31:34.022 | 08:35   37ms   55M 1155G 156/165U [GameAnalyzer] Income advantage is now OverwhelmingAdvantage
2022-10-27 15:31:34.102 | 08:35   39ms   60M 1155G 156/165U [GameAnalyzer] Income advantage is now ClearAdvantage
2022-10-27 15:31:34.257 | 08:35   38ms   25M 1159G 156/165U [ActUnit] SCV from COMMANDCENTER at (44.5, 56.5)
2022-10-27 15:31:34.482 | 08:36   36ms   55M 1175G 157/165U [GameAnalyzer] Income advantage is now OverwhelmingAdvantage
2022-10-27 15:31:34.557 | 08:36   36ms   65M 1179G 157/165U [GameAnalyzer] Predicted army advantage is now SlightAdvantage
2022-10-27 15:31:34.565 | 08:36   36ms   15M 1179G 157/165U [TerranUnit] MARINE from BARRACKS at (48.5, 65.5)
2022-10-27 15:31:34.721 | 08:36   41ms   25M 1179G 158/165U [GameAnalyzer] Income advantage is now ClearAdvantage
2022-10-27 15:31:34.878 | 08:36   36ms   40M 1183G 158/165U [GameAnalyzer] Income advantage is now OverwhelmingAdvantage
2022-10-27 15:31:35.200 | 08:37   37ms   85M 1203G 158/165U [GameAnalyzer] Income advantage is now ClearAdvantage
2022-10-27 15:31:35.202 | 08:37   37ms   85M 1203G 158/165U [GameAnalyzer] Known army advantage is now ClearAdvantage
2022-10-27 15:31:35.210 | 08:37   37ms   35M 1203G 158/165U [TerranUnit] MARINE from BARRACKS at (40.5, 61.5)
2022-10-27 15:31:35.522 | 08:38   37ms   80M 1207G 159/165U [GameAnalyzer] Income advantage is now OverwhelmingAdvantage
2022-10-27 15:31:35.684 | 08:38   40ms   95M 1211G 159/165U [GameAnalyzer] Income advantage is now ClearAdvantage
2022-10-27 15:31:35.778 | 08:38   38ms   50M 1219G 159/165U [TerranUnit] MARINE from BARRACKS at (48.5, 65.5)
2022-10-27 15:31:36.017 | 08:39   36ms   70M 1227G 160/165U [GameAnalyzer] Income advantage is now OverwhelmingAdvantage
2022-10-27 15:31:36.728 | 08:41   36ms    0M 1126G 160/173U [TerranUnit] SIEGETANK from FACTORY at (55.5, 63.5)
2022-10-27 15:31:37.699 | 08:43   38ms   20M 1158G 163/173U [GameAnalyzer] Income advantage is now ClearAdvantage
2022-10-27 15:31:37.774 | 08:43   40ms   25M 1166G 163/173U [GameAnalyzer] Income advantage is now OverwhelmingAdvantage
2022-10-27 15:31:38.011 | 08:43   37ms   55M 1174G 163/173U [GameAnalyzer] Income advantage is now ClearAdvantage
2022-10-27 15:31:38.175 | 08:44   38ms   75M 1178G 163/173U [GameAnalyzer] Income advantage is now OverwhelmingAdvantage
2022-10-27 15:31:38.646 | 08:45   35ms   45M 1198G 163/173U [GameAnalyzer] Income advantage is now ClearAdvantage
2022-10-27 15:31:38.745 | 08:45   67ms   60M 1198G 163/173U [GameAnalyzer] Income advantage is now OverwhelmingAdvantage
2022-10-27 15:31:39.573 | 08:47   35ms  135M 1230G 163/173U [GameAnalyzer] Income advantage is now ClearAdvantage
2022-10-27 15:31:39.582 | 08:47   35ms   35M 1205G 163/173U [TerranUnit] MARAUDER from BARRACKS at (53.5, 55.5)
2022-10-27 15:31:39.726 | 08:47   37ms   55M 1217G 165/173U [GameAnalyzer] Income advantage is now OverwhelmingAdvantage
2022-10-27 15:31:39.900 | 08:48   36ms   75M 1221G 165/173U [GameAnalyzer] Income advantage is now ClearAdvantage
2022-10-27 15:31:39.977 | 08:48   45ms  105M 1221G 165/173U [GameAnalyzer] Income advantage is now OverwhelmingAdvantage
2022-10-27 15:31:40.062 | 08:48   38ms  105M 1221G 165/173U [GameAnalyzer] Income advantage is now ClearAdvantage
2022-10-27 15:31:40.136 | 08:48   39ms  115M 1225G 165/173U [GameAnalyzer] Income advantage is now OverwhelmingAdvantage
2022-10-27 15:31:40.446 | 08:49   38ms  195M 1145G 165/173U [GameAnalyzer] Income advantage is now ClearAdvantage
2022-10-27 15:31:40.454 | 08:49   38ms  145M 1145G 165/173U [TerranUnit] MARINE from BARRACKS at (40.5, 61.5)
2022-10-27 15:31:40.531 | 08:49   39ms  160M 1145G 166/173U [GameAnalyzer] Income advantage is now OverwhelmingAdvantage
2022-10-27 15:31:41.477 | 08:51   37ms  110M 1023G 166/181U [TerranUnit] LIBERATOR from STARPORT at (51.5, 58.5)
2022-10-27 15:31:42.341 | 08:53   37ms   15M  963G 169/181U [TerranUnit] MARINE from BARRACKS at (52.5, 49.5)
2022-10-27 15:31:42.352 | 08:53   37ms   15M  963G 169/181U [PlanZoneAttack] Power 73.67 is larger than required attack power 60.00 -> attack!
2022-10-27 15:31:42.354 | 08:53   37ms   15M  963G 169/181U [PlanZoneAttack] Attack started at 73.67 power.
2022-10-27 15:31:42.511 | 08:54   43ms   45M  967G 170/181U [GameAnalyzer] Income advantage is now ClearAdvantage
2022-10-27 15:31:42.607 | 08:54   48ms   45M  967G 170/181U [GameAnalyzer] Income advantage is now OverwhelmingAdvantage
2022-10-27 15:31:42.708 | 08:54   47ms    0M  967G 170/181U [TerranUnit] MARINE from BARRACKS at (48.5, 65.5)
2022-10-27 15:31:43.278 | 08:55   47ms    0M  991G 171/181U [TerranUnit] MARINE from BARRACKS at (40.5, 61.5)
2022-10-27 15:31:43.832 | 08:56   49ms   40M 1007G 172/181U [GameAnalyzer] Income advantage is now ClearAdvantage
2022-10-27 15:31:43.947 | 08:56   48ms    0M 1015G 172/181U [TerranUnit] MARINE from BARRACKS at (48.5, 65.5)
2022-10-27 15:31:44.034 | 08:56   51ms   20M 1015G 173/181U [GameAnalyzer] Income advantage is now OverwhelmingAdvantage
2022-10-27 15:31:44.522 | 08:57   47ms   60M 1023G 173/189U [GameAnalyzer] Income advantage is now ClearAdvantage
2022-10-27 15:31:44.609 | 08:58   48ms   60M 1027G 173/189U [GameAnalyzer] Income advantage is now OverwhelmingAdvantage
2022-10-27 15:31:45.034 | 08:58   49ms   75M 1039G 173/189U [GameAnalyzer] Income advantage is now ClearAdvantage
2022-10-27 15:31:45.220 | 08:59   47ms  105M 1043G 173/189U [GameAnalyzer] Income advantage is now OverwhelmingAdvantage
2022-10-27 15:31:46.529 | 09:01   43ms   65M 1087G 173/189U [GameAnalyzer] Income advantage is now ClearAdvantage
2022-10-27 15:31:46.618 | 09:01   47ms   75M 1087G 173/189U [GameAnalyzer] Income advantage is now OverwhelmingAdvantage
2022-10-27 15:31:47.171 | 09:02   46ms  120M 1111G 173/189U [GameAnalyzer] Income advantage is now ClearAdvantage
2022-10-27 15:31:47.261 | 09:03   49ms  125M 1111G 173/189U [GameAnalyzer] Income advantage is now OverwhelmingAdvantage
2022-10-27 15:31:47.727 | 09:03   45ms  130M 1023G 173/189U [GameAnalyzer] Income advantage is now ClearAdvantage
2022-10-27 15:31:47.917 | 09:04   43ms  140M 1035G 173/189U [GameAnalyzer] Income advantage is now OverwhelmingAdvantage
2022-10-27 15:31:48.115 | 09:04   44ms    0M  885G 173/189U [TerranUnit] LIBERATOR from STARPORT at (51.5, 58.5)
2022-10-27 15:31:48.198 | 09:04   49ms    5M  885G 176/189U [GameAnalyzer] Income advantage is now ClearAdvantage
2022-10-27 15:31:48.384 | 09:05   42ms   20M  893G 176/189U [GameAnalyzer] Income advantage is now OverwhelmingAdvantage
2022-10-27 15:31:48.647 | 09:05   42ms   45M  909G 176/189U [GameAnalyzer] Income advantage is now ClearAdvantage
2022-10-27 15:31:48.736 | 09:05   45ms   60M  909G 176/189U [GameAnalyzer] Income advantage is now OverwhelmingAdvantage
2022-10-27 15:31:48.832 | 09:06   47ms   65M  909G 176/189U [GameAnalyzer] Income advantage is now ClearAdvantage
2022-10-27 15:31:49.111 | 09:06   53ms   85M  913G 176/189U [GameAnalyzer] Income advantage is now OverwhelmingAdvantage
2022-10-27 15:31:49.391 | 09:07   51ms  105M  933G 176/189U [GameAnalyzer] Income advantage is now ClearAdvantage
2022-10-27 15:31:49.490 | 09:07   49ms   60M  933G 176/189U [TerranUnit] MARINE from BARRACKS at (40.5, 61.5)
2022-10-27 15:31:49.584 | 09:07   50ms   95M  933G 177/189U [GameAnalyzer] Income advantage is now OverwhelmingAdvantage
2022-10-27 15:31:49.687 | 09:07   51ms  110M  933G 177/189U [GameAnalyzer] Income advantage is now ClearAdvantage
2022-10-27 15:31:49.882 | 09:08   52ms  135M  937G 177/197U [GameAnalyzer] Income advantage is now OverwhelmingAdvantage
2022-10-27 15:31:49.983 | 09:08   50ms  135M  941G 177/197U [GameAnalyzer] Income advantage is now ClearAdvantage
2022-10-27 15:31:50.181 | 09:08   47ms  175M  957G 177/197U [GameAnalyzer] Income advantage is now OverwhelmingAdvantage
2022-10-27 15:31:50.371 | 09:08   46ms  190M  957G 177/197U [GameAnalyzer] Predicted army advantage is now SmallAdvantage
2022-10-27 15:31:50.380 | 09:08   46ms   90M  932G 177/197U [TerranUnit] MARAUDER from BARRACKS at (53.5, 55.5)
2022-10-27 15:31:50.809 | 09:09   46ms  115M  940G 179/197U [GameAnalyzer] Predicted army advantage is now SlightAdvantage
2022-10-27 15:31:51.227 | 09:10   49ms  155M  956G 179/197U [GameAnalyzer] Income advantage is now ClearAdvantage
2022-10-27 15:31:51.575 | 09:10   52ms  170M  960G 179/197U [GameAnalyzer] Income advantage is now OverwhelmingAdvantage
2022-10-27 15:31:51.576 | 09:10   52ms  170M  960G 179/197U [GameAnalyzer] Known army advantage is now SmallAdvantage
2022-10-27 15:31:52.009 | 09:11   57ms  100M  955G 179/197U [TerranUnit] MARAUDER from BARRACKS at (52.5, 49.5)
2022-10-27 15:31:52.453 | 09:12   53ms  140M  959G 181/197U [GameAnalyzer] Known army advantage is now ClearAdvantage
2022-10-27 15:31:52.462 | 09:12   53ms   90M  959G 181/197U [TerranUnit] MARINE from BARRACKS at (48.5, 65.5)
2022-10-27 15:31:53.153 | 09:13   56ms   80M  979G 182/197U [TerranUnit] MARINE from BARRACKS at (40.5, 61.5)
2022-10-27 15:31:53.261 | 09:13   60ms   85M  979G 183/197U [GameAnalyzer] Income advantage is now ClearAdvantage
2022-10-27 15:31:53.262 | 09:13   60ms   85M  979G 183/197U [GameAnalyzer] Known army advantage is now SmallAdvantage
2022-10-27 15:31:53.263 | 09:13   60ms   85M  979G 183/197U [GameAnalyzer] Predicted army advantage is now Even
2022-10-27 15:31:53.362 | 09:13   58ms   90M  983G 183/197U [GameAnalyzer] Income advantage is now OverwhelmingAdvantage
2022-10-27 15:31:53.590 | 09:14   55ms  110M  987G 183/197U [GameAnalyzer] Income advantage is now ClearAdvantage
2022-10-27 15:31:53.812 | 09:14   58ms    0M  878G 183/197U [TerranUnit] SIEGETANK from FACTORY at (55.5, 63.5)
2022-10-27 15:31:53.929 | 09:14   58ms   20M  878G 186/197U [GameAnalyzer] Income advantage is now OverwhelmingAdvantage
2022-10-27 15:31:54.156 | 09:15   58ms   55M  878G 186/197U [GameAnalyzer] Income advantage is now ClearAdvantage
2022-10-27 15:31:54.166 | 09:15   58ms    5M  878G 186/197U [TerranUnit] MARINE from BARRACKS at (48.5, 65.5)
2022-10-27 15:31:56.623 | 09:18   56ms  150M  942G 186/197U [GameAnalyzer] Known army advantage is now ClearAdvantage
2022-10-27 15:31:56.625 | 09:18   56ms  150M  942G 186/197U [GameAnalyzer] Predicted army advantage is now SlightAdvantage
2022-10-27 15:31:59.106 | 09:22   62ms  295M 1002G 185/197U [GameAnalyzer] Known army advantage is now SmallAdvantage
2022-10-27 15:31:59.982 | 09:23   62ms  330M 1022G 185/200U [GameAnalyzer] Known army advantage is now OverwhelmingAdvantage
2022-10-27 15:31:59.983 | 09:23   62ms  330M 1022G 185/200U [GameAnalyzer] Predicted army advantage is now ClearAdvantage
2022-10-27 15:32:00.652 | 09:25   51ms  380M 1046G 185/200U [GameAnalyzer] Income advantage is now OverwhelmingAdvantage
2022-10-27 15:32:00.768 | 09:25   49ms  340M 1046G 185/200U [TerranUnit] MARINE from BARRACKS at (40.5, 61.5)
2022-10-27 15:32:01.060 | 09:25   50ms  355M 1050G 186/200U [GameAnalyzer] Income advantage is now ClearAdvantage
2022-10-27 15:32:01.764 | 09:26   49ms  410M 1070G 186/200U [Expand] Expanding to (60.5, 80.5)
2022-10-27 15:32:01.973 | 09:27   55ms   30M 1078G 186/200U [GameAnalyzer] Income advantage is now OverwhelmingAdvantage
2022-10-27 15:32:02.087 | 09:27   52ms   35M 1082G 186/200U [GameAnalyzer] Income advantage is now ClearAdvantage
2022-10-27 15:32:02.618 | 09:28   46ms   70M 1094G 185/200U [GameAnalyzer] Income advantage is now OverwhelmingAdvantage
2022-10-27 15:32:02.715 | 09:28   50ms   70M 1098G 185/200U [GameAnalyzer] Income advantage is now ClearAdvantage
2022-10-27 15:32:03.099 | 09:29   45ms  115M 1118G 185/200U [GameAnalyzer] Income advantage is now OverwhelmingAdvantage
2022-10-27 15:32:03.287 | 09:29   50ms  150M 1118G 185/200U [GameAnalyzer] Income advantage is now ClearAdvantage
2022-10-27 15:32:03.660 | 09:30   48ms   20M 1076G 185/200U [GameAnalyzer] Income advantage is now OverwhelmingAdvantage
2022-10-27 15:32:03.932 | 09:30   45ms   45M 1092G 185/200U [GameAnalyzer] Income advantage is now ClearAdvantage
2022-10-27 15:32:04.125 | 09:31   44ms    0M 1092G 185/200U [TerranUnit] MARINE from BARRACKS at (48.5, 65.5)
2022-10-27 15:32:04.669 | 09:32   44ms    0M 1112G 186/200U [TerranUnit] MARINE from BARRACKS at (40.5, 61.5)
2022-10-27 15:32:04.841 | 09:32   43ms   10M 1112G 187/200U [GameAnalyzer] Income advantage is now OverwhelmingAdvantage
2022-10-27 15:32:04.931 | 09:32   45ms   20M 1112G 187/200U [GameAnalyzer] Predicted army advantage is now OverwhelmingAdvantage
2022-10-27 15:32:05.028 | 09:33   44ms   20M 1116G 187/200U [GameAnalyzer] Income advantage is now ClearAdvantage
2022-10-27 15:32:05.405 | 09:33   47ms   65M 1136G 187/200U [GameAnalyzer] Income advantage is now OverwhelmingAdvantage
2022-10-27 15:32:05.416 | 09:33   47ms   15M 1136G 187/200U [TerranUnit] MARINE from BARRACKS at (48.5, 65.5)
2022-10-27 15:32:05.504 | 09:33   52ms   25M 1140G 188/200U [GameAnalyzer] Income advantage is now ClearAdvantage
2022-10-27 15:32:05.897 | 09:34   45ms    5M 1144G 188/200U [TerranUnit] MARINE from BARRACKS at (53.5, 55.5)
2022-10-27 15:32:05.983 | 09:34   48ms   15M 1144G 189/200U [GameAnalyzer] Income advantage is now OverwhelmingAdvantage
2022-10-27 15:32:06.174 | 09:35   45ms   15M 1160G 189/200U [GameAnalyzer] Income advantage is now ClearAdvantage
2022-10-27 15:32:06.543 | 09:35   43ms   45M 1168G 189/200U [GameAnalyzer] Income advantage is now OverwhelmingAdvantage
2022-10-27 15:32:06.639 | 09:36   47ms   50M 1168G 189/200U [GameAnalyzer] Income advantage is now ClearAdvantage
2022-10-27 15:32:06.648 | 09:36   47ms   50M 1168G 189/200U [BuildAddon] UnitTypeId.FACTORYREACTOR to (49.0, 68.0)
2022-10-27 15:32:06.650 | 09:36   47ms    0M 1168G 189/200U [TerranUnit] MARINE from BARRACKS at (52.5, 49.5)
2022-10-27 15:32:06.923 | 09:36   49ms   15M 1134G 189/200U [TerranUnit] MARINE from BARRACKS at (52.5, 49.5)
2022-10-27 15:32:07.003 | 09:36   46ms   15M 1134G 190/200U [GameAnalyzer] Income advantage is now OverwhelmingAdvantage
2022-10-27 15:32:07.196 | 09:37   47ms   25M 1134G 190/200U [GameAnalyzer] Income advantage is now ClearAdvantage
2022-10-27 15:32:07.664 | 09:38   43ms   40M 1158G 190/200U [GameAnalyzer] Income advantage is now OverwhelmingAdvantage
2022-10-27 15:32:07.801 | 09:38   79ms   55M 1158G 190/200U [BuildAddon] UnitTypeId.STARPORTTECHLAB to (56.0, 66.0)
2022-10-27 15:32:08.444 | 09:39   46ms   70M 1153G 190/200U [GameAnalyzer] Predicted army advantage is now ClearAdvantage
2022-10-27 15:32:09.291 | 09:41   47ms   10M 1027G 190/200U [TerranUnit] LIBERATOR from STARPORT at (51.5, 58.5)
2022-10-27 15:32:10.346 | 09:43   46ms   70M 1051G 193/200U [GameAnalyzer] Predicted army advantage is now OverwhelmingAdvantage
2022-10-27 15:32:10.357 | 09:43   46ms   20M 1051G 193/200U [TerranUnit] MARINE from BARRACKS at (40.5, 61.5)
2022-10-27 15:32:11.290 | 09:44   52ms  115M 1079G 194/200U [GameAnalyzer] Predicted army advantage is now ClearAdvantage
2022-10-27 15:32:11.493 | 09:45   50ms  135M 1083G 194/200U [GameAnalyzer] Income advantage is now ClearAdvantage
2022-10-27 15:32:12.518 | 09:46   54ms   50M  982G 194/200U [TerranUnit] SIEGETANK from FACTORY at (55.5, 63.5)
2022-10-27 15:32:14.174 | 09:48   79ms   15M  872G 197/200U [TerranUnit] LIBERATOR from STARPORT at (51.5, 58.5)
2022-10-27 15:32:17.173 | 09:52   79ms  195M  944G 200/200U [Tech] Started DRILLCLAWS
2022-10-27 15:32:17.738 | 09:53   67ms  140M  873G 200/200U [GameAnalyzer] Income advantage is now OverwhelmingAdvantage
2022-10-27 15:32:18.407 | 09:54   72ms  175M  893G 200/200U [Tech] Started TERRANINFANTRYWEAPONSLEVEL2
2022-10-27 15:32:21.125 | 09:58   60ms  195M  774G 200/200U [Tech] Started TERRANINFANTRYARMORSLEVEL2
2022-10-27 15:32:23.115 | 10:01   55ms  160M  655G 200/200U [Tech] Started PERSONALCLOAKING
2022-10-27 15:32:31.746 | 10:15   80ms  320M  729G 200/200U [PlanZoneAttack] Retreat started at 10.62 own local power against 14.32 enemy local power.
2022-10-27 15:32:32.027 | 10:15   79ms  185M  604G 197/200U [TerranUnit] GHOST from BARRACKS at (53.5, 55.5)
2022-10-27 15:32:32.029 | 10:15   79ms   85M  579G 197/200U [TerranUnit] MARAUDER from BARRACKS at (52.5, 49.5)
2022-10-27 15:32:32.030 | 10:15   79ms   35M  579G 197/200U [TerranUnit] MARINE from BARRACKS at (48.5, 65.5)
2022-10-27 15:32:32.316 | 10:15   80ms  175M  608G 200/200U [GameAnalyzer] Known army advantage is now ClearAdvantage
2022-10-27 15:32:35.839 | 10:20   50ms  260M  700G 200/200U [GameAnalyzer] Predicted army advantage is now SmallAdvantage
2022-10-27 15:32:37.714 | 10:23   48ms  395M  748G 200/200U [GameAnalyzer] Predicted army advantage is now ClearAdvantage
2022-10-27 15:32:38.036 | 10:24   53ms  255M  752G 200/200U [GameAnalyzer] Income advantage is now ClearAdvantage
2022-10-27 15:32:38.164 | 10:24   50ms  260M  752G 200/200U [GameAnalyzer] Income advantage is now OverwhelmingAdvantage
2022-10-27 15:32:39.026 | 10:26   48ms  355M  776G 200/200U [GameAnalyzer] Known army advantage is now OverwhelmingAdvantage
2022-10-27 15:32:40.167 | 10:28   54ms  440M  812G 200/200U [GameAnalyzer] Income advantage is now ClearAdvantage
2022-10-27 15:32:40.264 | 10:28   55ms  450M  820G 200/200U [GameAnalyzer] Income advantage is now OverwhelmingAdvantage
2022-10-27 15:32:42.262 | 10:31   53ms  615M  868G 200/200U [Expand] Expanding to (132.5, 52.5)
2022-10-27 15:32:44.102 | 10:35   52ms  380M  924G 200/200U [PlanZoneAttack] Retreat stopped.
2022-10-27 15:32:44.197 | 10:35   52ms  380M  932G 200/200U [PlanZoneAttack] Power 102.67 is larger than required attack power 60.00 -> attack!
2022-10-27 15:32:44.198 | 10:35   52ms  380M  932G 200/200U [PlanZoneAttack] Attack started at 102.67 power.
2022-10-27 15:32:44.271 | 10:35   51ms  385M  940G 200/200U [GameAnalyzer] Income advantage is now ClearAdvantage
2022-10-27 15:32:44.477 | 10:35   54ms  415M  940G 200/200U [GameAnalyzer] Income advantage is now OverwhelmingAdvantage
2022-10-27 15:32:44.792 | 10:36   58ms  470M  948G 200/200U [GameAnalyzer] Predicted army advantage is now OverwhelmingAdvantage
2022-10-27 15:32:45.008 | 10:36   59ms  480M  956G 200/200U [GameAnalyzer] Income advantage is now ClearAdvantage
2022-10-27 15:32:45.126 | 10:36   68ms  485M  964G 200/200U [GameAnalyzer] Income advantage is now OverwhelmingAdvantage
2022-10-27 15:32:45.531 | 10:37   59ms  495M  964G 200/200U [GameAnalyzer] Income advantage is now ClearAdvantage
2022-10-27 15:32:45.729 | 10:38   61ms  530M  972G 200/200U [GameAnalyzer] Income advantage is now OverwhelmingAdvantage
2022-10-27 15:32:47.947 | 10:41   64ms  690M 1036G 200/200U [GameAnalyzer] Predicted army advantage is now ClearAdvantage
2022-10-27 15:32:48.818 | 10:42   64ms  785M 1060G 200/200U [Expand] Expanding to (41.5, 101.5)
2022-10-27 15:32:50.616 | 10:45   62ms  335M  975G 197/200U [TerranUnit] GHOST from BARRACKS at (52.5, 49.5)
2022-10-27 15:32:50.618 | 10:45   62ms  235M  950G 197/200U [TerranUnit] MARAUDER from BARRACKS at (53.5, 55.5)
2022-10-27 15:32:50.619 | 10:45   62ms  185M  950G 197/200U [TerranUnit] MARINE from BARRACKS at (40.5, 61.5)
2022-10-27 15:32:50.620 | 10:45   62ms   35M  825G 197/200U [TerranUnit] SIEGETANK from FACTORY at (55.5, 63.5)
2022-10-27 15:32:52.888 | 10:49   64ms  265M 1031G 200/200U [BuildGas] Building REFINERY to (67.5, 77.5)
2022-10-27 15:32:56.582 | 10:55   62ms  415M 1135G 200/200U [BuildGas] Building REFINERY to (64.5, 73.5)
2022-10-27 15:32:59.017 | 10:59   58ms  580M 1203G 200/200U [BuildAddon] UnitTypeId.BARRACKSREACTOR to (81.0, 53.0)
2022-10-27 15:32:59.019 | 10:59   58ms  580M 1203G 200/200U [BuildAddon] UnitTypeId.BARRACKSTECHLAB to (81.0, 53.0)
2022-10-27 15:33:03.806 | 11:06   67ms  845M 1269G 200/200U [BuildAddon] UnitTypeId.BARRACKSREACTOR to (72.0, 60.0)
2022-10-27 15:33:03.808 | 11:06   67ms  845M 1269G 200/200U [BuildAddon] UnitTypeId.BARRACKSTECHLAB to (72.0, 60.0)
2022-10-27 15:33:05.764 | 11:09   74ms  960M 1263G 200/200U [BuildAddon] UnitTypeId.BARRACKSTECHLAB to (74.0, 57.0)
2022-10-27 15:33:08.178 | 11:12   73ms 1090M 1290G 200/200U [GameAnalyzer] Predicted army advantage is now OverwhelmingAdvantage
2022-10-27 15:33:08.699 | 11:13   70ms 1110M 1298G 200/200U [BuildAddon] UnitTypeId.BARRACKSTECHLAB to (109.0, 59.0)
2022-10-27 15:33:09.238 | 11:14   76ms 1110M 1289G 200/200U [GameAnalyzer] Predicted army advantage is now ClearAdvantage
2022-10-27 15:33:11.856 | 11:17   77ms 1305M 1341G 200/200U [GameAnalyzer] Predicted army advantage is now OverwhelmingAdvantage
2022-10-27 15:33:16.339 | 11:23   85ms 1615M 1437G 200/200U [EnemyArmyPredicter] Predicting negative free minerals for enemy: -300
2022-10-27 15:33:20.753 | 11:28   77ms 1905M 1525G 200/200U [EnemyArmyPredicter] Predicting negative free minerals for enemy: -238
2022-10-27 15:33:25.114 | 11:33   88ms 2230M 1633G 200/200U [EnemyArmyPredicter] Predicting negative free minerals for enemy: -176
2022-10-27 15:33:29.435 | 11:38   75ms 2520M 1737G 200/200U [EnemyArmyPredicter] Predicting negative free minerals for enemy: -64
2022-10-27 15:33:33.467 | 11:43   67ms 2875M 1853G 200/200U [EnemyArmyPredicter] Predicting negative free minerals for enemy: -51
2022-10-27 15:33:37.142 | 11:48   63ms 3210M 1965G 200/200U [EnemyArmyPredicter] Predicting negative free minerals for enemy: -300
2022-10-27 15:33:42.227 | 11:54  114ms 3510M 2077G 200/200U [EnemyArmyPredicter] Predicting negative free minerals for enemy: -300
2022-10-27 15:33:44.194 | INFO     | sc2.protocol:_execute:72 - Client status changed to Status.ended (was Status.in_game)
2022-10-27 15:33:44.195 | Result: Victory
2022-10-27 15:33:44.196 | Duration: 11:55
2022-10-27 15:33:44.197 | Step time min: 5
2022-10-27 15:33:44.197 | Step time avg: 33
2022-10-27 15:33:44.198 | Step time max: 148
2022-10-27 15:33:44.199 | [LostUnitsContents] My lost units minerals and gas: (1950, 375)
2022-10-27 15:33:44.199 | [LostUnitsContents] My lost units minerals by score: 1950.0
2022-10-27 15:33:44.199 | [LostUnitsContents] Enemy lost units minerals and gas: (13050, 3725)
2022-10-27 15:33:44.200 | [LostUnitsContents] Enemy lost units minerals by score: 12950.0
2022-10-27 15:33:44.201 | [GameAnalyzerEnd] Own units:
2022-10-27 15:33:44.202 | [GameAnalyzerEnd] MARINE            total:  82 alive:  53 dead:  29 
2022-10-27 15:33:44.202 | [GameAnalyzerEnd] SCV               total:  72 alive:  72 dead:   0 
2022-10-27 15:33:44.203 | [GameAnalyzerEnd] SUPPLYDEPOT       total:  20 alive:  20 dead:   0 
2022-10-27 15:33:44.203 | [GameAnalyzerEnd] MARAUDER          total:  10 alive:  10 dead:   0 
2022-10-27 15:33:44.204 | [GameAnalyzerEnd] REFINERY          total:   8 alive:   8 dead:   0 
2022-10-27 15:33:44.205 | [GameAnalyzerEnd] BARRACKS          total:   8 alive:   8 dead:   0 
2022-10-27 15:33:44.206 | [GameAnalyzerEnd] SIEGETANK         total:   7 alive:   6 dead:   1 
2022-10-27 15:33:44.206 | [GameAnalyzerEnd] TECHLAB           total:   6 alive:   6 dead:   0 
2022-10-27 15:33:44.207 | [GameAnalyzerEnd] REACTOR           total:   6 alive:   6 dead:   0 
2022-10-27 15:33:44.208 | [GameAnalyzerEnd] LIBERATOR         total:   6 alive:   5 dead:   1 
2022-10-27 15:33:44.208 | [GameAnalyzerEnd] ORBITALCOMMAND    total:   4 alive:   4 dead:   0 
2022-10-27 15:33:44.209 | [GameAnalyzerEnd] MEDIVAC           total:   4 alive:   4 dead:   0 
2022-10-27 15:33:44.209 | [GameAnalyzerEnd] STARPORT          total:   2 alive:   2 dead:   0 
2022-10-27 15:33:44.210 | [GameAnalyzerEnd] ENGINEERINGBAY    total:   2 alive:   2 dead:   0 
2022-10-27 15:33:44.210 | [GameAnalyzerEnd] GHOST             total:   2 alive:   2 dead:   0 
2022-10-27 15:33:44.211 | [GameAnalyzerEnd] COMMANDCENTER     total:   2 alive:   2 dead:   0 
2022-10-27 15:33:44.212 | [GameAnalyzerEnd] MULE              total:   2 alive:   2 dead:   0 
2022-10-27 15:33:44.213 | [GameAnalyzerEnd] FACTORY           total:   2 alive:   2 dead:   0 
2022-10-27 15:33:44.215 | [GameAnalyzerEnd] WIDOWMINE         total:   2 alive:   0 dead:   2 
2022-10-27 15:33:44.216 | [GameAnalyzerEnd] ARMORY            total:   1 alive:   1 dead:   0 
2022-10-27 15:33:44.216 | [GameAnalyzerEnd] GHOSTACADEMY      total:   1 alive:   1 dead:   0 
2022-10-27 15:33:44.217 | [GameAnalyzerEnd] VIKINGFIGHTER     total:   1 alive:   1 dead:   0 
2022-10-27 15:33:44.217 | [GameAnalyzerEnd] REAPER            total:   1 alive:   0 dead:   1 
2022-10-27 15:33:44.218 | [GameAnalyzerEnd] Enemy units:
2022-10-27 15:33:44.219 | [GameAnalyzerEnd] PROBE             total:  81 alive:   2 dead:  79 
2022-10-27 15:33:44.220 | [GameAnalyzerEnd] ZEALOT            total:  16 alive:   0 dead:  16 
2022-10-27 15:33:44.220 | [GameAnalyzerEnd] PYLON             total:  11 alive:   0 dead:  11 
2022-10-27 15:33:44.221 | [GameAnalyzerEnd] STALKER           total:   8 alive:   0 dead:   8 
2022-10-27 15:33:44.221 | [GameAnalyzerEnd] ADEPT             total:   7 alive:   0 dead:   7 
2022-10-27 15:33:44.222 | [GameAnalyzerEnd] ARCHON            total:   6 alive:   0 dead:   6 
2022-10-27 15:33:44.223 | [GameAnalyzerEnd] ASSIMILATOR       total:   6 alive:   0 dead:   6 
2022-10-27 15:33:44.223 | [GameAnalyzerEnd] HIGHTEMPLAR       total:   4 alive:   1 dead:   3 
2022-10-27 15:33:44.224 | [GameAnalyzerEnd] WARPGATE          total:   3 alive:   1 dead:   2 
2022-10-27 15:33:44.224 | [GameAnalyzerEnd] SENTRY            total:   3 alive:   0 dead:   3 
2022-10-27 15:33:44.225 | [GameAnalyzerEnd] NEXUS             total:   3 alive:   0 dead:   3 
2022-10-27 15:33:44.226 | [GameAnalyzerEnd] GATEWAY           total:   2 alive:   2 dead:   0 
2022-10-27 15:33:44.226 | [GameAnalyzerEnd] IMMORTAL          total:   2 alive:   0 dead:   2 
2022-10-27 15:33:44.227 | [GameAnalyzerEnd] OBSERVER          total:   2 alive:   0 dead:   2 
2022-10-27 15:33:44.227 | [GameAnalyzerEnd] TWILIGHTCOUNCIL   total:   1 alive:   0 dead:   1 
2022-10-27 15:33:44.230 | [GameAnalyzerEnd] TEMPLARARCHIVE    total:   1 alive:   0 dead:   1 
2022-10-27 15:33:44.231 | [GameAnalyzerEnd] FORGE             total:   1 alive:   0 dead:   1 
2022-10-27 15:33:44.232 | [GameAnalyzerEnd] ROBOTICSFACILITY  total:   1 alive:   0 dead:   1 
2022-10-27 15:33:44.232 | [GameAnalyzerEnd] CYBERNETICSCORE   total:   1 alive:   0 dead:   1 
2022-10-27 15:33:44.233 | [GameAnalyzerEnd] Minerals max 3575 Average 303
2022-10-27 15:33:44.233 | [GameAnalyzerEnd] Vespene max 2109 Average 512
2022-10-27 15:33:44.235 | INFO     | sc2.main:_play_game:228 - Result for player 1 - Bot Turtles(Terran): Victory
2022-10-27 15:33:45.378 | INFO     | sc2.protocol:_execute:72 - Client status changed to Status.launched (was Status.ended)
2022-10-27 15:33:45.381 | INFO     | sc2.protocol:_execute:72 - Client status changed to Status.quit (was Status.launched)
2022-10-27 15:33:45.382 | INFO     | sc2.sc2process:_close_connection:231 - Closing connection at 51278...
2022-10-27 15:33:45.383 | INFO     | sc2.sc2process:kill_all:33 - kill_switch: Process cleanup for 1 processes
