2022-11-15 11:26:24.208 | INFO     | sc2.protocol:_execute:72 - Client status changed to Status.launched (was None)
2022-11-15 11:26:24.210 | INFO     | sc2.controller:create_game:37 - Creating new game
2022-11-15 11:26:24.211 | INFO     | sc2.controller:create_game:38 - Map:     OxideAIE
2022-11-15 11:26:24.213 | INFO     | sc2.controller:create_game:39 - Players: Bot Turtles(Terran), Computer VeryHard(Random, RandomBuild)
2022-11-15 11:26:24.215 | INFO     | sc2.protocol:_execute:72 - Client status changed to Status.init_game (was Status.launched)
2022-11-15 11:26:33.866 | INFO     | sc2.protocol:_execute:72 - Client status changed to Status.in_game (was None)
2022-11-15 11:26:33.869 | INFO     | sc2.main:_play_game:221 - Player 1 - Bot Turtles(Terran)
2022-11-15 11:26:34.420 | 00:00    0ms    0M    0G  12/ 15U [Version] 5.0.10.88500
2022-11-15 11:26:34.422 | 00:00    0ms    0M    0G  12/ 15U [Version] 5.0.6 Balance mod recognized.
2022-11-15 11:26:34.488 | 00:00    0ms    0M    0G  12/ 15U [ZoneManager] Map set to: MapName.Oxide from name: Oxide AIE and hash: 3281780.
2022-11-15 11:26:35.350 | [Start] My race: Terran
2022-11-15 11:26:35.352 | [Start] Opponent race: Random
2022-11-15 11:26:35.352 | [Start] OpponentId: None
2022-11-15 11:26:35.529 | 00:00    7ms    0M    0G  13/ 15U [GameAnalyzer] Income advantage is now SlightDisadvantage
2022-11-15 11:26:35.607 | 00:01    7ms    0M    0G  13/ 15U [GameAnalyzer] Income advantage is now Even
2022-11-15 11:26:35.625 | 00:01    7ms    0M    0G  13/ 15U [GameAnalyzer] Income advantage is now SlightDisadvantage
2022-11-15 11:26:35.647 | 00:01    8ms    0M    0G  13/ 15U [GameAnalyzer] Income advantage is now Even
2022-11-15 11:26:36.989 | 00:15    5ms    0M    0G  13/ 15U [ActUnit] SCV from COMMANDCENTER at (147.5, 147.5)
2022-11-15 11:26:38.285 | 00:27    6ms  105M    0G  14/ 15U [ActUnit] SCV from COMMANDCENTER at (147.5, 147.5)
2022-11-15 11:26:39.055 | 00:34    6ms  190M    0G  15/ 15U [GameAnalyzer] Income advantage is now SlightDisadvantage
2022-11-15 11:26:39.080 | 00:34    8ms  200M    0G  15/ 15U [GameAnalyzer] Income advantage is now Even
2022-11-15 11:26:39.398 | 00:37    8ms    5M    0G  15/ 23U [BuildGas] Building REFINERY to (143.5, 154.5)
2022-11-15 11:26:39.756 | 00:40    6ms    0M    0G  15/ 23U [ActUnit] SCV from COMMANDCENTER at (147.5, 147.5)
2022-11-15 11:26:41.297 | 00:52    6ms   95M    0G  16/ 23U [ActUnit] SCV from COMMANDCENTER at (147.5, 147.5)
2022-11-15 11:26:42.219 | 00:59   11ms  175M    0G  17/ 23U [GameAnalyzer] Income advantage is now SlightDisadvantage
2022-11-15 11:26:42.241 | 00:59    9ms  185M    0G  17/ 23U [GameAnalyzer] Income advantage is now Even
2022-11-15 11:26:42.370 | 01:00   11ms  200M    0G  17/ 23U [GameAnalyzer] Income advantage is now SlightDisadvantage
2022-11-15 11:26:42.399 | 01:00    9ms  205M    0G  17/ 23U [GameAnalyzer] Income advantage is now Even
2022-11-15 11:26:42.896 | 01:04    8ms  200M    4G  17/ 23U [ActUnit] SCV from COMMANDCENTER at (147.5, 147.5)
2022-11-15 11:26:44.494 | 01:14   17ms  325M   28G  18/ 23U [GameAnalyzer] Income advantage is now SmallAdvantage
2022-11-15 11:26:44.637 | 01:15   17ms  330M   28G  18/ 23U [GameAnalyzer] Income advantage is now SlightAdvantage
2022-11-15 11:26:44.773 | 01:15   18ms  340M   32G  18/ 23U [GameAnalyzer] Income advantage is now Even
2022-11-15 11:26:44.896 | 01:16    9ms  295M   32G  18/ 23U [ActUnit] SCV from COMMANDCENTER at (147.5, 147.5)
2022-11-15 11:26:45.731 | 01:22   11ms  375M   48G  19/ 23U [GameAnalyzer] Income advantage is now SlightDisadvantage
2022-11-15 11:26:45.755 | 01:22   15ms  380M   48G  19/ 23U [GameAnalyzer] Income advantage is now Even
2022-11-15 11:26:45.810 | 01:23    9ms  380M   48G  19/ 23U [GameAnalyzer] Income advantage is now SlightDisadvantage
2022-11-15 11:26:45.834 | 01:23   14ms  385M   48G  19/ 23U [GameAnalyzer] Income advantage is now Even
2022-11-15 11:26:45.863 | 01:23   11ms  385M   52G  19/ 23U [GameAnalyzer] Income advantage is now SlightDisadvantage
2022-11-15 11:26:45.964 | 01:24    9ms  400M   52G  19/ 23U [GameAnalyzer] Income advantage is now Even
2022-11-15 11:26:45.997 | 01:24   13ms  400M   52G  19/ 23U [GameAnalyzer] Income advantage is now SlightDisadvantage
2022-11-15 11:26:46.000 | 01:24   13ms  200M    2G  19/ 23U [TerranUnit] REAPER from BARRACKS at (150.5, 155.5)
2022-11-15 11:26:46.022 | 01:24   13ms  355M    2G  20/ 23U [GameAnalyzer] Income advantage is now Even
2022-11-15 11:26:46.054 | 01:24   11ms  255M    2G  20/ 23U [GameAnalyzer] Income advantage is now SlightDisadvantage
2022-11-15 11:26:46.132 | 01:25   10ms  265M    6G  20/ 23U [GameAnalyzer] Income advantage is now Even
2022-11-15 11:26:46.261 | 01:26   10ms  270M    6G  20/ 23U [GameAnalyzer] Income advantage is now SlightDisadvantage
2022-11-15 11:26:46.285 | 01:26   13ms  270M    6G  20/ 23U [GameAnalyzer] Income advantage is now Even
2022-11-15 11:26:46.434 | 01:27   10ms  285M   10G  20/ 23U [GameAnalyzer] Income advantage is now SlightDisadvantage
2022-11-15 11:26:46.485 | 01:27   10ms  290M   10G  20/ 23U [GameAnalyzer] Income advantage is now Even
2022-11-15 11:26:46.562 | 01:28    9ms  295M   14G  20/ 23U [GameAnalyzer] Income advantage is now SlightDisadvantage
2022-11-15 11:26:46.641 | 01:28   10ms  310M   14G  20/ 23U [GameAnalyzer] Income advantage is now Even
2022-11-15 11:26:46.780 | 01:29   12ms  175M   18G  20/ 23U [GameAnalyzer] Income advantage is now SlightDisadvantage
2022-11-15 11:26:46.836 | 01:30   11ms  185M   18G  20/ 23U [GameAnalyzer] Income advantage is now Even
2022-11-15 11:26:46.938 | 01:30   10ms  185M   18G  20/ 23U [GameAnalyzer] Income advantage is now SlightDisadvantage
2022-11-15 11:26:46.962 | 01:30   12ms  185M   22G  20/ 23U [GameAnalyzer] Income advantage is now Even
2022-11-15 11:26:47.181 | 01:32   10ms  200M   22G  20/ 23U [GameAnalyzer] Income advantage is now SlightDisadvantage
2022-11-15 11:26:47.206 | 01:32   13ms  205M   26G  20/ 23U [GameAnalyzer] Income advantage is now Even
2022-11-15 11:26:47.342 | 01:33   10ms  215M   26G  20/ 23U [GameAnalyzer] Income advantage is now SlightDisadvantage
2022-11-15 11:26:47.420 | 01:33   10ms  230M   30G  20/ 23U [GameAnalyzer] Income advantage is now Even
2022-11-15 11:26:47.532 | 01:34   11ms  245M   30G  20/ 23U [GameAnalyzer] Income advantage is now SlightDisadvantage
2022-11-15 11:26:47.586 | 01:34   10ms  250M   30G  20/ 23U [GameAnalyzer] Income advantage is now Even
2022-11-15 11:26:47.835 | 01:36   12ms  270M   34G  20/ 23U [GameAnalyzer] Income advantage is now SlightDisadvantage
2022-11-15 11:26:47.865 | 01:36   11ms  275M   38G  20/ 23U [GameAnalyzer] Income advantage is now Even
2022-11-15 11:26:47.895 | 01:36   12ms  275M   38G  20/ 23U [GameAnalyzer] Income advantage is now SlightDisadvantage
2022-11-15 11:26:47.946 | 01:37   10ms  280M   38G  20/ 23U [GameAnalyzer] Income advantage is now Even
2022-11-15 11:26:48.061 | 01:38   10ms  290M   38G  20/ 23U [GameAnalyzer] Income advantage is now SlightDisadvantage
2022-11-15 11:26:48.135 | 01:38   10ms  300M   42G  20/ 23U [GameAnalyzer] Income advantage is now Even
2022-11-15 11:26:48.187 | 01:38   11ms  310M   42G  20/ 23U [GameAnalyzer] Income advantage is now SlightDisadvantage
2022-11-15 11:26:48.213 | 01:39   11ms  315M   42G  20/ 23U [GameAnalyzer] Income advantage is now Even
2022-11-15 11:26:48.235 | 01:39   13ms  315M   42G  20/ 23U [GameAnalyzer] Income advantage is now SlightDisadvantage
2022-11-15 11:26:48.288 | 01:39   11ms  325M   46G  20/ 23U [GameAnalyzer] Income advantage is now Even
2022-11-15 11:26:48.389 | 01:40   10ms  325M   46G  20/ 23U [GameAnalyzer] Income advantage is now SlightDisadvantage
2022-11-15 11:26:48.412 | 01:40   13ms  330M   46G  20/ 23U [GameAnalyzer] Income advantage is now Even
2022-11-15 11:26:48.512 | 01:41   10ms  340M   46G  20/ 23U [GameAnalyzer] Income advantage is now SlightDisadvantage
2022-11-15 11:26:48.540 | 01:41   11ms  345M   50G  20/ 23U [GameAnalyzer] Income advantage is now Even
2022-11-15 11:26:48.637 | 01:41   12ms  350M   50G  20/ 23U [GameAnalyzer] Income advantage is now SlightDisadvantage
2022-11-15 11:26:48.695 | 01:42   10ms  355M   50G  20/ 23U [GameAnalyzer] Income advantage is now Even
2022-11-15 11:26:48.798 | 01:43   11ms  365M   54G  20/ 23U [GameAnalyzer] Income advantage is now SlightDisadvantage
2022-11-15 11:26:48.847 | 01:43   10ms  380M   54G  20/ 23U [GameAnalyzer] Income advantage is now Even
2022-11-15 11:26:48.897 | 01:43   10ms  380M   54G  20/ 23U [GameAnalyzer] Income advantage is now SlightDisadvantage
2022-11-15 11:26:48.923 | 01:43   12ms  385M   54G  20/ 23U [GameAnalyzer] Income advantage is now Even
2022-11-15 11:26:48.999 | 01:44   10ms  395M   58G  20/ 23U [GameAnalyzer] Income advantage is now SlightDisadvantage
2022-11-15 11:26:49.029 | 01:44   13ms  395M   58G  20/ 23U [GameAnalyzer] Income advantage is now Even
2022-11-15 11:26:49.153 | 01:45    9ms  405M   58G  20/ 23U [GameAnalyzer] Income advantage is now SlightDisadvantage
2022-11-15 11:26:49.245 | 01:45   10ms  415M   62G  20/ 23U [GameAnalyzer] Income advantage is now Even
2022-11-15 11:26:49.369 | 01:46   12ms  420M   62G  20/ 23U [GameAnalyzer] Income advantage is now SlightDisadvantage
2022-11-15 11:26:49.397 | 01:46   11ms  425M   66G  20/ 23U [GameAnalyzer] Income advantage is now Even
2022-11-15 11:26:49.520 | 01:47   10ms  435M   66G  20/ 23U [GameAnalyzer] Income advantage is now SlightDisadvantage
2022-11-15 11:26:49.630 | 01:48   11ms  455M   70G  20/ 23U [GameAnalyzer] Income advantage is now Even
2022-11-15 11:26:49.680 | 01:48   10ms  455M   70G  20/ 23U [GameAnalyzer] Income advantage is now SlightDisadvantage
2022-11-15 11:26:49.758 | 01:49   10ms  470M   70G  20/ 23U [GameAnalyzer] Income advantage is now Even
2022-11-15 11:26:49.847 | 01:49   10ms  475M   70G  20/ 23U [GameAnalyzer] Income advantage is now SlightDisadvantage
2022-11-15 11:26:49.926 | 01:50   10ms  485M   74G  20/ 23U [GameAnalyzer] Income advantage is now Even
2022-11-15 11:26:50.210 | 01:52   13ms  505M   78G  20/ 31U [GameAnalyzer] Income advantage is now SlightDisadvantage
2022-11-15 11:26:50.240 | 01:52   12ms  510M   78G  20/ 31U [GameAnalyzer] Income advantage is now Even
2022-11-15 11:26:50.451 | 01:53   11ms  480M   82G  20/ 31U [ActUnit] SCV from COMMANDCENTER at (147.5, 147.5)
2022-11-15 11:26:50.565 | 01:54   15ms  495M   86G  21/ 31U [GameAnalyzer] Income advantage is now SlightDisadvantage
2022-11-15 11:26:50.602 | 01:54   13ms  495M   86G  21/ 31U [GameAnalyzer] Income advantage is now Even
2022-11-15 11:26:50.950 | 01:56   13ms  520M   90G  21/ 31U [GameAnalyzer] Known army advantage is now SlightAdvantage
2022-11-15 11:26:50.952 | 01:56   13ms  520M   90G  21/ 31U [GameAnalyzer] Predicted army advantage is now SlightAdvantage
2022-11-15 11:26:50.954 | 01:56   13ms  520M   90G  21/ 31U [BuildAddon] UnitTypeId.BARRACKSREACTOR to (153.0, 155.0)
2022-11-15 11:26:51.008 | 01:56   20ms  470M   40G  21/ 31U [GameAnalyzer] Income advantage is now SlightDisadvantage
2022-11-15 11:26:51.011 | 01:56   20ms  470M   40G  21/ 31U [Expand] Expanding to (122.5, 151.5)
2022-11-15 11:26:51.072 | 01:56   16ms   85M   40G  21/ 31U [GameAnalyzer] Income advantage is now Even
2022-11-15 11:26:51.196 | 01:57   14ms   85M   44G  21/ 31U [GameAnalyzer] Income advantage is now SlightDisadvantage
2022-11-15 11:26:51.258 | 01:58   15ms   95M   44G  21/ 31U [GameAnalyzer] Income advantage is now Even
2022-11-15 11:26:51.352 | 01:58   15ms  100M   44G  21/ 31U [GameAnalyzer] Income advantage is now SlightDisadvantage
2022-11-15 11:26:51.480 | 01:59   13ms  125M   48G  21/ 31U [GameAnalyzer] Income advantage is now Even
2022-11-15 11:26:51.577 | 01:59   13ms  125M   48G  21/ 31U [GameAnalyzer] Income advantage is now SlightDisadvantage
2022-11-15 11:26:51.608 | 02:00   15ms  125M   48G  21/ 31U [GameAnalyzer] Income advantage is now Even
2022-11-15 11:26:51.643 | 02:00   16ms  125M   52G  21/ 31U [GameAnalyzer] Income advantage is now SlightDisadvantage
2022-11-15 11:26:51.673 | 02:00   15ms  130M   52G  21/ 31U [GameAnalyzer] Income advantage is now Even
2022-11-15 11:26:51.768 | 02:00   14ms  135M   52G  21/ 31U [GameAnalyzer] Income advantage is now SlightDisadvantage
2022-11-15 11:26:51.800 | 02:01   15ms  140M   52G  21/ 31U [GameAnalyzer] Income advantage is now Even
2022-11-15 11:26:51.900 | 02:01   15ms    0M   52G  21/ 31U [GameAnalyzer] Income advantage is now SlightDisadvantage
2022-11-15 11:26:52.029 | 02:02   16ms    5M   56G  21/ 31U [GameAnalyzer] Income advantage is now Even
2022-11-15 11:26:52.160 | 02:03   13ms   45M   56G  21/ 31U [GameAnalyzer] Income advantage is now SlightAdvantage
2022-11-15 11:26:52.194 | 02:03   16ms   45M   60G  21/ 31U [GameAnalyzer] Income advantage is now Even
2022-11-15 11:26:52.678 | 02:05   14ms   85M   64G  21/ 31U [GameAnalyzer] Income advantage is now SlightAdvantage
2022-11-15 11:26:52.680 | 02:05   14ms   35M   64G  21/ 31U [ActUnit] SCV from COMMANDCENTER at (147.5, 147.5)
2022-11-15 11:26:52.745 | 02:06   15ms   35M   68G  22/ 31U [GameAnalyzer] Income advantage is now Even
2022-11-15 11:26:52.898 | 02:07   15ms   50M   68G  22/ 31U [GameAnalyzer] Income advantage is now SlightAdvantage
2022-11-15 11:26:52.932 | 02:07   15ms   50M   68G  22/ 31U [GameAnalyzer] Income advantage is now Even
2022-11-15 11:26:53.026 | 02:07   13ms   65M   72G  22/ 31U [GameAnalyzer] Income advantage is now SlightAdvantage
2022-11-15 11:26:53.091 | 02:08   15ms   65M   72G  22/ 31U [GameAnalyzer] Income advantage is now Even
2022-11-15 11:26:53.153 | 02:08   14ms   70M   72G  22/ 31U [GameAnalyzer] Income advantage is now SlightAdvantage
2022-11-15 11:26:53.189 | 02:08   16ms   80M   72G  22/ 31U [GameAnalyzer] Income advantage is now Even
2022-11-15 11:26:53.249 | 02:09   12ms   80M   76G  22/ 31U [GameAnalyzer] Income advantage is now SlightAdvantage
2022-11-15 11:26:53.340 | 02:09   13ms  110M   76G  22/ 31U [GameAnalyzer] Income advantage is now Even
2022-11-15 11:26:53.472 | 02:10   16ms  125M   76G  22/ 31U [GameAnalyzer] Income advantage is now SlightAdvantage
2022-11-15 11:26:53.611 | 02:11   14ms  130M   80G  22/ 31U [GameAnalyzer] Income advantage is now Even
2022-11-15 11:26:53.717 | 02:11   14ms  145M   80G  22/ 31U [GameAnalyzer] Income advantage is now SlightAdvantage
2022-11-15 11:26:53.846 | 02:12   14ms  150M   84G  22/ 31U [GameAnalyzer] Income advantage is now Even
2022-11-15 11:26:53.941 | 02:12   14ms  160M   84G  22/ 31U [GameAnalyzer] Income advantage is now SlightAdvantage
2022-11-15 11:26:54.004 | 02:13   14ms  160M   84G  22/ 31U [GameAnalyzer] Income advantage is now Even
2022-11-15 11:26:54.101 | 02:13   14ms  180M   88G  22/ 31U [GameAnalyzer] Income advantage is now SlightAdvantage
2022-11-15 11:26:54.227 | 02:14   14ms  185M   88G  22/ 31U [GameAnalyzer] Income advantage is now Even
2022-11-15 11:26:54.413 | 02:15   17ms  200M   92G  22/ 31U [GameAnalyzer] Income advantage is now SlightAdvantage
2022-11-15 11:26:54.447 | 02:15   16ms  225M   92G  22/ 31U [GameAnalyzer] Income advantage is now Even
2022-11-15 11:26:54.557 | 02:15   14ms  230M   92G  22/ 31U [GameAnalyzer] Income advantage is now SlightAdvantage
2022-11-15 11:26:54.590 | 02:16   16ms  230M   92G  22/ 31U [GameAnalyzer] Income advantage is now Even
2022-11-15 11:26:54.651 | 02:16   14ms  240M   96G  22/ 31U [GameAnalyzer] Income advantage is now SlightAdvantage
2022-11-15 11:26:54.777 | 02:17   12ms  245M   96G  22/ 31U [GameAnalyzer] Income advantage is now Even
2022-11-15 11:26:54.837 | 02:17   13ms  255M   96G  22/ 31U [GameAnalyzer] Income advantage is now SlightAdvantage
2022-11-15 11:26:54.929 | 02:18   13ms   55M    0G  22/ 31U [ActUnit] SCV from COMMANDCENTER at (147.5, 147.5)
2022-11-15 11:26:54.993 | INFO     | sc2.protocol:_execute:72 - Client status changed to Status.ended (was Status.in_game)
2022-11-15 11:26:54.995 | Result: Defeat
2022-11-15 11:26:54.996 | Duration: 02:18
2022-11-15 11:26:54.997 | Step time min: 5
2022-11-15 11:26:54.997 | Step time avg: 10
2022-11-15 11:26:54.998 | Step time max: 129
2022-11-15 11:26:54.999 | [LostUnitsContents] My lost units minerals and gas: (0, 0)
2022-11-15 11:26:54.999 | [LostUnitsContents] My lost units minerals by score: 0.0
2022-11-15 11:26:55.000 | [LostUnitsContents] Enemy lost units minerals and gas: (0, 0)
2022-11-15 11:26:55.001 | [LostUnitsContents] Enemy lost units minerals by score: 0.0
2022-11-15 11:26:55.001 | [GameAnalyzerEnd] Own units:
2022-11-15 11:26:55.002 | [GameAnalyzerEnd] SCV               total:  20 alive:  20 dead:   0 
2022-11-15 11:26:55.003 | [GameAnalyzerEnd] BARRACKS          total:   2 alive:   2 dead:   0 
2022-11-15 11:26:55.003 | [GameAnalyzerEnd] SUPPLYDEPOT       total:   2 alive:   2 dead:   0 
2022-11-15 11:26:55.004 | [GameAnalyzerEnd] ORBITALCOMMAND    total:   1 alive:   1 dead:   0 
2022-11-15 11:26:55.005 | [GameAnalyzerEnd] REACTOR           total:   1 alive:   1 dead:   0 
2022-11-15 11:26:55.006 | [GameAnalyzerEnd] MULE              total:   1 alive:   1 dead:   0 
2022-11-15 11:26:55.007 | [GameAnalyzerEnd] REAPER            total:   1 alive:   1 dead:   0 
2022-11-15 11:26:55.008 | [GameAnalyzerEnd] REFINERY          total:   1 alive:   1 dead:   0 
2022-11-15 11:26:55.010 | [GameAnalyzerEnd] COMMANDCENTER     total:   1 alive:   1 dead:   0 
2022-11-15 11:26:55.010 | [GameAnalyzerEnd] Enemy units:
2022-11-15 11:26:55.011 | [GameAnalyzerEnd] PROBE             total:  21 alive:  21 dead:   0 
2022-11-15 11:26:55.012 | [GameAnalyzerEnd] PYLON             total:   2 alive:   2 dead:   0 
2022-11-15 11:26:55.012 | [GameAnalyzerEnd] GATEWAY           total:   1 alive:   1 dead:   0 
2022-11-15 11:26:55.013 | [GameAnalyzerEnd] NEXUS             total:   1 alive:   1 dead:   0 
2022-11-15 11:26:55.014 | [GameAnalyzerEnd] ASSIMILATOR       total:   1 alive:   1 dead:   0 
2022-11-15 11:26:55.014 | [GameAnalyzerEnd] Minerals max 525 Average 184
2022-11-15 11:26:55.017 | [GameAnalyzerEnd] Vespene max 96 Average 25
2022-11-15 11:26:55.018 | INFO     | sc2.main:_play_game:228 - Result for player 1 - Bot Turtles(Terran): Defeat
2022-11-15 11:26:56.013 | INFO     | sc2.protocol:__request:48 - Cannot receive: Game has already ended.
2022-11-15 11:26:56.015 | INFO     | sc2.sc2process:_close_connection:231 - Closing connection at 53368...
2022-11-15 11:26:56.017 | INFO     | sc2.sc2process:kill_all:33 - kill_switch: Process cleanup for 1 processes
