2022-10-24 11:27:59.742 | INFO     | sc2.protocol:_execute:72 - Client status changed to Status.launched (was None)
2022-10-24 11:27:59.748 | INFO     | sc2.controller:create_game:37 - Creating new game
2022-10-24 11:27:59.750 | INFO     | sc2.controller:create_game:38 - Map:     OxideAIE
2022-10-24 11:27:59.751 | INFO     | sc2.controller:create_game:39 - Players: Bot Turtles(Terran), Computer VeryHard(Random, RandomBuild)
2022-10-24 11:27:59.754 | INFO     | sc2.protocol:_execute:72 - Client status changed to Status.init_game (was Status.launched)
2022-10-24 11:28:07.910 | INFO     | sc2.protocol:_execute:72 - Client status changed to Status.in_game (was None)
2022-10-24 11:28:07.913 | INFO     | sc2.main:_play_game:221 - Player 1 - Bot Turtles(Terran)
2022-10-24 11:28:08.451 | 00:00    0ms    0M    0G  12/ 15U [Version] 5.0.10.88500
2022-10-24 11:28:08.453 | 00:00    0ms    0M    0G  12/ 15U [Version] 5.0.6 Balance mod recognized.
2022-10-24 11:28:08.525 | 00:00    0ms    0M    0G  12/ 15U [ZoneManager] Map set to: MapName.Oxide from name: Oxide AIE and hash: 3281780.
2022-10-24 11:28:09.291 | [Start] My race: Terran
2022-10-24 11:28:09.293 | [Start] Opponent race: Random
2022-10-24 11:28:09.294 | [Start] OpponentId: None
2022-10-24 11:28:09.469 | 00:00    7ms    0M    0G  13/ 15U [GameAnalyzer] Income advantage is now SlightDisadvantage
2022-10-24 11:28:09.534 | 00:01    5ms    0M    0G  13/ 15U [GameAnalyzer] Income advantage is now Even
2022-10-24 11:28:10.590 | 00:12    5ms   70M    0G  13/ 15U [ActUnit] SCV from COMMANDCENTER at (44.5, 56.5)
2022-10-24 11:28:11.823 | 00:24    8ms   75M    0G  14/ 15U [ActUnit] SCV from COMMANDCENTER at (44.5, 56.5)
2022-10-24 11:28:13.925 | 00:40    6ms  250M    0G  15/ 23U [ActUnit] SCV from COMMANDCENTER at (44.5, 56.5)
2022-10-24 11:28:13.964 | ERROR    | sc2.main:run_bot_iteration:158 - Caught exception: 'GetZone' object has no attribute 'game_info'
Traceback (most recent call last):

  File "C:\Users\sword\OneDrive\Desktop\27turtles\run.py", line 18, in <module>
    main()
    └ <function main at 0x0000023B6D63C670>

  File "C:\Users\sword\OneDrive\Desktop\27turtles\run.py", line 13, in main
    result, opponentid = run_ladder_game(bot)
                         │               └ <sc2.player.Bot object at 0x0000023B6D630280>
                         └ <function run_ladder_game at 0x0000023B4AF292D0>

  File "C:\Users\sword\OneDrive\Desktop\27turtles\ladder.py", line 39, in run_ladder_game
    return stand_alone_game(bot), None
           │                └ <sc2.player.Bot object at 0x0000023B6D630280>
           └ <function stand_alone_game at 0x0000023B6AF195A0>

  File "C:\Users\sword\OneDrive\Desktop\27turtles\ladder.py", line 168, in stand_alone_game
    return sc2.main.run_game(sc2.maps.get(map_name), [bot, Computer(Race.Random, Difficulty.VeryHard)], realtime=False,)
           │   │    │        │   │    │   │           │    │        │    │       │          └ <Difficulty.VeryHard: 7>
           │   │    │        │   │    │   │           │    │        │    │       └ <enum 'Difficulty'>
           │   │    │        │   │    │   │           │    │        │    └ <Race.Random: 4>
           │   │    │        │   │    │   │           │    │        └ <enum 'Race'>
           │   │    │        │   │    │   │           │    └ <class 'sc2.player.Computer'>
           │   │    │        │   │    │   │           └ <sc2.player.Bot object at 0x0000023B6D630280>
           │   │    │        │   │    │   └ 'OxideAIE'
           │   │    │        │   │    └ <function get at 0x0000023B6AFC8550>
           │   │    │        │   └ <module 'sc2.maps' from 'C:\\Users\\sword\\OneDrive\\Desktop\\27turtles\\sc2\\maps.py'>
           │   │    │        └ <module 'sc2' from 'C:\\Users\\sword\\OneDrive\\Desktop\\27turtles\\sc2\\__init__.py'>
           │   │    └ <function run_game at 0x0000023B6B0A4E50>
           │   └ <module 'sc2.main' from 'C:\\Users\\sword\\OneDrive\\Desktop\\27turtles\\sc2\\main.py'>
           └ <module 'sc2' from 'C:\\Users\\sword\\OneDrive\\Desktop\\27turtles\\sc2\\__init__.py'>

  File "C:\Users\sword\OneDrive\Desktop\27turtles\sc2\main.py", line 496, in run_game
    result: Result = asyncio.run(_host_game(map_settings, players, **kwargs))
                     │       │   │          │             │          └ {'realtime': False}
                     │       │   │          │             └ [<sc2.player.Bot object at 0x0000023B6D630280>, <sc2.player.Computer object at 0x0000023B6D633C10>]
                     │       │   │          └ Map(C:\Program Files (x86)\StarCraft II\maps\OxideAIE.SC2Map)
                     │       │   └ <function _host_game at 0x0000023B6B0A4A60>
                     │       └ <function run at 0x0000023B4CC3D7E0>
                     └ <module 'asyncio' from 'C:\\Users\\sword\\AppData\\Local\\Programs\\Python\\Python310\\lib\\asyncio\\__init__.py'>

  File "C:\Users\sword\AppData\Local\Programs\Python\Python310\lib\asyncio\runners.py", line 44, in run
    return loop.run_until_complete(main)
           │    │                  └ <coroutine object _host_game at 0x0000023B6D5EEB90>
           │    └ <function BaseEventLoop.run_until_complete at 0x0000023B4CC3F1C0>
           └ <ProactorEventLoop running=True closed=False debug=False>

  File "C:\Users\sword\AppData\Local\Programs\Python\Python310\lib\asyncio\base_events.py", line 633, in run_until_complete
    self.run_forever()
    │    └ <function ProactorEventLoop.run_forever at 0x0000023B4CCEBBE0>
    └ <ProactorEventLoop running=True closed=False debug=False>

  File "C:\Users\sword\AppData\Local\Programs\Python\Python310\lib\asyncio\windows_events.py", line 321, in run_forever
    super().run_forever()

  File "C:\Users\sword\AppData\Local\Programs\Python\Python310\lib\asyncio\base_events.py", line 600, in run_forever
    self._run_once()
    │    └ <function BaseEventLoop._run_once at 0x0000023B4CC40CA0>
    └ <ProactorEventLoop running=True closed=False debug=False>

  File "C:\Users\sword\AppData\Local\Programs\Python\Python310\lib\asyncio\base_events.py", line 1896, in _run_once
    handle._run()
    │      └ <function Handle._run at 0x0000023B4CB9C280>
    └ <Handle Task.task_wakeup(<Future finished result=None>)>

  File "C:\Users\sword\AppData\Local\Programs\Python\Python310\lib\asyncio\events.py", line 80, in _run
    self._context.run(self._callback, *self._args)
    │    │            │    │           │    └ <member '_args' of 'Handle' objects>
    │    │            │    │           └ <Handle Task.task_wakeup(<Future finished result=None>)>
    │    │            │    └ <member '_callback' of 'Handle' objects>
    │    │            └ <Handle Task.task_wakeup(<Future finished result=None>)>
    │    └ <member '_context' of 'Handle' objects>
    └ <Handle Task.task_wakeup(<Future finished result=None>)>

  File "C:\Users\sword\OneDrive\Desktop\27turtles\sc2\main.py", line 369, in _host_game
    result = await _play_game(players[0], client, realtime, portconfig, game_time_limit, rgb_render_config)
                   │          │           │       │         │           │                └ None
                   │          │           │       │         │           └ None
                   │          │           │       │         └ None
                   │          │           │       └ False
                   │          │           └ <sc2.client.Client object at 0x0000023B6D633550>
                   │          └ [<sc2.player.Bot object at 0x0000023B6D630280>, <sc2.player.Computer object at 0x0000023B6D633C10>]
                   └ <function _play_game at 0x0000023B6B0A48B0>

  File "C:\Users\sword\OneDrive\Desktop\27turtles\sc2\main.py", line 226, in _play_game
    result = await _play_game_ai(client, player_id, player.ai, realtime, game_time_limit)
                   │             │       │          │      │   │         └ None
                   │             │       │          │      │   └ False
                   │             │       │          │      └ <turtles.bot.Turtles object at 0x0000023B4CC36C80>
                   │             │       │          └ <sc2.player.Bot object at 0x0000023B6D630280>
                   │             │       └ 1
                   │             └ <sc2.client.Client object at 0x0000023B6D633550>
                   └ <function _play_game_ai at 0x0000023B6B0A4700>

  File "C:\Users\sword\OneDrive\Desktop\27turtles\sc2\main.py", line 196, in _play_game_ai
    await run_bot_iteration(iteration)  # Main bot loop
          │                 └ 229
          └ <function _play_game_ai.<locals>.run_bot_iteration at 0x0000023B6D61B490>

> File "C:\Users\sword\OneDrive\Desktop\27turtles\sc2\main.py", line 156, in run_bot_iteration
    await ai.on_step(iteration)
          │  │       └ 229
          │  └ <function SkeletonBot.on_step at 0x0000023B6B148040>
          └ <turtles.bot.Turtles object at 0x0000023B4CC36C80>

  File "C:\Users\sword\OneDrive\Desktop\27turtles\sharpy\knowledges\skeleton_bot.py", line 64, in on_step
    await self.knowledge.update(iteration)
          │    │         │      └ 229
          │    │         └ <function Knowledge.update at 0x0000023B6B12B0A0>
          │    └ <sharpy.knowledges.knowledge.Knowledge object at 0x0000023B4ABB6590>
          └ <turtles.bot.Turtles object at 0x0000023B4CC36C80>

  File "C:\Users\sword\OneDrive\Desktop\27turtles\sharpy\knowledges\knowledge.py", line 161, in update
    await manager.update()
          │       └ <function ActManager.update at 0x0000023B6AF5D090>
          └ <sharpy.managers.core.act_manager.ActManager object at 0x0000023B6D76B910>

  File "C:\Users\sword\OneDrive\Desktop\27turtles\sharpy\managers\core\act_manager.py", line 32, in update
    await self._act.execute()
          │    │    └ <function BuildOrder.execute at 0x0000023B6D547250>
          │    └ <sharpy.plans.build_order.BuildOrder object at 0x0000023B6EFF7EE0>
          └ <sharpy.managers.core.act_manager.ActManager object at 0x0000023B6D76B910>

  File "C:\Users\sword\OneDrive\Desktop\27turtles\sharpy\plans\build_order.py", line 290, in execute
    if not await order.execute():
                 │     └ <function ProxyMarauder.execute at 0x0000023B6D61B880>
                 └ <turtles.proxymarauders.ProxyMarauder object at 0x0000023B6EFF7730>

  File "C:\Users\sword\OneDrive\Desktop\27turtles\turtles\proxymarauders.py", line 166, in execute
    return await super().execute()

  File "C:\Users\sword\OneDrive\Desktop\27turtles\sharpy\plans\build_order.py", line 290, in execute
    if not await order.execute():
                 │     └ <function SequentialList.execute at 0x0000023B6D546A70>
                 └ <sharpy.plans.sequential_list.SequentialList object at 0x0000023B6F020190>

  File "C:\Users\sword\OneDrive\Desktop\27turtles\sharpy\plans\sequential_list.py", line 27, in execute
    result = await order.execute()
                   │     └ <function GetZone.execute at 0x0000023B6D61B640>
                   └ <turtles.proxymarauders.GetZone object at 0x0000023B6EFF7D90>

  File "C:\Users\sword\OneDrive\Desktop\27turtles\turtles\proxymarauders.py", line 60, in execute
    zone.center_location.towards(self.game_info.map_center, 5),
    │    │               │       └ <turtles.proxymarauders.GetZone object at 0x0000023B6EFF7D90>
    │    │               └ <function Pointlike.towards at 0x0000023B4D884F70>
    │    └ (131.5, 123.5)
    └ <sharpy.general.zone.Zone object at 0x0000023B6D783250>

AttributeError: 'GetZone' object has no attribute 'game_info'
2022-10-24 11:28:14.074 | INFO     | sc2.sc2process:_close_connection:231 - Closing connection at 54751...
2022-10-24 11:28:14.076 | INFO     | sc2.sc2process:kill_all:33 - kill_switch: Process cleanup for 1 processes
