2022-11-15 11:18:10.429 | INFO     | sc2.protocol:_execute:72 - Client status changed to Status.launched (was None)
2022-11-15 11:18:10.431 | INFO     | sc2.controller:create_game:37 - Creating new game
2022-11-15 11:18:10.432 | INFO     | sc2.controller:create_game:38 - Map:     JagannathaAIE
2022-11-15 11:18:10.434 | INFO     | sc2.controller:create_game:39 - Players: Bot Turtles(Terran), Computer VeryHard(Random, RandomBuild)
2022-11-15 11:18:10.436 | INFO     | sc2.protocol:_execute:72 - Client status changed to Status.init_game (was Status.launched)
2022-11-15 11:18:42.223 | INFO     | sc2.protocol:_execute:72 - Client status changed to Status.in_game (was None)
2022-11-15 11:18:42.225 | INFO     | sc2.main:_play_game:221 - Player 1 - Bot Turtles(Terran)
2022-11-15 11:18:42.814 | 00:00    0ms    0M    0G  12/ 15U [Version] 5.0.10.88500
2022-11-15 11:18:42.815 | 00:00    0ms    0M    0G  12/ 15U [Version] 5.0.6 Balance mod recognized.
2022-11-15 11:18:42.890 | 00:00    0ms    0M    0G  12/ 15U [ZoneManager] Map set to: MapName.Jagannatha from name: Jagannatha AIE and hash: 3355197.
2022-11-15 11:18:43.640 | [Start] My race: Terran
2022-11-15 11:18:43.641 | [Start] Opponent race: Random
2022-11-15 11:18:43.642 | [Start] OpponentId: None
2022-11-15 11:18:43.902 | 00:00    7ms    0M    0G  13/ 15U [GameAnalyzer] Income advantage is now SlightDisadvantage
2022-11-15 11:18:43.972 | 00:01    7ms    0M    0G  13/ 15U [GameAnalyzer] Income advantage is now Even
2022-11-15 11:18:44.976 | 00:09    6ms   80M    0G  13/ 15U [GameAnalyzer] Income advantage is now SlightDisadvantage
2022-11-15 11:18:45.018 | 00:09    8ms   85M    0G  13/ 15U [GameAnalyzer] Income advantage is now Even
2022-11-15 11:18:45.378 | 00:13    8ms   20M    0G  13/ 15U [GameAnalyzer] Income advantage is now SlightDisadvantage
2022-11-15 11:18:45.395 | 00:13    7ms   25M    0G  13/ 15U [GameAnalyzer] Income advantage is now Even
2022-11-15 11:18:45.584 | 00:14    7ms    0M    0G  13/ 15U [ActUnit] SCV from COMMANDCENTER at (126.5, 151.5)
2022-11-15 11:18:46.936 | 00:26    8ms  140M    0G  14/ 15U [GameAnalyzer] Income advantage is now SlightDisadvantage
2022-11-15 11:18:46.956 | 00:26    8ms  145M    0G  14/ 15U [GameAnalyzer] Income advantage is now Even
2022-11-15 11:18:47.000 | 00:26    9ms  110M    0G  14/ 15U [ActUnit] SCV from COMMANDCENTER at (126.5, 151.5)
2022-11-15 11:18:48.469 | 00:36    9ms    0M    0G  15/ 23U [BuildGas] Building REFINERY to (133.5, 148.5)
2022-11-15 11:18:49.079 | 00:41   12ms    0M    0G  15/ 23U [ActUnit] SCV from COMMANDCENTER at (126.5, 151.5)
2022-11-15 11:18:49.563 | 00:45    6ms   40M    0G  16/ 23U [GameAnalyzer] Income advantage is now SlightDisadvantage
2022-11-15 11:18:49.582 | 00:45    9ms   45M    0G  16/ 23U [GameAnalyzer] Income advantage is now Even
2022-11-15 11:18:50.524 | 00:53    7ms   90M    0G  16/ 23U [ActUnit] SCV from COMMANDCENTER at (126.5, 151.5)
2022-11-15 11:18:52.018 | 01:05    7ms  180M    8G  17/ 23U [ActUnit] SCV from COMMANDCENTER at (126.5, 151.5)
2022-11-15 11:18:53.885 | 01:14   22ms  270M   28G  18/ 23U [GameAnalyzer] Income advantage is now SmallAdvantage
2022-11-15 11:18:54.041 | 01:14   23ms  280M   28G  18/ 23U [GameAnalyzer] Income advantage is now SlightAdvantage
2022-11-15 11:18:54.301 | 01:15   10ms  295M   32G  18/ 23U [GameAnalyzer] Income advantage is now Even
2022-11-15 11:18:54.503 | 01:16   20ms  305M   32G  18/ 23U [GameAnalyzer] Income advantage is now SlightAdvantage
2022-11-15 11:18:54.567 | 01:16   22ms  305M   36G  18/ 23U [GameAnalyzer] Income advantage is now Even
2022-11-15 11:18:54.844 | 01:17   20ms  320M   36G  18/ 23U [GameAnalyzer] Predicted army advantage is now SlightDisadvantage
2022-11-15 11:18:54.908 | 01:17   22ms  325M   36G  18/ 23U [GameAnalyzer] Income advantage is now SlightAdvantage
2022-11-15 11:18:54.973 | 01:17   25ms  275M   36G  18/ 23U [ActUnit] SCV from COMMANDCENTER at (126.5, 151.5)
2022-11-15 11:18:55.015 | 01:18   21ms  275M   40G  19/ 23U [GameAnalyzer] Income advantage is now Even
2022-11-15 11:18:55.040 | 01:18   10ms  275M   40G  19/ 23U [GameAnalyzer] Income advantage is now SlightAdvantage
2022-11-15 11:18:55.133 | 01:18   16ms  275M   40G  19/ 23U [GameAnalyzer] Income advantage is now Even
2022-11-15 11:18:55.814 | 01:22   10ms  135M    2G  19/ 23U [TerranUnit] REAPER from BARRACKS at (121.5, 144.5)
2022-11-15 11:18:57.880 | 01:35   11ms  205M   34G  20/ 23U [GameAnalyzer] Income advantage is now SmallDisadvantage
2022-11-15 11:18:58.022 | 01:36   10ms  215M   38G  20/ 23U [GameAnalyzer] Income advantage is now SlightDisadvantage
2022-11-15 11:18:58.049 | 01:36   12ms  215M   38G  20/ 23U [GameAnalyzer] Income advantage is now SmallDisadvantage
2022-11-15 11:18:58.180 | 01:37   10ms  235M   42G  20/ 23U [GameAnalyzer] Income advantage is now SlightDisadvantage
2022-11-15 11:18:58.239 | 01:37   12ms  235M   42G  20/ 23U [GameAnalyzer] Income advantage is now SmallDisadvantage
2022-11-15 11:18:58.688 | 01:40   11ms  275M   50G  20/ 23U [GameAnalyzer] Income advantage is now SlightDisadvantage
2022-11-15 11:18:58.717 | 01:40   13ms  275M   50G  20/ 23U [GameAnalyzer] Income advantage is now SmallDisadvantage
2022-11-15 11:18:59.989 | 01:49   10ms  410M   74G  20/ 23U [GameAnalyzer] Income advantage is now SlightDisadvantage
2022-11-15 11:19:00.048 | 01:49   12ms  410M   74G  20/ 23U [GameAnalyzer] Income advantage is now SmallDisadvantage
2022-11-15 11:19:00.292 | 01:51   12ms  435M   78G  20/ 31U [GameAnalyzer] Income advantage is now SlightDisadvantage
2022-11-15 11:19:00.349 | 01:51   10ms  435M   78G  20/ 31U [GameAnalyzer] Income advantage is now SmallDisadvantage
2022-11-15 11:19:00.482 | 01:52   10ms  455M   82G  20/ 31U [GameAnalyzer] Income advantage is now SlightDisadvantage
2022-11-15 11:19:00.514 | 01:52   11ms  455M   82G  20/ 31U [GameAnalyzer] Income advantage is now SmallDisadvantage
2022-11-15 11:19:00.616 | 01:53   12ms  455M   82G  20/ 31U [GameAnalyzer] Income advantage is now SlightDisadvantage
2022-11-15 11:19:00.647 | 01:53   11ms  460M   86G  20/ 31U [GameAnalyzer] Income advantage is now SmallDisadvantage
2022-11-15 11:19:00.809 | 01:54   10ms  485M   86G  20/ 31U [GameAnalyzer] Income advantage is now SlightDisadvantage
2022-11-15 11:19:00.844 | 01:54   12ms  485M   86G  20/ 31U [GameAnalyzer] Income advantage is now SmallDisadvantage
2022-11-15 11:19:00.953 | 01:55   10ms  490M   90G  20/ 31U [GameAnalyzer] Known army advantage is now SlightAdvantage
2022-11-15 11:19:00.954 | 01:55   10ms  440M   90G  20/ 31U [ActUnit] SCV from COMMANDCENTER at (126.5, 151.5)
2022-11-15 11:19:00.957 | 01:55   10ms  440M   90G  20/ 31U [BuildAddon] UnitTypeId.BARRACKSREACTOR to (124.0, 144.0)
2022-11-15 11:19:01.268 | 01:55   14ms  395M   40G  21/ 31U [GameAnalyzer] Income advantage is now SlightDisadvantage
2022-11-15 11:19:01.301 | 01:55   16ms  395M   40G  21/ 31U [GameAnalyzer] Income advantage is now SmallDisadvantage
2022-11-15 11:19:01.332 | 01:55   16ms  400M   40G  21/ 31U [GameAnalyzer] Income advantage is now SlightDisadvantage
2022-11-15 11:19:01.335 | 01:55   16ms  400M   40G  21/ 31U [Expand] Expanding to (98.5, 151.5)
2022-11-15 11:19:01.496 | 01:56   15ms   20M   44G  21/ 31U [GameAnalyzer] Income advantage is now SmallDisadvantage
2022-11-15 11:19:01.560 | 01:57   14ms   25M   44G  21/ 31U [GameAnalyzer] Income advantage is now SlightDisadvantage
2022-11-15 11:19:01.598 | 01:57   16ms   25M   44G  21/ 31U [GameAnalyzer] Income advantage is now SmallDisadvantage
2022-11-15 11:19:01.746 | 01:58   16ms   30M   48G  21/ 31U [GameAnalyzer] Income advantage is now SlightDisadvantage
2022-11-15 11:19:01.782 | 01:58   16ms   30M   48G  21/ 31U [GameAnalyzer] Income advantage is now SmallDisadvantage
2022-11-15 11:19:01.911 | 01:58   14ms   55M   48G  21/ 31U [GameAnalyzer] Income advantage is now SlightDisadvantage
2022-11-15 11:19:02.040 | 01:59   15ms   55M   52G  21/ 31U [GameAnalyzer] Income advantage is now SmallDisadvantage
2022-11-15 11:19:02.488 | 02:02   14ms   95M   56G  21/ 31U [GameAnalyzer] Income advantage is now SlightDisadvantage
2022-11-15 11:19:02.553 | 02:02   14ms  100M   60G  21/ 31U [GameAnalyzer] Income advantage is now SmallDisadvantage
2022-11-15 11:19:02.845 | 02:03   20ms  125M   64G  21/ 31U [GameAnalyzer] Income advantage is now SlightDisadvantage
2022-11-15 11:19:02.881 | 02:04   16ms  125M   64G  21/ 31U [GameAnalyzer] Income advantage is now SmallDisadvantage
2022-11-15 11:19:03.240 | 02:06   15ms   30M   68G  21/ 31U [GameAnalyzer] Income advantage is now SlightDisadvantage
2022-11-15 11:19:03.274 | 02:06   15ms   30M   68G  21/ 31U [GameAnalyzer] Income advantage is now SmallDisadvantage
2022-11-15 11:19:03.426 | 02:07   15ms   40M   72G  21/ 31U [GameAnalyzer] Income advantage is now SlightDisadvantage
2022-11-15 11:19:03.492 | 02:07   14ms   50M   72G  21/ 31U [GameAnalyzer] Income advantage is now SmallDisadvantage
2022-11-15 11:19:03.494 | 02:07   14ms    0M   72G  21/ 31U [ActUnit] SCV from COMMANDCENTER at (126.5, 151.5)
2022-11-15 11:19:03.528 | 02:07   18ms    0M   72G  22/ 31U [GameAnalyzer] Income advantage is now SlightDisadvantage
2022-11-15 11:19:03.602 | 02:08   14ms    0M   72G  22/ 31U [GameAnalyzer] Income advantage is now SmallDisadvantage
2022-11-15 11:19:03.770 | 02:08   13ms   20M   76G  22/ 31U [GameAnalyzer] Income advantage is now SlightDisadvantage
2022-11-15 11:19:03.812 | 02:09   14ms   25M   76G  22/ 31U [GameAnalyzer] Income advantage is now SmallDisadvantage
2022-11-15 11:19:03.973 | 02:10   13ms   40M   80G  22/ 31U [GameAnalyzer] Income advantage is now SlightDisadvantage
2022-11-15 11:19:04.012 | 02:10   17ms   40M   80G  22/ 31U [GameAnalyzer] Income advantage is now SmallDisadvantage
2022-11-15 11:19:04.045 | 02:10   17ms   40M   80G  22/ 31U [GameAnalyzer] Income advantage is now SlightDisadvantage
2022-11-15 11:19:04.081 | 02:10   15ms   45M   80G  22/ 31U [GameAnalyzer] Income advantage is now SmallDisadvantage
2022-11-15 11:19:04.147 | 02:10   14ms   50M   80G  22/ 31U [GameAnalyzer] Income advantage is now SlightDisadvantage
2022-11-15 11:19:04.178 | 02:11   14ms   50M   84G  22/ 31U [GameAnalyzer] Income advantage is now SmallDisadvantage
2022-11-15 11:19:04.374 | 02:12   14ms  100M   84G  22/ 31U [GameAnalyzer] Income advantage is now SlightDisadvantage
2022-11-15 11:19:04.413 | 02:12   15ms  100M   84G  22/ 31U [GameAnalyzer] Income advantage is now SmallDisadvantage
2022-11-15 11:19:04.443 | 02:12   17ms  100M   84G  22/ 31U [GameAnalyzer] Income advantage is now SlightDisadvantage
2022-11-15 11:19:04.543 | 02:13   15ms  100M   88G  22/ 31U [GameAnalyzer] Income advantage is now SmallDisadvantage
2022-11-15 11:19:04.876 | 02:14   13ms  140M   92G  22/ 31U [GameAnalyzer] Income advantage is now SlightDisadvantage
2022-11-15 11:19:04.944 | 02:15   14ms  140M   92G  22/ 31U [GameAnalyzer] Income advantage is now SmallDisadvantage
2022-11-15 11:19:05.291 | 02:16   14ms  175M  100G  22/ 31U [GameAnalyzer] Income advantage is now SlightDisadvantage
2022-11-15 11:19:05.401 | 02:17   15ms   25M    0G  22/ 31U [GameAnalyzer] Income advantage is now SmallDisadvantage
2022-11-15 11:19:05.592 | 02:18   14ms   40M    0G  22/ 31U [GameAnalyzer] Income advantage is now SlightDisadvantage
2022-11-15 11:19:05.629 | 02:18   17ms   65M    4G  22/ 31U [GameAnalyzer] Income advantage is now SmallDisadvantage
2022-11-15 11:19:05.726 | 02:19   14ms    0M    4G  22/ 31U [BuildGas] Building REFINERY to (123.5, 158.5)
2022-11-15 11:19:06.359 | 02:21   22ms   30M    8G  22/ 31U [GameAnalyzer] Income advantage is now SlightDisadvantage
2022-11-15 11:19:06.407 | 02:21   48ms   30M    8G  22/ 31U [GameAnalyzer] Income advantage is now Even
2022-11-15 11:19:06.523 | INFO     | sc2.protocol:_execute:72 - Client status changed to Status.ended (was Status.in_game)
2022-11-15 11:19:06.525 | Result: Defeat
2022-11-15 11:19:06.526 | Duration: 02:21
2022-11-15 11:19:06.526 | Step time min: 5
2022-11-15 11:19:06.527 | Step time avg: 11
2022-11-15 11:19:06.528 | Step time max: 260
2022-11-15 11:19:06.529 | [LostUnitsContents] My lost units minerals and gas: (0, 0)
2022-11-15 11:19:06.529 | [LostUnitsContents] My lost units minerals by score: 0.0
2022-11-15 11:19:06.530 | [LostUnitsContents] Enemy lost units minerals and gas: (50, 0)
2022-11-15 11:19:06.531 | [LostUnitsContents] Enemy lost units minerals by score: 50.0
2022-11-15 11:19:06.532 | [GameAnalyzerEnd] Own units:
2022-11-15 11:19:06.532 | [GameAnalyzerEnd] SCV               total:  20 alive:  20 dead:   0 
2022-11-15 11:19:06.533 | [GameAnalyzerEnd] SUPPLYDEPOT       total:   2 alive:   2 dead:   0 
2022-11-15 11:19:06.533 | [GameAnalyzerEnd] BARRACKS          total:   2 alive:   2 dead:   0 
2022-11-15 11:19:06.534 | [GameAnalyzerEnd] REFINERY          total:   2 alive:   2 dead:   0 
2022-11-15 11:19:06.535 | [GameAnalyzerEnd] COMMANDCENTER     total:   1 alive:   1 dead:   0 
2022-11-15 11:19:06.535 | [GameAnalyzerEnd] FACTORY           total:   1 alive:   1 dead:   0 
2022-11-15 11:19:06.536 | [GameAnalyzerEnd] REACTOR           total:   1 alive:   1 dead:   0 
2022-11-15 11:19:06.537 | [GameAnalyzerEnd] REAPER            total:   1 alive:   1 dead:   0 
2022-11-15 11:19:06.539 | [GameAnalyzerEnd] MULE              total:   1 alive:   1 dead:   0 
2022-11-15 11:19:06.540 | [GameAnalyzerEnd] ORBITALCOMMAND    total:   1 alive:   1 dead:   0 
2022-11-15 11:19:06.540 | [GameAnalyzerEnd] Enemy units:
2022-11-15 11:19:06.541 | [GameAnalyzerEnd] DRONE             total:  17 alive:  16 dead:   1 
2022-11-15 11:19:06.542 | [GameAnalyzerEnd] OVERLORD          total:   2 alive:   2 dead:   0 
2022-11-15 11:19:06.545 | [GameAnalyzerEnd] HATCHERY          total:   2 alive:   2 dead:   0 
2022-11-15 11:19:06.546 | [GameAnalyzerEnd] EXTRACTOR         total:   2 alive:   2 dead:   0 
2022-11-15 11:19:06.546 | [GameAnalyzerEnd] SPAWNINGPOOL      total:   1 alive:   1 dead:   0 
2022-11-15 11:19:06.547 | [GameAnalyzerEnd] Minerals max 485 Average 153
2022-11-15 11:19:06.548 | [GameAnalyzerEnd] Vespene max 96 Average 24
2022-11-15 11:19:06.548 | INFO     | sc2.main:_play_game:228 - Result for player 1 - Bot Turtles(Terran): Defeat
2022-11-15 11:19:07.511 | INFO     | sc2.protocol:__request:48 - Cannot receive: Game has already ended.
2022-11-15 11:19:07.513 | INFO     | sc2.sc2process:_close_connection:231 - Closing connection at 52482...
2022-11-15 11:19:07.514 | INFO     | sc2.sc2process:kill_all:33 - kill_switch: Process cleanup for 1 processes
