2022-10-24 14:22:01.007 | INFO     | sc2.protocol:_execute:72 - Client status changed to Status.launched (was None)
2022-10-24 14:22:01.008 | INFO     | sc2.controller:create_game:37 - Creating new game
2022-10-24 14:22:01.010 | INFO     | sc2.controller:create_game:38 - Map:     BlackburnAIE
2022-10-24 14:22:01.011 | INFO     | sc2.controller:create_game:39 - Players: Bot Turtles(Terran), Computer VeryHard(Random, RandomBuild)
2022-10-24 14:22:01.013 | INFO     | sc2.protocol:_execute:72 - Client status changed to Status.init_game (was Status.launched)
2022-10-24 14:22:08.953 | INFO     | sc2.protocol:_execute:72 - Client status changed to Status.in_game (was None)
2022-10-24 14:22:08.955 | INFO     | sc2.main:_play_game:221 - Player 1 - Bot Turtles(Terran)
2022-10-24 14:22:09.468 | 00:00    0ms    0M    0G  12/ 15U [Version] 5.0.10.88500
2022-10-24 14:22:09.470 | 00:00    0ms    0M    0G  12/ 15U [Version] 5.0.6 Balance mod recognized.
2022-10-24 14:22:09.550 | 00:00    0ms    0M    0G  12/ 15U [ZoneManager] Map set to: MapName.Blackburn from name: Blackburn AIE and hash: 2657237.
2022-10-24 14:22:10.126 | [Start] My race: Terran
2022-10-24 14:22:10.127 | [Start] Opponent race: Random
2022-10-24 14:22:10.128 | [Start] OpponentId: None
2022-10-24 14:22:10.392 | 00:00    7ms    0M    0G  13/ 15U [GameAnalyzer] Income advantage is now SlightDisadvantage
2022-10-24 14:22:10.460 | 00:01    7ms    0M    0G  13/ 15U [GameAnalyzer] Income advantage is now Even
2022-10-24 14:22:11.845 | 00:14    6ms    0M    0G  13/ 15U [ActUnit] SCV from COMMANDCENTER at (147.5, 31.5)
2022-10-24 14:22:13.185 | 00:26    7ms  105M    0G  14/ 15U [ActUnit] SCV from COMMANDCENTER at (147.5, 31.5)
2022-10-24 14:22:14.468 | 00:37    7ms   15M    0G  15/ 23U [BuildGas] Building REFINERY to (144.5, 24.5)
2022-10-24 14:22:14.879 | 00:40    6ms    0M    0G  15/ 23U [ActUnit] SCV from COMMANDCENTER at (147.5, 31.5)
2022-10-24 14:22:15.677 | 00:46    9ms    0M    0G  16/ 23U [BuildGas] Building REFINERY to (154.5, 34.5)
2022-10-24 14:22:16.490 | 00:52    7ms   10M    0G  16/ 23U [ActUnit] SCV from COMMANDCENTER at (147.5, 31.5)
2022-10-24 14:22:18.201 | 01:04   10ms  105M    4G  17/ 23U [ActUnit] SCV from COMMANDCENTER at (147.5, 31.5)
2022-10-24 14:22:19.975 | 01:14   25ms  210M   24G  18/ 23U [GameAnalyzer] Income advantage is now SmallAdvantage
2022-10-24 14:22:20.150 | 01:15   24ms  220M   24G  18/ 23U [GameAnalyzer] Income advantage is now SlightAdvantage
2022-10-24 14:22:20.312 | 01:15   25ms  225M   28G  18/ 23U [GameAnalyzer] Income advantage is now Even
2022-10-24 14:22:20.499 | 01:16    9ms  180M   32G  18/ 23U [ActUnit] SCV from COMMANDCENTER at (147.5, 31.5)
2022-10-24 14:22:21.161 | 01:20   10ms  225M   44G  19/ 23U [GameAnalyzer] Income advantage is now SlightDisadvantage
2022-10-24 14:22:21.247 | 01:21   10ms  230M   44G  19/ 23U [GameAnalyzer] Income advantage is now Even
2022-10-24 14:22:21.274 | 01:21   13ms  235M   44G  19/ 23U [GameAnalyzer] Income advantage is now SlightDisadvantage
2022-10-24 14:22:21.385 | 01:22   10ms  240M   48G  19/ 23U [GameAnalyzer] Income advantage is now Even
2022-10-24 14:22:21.527 | 01:23   12ms  245M   48G  19/ 23U [GameAnalyzer] Income advantage is now SlightDisadvantage
2022-10-24 14:22:21.791 | 01:24   12ms  275M   60G  19/ 23U [GameAnalyzer] Income advantage is now Even
2022-10-24 14:22:21.882 | 01:25   12ms  280M   60G  19/ 23U [GameAnalyzer] Income advantage is now SlightDisadvantage
2022-10-24 14:22:21.968 | 01:25   14ms  290M   60G  19/ 23U [GameAnalyzer] Income advantage is now Even
2022-10-24 14:22:22.057 | 01:26   12ms  290M   60G  19/ 23U [GameAnalyzer] Income advantage is now SlightDisadvantage
2022-10-24 14:22:22.116 | 01:26   11ms  295M   60G  19/ 23U [GameAnalyzer] Income advantage is now Even
2022-10-24 14:22:22.237 | 01:27   14ms  295M   64G  19/ 23U [GameAnalyzer] Income advantage is now SlightDisadvantage
2022-10-24 14:22:22.359 | 01:28   11ms  310M   64G  19/ 23U [GameAnalyzer] Income advantage is now Even
2022-10-24 14:22:22.392 | 01:28   12ms  310M   64G  19/ 23U [GameAnalyzer] Income advantage is now SlightDisadvantage
2022-10-24 14:22:22.489 | 01:28   12ms  165M   68G  19/ 23U [GameAnalyzer] Income advantage is now Even
2022-10-24 14:22:22.613 | 01:29   12ms  175M   72G  19/ 23U [GameAnalyzer] Income advantage is now SlightDisadvantage
2022-10-24 14:22:22.708 | 01:30   12ms  190M   76G  19/ 23U [GameAnalyzer] Income advantage is now Even
2022-10-24 14:22:22.798 | 01:30   12ms  195M   76G  19/ 23U [GameAnalyzer] Income advantage is now SlightDisadvantage
2022-10-24 14:22:22.843 | 01:30   12ms  195M   76G  19/ 23U [GameAnalyzer] Income advantage is now Even
2022-10-24 14:22:22.962 | 01:31   11ms  200M   80G  19/ 23U [GameAnalyzer] Income advantage is now SlightDisadvantage
2022-10-24 14:22:23.080 | 01:32   11ms  200M   80G  19/ 23U [GameAnalyzer] Income advantage is now Even
2022-10-24 14:22:23.228 | 01:33   11ms  215M   88G  19/ 23U [GameAnalyzer] Income advantage is now SlightDisadvantage
2022-10-24 14:22:23.308 | 01:33   10ms  230M   88G  19/ 23U [GameAnalyzer] Income advantage is now Even
2022-10-24 14:22:23.423 | 01:34   10ms  235M   92G  19/ 23U [GameAnalyzer] Income advantage is now SlightDisadvantage
2022-10-24 14:22:23.470 | 01:34   13ms  240M   92G  19/ 23U [GameAnalyzer] Income advantage is now Even
2022-10-24 14:22:23.609 | 01:35   11ms  245M   96G  19/ 23U [GameAnalyzer] Income advantage is now SlightDisadvantage
2022-10-24 14:22:23.637 | 01:35   11ms  245M   96G  19/ 23U [GameAnalyzer] Income advantage is now Even
2022-10-24 14:22:23.669 | 01:35   13ms  245M   96G  19/ 23U [GameAnalyzer] Income advantage is now SlightDisadvantage
2022-10-24 14:22:23.694 | 01:35   11ms  255M   96G  19/ 23U [GameAnalyzer] Income advantage is now Even
2022-10-24 14:22:23.851 | 01:36   10ms  275M  100G  19/ 23U [GameAnalyzer] Income advantage is now SlightDisadvantage
2022-10-24 14:22:23.876 | 01:36   12ms  275M  104G  19/ 23U [GameAnalyzer] Income advantage is now Even
2022-10-24 14:22:23.931 | 01:37   10ms  275M  104G  19/ 23U [GameAnalyzer] Income advantage is now SlightDisadvantage
2022-10-24 14:22:23.986 | 01:37   11ms  280M  104G  19/ 23U [GameAnalyzer] Income advantage is now Even
2022-10-24 14:22:24.092 | 01:38   11ms  295M  108G  19/ 23U [GameAnalyzer] Income advantage is now SlightDisadvantage
2022-10-24 14:22:24.169 | 01:38   10ms  310M  108G  19/ 23U [GameAnalyzer] Income advantage is now Even
2022-10-24 14:22:24.258 | 01:39   10ms  315M  112G  19/ 23U [GameAnalyzer] Income advantage is now SlightDisadvantage
2022-10-24 14:22:24.283 | 01:39   11ms  315M  112G  19/ 23U [GameAnalyzer] Income advantage is now Even
2022-10-24 14:22:24.396 | 01:40   11ms  320M  116G  19/ 23U [GameAnalyzer] Income advantage is now SlightDisadvantage
2022-10-24 14:22:24.474 | 01:40   11ms  335M  120G  19/ 23U [GameAnalyzer] Income advantage is now Even
2022-10-24 14:22:24.578 | 01:41   11ms  345M  120G  19/ 23U [GameAnalyzer] Income advantage is now SlightDisadvantage
2022-10-24 14:22:24.636 | 01:41   12ms  345M  124G  19/ 23U [GameAnalyzer] Income advantage is now Even
2022-10-24 14:22:24.746 | 01:42   11ms  355M  124G  19/ 23U [GameAnalyzer] Income advantage is now SlightDisadvantage
2022-10-24 14:22:24.826 | 01:43   11ms  375M  128G  19/ 23U [GameAnalyzer] Income advantage is now Even
2022-10-24 14:22:24.916 | 01:43   11ms  380M  128G  19/ 23U [GameAnalyzer] Income advantage is now SlightDisadvantage
2022-10-24 14:22:24.998 | 01:44   10ms  385M  132G  19/ 23U [GameAnalyzer] Income advantage is now Even
2022-10-24 14:22:25.135 | 01:45   12ms  390M  136G  19/ 23U [GameAnalyzer] Income advantage is now SlightDisadvantage
2022-10-24 14:22:25.186 | 01:45   11ms  405M  136G  19/ 23U [GameAnalyzer] Income advantage is now Even
2022-10-24 14:22:25.188 | 01:45   11ms  405M  136G  19/ 23U [Expand] Expanding to (147.5, 54.5)
2022-10-24 14:22:25.368 | 01:46   11ms   15M  140G  19/ 23U [GameAnalyzer] Income advantage is now SlightDisadvantage
2022-10-24 14:22:25.393 | 01:46   13ms   20M  140G  19/ 23U [GameAnalyzer] Income advantage is now Even
2022-10-24 14:22:25.453 | 01:47   11ms   20M  144G  19/ 23U [GameAnalyzer] Income advantage is now SlightDisadvantage
2022-10-24 14:22:25.536 | 01:47   11ms   35M  144G  19/ 23U [GameAnalyzer] Income advantage is now Even
2022-10-24 14:22:25.568 | 01:47   13ms   35M  144G  19/ 23U [GameAnalyzer] Income advantage is now SlightDisadvantage
2022-10-24 14:22:25.674 | 01:48   10ms   50M  148G  19/ 23U [GameAnalyzer] Income advantage is now Even
2022-10-24 14:22:25.677 | 01:48   10ms    0M  148G  19/ 23U [TerranUnit] MARINE from BARRACKS at (144.5, 37.5)
2022-10-24 14:22:25.732 | 01:48   12ms    5M  152G  20/ 23U [GameAnalyzer] Income advantage is now SlightDisadvantage
2022-10-24 14:22:25.789 | 01:49   10ms   10M  152G  20/ 23U [GameAnalyzer] Income advantage is now Even
2022-10-24 14:22:25.924 | 01:50   10ms   15M  156G  20/ 23U [GameAnalyzer] Income advantage is now SlightDisadvantage
2022-10-24 14:22:26.000 | 01:50   10ms   30M  156G  20/ 23U [GameAnalyzer] Income advantage is now Even
2022-10-24 14:22:26.102 | 01:51   10ms   35M  160G  20/ 23U [GameAnalyzer] Income advantage is now SlightDisadvantage
2022-10-24 14:22:26.214 | 01:52   11ms   45M  164G  20/ 23U [GameAnalyzer] Income advantage is now Even
2022-10-24 14:22:26.240 | 01:52   11ms   45M  164G  20/ 23U [GameAnalyzer] Income advantage is now SlightDisadvantage
2022-10-24 14:22:26.320 | 01:52   11ms   60M  168G  20/ 23U [GameAnalyzer] Income advantage is now Even
2022-10-24 14:22:26.455 | 01:53   11ms   70M  172G  20/ 23U [GameAnalyzer] Income advantage is now SlightAdvantage
2022-10-24 14:22:26.457 | 01:53   11ms   20M  172G  20/ 23U [ActUnit] SCV from COMMANDCENTER at (147.5, 31.5)
2022-10-24 14:22:28.194 | 02:05   10ms   20M  220G  21/ 23U [ActUnit] SCV from COMMANDCENTER at (147.5, 31.5)
2022-10-24 14:22:28.276 | 02:06    9ms   35M  220G  22/ 23U [GameAnalyzer] Known army advantage is now SlightAdvantage
2022-10-24 14:22:28.277 | 02:06    9ms   35M  220G  22/ 23U [GameAnalyzer] Predicted army advantage is now SlightAdvantage
2022-10-24 14:22:28.591 | 02:08   10ms    5M  232G  22/ 23U [TerranUnit] MARINE from BARRACKS at (144.5, 37.5)
2022-10-24 14:22:34.421 | 02:47   11ms  150M  188G  23/ 31U [ActUnit] SCV from COMMANDCENTER at (147.5, 31.5)
2022-10-24 14:22:34.424 | 02:47   11ms  100M  188G  23/ 31U [TerranUnit] MARINE from BARRACKS at (144.5, 37.5)
2022-10-24 14:22:36.344 | 02:59   12ms  205M  240G  25/ 31U [ActUnit] SCV from COMMANDCENTER at (147.5, 31.5)
2022-10-24 14:22:37.078 | 03:04   12ms   55M  260G  26/ 31U [TerranUnit] HELLION from FACTORY at (151.5, 37.5)
2022-10-24 14:22:37.525 | 03:06   13ms  100M  268G  28/ 46U [GameAnalyzer] Income advantage is now SmallAdvantage
2022-10-24 14:22:37.559 | 03:06   14ms  105M  268G  28/ 46U [GameAnalyzer] Income advantage is now SlightAdvantage
2022-10-24 14:22:37.697 | 03:07   13ms  110M  272G  28/ 46U [GameAnalyzer] Income advantage is now SmallAdvantage
2022-10-24 14:22:37.732 | 03:07   14ms  110M  272G  28/ 46U [GameAnalyzer] Income advantage is now SlightAdvantage
2022-10-24 14:22:38.134 | 03:10   12ms  125M  280G  28/ 46U [GameAnalyzer] Income advantage is now SmallAdvantage
2022-10-24 14:22:38.169 | 03:10   15ms  125M  280G  28/ 46U [GameAnalyzer] Income advantage is now SlightAdvantage
2022-10-24 14:22:38.384 | 03:11   13ms  135M  288G  28/ 46U [GameAnalyzer] Income advantage is now SmallAdvantage
2022-10-24 14:22:38.428 | 03:11   16ms  135M  288G  28/ 46U [GameAnalyzer] Income advantage is now SlightAdvantage
2022-10-24 14:22:38.606 | 03:12   13ms  145M  292G  28/ 46U [GameAnalyzer] Income advantage is now SmallAdvantage
2022-10-24 14:22:38.643 | 03:12   15ms  150M  296G  28/ 46U [GameAnalyzer] Income advantage is now SlightAdvantage
2022-10-24 14:22:39.043 | 03:14   13ms   40M  304G  28/ 46U [GameAnalyzer] Income advantage is now SmallAdvantage
2022-10-24 14:22:39.073 | 03:14   13ms   65M  304G  28/ 46U [GameAnalyzer] Income advantage is now SlightAdvantage
2022-10-24 14:22:39.076 | 03:14   13ms   15M  304G  28/ 46U [TerranUnit] MARINE from BARRACKS at (144.5, 37.5)
2022-10-24 14:22:39.140 | 03:15   15ms   20M  304G  29/ 46U [GameAnalyzer] Income advantage is now SmallAdvantage
2022-10-24 14:22:39.175 | 03:15   13ms   20M  308G  29/ 46U [GameAnalyzer] Income advantage is now SlightAdvantage
2022-10-24 14:22:39.739 | 03:18   13ms   55M  324G  29/ 46U [GameAnalyzer] Income advantage is now SmallAdvantage
2022-10-24 14:22:39.808 | 03:18   11ms   60M  324G  29/ 46U [GameAnalyzer] Income advantage is now SlightAdvantage
2022-10-24 14:22:39.957 | 03:19   13ms   65M  328G  29/ 46U [GameAnalyzer] Income advantage is now SmallAdvantage
2022-10-24 14:22:40.089 | 03:20   12ms   75M  332G  29/ 46U [GameAnalyzer] Income advantage is now SlightAdvantage
2022-10-24 14:22:40.122 | 03:20   13ms    0M  332G  29/ 46U [TerranUnit] HELLION from FACTORY at (139.5, 35.5)
2022-10-24 14:22:40.223 | 03:20   12ms   15M  336G  31/ 46U [GameAnalyzer] Income advantage is now SmallAdvantage
2022-10-24 14:22:40.291 | 03:21   12ms   20M  340G  31/ 46U [GameAnalyzer] Income advantage is now SlightAdvantage
2022-10-24 14:22:40.387 | 03:21   12ms   30M  340G  31/ 46U [GameAnalyzer] Income advantage is now SmallAdvantage
2022-10-24 14:22:40.427 | 03:21   13ms   30M  344G  31/ 46U [GameAnalyzer] Income advantage is now SlightAdvantage
2022-10-24 14:22:40.670 | 03:23   12ms   75M  348G  31/ 46U [GameAnalyzer] Income advantage is now SmallAdvantage
2022-10-24 14:22:40.701 | 03:23   14ms   80M  348G  31/ 46U [GameAnalyzer] Income advantage is now SlightAdvantage
2022-10-24 14:22:40.872 | 03:24   12ms   95M  352G  31/ 46U [GameAnalyzer] Income advantage is now SmallAdvantage
2022-10-24 14:22:40.943 | 03:24   12ms   95M  356G  30/ 46U [GameAnalyzer] Income advantage is now SlightAdvantage
2022-10-24 14:22:41.037 | 03:25   13ms  100M  360G  30/ 46U [GameAnalyzer] Income advantage is now SmallAdvantage
2022-10-24 14:22:41.166 | 03:25   12ms  105M  360G  30/ 46U [GameAnalyzer] Income advantage is now SlightAdvantage
2022-10-24 14:22:41.241 | 03:25   14ms   10M  364G  30/ 46U [TerranUnit] HELLION from FACTORY at (151.5, 37.5)
2022-10-24 14:22:41.441 | 03:26   13ms   40M  368G  32/ 54U [GameAnalyzer] Known army advantage is now SmallDisadvantage
2022-10-24 14:22:41.443 | 03:26   13ms   40M  368G  32/ 54U [GameAnalyzer] Predicted army advantage is now OverwhelmingDisadvantage
2022-10-24 14:22:41.506 | 03:27   12ms   70M  372G  32/ 54U [GameAnalyzer] Income advantage is now SmallAdvantage
2022-10-24 14:22:41.546 | 03:27   15ms   70M  372G  32/ 54U [GameAnalyzer] Income advantage is now SlightAdvantage
2022-10-24 14:22:41.652 | 03:28   14ms   85M  376G  32/ 54U [GameAnalyzer] Income advantage is now SmallAdvantage
2022-10-24 14:22:41.821 | 03:28   12ms  100M  380G  32/ 54U [GameAnalyzer] Income advantage is now SlightAdvantage
2022-10-24 14:22:41.851 | 03:29   15ms  125M  380G  32/ 54U [GameAnalyzer] Income advantage is now SmallAdvantage
2022-10-24 14:22:41.888 | 03:29   13ms  125M  384G  32/ 54U [GameAnalyzer] Income advantage is now SlightAdvantage
2022-10-24 14:22:41.918 | 03:29   14ms  125M  384G  32/ 54U [GameAnalyzer] Income advantage is now SmallAdvantage
2022-10-24 14:22:42.050 | 03:30   14ms  135M  388G  32/ 54U [GameAnalyzer] Income advantage is now SlightAdvantage
2022-10-24 14:22:42.148 | 03:30   13ms  145M  388G  32/ 54U [GameAnalyzer] Income advantage is now SmallAdvantage
2022-10-24 14:22:42.251 | 03:31   13ms    5M  292G  32/ 54U [GameAnalyzer] Income advantage is now SlightAdvantage
2022-10-24 14:22:42.318 | 03:31   12ms   20M  296G  32/ 54U [GameAnalyzer] Income advantage is now SmallAdvantage
2022-10-24 14:22:42.382 | 03:31   12ms   20M  296G  32/ 54U [GameAnalyzer] Income advantage is now SlightAdvantage
2022-10-24 14:22:42.544 | 03:32   13ms   40M  300G  32/ 54U [GameAnalyzer] Income advantage is now SmallAdvantage
2022-10-24 14:22:42.610 | 03:33   12ms   45M  304G  32/ 54U [GameAnalyzer] Income advantage is now SlightAdvantage
2022-10-24 14:22:42.649 | 03:33   15ms    0M  304G  32/ 54U [TerranUnit] MARINE from BARRACKS at (144.5, 37.5)
2022-10-24 14:22:42.754 | 03:33   15ms   10M  308G  33/ 54U [GameAnalyzer] Income advantage is now SmallAdvantage
2022-10-24 14:22:42.853 | 03:34   15ms   35M  308G  33/ 54U [GameAnalyzer] Income advantage is now SlightAdvantage
2022-10-24 14:22:42.995 | 03:35   14ms   45M  316G  33/ 54U [GameAnalyzer] Income advantage is now SmallAdvantage
2022-10-24 14:22:43.038 | 03:35   15ms   45M  316G  33/ 54U [GameAnalyzer] Income advantage is now SlightAdvantage
2022-10-24 14:22:43.147 | 03:35   14ms   85M  316G  33/ 54U [GameAnalyzer] Income advantage is now SmallAdvantage
2022-10-24 14:22:43.266 | 03:36   14ms   90M  320G  33/ 54U [GameAnalyzer] Income advantage is now SlightAdvantage
2022-10-24 14:22:43.304 | 03:36   19ms   95M  320G  33/ 54U [GameAnalyzer] Income advantage is now Even
2022-10-24 14:22:43.516 | 03:37   16ms   50M  328G  33/ 54U [ActUnit] SCV from COMMANDCENTER at (147.5, 31.5)
2022-10-24 14:22:43.554 | 03:37   19ms    0M  328G  34/ 54U [ActUnit] SCV from COMMANDCENTER at (147.5, 54.5)
2022-10-24 14:22:44.505 | 03:41   14ms   75M  344G  32/ 54U [GameAnalyzer] Income advantage is now SlightAdvantage
2022-10-24 14:22:44.506 | 03:41   14ms   75M  344G  32/ 54U [GameAnalyzer] Known army advantage is now SlightDisadvantage
2022-10-24 14:22:44.509 | 03:41   14ms   75M  344G  32/ 54U [BuildAddon] UnitTypeId.FACTORYREACTOR to (142.0, 35.0)
2022-10-24 14:22:44.548 | 03:41   22ms   25M  298G  32/ 54U [GameAnalyzer] Income advantage is now Even
2022-10-24 14:22:44.590 | 03:42   15ms   50M  298G  32/ 54U [GameAnalyzer] Income advantage is now SlightAdvantage
2022-10-24 14:22:44.630 | 03:42   16ms   50M  298G  32/ 54U [GameAnalyzer] Income advantage is now Even
2022-10-24 14:22:44.670 | 03:42   17ms   50M  298G  32/ 54U [GameAnalyzer] Income advantage is now SlightAdvantage
2022-10-24 14:22:45.161 | 03:44   14ms   75M  306G  31/ 54U [GameAnalyzer] Income advantage is now Even
2022-10-24 14:22:45.203 | 03:45   19ms   75M  306G  31/ 54U [GameAnalyzer] Income advantage is now SlightAdvantage
2022-10-24 14:22:45.430 | 03:46   14ms   85M  314G  31/ 54U [GameAnalyzer] Known army advantage is now SmallDisadvantage
2022-10-24 14:22:45.467 | 03:46   17ms   90M  314G  31/ 54U [GameAnalyzer] Income advantage is now Even
2022-10-24 14:22:45.509 | 03:46   16ms   95M  314G  31/ 54U [GameAnalyzer] Income advantage is now SlightAdvantage
2022-10-24 14:22:45.704 | 03:47   15ms  100M  322G  30/ 54U [GameAnalyzer] Known army advantage is now SlightDisadvantage
2022-10-24 14:22:45.707 | 03:47   15ms  100M  322G  30/ 54U [BuildAddon] UnitTypeId.FACTORYREACTOR to (154.0, 37.0)
2022-10-24 14:22:45.750 | 03:47   18ms   50M  272G  30/ 54U [GameAnalyzer] Known army advantage is now SlightAdvantage
2022-10-24 14:22:45.827 | 03:47   15ms   55M  272G  30/ 54U [GameAnalyzer] Known army advantage is now Even
2022-10-24 14:22:46.215 | 03:49   16ms   65M  280G  30/ 54U [ActUnit] SCV from COMMANDCENTER at (147.5, 31.5)
2022-10-24 14:22:46.253 | 03:49   16ms   20M  280G  31/ 54U [ActUnit] SCV from COMMANDCENTER at (147.5, 54.5)
2022-10-24 14:22:46.299 | 03:50   18ms   20M  280G  32/ 54U [GameAnalyzer] Income advantage is now SmallAdvantage
2022-10-24 14:22:46.335 | 03:50   17ms   20M  280G  32/ 54U [GameAnalyzer] Income advantage is now SlightAdvantage
2022-10-24 14:22:46.573 | 03:51   14ms   30M  288G  31/ 54U [GameAnalyzer] Known army advantage is now SlightAdvantage
2022-10-24 14:22:46.707 | 03:51   13ms   40M  288G  31/ 54U [GameAnalyzer] Income advantage is now SmallAdvantage
2022-10-24 14:22:46.779 | 03:52   15ms   40M  288G  31/ 54U [GameAnalyzer] Income advantage is now SlightAdvantage
2022-10-24 14:22:46.886 | 03:52   15ms   40M  288G  31/ 54U [GameAnalyzer] Income advantage is now SmallAdvantage
2022-10-24 14:22:46.887 | 03:52   15ms   40M  288G  31/ 54U [GameAnalyzer] Known army advantage is now SmallAdvantage
2022-10-24 14:22:47.037 | 03:53   13ms   50M  292G  31/ 54U [GameAnalyzer] Income advantage is now SlightAdvantage
2022-10-24 14:22:47.039 | 03:53   13ms    0M  292G  31/ 54U [TerranUnit] MARINE from BARRACKS at (144.5, 37.5)
2022-10-24 14:22:47.269 | 03:54   13ms   15M  296G  32/ 54U [GameAnalyzer] Income advantage is now SmallAdvantage
2022-10-24 14:22:47.313 | 03:54   15ms   45M  300G  32/ 54U [GameAnalyzer] Income advantage is now SlightAdvantage
2022-10-24 14:22:47.740 | 03:56   15ms  125M  312G  32/ 54U [GameAnalyzer] Income advantage is now SmallAdvantage
2022-10-24 14:22:47.808 | 03:56   14ms  125M  312G  32/ 54U [GameAnalyzer] Income advantage is now SlightAdvantage
2022-10-24 14:22:48.138 | 03:58   13ms  145M  320G  32/ 54U [GameAnalyzer] Income advantage is now SmallAdvantage
2022-10-24 14:22:48.185 | 03:58   16ms  145M  320G  32/ 54U [GameAnalyzer] Income advantage is now SlightAdvantage
2022-10-24 14:22:48.432 | 03:59   15ms  170M  328G  32/ 54U [GameAnalyzer] Income advantage is now SmallAdvantage
2022-10-24 14:22:48.464 | 03:59   15ms  170M  328G  32/ 54U [GameAnalyzer] Income advantage is now SlightAdvantage
2022-10-24 14:22:48.890 | 04:01   15ms  230M  336G  32/ 54U [GameAnalyzer] Income advantage is now SmallAdvantage
2022-10-24 14:22:48.892 | 04:01   15ms  180M  336G  32/ 54U [ActUnit] SCV from COMMANDCENTER at (147.5, 31.5)
2022-10-24 14:22:48.936 | 04:01   15ms  180M  336G  33/ 54U [GameAnalyzer] Income advantage is now SlightAdvantage
2022-10-24 14:22:48.938 | 04:01   15ms  130M  336G  33/ 54U [ActUnit] SCV from COMMANDCENTER at (147.5, 54.5)
2022-10-24 14:22:49.016 | 04:02   15ms  140M  344G  34/ 54U [GameAnalyzer] Income advantage is now SmallAdvantage
2022-10-24 14:22:49.059 | 04:02   15ms  140M  344G  34/ 54U [GameAnalyzer] Income advantage is now SlightAdvantage
2022-10-24 14:22:49.132 | 04:02   15ms  145M  344G  34/ 54U [GameAnalyzer] Income advantage is now SmallAdvantage
2022-10-24 14:22:49.284 | 04:03   14ms  170M  348G  34/ 54U [GameAnalyzer] Income advantage is now SlightAdvantage
2022-10-24 14:22:49.325 | 04:03   16ms  195M  348G  32/ 54U [GameAnalyzer] Known army advantage is now SlightAdvantage
2022-10-24 14:22:49.407 | 04:04   14ms  215M  352G  32/ 54U [GameAnalyzer] Income advantage is now SmallAdvantage
2022-10-24 14:22:49.551 | 04:04   40ms  220M  352G  32/ 54U [GameAnalyzer] Income advantage is now SlightAdvantage
2022-10-24 14:22:49.666 | 04:05   14ms  230M  356G  32/ 54U [GameAnalyzer] Income advantage is now SmallAdvantage
2022-10-24 14:22:49.795 | 04:05   14ms  230M  360G  32/ 54U [GameAnalyzer] Income advantage is now SlightAdvantage
2022-10-24 14:22:49.949 | 04:06   14ms  255M  364G  32/ 54U [GameAnalyzer] Income advantage is now SmallAdvantage
2022-10-24 14:22:49.985 | 04:06   17ms  255M  364G  32/ 54U [GameAnalyzer] Income advantage is now SlightAdvantage
2022-10-24 14:22:50.111 | 04:07   16ms  275M  368G  32/ 54U [GameAnalyzer] Income advantage is now SmallAdvantage
2022-10-24 14:22:50.319 | 04:08   15ms  275M  372G  32/ 54U [GameAnalyzer] Income advantage is now SlightAdvantage
2022-10-24 14:22:50.361 | 04:08   17ms  275M  376G  32/ 54U [GameAnalyzer] Income advantage is now SmallAdvantage
2022-10-24 14:22:50.362 | 04:08   17ms  275M  376G  32/ 54U [GameAnalyzer] Known army advantage is now SlightDisadvantage
2022-10-24 14:22:50.397 | 04:08   17ms  275M  376G  32/ 54U [GameAnalyzer] Income advantage is now SlightAdvantage
2022-10-24 14:22:50.440 | 04:08   16ms  310M  376G  32/ 54U [GameAnalyzer] Income advantage is now SmallAdvantage
2022-10-24 14:22:50.549 | 04:09   14ms  325M  376G  32/ 54U [BuildAddon] UnitTypeId.STARPORTTECHLAB to (142.0, 27.0)
2022-10-24 14:22:50.673 | 04:09   14ms  330M  355G  32/ 54U [GameAnalyzer] Income advantage is now SlightAdvantage
2022-10-24 14:22:50.763 | 04:10   15ms  330M  359G  32/ 54U [GameAnalyzer] Income advantage is now SmallAdvantage
2022-10-24 14:22:50.925 | 04:10   14ms  345M  359G  32/ 54U [GameAnalyzer] Income advantage is now SlightAdvantage
2022-10-24 14:22:50.962 | 04:10   17ms  380M  363G  32/ 54U [GameAnalyzer] Income advantage is now SmallAdvantage
2022-10-24 14:22:51.004 | 04:11   16ms  385M  363G  32/ 54U [GameAnalyzer] Income advantage is now SlightAdvantage
2022-10-24 14:22:51.043 | 04:11   16ms  390M  367G  32/ 54U [GameAnalyzer] Known army advantage is now Even
2022-10-24 14:22:51.045 | 04:11   16ms  340M  367G  32/ 54U [TerranUnit] MARINE from BARRACKS at (144.5, 37.5)
2022-10-24 14:22:51.085 | 04:11   18ms  350M  367G  33/ 54U [GameAnalyzer] Income advantage is now SmallAdvantage
2022-10-24 14:22:51.121 | 04:11   16ms  350M  367G  32/ 54U [GameAnalyzer] Known army advantage is now SlightDisadvantage
2022-10-24 14:22:51.179 | 04:11   16ms  350M  367G  32/ 54U [GameAnalyzer] Income advantage is now SlightAdvantage
2022-10-24 14:22:51.259 | 04:12   16ms  360M  367G  32/ 54U [GameAnalyzer] Income advantage is now SmallAdvantage
2022-10-24 14:22:51.536 | 04:13   14ms  370M  375G  30/ 54U [GameAnalyzer] Known army advantage is now SlightAdvantage
2022-10-24 14:22:51.653 | 04:13   13ms  335M  379G  30/ 54U [ActUnit] SCV from COMMANDCENTER at (147.5, 31.5)
2022-10-24 14:22:51.686 | 04:14   18ms  290M  383G  31/ 54U [ActUnit] SCV from COMMANDCENTER at (147.5, 54.5)
2022-10-24 14:22:51.841 | 04:14   14ms  290M  383G  32/ 54U [GameAnalyzer] Income advantage is now SlightAdvantage
2022-10-24 14:22:51.883 | 04:15   15ms  300M  383G  32/ 54U [GameAnalyzer] Income advantage is now SmallAdvantage
2022-10-24 14:22:51.885 | 04:15   15ms  300M  383G  32/ 54U [GameAnalyzer] Known army advantage is now Even
2022-10-24 14:22:52.207 | 04:16   14ms  385M  391G  30/ 54U [GameAnalyzer] Income advantage is now SlightAdvantage
2022-10-24 14:22:52.208 | 04:16   14ms  385M  391G  30/ 54U [GameAnalyzer] Known army advantage is now SlightDisadvantage
2022-10-24 14:22:52.253 | 04:16   17ms  385M  395G  30/ 54U [GameAnalyzer] Income advantage is now SmallAdvantage
2022-10-24 14:22:52.402 | 04:17   18ms  305M  399G  30/ 54U [TerranUnit] HELLION from FACTORY at (139.5, 35.5)
2022-10-24 14:22:52.436 | 04:17   15ms  205M  399G  32/ 54U [TerranUnit] HELLION from FACTORY at (139.5, 35.5)
2022-10-24 14:22:52.599 | 04:18   12ms  215M  407G  34/ 54U [GameAnalyzer] Known army advantage is now SlightAdvantage
2022-10-24 14:22:52.796 | 04:19   12ms  230M  407G  34/ 54U [GameAnalyzer] Income advantage is now SlightAdvantage
2022-10-24 14:22:52.828 | 04:19   14ms  235M  411G  34/ 54U [GameAnalyzer] Income advantage is now SmallAdvantage
2022-10-24 14:22:53.451 | 04:23   13ms  225M  431G  34/ 54U [TerranUnit] HELLION from FACTORY at (151.5, 37.5)
2022-10-24 14:22:53.588 | 04:23   14ms  170M  431G  36/ 54U [TerranUnit] HELLION from FACTORY at (151.5, 37.5)
2022-10-24 14:22:53.849 | 04:25   12ms  100M  439G  38/ 54U [GameAnalyzer] Income advantage is now SlightAdvantage
2022-10-24 14:22:53.884 | 04:25   14ms  105M  439G  38/ 54U [GameAnalyzer] Income advantage is now SmallAdvantage
2022-10-24 14:22:54.016 | 04:26   12ms   75M  447G  38/ 54U [ActUnit] SCV from COMMANDCENTER at (147.5, 31.5)
2022-10-24 14:22:54.052 | 04:26   14ms   35M  447G  39/ 54U [ActUnit] SCV from COMMANDCENTER at (147.5, 54.5)
2022-10-24 14:22:54.796 | 04:30   15ms  115M  467G  40/ 54U [Tech] Started BANSHEECLOAK
2022-10-24 14:22:55.103 | 04:31   14ms   74M  371G  40/ 54U [GameAnalyzer] Income advantage is now SlightAdvantage
2022-10-24 14:22:55.138 | 04:31   16ms   74M  375G  40/ 54U [GameAnalyzer] Income advantage is now SmallAdvantage
2022-10-24 14:22:55.876 | 04:35   16ms  127M  395G  40/ 54U [GameAnalyzer] Income advantage is now SlightAdvantage
2022-10-24 14:22:55.910 | 04:35   17ms  137M  395G  40/ 54U [GameAnalyzer] Income advantage is now SmallAdvantage
2022-10-24 14:22:55.999 | 04:35   16ms    1M  295G  40/ 54U [TerranUnit] BANSHEE from STARPORT at (139.5, 27.5)
2022-10-24 14:22:56.291 | 04:36   16ms    9M  303G  43/ 54U [GameAnalyzer] Income advantage is now SlightAdvantage
2022-10-24 14:22:56.328 | 04:36   17ms   39M  303G  43/ 54U [GameAnalyzer] Income advantage is now SmallAdvantage
2022-10-24 14:22:56.454 | 04:37   16ms   12M  307G  42/ 54U [TerranUnit] MARINE from BARRACKS at (144.5, 37.5)
2022-10-24 14:22:56.614 | 04:38   16ms    1M  311G  43/ 54U [ActUnit] SCV from COMMANDCENTER at (147.5, 31.5)
2022-10-24 14:22:56.846 | 04:39   16ms   10M  319G  43/ 54U [GameAnalyzer] Known army advantage is now SmallDisadvantage
2022-10-24 14:22:57.412 | 04:41   15ms   10M  331G  43/ 54U [ActUnit] SCV from COMMANDCENTER at (147.5, 54.5)
2022-10-24 14:22:58.019 | 04:44   16ms   90M  343G  44/ 54U [GameAnalyzer] Known army advantage is now SlightDisadvantage
2022-10-24 14:22:58.191 | 04:45   17ms  124M  351G  44/ 54U [GameAnalyzer] Known army advantage is now Even
2022-10-24 14:22:58.194 | 04:45   17ms   24M  351G  44/ 54U [TerranUnit] HELLION from FACTORY at (151.5, 37.5)
2022-10-24 14:22:59.479 | 04:50   16ms    0M  379G  46/ 54U [ActUnit] SCV from COMMANDCENTER at (147.5, 31.5)
2022-10-24 14:23:00.250 | 04:53   16ms   48M  399G  47/ 62U [ActUnit] SCV from COMMANDCENTER at (147.5, 54.5)
2022-10-24 14:23:00.561 | 04:54   17ms   67M  399G  48/ 62U [GameAnalyzer] Known army advantage is now SlightDisadvantage
2022-10-24 14:23:00.695 | 04:55   17ms   92M  407G  48/ 62U [GameAnalyzer] Known army advantage is now Even
2022-10-24 14:23:00.698 | 04:55   17ms   42M  407G  48/ 62U [TerranUnit] MARINE from BARRACKS at (144.5, 37.5)
2022-10-24 14:23:01.288 | 04:57   17ms    4M  415G  49/ 62U [TerranUnit] HELLION from FACTORY at (151.5, 37.5)
2022-10-24 14:23:01.545 | 04:58   16ms   29M  423G  51/ 62U [GameAnalyzer] Known army advantage is now SlightDisadvantage
2022-10-24 14:23:01.799 | 05:00   16ms   64M  431G  51/ 62U [GameAnalyzer] Known army advantage is now SmallAdvantage
2022-10-24 14:23:01.971 | 05:00   17ms    4M  431G  51/ 62U [TerranUnit] HELLION from FACTORY at (139.5, 35.5)
2022-10-24 14:23:02.462 | 05:02   18ms   19M  447G  53/ 62U [ActUnit] SCV from COMMANDCENTER at (147.5, 31.5)
2022-10-24 14:23:02.860 | 05:04   18ms   64M  455G  54/ 62U [GameAnalyzer] Income advantage is now SlightAdvantage
2022-10-24 14:23:03.009 | 05:05   19ms   84M  455G  54/ 62U [GameAnalyzer] Income advantage is now SmallAdvantage
2022-10-24 14:23:03.426 | 05:06   19ms   17M  463G  54/ 62U [GameAnalyzer] Predicted army advantage is now ClearDisadvantage
2022-10-24 14:23:03.636 | 05:07   18ms    1M  471G  54/ 62U [ActUnit] SCV from COMMANDCENTER at (147.5, 54.5)
2022-10-24 14:23:03.863 | 05:08   19ms   10M  471G  55/ 62U [GameAnalyzer] Income advantage is now SlightAdvantage
2022-10-24 14:23:03.908 | 05:08   19ms   30M  475G  55/ 62U [GameAnalyzer] Income advantage is now SmallAdvantage
2022-10-24 14:23:05.109 | 05:13   17ms   65M  503G  55/ 62U [GameAnalyzer] Income advantage is now SlightAdvantage
2022-10-24 14:23:05.111 | 05:13   17ms   65M  503G  55/ 62U [GameAnalyzer] Known army advantage is now ClearAdvantage
2022-10-24 14:23:05.113 | 05:13   17ms   15M  503G  55/ 62U [TerranUnit] MARINE from BARRACKS at (144.5, 37.5)
2022-10-24 14:23:05.161 | 05:13   21ms   24M  503G  56/ 62U [GameAnalyzer] Income advantage is now SmallAdvantage
2022-10-24 14:23:05.542 | 05:15   18ms   13M  511G  56/ 62U [ActUnit] SCV from COMMANDCENTER at (147.5, 31.5)
2022-10-24 14:23:05.683 | 05:15   19ms   22M  511G  57/ 70U [GameAnalyzer] Known army advantage is now SlightDisadvantage
2022-10-24 14:23:06.396 | 05:18   20ms  219M  527G  57/ 70U [GameAnalyzer] Known army advantage is now Even
2022-10-24 14:23:06.398 | 05:18   20ms  219M  527G  57/ 70U [GameAnalyzer] Predicted army advantage is now SlightDisadvantage
2022-10-24 14:23:06.400 | 05:18   20ms   69M  427G  57/ 70U [TerranUnit] BANSHEE from STARPORT at (139.5, 27.5)
2022-10-24 14:23:06.619 | 05:19   18ms   88M  435G  60/ 70U [GameAnalyzer] Known army advantage is now SlightAdvantage
2022-10-24 14:23:06.658 | 05:19   22ms   42M  435G  60/ 70U [ActUnit] SCV from COMMANDCENTER at (147.5, 54.5)
2022-10-24 14:23:08.604 | 05:27   22ms    8M  475G  61/ 70U [ActUnit] SCV from COMMANDCENTER at (147.5, 31.5)
2022-10-24 14:23:08.919 | 05:28   18ms   43M  483G  62/ 70U [TerranUnit] HELLION from FACTORY at (139.5, 35.5)
2022-10-24 14:23:09.207 | 05:29   17ms    3M  491G  64/ 70U [TerranUnit] HELLION from FACTORY at (151.5, 37.5)
2022-10-24 14:23:09.794 | 05:32   20ms    1M  507G  66/ 78U [ActUnit] SCV from COMMANDCENTER at (147.5, 54.5)
2022-10-24 14:23:10.150 | 05:33   18ms   50M  511G  67/ 78U [GameAnalyzer] Income advantage is now ClearAdvantage
2022-10-24 14:23:10.154 | 05:33   18ms    0M  511G  67/ 78U [TerranUnit] MARINE from BARRACKS at (144.5, 37.5)
2022-10-24 14:23:10.202 | 05:33   21ms    0M  515G  68/ 78U [GameAnalyzer] Income advantage is now SmallAdvantage
2022-10-24 14:23:10.331 | 05:34   19ms   20M  515G  68/ 78U [GameAnalyzer] Income advantage is now ClearAdvantage
2022-10-24 14:23:10.384 | 05:34   21ms   20M  515G  68/ 78U [GameAnalyzer] Income advantage is now SmallAdvantage
2022-10-24 14:23:10.650 | 05:35   21ms   65M  523G  68/ 78U [GameAnalyzer] Income advantage is now ClearAdvantage
2022-10-24 14:23:10.739 | 05:35   18ms   70M  523G  68/ 78U [GameAnalyzer] Income advantage is now SmallAdvantage
2022-10-24 14:23:10.778 | 05:36   22ms   75M  523G  68/ 78U [GameAnalyzer] Income advantage is now ClearAdvantage
2022-10-24 14:23:10.866 | 05:36   18ms   85M  527G  68/ 78U [GameAnalyzer] Income advantage is now SmallAdvantage
2022-10-24 14:23:11.000 | 05:36   19ms   10M  531G  68/ 78U [TerranUnit] HELLION from FACTORY at (139.5, 35.5)
2022-10-24 14:23:11.617 | 05:39   17ms   27M  543G  70/ 78U [ActUnit] SCV from COMMANDCENTER at (147.5, 31.5)
2022-10-24 14:23:11.835 | 05:40   19ms   36M  547G  71/ 78U [GameAnalyzer] Income advantage is now ClearAdvantage
2022-10-24 14:23:11.972 | 05:40   20ms   51M  551G  71/ 78U [GameAnalyzer] Income advantage is now SmallAdvantage
2022-10-24 14:23:12.190 | 05:41   19ms   95M  555G  71/ 78U [GameAnalyzer] Income advantage is now ClearAdvantage
2022-10-24 14:23:12.276 | 05:42   18ms   25M  555G  71/ 78U [GameAnalyzer] Income advantage is now SmallAdvantage
2022-10-24 14:23:12.705 | 05:43   18ms   75M  567G  71/ 78U [GameAnalyzer] Income advantage is now ClearAdvantage
2022-10-24 14:23:12.790 | 05:44   19ms   85M  571G  71/ 78U [GameAnalyzer] Income advantage is now SmallAdvantage
2022-10-24 14:23:12.841 | 05:44   20ms   35M  571G  71/ 78U [ActUnit] SCV from COMMANDCENTER at (147.5, 54.5)
2022-10-24 14:23:12.881 | 05:44   24ms   35M  571G  72/ 78U [GameAnalyzer] Income advantage is now ClearAdvantage
2022-10-24 14:23:12.971 | 05:45   19ms   44M  571G  72/ 78U [GameAnalyzer] Income advantage is now SmallAdvantage
2022-10-24 14:23:13.057 | 05:45   19ms   49M  575G  72/ 78U [GameAnalyzer] Income advantage is now ClearAdvantage
2022-10-24 14:23:13.153 | 05:45   20ms   53M  579G  72/ 78U [GameAnalyzer] Income advantage is now SmallAdvantage
2022-10-24 14:23:13.293 | 05:46   20ms  103M  579G  72/ 78U [GameAnalyzer] Income advantage is now ClearAdvantage
2022-10-24 14:23:13.296 | 05:46   20ms    3M  579G  72/ 78U [TerranUnit] HELLION from FACTORY at (151.5, 37.5)
2022-10-24 14:23:13.383 | 05:46   18ms    2M  583G  74/ 78U [GameAnalyzer] Income advantage is now SmallAdvantage
2022-10-24 14:23:13.609 | 05:47   18ms   16M  587G  74/ 78U [GameAnalyzer] Income advantage is now ClearAdvantage
2022-10-24 14:23:13.701 | 05:47   22ms   21M  587G  74/ 78U [GameAnalyzer] Income advantage is now SmallAdvantage
2022-10-24 14:23:13.837 | 05:48   20ms   45M  595G  74/ 78U [GameAnalyzer] Income advantage is now ClearAdvantage
2022-10-24 14:23:13.884 | 05:48   20ms   50M  595G  74/ 86U [GameAnalyzer] Income advantage is now SmallAdvantage
2022-10-24 14:23:13.934 | 05:48   20ms   80M  595G  74/ 86U [GameAnalyzer] Income advantage is now ClearAdvantage
2022-10-24 14:23:14.065 | 05:49   22ms   89M  595G  74/ 86U [GameAnalyzer] Income advantage is now SmallAdvantage
2022-10-24 14:23:14.114 | 05:49   21ms   89M  595G  74/ 86U [GameAnalyzer] Income advantage is now ClearAdvantage
2022-10-24 14:23:14.205 | 05:49   18ms   98M  599G  74/ 86U [GameAnalyzer] Income advantage is now SmallAdvantage
2022-10-24 14:23:14.245 | 05:50   22ms  103M  603G  74/ 86U [GameAnalyzer] Known army advantage is now SmallAdvantage
2022-10-24 14:23:14.249 | 05:50   22ms    3M  603G  74/ 86U [TerranUnit] HELLION from FACTORY at (139.5, 35.5)
2022-10-24 14:23:14.302 | 05:50   22ms   13M  603G  76/ 86U [GameAnalyzer] Income advantage is now ClearAdvantage
2022-10-24 14:23:14.343 | 05:50   21ms   13M  603G  76/ 86U [GameAnalyzer] Income advantage is now SmallAdvantage
2022-10-24 14:23:14.530 | 05:51   21ms   47M  607G  76/ 86U [GameAnalyzer] Income advantage is now ClearAdvantage
2022-10-24 14:23:14.625 | 05:51   20ms    7M  611G  76/ 86U [TerranUnit] MARINE from BARRACKS at (144.5, 37.5)
2022-10-24 14:23:14.824 | 05:52   22ms   16M  611G  77/ 86U [GameAnalyzer] Income advantage is now SmallAdvantage
2022-10-24 14:23:14.920 | 05:52   20ms   30M  615G  77/ 86U [GameAnalyzer] Income advantage is now ClearAdvantage
2022-10-24 14:23:15.103 | 05:53   21ms   50M  619G  77/ 86U [GameAnalyzer] Income advantage is now SmallAdvantage
2022-10-24 14:23:15.104 | 05:53   21ms    0M  619G  77/ 86U [ActUnit] SCV from COMMANDCENTER at (147.5, 31.5)
2022-10-24 14:23:15.194 | 05:53   20ms   10M  619G  78/ 86U [GameAnalyzer] Income advantage is now ClearAdvantage
2022-10-24 14:23:15.383 | 05:54   21ms   25M  627G  78/ 86U [GameAnalyzer] Income advantage is now SmallAdvantage
2022-10-24 14:23:15.428 | 05:54   22ms   25M  627G  78/ 86U [GameAnalyzer] Income advantage is now ClearAdvantage
2022-10-24 14:23:15.725 | 05:55   21ms   75M  631G  78/ 86U [GameAnalyzer] Income advantage is now SmallAdvantage
2022-10-24 14:23:15.818 | 05:55   22ms   90M  635G  78/ 86U [GameAnalyzer] Income advantage is now ClearAdvantage
2022-10-24 14:23:15.999 | 05:56   19ms   55M  635G  78/ 86U [ActUnit] SCV from COMMANDCENTER at (147.5, 54.5)
2022-10-24 14:23:16.047 | 05:56   21ms   60M  635G  79/ 86U [GameAnalyzer] Income advantage is now SmallAdvantage
2022-10-24 14:23:16.137 | 05:57   19ms   75M  639G  79/ 86U [GameAnalyzer] Income advantage is now ClearAdvantage
2022-10-24 14:23:16.322 | 05:57   20ms   90M  643G  79/ 86U [GameAnalyzer] Income advantage is now SmallAdvantage
2022-10-24 14:23:16.369 | 05:58   22ms   95M  643G  79/ 86U [GameAnalyzer] Income advantage is now ClearAdvantage
2022-10-24 14:23:16.420 | 05:58   22ms  105M  643G  79/ 86U [GameAnalyzer] Income advantage is now SmallAdvantage
2022-10-24 14:23:16.564 | 05:58   20ms   20M  651G  79/ 86U [GameAnalyzer] Income advantage is now ClearAdvantage
2022-10-24 14:23:16.661 | 05:59   22ms   35M  651G  79/ 86U [GameAnalyzer] Income advantage is now SmallAdvantage
2022-10-24 14:23:16.750 | 05:59   20ms   45M  651G  79/ 86U [GameAnalyzer] Income advantage is now ClearAdvantage
2022-10-24 14:23:16.797 | 05:59   24ms   55M  651G  79/ 86U [GameAnalyzer] Income advantage is now SmallAdvantage
2022-10-24 14:23:16.848 | 05:59   22ms   55M  651G  79/ 86U [GameAnalyzer] Income advantage is now ClearAdvantage
2022-10-24 14:23:17.158 | 06:01   19ms   80M  659G  79/ 86U [GameAnalyzer] Income advantage is now SmallAdvantage
2022-10-24 14:23:17.208 | 06:01   22ms   80M  659G  79/ 86U [GameAnalyzer] Income advantage is now ClearAdvantage
2022-10-24 14:23:17.209 | 06:01   22ms   80M  659G  79/ 86U [GameAnalyzer] Known army advantage is now ClearAdvantage
2022-10-24 14:23:17.210 | 06:01   22ms   80M  659G  79/ 86U [GameAnalyzer] Predicted army advantage is now Even
2022-10-24 14:23:17.388 | 06:01   19ms    0M  667G  79/ 86U [GameAnalyzer] Income advantage is now SmallAdvantage
2022-10-24 14:23:17.432 | 06:02   25ms   10M  667G  79/ 86U [GameAnalyzer] Income advantage is now ClearAdvantage
2022-10-24 14:23:17.617 | 06:02   21ms   25M  671G  79/ 86U [GameAnalyzer] Income advantage is now SmallAdvantage
2022-10-24 14:23:17.801 | 06:03   20ms   70M  675G  79/ 86U [GameAnalyzer] Income advantage is now ClearAdvantage
2022-10-24 14:23:17.939 | 06:04   20ms   75M  675G  79/ 86U [GameAnalyzer] Income advantage is now SmallAdvantage
2022-10-24 14:23:17.980 | 06:04   21ms   80M  679G  79/ 86U [GameAnalyzer] Income advantage is now ClearAdvantage
2022-10-24 14:23:18.034 | 06:04   23ms   80M  679G  79/ 86U [GameAnalyzer] Income advantage is now Even
2022-10-24 14:23:18.075 | 06:04   22ms   90M  683G  79/ 86U [GameAnalyzer] Income advantage is now SlightAdvantage
2022-10-24 14:23:18.262 | 06:05   21ms   95M  683G  79/ 86U [GameAnalyzer] Income advantage is now Even
2022-10-24 14:23:18.264 | 06:05   21ms   45M  683G  79/ 86U [ActUnit] SCV from COMMANDCENTER at (147.5, 31.5)
2022-10-24 14:23:18.320 | 06:05   24ms   10M  583G  80/ 86U [TerranUnit] BANSHEE from STARPORT at (139.5, 27.5)
2022-10-24 14:23:18.359 | 06:05   24ms   20M  583G  83/ 86U [GameAnalyzer] Income advantage is now SlightAdvantage
2022-10-24 14:23:18.737 | 06:07   23ms   50M  591G  83/ 86U [GameAnalyzer] Known army advantage is now SlightAdvantage
2022-10-24 14:23:18.738 | 06:07   23ms   50M  591G  83/ 86U [GameAnalyzer] Predicted army advantage is now SlightDisadvantage
2022-10-24 14:23:19.018 | 06:08   23ms   80M  599G  83/ 94U [GameAnalyzer] Income advantage is now Even
2022-10-24 14:23:19.117 | 06:08   23ms  105M  599G  83/ 94U [GameAnalyzer] Income advantage is now SmallAdvantage
2022-10-24 14:23:19.121 | 06:08   23ms    5M  599G  83/ 94U [TerranUnit] HELLION from FACTORY at (139.5, 35.5)
2022-10-24 14:23:19.273 | 06:09   21ms   15M  607G  85/ 94U [GameAnalyzer] Income advantage is now SlightAdvantage
2022-10-24 14:23:19.417 | 06:09   22ms   35M  607G  85/ 94U [GameAnalyzer] Income advantage is now SmallAdvantage
2022-10-24 14:23:19.567 | 06:10   22ms    5M  611G  85/ 94U [ActUnit] SCV from COMMANDCENTER at (147.5, 54.5)
2022-10-24 14:23:19.625 | 06:10   25ms    5M  611G  86/ 94U [GameAnalyzer] Income advantage is now SlightAdvantage
2022-10-24 14:23:19.683 | 06:10   25ms   15M  615G  86/ 94U [GameAnalyzer] Income advantage is now Even
2022-10-24 14:23:19.782 | 06:10   23ms   25M  615G  86/ 94U [GameAnalyzer] Income advantage is now SmallAdvantage
2022-10-24 14:23:19.841 | 06:11   24ms   30M  615G  86/ 94U [GameAnalyzer] Income advantage is now SlightAdvantage
2022-10-24 14:23:19.988 | 06:11   23ms    0M  615G  86/ 94U [TerranUnit] MARINE from BARRACKS at (144.5, 37.5)
2022-10-24 14:23:20.482 | 06:13   23ms   50M  627G  87/ 94U [GameAnalyzer] Income advantage is now SmallAdvantage
2022-10-24 14:23:20.540 | 06:13   25ms   60M  631G  87/ 94U [GameAnalyzer] Income advantage is now SlightAdvantage
2022-10-24 14:23:20.877 | 06:14   20ms  100M  635G  87/ 94U [GameAnalyzer] Income advantage is now SmallAdvantage
2022-10-24 14:23:20.939 | 06:15   23ms    5M  639G  87/ 94U [GameAnalyzer] Income advantage is now SlightAdvantage
2022-10-24 14:23:20.983 | 06:15   25ms   10M  639G  87/ 94U [GameAnalyzer] Income advantage is now Even
2022-10-24 14:23:21.035 | 06:15   22ms   15M  639G  87/ 94U [GameAnalyzer] Income advantage is now SlightAdvantage
2022-10-24 14:23:21.156 | 06:15   22ms   30M  639G  87/ 94U [GameAnalyzer] Income advantage is now SmallAdvantage
2022-10-24 14:23:21.209 | 06:15   49ms   30M  639G  87/ 94U [GameAnalyzer] Income advantage is now SlightAdvantage
2022-10-24 14:23:21.403 | 06:16   20ms   65M  647G  87/ 94U [GameAnalyzer] Income advantage is now SmallAdvantage
2022-10-24 14:23:21.511 | 06:16   21ms   65M  647G  87/ 94U [GameAnalyzer] Income advantage is now Even
2022-10-24 14:23:21.552 | 06:17   21ms   70M  647G  87/ 94U [GameAnalyzer] Income advantage is now SlightAdvantage
2022-10-24 14:23:21.647 | 06:17   20ms   85M  647G  87/ 94U [GameAnalyzer] Income advantage is now SmallAdvantage
2022-10-24 14:23:21.649 | 06:17   20ms   35M  647G  87/ 94U [ActUnit] SCV from COMMANDCENTER at (147.5, 31.5)
2022-10-24 14:23:21.702 | 06:17   23ms   35M  651G  88/ 94U [GameAnalyzer] Income advantage is now SlightAdvantage
2022-10-24 14:23:21.748 | 06:17   23ms   40M  655G  88/ 94U [GameAnalyzer] Income advantage is now SmallAdvantage
2022-10-24 14:23:21.810 | 06:18   22ms   40M  655G  88/ 94U [GameAnalyzer] Income advantage is now Even
2022-10-24 14:23:21.855 | 06:18   22ms   55M  655G  88/ 94U [GameAnalyzer] Income advantage is now SlightAdvantage
2022-10-24 14:23:22.049 | 06:18   22ms   80M  655G  88/ 94U [GameAnalyzer] Income advantage is now Even
2022-10-24 14:23:22.147 | 06:19   21ms  100M  659G  88/ 94U [GameAnalyzer] Income advantage is now SlightAdvantage
2022-10-24 14:23:22.151 | 06:19   21ms    0M  659G  88/ 94U [TerranUnit] HELLION from FACTORY at (139.5, 35.5)
2022-10-24 14:23:22.240 | 06:19   22ms   15M  663G  90/ 94U [GameAnalyzer] Income advantage is now SmallAdvantage
2022-10-24 14:23:22.337 | 06:20   22ms   20M  663G  90/ 94U [GameAnalyzer] Income advantage is now SlightAdvantage
2022-10-24 14:23:22.580 | 06:20   20ms   40M  671G  90/ 94U [GameAnalyzer] Income advantage is now SmallAdvantage
2022-10-24 14:23:22.627 | 06:21   23ms   45M  671G  90/ 94U [GameAnalyzer] Income advantage is now SlightAdvantage
2022-10-24 14:23:22.772 | 06:21   22ms   65M  671G  90/ 94U [GameAnalyzer] Income advantage is now SmallAdvantage
2022-10-24 14:23:22.829 | 06:21   26ms   65M  671G  90/ 94U [GameAnalyzer] Income advantage is now SlightAdvantage
2022-10-24 14:23:22.970 | 06:22   21ms   35M  679G  90/ 94U [ActUnit] SCV from COMMANDCENTER at (147.5, 54.5)
2022-10-24 14:23:23.118 | 06:22   20ms   55M  679G  91/ 94U [GameAnalyzer] Income advantage is now SmallAdvantage
2022-10-24 14:23:23.179 | 06:23   25ms   65M  679G  91/ 94U [GameAnalyzer] Income advantage is now SlightAdvantage
2022-10-24 14:23:23.270 | 06:23   21ms   80M  679G  91/ 94U [GameAnalyzer] Income advantage is now SmallAdvantage
2022-10-24 14:23:23.318 | 06:23   22ms   80M  683G  91/ 94U [GameAnalyzer] Income advantage is now SlightAdvantage
2022-10-24 14:23:23.467 | 06:24   21ms   95M  687G  91/102U [GameAnalyzer] Income advantage is now Even
2022-10-24 14:23:23.514 | 06:24   26ms  115M  687G  91/102U [GameAnalyzer] Income advantage is now SlightAdvantage
2022-10-24 14:23:23.518 | 06:24   26ms   15M  687G  91/102U [TerranUnit] HELLION from FACTORY at (151.5, 37.5)
2022-10-24 14:23:23.608 | 06:24   21ms   15M  687G  93/102U [GameAnalyzer] Income advantage is now SmallAdvantage
2022-10-24 14:23:23.661 | 06:24   25ms   15M  687G  93/102U [GameAnalyzer] Income advantage is now SlightAdvantage
2022-10-24 14:23:23.763 | 06:25   21ms   25M  691G  93/102U [GameAnalyzer] Income advantage is now Even
2022-10-24 14:23:23.805 | 06:25   24ms   30M  695G  93/102U [GameAnalyzer] Income advantage is now SlightAdvantage
2022-10-24 14:23:23.859 | 06:25   22ms   40M  695G  93/102U [GameAnalyzer] Income advantage is now SmallAdvantage
2022-10-24 14:23:23.956 | 06:25   23ms   45M  695G  93/102U [GameAnalyzer] Income advantage is now SlightAdvantage
2022-10-24 14:23:24.090 | 06:26   22ms   80M  699G  93/102U [GameAnalyzer] Income advantage is now SmallAdvantage
2022-10-24 14:23:24.150 | 06:26   22ms   80M  699G  93/102U [GameAnalyzer] Income advantage is now SlightAdvantage
2022-10-24 14:23:24.430 | 06:27   21ms    0M  703G  93/102U [GameAnalyzer] Income advantage is now SmallAdvantage
2022-10-24 14:23:24.526 | 06:28   23ms   10M  707G  93/102U [GameAnalyzer] Income advantage is now SlightAdvantage
2022-10-24 14:23:24.616 | 06:28   20ms   30M  711G  93/102U [GameAnalyzer] Income advantage is now SmallAdvantage
2022-10-24 14:23:24.658 | 06:28   23ms   30M  711G  93/102U [GameAnalyzer] Income advantage is now SlightAdvantage
2022-10-24 14:23:24.807 | 06:29   22ms   60M  711G  93/102U [GameAnalyzer] Income advantage is now SmallAdvantage
2022-10-24 14:23:24.907 | 06:29   20ms   70M  715G  93/102U [GameAnalyzer] Income advantage is now SlightAdvantage
2022-10-24 14:23:24.912 | 06:29   20ms   20M  715G  93/102U [TerranUnit] MARINE from BARRACKS at (144.5, 37.5)
2022-10-24 14:23:24.954 | 06:29   27ms   20M  719G  94/102U [GameAnalyzer] Income advantage is now SmallAdvantage
2022-10-24 14:23:25.057 | 06:30   22ms   25M  719G  94/102U [GameAnalyzer] Income advantage is now SlightAdvantage
2022-10-24 14:23:25.058 | 06:30   22ms   25M  719G  94/102U [GameAnalyzer] Known army advantage is now SmallAdvantage
2022-10-24 14:23:25.067 | 06:30   22ms   25M  719G  94/102U [PlanZoneAttack] Power 37.72 is larger than required attack power 31.20 -> attack!
2022-10-24 14:23:25.068 | 06:30   22ms   25M  719G  94/102U [PlanZoneAttack] Attack started at 37.72 power.
2022-10-24 14:23:25.172 | 06:30   25ms   40M  719G  94/102U [GameAnalyzer] Income advantage is now SmallAdvantage
2022-10-24 14:23:25.232 | 06:30   26ms   45M  719G  94/102U [GameAnalyzer] Income advantage is now SlightAdvantage
2022-10-24 14:23:25.296 | 06:30   28ms    0M  719G  94/102U [ActUnit] SCV from COMMANDCENTER at (147.5, 31.5)
2022-10-24 14:23:25.402 | 06:31   25ms   10M  723G  95/102U [GameAnalyzer] Income advantage is now SmallAdvantage
2022-10-24 14:23:25.461 | 06:31   28ms   20M  727G  95/102U [GameAnalyzer] Income advantage is now SlightAdvantage
2022-10-24 14:23:25.522 | 06:31   27ms   30M  727G  95/102U [GameAnalyzer] Income advantage is now SmallAdvantage
2022-10-24 14:23:25.640 | 06:31   27ms   30M  727G  95/102U [GameAnalyzer] Income advantage is now SlightAdvantage
2022-10-24 14:23:25.698 | 06:31   26ms   45M  727G  95/102U [GameAnalyzer] Income advantage is now SmallAdvantage
2022-10-24 14:23:25.764 | 06:32   26ms   50M  727G  95/102U [GameAnalyzer] Income advantage is now SlightAdvantage
2022-10-24 14:23:25.827 | 06:32   31ms   50M  731G  95/102U [GameAnalyzer] Income advantage is now SmallAdvantage
2022-10-24 14:23:26.001 | 06:32   27ms   65M  735G  95/102U [GameAnalyzer] Income advantage is now SlightAdvantage
2022-10-24 14:23:26.064 | 06:33   27ms   65M  735G  95/102U [GameAnalyzer] Income advantage is now Even
2022-10-24 14:23:26.122 | 06:33   28ms   85M  735G  95/102U [GameAnalyzer] Income advantage is now SlightAdvantage
2022-10-24 14:23:26.359 | 06:33   27ms    5M  739G  95/102U [TerranUnit] HELLION from FACTORY at (151.5, 37.5)
2022-10-24 14:23:26.418 | 06:34   27ms   20M  743G  97/102U [GameAnalyzer] Income advantage is now SmallAdvantage
2022-10-24 14:23:26.483 | 06:34   27ms   25M  743G  97/102U [GameAnalyzer] Income advantage is now SlightAdvantage
2022-10-24 14:23:26.541 | 06:34   29ms   30M  743G  97/102U [GameAnalyzer] Income advantage is now SmallAdvantage
2022-10-24 14:23:26.658 | 06:34   25ms   35M  743G  97/102U [GameAnalyzer] Income advantage is now SlightAdvantage
2022-10-24 14:23:26.722 | 06:35   30ms   40M  743G  97/102U [GameAnalyzer] Income advantage is now Even
2022-10-24 14:23:26.782 | 06:35   26ms   50M  743G  97/102U [GameAnalyzer] Income advantage is now SlightAdvantage
2022-10-24 14:23:26.783 | 06:35   26ms    0M  743G  97/102U [ActUnit] SCV from COMMANDCENTER at (147.5, 54.5)
2022-10-24 14:23:26.840 | 06:35   28ms   10M  747G  98/102U [GameAnalyzer] Income advantage is now SmallAdvantage
2022-10-24 14:23:27.013 | 06:35   25ms   20M  751G  98/102U [GameAnalyzer] Income advantage is now SlightAdvantage
2022-10-24 14:23:27.060 | 06:36   27ms   35M  751G  98/102U [GameAnalyzer] Income advantage is now SmallAdvantage
2022-10-24 14:23:27.121 | 06:36   26ms   45M  751G  98/102U [GameAnalyzer] Income advantage is now SlightAdvantage
2022-10-24 14:23:27.287 | 06:36   25ms   50M  755G  98/102U [GameAnalyzer] Income advantage is now SmallAdvantage
2022-10-24 14:23:27.356 | 06:36   27ms   55M  755G  98/102U [GameAnalyzer] Income advantage is now SlightAdvantage
2022-10-24 14:23:27.475 | 06:37   26ms   70M  759G  98/102U [GameAnalyzer] Income advantage is now Even
2022-10-24 14:23:27.531 | 06:37   27ms   75M  759G  98/102U [GameAnalyzer] Income advantage is now SlightAdvantage
2022-10-24 14:23:27.698 | 06:38   24ms  100M  759G  98/102U [GameAnalyzer] Income advantage is now SmallAdvantage
2022-10-24 14:23:27.702 | 06:38   24ms    0M  759G  98/102U [TerranUnit] HELLION from FACTORY at (139.5, 35.5)
2022-10-24 14:23:27.761 | 06:38   30ms    0M  763G 100/102U [GameAnalyzer] Income advantage is now SlightAdvantage
2022-10-24 14:23:27.881 | 06:38   25ms   10M  767G 100/102U [GameAnalyzer] Income advantage is now SmallAdvantage
2022-10-24 14:23:27.943 | 06:38   29ms   15M  767G 100/110U [GameAnalyzer] Income advantage is now SlightAdvantage
2022-10-24 14:23:28.119 | 06:39   27ms   45M  767G 100/110U [GameAnalyzer] Income advantage is now SmallAdvantage
2022-10-24 14:23:28.240 | 06:39   25ms   55M  771G 100/110U [GameAnalyzer] Income advantage is now SlightAdvantage
2022-10-24 14:23:28.305 | 06:39   28ms   60M  771G 100/110U [GameAnalyzer] Income advantage is now Even
2022-10-24 14:23:28.369 | 06:40   27ms   65M  775G 100/110U [GameAnalyzer] Income advantage is now SmallAdvantage
2022-10-24 14:23:28.736 | 06:41   27ms   95M  775G 100/110U [GameAnalyzer] Income advantage is now SlightAdvantage
2022-10-24 14:23:28.800 | 06:41   28ms  100M  779G 100/110U [GameAnalyzer] Income advantage is now SmallAdvantage
2022-10-24 14:23:28.804 | 06:41   28ms    0M  779G 100/110U [TerranUnit] HELLION from FACTORY at (139.5, 35.5)
2022-10-24 14:23:29.044 | 06:41   28ms   30M  783G 102/110U [GameAnalyzer] Income advantage is now SlightAdvantage
2022-10-24 14:23:29.167 | 06:42   28ms   40M  783G 102/110U [GameAnalyzer] Income advantage is now SmallAdvantage
2022-10-24 14:23:29.361 | 06:42   27ms    0M  787G 102/110U [ActUnit] SCV from COMMANDCENTER at (147.5, 31.5)
2022-10-24 14:23:29.613 | 06:43   29ms   20M  791G 103/110U [GameAnalyzer] Income advantage is now SlightAdvantage
2022-10-24 14:23:29.702 | 06:43   55ms   40M  791G 103/110U [GameAnalyzer] Income advantage is now SmallAdvantage
2022-10-24 14:23:29.767 | 06:43   29ms   45M  791G 103/110U [GameAnalyzer] Income advantage is now SlightAdvantage
2022-10-24 14:23:29.889 | 06:44   26ms   70M  795G 103/110U [GameAnalyzer] Income advantage is now SmallAdvantage
2022-10-24 14:23:30.009 | 06:44   28ms   75M  799G 103/110U [GameAnalyzer] Income advantage is now SlightAdvantage
2022-10-24 14:23:30.065 | 06:44   29ms   75M  799G 103/110U [GameAnalyzer] Income advantage is now SmallAdvantage
2022-10-24 14:23:30.369 | 06:45   29ms   95M  803G 103/110U [GameAnalyzer] Income advantage is now SlightAdvantage
2022-10-24 14:23:30.436 | 06:45   30ms  110M  807G 103/110U [GameAnalyzer] Income advantage is now SmallAdvantage
2022-10-24 14:23:30.497 | 06:46   29ms   20M  807G 103/110U [GameAnalyzer] Income advantage is now SlightAdvantage
2022-10-24 14:23:30.559 | 06:46   30ms   25M  807G 103/110U [GameAnalyzer] Income advantage is now SmallAdvantage
2022-10-24 14:23:30.800 | 06:46   27ms   45M  807G 103/110U [GameAnalyzer] Income advantage is now SlightAdvantage
2022-10-24 14:23:30.863 | 06:47   29ms   50M  811G 103/110U [GameAnalyzer] Income advantage is now SmallAdvantage
2022-10-24 14:23:30.928 | 06:47   31ms   10M  815G 103/110U [ActUnit] SCV from COMMANDCENTER at (147.5, 54.5)
2022-10-24 14:23:31.166 | 06:47   31ms   15M  815G 104/110U [GameAnalyzer] Income advantage is now SlightAdvantage
2022-10-24 14:23:31.388 | 06:48   31ms   50M  815G 102/110U [GameAnalyzer] Income advantage is now SmallAdvantage
2022-10-24 14:23:31.478 | 06:48   32ms   65M  819G 102/110U [GameAnalyzer] Known army advantage is now SlightAdvantage
2022-10-24 14:23:31.710 | 06:49   32ms   70M  823G 102/110U [GameAnalyzer] Income advantage is now SlightAdvantage
2022-10-24 14:23:31.874 | 06:49   34ms   90M  823G 102/118U [GameAnalyzer] Income advantage is now SmallAdvantage
2022-10-24 14:23:32.337 | 06:50   33ms  125M  831G 100/118U [GameAnalyzer] Income advantage is now SlightAdvantage
2022-10-24 14:23:32.422 | 06:50   33ms  135M  831G  98/118U [GameAnalyzer] Income advantage is now SmallAdvantage
2022-10-24 14:23:32.655 | 06:51   34ms    0M  731G  98/118U [TerranUnit] BANSHEE from STARPORT at (139.5, 27.5)
2022-10-24 14:23:33.211 | 06:52   31ms   40M  739G  97/118U [GameAnalyzer] Income advantage is now SlightAdvantage
2022-10-24 14:23:33.211 | 06:52   31ms   40M  739G  97/118U [GameAnalyzer] Known army advantage is now Even
2022-10-24 14:23:33.364 | 06:53   30ms   15M  743G  97/118U [TerranUnit] MARINE from BARRACKS at (144.5, 37.5)
2022-10-24 14:23:33.429 | 06:53   32ms   20M  747G  98/118U [GameAnalyzer] Income advantage is now SmallAdvantage
2022-10-24 14:23:33.682 | 06:53   30ms   40M  747G  96/118U [GameAnalyzer] Known army advantage is now SlightAdvantage
2022-10-24 14:23:33.827 | 06:54   28ms   45M  747G  96/118U [GameAnalyzer] Income advantage is now SlightAdvantage
2022-10-24 14:23:33.828 | 06:54   28ms   45M  747G  96/118U [GameAnalyzer] Known army advantage is now Even
2022-10-24 14:23:33.967 | 06:54   29ms   65M  751G  94/118U [GameAnalyzer] Income advantage is now SmallAdvantage
2022-10-24 14:23:34.180 | 06:55   30ms   25M  755G  94/118U [ActUnit] SCV from COMMANDCENTER at (147.5, 31.5)
2022-10-24 14:23:34.254 | 06:55   32ms   35M  755G  95/118U [GameAnalyzer] Income advantage is now SlightAdvantage
2022-10-24 14:23:34.403 | 06:55   31ms   45M  755G  93/118U [GameAnalyzer] Income advantage is now SmallAdvantage
2022-10-24 14:23:34.420 | 06:55   31ms   45M  755G  93/118U [PlanZoneAttack] Retreat started at 21.03 own local power against 26.84 enemy local power.
2022-10-24 14:23:34.667 | 06:56   28ms   65M  763G  91/118U [GameAnalyzer] Income advantage is now SlightAdvantage
2022-10-24 14:23:34.912 | 06:56   26ms  100M  763G  89/118U [GameAnalyzer] Income advantage is now SmallAdvantage
2022-10-24 14:23:34.913 | 06:56   26ms  100M  763G  89/118U [GameAnalyzer] Known army advantage is now SlightDisadvantage
2022-10-24 14:23:34.917 | 06:56   26ms    0M  763G  89/118U [TerranUnit] HELLION from FACTORY at (151.5, 37.5)
2022-10-24 14:23:35.040 | 06:57   25ms    5M  767G  91/118U [GameAnalyzer] Income advantage is now SlightAdvantage
2022-10-24 14:23:35.310 | 06:58   26ms   25M  771G  89/118U [GameAnalyzer] Income advantage is now SmallAdvantage
2022-10-24 14:23:35.373 | 06:58   26ms   30M  771G  89/118U [GameAnalyzer] Income advantage is now SlightAdvantage
2022-10-24 14:23:35.437 | 06:58   27ms   50M  771G  89/118U [GameAnalyzer] Income advantage is now SmallAdvantage
2022-10-24 14:23:35.501 | 06:58   28ms   55M  771G  89/118U [GameAnalyzer] Income advantage is now SlightAdvantage
2022-10-24 14:23:35.809 | 06:59   23ms   35M  779G  87/118U [ActUnit] SCV from COMMANDCENTER at (147.5, 54.5)
2022-10-24 14:23:35.992 | 07:00   24ms   50M  779G  88/118U [GameAnalyzer] Income advantage is now SmallAdvantage
2022-10-24 14:23:36.172 | 07:00   25ms   70M  783G  88/118U [GameAnalyzer] Income advantage is now SlightAdvantage
2022-10-24 14:23:36.401 | 07:01   26ms    0M  787G  88/118U [TerranUnit] HELLION from FACTORY at (151.5, 37.5)
2022-10-24 14:23:36.879 | 07:02   24ms   40M  795G  90/118U [GameAnalyzer] Known army advantage is now Even
2022-10-24 14:23:37.018 | 07:03   26ms   50M  795G  90/118U [GameAnalyzer] Income advantage is now Even
2022-10-24 14:23:37.078 | 07:03   27ms   70M  799G  90/118U [GameAnalyzer] Income advantage is now SlightAdvantage
2022-10-24 14:23:37.134 | 07:03   28ms   85M  799G  90/118U [GameAnalyzer] Income advantage is now SmallAdvantage
2022-10-24 14:23:37.202 | 07:03   27ms   85M  803G  90/118U [GameAnalyzer] Income advantage is now SlightAdvantage
2022-10-24 14:23:37.507 | 07:04   27ms    5M  803G  90/118U [TerranUnit] HELLION from FACTORY at (139.5, 35.5)
2022-10-24 14:23:38.346 | 07:07   25ms   40M  819G  90/118U [ActUnit] SCV from COMMANDCENTER at (147.5, 31.5)
2022-10-24 14:23:38.399 | 07:07   29ms   40M  819G  91/118U [GameAnalyzer] Income advantage is now SmallAdvantage
2022-10-24 14:23:38.517 | 07:07   26ms   60M  823G  91/118U [GameAnalyzer] Income advantage is now SlightAdvantage
2022-10-24 14:23:38.687 | 07:08   26ms   80M  827G  91/118U [GameAnalyzer] Income advantage is now SmallAdvantage
2022-10-24 14:23:38.753 | 07:08   25ms   85M  827G  91/118U [GameAnalyzer] Income advantage is now SlightAdvantage
2022-10-24 14:23:38.911 | 07:08   25ms    0M  827G  91/118U [TerranUnit] HELLION from FACTORY at (139.5, 35.5)
2022-10-24 14:23:39.022 | 07:09   25ms   10M  831G  93/118U [GameAnalyzer] Income advantage is now SmallAdvantage
2022-10-24 14:23:39.200 | 07:09   27ms   30M  835G  93/118U [GameAnalyzer] Income advantage is now SlightAdvantage
2022-10-24 14:23:39.368 | 07:10   26ms   55M  835G  93/118U [GameAnalyzer] Income advantage is now SmallAdvantage
2022-10-24 14:23:39.490 | 07:10   25ms   55M  839G  93/118U [GameAnalyzer] Income advantage is now SlightAdvantage
2022-10-24 14:23:39.602 | 07:11   25ms   75M  843G  93/118U [GameAnalyzer] Income advantage is now SmallAdvantage
2022-10-24 14:23:39.666 | 07:11   27ms   80M  843G  93/118U [GameAnalyzer] Income advantage is now SlightAdvantage
2022-10-24 14:23:39.724 | 07:11   29ms   85M  843G  93/126U [GameAnalyzer] Income advantage is now SmallAdvantage
2022-10-24 14:23:39.784 | 07:11   27ms   55M  843G  93/126U [ActUnit] SCV from COMMANDCENTER at (147.5, 54.5)
2022-10-24 14:23:39.906 | 07:11   27ms   55M  843G  94/126U [GameAnalyzer] Income advantage is now SlightAdvantage
2022-10-24 14:23:40.031 | 07:12   28ms   60M  847G  94/126U [GameAnalyzer] Income advantage is now SmallAdvantage
2022-10-24 14:23:40.093 | 07:12   29ms   65M  851G  94/126U [GameAnalyzer] Income advantage is now SlightAdvantage
2022-10-24 14:23:40.451 | 07:13   29ms  120M  855G  94/126U [GameAnalyzer] Income advantage is now SmallAdvantage
2022-10-24 14:23:40.513 | 07:13   29ms  130M  855G  94/126U [GameAnalyzer] Income advantage is now SlightAdvantage
2022-10-24 14:23:40.751 | 07:14   25ms  140M  859G  94/126U [GameAnalyzer] Income advantage is now SmallAdvantage
2022-10-24 14:23:40.925 | 07:15   25ms  140M  863G  94/126U [GameAnalyzer] Income advantage is now SlightAdvantage
2022-10-24 14:23:41.105 | 07:15   26ms  180M  867G  94/126U [GameAnalyzer] Income advantage is now SmallAdvantage
2022-10-24 14:23:41.177 | 07:15   29ms  195M  867G  94/126U [PlanZoneAttack] Retreat stopped.
2022-10-24 14:23:41.287 | 07:16   25ms  200M  867G  94/126U [GameAnalyzer] Income advantage is now SlightAdvantage
2022-10-24 14:23:41.464 | 07:16   26ms  210M  871G  94/126U [GameAnalyzer] Income advantage is now SmallAdvantage
2022-10-24 14:23:41.525 | 07:16   30ms  210M  875G  94/126U [GameAnalyzer] Income advantage is now SlightAdvantage
2022-10-24 14:23:41.638 | 07:17   25ms  215M  875G  94/126U [GameAnalyzer] Income advantage is now SmallAdvantage
2022-10-24 14:23:41.702 | 07:17   30ms  225M  875G  94/126U [GameAnalyzer] Income advantage is now SlightAdvantage
2022-10-24 14:23:41.896 | 07:17   30ms  265M  875G  94/126U [GameAnalyzer] Income advantage is now SmallAdvantage
2022-10-24 14:23:41.954 | 07:18   56ms  270M  879G  94/126U [GameAnalyzer] Income advantage is now SlightAdvantage
2022-10-24 14:23:42.080 | 07:18   30ms  180M  883G  94/126U [TerranUnit] HELLION from FACTORY at (151.5, 37.5)
2022-10-24 14:23:42.133 | 07:18   29ms  185M  883G  96/126U [GameAnalyzer] Income advantage is now SmallAdvantage
2022-10-24 14:23:42.254 | 07:18   27ms  185M  883G  96/126U [GameAnalyzer] Income advantage is now SlightAdvantage
2022-10-24 14:23:42.378 | 07:19   28ms  200M  883G  96/126U [GameAnalyzer] Income advantage is now SmallAdvantage
2022-10-24 14:23:42.380 | 07:19   28ms  150M  883G  96/126U [ActUnit] SCV from COMMANDCENTER at (147.5, 31.5)
2022-10-24 14:23:42.442 | 07:19   30ms  155M  887G  97/126U [GameAnalyzer] Income advantage is now SlightAdvantage
2022-10-24 14:23:42.758 | 07:20   26ms  200M  891G  97/126U [GameAnalyzer] Income advantage is now SmallAdvantage
2022-10-24 14:23:42.759 | 07:20   26ms  200M  891G  97/126U [GameAnalyzer] Predicted army advantage is now SmallDisadvantage
2022-10-24 14:23:43.010 | 07:21   28ms  210M  895G  97/126U [GameAnalyzer] Income advantage is now SlightAdvantage
2022-10-24 14:23:43.130 | 07:21   26ms  225M  899G  97/126U [GameAnalyzer] Income advantage is now SmallAdvantage
2022-10-24 14:23:43.384 | 07:22   27ms  250M  899G  97/126U [GameAnalyzer] Income advantage is now SlightAdvantage
2022-10-24 14:23:43.558 | 07:22   27ms  270M  907G  97/126U [GameAnalyzer] Income advantage is now SmallAdvantage
2022-10-24 14:23:43.559 | 07:22   27ms  270M  907G  97/126U [GameAnalyzer] Known army advantage is now SlightAdvantage
2022-10-24 14:23:43.562 | 07:22   27ms  170M  907G  97/126U [TerranUnit] HELLION from FACTORY at (151.5, 37.5)
2022-10-24 14:23:43.818 | 07:23   29ms  185M  907G  99/126U [GameAnalyzer] Income advantage is now SlightAdvantage
2022-10-24 14:23:43.945 | 07:23   27ms  205M  907G  99/126U [GameAnalyzer] Income advantage is now SmallAdvantage
2022-10-24 14:23:43.947 | 07:23   27ms  155M  907G  99/126U [ActUnit] SCV from COMMANDCENTER at (147.5, 54.5)
2022-10-24 14:23:44.084 | 07:24   27ms  170M  911G 100/126U [GameAnalyzer] Income advantage is now SlightAdvantage
2022-10-24 14:23:44.210 | 07:24   27ms  190M  915G 100/126U [GameAnalyzer] Income advantage is now SmallAdvantage
2022-10-24 14:23:44.339 | 07:24   29ms  195M  915G 100/126U [GameAnalyzer] Known army advantage is now Even
2022-10-24 14:23:44.489 | 07:25   31ms  200M  915G 100/126U [GameAnalyzer] Income advantage is now SlightAdvantage
2022-10-24 14:23:44.561 | 07:25   31ms  200M  919G 100/126U [GameAnalyzer] Income advantage is now Even
2022-10-24 14:23:44.629 | 07:25   28ms  210M  919G 100/126U [GameAnalyzer] Income advantage is now SlightAdvantage
2022-10-24 14:23:44.695 | 07:25   32ms  220M  923G 100/126U [GameAnalyzer] Income advantage is now SmallAdvantage
2022-10-24 14:23:44.759 | 07:25   29ms  240M  923G 100/126U [GameAnalyzer] Predicted army advantage is now SlightDisadvantage
2022-10-24 14:23:44.955 | 07:26   28ms  250M  923G 100/126U [GameAnalyzer] Income advantage is now SlightAdvantage
2022-10-24 14:23:44.960 | 07:26   28ms  150M  923G 100/126U [TerranUnit] HELLION from FACTORY at (139.5, 35.5)
2022-10-24 14:23:45.093 | 07:26   27ms  165M  927G 102/126U [GameAnalyzer] Income advantage is now SmallAdvantage
2022-10-24 14:23:45.095 | 07:26   27ms  165M  927G 102/126U [GameAnalyzer] Predicted army advantage is now SmallDisadvantage
2022-10-24 14:23:45.289 | 07:27   26ms  170M  931G  99/126U [GameAnalyzer] Income advantage is now SlightAdvantage
2022-10-24 14:23:45.463 | 07:27   26ms  195M  931G  99/126U [GameAnalyzer] Income advantage is now SmallAdvantage
2022-10-24 14:23:45.997 | 07:29   24ms  239M  938G  99/126U [GameAnalyzer] Income advantage is now Even
2022-10-24 14:23:46.078 | 07:29   27ms  249M  938G  99/126U [GameAnalyzer] Income advantage is now SlightAdvantage
2022-10-24 14:23:46.247 | 07:30   24ms  274M  942G  99/126U [GameAnalyzer] Income advantage is now SmallAdvantage
2022-10-24 14:23:46.386 | 07:30   24ms  283M  946G  99/126U [GameAnalyzer] Predicted army advantage is now SlightDisadvantage
2022-10-24 14:23:46.390 | 07:30   24ms  183M  946G  99/126U [TerranUnit] HELLION from FACTORY at (139.5, 35.5)
2022-10-24 14:23:46.458 | 07:30   28ms  183M  946G 101/126U [GameAnalyzer] Income advantage is now SlightAdvantage
2022-10-24 14:23:46.531 | 07:30   28ms  198M  946G 101/126U [GameAnalyzer] Income advantage is now SmallAdvantage
2022-10-24 14:23:46.844 | 07:31   26ms  162M  949G 101/126U [ActUnit] SCV from COMMANDCENTER at (147.5, 31.5)
2022-10-24 14:23:46.907 | 07:31   29ms  167M  953G 102/126U [GameAnalyzer] Income advantage is now SlightAdvantage
2022-10-24 14:23:46.976 | 07:31   28ms  172M  953G 102/126U [GameAnalyzer] Income advantage is now SmallAdvantage
2022-10-24 14:23:47.508 | 07:33   26ms  216M  960G 102/126U [GameAnalyzer] Income advantage is now SlightAdvantage
2022-10-24 14:23:47.751 | 07:33   26ms  240M  960G 102/126U [GameAnalyzer] Income advantage is now SmallAdvantage
2022-10-24 14:23:47.815 | 07:34   26ms  255M  960G 102/126U [GameAnalyzer] Known army advantage is now SlightAdvantage
2022-10-24 14:23:47.819 | 07:34   26ms  105M  860G 102/126U [TerranUnit] BANSHEE from STARPORT at (139.5, 27.5)
2022-10-24 14:23:48.487 | 07:35   25ms  109M  871G 105/126U [ActUnit] SCV from COMMANDCENTER at (147.5, 54.5)
2022-10-24 14:23:48.741 | 07:36   26ms  138M  874G 106/126U [GameAnalyzer] Income advantage is now SlightAdvantage
2022-10-24 14:23:48.875 | 07:36   25ms  148M  874G 106/126U [GameAnalyzer] Income advantage is now SmallAdvantage
2022-10-24 14:23:49.196 | 07:37   27ms  172M  881G 106/126U [GameAnalyzer] Income advantage is now SlightAdvantage
2022-10-24 14:23:49.361 | 07:38   28ms  197M  881G 106/126U [GameAnalyzer] Income advantage is now SmallAdvantage
2022-10-24 14:23:50.079 | 07:40   26ms  150M  892G 106/126U [TerranUnit] HELLION from FACTORY at (151.5, 37.5)
2022-10-24 14:23:51.381 | 07:43   27ms  209M  912G 108/126U [ActUnit] SCV from COMMANDCENTER at (147.5, 31.5)
2022-10-24 14:23:51.580 | 07:44   26ms  124M  912G 109/126U [GameAnalyzer] Income advantage is now SlightAdvantage
2022-10-24 14:23:51.584 | 07:44   26ms   24M  912G 109/126U [TerranUnit] HELLION from FACTORY at (151.5, 37.5)
2022-10-24 14:23:51.640 | 07:44   28ms   39M  912G 111/126U [GameAnalyzer] Income advantage is now SmallAdvantage
2022-10-24 14:23:53.059 | 07:47   26ms  151M  934G 111/126U [GameAnalyzer] Known army advantage is now SmallAdvantage
2022-10-24 14:23:53.126 | 07:48   27ms  116M  934G 111/126U [ActUnit] SCV from COMMANDCENTER at (147.5, 54.5)
2022-10-24 14:23:53.130 | 07:48   27ms   16M  934G 111/126U [TerranUnit] HELLION from FACTORY at (139.5, 35.5)
2022-10-24 14:23:54.528 | 07:51   25ms   42M  947G 114/126U [TerranUnit] HELLION from FACTORY at (139.5, 35.5)
2022-10-24 14:23:54.536 | 07:51   25ms   42M  947G 114/126U [PlanZoneAttack] Power 41.86 is larger than required attack power 33.90 -> attack!
2022-10-24 14:23:54.537 | 07:51   25ms   42M  947G 114/126U [PlanZoneAttack] Attack started at 41.86 power.
2022-10-24 14:23:55.491 | 07:54   29ms  112M  963G 116/126U [GameAnalyzer] Income advantage is now SlightAdvantage
2022-10-24 14:23:55.568 | 07:54   32ms  117M  963G 116/126U [GameAnalyzer] Income advantage is now SmallAdvantage
2022-10-24 14:23:56.173 | 07:55   29ms  137M  971G 116/126U [ActUnit] SCV from COMMANDCENTER at (147.5, 31.5)
2022-10-24 14:23:57.974 | 08:00   30ms   37M  995G 117/126U [ActUnit] SCV from COMMANDCENTER at (147.5, 54.5)
2022-10-24 14:23:58.572 | 08:01   30ms   32M 1003G 118/126U [TerranUnit] HELLION from FACTORY at (151.5, 37.5)
2022-10-24 14:23:58.901 | 08:02   32ms   32M 1007G 120/126U [GameAnalyzer] Income advantage is now SlightAdvantage
2022-10-24 14:23:58.986 | 08:02   33ms   37M 1011G 120/126U [GameAnalyzer] Income advantage is now SmallAdvantage
2022-10-24 14:23:59.893 | 08:04   31ms  217M 1019G 120/126U [GameAnalyzer] Income advantage is now SlightAdvantage
2022-10-24 14:24:00.034 | 08:04   31ms  232M 1019G 120/126U [GameAnalyzer] Income advantage is now SmallAdvantage
2022-10-24 14:24:00.288 | 08:05   34ms  247M 1023G 120/126U [GameAnalyzer] Income advantage is now SlightAdvantage
2022-10-24 14:24:00.367 | 08:05   35ms  257M 1027G 120/126U [GameAnalyzer] Income advantage is now SmallAdvantage
2022-10-24 14:24:00.372 | 08:05   35ms  157M 1027G 120/126U [TerranUnit] HELLION from FACTORY at (151.5, 37.5)
2022-10-24 14:24:00.607 | 08:06   38ms  187M 1027G 122/126U [GameAnalyzer] Income advantage is now Even
2022-10-24 14:24:01.368 | 08:07   32ms  192M 1035G 122/126U [ActUnit] SCV from COMMANDCENTER at (147.5, 31.5)
2022-10-24 14:24:02.164 | 08:09   34ms  167M 1043G 123/134U [TerranUnit] HELLION from FACTORY at (139.5, 35.5)
2022-10-24 14:24:03.135 | 08:11   33ms   42M 1059G 125/134U [GameAnalyzer] Predicted army advantage is now Even
2022-10-24 14:24:03.580 | 08:12   33ms  127M 1059G 125/134U [ActUnit] SCV from COMMANDCENTER at (147.5, 54.5)
2022-10-24 14:24:05.267 | 08:15   34ms  162M 1079G 126/134U [TerranUnit] HELLION from FACTORY at (139.5, 35.5)
2022-10-24 14:24:06.105 | 08:16   37ms   67M  987G 126/134U [TerranUnit] BANSHEE from STARPORT at (139.5, 27.5)
2022-10-24 14:24:06.903 | 08:18   38ms   72M  995G 128/134U [TerranUnit] MARINE from BARRACKS at (144.5, 37.5)
2022-10-24 14:24:07.634 | 08:19   39ms  117M  999G 128/134U [GameAnalyzer] Known army advantage is now SlightAdvantage
2022-10-24 14:24:07.859 | 08:20   40ms   77M 1003G 128/134U [ActUnit] SCV from COMMANDCENTER at (147.5, 31.5)
2022-10-24 14:24:07.967 | 08:20   38ms   77M 1007G 128/134U [GameAnalyzer] Income advantage is now SmallAdvantage
2022-10-24 14:24:07.969 | 08:20   38ms   77M 1007G 128/134U [GameAnalyzer] Predicted army advantage is now SlightDisadvantage
2022-10-24 14:24:08.433 | 08:21   37ms  117M 1007G 127/142U [GameAnalyzer] Income advantage is now SlightAdvantage
2022-10-24 14:24:08.528 | 08:21   38ms  122M 1007G 127/142U [GameAnalyzer] Income advantage is now SmallAdvantage
2022-10-24 14:24:08.836 | 08:21   36ms  137M 1015G 127/142U [GameAnalyzer] Predicted army advantage is now Even
2022-10-24 14:24:09.262 | 08:22   35ms  172M 1015G 126/142U [GameAnalyzer] Predicted army advantage is now SlightDisadvantage
2022-10-24 14:24:09.562 | 08:23   35ms  222M 1019G 125/142U [GameAnalyzer] Predicted army advantage is now Even
2022-10-24 14:24:09.644 | 08:23   39ms  222M 1023G 125/142U [GameAnalyzer] Income advantage is now SlightAdvantage
2022-10-24 14:24:09.645 | 08:23   39ms  222M 1023G 125/142U [GameAnalyzer] Predicted army advantage is now SlightDisadvantage
2022-10-24 14:24:09.728 | 08:23   39ms  232M 1023G 125/142U [GameAnalyzer] Income advantage is now SmallAdvantage
2022-10-24 14:24:10.038 | 08:23   35ms  232M 1023G 123/142U [GameAnalyzer] Income advantage is now SlightAdvantage
2022-10-24 14:24:10.137 | 08:24   37ms  242M 1023G 123/142U [GameAnalyzer] Income advantage is now SmallAdvantage
2022-10-24 14:24:10.334 | 08:24   34ms  207M 1027G 123/142U [ActUnit] SCV from COMMANDCENTER at (147.5, 54.5)
2022-10-24 14:24:10.810 | 08:25   37ms  157M 1031G 122/142U [TerranUnit] HELLION from FACTORY at (151.5, 37.5)
2022-10-24 14:24:11.714 | 08:26   35ms  207M 1039G 120/142U [GameAnalyzer] Known army advantage is now SmallAdvantage
2022-10-24 14:24:11.716 | 08:26   35ms  207M 1039G 120/142U [GameAnalyzer] Predicted army advantage is now Even
2022-10-24 14:24:12.390 | 08:28   33ms  177M 1047G 118/142U [TerranUnit] HELLION from FACTORY at (151.5, 37.5)
2022-10-24 14:24:13.890 | 08:30   34ms  187M 1063G 120/142U [TerranUnit] HELLION from FACTORY at (139.5, 35.5)
2022-10-24 14:24:14.537 | 08:32   33ms  242M 1071G 122/142U [GameAnalyzer] Known army advantage is now ClearAdvantage
2022-10-24 14:24:14.538 | 08:32   33ms  192M 1071G 122/142U [ActUnit] SCV from COMMANDCENTER at (147.5, 31.5)
2022-10-24 14:24:16.673 | 08:36   33ms  292M 1091G 121/150U [TerranUnit] MARINE from BARRACKS at (144.5, 37.5)
2022-10-24 14:24:16.821 | 08:36   34ms  252M 1095G 122/150U [ActUnit] SCV from COMMANDCENTER at (147.5, 54.5)
2022-10-24 14:24:17.010 | 08:36   35ms  167M 1095G 123/150U [TerranUnit] HELLION from FACTORY at (139.5, 35.5)
2022-10-24 14:24:17.164 | 08:37   33ms  177M 1095G 125/150U [GameAnalyzer] Known army advantage is now OverwhelmingAdvantage
2022-10-24 14:24:17.165 | 08:37   33ms  177M 1095G 125/150U [GameAnalyzer] Predicted army advantage is now SlightAdvantage
2022-10-24 14:24:19.845 | 08:42   35ms  417M 1127G 125/150U [GameAnalyzer] Predicted army advantage is now SmallAdvantage
2022-10-24 14:24:20.745 | 08:44   32ms  442M 1135G 125/150U [ActUnit] SCV from COMMANDCENTER at (147.5, 31.5)
2022-10-24 14:24:22.037 | 08:46   32ms  477M 1151G 126/150U [TerranUnit] HELLION from FACTORY at (151.5, 37.5)
2022-10-24 14:24:22.456 | 08:47   36ms  507M 1151G 128/150U [GameAnalyzer] Predicted army advantage is now OverwhelmingAdvantage
2022-10-24 14:24:23.069 | 08:48   38ms  502M 1159G 128/150U [ActUnit] SCV from COMMANDCENTER at (147.5, 54.5)
2022-10-24 14:24:23.542 | 08:49   37ms  427M 1167G 129/150U [TerranUnit] HELLION from FACTORY at (151.5, 37.5)
2022-10-24 14:24:24.627 | 08:51   38ms  497M 1175G 131/150U [GameAnalyzer] Income advantage is now SlightAdvantage
2022-10-24 14:24:24.924 | 08:52   37ms  532M 1175G 131/150U [GameAnalyzer] Income advantage is now SmallAdvantage
2022-10-24 14:24:25.018 | 08:52   37ms  442M 1179G 131/150U [TerranUnit] HELLION from FACTORY at (139.5, 35.5)
2022-10-24 14:24:25.288 | 08:52   35ms  377M 1183G 133/150U [GameAnalyzer] Predicted army advantage is now SmallAdvantage
2022-10-24 14:24:25.911 | 08:53   39ms  397M 1187G 133/150U [GameAnalyzer] Income advantage is now SlightAdvantage
2022-10-24 14:24:26.005 | 08:54   37ms  417M 1191G 133/150U [GameAnalyzer] Income advantage is now SmallAdvantage
2022-10-24 14:24:26.010 | 08:54   37ms  367M 1191G 133/150U [TerranUnit] MARINE from BARRACKS at (144.5, 37.5)
2022-10-24 14:24:27.009 | 08:55   38ms  412M 1199G 134/150U [GameAnalyzer] Income advantage is now SlightAdvantage
2022-10-24 14:24:27.115 | 08:56   38ms  422M 1199G 134/150U [GameAnalyzer] Income advantage is now SmallAdvantage
2022-10-24 14:24:27.328 | 08:56   37ms  397M 1199G 134/150U [ActUnit] SCV from COMMANDCENTER at (147.5, 31.5)
2022-10-24 14:24:28.256 | 08:58   37ms  452M 1207G 135/150U [GameAnalyzer] Income advantage is now SlightAdvantage
2022-10-24 14:24:28.356 | 08:58   39ms  467M 1211G 135/150U [GameAnalyzer] Income advantage is now SmallAdvantage
2022-10-24 14:24:28.460 | 08:58   37ms  382M 1211G 135/150U [TerranUnit] HELLION from FACTORY at (139.5, 35.5)
2022-10-24 14:24:29.331 | 08:59   35ms  292M 1119G 137/150U [TerranUnit] BANSHEE from STARPORT at (139.5, 27.5)
2022-10-24 14:24:29.920 | 09:00   37ms  327M 1123G 140/150U [GameAnalyzer] Income advantage is now SlightAdvantage
2022-10-24 14:24:29.921 | 09:00   37ms  277M 1123G 140/150U [ActUnit] SCV from COMMANDCENTER at (147.5, 54.5)
2022-10-24 14:24:30.008 | 09:01   40ms  287M 1127G 141/150U [GameAnalyzer] Income advantage is now SmallAdvantage
2022-10-24 14:24:30.094 | 09:01   42ms  187M 1127G 141/150U [GameAnalyzer] Income advantage is now SlightAdvantage
2022-10-24 14:24:30.203 | 09:01   39ms  102M 1131G 141/150U [GameAnalyzer] Income advantage is now SmallAdvantage
2022-10-24 14:24:30.422 | 09:01   39ms  102M 1131G 141/150U [GameAnalyzer] Income advantage is now SlightAdvantage
2022-10-24 14:24:30.746 | 09:02   41ms  127M 1131G 141/150U [GameAnalyzer] Income advantage is now SmallAdvantage
2022-10-24 14:24:31.747 | 09:04   37ms  167M 1143G 141/150U [GameAnalyzer] Income advantage is now SlightAdvantage
2022-10-24 14:24:31.946 | 09:04   38ms  187M 1147G 141/150U [GameAnalyzer] Income advantage is now SmallAdvantage
2022-10-24 14:24:32.930 | 09:06   37ms  352M 1155G 141/150U [GameAnalyzer] Income advantage is now SlightAdvantage
2022-10-24 14:24:33.044 | 09:06   38ms  367M 1155G 141/150U [GameAnalyzer] Income advantage is now SmallAdvantage
2022-10-24 14:24:34.064 | 09:08   37ms  312M 1163G 141/150U [TerranUnit] HELLION from FACTORY at (151.5, 37.5)
2022-10-24 14:24:34.223 | 09:08   37ms  282M 1167G 143/150U [ActUnit] SCV from COMMANDCENTER at (147.5, 31.5)
2022-10-24 14:24:34.401 | 09:08   36ms  297M 1171G 144/150U [GameAnalyzer] Income advantage is now ClearAdvantage
2022-10-24 14:24:35.387 | 09:10   37ms  347M 1179G 144/150U [GameAnalyzer] Income advantage is now OverwhelmingAdvantage
2022-10-24 14:24:35.601 | 09:11   40ms  357M 1179G 144/150U [GameAnalyzer] Income advantage is now ClearAdvantage
2022-10-24 14:24:35.607 | 09:11   40ms  257M 1179G 144/150U [TerranUnit] HELLION from FACTORY at (151.5, 37.5)
2022-10-24 14:24:36.175 | 09:11   50ms  227M 1187G 146/150U [TerranUnit] MARINE from BARRACKS at (144.5, 37.5)
2022-10-24 14:24:36.841 | 09:13   41ms  212M 1191G 147/150U [ActUnit] SCV from COMMANDCENTER at (147.5, 54.5)
2022-10-24 14:24:37.118 | 09:13   41ms  222M 1195G 148/150U [GameAnalyzer] Predicted army advantage is now ClearAdvantage
2022-10-24 14:24:37.229 | 09:13   41ms  152M 1195G 148/150U [TerranUnit] HELLION from FACTORY at (139.5, 35.5)
2022-10-24 14:24:40.158 | 09:18   37ms   97M 1223G 150/158U [GameAnalyzer] Income advantage is now OverwhelmingAdvantage
2022-10-24 14:24:40.418 | 09:19   37ms  207M 1227G 150/158U [GameAnalyzer] Income advantage is now ClearAdvantage
2022-10-24 14:24:40.518 | 09:19   40ms  212M 1227G 150/158U [GameAnalyzer] Income advantage is now OverwhelmingAdvantage
2022-10-24 14:24:40.628 | 09:19   39ms  217M 1227G 150/158U [GameAnalyzer] Income advantage is now ClearAdvantage
2022-10-24 14:24:40.737 | 09:19   42ms  222M 1227G 150/158U [GameAnalyzer] Income advantage is now OverwhelmingAdvantage
2022-10-24 14:24:40.739 | 09:19   42ms  222M 1227G 150/158U [GameAnalyzer] Predicted army advantage is now OverwhelmingAdvantage
2022-10-24 14:24:41.039 | 09:20   39ms  157M 1231G 150/158U [TerranUnit] HELLION from FACTORY at (139.5, 35.5)
2022-10-24 14:24:41.152 | 09:20   43ms  157M 1235G 152/158U [GameAnalyzer] Income advantage is now ClearAdvantage
2022-10-24 14:24:41.261 | 09:20   38ms  167M 1235G 152/158U [GameAnalyzer] Income advantage is now OverwhelmingAdvantage
2022-10-24 14:24:41.263 | 09:20   38ms  117M 1235G 152/158U [ActUnit] SCV from COMMANDCENTER at (147.5, 31.5)
2022-10-24 14:24:41.649 | 09:21   37ms  137M 1235G 153/158U [GameAnalyzer] Income advantage is now ClearAdvantage
2022-10-24 14:24:41.859 | 09:21   39ms  142M 1239G 153/158U [GameAnalyzer] Income advantage is now OverwhelmingAdvantage
2022-10-24 14:24:42.300 | 09:22   48ms  162M 1243G 153/158U [GameAnalyzer] Income advantage is now ClearAdvantage
2022-10-24 14:24:42.508 | 09:22   38ms  177M 1243G 153/158U [GameAnalyzer] Income advantage is now OverwhelmingAdvantage
2022-10-24 14:24:43.503 | 09:24   41ms  217M 1251G 153/158U [GameAnalyzer] Income advantage is now ClearAdvantage
2022-10-24 14:24:43.725 | 09:24   42ms  227M 1255G 153/158U [GameAnalyzer] Income advantage is now OverwhelmingAdvantage
2022-10-24 14:24:43.933 | 09:25   41ms  197M 1259G 153/158U [ActUnit] SCV from COMMANDCENTER at (147.5, 54.5)
2022-10-24 14:24:46.483 | 09:29   40ms  207M 1283G 154/166U [TerranUnit] HELLION from FACTORY at (151.5, 37.5)
2022-10-24 14:24:46.569 | 09:29   41ms  162M 1283G 156/166U [TerranUnit] MARINE from BARRACKS at (144.5, 37.5)
2022-10-24 14:24:47.986 | INFO     | sc2.protocol:_execute:72 - Client status changed to Status.ended (was Status.in_game)
2022-10-24 14:24:47.988 | Result: Defeat
2022-10-24 14:24:47.989 | Duration: 09:31
2022-10-24 14:24:47.989 | Step time min: 5
2022-10-24 14:24:47.990 | Step time avg: 20
2022-10-24 14:24:47.991 | Step time max: 122
2022-10-24 14:24:47.991 | [LostUnitsContents] My lost units minerals and gas: (3250, 100)
2022-10-24 14:24:47.992 | [LostUnitsContents] My lost units minerals by score: 3294.0
2022-10-24 14:24:47.993 | [LostUnitsContents] Enemy lost units minerals and gas: (7075, 1450)
2022-10-24 14:24:47.994 | [LostUnitsContents] Enemy lost units minerals by score: 7075.0
2022-10-24 14:24:47.995 | [GameAnalyzerEnd] Own units:
2022-10-24 14:24:47.995 | [GameAnalyzerEnd] SCV               total:  77 alive:  74 dead:   3 
2022-10-24 14:24:47.996 | [GameAnalyzerEnd] HELLION           total:  46 alive:  23 dead:  23 
2022-10-24 14:24:47.997 | [GameAnalyzerEnd] MARINE            total:  19 alive:   6 dead:  13 
2022-10-24 14:24:47.997 | [GameAnalyzerEnd] SUPPLYDEPOT       total:  18 alive:  18 dead:   0 
2022-10-24 14:24:48.001 | [GameAnalyzerEnd] BANSHEE           total:   6 alive:   5 dead:   1 
2022-10-24 14:24:48.002 | [GameAnalyzerEnd] REACTOR           total:   2 alive:   2 dead:   0 
2022-10-24 14:24:48.003 | [GameAnalyzerEnd] REFINERY          total:   2 alive:   2 dead:   0 
2022-10-24 14:24:48.003 | [GameAnalyzerEnd] FACTORY           total:   2 alive:   2 dead:   0 
2022-10-24 14:24:48.004 | [GameAnalyzerEnd] ORBITALCOMMAND    total:   2 alive:   2 dead:   0 
2022-10-24 14:24:48.005 | [GameAnalyzerEnd] TECHLAB           total:   1 alive:   1 dead:   0 
2022-10-24 14:24:48.005 | [GameAnalyzerEnd] BARRACKS          total:   1 alive:   1 dead:   0 
2022-10-24 14:24:48.006 | [GameAnalyzerEnd] STARPORT          total:   1 alive:   1 dead:   0 
2022-10-24 14:24:48.007 | [GameAnalyzerEnd] Enemy units:
2022-10-24 14:24:48.007 | [GameAnalyzerEnd] PROBE             total:  45 alive:  11 dead:  34 
2022-10-24 14:24:48.008 | [GameAnalyzerEnd] ADEPT             total:  14 alive:   0 dead:  14 
2022-10-24 14:24:48.008 | [GameAnalyzerEnd] ZEALOT            total:  10 alive:   0 dead:  10 
2022-10-24 14:24:48.009 | [GameAnalyzerEnd] STALKER           total:  10 alive:   0 dead:  10 
2022-10-24 14:24:48.010 | [GameAnalyzerEnd] PYLON             total:   9 alive:   8 dead:   1 
2022-10-24 14:24:48.010 | [GameAnalyzerEnd] SENTRY            total:   4 alive:   0 dead:   4 
2022-10-24 14:24:48.011 | [GameAnalyzerEnd] NEXUS             total:   3 alive:   1 dead:   2 
2022-10-24 14:24:48.011 | [GameAnalyzerEnd] ASSIMILATOR       total:   3 alive:   2 dead:   1 
2022-10-24 14:24:48.012 | [GameAnalyzerEnd] WARPGATE          total:   3 alive:   3 dead:   0 
2022-10-24 14:24:48.013 | [GameAnalyzerEnd] FORGE             total:   2 alive:   2 dead:   0 
2022-10-24 14:24:48.013 | [GameAnalyzerEnd] IMMORTAL          total:   2 alive:   0 dead:   2 
2022-10-24 14:24:48.017 | [GameAnalyzerEnd] GATEWAY           total:   1 alive:   1 dead:   0 
2022-10-24 14:24:48.018 | [GameAnalyzerEnd] CYBERNETICSCORE   total:   1 alive:   1 dead:   0 
2022-10-24 14:24:48.019 | [GameAnalyzerEnd] ROBOTICSFACILITY  total:   1 alive:   1 dead:   0 
2022-10-24 14:24:48.020 | [GameAnalyzerEnd] OBSERVER          total:   1 alive:   1 dead:   0 
2022-10-24 14:24:48.021 | [GameAnalyzerEnd] ROBOTICSBAY       total:   1 alive:   1 dead:   0 
2022-10-24 14:24:48.022 | [GameAnalyzerEnd] Minerals max 562 Average 125
2022-10-24 14:24:48.022 | [GameAnalyzerEnd] Vespene max 1291 Average 506
2022-10-24 14:24:48.023 | INFO     | sc2.main:_play_game:228 - Result for player 1 - Bot Turtles(Terran): Defeat
2022-10-24 14:24:49.245 | INFO     | sc2.protocol:__request:48 - Cannot receive: Game has already ended.
2022-10-24 14:24:49.247 | INFO     | sc2.sc2process:_close_connection:231 - Closing connection at 61798...
2022-10-24 14:24:49.248 | INFO     | sc2.sc2process:kill_all:33 - kill_switch: Process cleanup for 1 processes
